[2024-09-11T13:40:14.954+0000] {processor.py:186} INFO - Started process (PID=48) to work on /home/airflow/.local/lib/python3.12/site-packages/airflow/example_dags/example_latest_only.py
[2024-09-11T13:40:14.956+0000] {processor.py:914} INFO - Processing file /home/airflow/.local/lib/python3.12/site-packages/airflow/example_dags/example_latest_only.py for tasks to queue
[2024-09-11T13:40:14.962+0000] {logging_mixin.py:190} INFO - [2024-09-11T13:40:14.962+0000] {dagbag.py:587} INFO - Filling up the DagBag from /home/airflow/.local/lib/python3.12/site-packages/airflow/example_dags/example_latest_only.py
[2024-09-11T13:40:14.970+0000] {processor.py:925} INFO - DAG(s) 'latest_only' retrieved from /home/airflow/.local/lib/python3.12/site-packages/airflow/example_dags/example_latest_only.py
[2024-09-11T13:40:15.107+0000] {logging_mixin.py:190} INFO - [2024-09-11T13:40:15.106+0000] {override.py:1900} INFO - Created Permission View: can read on DAG:latest_only
[2024-09-11T13:40:15.118+0000] {logging_mixin.py:190} INFO - [2024-09-11T13:40:15.118+0000] {override.py:1900} INFO - Created Permission View: can delete on DAG:latest_only
[2024-09-11T13:40:15.130+0000] {logging_mixin.py:190} INFO - [2024-09-11T13:40:15.129+0000] {override.py:1900} INFO - Created Permission View: can edit on DAG:latest_only
[2024-09-11T13:40:15.139+0000] {logging_mixin.py:190} INFO - [2024-09-11T13:40:15.139+0000] {override.py:1900} INFO - Created Permission View: can read on DAG Run:latest_only
[2024-09-11T13:40:15.148+0000] {logging_mixin.py:190} INFO - [2024-09-11T13:40:15.148+0000] {override.py:1900} INFO - Created Permission View: can create on DAG Run:latest_only
[2024-09-11T13:40:15.155+0000] {logging_mixin.py:190} INFO - [2024-09-11T13:40:15.155+0000] {override.py:1900} INFO - Created Permission View: menu access on DAG Run:latest_only
[2024-09-11T13:40:15.161+0000] {logging_mixin.py:190} INFO - [2024-09-11T13:40:15.161+0000] {override.py:1900} INFO - Created Permission View: can delete on DAG Run:latest_only
[2024-09-11T13:40:15.163+0000] {logging_mixin.py:190} INFO - [2024-09-11T13:40:15.162+0000] {dag.py:3229} INFO - Sync 1 DAGs
[2024-09-11T13:40:15.191+0000] {logging_mixin.py:190} INFO - [2024-09-11T13:40:15.191+0000] {dag.py:3252} INFO - Creating ORM DAG for latest_only
[2024-09-11T13:40:15.204+0000] {logging_mixin.py:190} INFO - [2024-09-11T13:40:15.204+0000] {dag.py:4156} INFO - Setting next_dagrun for latest_only to 2024-09-11 08:00:00+00:00, run_after=2024-09-11 12:00:00+00:00
[2024-09-11T13:40:15.244+0000] {processor.py:208} INFO - Processing /home/airflow/.local/lib/python3.12/site-packages/airflow/example_dags/example_latest_only.py took 0.295 seconds
[2024-09-11T13:40:45.835+0000] {processor.py:186} INFO - Started process (PID=104) to work on /home/airflow/.local/lib/python3.12/site-packages/airflow/example_dags/example_latest_only.py
[2024-09-11T13:40:45.838+0000] {processor.py:914} INFO - Processing file /home/airflow/.local/lib/python3.12/site-packages/airflow/example_dags/example_latest_only.py for tasks to queue
[2024-09-11T13:40:45.842+0000] {logging_mixin.py:190} INFO - [2024-09-11T13:40:45.842+0000] {dagbag.py:587} INFO - Filling up the DagBag from /home/airflow/.local/lib/python3.12/site-packages/airflow/example_dags/example_latest_only.py
[2024-09-11T13:40:45.854+0000] {processor.py:925} INFO - DAG(s) 'latest_only' retrieved from /home/airflow/.local/lib/python3.12/site-packages/airflow/example_dags/example_latest_only.py
[2024-09-11T13:40:45.880+0000] {logging_mixin.py:190} INFO - [2024-09-11T13:40:45.880+0000] {dag.py:3229} INFO - Sync 1 DAGs
[2024-09-11T13:40:45.904+0000] {logging_mixin.py:190} INFO - [2024-09-11T13:40:45.904+0000] {dag.py:4156} INFO - Setting next_dagrun for latest_only to 2024-09-11 08:00:00+00:00, run_after=2024-09-11 12:00:00+00:00
[2024-09-11T13:40:45.929+0000] {processor.py:208} INFO - Processing /home/airflow/.local/lib/python3.12/site-packages/airflow/example_dags/example_latest_only.py took 0.105 seconds
[2024-09-11T13:41:16.906+0000] {processor.py:186} INFO - Started process (PID=160) to work on /home/airflow/.local/lib/python3.12/site-packages/airflow/example_dags/example_latest_only.py
[2024-09-11T13:41:16.907+0000] {processor.py:914} INFO - Processing file /home/airflow/.local/lib/python3.12/site-packages/airflow/example_dags/example_latest_only.py for tasks to queue
[2024-09-11T13:41:16.908+0000] {logging_mixin.py:190} INFO - [2024-09-11T13:41:16.908+0000] {dagbag.py:587} INFO - Filling up the DagBag from /home/airflow/.local/lib/python3.12/site-packages/airflow/example_dags/example_latest_only.py
[2024-09-11T13:41:16.913+0000] {processor.py:925} INFO - DAG(s) 'latest_only' retrieved from /home/airflow/.local/lib/python3.12/site-packages/airflow/example_dags/example_latest_only.py
[2024-09-11T13:41:16.926+0000] {logging_mixin.py:190} INFO - [2024-09-11T13:41:16.925+0000] {dag.py:3229} INFO - Sync 1 DAGs
[2024-09-11T13:41:16.939+0000] {logging_mixin.py:190} INFO - [2024-09-11T13:41:16.939+0000] {dag.py:4156} INFO - Setting next_dagrun for latest_only to 2024-09-11 08:00:00+00:00, run_after=2024-09-11 12:00:00+00:00
[2024-09-11T13:41:16.955+0000] {processor.py:208} INFO - Processing /home/airflow/.local/lib/python3.12/site-packages/airflow/example_dags/example_latest_only.py took 0.053 seconds
[2024-09-11T13:41:47.334+0000] {processor.py:186} INFO - Started process (PID=216) to work on /home/airflow/.local/lib/python3.12/site-packages/airflow/example_dags/example_latest_only.py
[2024-09-11T13:41:47.335+0000] {processor.py:914} INFO - Processing file /home/airflow/.local/lib/python3.12/site-packages/airflow/example_dags/example_latest_only.py for tasks to queue
[2024-09-11T13:41:47.339+0000] {logging_mixin.py:190} INFO - [2024-09-11T13:41:47.339+0000] {dagbag.py:587} INFO - Filling up the DagBag from /home/airflow/.local/lib/python3.12/site-packages/airflow/example_dags/example_latest_only.py
[2024-09-11T13:41:47.343+0000] {processor.py:925} INFO - DAG(s) 'latest_only' retrieved from /home/airflow/.local/lib/python3.12/site-packages/airflow/example_dags/example_latest_only.py
[2024-09-11T13:41:47.354+0000] {logging_mixin.py:190} INFO - [2024-09-11T13:41:47.353+0000] {dag.py:3229} INFO - Sync 1 DAGs
[2024-09-11T13:41:47.365+0000] {logging_mixin.py:190} INFO - [2024-09-11T13:41:47.365+0000] {dag.py:4156} INFO - Setting next_dagrun for latest_only to 2024-09-11 08:00:00+00:00, run_after=2024-09-11 12:00:00+00:00
[2024-09-11T13:41:47.373+0000] {processor.py:208} INFO - Processing /home/airflow/.local/lib/python3.12/site-packages/airflow/example_dags/example_latest_only.py took 0.043 seconds
[2024-09-11T13:42:17.820+0000] {processor.py:186} INFO - Started process (PID=272) to work on /home/airflow/.local/lib/python3.12/site-packages/airflow/example_dags/example_latest_only.py
[2024-09-11T13:42:17.820+0000] {processor.py:914} INFO - Processing file /home/airflow/.local/lib/python3.12/site-packages/airflow/example_dags/example_latest_only.py for tasks to queue
[2024-09-11T13:42:17.822+0000] {logging_mixin.py:190} INFO - [2024-09-11T13:42:17.821+0000] {dagbag.py:587} INFO - Filling up the DagBag from /home/airflow/.local/lib/python3.12/site-packages/airflow/example_dags/example_latest_only.py
[2024-09-11T13:42:17.825+0000] {processor.py:925} INFO - DAG(s) 'latest_only' retrieved from /home/airflow/.local/lib/python3.12/site-packages/airflow/example_dags/example_latest_only.py
[2024-09-11T13:42:17.835+0000] {logging_mixin.py:190} INFO - [2024-09-11T13:42:17.835+0000] {dag.py:3229} INFO - Sync 1 DAGs
[2024-09-11T13:42:17.845+0000] {logging_mixin.py:190} INFO - [2024-09-11T13:42:17.845+0000] {dag.py:4156} INFO - Setting next_dagrun for latest_only to 2024-09-11 08:00:00+00:00, run_after=2024-09-11 12:00:00+00:00
[2024-09-11T13:42:17.853+0000] {processor.py:208} INFO - Processing /home/airflow/.local/lib/python3.12/site-packages/airflow/example_dags/example_latest_only.py took 0.036 seconds
[2024-09-11T13:42:47.954+0000] {processor.py:186} INFO - Started process (PID=328) to work on /home/airflow/.local/lib/python3.12/site-packages/airflow/example_dags/example_latest_only.py
[2024-09-11T13:42:47.954+0000] {processor.py:914} INFO - Processing file /home/airflow/.local/lib/python3.12/site-packages/airflow/example_dags/example_latest_only.py for tasks to queue
[2024-09-11T13:42:47.956+0000] {logging_mixin.py:190} INFO - [2024-09-11T13:42:47.955+0000] {dagbag.py:587} INFO - Filling up the DagBag from /home/airflow/.local/lib/python3.12/site-packages/airflow/example_dags/example_latest_only.py
[2024-09-11T13:42:47.959+0000] {processor.py:925} INFO - DAG(s) 'latest_only' retrieved from /home/airflow/.local/lib/python3.12/site-packages/airflow/example_dags/example_latest_only.py
[2024-09-11T13:42:47.968+0000] {logging_mixin.py:190} INFO - [2024-09-11T13:42:47.968+0000] {dag.py:3229} INFO - Sync 1 DAGs
[2024-09-11T13:42:47.979+0000] {logging_mixin.py:190} INFO - [2024-09-11T13:42:47.979+0000] {dag.py:4156} INFO - Setting next_dagrun for latest_only to 2024-09-11 08:00:00+00:00, run_after=2024-09-11 12:00:00+00:00
[2024-09-11T13:42:47.987+0000] {processor.py:208} INFO - Processing /home/airflow/.local/lib/python3.12/site-packages/airflow/example_dags/example_latest_only.py took 0.037 seconds
[2024-09-11T13:43:18.284+0000] {processor.py:186} INFO - Started process (PID=384) to work on /home/airflow/.local/lib/python3.12/site-packages/airflow/example_dags/example_latest_only.py
[2024-09-11T13:43:18.284+0000] {processor.py:914} INFO - Processing file /home/airflow/.local/lib/python3.12/site-packages/airflow/example_dags/example_latest_only.py for tasks to queue
[2024-09-11T13:43:18.285+0000] {logging_mixin.py:190} INFO - [2024-09-11T13:43:18.285+0000] {dagbag.py:587} INFO - Filling up the DagBag from /home/airflow/.local/lib/python3.12/site-packages/airflow/example_dags/example_latest_only.py
[2024-09-11T13:43:18.289+0000] {processor.py:925} INFO - DAG(s) 'latest_only' retrieved from /home/airflow/.local/lib/python3.12/site-packages/airflow/example_dags/example_latest_only.py
[2024-09-11T13:43:18.299+0000] {logging_mixin.py:190} INFO - [2024-09-11T13:43:18.299+0000] {dag.py:3229} INFO - Sync 1 DAGs
[2024-09-11T13:43:18.309+0000] {logging_mixin.py:190} INFO - [2024-09-11T13:43:18.309+0000] {dag.py:4156} INFO - Setting next_dagrun for latest_only to 2024-09-11 08:00:00+00:00, run_after=2024-09-11 12:00:00+00:00
[2024-09-11T13:43:18.317+0000] {processor.py:208} INFO - Processing /home/airflow/.local/lib/python3.12/site-packages/airflow/example_dags/example_latest_only.py took 0.036 seconds
[2024-09-11T13:43:48.459+0000] {processor.py:186} INFO - Started process (PID=440) to work on /home/airflow/.local/lib/python3.12/site-packages/airflow/example_dags/example_latest_only.py
[2024-09-11T13:43:48.459+0000] {processor.py:914} INFO - Processing file /home/airflow/.local/lib/python3.12/site-packages/airflow/example_dags/example_latest_only.py for tasks to queue
[2024-09-11T13:43:48.461+0000] {logging_mixin.py:190} INFO - [2024-09-11T13:43:48.461+0000] {dagbag.py:587} INFO - Filling up the DagBag from /home/airflow/.local/lib/python3.12/site-packages/airflow/example_dags/example_latest_only.py
[2024-09-11T13:43:48.464+0000] {processor.py:925} INFO - DAG(s) 'latest_only' retrieved from /home/airflow/.local/lib/python3.12/site-packages/airflow/example_dags/example_latest_only.py
[2024-09-11T13:43:48.473+0000] {logging_mixin.py:190} INFO - [2024-09-11T13:43:48.473+0000] {dag.py:3229} INFO - Sync 1 DAGs
[2024-09-11T13:43:48.483+0000] {logging_mixin.py:190} INFO - [2024-09-11T13:43:48.483+0000] {dag.py:4156} INFO - Setting next_dagrun for latest_only to 2024-09-11 08:00:00+00:00, run_after=2024-09-11 12:00:00+00:00
[2024-09-11T13:43:48.491+0000] {processor.py:208} INFO - Processing /home/airflow/.local/lib/python3.12/site-packages/airflow/example_dags/example_latest_only.py took 0.034 seconds
[2024-09-11T13:44:18.723+0000] {processor.py:186} INFO - Started process (PID=496) to work on /home/airflow/.local/lib/python3.12/site-packages/airflow/example_dags/example_latest_only.py
[2024-09-11T13:44:18.723+0000] {processor.py:914} INFO - Processing file /home/airflow/.local/lib/python3.12/site-packages/airflow/example_dags/example_latest_only.py for tasks to queue
[2024-09-11T13:44:18.724+0000] {logging_mixin.py:190} INFO - [2024-09-11T13:44:18.724+0000] {dagbag.py:587} INFO - Filling up the DagBag from /home/airflow/.local/lib/python3.12/site-packages/airflow/example_dags/example_latest_only.py
[2024-09-11T13:44:18.728+0000] {processor.py:925} INFO - DAG(s) 'latest_only' retrieved from /home/airflow/.local/lib/python3.12/site-packages/airflow/example_dags/example_latest_only.py
[2024-09-11T13:44:18.737+0000] {logging_mixin.py:190} INFO - [2024-09-11T13:44:18.737+0000] {dag.py:3229} INFO - Sync 1 DAGs
[2024-09-11T13:44:18.747+0000] {logging_mixin.py:190} INFO - [2024-09-11T13:44:18.747+0000] {dag.py:4156} INFO - Setting next_dagrun for latest_only to 2024-09-11 08:00:00+00:00, run_after=2024-09-11 12:00:00+00:00
[2024-09-11T13:44:18.755+0000] {processor.py:208} INFO - Processing /home/airflow/.local/lib/python3.12/site-packages/airflow/example_dags/example_latest_only.py took 0.035 seconds
[2024-09-11T13:44:48.978+0000] {processor.py:186} INFO - Started process (PID=552) to work on /home/airflow/.local/lib/python3.12/site-packages/airflow/example_dags/example_latest_only.py
[2024-09-11T13:44:48.979+0000] {processor.py:914} INFO - Processing file /home/airflow/.local/lib/python3.12/site-packages/airflow/example_dags/example_latest_only.py for tasks to queue
[2024-09-11T13:44:48.980+0000] {logging_mixin.py:190} INFO - [2024-09-11T13:44:48.980+0000] {dagbag.py:587} INFO - Filling up the DagBag from /home/airflow/.local/lib/python3.12/site-packages/airflow/example_dags/example_latest_only.py
[2024-09-11T13:44:48.984+0000] {processor.py:925} INFO - DAG(s) 'latest_only' retrieved from /home/airflow/.local/lib/python3.12/site-packages/airflow/example_dags/example_latest_only.py
[2024-09-11T13:44:48.993+0000] {logging_mixin.py:190} INFO - [2024-09-11T13:44:48.993+0000] {dag.py:3229} INFO - Sync 1 DAGs
[2024-09-11T13:44:49.003+0000] {logging_mixin.py:190} INFO - [2024-09-11T13:44:49.003+0000] {dag.py:4156} INFO - Setting next_dagrun for latest_only to 2024-09-11 08:00:00+00:00, run_after=2024-09-11 12:00:00+00:00
[2024-09-11T13:44:49.010+0000] {processor.py:208} INFO - Processing /home/airflow/.local/lib/python3.12/site-packages/airflow/example_dags/example_latest_only.py took 0.035 seconds
[2024-09-11T13:45:19.268+0000] {processor.py:186} INFO - Started process (PID=608) to work on /home/airflow/.local/lib/python3.12/site-packages/airflow/example_dags/example_latest_only.py
[2024-09-11T13:45:19.269+0000] {processor.py:914} INFO - Processing file /home/airflow/.local/lib/python3.12/site-packages/airflow/example_dags/example_latest_only.py for tasks to queue
[2024-09-11T13:45:19.270+0000] {logging_mixin.py:190} INFO - [2024-09-11T13:45:19.270+0000] {dagbag.py:587} INFO - Filling up the DagBag from /home/airflow/.local/lib/python3.12/site-packages/airflow/example_dags/example_latest_only.py
[2024-09-11T13:45:19.274+0000] {processor.py:925} INFO - DAG(s) 'latest_only' retrieved from /home/airflow/.local/lib/python3.12/site-packages/airflow/example_dags/example_latest_only.py
[2024-09-11T13:45:19.284+0000] {logging_mixin.py:190} INFO - [2024-09-11T13:45:19.284+0000] {dag.py:3229} INFO - Sync 1 DAGs
[2024-09-11T13:45:19.297+0000] {logging_mixin.py:190} INFO - [2024-09-11T13:45:19.297+0000] {dag.py:4156} INFO - Setting next_dagrun for latest_only to 2024-09-11 08:00:00+00:00, run_after=2024-09-11 12:00:00+00:00
[2024-09-11T13:45:19.305+0000] {processor.py:208} INFO - Processing /home/airflow/.local/lib/python3.12/site-packages/airflow/example_dags/example_latest_only.py took 0.041 seconds
[2024-09-11T13:45:49.445+0000] {processor.py:186} INFO - Started process (PID=664) to work on /home/airflow/.local/lib/python3.12/site-packages/airflow/example_dags/example_latest_only.py
[2024-09-11T13:45:49.446+0000] {processor.py:914} INFO - Processing file /home/airflow/.local/lib/python3.12/site-packages/airflow/example_dags/example_latest_only.py for tasks to queue
[2024-09-11T13:45:49.448+0000] {logging_mixin.py:190} INFO - [2024-09-11T13:45:49.447+0000] {dagbag.py:587} INFO - Filling up the DagBag from /home/airflow/.local/lib/python3.12/site-packages/airflow/example_dags/example_latest_only.py
[2024-09-11T13:45:49.451+0000] {processor.py:925} INFO - DAG(s) 'latest_only' retrieved from /home/airflow/.local/lib/python3.12/site-packages/airflow/example_dags/example_latest_only.py
[2024-09-11T13:45:49.462+0000] {logging_mixin.py:190} INFO - [2024-09-11T13:45:49.462+0000] {dag.py:3229} INFO - Sync 1 DAGs
[2024-09-11T13:45:49.473+0000] {logging_mixin.py:190} INFO - [2024-09-11T13:45:49.473+0000] {dag.py:4156} INFO - Setting next_dagrun for latest_only to 2024-09-11 08:00:00+00:00, run_after=2024-09-11 12:00:00+00:00
[2024-09-11T13:45:49.481+0000] {processor.py:208} INFO - Processing /home/airflow/.local/lib/python3.12/site-packages/airflow/example_dags/example_latest_only.py took 0.039 seconds
[2024-09-11T13:46:19.590+0000] {processor.py:186} INFO - Started process (PID=720) to work on /home/airflow/.local/lib/python3.12/site-packages/airflow/example_dags/example_latest_only.py
[2024-09-11T13:46:19.591+0000] {processor.py:914} INFO - Processing file /home/airflow/.local/lib/python3.12/site-packages/airflow/example_dags/example_latest_only.py for tasks to queue
[2024-09-11T13:46:19.592+0000] {logging_mixin.py:190} INFO - [2024-09-11T13:46:19.592+0000] {dagbag.py:587} INFO - Filling up the DagBag from /home/airflow/.local/lib/python3.12/site-packages/airflow/example_dags/example_latest_only.py
[2024-09-11T13:46:19.596+0000] {processor.py:925} INFO - DAG(s) 'latest_only' retrieved from /home/airflow/.local/lib/python3.12/site-packages/airflow/example_dags/example_latest_only.py
[2024-09-11T13:46:19.606+0000] {logging_mixin.py:190} INFO - [2024-09-11T13:46:19.606+0000] {dag.py:3229} INFO - Sync 1 DAGs
[2024-09-11T13:46:19.618+0000] {logging_mixin.py:190} INFO - [2024-09-11T13:46:19.617+0000] {dag.py:4156} INFO - Setting next_dagrun for latest_only to 2024-09-11 08:00:00+00:00, run_after=2024-09-11 12:00:00+00:00
[2024-09-11T13:46:19.626+0000] {processor.py:208} INFO - Processing /home/airflow/.local/lib/python3.12/site-packages/airflow/example_dags/example_latest_only.py took 0.039 seconds
[2024-09-11T13:46:49.950+0000] {processor.py:186} INFO - Started process (PID=776) to work on /home/airflow/.local/lib/python3.12/site-packages/airflow/example_dags/example_latest_only.py
[2024-09-11T13:46:49.951+0000] {processor.py:914} INFO - Processing file /home/airflow/.local/lib/python3.12/site-packages/airflow/example_dags/example_latest_only.py for tasks to queue
[2024-09-11T13:46:49.952+0000] {logging_mixin.py:190} INFO - [2024-09-11T13:46:49.952+0000] {dagbag.py:587} INFO - Filling up the DagBag from /home/airflow/.local/lib/python3.12/site-packages/airflow/example_dags/example_latest_only.py
[2024-09-11T13:46:49.955+0000] {processor.py:925} INFO - DAG(s) 'latest_only' retrieved from /home/airflow/.local/lib/python3.12/site-packages/airflow/example_dags/example_latest_only.py
[2024-09-11T13:46:49.965+0000] {logging_mixin.py:190} INFO - [2024-09-11T13:46:49.965+0000] {dag.py:3229} INFO - Sync 1 DAGs
[2024-09-11T13:46:49.976+0000] {logging_mixin.py:190} INFO - [2024-09-11T13:46:49.975+0000] {dag.py:4156} INFO - Setting next_dagrun for latest_only to 2024-09-11 08:00:00+00:00, run_after=2024-09-11 12:00:00+00:00
[2024-09-11T13:46:49.983+0000] {processor.py:208} INFO - Processing /home/airflow/.local/lib/python3.12/site-packages/airflow/example_dags/example_latest_only.py took 0.036 seconds
[2024-09-11T13:47:20.123+0000] {processor.py:186} INFO - Started process (PID=832) to work on /home/airflow/.local/lib/python3.12/site-packages/airflow/example_dags/example_latest_only.py
[2024-09-11T13:47:20.124+0000] {processor.py:914} INFO - Processing file /home/airflow/.local/lib/python3.12/site-packages/airflow/example_dags/example_latest_only.py for tasks to queue
[2024-09-11T13:47:20.126+0000] {logging_mixin.py:190} INFO - [2024-09-11T13:47:20.125+0000] {dagbag.py:587} INFO - Filling up the DagBag from /home/airflow/.local/lib/python3.12/site-packages/airflow/example_dags/example_latest_only.py
[2024-09-11T13:47:20.129+0000] {processor.py:925} INFO - DAG(s) 'latest_only' retrieved from /home/airflow/.local/lib/python3.12/site-packages/airflow/example_dags/example_latest_only.py
[2024-09-11T13:47:20.139+0000] {logging_mixin.py:190} INFO - [2024-09-11T13:47:20.138+0000] {dag.py:3229} INFO - Sync 1 DAGs
[2024-09-11T13:47:20.149+0000] {logging_mixin.py:190} INFO - [2024-09-11T13:47:20.149+0000] {dag.py:4156} INFO - Setting next_dagrun for latest_only to 2024-09-11 08:00:00+00:00, run_after=2024-09-11 12:00:00+00:00
[2024-09-11T13:47:20.158+0000] {processor.py:208} INFO - Processing /home/airflow/.local/lib/python3.12/site-packages/airflow/example_dags/example_latest_only.py took 0.038 seconds
[2024-09-11T13:47:50.343+0000] {processor.py:186} INFO - Started process (PID=888) to work on /home/airflow/.local/lib/python3.12/site-packages/airflow/example_dags/example_latest_only.py
[2024-09-11T13:47:50.344+0000] {processor.py:914} INFO - Processing file /home/airflow/.local/lib/python3.12/site-packages/airflow/example_dags/example_latest_only.py for tasks to queue
[2024-09-11T13:47:50.345+0000] {logging_mixin.py:190} INFO - [2024-09-11T13:47:50.345+0000] {dagbag.py:587} INFO - Filling up the DagBag from /home/airflow/.local/lib/python3.12/site-packages/airflow/example_dags/example_latest_only.py
[2024-09-11T13:47:50.348+0000] {processor.py:925} INFO - DAG(s) 'latest_only' retrieved from /home/airflow/.local/lib/python3.12/site-packages/airflow/example_dags/example_latest_only.py
[2024-09-11T13:47:50.358+0000] {logging_mixin.py:190} INFO - [2024-09-11T13:47:50.358+0000] {dag.py:3229} INFO - Sync 1 DAGs
[2024-09-11T13:47:50.368+0000] {logging_mixin.py:190} INFO - [2024-09-11T13:47:50.367+0000] {dag.py:4156} INFO - Setting next_dagrun for latest_only to 2024-09-11 08:00:00+00:00, run_after=2024-09-11 12:00:00+00:00
[2024-09-11T13:47:50.375+0000] {processor.py:208} INFO - Processing /home/airflow/.local/lib/python3.12/site-packages/airflow/example_dags/example_latest_only.py took 0.035 seconds
[2024-09-11T13:48:20.509+0000] {processor.py:186} INFO - Started process (PID=944) to work on /home/airflow/.local/lib/python3.12/site-packages/airflow/example_dags/example_latest_only.py
[2024-09-11T13:48:20.509+0000] {processor.py:914} INFO - Processing file /home/airflow/.local/lib/python3.12/site-packages/airflow/example_dags/example_latest_only.py for tasks to queue
[2024-09-11T13:48:20.511+0000] {logging_mixin.py:190} INFO - [2024-09-11T13:48:20.511+0000] {dagbag.py:587} INFO - Filling up the DagBag from /home/airflow/.local/lib/python3.12/site-packages/airflow/example_dags/example_latest_only.py
[2024-09-11T13:48:20.514+0000] {processor.py:925} INFO - DAG(s) 'latest_only' retrieved from /home/airflow/.local/lib/python3.12/site-packages/airflow/example_dags/example_latest_only.py
[2024-09-11T13:48:20.525+0000] {logging_mixin.py:190} INFO - [2024-09-11T13:48:20.525+0000] {dag.py:3229} INFO - Sync 1 DAGs
[2024-09-11T13:48:20.536+0000] {logging_mixin.py:190} INFO - [2024-09-11T13:48:20.535+0000] {dag.py:4156} INFO - Setting next_dagrun for latest_only to 2024-09-11 08:00:00+00:00, run_after=2024-09-11 12:00:00+00:00
[2024-09-11T13:48:20.544+0000] {processor.py:208} INFO - Processing /home/airflow/.local/lib/python3.12/site-packages/airflow/example_dags/example_latest_only.py took 0.039 seconds
[2024-09-11T13:48:50.832+0000] {processor.py:186} INFO - Started process (PID=1000) to work on /home/airflow/.local/lib/python3.12/site-packages/airflow/example_dags/example_latest_only.py
[2024-09-11T13:48:50.832+0000] {processor.py:914} INFO - Processing file /home/airflow/.local/lib/python3.12/site-packages/airflow/example_dags/example_latest_only.py for tasks to queue
[2024-09-11T13:48:50.834+0000] {logging_mixin.py:190} INFO - [2024-09-11T13:48:50.834+0000] {dagbag.py:587} INFO - Filling up the DagBag from /home/airflow/.local/lib/python3.12/site-packages/airflow/example_dags/example_latest_only.py
[2024-09-11T13:48:50.838+0000] {processor.py:925} INFO - DAG(s) 'latest_only' retrieved from /home/airflow/.local/lib/python3.12/site-packages/airflow/example_dags/example_latest_only.py
[2024-09-11T13:48:50.848+0000] {logging_mixin.py:190} INFO - [2024-09-11T13:48:50.847+0000] {dag.py:3229} INFO - Sync 1 DAGs
[2024-09-11T13:48:50.859+0000] {logging_mixin.py:190} INFO - [2024-09-11T13:48:50.859+0000] {dag.py:4156} INFO - Setting next_dagrun for latest_only to 2024-09-11 08:00:00+00:00, run_after=2024-09-11 12:00:00+00:00
[2024-09-11T13:48:50.867+0000] {processor.py:208} INFO - Processing /home/airflow/.local/lib/python3.12/site-packages/airflow/example_dags/example_latest_only.py took 0.038 seconds
[2024-09-11T13:49:20.961+0000] {processor.py:186} INFO - Started process (PID=1056) to work on /home/airflow/.local/lib/python3.12/site-packages/airflow/example_dags/example_latest_only.py
[2024-09-11T13:49:20.961+0000] {processor.py:914} INFO - Processing file /home/airflow/.local/lib/python3.12/site-packages/airflow/example_dags/example_latest_only.py for tasks to queue
[2024-09-11T13:49:20.962+0000] {logging_mixin.py:190} INFO - [2024-09-11T13:49:20.962+0000] {dagbag.py:587} INFO - Filling up the DagBag from /home/airflow/.local/lib/python3.12/site-packages/airflow/example_dags/example_latest_only.py
[2024-09-11T13:49:20.966+0000] {processor.py:925} INFO - DAG(s) 'latest_only' retrieved from /home/airflow/.local/lib/python3.12/site-packages/airflow/example_dags/example_latest_only.py
[2024-09-11T13:49:20.975+0000] {logging_mixin.py:190} INFO - [2024-09-11T13:49:20.975+0000] {dag.py:3229} INFO - Sync 1 DAGs
[2024-09-11T13:49:20.985+0000] {logging_mixin.py:190} INFO - [2024-09-11T13:49:20.985+0000] {dag.py:4156} INFO - Setting next_dagrun for latest_only to 2024-09-11 08:00:00+00:00, run_after=2024-09-11 12:00:00+00:00
[2024-09-11T13:49:20.993+0000] {processor.py:208} INFO - Processing /home/airflow/.local/lib/python3.12/site-packages/airflow/example_dags/example_latest_only.py took 0.035 seconds
[2024-09-11T13:49:51.196+0000] {processor.py:186} INFO - Started process (PID=1112) to work on /home/airflow/.local/lib/python3.12/site-packages/airflow/example_dags/example_latest_only.py
[2024-09-11T13:49:51.197+0000] {processor.py:914} INFO - Processing file /home/airflow/.local/lib/python3.12/site-packages/airflow/example_dags/example_latest_only.py for tasks to queue
[2024-09-11T13:49:51.199+0000] {logging_mixin.py:190} INFO - [2024-09-11T13:49:51.198+0000] {dagbag.py:587} INFO - Filling up the DagBag from /home/airflow/.local/lib/python3.12/site-packages/airflow/example_dags/example_latest_only.py
[2024-09-11T13:49:51.202+0000] {processor.py:925} INFO - DAG(s) 'latest_only' retrieved from /home/airflow/.local/lib/python3.12/site-packages/airflow/example_dags/example_latest_only.py
[2024-09-11T13:49:51.212+0000] {logging_mixin.py:190} INFO - [2024-09-11T13:49:51.212+0000] {dag.py:3229} INFO - Sync 1 DAGs
[2024-09-11T13:49:51.224+0000] {logging_mixin.py:190} INFO - [2024-09-11T13:49:51.224+0000] {dag.py:4156} INFO - Setting next_dagrun for latest_only to 2024-09-11 08:00:00+00:00, run_after=2024-09-11 12:00:00+00:00
[2024-09-11T13:49:51.233+0000] {processor.py:208} INFO - Processing /home/airflow/.local/lib/python3.12/site-packages/airflow/example_dags/example_latest_only.py took 0.040 seconds
[2024-09-11T13:50:21.564+0000] {processor.py:186} INFO - Started process (PID=1168) to work on /home/airflow/.local/lib/python3.12/site-packages/airflow/example_dags/example_latest_only.py
[2024-09-11T13:50:21.564+0000] {processor.py:914} INFO - Processing file /home/airflow/.local/lib/python3.12/site-packages/airflow/example_dags/example_latest_only.py for tasks to queue
[2024-09-11T13:50:21.566+0000] {logging_mixin.py:190} INFO - [2024-09-11T13:50:21.566+0000] {dagbag.py:587} INFO - Filling up the DagBag from /home/airflow/.local/lib/python3.12/site-packages/airflow/example_dags/example_latest_only.py
[2024-09-11T13:50:21.569+0000] {processor.py:925} INFO - DAG(s) 'latest_only' retrieved from /home/airflow/.local/lib/python3.12/site-packages/airflow/example_dags/example_latest_only.py
[2024-09-11T13:50:21.579+0000] {logging_mixin.py:190} INFO - [2024-09-11T13:50:21.578+0000] {dag.py:3229} INFO - Sync 1 DAGs
[2024-09-11T13:50:21.588+0000] {logging_mixin.py:190} INFO - [2024-09-11T13:50:21.588+0000] {dag.py:4156} INFO - Setting next_dagrun for latest_only to 2024-09-11 08:00:00+00:00, run_after=2024-09-11 12:00:00+00:00
[2024-09-11T13:50:21.596+0000] {processor.py:208} INFO - Processing /home/airflow/.local/lib/python3.12/site-packages/airflow/example_dags/example_latest_only.py took 0.035 seconds
[2024-09-11T13:50:51.858+0000] {processor.py:186} INFO - Started process (PID=1224) to work on /home/airflow/.local/lib/python3.12/site-packages/airflow/example_dags/example_latest_only.py
[2024-09-11T13:50:51.859+0000] {processor.py:914} INFO - Processing file /home/airflow/.local/lib/python3.12/site-packages/airflow/example_dags/example_latest_only.py for tasks to queue
[2024-09-11T13:50:51.860+0000] {logging_mixin.py:190} INFO - [2024-09-11T13:50:51.860+0000] {dagbag.py:587} INFO - Filling up the DagBag from /home/airflow/.local/lib/python3.12/site-packages/airflow/example_dags/example_latest_only.py
[2024-09-11T13:50:51.863+0000] {processor.py:925} INFO - DAG(s) 'latest_only' retrieved from /home/airflow/.local/lib/python3.12/site-packages/airflow/example_dags/example_latest_only.py
[2024-09-11T13:50:51.873+0000] {logging_mixin.py:190} INFO - [2024-09-11T13:50:51.873+0000] {dag.py:3229} INFO - Sync 1 DAGs
[2024-09-11T13:50:51.883+0000] {logging_mixin.py:190} INFO - [2024-09-11T13:50:51.883+0000] {dag.py:4156} INFO - Setting next_dagrun for latest_only to 2024-09-11 08:00:00+00:00, run_after=2024-09-11 12:00:00+00:00
[2024-09-11T13:50:51.890+0000] {processor.py:208} INFO - Processing /home/airflow/.local/lib/python3.12/site-packages/airflow/example_dags/example_latest_only.py took 0.035 seconds
[2024-09-11T13:51:21.979+0000] {processor.py:186} INFO - Started process (PID=1280) to work on /home/airflow/.local/lib/python3.12/site-packages/airflow/example_dags/example_latest_only.py
[2024-09-11T13:51:21.980+0000] {processor.py:914} INFO - Processing file /home/airflow/.local/lib/python3.12/site-packages/airflow/example_dags/example_latest_only.py for tasks to queue
[2024-09-11T13:51:21.981+0000] {logging_mixin.py:190} INFO - [2024-09-11T13:51:21.981+0000] {dagbag.py:587} INFO - Filling up the DagBag from /home/airflow/.local/lib/python3.12/site-packages/airflow/example_dags/example_latest_only.py
[2024-09-11T13:51:21.984+0000] {processor.py:925} INFO - DAG(s) 'latest_only' retrieved from /home/airflow/.local/lib/python3.12/site-packages/airflow/example_dags/example_latest_only.py
[2024-09-11T13:51:21.994+0000] {logging_mixin.py:190} INFO - [2024-09-11T13:51:21.994+0000] {dag.py:3229} INFO - Sync 1 DAGs
[2024-09-11T13:51:22.004+0000] {logging_mixin.py:190} INFO - [2024-09-11T13:51:22.004+0000] {dag.py:4156} INFO - Setting next_dagrun for latest_only to 2024-09-11 08:00:00+00:00, run_after=2024-09-11 12:00:00+00:00
[2024-09-11T13:51:22.011+0000] {processor.py:208} INFO - Processing /home/airflow/.local/lib/python3.12/site-packages/airflow/example_dags/example_latest_only.py took 0.035 seconds
[2024-09-11T13:51:52.264+0000] {processor.py:186} INFO - Started process (PID=1336) to work on /home/airflow/.local/lib/python3.12/site-packages/airflow/example_dags/example_latest_only.py
[2024-09-11T13:51:52.264+0000] {processor.py:914} INFO - Processing file /home/airflow/.local/lib/python3.12/site-packages/airflow/example_dags/example_latest_only.py for tasks to queue
[2024-09-11T13:51:52.266+0000] {logging_mixin.py:190} INFO - [2024-09-11T13:51:52.265+0000] {dagbag.py:587} INFO - Filling up the DagBag from /home/airflow/.local/lib/python3.12/site-packages/airflow/example_dags/example_latest_only.py
[2024-09-11T13:51:52.269+0000] {processor.py:925} INFO - DAG(s) 'latest_only' retrieved from /home/airflow/.local/lib/python3.12/site-packages/airflow/example_dags/example_latest_only.py
[2024-09-11T13:51:52.279+0000] {logging_mixin.py:190} INFO - [2024-09-11T13:51:52.279+0000] {dag.py:3229} INFO - Sync 1 DAGs
[2024-09-11T13:51:52.290+0000] {logging_mixin.py:190} INFO - [2024-09-11T13:51:52.290+0000] {dag.py:4156} INFO - Setting next_dagrun for latest_only to 2024-09-11 08:00:00+00:00, run_after=2024-09-11 12:00:00+00:00
[2024-09-11T13:51:52.298+0000] {processor.py:208} INFO - Processing /home/airflow/.local/lib/python3.12/site-packages/airflow/example_dags/example_latest_only.py took 0.038 seconds
[2024-09-11T13:52:22.484+0000] {processor.py:186} INFO - Started process (PID=1392) to work on /home/airflow/.local/lib/python3.12/site-packages/airflow/example_dags/example_latest_only.py
[2024-09-11T13:52:22.487+0000] {processor.py:914} INFO - Processing file /home/airflow/.local/lib/python3.12/site-packages/airflow/example_dags/example_latest_only.py for tasks to queue
[2024-09-11T13:52:22.488+0000] {logging_mixin.py:190} INFO - [2024-09-11T13:52:22.488+0000] {dagbag.py:587} INFO - Filling up the DagBag from /home/airflow/.local/lib/python3.12/site-packages/airflow/example_dags/example_latest_only.py
[2024-09-11T13:52:22.492+0000] {processor.py:925} INFO - DAG(s) 'latest_only' retrieved from /home/airflow/.local/lib/python3.12/site-packages/airflow/example_dags/example_latest_only.py
[2024-09-11T13:52:22.502+0000] {logging_mixin.py:190} INFO - [2024-09-11T13:52:22.502+0000] {dag.py:3229} INFO - Sync 1 DAGs
[2024-09-11T13:52:22.513+0000] {logging_mixin.py:190} INFO - [2024-09-11T13:52:22.513+0000] {dag.py:4156} INFO - Setting next_dagrun for latest_only to 2024-09-11 08:00:00+00:00, run_after=2024-09-11 12:00:00+00:00
[2024-09-11T13:52:22.521+0000] {processor.py:208} INFO - Processing /home/airflow/.local/lib/python3.12/site-packages/airflow/example_dags/example_latest_only.py took 0.041 seconds
[2024-09-11T13:52:53.238+0000] {processor.py:186} INFO - Started process (PID=1448) to work on /home/airflow/.local/lib/python3.12/site-packages/airflow/example_dags/example_latest_only.py
[2024-09-11T13:52:53.238+0000] {processor.py:914} INFO - Processing file /home/airflow/.local/lib/python3.12/site-packages/airflow/example_dags/example_latest_only.py for tasks to queue
[2024-09-11T13:52:53.240+0000] {logging_mixin.py:190} INFO - [2024-09-11T13:52:53.240+0000] {dagbag.py:587} INFO - Filling up the DagBag from /home/airflow/.local/lib/python3.12/site-packages/airflow/example_dags/example_latest_only.py
[2024-09-11T13:52:53.244+0000] {processor.py:925} INFO - DAG(s) 'latest_only' retrieved from /home/airflow/.local/lib/python3.12/site-packages/airflow/example_dags/example_latest_only.py
[2024-09-11T13:52:53.253+0000] {logging_mixin.py:190} INFO - [2024-09-11T13:52:53.253+0000] {dag.py:3229} INFO - Sync 1 DAGs
[2024-09-11T13:52:53.264+0000] {logging_mixin.py:190} INFO - [2024-09-11T13:52:53.264+0000] {dag.py:4156} INFO - Setting next_dagrun for latest_only to 2024-09-11 08:00:00+00:00, run_after=2024-09-11 12:00:00+00:00
[2024-09-11T13:52:53.272+0000] {processor.py:208} INFO - Processing /home/airflow/.local/lib/python3.12/site-packages/airflow/example_dags/example_latest_only.py took 0.038 seconds
[2024-09-11T13:53:23.701+0000] {processor.py:186} INFO - Started process (PID=1504) to work on /home/airflow/.local/lib/python3.12/site-packages/airflow/example_dags/example_latest_only.py
[2024-09-11T13:53:23.702+0000] {processor.py:914} INFO - Processing file /home/airflow/.local/lib/python3.12/site-packages/airflow/example_dags/example_latest_only.py for tasks to queue
[2024-09-11T13:53:23.703+0000] {logging_mixin.py:190} INFO - [2024-09-11T13:53:23.703+0000] {dagbag.py:587} INFO - Filling up the DagBag from /home/airflow/.local/lib/python3.12/site-packages/airflow/example_dags/example_latest_only.py
[2024-09-11T13:53:23.706+0000] {processor.py:925} INFO - DAG(s) 'latest_only' retrieved from /home/airflow/.local/lib/python3.12/site-packages/airflow/example_dags/example_latest_only.py
[2024-09-11T13:53:23.716+0000] {logging_mixin.py:190} INFO - [2024-09-11T13:53:23.716+0000] {dag.py:3229} INFO - Sync 1 DAGs
[2024-09-11T13:53:23.727+0000] {logging_mixin.py:190} INFO - [2024-09-11T13:53:23.727+0000] {dag.py:4156} INFO - Setting next_dagrun for latest_only to 2024-09-11 08:00:00+00:00, run_after=2024-09-11 12:00:00+00:00
[2024-09-11T13:53:23.735+0000] {processor.py:208} INFO - Processing /home/airflow/.local/lib/python3.12/site-packages/airflow/example_dags/example_latest_only.py took 0.036 seconds
[2024-09-11T13:53:54.264+0000] {processor.py:186} INFO - Started process (PID=1560) to work on /home/airflow/.local/lib/python3.12/site-packages/airflow/example_dags/example_latest_only.py
[2024-09-11T13:53:54.264+0000] {processor.py:914} INFO - Processing file /home/airflow/.local/lib/python3.12/site-packages/airflow/example_dags/example_latest_only.py for tasks to queue
[2024-09-11T13:53:54.266+0000] {logging_mixin.py:190} INFO - [2024-09-11T13:53:54.266+0000] {dagbag.py:587} INFO - Filling up the DagBag from /home/airflow/.local/lib/python3.12/site-packages/airflow/example_dags/example_latest_only.py
[2024-09-11T13:53:54.269+0000] {processor.py:925} INFO - DAG(s) 'latest_only' retrieved from /home/airflow/.local/lib/python3.12/site-packages/airflow/example_dags/example_latest_only.py
[2024-09-11T13:53:54.278+0000] {logging_mixin.py:190} INFO - [2024-09-11T13:53:54.278+0000] {dag.py:3229} INFO - Sync 1 DAGs
[2024-09-11T13:53:54.289+0000] {logging_mixin.py:190} INFO - [2024-09-11T13:53:54.289+0000] {dag.py:4156} INFO - Setting next_dagrun for latest_only to 2024-09-11 08:00:00+00:00, run_after=2024-09-11 12:00:00+00:00
[2024-09-11T13:53:54.299+0000] {processor.py:208} INFO - Processing /home/airflow/.local/lib/python3.12/site-packages/airflow/example_dags/example_latest_only.py took 0.038 seconds
[2024-09-11T13:54:24.807+0000] {processor.py:186} INFO - Started process (PID=1616) to work on /home/airflow/.local/lib/python3.12/site-packages/airflow/example_dags/example_latest_only.py
[2024-09-11T13:54:24.808+0000] {processor.py:914} INFO - Processing file /home/airflow/.local/lib/python3.12/site-packages/airflow/example_dags/example_latest_only.py for tasks to queue
[2024-09-11T13:54:24.810+0000] {logging_mixin.py:190} INFO - [2024-09-11T13:54:24.809+0000] {dagbag.py:587} INFO - Filling up the DagBag from /home/airflow/.local/lib/python3.12/site-packages/airflow/example_dags/example_latest_only.py
[2024-09-11T13:54:24.813+0000] {processor.py:925} INFO - DAG(s) 'latest_only' retrieved from /home/airflow/.local/lib/python3.12/site-packages/airflow/example_dags/example_latest_only.py
[2024-09-11T13:54:24.823+0000] {logging_mixin.py:190} INFO - [2024-09-11T13:54:24.823+0000] {dag.py:3229} INFO - Sync 1 DAGs
[2024-09-11T13:54:24.834+0000] {logging_mixin.py:190} INFO - [2024-09-11T13:54:24.834+0000] {dag.py:4156} INFO - Setting next_dagrun for latest_only to 2024-09-11 08:00:00+00:00, run_after=2024-09-11 12:00:00+00:00
[2024-09-11T13:54:24.842+0000] {processor.py:208} INFO - Processing /home/airflow/.local/lib/python3.12/site-packages/airflow/example_dags/example_latest_only.py took 0.037 seconds
[2024-09-11T13:54:55.122+0000] {processor.py:186} INFO - Started process (PID=1672) to work on /home/airflow/.local/lib/python3.12/site-packages/airflow/example_dags/example_latest_only.py
[2024-09-11T13:54:55.122+0000] {processor.py:914} INFO - Processing file /home/airflow/.local/lib/python3.12/site-packages/airflow/example_dags/example_latest_only.py for tasks to queue
[2024-09-11T13:54:55.124+0000] {logging_mixin.py:190} INFO - [2024-09-11T13:54:55.124+0000] {dagbag.py:587} INFO - Filling up the DagBag from /home/airflow/.local/lib/python3.12/site-packages/airflow/example_dags/example_latest_only.py
[2024-09-11T13:54:55.128+0000] {processor.py:925} INFO - DAG(s) 'latest_only' retrieved from /home/airflow/.local/lib/python3.12/site-packages/airflow/example_dags/example_latest_only.py
[2024-09-11T13:54:55.139+0000] {logging_mixin.py:190} INFO - [2024-09-11T13:54:55.139+0000] {dag.py:3229} INFO - Sync 1 DAGs
[2024-09-11T13:54:55.150+0000] {logging_mixin.py:190} INFO - [2024-09-11T13:54:55.150+0000] {dag.py:4156} INFO - Setting next_dagrun for latest_only to 2024-09-11 08:00:00+00:00, run_after=2024-09-11 12:00:00+00:00
[2024-09-11T13:54:55.159+0000] {processor.py:208} INFO - Processing /home/airflow/.local/lib/python3.12/site-packages/airflow/example_dags/example_latest_only.py took 0.040 seconds
[2024-09-11T13:55:25.514+0000] {processor.py:186} INFO - Started process (PID=1728) to work on /home/airflow/.local/lib/python3.12/site-packages/airflow/example_dags/example_latest_only.py
[2024-09-11T13:55:25.515+0000] {processor.py:914} INFO - Processing file /home/airflow/.local/lib/python3.12/site-packages/airflow/example_dags/example_latest_only.py for tasks to queue
[2024-09-11T13:55:25.516+0000] {logging_mixin.py:190} INFO - [2024-09-11T13:55:25.516+0000] {dagbag.py:587} INFO - Filling up the DagBag from /home/airflow/.local/lib/python3.12/site-packages/airflow/example_dags/example_latest_only.py
[2024-09-11T13:55:25.520+0000] {processor.py:925} INFO - DAG(s) 'latest_only' retrieved from /home/airflow/.local/lib/python3.12/site-packages/airflow/example_dags/example_latest_only.py
[2024-09-11T13:55:25.529+0000] {logging_mixin.py:190} INFO - [2024-09-11T13:55:25.529+0000] {dag.py:3229} INFO - Sync 1 DAGs
[2024-09-11T13:55:25.539+0000] {logging_mixin.py:190} INFO - [2024-09-11T13:55:25.539+0000] {dag.py:4156} INFO - Setting next_dagrun for latest_only to 2024-09-11 08:00:00+00:00, run_after=2024-09-11 12:00:00+00:00
[2024-09-11T13:55:25.547+0000] {processor.py:208} INFO - Processing /home/airflow/.local/lib/python3.12/site-packages/airflow/example_dags/example_latest_only.py took 0.035 seconds
[2024-09-11T13:55:55.855+0000] {processor.py:186} INFO - Started process (PID=1784) to work on /home/airflow/.local/lib/python3.12/site-packages/airflow/example_dags/example_latest_only.py
[2024-09-11T13:55:55.856+0000] {processor.py:914} INFO - Processing file /home/airflow/.local/lib/python3.12/site-packages/airflow/example_dags/example_latest_only.py for tasks to queue
[2024-09-11T13:55:55.857+0000] {logging_mixin.py:190} INFO - [2024-09-11T13:55:55.857+0000] {dagbag.py:587} INFO - Filling up the DagBag from /home/airflow/.local/lib/python3.12/site-packages/airflow/example_dags/example_latest_only.py
[2024-09-11T13:55:55.861+0000] {processor.py:925} INFO - DAG(s) 'latest_only' retrieved from /home/airflow/.local/lib/python3.12/site-packages/airflow/example_dags/example_latest_only.py
[2024-09-11T13:55:55.870+0000] {logging_mixin.py:190} INFO - [2024-09-11T13:55:55.870+0000] {dag.py:3229} INFO - Sync 1 DAGs
[2024-09-11T13:55:55.879+0000] {logging_mixin.py:190} INFO - [2024-09-11T13:55:55.879+0000] {dag.py:4156} INFO - Setting next_dagrun for latest_only to 2024-09-11 08:00:00+00:00, run_after=2024-09-11 12:00:00+00:00
[2024-09-11T13:55:55.887+0000] {processor.py:208} INFO - Processing /home/airflow/.local/lib/python3.12/site-packages/airflow/example_dags/example_latest_only.py took 0.035 seconds
[2024-09-11T13:56:26.199+0000] {processor.py:186} INFO - Started process (PID=1840) to work on /home/airflow/.local/lib/python3.12/site-packages/airflow/example_dags/example_latest_only.py
[2024-09-11T13:56:26.200+0000] {processor.py:914} INFO - Processing file /home/airflow/.local/lib/python3.12/site-packages/airflow/example_dags/example_latest_only.py for tasks to queue
[2024-09-11T13:56:26.201+0000] {logging_mixin.py:190} INFO - [2024-09-11T13:56:26.201+0000] {dagbag.py:587} INFO - Filling up the DagBag from /home/airflow/.local/lib/python3.12/site-packages/airflow/example_dags/example_latest_only.py
[2024-09-11T13:56:26.205+0000] {processor.py:925} INFO - DAG(s) 'latest_only' retrieved from /home/airflow/.local/lib/python3.12/site-packages/airflow/example_dags/example_latest_only.py
[2024-09-11T13:56:26.214+0000] {logging_mixin.py:190} INFO - [2024-09-11T13:56:26.213+0000] {dag.py:3229} INFO - Sync 1 DAGs
[2024-09-11T13:56:26.223+0000] {logging_mixin.py:190} INFO - [2024-09-11T13:56:26.223+0000] {dag.py:4156} INFO - Setting next_dagrun for latest_only to 2024-09-11 08:00:00+00:00, run_after=2024-09-11 12:00:00+00:00
[2024-09-11T13:56:26.230+0000] {processor.py:208} INFO - Processing /home/airflow/.local/lib/python3.12/site-packages/airflow/example_dags/example_latest_only.py took 0.034 seconds
[2024-09-11T13:56:56.555+0000] {processor.py:186} INFO - Started process (PID=1896) to work on /home/airflow/.local/lib/python3.12/site-packages/airflow/example_dags/example_latest_only.py
[2024-09-11T13:56:56.556+0000] {processor.py:914} INFO - Processing file /home/airflow/.local/lib/python3.12/site-packages/airflow/example_dags/example_latest_only.py for tasks to queue
[2024-09-11T13:56:56.557+0000] {logging_mixin.py:190} INFO - [2024-09-11T13:56:56.557+0000] {dagbag.py:587} INFO - Filling up the DagBag from /home/airflow/.local/lib/python3.12/site-packages/airflow/example_dags/example_latest_only.py
[2024-09-11T13:56:56.561+0000] {processor.py:925} INFO - DAG(s) 'latest_only' retrieved from /home/airflow/.local/lib/python3.12/site-packages/airflow/example_dags/example_latest_only.py
[2024-09-11T13:56:56.570+0000] {logging_mixin.py:190} INFO - [2024-09-11T13:56:56.570+0000] {dag.py:3229} INFO - Sync 1 DAGs
[2024-09-11T13:56:56.581+0000] {logging_mixin.py:190} INFO - [2024-09-11T13:56:56.581+0000] {dag.py:4156} INFO - Setting next_dagrun for latest_only to 2024-09-11 08:00:00+00:00, run_after=2024-09-11 12:00:00+00:00
[2024-09-11T13:56:56.589+0000] {processor.py:208} INFO - Processing /home/airflow/.local/lib/python3.12/site-packages/airflow/example_dags/example_latest_only.py took 0.037 seconds
[2024-09-11T13:57:26.953+0000] {processor.py:186} INFO - Started process (PID=1952) to work on /home/airflow/.local/lib/python3.12/site-packages/airflow/example_dags/example_latest_only.py
[2024-09-11T13:57:26.954+0000] {processor.py:914} INFO - Processing file /home/airflow/.local/lib/python3.12/site-packages/airflow/example_dags/example_latest_only.py for tasks to queue
[2024-09-11T13:57:26.955+0000] {logging_mixin.py:190} INFO - [2024-09-11T13:57:26.955+0000] {dagbag.py:587} INFO - Filling up the DagBag from /home/airflow/.local/lib/python3.12/site-packages/airflow/example_dags/example_latest_only.py
[2024-09-11T13:57:26.959+0000] {processor.py:925} INFO - DAG(s) 'latest_only' retrieved from /home/airflow/.local/lib/python3.12/site-packages/airflow/example_dags/example_latest_only.py
[2024-09-11T13:57:26.969+0000] {logging_mixin.py:190} INFO - [2024-09-11T13:57:26.969+0000] {dag.py:3229} INFO - Sync 1 DAGs
[2024-09-11T13:57:26.980+0000] {logging_mixin.py:190} INFO - [2024-09-11T13:57:26.980+0000] {dag.py:4156} INFO - Setting next_dagrun for latest_only to 2024-09-11 08:00:00+00:00, run_after=2024-09-11 12:00:00+00:00
[2024-09-11T13:57:26.988+0000] {processor.py:208} INFO - Processing /home/airflow/.local/lib/python3.12/site-packages/airflow/example_dags/example_latest_only.py took 0.038 seconds
[2024-09-11T13:57:57.311+0000] {processor.py:186} INFO - Started process (PID=2008) to work on /home/airflow/.local/lib/python3.12/site-packages/airflow/example_dags/example_latest_only.py
[2024-09-11T13:57:57.312+0000] {processor.py:914} INFO - Processing file /home/airflow/.local/lib/python3.12/site-packages/airflow/example_dags/example_latest_only.py for tasks to queue
[2024-09-11T13:57:57.314+0000] {logging_mixin.py:190} INFO - [2024-09-11T13:57:57.314+0000] {dagbag.py:587} INFO - Filling up the DagBag from /home/airflow/.local/lib/python3.12/site-packages/airflow/example_dags/example_latest_only.py
[2024-09-11T13:57:57.318+0000] {processor.py:925} INFO - DAG(s) 'latest_only' retrieved from /home/airflow/.local/lib/python3.12/site-packages/airflow/example_dags/example_latest_only.py
[2024-09-11T13:57:57.330+0000] {logging_mixin.py:190} INFO - [2024-09-11T13:57:57.330+0000] {dag.py:3229} INFO - Sync 1 DAGs
[2024-09-11T13:57:57.341+0000] {logging_mixin.py:190} INFO - [2024-09-11T13:57:57.341+0000] {dag.py:4156} INFO - Setting next_dagrun for latest_only to 2024-09-11 08:00:00+00:00, run_after=2024-09-11 12:00:00+00:00
[2024-09-11T13:57:57.350+0000] {processor.py:208} INFO - Processing /home/airflow/.local/lib/python3.12/site-packages/airflow/example_dags/example_latest_only.py took 0.042 seconds
[2024-09-11T13:58:27.837+0000] {processor.py:186} INFO - Started process (PID=2064) to work on /home/airflow/.local/lib/python3.12/site-packages/airflow/example_dags/example_latest_only.py
[2024-09-11T13:58:27.838+0000] {processor.py:914} INFO - Processing file /home/airflow/.local/lib/python3.12/site-packages/airflow/example_dags/example_latest_only.py for tasks to queue
[2024-09-11T13:58:27.840+0000] {logging_mixin.py:190} INFO - [2024-09-11T13:58:27.840+0000] {dagbag.py:587} INFO - Filling up the DagBag from /home/airflow/.local/lib/python3.12/site-packages/airflow/example_dags/example_latest_only.py
[2024-09-11T13:58:27.844+0000] {processor.py:925} INFO - DAG(s) 'latest_only' retrieved from /home/airflow/.local/lib/python3.12/site-packages/airflow/example_dags/example_latest_only.py
[2024-09-11T13:58:27.855+0000] {logging_mixin.py:190} INFO - [2024-09-11T13:58:27.855+0000] {dag.py:3229} INFO - Sync 1 DAGs
[2024-09-11T13:58:27.869+0000] {logging_mixin.py:190} INFO - [2024-09-11T13:58:27.868+0000] {dag.py:4156} INFO - Setting next_dagrun for latest_only to 2024-09-11 08:00:00+00:00, run_after=2024-09-11 12:00:00+00:00
[2024-09-11T13:58:27.877+0000] {processor.py:208} INFO - Processing /home/airflow/.local/lib/python3.12/site-packages/airflow/example_dags/example_latest_only.py took 0.044 seconds
