[2024-09-11T13:40:16.776+0000] {processor.py:186} INFO - Started process (PID=59) to work on /home/airflow/.local/lib/python3.12/site-packages/airflow/example_dags/example_branch_python_dop_operator_3.py
[2024-09-11T13:40:16.777+0000] {processor.py:914} INFO - Processing file /home/airflow/.local/lib/python3.12/site-packages/airflow/example_dags/example_branch_python_dop_operator_3.py for tasks to queue
[2024-09-11T13:40:16.779+0000] {logging_mixin.py:190} INFO - [2024-09-11T13:40:16.779+0000] {dagbag.py:587} INFO - Filling up the DagBag from /home/airflow/.local/lib/python3.12/site-packages/airflow/example_dags/example_branch_python_dop_operator_3.py
[2024-09-11T13:40:16.787+0000] {processor.py:925} INFO - DAG(s) 'example_branch_dop_operator_v3' retrieved from /home/airflow/.local/lib/python3.12/site-packages/airflow/example_dags/example_branch_python_dop_operator_3.py
[2024-09-11T13:40:16.882+0000] {logging_mixin.py:190} INFO - [2024-09-11T13:40:16.881+0000] {override.py:1900} INFO - Created Permission View: can read on DAG:example_branch_dop_operator_v3
[2024-09-11T13:40:16.898+0000] {logging_mixin.py:190} INFO - [2024-09-11T13:40:16.897+0000] {override.py:1900} INFO - Created Permission View: can delete on DAG:example_branch_dop_operator_v3
[2024-09-11T13:40:16.915+0000] {logging_mixin.py:190} INFO - [2024-09-11T13:40:16.914+0000] {override.py:1900} INFO - Created Permission View: can edit on DAG:example_branch_dop_operator_v3
[2024-09-11T13:40:16.920+0000] {logging_mixin.py:190} INFO - [2024-09-11T13:40:16.919+0000] {override.py:1900} INFO - Created Permission View: can read on DAG Run:example_branch_dop_operator_v3
[2024-09-11T13:40:16.927+0000] {logging_mixin.py:190} INFO - [2024-09-11T13:40:16.927+0000] {override.py:1900} INFO - Created Permission View: can create on DAG Run:example_branch_dop_operator_v3
[2024-09-11T13:40:16.933+0000] {logging_mixin.py:190} INFO - [2024-09-11T13:40:16.933+0000] {override.py:1900} INFO - Created Permission View: menu access on DAG Run:example_branch_dop_operator_v3
[2024-09-11T13:40:16.942+0000] {logging_mixin.py:190} INFO - [2024-09-11T13:40:16.942+0000] {override.py:1900} INFO - Created Permission View: can delete on DAG Run:example_branch_dop_operator_v3
[2024-09-11T13:40:16.943+0000] {logging_mixin.py:190} INFO - [2024-09-11T13:40:16.943+0000] {dag.py:3229} INFO - Sync 1 DAGs
[2024-09-11T13:40:16.954+0000] {logging_mixin.py:190} INFO - [2024-09-11T13:40:16.953+0000] {dag.py:3252} INFO - Creating ORM DAG for example_branch_dop_operator_v3
[2024-09-11T13:40:16.973+0000] {logging_mixin.py:190} INFO - [2024-09-11T13:40:16.973+0000] {dag.py:4156} INFO - Setting next_dagrun for example_branch_dop_operator_v3 to 2024-09-11 13:39:00+00:00, run_after=2024-09-11 13:40:00+00:00
[2024-09-11T13:40:16.996+0000] {processor.py:208} INFO - Processing /home/airflow/.local/lib/python3.12/site-packages/airflow/example_dags/example_branch_python_dop_operator_3.py took 0.229 seconds
[2024-09-11T13:40:47.778+0000] {processor.py:186} INFO - Started process (PID=115) to work on /home/airflow/.local/lib/python3.12/site-packages/airflow/example_dags/example_branch_python_dop_operator_3.py
[2024-09-11T13:40:47.779+0000] {processor.py:914} INFO - Processing file /home/airflow/.local/lib/python3.12/site-packages/airflow/example_dags/example_branch_python_dop_operator_3.py for tasks to queue
[2024-09-11T13:40:47.781+0000] {logging_mixin.py:190} INFO - [2024-09-11T13:40:47.781+0000] {dagbag.py:587} INFO - Filling up the DagBag from /home/airflow/.local/lib/python3.12/site-packages/airflow/example_dags/example_branch_python_dop_operator_3.py
[2024-09-11T13:40:47.788+0000] {processor.py:925} INFO - DAG(s) 'example_branch_dop_operator_v3' retrieved from /home/airflow/.local/lib/python3.12/site-packages/airflow/example_dags/example_branch_python_dop_operator_3.py
[2024-09-11T13:40:47.813+0000] {logging_mixin.py:190} INFO - [2024-09-11T13:40:47.813+0000] {dag.py:3229} INFO - Sync 1 DAGs
[2024-09-11T13:40:47.849+0000] {logging_mixin.py:190} INFO - [2024-09-11T13:40:47.849+0000] {dag.py:4156} INFO - Setting next_dagrun for example_branch_dop_operator_v3 to 2024-09-11 13:39:00+00:00, run_after=2024-09-11 13:40:00+00:00
[2024-09-11T13:40:47.870+0000] {processor.py:208} INFO - Processing /home/airflow/.local/lib/python3.12/site-packages/airflow/example_dags/example_branch_python_dop_operator_3.py took 0.096 seconds
[2024-09-11T13:41:18.428+0000] {processor.py:186} INFO - Started process (PID=171) to work on /home/airflow/.local/lib/python3.12/site-packages/airflow/example_dags/example_branch_python_dop_operator_3.py
[2024-09-11T13:41:18.429+0000] {processor.py:914} INFO - Processing file /home/airflow/.local/lib/python3.12/site-packages/airflow/example_dags/example_branch_python_dop_operator_3.py for tasks to queue
[2024-09-11T13:41:18.431+0000] {logging_mixin.py:190} INFO - [2024-09-11T13:41:18.430+0000] {dagbag.py:587} INFO - Filling up the DagBag from /home/airflow/.local/lib/python3.12/site-packages/airflow/example_dags/example_branch_python_dop_operator_3.py
[2024-09-11T13:41:18.437+0000] {processor.py:925} INFO - DAG(s) 'example_branch_dop_operator_v3' retrieved from /home/airflow/.local/lib/python3.12/site-packages/airflow/example_dags/example_branch_python_dop_operator_3.py
[2024-09-11T13:41:18.459+0000] {logging_mixin.py:190} INFO - [2024-09-11T13:41:18.459+0000] {dag.py:3229} INFO - Sync 1 DAGs
[2024-09-11T13:41:18.475+0000] {logging_mixin.py:190} INFO - [2024-09-11T13:41:18.475+0000] {dag.py:4156} INFO - Setting next_dagrun for example_branch_dop_operator_v3 to 2024-09-11 13:40:00+00:00, run_after=2024-09-11 13:41:00+00:00
[2024-09-11T13:41:18.485+0000] {processor.py:208} INFO - Processing /home/airflow/.local/lib/python3.12/site-packages/airflow/example_dags/example_branch_python_dop_operator_3.py took 0.061 seconds
[2024-09-11T13:41:48.694+0000] {processor.py:186} INFO - Started process (PID=227) to work on /home/airflow/.local/lib/python3.12/site-packages/airflow/example_dags/example_branch_python_dop_operator_3.py
[2024-09-11T13:41:48.695+0000] {processor.py:914} INFO - Processing file /home/airflow/.local/lib/python3.12/site-packages/airflow/example_dags/example_branch_python_dop_operator_3.py for tasks to queue
[2024-09-11T13:41:48.696+0000] {logging_mixin.py:190} INFO - [2024-09-11T13:41:48.696+0000] {dagbag.py:587} INFO - Filling up the DagBag from /home/airflow/.local/lib/python3.12/site-packages/airflow/example_dags/example_branch_python_dop_operator_3.py
[2024-09-11T13:41:48.701+0000] {processor.py:925} INFO - DAG(s) 'example_branch_dop_operator_v3' retrieved from /home/airflow/.local/lib/python3.12/site-packages/airflow/example_dags/example_branch_python_dop_operator_3.py
[2024-09-11T13:41:48.713+0000] {logging_mixin.py:190} INFO - [2024-09-11T13:41:48.713+0000] {dag.py:3229} INFO - Sync 1 DAGs
[2024-09-11T13:41:48.726+0000] {logging_mixin.py:190} INFO - [2024-09-11T13:41:48.726+0000] {dag.py:4156} INFO - Setting next_dagrun for example_branch_dop_operator_v3 to 2024-09-11 13:40:00+00:00, run_after=2024-09-11 13:41:00+00:00
[2024-09-11T13:41:48.735+0000] {processor.py:208} INFO - Processing /home/airflow/.local/lib/python3.12/site-packages/airflow/example_dags/example_branch_python_dop_operator_3.py took 0.046 seconds
[2024-09-11T13:42:19.228+0000] {processor.py:186} INFO - Started process (PID=283) to work on /home/airflow/.local/lib/python3.12/site-packages/airflow/example_dags/example_branch_python_dop_operator_3.py
[2024-09-11T13:42:19.228+0000] {processor.py:914} INFO - Processing file /home/airflow/.local/lib/python3.12/site-packages/airflow/example_dags/example_branch_python_dop_operator_3.py for tasks to queue
[2024-09-11T13:42:19.230+0000] {logging_mixin.py:190} INFO - [2024-09-11T13:42:19.229+0000] {dagbag.py:587} INFO - Filling up the DagBag from /home/airflow/.local/lib/python3.12/site-packages/airflow/example_dags/example_branch_python_dop_operator_3.py
[2024-09-11T13:42:19.235+0000] {processor.py:925} INFO - DAG(s) 'example_branch_dop_operator_v3' retrieved from /home/airflow/.local/lib/python3.12/site-packages/airflow/example_dags/example_branch_python_dop_operator_3.py
[2024-09-11T13:42:19.245+0000] {logging_mixin.py:190} INFO - [2024-09-11T13:42:19.245+0000] {dag.py:3229} INFO - Sync 1 DAGs
[2024-09-11T13:42:19.257+0000] {logging_mixin.py:190} INFO - [2024-09-11T13:42:19.257+0000] {dag.py:4156} INFO - Setting next_dagrun for example_branch_dop_operator_v3 to 2024-09-11 13:41:00+00:00, run_after=2024-09-11 13:42:00+00:00
[2024-09-11T13:42:19.266+0000] {processor.py:208} INFO - Processing /home/airflow/.local/lib/python3.12/site-packages/airflow/example_dags/example_branch_python_dop_operator_3.py took 0.041 seconds
[2024-09-11T13:42:49.368+0000] {processor.py:186} INFO - Started process (PID=339) to work on /home/airflow/.local/lib/python3.12/site-packages/airflow/example_dags/example_branch_python_dop_operator_3.py
[2024-09-11T13:42:49.369+0000] {processor.py:914} INFO - Processing file /home/airflow/.local/lib/python3.12/site-packages/airflow/example_dags/example_branch_python_dop_operator_3.py for tasks to queue
[2024-09-11T13:42:49.370+0000] {logging_mixin.py:190} INFO - [2024-09-11T13:42:49.370+0000] {dagbag.py:587} INFO - Filling up the DagBag from /home/airflow/.local/lib/python3.12/site-packages/airflow/example_dags/example_branch_python_dop_operator_3.py
[2024-09-11T13:42:49.376+0000] {processor.py:925} INFO - DAG(s) 'example_branch_dop_operator_v3' retrieved from /home/airflow/.local/lib/python3.12/site-packages/airflow/example_dags/example_branch_python_dop_operator_3.py
[2024-09-11T13:42:49.386+0000] {logging_mixin.py:190} INFO - [2024-09-11T13:42:49.386+0000] {dag.py:3229} INFO - Sync 1 DAGs
[2024-09-11T13:42:49.398+0000] {logging_mixin.py:190} INFO - [2024-09-11T13:42:49.398+0000] {dag.py:4156} INFO - Setting next_dagrun for example_branch_dop_operator_v3 to 2024-09-11 13:41:00+00:00, run_after=2024-09-11 13:42:00+00:00
[2024-09-11T13:42:49.406+0000] {processor.py:208} INFO - Processing /home/airflow/.local/lib/python3.12/site-packages/airflow/example_dags/example_branch_python_dop_operator_3.py took 0.041 seconds
[2024-09-11T13:43:19.585+0000] {processor.py:186} INFO - Started process (PID=395) to work on /home/airflow/.local/lib/python3.12/site-packages/airflow/example_dags/example_branch_python_dop_operator_3.py
[2024-09-11T13:43:19.586+0000] {processor.py:914} INFO - Processing file /home/airflow/.local/lib/python3.12/site-packages/airflow/example_dags/example_branch_python_dop_operator_3.py for tasks to queue
[2024-09-11T13:43:19.587+0000] {logging_mixin.py:190} INFO - [2024-09-11T13:43:19.587+0000] {dagbag.py:587} INFO - Filling up the DagBag from /home/airflow/.local/lib/python3.12/site-packages/airflow/example_dags/example_branch_python_dop_operator_3.py
[2024-09-11T13:43:19.592+0000] {processor.py:925} INFO - DAG(s) 'example_branch_dop_operator_v3' retrieved from /home/airflow/.local/lib/python3.12/site-packages/airflow/example_dags/example_branch_python_dop_operator_3.py
[2024-09-11T13:43:19.602+0000] {logging_mixin.py:190} INFO - [2024-09-11T13:43:19.601+0000] {dag.py:3229} INFO - Sync 1 DAGs
[2024-09-11T13:43:19.615+0000] {logging_mixin.py:190} INFO - [2024-09-11T13:43:19.615+0000] {dag.py:4156} INFO - Setting next_dagrun for example_branch_dop_operator_v3 to 2024-09-11 13:42:00+00:00, run_after=2024-09-11 13:43:00+00:00
[2024-09-11T13:43:19.624+0000] {processor.py:208} INFO - Processing /home/airflow/.local/lib/python3.12/site-packages/airflow/example_dags/example_branch_python_dop_operator_3.py took 0.042 seconds
[2024-09-11T13:43:49.869+0000] {processor.py:186} INFO - Started process (PID=451) to work on /home/airflow/.local/lib/python3.12/site-packages/airflow/example_dags/example_branch_python_dop_operator_3.py
[2024-09-11T13:43:49.869+0000] {processor.py:914} INFO - Processing file /home/airflow/.local/lib/python3.12/site-packages/airflow/example_dags/example_branch_python_dop_operator_3.py for tasks to queue
[2024-09-11T13:43:49.871+0000] {logging_mixin.py:190} INFO - [2024-09-11T13:43:49.871+0000] {dagbag.py:587} INFO - Filling up the DagBag from /home/airflow/.local/lib/python3.12/site-packages/airflow/example_dags/example_branch_python_dop_operator_3.py
[2024-09-11T13:43:49.876+0000] {processor.py:925} INFO - DAG(s) 'example_branch_dop_operator_v3' retrieved from /home/airflow/.local/lib/python3.12/site-packages/airflow/example_dags/example_branch_python_dop_operator_3.py
[2024-09-11T13:43:49.886+0000] {logging_mixin.py:190} INFO - [2024-09-11T13:43:49.886+0000] {dag.py:3229} INFO - Sync 1 DAGs
[2024-09-11T13:43:49.898+0000] {logging_mixin.py:190} INFO - [2024-09-11T13:43:49.898+0000] {dag.py:4156} INFO - Setting next_dagrun for example_branch_dop_operator_v3 to 2024-09-11 13:42:00+00:00, run_after=2024-09-11 13:43:00+00:00
[2024-09-11T13:43:49.907+0000] {processor.py:208} INFO - Processing /home/airflow/.local/lib/python3.12/site-packages/airflow/example_dags/example_branch_python_dop_operator_3.py took 0.042 seconds
[2024-09-11T13:44:20.096+0000] {processor.py:186} INFO - Started process (PID=507) to work on /home/airflow/.local/lib/python3.12/site-packages/airflow/example_dags/example_branch_python_dop_operator_3.py
[2024-09-11T13:44:20.096+0000] {processor.py:914} INFO - Processing file /home/airflow/.local/lib/python3.12/site-packages/airflow/example_dags/example_branch_python_dop_operator_3.py for tasks to queue
[2024-09-11T13:44:20.098+0000] {logging_mixin.py:190} INFO - [2024-09-11T13:44:20.098+0000] {dagbag.py:587} INFO - Filling up the DagBag from /home/airflow/.local/lib/python3.12/site-packages/airflow/example_dags/example_branch_python_dop_operator_3.py
[2024-09-11T13:44:20.104+0000] {processor.py:925} INFO - DAG(s) 'example_branch_dop_operator_v3' retrieved from /home/airflow/.local/lib/python3.12/site-packages/airflow/example_dags/example_branch_python_dop_operator_3.py
[2024-09-11T13:44:20.114+0000] {logging_mixin.py:190} INFO - [2024-09-11T13:44:20.114+0000] {dag.py:3229} INFO - Sync 1 DAGs
[2024-09-11T13:44:20.126+0000] {logging_mixin.py:190} INFO - [2024-09-11T13:44:20.126+0000] {dag.py:4156} INFO - Setting next_dagrun for example_branch_dop_operator_v3 to 2024-09-11 13:43:00+00:00, run_after=2024-09-11 13:44:00+00:00
[2024-09-11T13:44:20.134+0000] {processor.py:208} INFO - Processing /home/airflow/.local/lib/python3.12/site-packages/airflow/example_dags/example_branch_python_dop_operator_3.py took 0.042 seconds
[2024-09-11T13:44:50.415+0000] {processor.py:186} INFO - Started process (PID=563) to work on /home/airflow/.local/lib/python3.12/site-packages/airflow/example_dags/example_branch_python_dop_operator_3.py
[2024-09-11T13:44:50.416+0000] {processor.py:914} INFO - Processing file /home/airflow/.local/lib/python3.12/site-packages/airflow/example_dags/example_branch_python_dop_operator_3.py for tasks to queue
[2024-09-11T13:44:50.417+0000] {logging_mixin.py:190} INFO - [2024-09-11T13:44:50.417+0000] {dagbag.py:587} INFO - Filling up the DagBag from /home/airflow/.local/lib/python3.12/site-packages/airflow/example_dags/example_branch_python_dop_operator_3.py
[2024-09-11T13:44:50.423+0000] {processor.py:925} INFO - DAG(s) 'example_branch_dop_operator_v3' retrieved from /home/airflow/.local/lib/python3.12/site-packages/airflow/example_dags/example_branch_python_dop_operator_3.py
[2024-09-11T13:44:50.433+0000] {logging_mixin.py:190} INFO - [2024-09-11T13:44:50.433+0000] {dag.py:3229} INFO - Sync 1 DAGs
[2024-09-11T13:44:50.446+0000] {logging_mixin.py:190} INFO - [2024-09-11T13:44:50.445+0000] {dag.py:4156} INFO - Setting next_dagrun for example_branch_dop_operator_v3 to 2024-09-11 13:43:00+00:00, run_after=2024-09-11 13:44:00+00:00
[2024-09-11T13:44:50.454+0000] {processor.py:208} INFO - Processing /home/airflow/.local/lib/python3.12/site-packages/airflow/example_dags/example_branch_python_dop_operator_3.py took 0.041 seconds
[2024-09-11T13:45:20.616+0000] {processor.py:186} INFO - Started process (PID=619) to work on /home/airflow/.local/lib/python3.12/site-packages/airflow/example_dags/example_branch_python_dop_operator_3.py
[2024-09-11T13:45:20.616+0000] {processor.py:914} INFO - Processing file /home/airflow/.local/lib/python3.12/site-packages/airflow/example_dags/example_branch_python_dop_operator_3.py for tasks to queue
[2024-09-11T13:45:20.618+0000] {logging_mixin.py:190} INFO - [2024-09-11T13:45:20.618+0000] {dagbag.py:587} INFO - Filling up the DagBag from /home/airflow/.local/lib/python3.12/site-packages/airflow/example_dags/example_branch_python_dop_operator_3.py
[2024-09-11T13:45:20.623+0000] {processor.py:925} INFO - DAG(s) 'example_branch_dop_operator_v3' retrieved from /home/airflow/.local/lib/python3.12/site-packages/airflow/example_dags/example_branch_python_dop_operator_3.py
[2024-09-11T13:45:20.634+0000] {logging_mixin.py:190} INFO - [2024-09-11T13:45:20.634+0000] {dag.py:3229} INFO - Sync 1 DAGs
[2024-09-11T13:45:20.647+0000] {logging_mixin.py:190} INFO - [2024-09-11T13:45:20.646+0000] {dag.py:4156} INFO - Setting next_dagrun for example_branch_dop_operator_v3 to 2024-09-11 13:44:00+00:00, run_after=2024-09-11 13:45:00+00:00
[2024-09-11T13:45:20.656+0000] {processor.py:208} INFO - Processing /home/airflow/.local/lib/python3.12/site-packages/airflow/example_dags/example_branch_python_dop_operator_3.py took 0.043 seconds
[2024-09-11T13:45:50.827+0000] {processor.py:186} INFO - Started process (PID=675) to work on /home/airflow/.local/lib/python3.12/site-packages/airflow/example_dags/example_branch_python_dop_operator_3.py
[2024-09-11T13:45:50.827+0000] {processor.py:914} INFO - Processing file /home/airflow/.local/lib/python3.12/site-packages/airflow/example_dags/example_branch_python_dop_operator_3.py for tasks to queue
[2024-09-11T13:45:50.828+0000] {logging_mixin.py:190} INFO - [2024-09-11T13:45:50.828+0000] {dagbag.py:587} INFO - Filling up the DagBag from /home/airflow/.local/lib/python3.12/site-packages/airflow/example_dags/example_branch_python_dop_operator_3.py
[2024-09-11T13:45:50.833+0000] {processor.py:925} INFO - DAG(s) 'example_branch_dop_operator_v3' retrieved from /home/airflow/.local/lib/python3.12/site-packages/airflow/example_dags/example_branch_python_dop_operator_3.py
[2024-09-11T13:45:50.843+0000] {logging_mixin.py:190} INFO - [2024-09-11T13:45:50.843+0000] {dag.py:3229} INFO - Sync 1 DAGs
[2024-09-11T13:45:50.855+0000] {logging_mixin.py:190} INFO - [2024-09-11T13:45:50.855+0000] {dag.py:4156} INFO - Setting next_dagrun for example_branch_dop_operator_v3 to 2024-09-11 13:44:00+00:00, run_after=2024-09-11 13:45:00+00:00
[2024-09-11T13:45:50.862+0000] {processor.py:208} INFO - Processing /home/airflow/.local/lib/python3.12/site-packages/airflow/example_dags/example_branch_python_dop_operator_3.py took 0.039 seconds
[2024-09-11T13:46:21.002+0000] {processor.py:186} INFO - Started process (PID=731) to work on /home/airflow/.local/lib/python3.12/site-packages/airflow/example_dags/example_branch_python_dop_operator_3.py
[2024-09-11T13:46:21.003+0000] {processor.py:914} INFO - Processing file /home/airflow/.local/lib/python3.12/site-packages/airflow/example_dags/example_branch_python_dop_operator_3.py for tasks to queue
[2024-09-11T13:46:21.004+0000] {logging_mixin.py:190} INFO - [2024-09-11T13:46:21.004+0000] {dagbag.py:587} INFO - Filling up the DagBag from /home/airflow/.local/lib/python3.12/site-packages/airflow/example_dags/example_branch_python_dop_operator_3.py
[2024-09-11T13:46:21.010+0000] {processor.py:925} INFO - DAG(s) 'example_branch_dop_operator_v3' retrieved from /home/airflow/.local/lib/python3.12/site-packages/airflow/example_dags/example_branch_python_dop_operator_3.py
[2024-09-11T13:46:21.020+0000] {logging_mixin.py:190} INFO - [2024-09-11T13:46:21.020+0000] {dag.py:3229} INFO - Sync 1 DAGs
[2024-09-11T13:46:21.033+0000] {logging_mixin.py:190} INFO - [2024-09-11T13:46:21.032+0000] {dag.py:4156} INFO - Setting next_dagrun for example_branch_dop_operator_v3 to 2024-09-11 13:45:00+00:00, run_after=2024-09-11 13:46:00+00:00
[2024-09-11T13:46:21.040+0000] {processor.py:208} INFO - Processing /home/airflow/.local/lib/python3.12/site-packages/airflow/example_dags/example_branch_python_dop_operator_3.py took 0.041 seconds
[2024-09-11T13:46:51.338+0000] {processor.py:186} INFO - Started process (PID=787) to work on /home/airflow/.local/lib/python3.12/site-packages/airflow/example_dags/example_branch_python_dop_operator_3.py
[2024-09-11T13:46:51.339+0000] {processor.py:914} INFO - Processing file /home/airflow/.local/lib/python3.12/site-packages/airflow/example_dags/example_branch_python_dop_operator_3.py for tasks to queue
[2024-09-11T13:46:51.340+0000] {logging_mixin.py:190} INFO - [2024-09-11T13:46:51.340+0000] {dagbag.py:587} INFO - Filling up the DagBag from /home/airflow/.local/lib/python3.12/site-packages/airflow/example_dags/example_branch_python_dop_operator_3.py
[2024-09-11T13:46:51.345+0000] {processor.py:925} INFO - DAG(s) 'example_branch_dop_operator_v3' retrieved from /home/airflow/.local/lib/python3.12/site-packages/airflow/example_dags/example_branch_python_dop_operator_3.py
[2024-09-11T13:46:51.355+0000] {logging_mixin.py:190} INFO - [2024-09-11T13:46:51.355+0000] {dag.py:3229} INFO - Sync 1 DAGs
[2024-09-11T13:46:51.368+0000] {logging_mixin.py:190} INFO - [2024-09-11T13:46:51.368+0000] {dag.py:4156} INFO - Setting next_dagrun for example_branch_dop_operator_v3 to 2024-09-11 13:45:00+00:00, run_after=2024-09-11 13:46:00+00:00
[2024-09-11T13:46:51.376+0000] {processor.py:208} INFO - Processing /home/airflow/.local/lib/python3.12/site-packages/airflow/example_dags/example_branch_python_dop_operator_3.py took 0.041 seconds
[2024-09-11T13:47:21.441+0000] {processor.py:186} INFO - Started process (PID=843) to work on /home/airflow/.local/lib/python3.12/site-packages/airflow/example_dags/example_branch_python_dop_operator_3.py
[2024-09-11T13:47:21.441+0000] {processor.py:914} INFO - Processing file /home/airflow/.local/lib/python3.12/site-packages/airflow/example_dags/example_branch_python_dop_operator_3.py for tasks to queue
[2024-09-11T13:47:21.443+0000] {logging_mixin.py:190} INFO - [2024-09-11T13:47:21.443+0000] {dagbag.py:587} INFO - Filling up the DagBag from /home/airflow/.local/lib/python3.12/site-packages/airflow/example_dags/example_branch_python_dop_operator_3.py
[2024-09-11T13:47:21.449+0000] {processor.py:925} INFO - DAG(s) 'example_branch_dop_operator_v3' retrieved from /home/airflow/.local/lib/python3.12/site-packages/airflow/example_dags/example_branch_python_dop_operator_3.py
[2024-09-11T13:47:21.461+0000] {logging_mixin.py:190} INFO - [2024-09-11T13:47:21.460+0000] {dag.py:3229} INFO - Sync 1 DAGs
[2024-09-11T13:47:21.473+0000] {logging_mixin.py:190} INFO - [2024-09-11T13:47:21.473+0000] {dag.py:4156} INFO - Setting next_dagrun for example_branch_dop_operator_v3 to 2024-09-11 13:46:00+00:00, run_after=2024-09-11 13:47:00+00:00
[2024-09-11T13:47:21.481+0000] {processor.py:208} INFO - Processing /home/airflow/.local/lib/python3.12/site-packages/airflow/example_dags/example_branch_python_dop_operator_3.py took 0.044 seconds
[2024-09-11T13:47:51.760+0000] {processor.py:186} INFO - Started process (PID=899) to work on /home/airflow/.local/lib/python3.12/site-packages/airflow/example_dags/example_branch_python_dop_operator_3.py
[2024-09-11T13:47:51.761+0000] {processor.py:914} INFO - Processing file /home/airflow/.local/lib/python3.12/site-packages/airflow/example_dags/example_branch_python_dop_operator_3.py for tasks to queue
[2024-09-11T13:47:51.762+0000] {logging_mixin.py:190} INFO - [2024-09-11T13:47:51.762+0000] {dagbag.py:587} INFO - Filling up the DagBag from /home/airflow/.local/lib/python3.12/site-packages/airflow/example_dags/example_branch_python_dop_operator_3.py
[2024-09-11T13:47:51.768+0000] {processor.py:925} INFO - DAG(s) 'example_branch_dop_operator_v3' retrieved from /home/airflow/.local/lib/python3.12/site-packages/airflow/example_dags/example_branch_python_dop_operator_3.py
[2024-09-11T13:47:51.778+0000] {logging_mixin.py:190} INFO - [2024-09-11T13:47:51.778+0000] {dag.py:3229} INFO - Sync 1 DAGs
[2024-09-11T13:47:51.790+0000] {logging_mixin.py:190} INFO - [2024-09-11T13:47:51.790+0000] {dag.py:4156} INFO - Setting next_dagrun for example_branch_dop_operator_v3 to 2024-09-11 13:46:00+00:00, run_after=2024-09-11 13:47:00+00:00
[2024-09-11T13:47:51.797+0000] {processor.py:208} INFO - Processing /home/airflow/.local/lib/python3.12/site-packages/airflow/example_dags/example_branch_python_dop_operator_3.py took 0.040 seconds
[2024-09-11T13:48:21.982+0000] {processor.py:186} INFO - Started process (PID=955) to work on /home/airflow/.local/lib/python3.12/site-packages/airflow/example_dags/example_branch_python_dop_operator_3.py
[2024-09-11T13:48:21.983+0000] {processor.py:914} INFO - Processing file /home/airflow/.local/lib/python3.12/site-packages/airflow/example_dags/example_branch_python_dop_operator_3.py for tasks to queue
[2024-09-11T13:48:21.984+0000] {logging_mixin.py:190} INFO - [2024-09-11T13:48:21.984+0000] {dagbag.py:587} INFO - Filling up the DagBag from /home/airflow/.local/lib/python3.12/site-packages/airflow/example_dags/example_branch_python_dop_operator_3.py
[2024-09-11T13:48:21.989+0000] {processor.py:925} INFO - DAG(s) 'example_branch_dop_operator_v3' retrieved from /home/airflow/.local/lib/python3.12/site-packages/airflow/example_dags/example_branch_python_dop_operator_3.py
[2024-09-11T13:48:22.000+0000] {logging_mixin.py:190} INFO - [2024-09-11T13:48:21.999+0000] {dag.py:3229} INFO - Sync 1 DAGs
[2024-09-11T13:48:22.012+0000] {logging_mixin.py:190} INFO - [2024-09-11T13:48:22.012+0000] {dag.py:4156} INFO - Setting next_dagrun for example_branch_dop_operator_v3 to 2024-09-11 13:47:00+00:00, run_after=2024-09-11 13:48:00+00:00
[2024-09-11T13:48:22.020+0000] {processor.py:208} INFO - Processing /home/airflow/.local/lib/python3.12/site-packages/airflow/example_dags/example_branch_python_dop_operator_3.py took 0.041 seconds
[2024-09-11T13:48:52.170+0000] {processor.py:186} INFO - Started process (PID=1011) to work on /home/airflow/.local/lib/python3.12/site-packages/airflow/example_dags/example_branch_python_dop_operator_3.py
[2024-09-11T13:48:52.171+0000] {processor.py:914} INFO - Processing file /home/airflow/.local/lib/python3.12/site-packages/airflow/example_dags/example_branch_python_dop_operator_3.py for tasks to queue
[2024-09-11T13:48:52.172+0000] {logging_mixin.py:190} INFO - [2024-09-11T13:48:52.172+0000] {dagbag.py:587} INFO - Filling up the DagBag from /home/airflow/.local/lib/python3.12/site-packages/airflow/example_dags/example_branch_python_dop_operator_3.py
[2024-09-11T13:48:52.177+0000] {processor.py:925} INFO - DAG(s) 'example_branch_dop_operator_v3' retrieved from /home/airflow/.local/lib/python3.12/site-packages/airflow/example_dags/example_branch_python_dop_operator_3.py
[2024-09-11T13:48:52.187+0000] {logging_mixin.py:190} INFO - [2024-09-11T13:48:52.187+0000] {dag.py:3229} INFO - Sync 1 DAGs
[2024-09-11T13:48:52.199+0000] {logging_mixin.py:190} INFO - [2024-09-11T13:48:52.199+0000] {dag.py:4156} INFO - Setting next_dagrun for example_branch_dop_operator_v3 to 2024-09-11 13:47:00+00:00, run_after=2024-09-11 13:48:00+00:00
[2024-09-11T13:48:52.207+0000] {processor.py:208} INFO - Processing /home/airflow/.local/lib/python3.12/site-packages/airflow/example_dags/example_branch_python_dop_operator_3.py took 0.040 seconds
[2024-09-11T13:49:22.408+0000] {processor.py:186} INFO - Started process (PID=1067) to work on /home/airflow/.local/lib/python3.12/site-packages/airflow/example_dags/example_branch_python_dop_operator_3.py
[2024-09-11T13:49:22.409+0000] {processor.py:914} INFO - Processing file /home/airflow/.local/lib/python3.12/site-packages/airflow/example_dags/example_branch_python_dop_operator_3.py for tasks to queue
[2024-09-11T13:49:22.410+0000] {logging_mixin.py:190} INFO - [2024-09-11T13:49:22.410+0000] {dagbag.py:587} INFO - Filling up the DagBag from /home/airflow/.local/lib/python3.12/site-packages/airflow/example_dags/example_branch_python_dop_operator_3.py
[2024-09-11T13:49:22.416+0000] {processor.py:925} INFO - DAG(s) 'example_branch_dop_operator_v3' retrieved from /home/airflow/.local/lib/python3.12/site-packages/airflow/example_dags/example_branch_python_dop_operator_3.py
[2024-09-11T13:49:22.426+0000] {logging_mixin.py:190} INFO - [2024-09-11T13:49:22.426+0000] {dag.py:3229} INFO - Sync 1 DAGs
[2024-09-11T13:49:22.438+0000] {logging_mixin.py:190} INFO - [2024-09-11T13:49:22.438+0000] {dag.py:4156} INFO - Setting next_dagrun for example_branch_dop_operator_v3 to 2024-09-11 13:48:00+00:00, run_after=2024-09-11 13:49:00+00:00
[2024-09-11T13:49:22.446+0000] {processor.py:208} INFO - Processing /home/airflow/.local/lib/python3.12/site-packages/airflow/example_dags/example_branch_python_dop_operator_3.py took 0.041 seconds
[2024-09-11T13:49:52.691+0000] {processor.py:186} INFO - Started process (PID=1123) to work on /home/airflow/.local/lib/python3.12/site-packages/airflow/example_dags/example_branch_python_dop_operator_3.py
[2024-09-11T13:49:52.691+0000] {processor.py:914} INFO - Processing file /home/airflow/.local/lib/python3.12/site-packages/airflow/example_dags/example_branch_python_dop_operator_3.py for tasks to queue
[2024-09-11T13:49:52.692+0000] {logging_mixin.py:190} INFO - [2024-09-11T13:49:52.692+0000] {dagbag.py:587} INFO - Filling up the DagBag from /home/airflow/.local/lib/python3.12/site-packages/airflow/example_dags/example_branch_python_dop_operator_3.py
[2024-09-11T13:49:52.698+0000] {processor.py:925} INFO - DAG(s) 'example_branch_dop_operator_v3' retrieved from /home/airflow/.local/lib/python3.12/site-packages/airflow/example_dags/example_branch_python_dop_operator_3.py
[2024-09-11T13:49:52.708+0000] {logging_mixin.py:190} INFO - [2024-09-11T13:49:52.708+0000] {dag.py:3229} INFO - Sync 1 DAGs
[2024-09-11T13:49:52.720+0000] {logging_mixin.py:190} INFO - [2024-09-11T13:49:52.720+0000] {dag.py:4156} INFO - Setting next_dagrun for example_branch_dop_operator_v3 to 2024-09-11 13:48:00+00:00, run_after=2024-09-11 13:49:00+00:00
[2024-09-11T13:49:52.728+0000] {processor.py:208} INFO - Processing /home/airflow/.local/lib/python3.12/site-packages/airflow/example_dags/example_branch_python_dop_operator_3.py took 0.041 seconds
[2024-09-11T13:50:23.021+0000] {processor.py:186} INFO - Started process (PID=1179) to work on /home/airflow/.local/lib/python3.12/site-packages/airflow/example_dags/example_branch_python_dop_operator_3.py
[2024-09-11T13:50:23.022+0000] {processor.py:914} INFO - Processing file /home/airflow/.local/lib/python3.12/site-packages/airflow/example_dags/example_branch_python_dop_operator_3.py for tasks to queue
[2024-09-11T13:50:23.023+0000] {logging_mixin.py:190} INFO - [2024-09-11T13:50:23.023+0000] {dagbag.py:587} INFO - Filling up the DagBag from /home/airflow/.local/lib/python3.12/site-packages/airflow/example_dags/example_branch_python_dop_operator_3.py
[2024-09-11T13:50:23.029+0000] {processor.py:925} INFO - DAG(s) 'example_branch_dop_operator_v3' retrieved from /home/airflow/.local/lib/python3.12/site-packages/airflow/example_dags/example_branch_python_dop_operator_3.py
[2024-09-11T13:50:23.039+0000] {logging_mixin.py:190} INFO - [2024-09-11T13:50:23.039+0000] {dag.py:3229} INFO - Sync 1 DAGs
[2024-09-11T13:50:23.051+0000] {logging_mixin.py:190} INFO - [2024-09-11T13:50:23.051+0000] {dag.py:4156} INFO - Setting next_dagrun for example_branch_dop_operator_v3 to 2024-09-11 13:49:00+00:00, run_after=2024-09-11 13:50:00+00:00
[2024-09-11T13:50:23.059+0000] {processor.py:208} INFO - Processing /home/airflow/.local/lib/python3.12/site-packages/airflow/example_dags/example_branch_python_dop_operator_3.py took 0.041 seconds
[2024-09-11T13:50:53.285+0000] {processor.py:186} INFO - Started process (PID=1235) to work on /home/airflow/.local/lib/python3.12/site-packages/airflow/example_dags/example_branch_python_dop_operator_3.py
[2024-09-11T13:50:53.286+0000] {processor.py:914} INFO - Processing file /home/airflow/.local/lib/python3.12/site-packages/airflow/example_dags/example_branch_python_dop_operator_3.py for tasks to queue
[2024-09-11T13:50:53.287+0000] {logging_mixin.py:190} INFO - [2024-09-11T13:50:53.287+0000] {dagbag.py:587} INFO - Filling up the DagBag from /home/airflow/.local/lib/python3.12/site-packages/airflow/example_dags/example_branch_python_dop_operator_3.py
[2024-09-11T13:50:53.292+0000] {processor.py:925} INFO - DAG(s) 'example_branch_dop_operator_v3' retrieved from /home/airflow/.local/lib/python3.12/site-packages/airflow/example_dags/example_branch_python_dop_operator_3.py
[2024-09-11T13:50:53.304+0000] {logging_mixin.py:190} INFO - [2024-09-11T13:50:53.303+0000] {dag.py:3229} INFO - Sync 1 DAGs
[2024-09-11T13:50:53.318+0000] {logging_mixin.py:190} INFO - [2024-09-11T13:50:53.317+0000] {dag.py:4156} INFO - Setting next_dagrun for example_branch_dop_operator_v3 to 2024-09-11 13:49:00+00:00, run_after=2024-09-11 13:50:00+00:00
[2024-09-11T13:50:53.328+0000] {processor.py:208} INFO - Processing /home/airflow/.local/lib/python3.12/site-packages/airflow/example_dags/example_branch_python_dop_operator_3.py took 0.047 seconds
[2024-09-11T13:51:23.407+0000] {processor.py:186} INFO - Started process (PID=1291) to work on /home/airflow/.local/lib/python3.12/site-packages/airflow/example_dags/example_branch_python_dop_operator_3.py
[2024-09-11T13:51:23.408+0000] {processor.py:914} INFO - Processing file /home/airflow/.local/lib/python3.12/site-packages/airflow/example_dags/example_branch_python_dop_operator_3.py for tasks to queue
[2024-09-11T13:51:23.409+0000] {logging_mixin.py:190} INFO - [2024-09-11T13:51:23.409+0000] {dagbag.py:587} INFO - Filling up the DagBag from /home/airflow/.local/lib/python3.12/site-packages/airflow/example_dags/example_branch_python_dop_operator_3.py
[2024-09-11T13:51:23.415+0000] {processor.py:925} INFO - DAG(s) 'example_branch_dop_operator_v3' retrieved from /home/airflow/.local/lib/python3.12/site-packages/airflow/example_dags/example_branch_python_dop_operator_3.py
[2024-09-11T13:51:23.425+0000] {logging_mixin.py:190} INFO - [2024-09-11T13:51:23.425+0000] {dag.py:3229} INFO - Sync 1 DAGs
[2024-09-11T13:51:23.437+0000] {logging_mixin.py:190} INFO - [2024-09-11T13:51:23.437+0000] {dag.py:4156} INFO - Setting next_dagrun for example_branch_dop_operator_v3 to 2024-09-11 13:50:00+00:00, run_after=2024-09-11 13:51:00+00:00
[2024-09-11T13:51:23.444+0000] {processor.py:208} INFO - Processing /home/airflow/.local/lib/python3.12/site-packages/airflow/example_dags/example_branch_python_dop_operator_3.py took 0.041 seconds
[2024-09-11T13:51:53.654+0000] {processor.py:186} INFO - Started process (PID=1347) to work on /home/airflow/.local/lib/python3.12/site-packages/airflow/example_dags/example_branch_python_dop_operator_3.py
[2024-09-11T13:51:53.656+0000] {processor.py:914} INFO - Processing file /home/airflow/.local/lib/python3.12/site-packages/airflow/example_dags/example_branch_python_dop_operator_3.py for tasks to queue
[2024-09-11T13:51:53.658+0000] {logging_mixin.py:190} INFO - [2024-09-11T13:51:53.657+0000] {dagbag.py:587} INFO - Filling up the DagBag from /home/airflow/.local/lib/python3.12/site-packages/airflow/example_dags/example_branch_python_dop_operator_3.py
[2024-09-11T13:51:53.662+0000] {processor.py:925} INFO - DAG(s) 'example_branch_dop_operator_v3' retrieved from /home/airflow/.local/lib/python3.12/site-packages/airflow/example_dags/example_branch_python_dop_operator_3.py
[2024-09-11T13:51:53.673+0000] {logging_mixin.py:190} INFO - [2024-09-11T13:51:53.672+0000] {dag.py:3229} INFO - Sync 1 DAGs
[2024-09-11T13:51:53.684+0000] {logging_mixin.py:190} INFO - [2024-09-11T13:51:53.684+0000] {dag.py:4156} INFO - Setting next_dagrun for example_branch_dop_operator_v3 to 2024-09-11 13:50:00+00:00, run_after=2024-09-11 13:51:00+00:00
[2024-09-11T13:51:53.692+0000] {processor.py:208} INFO - Processing /home/airflow/.local/lib/python3.12/site-packages/airflow/example_dags/example_branch_python_dop_operator_3.py took 0.041 seconds
[2024-09-11T13:52:23.878+0000] {processor.py:186} INFO - Started process (PID=1403) to work on /home/airflow/.local/lib/python3.12/site-packages/airflow/example_dags/example_branch_python_dop_operator_3.py
[2024-09-11T13:52:23.881+0000] {processor.py:914} INFO - Processing file /home/airflow/.local/lib/python3.12/site-packages/airflow/example_dags/example_branch_python_dop_operator_3.py for tasks to queue
[2024-09-11T13:52:23.882+0000] {logging_mixin.py:190} INFO - [2024-09-11T13:52:23.882+0000] {dagbag.py:587} INFO - Filling up the DagBag from /home/airflow/.local/lib/python3.12/site-packages/airflow/example_dags/example_branch_python_dop_operator_3.py
[2024-09-11T13:52:23.887+0000] {processor.py:925} INFO - DAG(s) 'example_branch_dop_operator_v3' retrieved from /home/airflow/.local/lib/python3.12/site-packages/airflow/example_dags/example_branch_python_dop_operator_3.py
[2024-09-11T13:52:23.897+0000] {logging_mixin.py:190} INFO - [2024-09-11T13:52:23.897+0000] {dag.py:3229} INFO - Sync 1 DAGs
[2024-09-11T13:52:23.910+0000] {logging_mixin.py:190} INFO - [2024-09-11T13:52:23.910+0000] {dag.py:4156} INFO - Setting next_dagrun for example_branch_dop_operator_v3 to 2024-09-11 13:51:00+00:00, run_after=2024-09-11 13:52:00+00:00
[2024-09-11T13:52:23.917+0000] {processor.py:208} INFO - Processing /home/airflow/.local/lib/python3.12/site-packages/airflow/example_dags/example_branch_python_dop_operator_3.py took 0.042 seconds
[2024-09-11T13:52:54.659+0000] {processor.py:186} INFO - Started process (PID=1459) to work on /home/airflow/.local/lib/python3.12/site-packages/airflow/example_dags/example_branch_python_dop_operator_3.py
[2024-09-11T13:52:54.660+0000] {processor.py:914} INFO - Processing file /home/airflow/.local/lib/python3.12/site-packages/airflow/example_dags/example_branch_python_dop_operator_3.py for tasks to queue
[2024-09-11T13:52:54.661+0000] {logging_mixin.py:190} INFO - [2024-09-11T13:52:54.661+0000] {dagbag.py:587} INFO - Filling up the DagBag from /home/airflow/.local/lib/python3.12/site-packages/airflow/example_dags/example_branch_python_dop_operator_3.py
[2024-09-11T13:52:54.666+0000] {processor.py:925} INFO - DAG(s) 'example_branch_dop_operator_v3' retrieved from /home/airflow/.local/lib/python3.12/site-packages/airflow/example_dags/example_branch_python_dop_operator_3.py
[2024-09-11T13:52:54.676+0000] {logging_mixin.py:190} INFO - [2024-09-11T13:52:54.675+0000] {dag.py:3229} INFO - Sync 1 DAGs
[2024-09-11T13:52:54.688+0000] {logging_mixin.py:190} INFO - [2024-09-11T13:52:54.688+0000] {dag.py:4156} INFO - Setting next_dagrun for example_branch_dop_operator_v3 to 2024-09-11 13:51:00+00:00, run_after=2024-09-11 13:52:00+00:00
[2024-09-11T13:52:54.696+0000] {processor.py:208} INFO - Processing /home/airflow/.local/lib/python3.12/site-packages/airflow/example_dags/example_branch_python_dop_operator_3.py took 0.040 seconds
[2024-09-11T13:53:25.128+0000] {processor.py:186} INFO - Started process (PID=1515) to work on /home/airflow/.local/lib/python3.12/site-packages/airflow/example_dags/example_branch_python_dop_operator_3.py
[2024-09-11T13:53:25.129+0000] {processor.py:914} INFO - Processing file /home/airflow/.local/lib/python3.12/site-packages/airflow/example_dags/example_branch_python_dop_operator_3.py for tasks to queue
[2024-09-11T13:53:25.130+0000] {logging_mixin.py:190} INFO - [2024-09-11T13:53:25.130+0000] {dagbag.py:587} INFO - Filling up the DagBag from /home/airflow/.local/lib/python3.12/site-packages/airflow/example_dags/example_branch_python_dop_operator_3.py
[2024-09-11T13:53:25.135+0000] {processor.py:925} INFO - DAG(s) 'example_branch_dop_operator_v3' retrieved from /home/airflow/.local/lib/python3.12/site-packages/airflow/example_dags/example_branch_python_dop_operator_3.py
[2024-09-11T13:53:25.145+0000] {logging_mixin.py:190} INFO - [2024-09-11T13:53:25.145+0000] {dag.py:3229} INFO - Sync 1 DAGs
[2024-09-11T13:53:25.157+0000] {logging_mixin.py:190} INFO - [2024-09-11T13:53:25.157+0000] {dag.py:4156} INFO - Setting next_dagrun for example_branch_dop_operator_v3 to 2024-09-11 13:52:00+00:00, run_after=2024-09-11 13:53:00+00:00
[2024-09-11T13:53:25.166+0000] {processor.py:208} INFO - Processing /home/airflow/.local/lib/python3.12/site-packages/airflow/example_dags/example_branch_python_dop_operator_3.py took 0.041 seconds
[2024-09-11T13:53:55.845+0000] {processor.py:186} INFO - Started process (PID=1571) to work on /home/airflow/.local/lib/python3.12/site-packages/airflow/example_dags/example_branch_python_dop_operator_3.py
[2024-09-11T13:53:55.846+0000] {processor.py:914} INFO - Processing file /home/airflow/.local/lib/python3.12/site-packages/airflow/example_dags/example_branch_python_dop_operator_3.py for tasks to queue
[2024-09-11T13:53:55.847+0000] {logging_mixin.py:190} INFO - [2024-09-11T13:53:55.847+0000] {dagbag.py:587} INFO - Filling up the DagBag from /home/airflow/.local/lib/python3.12/site-packages/airflow/example_dags/example_branch_python_dop_operator_3.py
[2024-09-11T13:53:55.853+0000] {processor.py:925} INFO - DAG(s) 'example_branch_dop_operator_v3' retrieved from /home/airflow/.local/lib/python3.12/site-packages/airflow/example_dags/example_branch_python_dop_operator_3.py
[2024-09-11T13:53:55.863+0000] {logging_mixin.py:190} INFO - [2024-09-11T13:53:55.863+0000] {dag.py:3229} INFO - Sync 1 DAGs
[2024-09-11T13:53:55.875+0000] {logging_mixin.py:190} INFO - [2024-09-11T13:53:55.875+0000] {dag.py:4156} INFO - Setting next_dagrun for example_branch_dop_operator_v3 to 2024-09-11 13:52:00+00:00, run_after=2024-09-11 13:53:00+00:00
[2024-09-11T13:53:55.883+0000] {processor.py:208} INFO - Processing /home/airflow/.local/lib/python3.12/site-packages/airflow/example_dags/example_branch_python_dop_operator_3.py took 0.041 seconds
[2024-09-11T13:54:26.137+0000] {processor.py:186} INFO - Started process (PID=1627) to work on /home/airflow/.local/lib/python3.12/site-packages/airflow/example_dags/example_branch_python_dop_operator_3.py
[2024-09-11T13:54:26.138+0000] {processor.py:914} INFO - Processing file /home/airflow/.local/lib/python3.12/site-packages/airflow/example_dags/example_branch_python_dop_operator_3.py for tasks to queue
[2024-09-11T13:54:26.139+0000] {logging_mixin.py:190} INFO - [2024-09-11T13:54:26.139+0000] {dagbag.py:587} INFO - Filling up the DagBag from /home/airflow/.local/lib/python3.12/site-packages/airflow/example_dags/example_branch_python_dop_operator_3.py
[2024-09-11T13:54:26.144+0000] {processor.py:925} INFO - DAG(s) 'example_branch_dop_operator_v3' retrieved from /home/airflow/.local/lib/python3.12/site-packages/airflow/example_dags/example_branch_python_dop_operator_3.py
[2024-09-11T13:54:26.154+0000] {logging_mixin.py:190} INFO - [2024-09-11T13:54:26.154+0000] {dag.py:3229} INFO - Sync 1 DAGs
[2024-09-11T13:54:26.166+0000] {logging_mixin.py:190} INFO - [2024-09-11T13:54:26.166+0000] {dag.py:4156} INFO - Setting next_dagrun for example_branch_dop_operator_v3 to 2024-09-11 13:53:00+00:00, run_after=2024-09-11 13:54:00+00:00
[2024-09-11T13:54:26.173+0000] {processor.py:208} INFO - Processing /home/airflow/.local/lib/python3.12/site-packages/airflow/example_dags/example_branch_python_dop_operator_3.py took 0.039 seconds
[2024-09-11T13:54:56.497+0000] {processor.py:186} INFO - Started process (PID=1683) to work on /home/airflow/.local/lib/python3.12/site-packages/airflow/example_dags/example_branch_python_dop_operator_3.py
[2024-09-11T13:54:56.498+0000] {processor.py:914} INFO - Processing file /home/airflow/.local/lib/python3.12/site-packages/airflow/example_dags/example_branch_python_dop_operator_3.py for tasks to queue
[2024-09-11T13:54:56.499+0000] {logging_mixin.py:190} INFO - [2024-09-11T13:54:56.499+0000] {dagbag.py:587} INFO - Filling up the DagBag from /home/airflow/.local/lib/python3.12/site-packages/airflow/example_dags/example_branch_python_dop_operator_3.py
[2024-09-11T13:54:56.505+0000] {processor.py:925} INFO - DAG(s) 'example_branch_dop_operator_v3' retrieved from /home/airflow/.local/lib/python3.12/site-packages/airflow/example_dags/example_branch_python_dop_operator_3.py
[2024-09-11T13:54:56.516+0000] {logging_mixin.py:190} INFO - [2024-09-11T13:54:56.516+0000] {dag.py:3229} INFO - Sync 1 DAGs
[2024-09-11T13:54:56.529+0000] {logging_mixin.py:190} INFO - [2024-09-11T13:54:56.529+0000] {dag.py:4156} INFO - Setting next_dagrun for example_branch_dop_operator_v3 to 2024-09-11 13:53:00+00:00, run_after=2024-09-11 13:54:00+00:00
[2024-09-11T13:54:56.537+0000] {processor.py:208} INFO - Processing /home/airflow/.local/lib/python3.12/site-packages/airflow/example_dags/example_branch_python_dop_operator_3.py took 0.044 seconds
[2024-09-11T13:55:26.902+0000] {processor.py:186} INFO - Started process (PID=1739) to work on /home/airflow/.local/lib/python3.12/site-packages/airflow/example_dags/example_branch_python_dop_operator_3.py
[2024-09-11T13:55:26.902+0000] {processor.py:914} INFO - Processing file /home/airflow/.local/lib/python3.12/site-packages/airflow/example_dags/example_branch_python_dop_operator_3.py for tasks to queue
[2024-09-11T13:55:26.904+0000] {logging_mixin.py:190} INFO - [2024-09-11T13:55:26.904+0000] {dagbag.py:587} INFO - Filling up the DagBag from /home/airflow/.local/lib/python3.12/site-packages/airflow/example_dags/example_branch_python_dop_operator_3.py
[2024-09-11T13:55:26.909+0000] {processor.py:925} INFO - DAG(s) 'example_branch_dop_operator_v3' retrieved from /home/airflow/.local/lib/python3.12/site-packages/airflow/example_dags/example_branch_python_dop_operator_3.py
[2024-09-11T13:55:26.920+0000] {logging_mixin.py:190} INFO - [2024-09-11T13:55:26.919+0000] {dag.py:3229} INFO - Sync 1 DAGs
[2024-09-11T13:55:26.932+0000] {logging_mixin.py:190} INFO - [2024-09-11T13:55:26.932+0000] {dag.py:4156} INFO - Setting next_dagrun for example_branch_dop_operator_v3 to 2024-09-11 13:54:00+00:00, run_after=2024-09-11 13:55:00+00:00
[2024-09-11T13:55:26.940+0000] {processor.py:208} INFO - Processing /home/airflow/.local/lib/python3.12/site-packages/airflow/example_dags/example_branch_python_dop_operator_3.py took 0.042 seconds
[2024-09-11T13:55:57.229+0000] {processor.py:186} INFO - Started process (PID=1795) to work on /home/airflow/.local/lib/python3.12/site-packages/airflow/example_dags/example_branch_python_dop_operator_3.py
[2024-09-11T13:55:57.229+0000] {processor.py:914} INFO - Processing file /home/airflow/.local/lib/python3.12/site-packages/airflow/example_dags/example_branch_python_dop_operator_3.py for tasks to queue
[2024-09-11T13:55:57.230+0000] {logging_mixin.py:190} INFO - [2024-09-11T13:55:57.230+0000] {dagbag.py:587} INFO - Filling up the DagBag from /home/airflow/.local/lib/python3.12/site-packages/airflow/example_dags/example_branch_python_dop_operator_3.py
[2024-09-11T13:55:57.236+0000] {processor.py:925} INFO - DAG(s) 'example_branch_dop_operator_v3' retrieved from /home/airflow/.local/lib/python3.12/site-packages/airflow/example_dags/example_branch_python_dop_operator_3.py
[2024-09-11T13:55:57.246+0000] {logging_mixin.py:190} INFO - [2024-09-11T13:55:57.246+0000] {dag.py:3229} INFO - Sync 1 DAGs
[2024-09-11T13:55:57.258+0000] {logging_mixin.py:190} INFO - [2024-09-11T13:55:57.258+0000] {dag.py:4156} INFO - Setting next_dagrun for example_branch_dop_operator_v3 to 2024-09-11 13:54:00+00:00, run_after=2024-09-11 13:55:00+00:00
[2024-09-11T13:55:57.266+0000] {processor.py:208} INFO - Processing /home/airflow/.local/lib/python3.12/site-packages/airflow/example_dags/example_branch_python_dop_operator_3.py took 0.041 seconds
[2024-09-11T13:56:27.541+0000] {processor.py:186} INFO - Started process (PID=1851) to work on /home/airflow/.local/lib/python3.12/site-packages/airflow/example_dags/example_branch_python_dop_operator_3.py
[2024-09-11T13:56:27.541+0000] {processor.py:914} INFO - Processing file /home/airflow/.local/lib/python3.12/site-packages/airflow/example_dags/example_branch_python_dop_operator_3.py for tasks to queue
[2024-09-11T13:56:27.543+0000] {logging_mixin.py:190} INFO - [2024-09-11T13:56:27.542+0000] {dagbag.py:587} INFO - Filling up the DagBag from /home/airflow/.local/lib/python3.12/site-packages/airflow/example_dags/example_branch_python_dop_operator_3.py
[2024-09-11T13:56:27.547+0000] {processor.py:925} INFO - DAG(s) 'example_branch_dop_operator_v3' retrieved from /home/airflow/.local/lib/python3.12/site-packages/airflow/example_dags/example_branch_python_dop_operator_3.py
[2024-09-11T13:56:27.557+0000] {logging_mixin.py:190} INFO - [2024-09-11T13:56:27.557+0000] {dag.py:3229} INFO - Sync 1 DAGs
[2024-09-11T13:56:27.569+0000] {logging_mixin.py:190} INFO - [2024-09-11T13:56:27.569+0000] {dag.py:4156} INFO - Setting next_dagrun for example_branch_dop_operator_v3 to 2024-09-11 13:55:00+00:00, run_after=2024-09-11 13:56:00+00:00
[2024-09-11T13:56:27.578+0000] {processor.py:208} INFO - Processing /home/airflow/.local/lib/python3.12/site-packages/airflow/example_dags/example_branch_python_dop_operator_3.py took 0.040 seconds
[2024-09-11T13:56:57.869+0000] {processor.py:186} INFO - Started process (PID=1907) to work on /home/airflow/.local/lib/python3.12/site-packages/airflow/example_dags/example_branch_python_dop_operator_3.py
[2024-09-11T13:56:57.870+0000] {processor.py:914} INFO - Processing file /home/airflow/.local/lib/python3.12/site-packages/airflow/example_dags/example_branch_python_dop_operator_3.py for tasks to queue
[2024-09-11T13:56:57.871+0000] {logging_mixin.py:190} INFO - [2024-09-11T13:56:57.871+0000] {dagbag.py:587} INFO - Filling up the DagBag from /home/airflow/.local/lib/python3.12/site-packages/airflow/example_dags/example_branch_python_dop_operator_3.py
[2024-09-11T13:56:57.876+0000] {processor.py:925} INFO - DAG(s) 'example_branch_dop_operator_v3' retrieved from /home/airflow/.local/lib/python3.12/site-packages/airflow/example_dags/example_branch_python_dop_operator_3.py
[2024-09-11T13:56:57.886+0000] {logging_mixin.py:190} INFO - [2024-09-11T13:56:57.886+0000] {dag.py:3229} INFO - Sync 1 DAGs
[2024-09-11T13:56:57.898+0000] {logging_mixin.py:190} INFO - [2024-09-11T13:56:57.898+0000] {dag.py:4156} INFO - Setting next_dagrun for example_branch_dop_operator_v3 to 2024-09-11 13:55:00+00:00, run_after=2024-09-11 13:56:00+00:00
[2024-09-11T13:56:57.906+0000] {processor.py:208} INFO - Processing /home/airflow/.local/lib/python3.12/site-packages/airflow/example_dags/example_branch_python_dop_operator_3.py took 0.040 seconds
[2024-09-11T13:57:28.293+0000] {processor.py:186} INFO - Started process (PID=1963) to work on /home/airflow/.local/lib/python3.12/site-packages/airflow/example_dags/example_branch_python_dop_operator_3.py
[2024-09-11T13:57:28.294+0000] {processor.py:914} INFO - Processing file /home/airflow/.local/lib/python3.12/site-packages/airflow/example_dags/example_branch_python_dop_operator_3.py for tasks to queue
[2024-09-11T13:57:28.295+0000] {logging_mixin.py:190} INFO - [2024-09-11T13:57:28.295+0000] {dagbag.py:587} INFO - Filling up the DagBag from /home/airflow/.local/lib/python3.12/site-packages/airflow/example_dags/example_branch_python_dop_operator_3.py
[2024-09-11T13:57:28.301+0000] {processor.py:925} INFO - DAG(s) 'example_branch_dop_operator_v3' retrieved from /home/airflow/.local/lib/python3.12/site-packages/airflow/example_dags/example_branch_python_dop_operator_3.py
[2024-09-11T13:57:28.311+0000] {logging_mixin.py:190} INFO - [2024-09-11T13:57:28.311+0000] {dag.py:3229} INFO - Sync 1 DAGs
[2024-09-11T13:57:28.323+0000] {logging_mixin.py:190} INFO - [2024-09-11T13:57:28.323+0000] {dag.py:4156} INFO - Setting next_dagrun for example_branch_dop_operator_v3 to 2024-09-11 13:56:00+00:00, run_after=2024-09-11 13:57:00+00:00
[2024-09-11T13:57:28.331+0000] {processor.py:208} INFO - Processing /home/airflow/.local/lib/python3.12/site-packages/airflow/example_dags/example_branch_python_dop_operator_3.py took 0.041 seconds
[2024-09-11T13:57:58.697+0000] {processor.py:186} INFO - Started process (PID=2019) to work on /home/airflow/.local/lib/python3.12/site-packages/airflow/example_dags/example_branch_python_dop_operator_3.py
[2024-09-11T13:57:58.697+0000] {processor.py:914} INFO - Processing file /home/airflow/.local/lib/python3.12/site-packages/airflow/example_dags/example_branch_python_dop_operator_3.py for tasks to queue
[2024-09-11T13:57:58.698+0000] {logging_mixin.py:190} INFO - [2024-09-11T13:57:58.698+0000] {dagbag.py:587} INFO - Filling up the DagBag from /home/airflow/.local/lib/python3.12/site-packages/airflow/example_dags/example_branch_python_dop_operator_3.py
[2024-09-11T13:57:58.703+0000] {processor.py:925} INFO - DAG(s) 'example_branch_dop_operator_v3' retrieved from /home/airflow/.local/lib/python3.12/site-packages/airflow/example_dags/example_branch_python_dop_operator_3.py
[2024-09-11T13:57:58.714+0000] {logging_mixin.py:190} INFO - [2024-09-11T13:57:58.714+0000] {dag.py:3229} INFO - Sync 1 DAGs
[2024-09-11T13:57:58.727+0000] {logging_mixin.py:190} INFO - [2024-09-11T13:57:58.727+0000] {dag.py:4156} INFO - Setting next_dagrun for example_branch_dop_operator_v3 to 2024-09-11 13:56:00+00:00, run_after=2024-09-11 13:57:00+00:00
[2024-09-11T13:57:58.736+0000] {processor.py:208} INFO - Processing /home/airflow/.local/lib/python3.12/site-packages/airflow/example_dags/example_branch_python_dop_operator_3.py took 0.042 seconds
[2024-09-11T13:58:29.287+0000] {processor.py:186} INFO - Started process (PID=2075) to work on /home/airflow/.local/lib/python3.12/site-packages/airflow/example_dags/example_branch_python_dop_operator_3.py
[2024-09-11T13:58:29.287+0000] {processor.py:914} INFO - Processing file /home/airflow/.local/lib/python3.12/site-packages/airflow/example_dags/example_branch_python_dop_operator_3.py for tasks to queue
[2024-09-11T13:58:29.289+0000] {logging_mixin.py:190} INFO - [2024-09-11T13:58:29.289+0000] {dagbag.py:587} INFO - Filling up the DagBag from /home/airflow/.local/lib/python3.12/site-packages/airflow/example_dags/example_branch_python_dop_operator_3.py
[2024-09-11T13:58:29.294+0000] {processor.py:925} INFO - DAG(s) 'example_branch_dop_operator_v3' retrieved from /home/airflow/.local/lib/python3.12/site-packages/airflow/example_dags/example_branch_python_dop_operator_3.py
[2024-09-11T13:58:29.303+0000] {logging_mixin.py:190} INFO - [2024-09-11T13:58:29.303+0000] {dag.py:3229} INFO - Sync 1 DAGs
[2024-09-11T13:58:29.315+0000] {logging_mixin.py:190} INFO - [2024-09-11T13:58:29.315+0000] {dag.py:4156} INFO - Setting next_dagrun for example_branch_dop_operator_v3 to 2024-09-11 13:57:00+00:00, run_after=2024-09-11 13:58:00+00:00
[2024-09-11T13:58:29.323+0000] {processor.py:208} INFO - Processing /home/airflow/.local/lib/python3.12/site-packages/airflow/example_dags/example_branch_python_dop_operator_3.py took 0.040 seconds
