[2024-09-11T13:40:15.503+0000] {processor.py:186} INFO - Started process (PID=52) to work on /home/airflow/.local/lib/python3.12/site-packages/airflow/example_dags/example_display_name.py
[2024-09-11T13:40:15.504+0000] {processor.py:914} INFO - Processing file /home/airflow/.local/lib/python3.12/site-packages/airflow/example_dags/example_display_name.py for tasks to queue
[2024-09-11T13:40:15.506+0000] {logging_mixin.py:190} INFO - [2024-09-11T13:40:15.506+0000] {dagbag.py:587} INFO - Filling up the DagBag from /home/airflow/.local/lib/python3.12/site-packages/airflow/example_dags/example_display_name.py
[2024-09-11T13:40:15.518+0000] {processor.py:925} INFO - DAG(s) 'example_display_name' retrieved from /home/airflow/.local/lib/python3.12/site-packages/airflow/example_dags/example_display_name.py
[2024-09-11T13:40:15.685+0000] {logging_mixin.py:190} INFO - [2024-09-11T13:40:15.684+0000] {override.py:1900} INFO - Created Permission View: can read on DAG:example_display_name
[2024-09-11T13:40:15.700+0000] {logging_mixin.py:190} INFO - [2024-09-11T13:40:15.700+0000] {override.py:1900} INFO - Created Permission View: can delete on DAG:example_display_name
[2024-09-11T13:40:15.709+0000] {logging_mixin.py:190} INFO - [2024-09-11T13:40:15.708+0000] {override.py:1900} INFO - Created Permission View: can edit on DAG:example_display_name
[2024-09-11T13:40:15.716+0000] {logging_mixin.py:190} INFO - [2024-09-11T13:40:15.716+0000] {override.py:1900} INFO - Created Permission View: can read on DAG Run:example_display_name
[2024-09-11T13:40:15.724+0000] {logging_mixin.py:190} INFO - [2024-09-11T13:40:15.724+0000] {override.py:1900} INFO - Created Permission View: can create on DAG Run:example_display_name
[2024-09-11T13:40:15.730+0000] {logging_mixin.py:190} INFO - [2024-09-11T13:40:15.730+0000] {override.py:1900} INFO - Created Permission View: menu access on DAG Run:example_display_name
[2024-09-11T13:40:15.736+0000] {logging_mixin.py:190} INFO - [2024-09-11T13:40:15.735+0000] {override.py:1900} INFO - Created Permission View: can delete on DAG Run:example_display_name
[2024-09-11T13:40:15.741+0000] {logging_mixin.py:190} INFO - [2024-09-11T13:40:15.741+0000] {dag.py:3229} INFO - Sync 1 DAGs
[2024-09-11T13:40:15.771+0000] {logging_mixin.py:190} INFO - [2024-09-11T13:40:15.770+0000] {dag.py:3252} INFO - Creating ORM DAG for example_display_name
[2024-09-11T13:40:15.772+0000] {logging_mixin.py:190} INFO - [2024-09-11T13:40:15.772+0000] {dag.py:4156} INFO - Setting next_dagrun for example_display_name to None, run_after=None
[2024-09-11T13:40:15.798+0000] {processor.py:208} INFO - Processing /home/airflow/.local/lib/python3.12/site-packages/airflow/example_dags/example_display_name.py took 0.301 seconds
[2024-09-11T13:40:46.077+0000] {processor.py:186} INFO - Started process (PID=107) to work on /home/airflow/.local/lib/python3.12/site-packages/airflow/example_dags/example_display_name.py
[2024-09-11T13:40:46.078+0000] {processor.py:914} INFO - Processing file /home/airflow/.local/lib/python3.12/site-packages/airflow/example_dags/example_display_name.py for tasks to queue
[2024-09-11T13:40:46.081+0000] {logging_mixin.py:190} INFO - [2024-09-11T13:40:46.080+0000] {dagbag.py:587} INFO - Filling up the DagBag from /home/airflow/.local/lib/python3.12/site-packages/airflow/example_dags/example_display_name.py
[2024-09-11T13:40:46.091+0000] {processor.py:925} INFO - DAG(s) 'example_display_name' retrieved from /home/airflow/.local/lib/python3.12/site-packages/airflow/example_dags/example_display_name.py
[2024-09-11T13:40:46.120+0000] {logging_mixin.py:190} INFO - [2024-09-11T13:40:46.120+0000] {dag.py:3229} INFO - Sync 1 DAGs
[2024-09-11T13:40:46.145+0000] {logging_mixin.py:190} INFO - [2024-09-11T13:40:46.144+0000] {dag.py:4156} INFO - Setting next_dagrun for example_display_name to None, run_after=None
[2024-09-11T13:40:46.171+0000] {processor.py:208} INFO - Processing /home/airflow/.local/lib/python3.12/site-packages/airflow/example_dags/example_display_name.py took 0.101 seconds
[2024-09-11T13:41:17.057+0000] {processor.py:186} INFO - Started process (PID=164) to work on /home/airflow/.local/lib/python3.12/site-packages/airflow/example_dags/example_display_name.py
[2024-09-11T13:41:17.059+0000] {processor.py:914} INFO - Processing file /home/airflow/.local/lib/python3.12/site-packages/airflow/example_dags/example_display_name.py for tasks to queue
[2024-09-11T13:41:17.063+0000] {logging_mixin.py:190} INFO - [2024-09-11T13:41:17.062+0000] {dagbag.py:587} INFO - Filling up the DagBag from /home/airflow/.local/lib/python3.12/site-packages/airflow/example_dags/example_display_name.py
[2024-09-11T13:41:17.071+0000] {processor.py:925} INFO - DAG(s) 'example_display_name' retrieved from /home/airflow/.local/lib/python3.12/site-packages/airflow/example_dags/example_display_name.py
[2024-09-11T13:41:17.088+0000] {logging_mixin.py:190} INFO - [2024-09-11T13:41:17.088+0000] {dag.py:3229} INFO - Sync 1 DAGs
[2024-09-11T13:41:17.104+0000] {logging_mixin.py:190} INFO - [2024-09-11T13:41:17.104+0000] {dag.py:4156} INFO - Setting next_dagrun for example_display_name to None, run_after=None
[2024-09-11T13:41:17.123+0000] {processor.py:208} INFO - Processing /home/airflow/.local/lib/python3.12/site-packages/airflow/example_dags/example_display_name.py took 0.072 seconds
[2024-09-11T13:41:47.399+0000] {processor.py:186} INFO - Started process (PID=219) to work on /home/airflow/.local/lib/python3.12/site-packages/airflow/example_dags/example_display_name.py
[2024-09-11T13:41:47.399+0000] {processor.py:914} INFO - Processing file /home/airflow/.local/lib/python3.12/site-packages/airflow/example_dags/example_display_name.py for tasks to queue
[2024-09-11T13:41:47.401+0000] {logging_mixin.py:190} INFO - [2024-09-11T13:41:47.401+0000] {dagbag.py:587} INFO - Filling up the DagBag from /home/airflow/.local/lib/python3.12/site-packages/airflow/example_dags/example_display_name.py
[2024-09-11T13:41:47.405+0000] {processor.py:925} INFO - DAG(s) 'example_display_name' retrieved from /home/airflow/.local/lib/python3.12/site-packages/airflow/example_dags/example_display_name.py
[2024-09-11T13:41:47.416+0000] {logging_mixin.py:190} INFO - [2024-09-11T13:41:47.415+0000] {dag.py:3229} INFO - Sync 1 DAGs
[2024-09-11T13:41:47.423+0000] {logging_mixin.py:190} INFO - [2024-09-11T13:41:47.423+0000] {dag.py:4156} INFO - Setting next_dagrun for example_display_name to None, run_after=None
[2024-09-11T13:41:47.433+0000] {processor.py:208} INFO - Processing /home/airflow/.local/lib/python3.12/site-packages/airflow/example_dags/example_display_name.py took 0.037 seconds
[2024-09-11T13:42:18.032+0000] {processor.py:186} INFO - Started process (PID=276) to work on /home/airflow/.local/lib/python3.12/site-packages/airflow/example_dags/example_display_name.py
[2024-09-11T13:42:18.032+0000] {processor.py:914} INFO - Processing file /home/airflow/.local/lib/python3.12/site-packages/airflow/example_dags/example_display_name.py for tasks to queue
[2024-09-11T13:42:18.034+0000] {logging_mixin.py:190} INFO - [2024-09-11T13:42:18.033+0000] {dagbag.py:587} INFO - Filling up the DagBag from /home/airflow/.local/lib/python3.12/site-packages/airflow/example_dags/example_display_name.py
[2024-09-11T13:42:18.038+0000] {processor.py:925} INFO - DAG(s) 'example_display_name' retrieved from /home/airflow/.local/lib/python3.12/site-packages/airflow/example_dags/example_display_name.py
[2024-09-11T13:42:18.048+0000] {logging_mixin.py:190} INFO - [2024-09-11T13:42:18.048+0000] {dag.py:3229} INFO - Sync 1 DAGs
[2024-09-11T13:42:18.055+0000] {logging_mixin.py:190} INFO - [2024-09-11T13:42:18.055+0000] {dag.py:4156} INFO - Setting next_dagrun for example_display_name to None, run_after=None
[2024-09-11T13:42:18.063+0000] {processor.py:208} INFO - Processing /home/airflow/.local/lib/python3.12/site-packages/airflow/example_dags/example_display_name.py took 0.035 seconds
[2024-09-11T13:42:48.089+0000] {processor.py:186} INFO - Started process (PID=332) to work on /home/airflow/.local/lib/python3.12/site-packages/airflow/example_dags/example_display_name.py
[2024-09-11T13:42:48.090+0000] {processor.py:914} INFO - Processing file /home/airflow/.local/lib/python3.12/site-packages/airflow/example_dags/example_display_name.py for tasks to queue
[2024-09-11T13:42:48.091+0000] {logging_mixin.py:190} INFO - [2024-09-11T13:42:48.091+0000] {dagbag.py:587} INFO - Filling up the DagBag from /home/airflow/.local/lib/python3.12/site-packages/airflow/example_dags/example_display_name.py
[2024-09-11T13:42:48.095+0000] {processor.py:925} INFO - DAG(s) 'example_display_name' retrieved from /home/airflow/.local/lib/python3.12/site-packages/airflow/example_dags/example_display_name.py
[2024-09-11T13:42:48.104+0000] {logging_mixin.py:190} INFO - [2024-09-11T13:42:48.104+0000] {dag.py:3229} INFO - Sync 1 DAGs
[2024-09-11T13:42:48.112+0000] {logging_mixin.py:190} INFO - [2024-09-11T13:42:48.112+0000] {dag.py:4156} INFO - Setting next_dagrun for example_display_name to None, run_after=None
[2024-09-11T13:42:48.120+0000] {processor.py:208} INFO - Processing /home/airflow/.local/lib/python3.12/site-packages/airflow/example_dags/example_display_name.py took 0.034 seconds
[2024-09-11T13:43:18.376+0000] {processor.py:186} INFO - Started process (PID=387) to work on /home/airflow/.local/lib/python3.12/site-packages/airflow/example_dags/example_display_name.py
[2024-09-11T13:43:18.377+0000] {processor.py:914} INFO - Processing file /home/airflow/.local/lib/python3.12/site-packages/airflow/example_dags/example_display_name.py for tasks to queue
[2024-09-11T13:43:18.379+0000] {logging_mixin.py:190} INFO - [2024-09-11T13:43:18.378+0000] {dagbag.py:587} INFO - Filling up the DagBag from /home/airflow/.local/lib/python3.12/site-packages/airflow/example_dags/example_display_name.py
[2024-09-11T13:43:18.383+0000] {processor.py:925} INFO - DAG(s) 'example_display_name' retrieved from /home/airflow/.local/lib/python3.12/site-packages/airflow/example_dags/example_display_name.py
[2024-09-11T13:43:18.392+0000] {logging_mixin.py:190} INFO - [2024-09-11T13:43:18.392+0000] {dag.py:3229} INFO - Sync 1 DAGs
[2024-09-11T13:43:18.399+0000] {logging_mixin.py:190} INFO - [2024-09-11T13:43:18.399+0000] {dag.py:4156} INFO - Setting next_dagrun for example_display_name to None, run_after=None
[2024-09-11T13:43:18.407+0000] {processor.py:208} INFO - Processing /home/airflow/.local/lib/python3.12/site-packages/airflow/example_dags/example_display_name.py took 0.034 seconds
[2024-09-11T13:43:48.552+0000] {processor.py:186} INFO - Started process (PID=443) to work on /home/airflow/.local/lib/python3.12/site-packages/airflow/example_dags/example_display_name.py
[2024-09-11T13:43:48.552+0000] {processor.py:914} INFO - Processing file /home/airflow/.local/lib/python3.12/site-packages/airflow/example_dags/example_display_name.py for tasks to queue
[2024-09-11T13:43:48.553+0000] {logging_mixin.py:190} INFO - [2024-09-11T13:43:48.553+0000] {dagbag.py:587} INFO - Filling up the DagBag from /home/airflow/.local/lib/python3.12/site-packages/airflow/example_dags/example_display_name.py
[2024-09-11T13:43:48.557+0000] {processor.py:925} INFO - DAG(s) 'example_display_name' retrieved from /home/airflow/.local/lib/python3.12/site-packages/airflow/example_dags/example_display_name.py
[2024-09-11T13:43:48.566+0000] {logging_mixin.py:190} INFO - [2024-09-11T13:43:48.566+0000] {dag.py:3229} INFO - Sync 1 DAGs
[2024-09-11T13:43:48.572+0000] {logging_mixin.py:190} INFO - [2024-09-11T13:43:48.572+0000] {dag.py:4156} INFO - Setting next_dagrun for example_display_name to None, run_after=None
[2024-09-11T13:43:48.580+0000] {processor.py:208} INFO - Processing /home/airflow/.local/lib/python3.12/site-packages/airflow/example_dags/example_display_name.py took 0.031 seconds
[2024-09-11T13:44:18.815+0000] {processor.py:186} INFO - Started process (PID=499) to work on /home/airflow/.local/lib/python3.12/site-packages/airflow/example_dags/example_display_name.py
[2024-09-11T13:44:18.816+0000] {processor.py:914} INFO - Processing file /home/airflow/.local/lib/python3.12/site-packages/airflow/example_dags/example_display_name.py for tasks to queue
[2024-09-11T13:44:18.817+0000] {logging_mixin.py:190} INFO - [2024-09-11T13:44:18.817+0000] {dagbag.py:587} INFO - Filling up the DagBag from /home/airflow/.local/lib/python3.12/site-packages/airflow/example_dags/example_display_name.py
[2024-09-11T13:44:18.821+0000] {processor.py:925} INFO - DAG(s) 'example_display_name' retrieved from /home/airflow/.local/lib/python3.12/site-packages/airflow/example_dags/example_display_name.py
[2024-09-11T13:44:18.831+0000] {logging_mixin.py:190} INFO - [2024-09-11T13:44:18.831+0000] {dag.py:3229} INFO - Sync 1 DAGs
[2024-09-11T13:44:18.838+0000] {logging_mixin.py:190} INFO - [2024-09-11T13:44:18.837+0000] {dag.py:4156} INFO - Setting next_dagrun for example_display_name to None, run_after=None
[2024-09-11T13:44:18.846+0000] {processor.py:208} INFO - Processing /home/airflow/.local/lib/python3.12/site-packages/airflow/example_dags/example_display_name.py took 0.034 seconds
[2024-09-11T13:44:49.225+0000] {processor.py:186} INFO - Started process (PID=556) to work on /home/airflow/.local/lib/python3.12/site-packages/airflow/example_dags/example_display_name.py
[2024-09-11T13:44:49.225+0000] {processor.py:914} INFO - Processing file /home/airflow/.local/lib/python3.12/site-packages/airflow/example_dags/example_display_name.py for tasks to queue
[2024-09-11T13:44:49.227+0000] {logging_mixin.py:190} INFO - [2024-09-11T13:44:49.227+0000] {dagbag.py:587} INFO - Filling up the DagBag from /home/airflow/.local/lib/python3.12/site-packages/airflow/example_dags/example_display_name.py
[2024-09-11T13:44:49.232+0000] {processor.py:925} INFO - DAG(s) 'example_display_name' retrieved from /home/airflow/.local/lib/python3.12/site-packages/airflow/example_dags/example_display_name.py
[2024-09-11T13:44:49.243+0000] {logging_mixin.py:190} INFO - [2024-09-11T13:44:49.243+0000] {dag.py:3229} INFO - Sync 1 DAGs
[2024-09-11T13:44:49.251+0000] {logging_mixin.py:190} INFO - [2024-09-11T13:44:49.251+0000] {dag.py:4156} INFO - Setting next_dagrun for example_display_name to None, run_after=None
[2024-09-11T13:44:49.260+0000] {processor.py:208} INFO - Processing /home/airflow/.local/lib/python3.12/site-packages/airflow/example_dags/example_display_name.py took 0.040 seconds
[2024-09-11T13:45:19.369+0000] {processor.py:186} INFO - Started process (PID=612) to work on /home/airflow/.local/lib/python3.12/site-packages/airflow/example_dags/example_display_name.py
[2024-09-11T13:45:19.370+0000] {processor.py:914} INFO - Processing file /home/airflow/.local/lib/python3.12/site-packages/airflow/example_dags/example_display_name.py for tasks to queue
[2024-09-11T13:45:19.371+0000] {logging_mixin.py:190} INFO - [2024-09-11T13:45:19.371+0000] {dagbag.py:587} INFO - Filling up the DagBag from /home/airflow/.local/lib/python3.12/site-packages/airflow/example_dags/example_display_name.py
[2024-09-11T13:45:19.375+0000] {processor.py:925} INFO - DAG(s) 'example_display_name' retrieved from /home/airflow/.local/lib/python3.12/site-packages/airflow/example_dags/example_display_name.py
[2024-09-11T13:45:19.386+0000] {logging_mixin.py:190} INFO - [2024-09-11T13:45:19.385+0000] {dag.py:3229} INFO - Sync 1 DAGs
[2024-09-11T13:45:19.392+0000] {logging_mixin.py:190} INFO - [2024-09-11T13:45:19.392+0000] {dag.py:4156} INFO - Setting next_dagrun for example_display_name to None, run_after=None
[2024-09-11T13:45:19.401+0000] {processor.py:208} INFO - Processing /home/airflow/.local/lib/python3.12/site-packages/airflow/example_dags/example_display_name.py took 0.035 seconds
[2024-09-11T13:45:49.506+0000] {processor.py:186} INFO - Started process (PID=667) to work on /home/airflow/.local/lib/python3.12/site-packages/airflow/example_dags/example_display_name.py
[2024-09-11T13:45:49.507+0000] {processor.py:914} INFO - Processing file /home/airflow/.local/lib/python3.12/site-packages/airflow/example_dags/example_display_name.py for tasks to queue
[2024-09-11T13:45:49.508+0000] {logging_mixin.py:190} INFO - [2024-09-11T13:45:49.508+0000] {dagbag.py:587} INFO - Filling up the DagBag from /home/airflow/.local/lib/python3.12/site-packages/airflow/example_dags/example_display_name.py
[2024-09-11T13:45:49.513+0000] {processor.py:925} INFO - DAG(s) 'example_display_name' retrieved from /home/airflow/.local/lib/python3.12/site-packages/airflow/example_dags/example_display_name.py
[2024-09-11T13:45:49.523+0000] {logging_mixin.py:190} INFO - [2024-09-11T13:45:49.522+0000] {dag.py:3229} INFO - Sync 1 DAGs
[2024-09-11T13:45:49.530+0000] {logging_mixin.py:190} INFO - [2024-09-11T13:45:49.529+0000] {dag.py:4156} INFO - Setting next_dagrun for example_display_name to None, run_after=None
[2024-09-11T13:45:49.538+0000] {processor.py:208} INFO - Processing /home/airflow/.local/lib/python3.12/site-packages/airflow/example_dags/example_display_name.py took 0.035 seconds
[2024-09-11T13:46:19.689+0000] {processor.py:186} INFO - Started process (PID=723) to work on /home/airflow/.local/lib/python3.12/site-packages/airflow/example_dags/example_display_name.py
[2024-09-11T13:46:19.690+0000] {processor.py:914} INFO - Processing file /home/airflow/.local/lib/python3.12/site-packages/airflow/example_dags/example_display_name.py for tasks to queue
[2024-09-11T13:46:19.691+0000] {logging_mixin.py:190} INFO - [2024-09-11T13:46:19.691+0000] {dagbag.py:587} INFO - Filling up the DagBag from /home/airflow/.local/lib/python3.12/site-packages/airflow/example_dags/example_display_name.py
[2024-09-11T13:46:19.695+0000] {processor.py:925} INFO - DAG(s) 'example_display_name' retrieved from /home/airflow/.local/lib/python3.12/site-packages/airflow/example_dags/example_display_name.py
[2024-09-11T13:46:19.704+0000] {logging_mixin.py:190} INFO - [2024-09-11T13:46:19.704+0000] {dag.py:3229} INFO - Sync 1 DAGs
[2024-09-11T13:46:19.710+0000] {logging_mixin.py:190} INFO - [2024-09-11T13:46:19.710+0000] {dag.py:4156} INFO - Setting next_dagrun for example_display_name to None, run_after=None
[2024-09-11T13:46:19.719+0000] {processor.py:208} INFO - Processing /home/airflow/.local/lib/python3.12/site-packages/airflow/example_dags/example_display_name.py took 0.032 seconds
[2024-09-11T13:46:50.044+0000] {processor.py:186} INFO - Started process (PID=779) to work on /home/airflow/.local/lib/python3.12/site-packages/airflow/example_dags/example_display_name.py
[2024-09-11T13:46:50.045+0000] {processor.py:914} INFO - Processing file /home/airflow/.local/lib/python3.12/site-packages/airflow/example_dags/example_display_name.py for tasks to queue
[2024-09-11T13:46:50.046+0000] {logging_mixin.py:190} INFO - [2024-09-11T13:46:50.046+0000] {dagbag.py:587} INFO - Filling up the DagBag from /home/airflow/.local/lib/python3.12/site-packages/airflow/example_dags/example_display_name.py
[2024-09-11T13:46:50.050+0000] {processor.py:925} INFO - DAG(s) 'example_display_name' retrieved from /home/airflow/.local/lib/python3.12/site-packages/airflow/example_dags/example_display_name.py
[2024-09-11T13:46:50.059+0000] {logging_mixin.py:190} INFO - [2024-09-11T13:46:50.059+0000] {dag.py:3229} INFO - Sync 1 DAGs
[2024-09-11T13:46:50.065+0000] {logging_mixin.py:190} INFO - [2024-09-11T13:46:50.065+0000] {dag.py:4156} INFO - Setting next_dagrun for example_display_name to None, run_after=None
[2024-09-11T13:46:50.075+0000] {processor.py:208} INFO - Processing /home/airflow/.local/lib/python3.12/site-packages/airflow/example_dags/example_display_name.py took 0.034 seconds
[2024-09-11T13:47:20.195+0000] {processor.py:186} INFO - Started process (PID=835) to work on /home/airflow/.local/lib/python3.12/site-packages/airflow/example_dags/example_display_name.py
[2024-09-11T13:47:20.197+0000] {processor.py:914} INFO - Processing file /home/airflow/.local/lib/python3.12/site-packages/airflow/example_dags/example_display_name.py for tasks to queue
[2024-09-11T13:47:20.198+0000] {logging_mixin.py:190} INFO - [2024-09-11T13:47:20.198+0000] {dagbag.py:587} INFO - Filling up the DagBag from /home/airflow/.local/lib/python3.12/site-packages/airflow/example_dags/example_display_name.py
[2024-09-11T13:47:20.202+0000] {processor.py:925} INFO - DAG(s) 'example_display_name' retrieved from /home/airflow/.local/lib/python3.12/site-packages/airflow/example_dags/example_display_name.py
[2024-09-11T13:47:20.212+0000] {logging_mixin.py:190} INFO - [2024-09-11T13:47:20.212+0000] {dag.py:3229} INFO - Sync 1 DAGs
[2024-09-11T13:47:20.219+0000] {logging_mixin.py:190} INFO - [2024-09-11T13:47:20.219+0000] {dag.py:4156} INFO - Setting next_dagrun for example_display_name to None, run_after=None
[2024-09-11T13:47:20.228+0000] {processor.py:208} INFO - Processing /home/airflow/.local/lib/python3.12/site-packages/airflow/example_dags/example_display_name.py took 0.036 seconds
[2024-09-11T13:47:50.489+0000] {processor.py:186} INFO - Started process (PID=892) to work on /home/airflow/.local/lib/python3.12/site-packages/airflow/example_dags/example_display_name.py
[2024-09-11T13:47:50.489+0000] {processor.py:914} INFO - Processing file /home/airflow/.local/lib/python3.12/site-packages/airflow/example_dags/example_display_name.py for tasks to queue
[2024-09-11T13:47:50.490+0000] {logging_mixin.py:190} INFO - [2024-09-11T13:47:50.490+0000] {dagbag.py:587} INFO - Filling up the DagBag from /home/airflow/.local/lib/python3.12/site-packages/airflow/example_dags/example_display_name.py
[2024-09-11T13:47:50.494+0000] {processor.py:925} INFO - DAG(s) 'example_display_name' retrieved from /home/airflow/.local/lib/python3.12/site-packages/airflow/example_dags/example_display_name.py
[2024-09-11T13:47:50.504+0000] {logging_mixin.py:190} INFO - [2024-09-11T13:47:50.504+0000] {dag.py:3229} INFO - Sync 1 DAGs
[2024-09-11T13:47:50.511+0000] {logging_mixin.py:190} INFO - [2024-09-11T13:47:50.511+0000] {dag.py:4156} INFO - Setting next_dagrun for example_display_name to None, run_after=None
[2024-09-11T13:47:50.519+0000] {processor.py:208} INFO - Processing /home/airflow/.local/lib/python3.12/site-packages/airflow/example_dags/example_display_name.py took 0.034 seconds
[2024-09-11T13:48:20.747+0000] {processor.py:186} INFO - Started process (PID=948) to work on /home/airflow/.local/lib/python3.12/site-packages/airflow/example_dags/example_display_name.py
[2024-09-11T13:48:20.748+0000] {processor.py:914} INFO - Processing file /home/airflow/.local/lib/python3.12/site-packages/airflow/example_dags/example_display_name.py for tasks to queue
[2024-09-11T13:48:20.749+0000] {logging_mixin.py:190} INFO - [2024-09-11T13:48:20.749+0000] {dagbag.py:587} INFO - Filling up the DagBag from /home/airflow/.local/lib/python3.12/site-packages/airflow/example_dags/example_display_name.py
[2024-09-11T13:48:20.754+0000] {processor.py:925} INFO - DAG(s) 'example_display_name' retrieved from /home/airflow/.local/lib/python3.12/site-packages/airflow/example_dags/example_display_name.py
[2024-09-11T13:48:20.763+0000] {logging_mixin.py:190} INFO - [2024-09-11T13:48:20.763+0000] {dag.py:3229} INFO - Sync 1 DAGs
[2024-09-11T13:48:20.770+0000] {logging_mixin.py:190} INFO - [2024-09-11T13:48:20.770+0000] {dag.py:4156} INFO - Setting next_dagrun for example_display_name to None, run_after=None
[2024-09-11T13:48:20.779+0000] {processor.py:208} INFO - Processing /home/airflow/.local/lib/python3.12/site-packages/airflow/example_dags/example_display_name.py took 0.036 seconds
[2024-09-11T13:48:50.928+0000] {processor.py:186} INFO - Started process (PID=1004) to work on /home/airflow/.local/lib/python3.12/site-packages/airflow/example_dags/example_display_name.py
[2024-09-11T13:48:50.929+0000] {processor.py:914} INFO - Processing file /home/airflow/.local/lib/python3.12/site-packages/airflow/example_dags/example_display_name.py for tasks to queue
[2024-09-11T13:48:50.930+0000] {logging_mixin.py:190} INFO - [2024-09-11T13:48:50.930+0000] {dagbag.py:587} INFO - Filling up the DagBag from /home/airflow/.local/lib/python3.12/site-packages/airflow/example_dags/example_display_name.py
[2024-09-11T13:48:50.934+0000] {processor.py:925} INFO - DAG(s) 'example_display_name' retrieved from /home/airflow/.local/lib/python3.12/site-packages/airflow/example_dags/example_display_name.py
[2024-09-11T13:48:50.944+0000] {logging_mixin.py:190} INFO - [2024-09-11T13:48:50.944+0000] {dag.py:3229} INFO - Sync 1 DAGs
[2024-09-11T13:48:50.951+0000] {logging_mixin.py:190} INFO - [2024-09-11T13:48:50.951+0000] {dag.py:4156} INFO - Setting next_dagrun for example_display_name to None, run_after=None
[2024-09-11T13:48:50.960+0000] {processor.py:208} INFO - Processing /home/airflow/.local/lib/python3.12/site-packages/airflow/example_dags/example_display_name.py took 0.035 seconds
[2024-09-11T13:49:21.174+0000] {processor.py:186} INFO - Started process (PID=1060) to work on /home/airflow/.local/lib/python3.12/site-packages/airflow/example_dags/example_display_name.py
[2024-09-11T13:49:21.175+0000] {processor.py:914} INFO - Processing file /home/airflow/.local/lib/python3.12/site-packages/airflow/example_dags/example_display_name.py for tasks to queue
[2024-09-11T13:49:21.180+0000] {logging_mixin.py:190} INFO - [2024-09-11T13:49:21.179+0000] {dagbag.py:587} INFO - Filling up the DagBag from /home/airflow/.local/lib/python3.12/site-packages/airflow/example_dags/example_display_name.py
[2024-09-11T13:49:21.183+0000] {processor.py:925} INFO - DAG(s) 'example_display_name' retrieved from /home/airflow/.local/lib/python3.12/site-packages/airflow/example_dags/example_display_name.py
[2024-09-11T13:49:21.194+0000] {logging_mixin.py:190} INFO - [2024-09-11T13:49:21.194+0000] {dag.py:3229} INFO - Sync 1 DAGs
[2024-09-11T13:49:21.201+0000] {logging_mixin.py:190} INFO - [2024-09-11T13:49:21.201+0000] {dag.py:4156} INFO - Setting next_dagrun for example_display_name to None, run_after=None
[2024-09-11T13:49:21.209+0000] {processor.py:208} INFO - Processing /home/airflow/.local/lib/python3.12/site-packages/airflow/example_dags/example_display_name.py took 0.039 seconds
[2024-09-11T13:49:51.452+0000] {processor.py:186} INFO - Started process (PID=1116) to work on /home/airflow/.local/lib/python3.12/site-packages/airflow/example_dags/example_display_name.py
[2024-09-11T13:49:51.453+0000] {processor.py:914} INFO - Processing file /home/airflow/.local/lib/python3.12/site-packages/airflow/example_dags/example_display_name.py for tasks to queue
[2024-09-11T13:49:51.454+0000] {logging_mixin.py:190} INFO - [2024-09-11T13:49:51.454+0000] {dagbag.py:587} INFO - Filling up the DagBag from /home/airflow/.local/lib/python3.12/site-packages/airflow/example_dags/example_display_name.py
[2024-09-11T13:49:51.459+0000] {processor.py:925} INFO - DAG(s) 'example_display_name' retrieved from /home/airflow/.local/lib/python3.12/site-packages/airflow/example_dags/example_display_name.py
[2024-09-11T13:49:51.469+0000] {logging_mixin.py:190} INFO - [2024-09-11T13:49:51.469+0000] {dag.py:3229} INFO - Sync 1 DAGs
[2024-09-11T13:49:51.476+0000] {logging_mixin.py:190} INFO - [2024-09-11T13:49:51.476+0000] {dag.py:4156} INFO - Setting next_dagrun for example_display_name to None, run_after=None
[2024-09-11T13:49:51.484+0000] {processor.py:208} INFO - Processing /home/airflow/.local/lib/python3.12/site-packages/airflow/example_dags/example_display_name.py took 0.035 seconds
[2024-09-11T13:50:21.777+0000] {processor.py:186} INFO - Started process (PID=1172) to work on /home/airflow/.local/lib/python3.12/site-packages/airflow/example_dags/example_display_name.py
[2024-09-11T13:50:21.778+0000] {processor.py:914} INFO - Processing file /home/airflow/.local/lib/python3.12/site-packages/airflow/example_dags/example_display_name.py for tasks to queue
[2024-09-11T13:50:21.779+0000] {logging_mixin.py:190} INFO - [2024-09-11T13:50:21.779+0000] {dagbag.py:587} INFO - Filling up the DagBag from /home/airflow/.local/lib/python3.12/site-packages/airflow/example_dags/example_display_name.py
[2024-09-11T13:50:21.783+0000] {processor.py:925} INFO - DAG(s) 'example_display_name' retrieved from /home/airflow/.local/lib/python3.12/site-packages/airflow/example_dags/example_display_name.py
[2024-09-11T13:50:21.793+0000] {logging_mixin.py:190} INFO - [2024-09-11T13:50:21.793+0000] {dag.py:3229} INFO - Sync 1 DAGs
[2024-09-11T13:50:21.800+0000] {logging_mixin.py:190} INFO - [2024-09-11T13:50:21.800+0000] {dag.py:4156} INFO - Setting next_dagrun for example_display_name to None, run_after=None
[2024-09-11T13:50:21.808+0000] {processor.py:208} INFO - Processing /home/airflow/.local/lib/python3.12/site-packages/airflow/example_dags/example_display_name.py took 0.034 seconds
[2024-09-11T13:50:52.070+0000] {processor.py:186} INFO - Started process (PID=1228) to work on /home/airflow/.local/lib/python3.12/site-packages/airflow/example_dags/example_display_name.py
[2024-09-11T13:50:52.071+0000] {processor.py:914} INFO - Processing file /home/airflow/.local/lib/python3.12/site-packages/airflow/example_dags/example_display_name.py for tasks to queue
[2024-09-11T13:50:52.072+0000] {logging_mixin.py:190} INFO - [2024-09-11T13:50:52.072+0000] {dagbag.py:587} INFO - Filling up the DagBag from /home/airflow/.local/lib/python3.12/site-packages/airflow/example_dags/example_display_name.py
[2024-09-11T13:50:52.077+0000] {processor.py:925} INFO - DAG(s) 'example_display_name' retrieved from /home/airflow/.local/lib/python3.12/site-packages/airflow/example_dags/example_display_name.py
[2024-09-11T13:50:52.087+0000] {logging_mixin.py:190} INFO - [2024-09-11T13:50:52.087+0000] {dag.py:3229} INFO - Sync 1 DAGs
[2024-09-11T13:50:52.094+0000] {logging_mixin.py:190} INFO - [2024-09-11T13:50:52.094+0000] {dag.py:4156} INFO - Setting next_dagrun for example_display_name to None, run_after=None
[2024-09-11T13:50:52.102+0000] {processor.py:208} INFO - Processing /home/airflow/.local/lib/python3.12/site-packages/airflow/example_dags/example_display_name.py took 0.035 seconds
[2024-09-11T13:51:22.191+0000] {processor.py:186} INFO - Started process (PID=1284) to work on /home/airflow/.local/lib/python3.12/site-packages/airflow/example_dags/example_display_name.py
[2024-09-11T13:51:22.195+0000] {processor.py:914} INFO - Processing file /home/airflow/.local/lib/python3.12/site-packages/airflow/example_dags/example_display_name.py for tasks to queue
[2024-09-11T13:51:22.196+0000] {logging_mixin.py:190} INFO - [2024-09-11T13:51:22.196+0000] {dagbag.py:587} INFO - Filling up the DagBag from /home/airflow/.local/lib/python3.12/site-packages/airflow/example_dags/example_display_name.py
[2024-09-11T13:51:22.200+0000] {processor.py:925} INFO - DAG(s) 'example_display_name' retrieved from /home/airflow/.local/lib/python3.12/site-packages/airflow/example_dags/example_display_name.py
[2024-09-11T13:51:22.211+0000] {logging_mixin.py:190} INFO - [2024-09-11T13:51:22.211+0000] {dag.py:3229} INFO - Sync 1 DAGs
[2024-09-11T13:51:22.221+0000] {logging_mixin.py:190} INFO - [2024-09-11T13:51:22.221+0000] {dag.py:4156} INFO - Setting next_dagrun for example_display_name to None, run_after=None
[2024-09-11T13:51:22.232+0000] {processor.py:208} INFO - Processing /home/airflow/.local/lib/python3.12/site-packages/airflow/example_dags/example_display_name.py took 0.044 seconds
[2024-09-11T13:51:52.361+0000] {processor.py:186} INFO - Started process (PID=1340) to work on /home/airflow/.local/lib/python3.12/site-packages/airflow/example_dags/example_display_name.py
[2024-09-11T13:51:52.362+0000] {processor.py:914} INFO - Processing file /home/airflow/.local/lib/python3.12/site-packages/airflow/example_dags/example_display_name.py for tasks to queue
[2024-09-11T13:51:52.364+0000] {logging_mixin.py:190} INFO - [2024-09-11T13:51:52.364+0000] {dagbag.py:587} INFO - Filling up the DagBag from /home/airflow/.local/lib/python3.12/site-packages/airflow/example_dags/example_display_name.py
[2024-09-11T13:51:52.368+0000] {processor.py:925} INFO - DAG(s) 'example_display_name' retrieved from /home/airflow/.local/lib/python3.12/site-packages/airflow/example_dags/example_display_name.py
[2024-09-11T13:51:52.378+0000] {logging_mixin.py:190} INFO - [2024-09-11T13:51:52.378+0000] {dag.py:3229} INFO - Sync 1 DAGs
[2024-09-11T13:51:52.386+0000] {logging_mixin.py:190} INFO - [2024-09-11T13:51:52.386+0000] {dag.py:4156} INFO - Setting next_dagrun for example_display_name to None, run_after=None
[2024-09-11T13:51:52.394+0000] {processor.py:208} INFO - Processing /home/airflow/.local/lib/python3.12/site-packages/airflow/example_dags/example_display_name.py took 0.037 seconds
[2024-09-11T13:52:22.580+0000] {processor.py:186} INFO - Started process (PID=1396) to work on /home/airflow/.local/lib/python3.12/site-packages/airflow/example_dags/example_display_name.py
[2024-09-11T13:52:22.581+0000] {processor.py:914} INFO - Processing file /home/airflow/.local/lib/python3.12/site-packages/airflow/example_dags/example_display_name.py for tasks to queue
[2024-09-11T13:52:22.582+0000] {logging_mixin.py:190} INFO - [2024-09-11T13:52:22.582+0000] {dagbag.py:587} INFO - Filling up the DagBag from /home/airflow/.local/lib/python3.12/site-packages/airflow/example_dags/example_display_name.py
[2024-09-11T13:52:22.586+0000] {processor.py:925} INFO - DAG(s) 'example_display_name' retrieved from /home/airflow/.local/lib/python3.12/site-packages/airflow/example_dags/example_display_name.py
[2024-09-11T13:52:22.595+0000] {logging_mixin.py:190} INFO - [2024-09-11T13:52:22.595+0000] {dag.py:3229} INFO - Sync 1 DAGs
[2024-09-11T13:52:22.602+0000] {logging_mixin.py:190} INFO - [2024-09-11T13:52:22.602+0000] {dag.py:4156} INFO - Setting next_dagrun for example_display_name to None, run_after=None
[2024-09-11T13:52:22.611+0000] {processor.py:208} INFO - Processing /home/airflow/.local/lib/python3.12/site-packages/airflow/example_dags/example_display_name.py took 0.034 seconds
[2024-09-11T13:52:53.454+0000] {processor.py:186} INFO - Started process (PID=1452) to work on /home/airflow/.local/lib/python3.12/site-packages/airflow/example_dags/example_display_name.py
[2024-09-11T13:52:53.455+0000] {processor.py:914} INFO - Processing file /home/airflow/.local/lib/python3.12/site-packages/airflow/example_dags/example_display_name.py for tasks to queue
[2024-09-11T13:52:53.457+0000] {logging_mixin.py:190} INFO - [2024-09-11T13:52:53.456+0000] {dagbag.py:587} INFO - Filling up the DagBag from /home/airflow/.local/lib/python3.12/site-packages/airflow/example_dags/example_display_name.py
[2024-09-11T13:52:53.461+0000] {processor.py:925} INFO - DAG(s) 'example_display_name' retrieved from /home/airflow/.local/lib/python3.12/site-packages/airflow/example_dags/example_display_name.py
[2024-09-11T13:52:53.472+0000] {logging_mixin.py:190} INFO - [2024-09-11T13:52:53.472+0000] {dag.py:3229} INFO - Sync 1 DAGs
[2024-09-11T13:52:53.480+0000] {logging_mixin.py:190} INFO - [2024-09-11T13:52:53.480+0000] {dag.py:4156} INFO - Setting next_dagrun for example_display_name to None, run_after=None
[2024-09-11T13:52:53.490+0000] {processor.py:208} INFO - Processing /home/airflow/.local/lib/python3.12/site-packages/airflow/example_dags/example_display_name.py took 0.040 seconds
[2024-09-11T13:53:23.921+0000] {processor.py:186} INFO - Started process (PID=1508) to work on /home/airflow/.local/lib/python3.12/site-packages/airflow/example_dags/example_display_name.py
[2024-09-11T13:53:23.924+0000] {processor.py:914} INFO - Processing file /home/airflow/.local/lib/python3.12/site-packages/airflow/example_dags/example_display_name.py for tasks to queue
[2024-09-11T13:53:23.925+0000] {logging_mixin.py:190} INFO - [2024-09-11T13:53:23.925+0000] {dagbag.py:587} INFO - Filling up the DagBag from /home/airflow/.local/lib/python3.12/site-packages/airflow/example_dags/example_display_name.py
[2024-09-11T13:53:23.929+0000] {processor.py:925} INFO - DAG(s) 'example_display_name' retrieved from /home/airflow/.local/lib/python3.12/site-packages/airflow/example_dags/example_display_name.py
[2024-09-11T13:53:23.939+0000] {logging_mixin.py:190} INFO - [2024-09-11T13:53:23.939+0000] {dag.py:3229} INFO - Sync 1 DAGs
[2024-09-11T13:53:23.949+0000] {logging_mixin.py:190} INFO - [2024-09-11T13:53:23.949+0000] {dag.py:4156} INFO - Setting next_dagrun for example_display_name to None, run_after=None
[2024-09-11T13:53:23.960+0000] {processor.py:208} INFO - Processing /home/airflow/.local/lib/python3.12/site-packages/airflow/example_dags/example_display_name.py took 0.043 seconds
[2024-09-11T13:53:54.409+0000] {processor.py:186} INFO - Started process (PID=1564) to work on /home/airflow/.local/lib/python3.12/site-packages/airflow/example_dags/example_display_name.py
[2024-09-11T13:53:54.410+0000] {processor.py:914} INFO - Processing file /home/airflow/.local/lib/python3.12/site-packages/airflow/example_dags/example_display_name.py for tasks to queue
[2024-09-11T13:53:54.411+0000] {logging_mixin.py:190} INFO - [2024-09-11T13:53:54.411+0000] {dagbag.py:587} INFO - Filling up the DagBag from /home/airflow/.local/lib/python3.12/site-packages/airflow/example_dags/example_display_name.py
[2024-09-11T13:53:54.415+0000] {processor.py:925} INFO - DAG(s) 'example_display_name' retrieved from /home/airflow/.local/lib/python3.12/site-packages/airflow/example_dags/example_display_name.py
[2024-09-11T13:53:54.425+0000] {logging_mixin.py:190} INFO - [2024-09-11T13:53:54.425+0000] {dag.py:3229} INFO - Sync 1 DAGs
[2024-09-11T13:53:54.432+0000] {logging_mixin.py:190} INFO - [2024-09-11T13:53:54.431+0000] {dag.py:4156} INFO - Setting next_dagrun for example_display_name to None, run_after=None
[2024-09-11T13:53:54.440+0000] {processor.py:208} INFO - Processing /home/airflow/.local/lib/python3.12/site-packages/airflow/example_dags/example_display_name.py took 0.034 seconds
[2024-09-11T13:54:24.897+0000] {processor.py:186} INFO - Started process (PID=1619) to work on /home/airflow/.local/lib/python3.12/site-packages/airflow/example_dags/example_display_name.py
[2024-09-11T13:54:24.898+0000] {processor.py:914} INFO - Processing file /home/airflow/.local/lib/python3.12/site-packages/airflow/example_dags/example_display_name.py for tasks to queue
[2024-09-11T13:54:24.899+0000] {logging_mixin.py:190} INFO - [2024-09-11T13:54:24.899+0000] {dagbag.py:587} INFO - Filling up the DagBag from /home/airflow/.local/lib/python3.12/site-packages/airflow/example_dags/example_display_name.py
[2024-09-11T13:54:24.904+0000] {processor.py:925} INFO - DAG(s) 'example_display_name' retrieved from /home/airflow/.local/lib/python3.12/site-packages/airflow/example_dags/example_display_name.py
[2024-09-11T13:54:24.914+0000] {logging_mixin.py:190} INFO - [2024-09-11T13:54:24.914+0000] {dag.py:3229} INFO - Sync 1 DAGs
[2024-09-11T13:54:24.920+0000] {logging_mixin.py:190} INFO - [2024-09-11T13:54:24.920+0000] {dag.py:4156} INFO - Setting next_dagrun for example_display_name to None, run_after=None
[2024-09-11T13:54:24.928+0000] {processor.py:208} INFO - Processing /home/airflow/.local/lib/python3.12/site-packages/airflow/example_dags/example_display_name.py took 0.035 seconds
[2024-09-11T13:54:55.180+0000] {processor.py:186} INFO - Started process (PID=1675) to work on /home/airflow/.local/lib/python3.12/site-packages/airflow/example_dags/example_display_name.py
[2024-09-11T13:54:55.181+0000] {processor.py:914} INFO - Processing file /home/airflow/.local/lib/python3.12/site-packages/airflow/example_dags/example_display_name.py for tasks to queue
[2024-09-11T13:54:55.182+0000] {logging_mixin.py:190} INFO - [2024-09-11T13:54:55.182+0000] {dagbag.py:587} INFO - Filling up the DagBag from /home/airflow/.local/lib/python3.12/site-packages/airflow/example_dags/example_display_name.py
[2024-09-11T13:54:55.187+0000] {processor.py:925} INFO - DAG(s) 'example_display_name' retrieved from /home/airflow/.local/lib/python3.12/site-packages/airflow/example_dags/example_display_name.py
[2024-09-11T13:54:55.199+0000] {logging_mixin.py:190} INFO - [2024-09-11T13:54:55.198+0000] {dag.py:3229} INFO - Sync 1 DAGs
[2024-09-11T13:54:55.206+0000] {logging_mixin.py:190} INFO - [2024-09-11T13:54:55.206+0000] {dag.py:4156} INFO - Setting next_dagrun for example_display_name to None, run_after=None
[2024-09-11T13:54:55.215+0000] {processor.py:208} INFO - Processing /home/airflow/.local/lib/python3.12/site-packages/airflow/example_dags/example_display_name.py took 0.039 seconds
[2024-09-11T13:55:25.607+0000] {processor.py:186} INFO - Started process (PID=1731) to work on /home/airflow/.local/lib/python3.12/site-packages/airflow/example_dags/example_display_name.py
[2024-09-11T13:55:25.607+0000] {processor.py:914} INFO - Processing file /home/airflow/.local/lib/python3.12/site-packages/airflow/example_dags/example_display_name.py for tasks to queue
[2024-09-11T13:55:25.608+0000] {logging_mixin.py:190} INFO - [2024-09-11T13:55:25.608+0000] {dagbag.py:587} INFO - Filling up the DagBag from /home/airflow/.local/lib/python3.12/site-packages/airflow/example_dags/example_display_name.py
[2024-09-11T13:55:25.612+0000] {processor.py:925} INFO - DAG(s) 'example_display_name' retrieved from /home/airflow/.local/lib/python3.12/site-packages/airflow/example_dags/example_display_name.py
[2024-09-11T13:55:25.621+0000] {logging_mixin.py:190} INFO - [2024-09-11T13:55:25.621+0000] {dag.py:3229} INFO - Sync 1 DAGs
[2024-09-11T13:55:25.628+0000] {logging_mixin.py:190} INFO - [2024-09-11T13:55:25.628+0000] {dag.py:4156} INFO - Setting next_dagrun for example_display_name to None, run_after=None
[2024-09-11T13:55:25.635+0000] {processor.py:208} INFO - Processing /home/airflow/.local/lib/python3.12/site-packages/airflow/example_dags/example_display_name.py took 0.031 seconds
[2024-09-11T13:55:55.948+0000] {processor.py:186} INFO - Started process (PID=1787) to work on /home/airflow/.local/lib/python3.12/site-packages/airflow/example_dags/example_display_name.py
[2024-09-11T13:55:55.949+0000] {processor.py:914} INFO - Processing file /home/airflow/.local/lib/python3.12/site-packages/airflow/example_dags/example_display_name.py for tasks to queue
[2024-09-11T13:55:55.950+0000] {logging_mixin.py:190} INFO - [2024-09-11T13:55:55.950+0000] {dagbag.py:587} INFO - Filling up the DagBag from /home/airflow/.local/lib/python3.12/site-packages/airflow/example_dags/example_display_name.py
[2024-09-11T13:55:55.954+0000] {processor.py:925} INFO - DAG(s) 'example_display_name' retrieved from /home/airflow/.local/lib/python3.12/site-packages/airflow/example_dags/example_display_name.py
[2024-09-11T13:55:55.964+0000] {logging_mixin.py:190} INFO - [2024-09-11T13:55:55.964+0000] {dag.py:3229} INFO - Sync 1 DAGs
[2024-09-11T13:55:55.970+0000] {logging_mixin.py:190} INFO - [2024-09-11T13:55:55.970+0000] {dag.py:4156} INFO - Setting next_dagrun for example_display_name to None, run_after=None
[2024-09-11T13:55:55.978+0000] {processor.py:208} INFO - Processing /home/airflow/.local/lib/python3.12/site-packages/airflow/example_dags/example_display_name.py took 0.033 seconds
[2024-09-11T13:56:26.290+0000] {processor.py:186} INFO - Started process (PID=1843) to work on /home/airflow/.local/lib/python3.12/site-packages/airflow/example_dags/example_display_name.py
[2024-09-11T13:56:26.290+0000] {processor.py:914} INFO - Processing file /home/airflow/.local/lib/python3.12/site-packages/airflow/example_dags/example_display_name.py for tasks to queue
[2024-09-11T13:56:26.292+0000] {logging_mixin.py:190} INFO - [2024-09-11T13:56:26.291+0000] {dagbag.py:587} INFO - Filling up the DagBag from /home/airflow/.local/lib/python3.12/site-packages/airflow/example_dags/example_display_name.py
[2024-09-11T13:56:26.295+0000] {processor.py:925} INFO - DAG(s) 'example_display_name' retrieved from /home/airflow/.local/lib/python3.12/site-packages/airflow/example_dags/example_display_name.py
[2024-09-11T13:56:26.304+0000] {logging_mixin.py:190} INFO - [2024-09-11T13:56:26.304+0000] {dag.py:3229} INFO - Sync 1 DAGs
[2024-09-11T13:56:26.310+0000] {logging_mixin.py:190} INFO - [2024-09-11T13:56:26.310+0000] {dag.py:4156} INFO - Setting next_dagrun for example_display_name to None, run_after=None
[2024-09-11T13:56:26.318+0000] {processor.py:208} INFO - Processing /home/airflow/.local/lib/python3.12/site-packages/airflow/example_dags/example_display_name.py took 0.031 seconds
[2024-09-11T13:56:56.646+0000] {processor.py:186} INFO - Started process (PID=1899) to work on /home/airflow/.local/lib/python3.12/site-packages/airflow/example_dags/example_display_name.py
[2024-09-11T13:56:56.647+0000] {processor.py:914} INFO - Processing file /home/airflow/.local/lib/python3.12/site-packages/airflow/example_dags/example_display_name.py for tasks to queue
[2024-09-11T13:56:56.648+0000] {logging_mixin.py:190} INFO - [2024-09-11T13:56:56.648+0000] {dagbag.py:587} INFO - Filling up the DagBag from /home/airflow/.local/lib/python3.12/site-packages/airflow/example_dags/example_display_name.py
[2024-09-11T13:56:56.652+0000] {processor.py:925} INFO - DAG(s) 'example_display_name' retrieved from /home/airflow/.local/lib/python3.12/site-packages/airflow/example_dags/example_display_name.py
[2024-09-11T13:56:56.661+0000] {logging_mixin.py:190} INFO - [2024-09-11T13:56:56.661+0000] {dag.py:3229} INFO - Sync 1 DAGs
[2024-09-11T13:56:56.668+0000] {logging_mixin.py:190} INFO - [2024-09-11T13:56:56.668+0000] {dag.py:4156} INFO - Setting next_dagrun for example_display_name to None, run_after=None
[2024-09-11T13:56:56.676+0000] {processor.py:208} INFO - Processing /home/airflow/.local/lib/python3.12/site-packages/airflow/example_dags/example_display_name.py took 0.033 seconds
[2024-09-11T13:57:27.011+0000] {processor.py:186} INFO - Started process (PID=1955) to work on /home/airflow/.local/lib/python3.12/site-packages/airflow/example_dags/example_display_name.py
[2024-09-11T13:57:27.012+0000] {processor.py:914} INFO - Processing file /home/airflow/.local/lib/python3.12/site-packages/airflow/example_dags/example_display_name.py for tasks to queue
[2024-09-11T13:57:27.014+0000] {logging_mixin.py:190} INFO - [2024-09-11T13:57:27.014+0000] {dagbag.py:587} INFO - Filling up the DagBag from /home/airflow/.local/lib/python3.12/site-packages/airflow/example_dags/example_display_name.py
[2024-09-11T13:57:27.021+0000] {processor.py:925} INFO - DAG(s) 'example_display_name' retrieved from /home/airflow/.local/lib/python3.12/site-packages/airflow/example_dags/example_display_name.py
[2024-09-11T13:57:27.032+0000] {logging_mixin.py:190} INFO - [2024-09-11T13:57:27.031+0000] {dag.py:3229} INFO - Sync 1 DAGs
[2024-09-11T13:57:27.039+0000] {logging_mixin.py:190} INFO - [2024-09-11T13:57:27.039+0000] {dag.py:4156} INFO - Setting next_dagrun for example_display_name to None, run_after=None
[2024-09-11T13:57:27.047+0000] {processor.py:208} INFO - Processing /home/airflow/.local/lib/python3.12/site-packages/airflow/example_dags/example_display_name.py took 0.039 seconds
[2024-09-11T13:57:57.445+0000] {processor.py:186} INFO - Started process (PID=2011) to work on /home/airflow/.local/lib/python3.12/site-packages/airflow/example_dags/example_display_name.py
[2024-09-11T13:57:57.445+0000] {processor.py:914} INFO - Processing file /home/airflow/.local/lib/python3.12/site-packages/airflow/example_dags/example_display_name.py for tasks to queue
[2024-09-11T13:57:57.447+0000] {logging_mixin.py:190} INFO - [2024-09-11T13:57:57.446+0000] {dagbag.py:587} INFO - Filling up the DagBag from /home/airflow/.local/lib/python3.12/site-packages/airflow/example_dags/example_display_name.py
[2024-09-11T13:57:57.452+0000] {processor.py:925} INFO - DAG(s) 'example_display_name' retrieved from /home/airflow/.local/lib/python3.12/site-packages/airflow/example_dags/example_display_name.py
[2024-09-11T13:57:57.465+0000] {logging_mixin.py:190} INFO - [2024-09-11T13:57:57.464+0000] {dag.py:3229} INFO - Sync 1 DAGs
[2024-09-11T13:57:57.472+0000] {logging_mixin.py:190} INFO - [2024-09-11T13:57:57.472+0000] {dag.py:4156} INFO - Setting next_dagrun for example_display_name to None, run_after=None
[2024-09-11T13:57:57.483+0000] {processor.py:208} INFO - Processing /home/airflow/.local/lib/python3.12/site-packages/airflow/example_dags/example_display_name.py took 0.042 seconds
[2024-09-11T13:58:28.024+0000] {processor.py:186} INFO - Started process (PID=2067) to work on /home/airflow/.local/lib/python3.12/site-packages/airflow/example_dags/example_display_name.py
[2024-09-11T13:58:28.025+0000] {processor.py:914} INFO - Processing file /home/airflow/.local/lib/python3.12/site-packages/airflow/example_dags/example_display_name.py for tasks to queue
[2024-09-11T13:58:28.026+0000] {logging_mixin.py:190} INFO - [2024-09-11T13:58:28.026+0000] {dagbag.py:587} INFO - Filling up the DagBag from /home/airflow/.local/lib/python3.12/site-packages/airflow/example_dags/example_display_name.py
[2024-09-11T13:58:28.031+0000] {processor.py:925} INFO - DAG(s) 'example_display_name' retrieved from /home/airflow/.local/lib/python3.12/site-packages/airflow/example_dags/example_display_name.py
[2024-09-11T13:58:28.041+0000] {logging_mixin.py:190} INFO - [2024-09-11T13:58:28.041+0000] {dag.py:3229} INFO - Sync 1 DAGs
[2024-09-11T13:58:28.050+0000] {logging_mixin.py:190} INFO - [2024-09-11T13:58:28.050+0000] {dag.py:4156} INFO - Setting next_dagrun for example_display_name to None, run_after=None
[2024-09-11T13:58:28.058+0000] {processor.py:208} INFO - Processing /home/airflow/.local/lib/python3.12/site-packages/airflow/example_dags/example_display_name.py took 0.037 seconds
