[2024-09-11T13:40:16.661+0000] {processor.py:186} INFO - Started process (PID=58) to work on /home/airflow/.local/lib/python3.12/site-packages/airflow/example_dags/example_task_group_decorator.py
[2024-09-11T13:40:16.663+0000] {processor.py:914} INFO - Processing file /home/airflow/.local/lib/python3.12/site-packages/airflow/example_dags/example_task_group_decorator.py for tasks to queue
[2024-09-11T13:40:16.667+0000] {logging_mixin.py:190} INFO - [2024-09-11T13:40:16.666+0000] {dagbag.py:587} INFO - Filling up the DagBag from /home/airflow/.local/lib/python3.12/site-packages/airflow/example_dags/example_task_group_decorator.py
[2024-09-11T13:40:16.680+0000] {processor.py:925} INFO - DAG(s) 'example_task_group_decorator' retrieved from /home/airflow/.local/lib/python3.12/site-packages/airflow/example_dags/example_task_group_decorator.py
[2024-09-11T13:40:16.823+0000] {logging_mixin.py:190} INFO - [2024-09-11T13:40:16.822+0000] {override.py:1900} INFO - Created Permission View: can read on DAG:example_task_group_decorator
[2024-09-11T13:40:16.839+0000] {logging_mixin.py:190} INFO - [2024-09-11T13:40:16.838+0000] {override.py:1900} INFO - Created Permission View: can delete on DAG:example_task_group_decorator
[2024-09-11T13:40:16.853+0000] {logging_mixin.py:190} INFO - [2024-09-11T13:40:16.853+0000] {override.py:1900} INFO - Created Permission View: can edit on DAG:example_task_group_decorator
[2024-09-11T13:40:16.868+0000] {logging_mixin.py:190} INFO - [2024-09-11T13:40:16.867+0000] {override.py:1900} INFO - Created Permission View: can read on DAG Run:example_task_group_decorator
[2024-09-11T13:40:16.875+0000] {logging_mixin.py:190} INFO - [2024-09-11T13:40:16.875+0000] {override.py:1900} INFO - Created Permission View: can create on DAG Run:example_task_group_decorator
[2024-09-11T13:40:16.879+0000] {logging_mixin.py:190} INFO - [2024-09-11T13:40:16.879+0000] {override.py:1900} INFO - Created Permission View: menu access on DAG Run:example_task_group_decorator
[2024-09-11T13:40:16.885+0000] {logging_mixin.py:190} INFO - [2024-09-11T13:40:16.884+0000] {override.py:1900} INFO - Created Permission View: can delete on DAG Run:example_task_group_decorator
[2024-09-11T13:40:16.885+0000] {logging_mixin.py:190} INFO - [2024-09-11T13:40:16.885+0000] {dag.py:3229} INFO - Sync 1 DAGs
[2024-09-11T13:40:16.908+0000] {logging_mixin.py:190} INFO - [2024-09-11T13:40:16.908+0000] {dag.py:3252} INFO - Creating ORM DAG for example_task_group_decorator
[2024-09-11T13:40:16.909+0000] {logging_mixin.py:190} INFO - [2024-09-11T13:40:16.909+0000] {dag.py:4156} INFO - Setting next_dagrun for example_task_group_decorator to None, run_after=None
[2024-09-11T13:40:16.925+0000] {processor.py:208} INFO - Processing /home/airflow/.local/lib/python3.12/site-packages/airflow/example_dags/example_task_group_decorator.py took 0.268 seconds
[2024-09-11T13:40:47.699+0000] {processor.py:186} INFO - Started process (PID=114) to work on /home/airflow/.local/lib/python3.12/site-packages/airflow/example_dags/example_task_group_decorator.py
[2024-09-11T13:40:47.700+0000] {processor.py:914} INFO - Processing file /home/airflow/.local/lib/python3.12/site-packages/airflow/example_dags/example_task_group_decorator.py for tasks to queue
[2024-09-11T13:40:47.706+0000] {logging_mixin.py:190} INFO - [2024-09-11T13:40:47.705+0000] {dagbag.py:587} INFO - Filling up the DagBag from /home/airflow/.local/lib/python3.12/site-packages/airflow/example_dags/example_task_group_decorator.py
[2024-09-11T13:40:47.716+0000] {processor.py:925} INFO - DAG(s) 'example_task_group_decorator' retrieved from /home/airflow/.local/lib/python3.12/site-packages/airflow/example_dags/example_task_group_decorator.py
[2024-09-11T13:40:47.732+0000] {logging_mixin.py:190} INFO - [2024-09-11T13:40:47.732+0000] {dag.py:3229} INFO - Sync 1 DAGs
[2024-09-11T13:40:47.739+0000] {logging_mixin.py:190} INFO - [2024-09-11T13:40:47.739+0000] {dag.py:4156} INFO - Setting next_dagrun for example_task_group_decorator to None, run_after=None
[2024-09-11T13:40:47.749+0000] {processor.py:208} INFO - Processing /home/airflow/.local/lib/python3.12/site-packages/airflow/example_dags/example_task_group_decorator.py took 0.053 seconds
[2024-09-11T13:41:18.370+0000] {processor.py:186} INFO - Started process (PID=170) to work on /home/airflow/.local/lib/python3.12/site-packages/airflow/example_dags/example_task_group_decorator.py
[2024-09-11T13:41:18.372+0000] {processor.py:914} INFO - Processing file /home/airflow/.local/lib/python3.12/site-packages/airflow/example_dags/example_task_group_decorator.py for tasks to queue
[2024-09-11T13:41:18.373+0000] {logging_mixin.py:190} INFO - [2024-09-11T13:41:18.373+0000] {dagbag.py:587} INFO - Filling up the DagBag from /home/airflow/.local/lib/python3.12/site-packages/airflow/example_dags/example_task_group_decorator.py
[2024-09-11T13:41:18.382+0000] {processor.py:925} INFO - DAG(s) 'example_task_group_decorator' retrieved from /home/airflow/.local/lib/python3.12/site-packages/airflow/example_dags/example_task_group_decorator.py
[2024-09-11T13:41:18.395+0000] {logging_mixin.py:190} INFO - [2024-09-11T13:41:18.395+0000] {dag.py:3229} INFO - Sync 1 DAGs
[2024-09-11T13:41:18.403+0000] {logging_mixin.py:190} INFO - [2024-09-11T13:41:18.403+0000] {dag.py:4156} INFO - Setting next_dagrun for example_task_group_decorator to None, run_after=None
[2024-09-11T13:41:18.412+0000] {processor.py:208} INFO - Processing /home/airflow/.local/lib/python3.12/site-packages/airflow/example_dags/example_task_group_decorator.py took 0.045 seconds
[2024-09-11T13:41:48.690+0000] {processor.py:186} INFO - Started process (PID=226) to work on /home/airflow/.local/lib/python3.12/site-packages/airflow/example_dags/example_task_group_decorator.py
[2024-09-11T13:41:48.691+0000] {processor.py:914} INFO - Processing file /home/airflow/.local/lib/python3.12/site-packages/airflow/example_dags/example_task_group_decorator.py for tasks to queue
[2024-09-11T13:41:48.693+0000] {logging_mixin.py:190} INFO - [2024-09-11T13:41:48.693+0000] {dagbag.py:587} INFO - Filling up the DagBag from /home/airflow/.local/lib/python3.12/site-packages/airflow/example_dags/example_task_group_decorator.py
[2024-09-11T13:41:48.701+0000] {processor.py:925} INFO - DAG(s) 'example_task_group_decorator' retrieved from /home/airflow/.local/lib/python3.12/site-packages/airflow/example_dags/example_task_group_decorator.py
[2024-09-11T13:41:48.716+0000] {logging_mixin.py:190} INFO - [2024-09-11T13:41:48.716+0000] {dag.py:3229} INFO - Sync 1 DAGs
[2024-09-11T13:41:48.723+0000] {logging_mixin.py:190} INFO - [2024-09-11T13:41:48.723+0000] {dag.py:4156} INFO - Setting next_dagrun for example_task_group_decorator to None, run_after=None
[2024-09-11T13:41:48.733+0000] {processor.py:208} INFO - Processing /home/airflow/.local/lib/python3.12/site-packages/airflow/example_dags/example_task_group_decorator.py took 0.046 seconds
[2024-09-11T13:42:19.225+0000] {processor.py:186} INFO - Started process (PID=282) to work on /home/airflow/.local/lib/python3.12/site-packages/airflow/example_dags/example_task_group_decorator.py
[2024-09-11T13:42:19.226+0000] {processor.py:914} INFO - Processing file /home/airflow/.local/lib/python3.12/site-packages/airflow/example_dags/example_task_group_decorator.py for tasks to queue
[2024-09-11T13:42:19.227+0000] {logging_mixin.py:190} INFO - [2024-09-11T13:42:19.227+0000] {dagbag.py:587} INFO - Filling up the DagBag from /home/airflow/.local/lib/python3.12/site-packages/airflow/example_dags/example_task_group_decorator.py
[2024-09-11T13:42:19.235+0000] {processor.py:925} INFO - DAG(s) 'example_task_group_decorator' retrieved from /home/airflow/.local/lib/python3.12/site-packages/airflow/example_dags/example_task_group_decorator.py
[2024-09-11T13:42:19.247+0000] {logging_mixin.py:190} INFO - [2024-09-11T13:42:19.247+0000] {dag.py:3229} INFO - Sync 1 DAGs
[2024-09-11T13:42:19.254+0000] {logging_mixin.py:190} INFO - [2024-09-11T13:42:19.254+0000] {dag.py:4156} INFO - Setting next_dagrun for example_task_group_decorator to None, run_after=None
[2024-09-11T13:42:19.262+0000] {processor.py:208} INFO - Processing /home/airflow/.local/lib/python3.12/site-packages/airflow/example_dags/example_task_group_decorator.py took 0.040 seconds
[2024-09-11T13:42:49.319+0000] {processor.py:186} INFO - Started process (PID=338) to work on /home/airflow/.local/lib/python3.12/site-packages/airflow/example_dags/example_task_group_decorator.py
[2024-09-11T13:42:49.319+0000] {processor.py:914} INFO - Processing file /home/airflow/.local/lib/python3.12/site-packages/airflow/example_dags/example_task_group_decorator.py for tasks to queue
[2024-09-11T13:42:49.321+0000] {logging_mixin.py:190} INFO - [2024-09-11T13:42:49.320+0000] {dagbag.py:587} INFO - Filling up the DagBag from /home/airflow/.local/lib/python3.12/site-packages/airflow/example_dags/example_task_group_decorator.py
[2024-09-11T13:42:49.328+0000] {processor.py:925} INFO - DAG(s) 'example_task_group_decorator' retrieved from /home/airflow/.local/lib/python3.12/site-packages/airflow/example_dags/example_task_group_decorator.py
[2024-09-11T13:42:49.340+0000] {logging_mixin.py:190} INFO - [2024-09-11T13:42:49.340+0000] {dag.py:3229} INFO - Sync 1 DAGs
[2024-09-11T13:42:49.347+0000] {logging_mixin.py:190} INFO - [2024-09-11T13:42:49.347+0000] {dag.py:4156} INFO - Setting next_dagrun for example_task_group_decorator to None, run_after=None
[2024-09-11T13:42:49.355+0000] {processor.py:208} INFO - Processing /home/airflow/.local/lib/python3.12/site-packages/airflow/example_dags/example_task_group_decorator.py took 0.040 seconds
[2024-09-11T13:43:19.581+0000] {processor.py:186} INFO - Started process (PID=394) to work on /home/airflow/.local/lib/python3.12/site-packages/airflow/example_dags/example_task_group_decorator.py
[2024-09-11T13:43:19.582+0000] {processor.py:914} INFO - Processing file /home/airflow/.local/lib/python3.12/site-packages/airflow/example_dags/example_task_group_decorator.py for tasks to queue
[2024-09-11T13:43:19.583+0000] {logging_mixin.py:190} INFO - [2024-09-11T13:43:19.583+0000] {dagbag.py:587} INFO - Filling up the DagBag from /home/airflow/.local/lib/python3.12/site-packages/airflow/example_dags/example_task_group_decorator.py
[2024-09-11T13:43:19.591+0000] {processor.py:925} INFO - DAG(s) 'example_task_group_decorator' retrieved from /home/airflow/.local/lib/python3.12/site-packages/airflow/example_dags/example_task_group_decorator.py
[2024-09-11T13:43:19.604+0000] {logging_mixin.py:190} INFO - [2024-09-11T13:43:19.604+0000] {dag.py:3229} INFO - Sync 1 DAGs
[2024-09-11T13:43:19.611+0000] {logging_mixin.py:190} INFO - [2024-09-11T13:43:19.611+0000] {dag.py:4156} INFO - Setting next_dagrun for example_task_group_decorator to None, run_after=None
[2024-09-11T13:43:19.619+0000] {processor.py:208} INFO - Processing /home/airflow/.local/lib/python3.12/site-packages/airflow/example_dags/example_task_group_decorator.py took 0.041 seconds
[2024-09-11T13:43:49.815+0000] {processor.py:186} INFO - Started process (PID=450) to work on /home/airflow/.local/lib/python3.12/site-packages/airflow/example_dags/example_task_group_decorator.py
[2024-09-11T13:43:49.815+0000] {processor.py:914} INFO - Processing file /home/airflow/.local/lib/python3.12/site-packages/airflow/example_dags/example_task_group_decorator.py for tasks to queue
[2024-09-11T13:43:49.817+0000] {logging_mixin.py:190} INFO - [2024-09-11T13:43:49.816+0000] {dagbag.py:587} INFO - Filling up the DagBag from /home/airflow/.local/lib/python3.12/site-packages/airflow/example_dags/example_task_group_decorator.py
[2024-09-11T13:43:49.824+0000] {processor.py:925} INFO - DAG(s) 'example_task_group_decorator' retrieved from /home/airflow/.local/lib/python3.12/site-packages/airflow/example_dags/example_task_group_decorator.py
[2024-09-11T13:43:49.837+0000] {logging_mixin.py:190} INFO - [2024-09-11T13:43:49.836+0000] {dag.py:3229} INFO - Sync 1 DAGs
[2024-09-11T13:43:49.843+0000] {logging_mixin.py:190} INFO - [2024-09-11T13:43:49.843+0000] {dag.py:4156} INFO - Setting next_dagrun for example_task_group_decorator to None, run_after=None
[2024-09-11T13:43:49.854+0000] {processor.py:208} INFO - Processing /home/airflow/.local/lib/python3.12/site-packages/airflow/example_dags/example_task_group_decorator.py took 0.043 seconds
[2024-09-11T13:44:20.046+0000] {processor.py:186} INFO - Started process (PID=506) to work on /home/airflow/.local/lib/python3.12/site-packages/airflow/example_dags/example_task_group_decorator.py
[2024-09-11T13:44:20.046+0000] {processor.py:914} INFO - Processing file /home/airflow/.local/lib/python3.12/site-packages/airflow/example_dags/example_task_group_decorator.py for tasks to queue
[2024-09-11T13:44:20.048+0000] {logging_mixin.py:190} INFO - [2024-09-11T13:44:20.048+0000] {dagbag.py:587} INFO - Filling up the DagBag from /home/airflow/.local/lib/python3.12/site-packages/airflow/example_dags/example_task_group_decorator.py
[2024-09-11T13:44:20.056+0000] {processor.py:925} INFO - DAG(s) 'example_task_group_decorator' retrieved from /home/airflow/.local/lib/python3.12/site-packages/airflow/example_dags/example_task_group_decorator.py
[2024-09-11T13:44:20.067+0000] {logging_mixin.py:190} INFO - [2024-09-11T13:44:20.067+0000] {dag.py:3229} INFO - Sync 1 DAGs
[2024-09-11T13:44:20.075+0000] {logging_mixin.py:190} INFO - [2024-09-11T13:44:20.074+0000] {dag.py:4156} INFO - Setting next_dagrun for example_task_group_decorator to None, run_after=None
[2024-09-11T13:44:20.082+0000] {processor.py:208} INFO - Processing /home/airflow/.local/lib/python3.12/site-packages/airflow/example_dags/example_task_group_decorator.py took 0.040 seconds
[2024-09-11T13:44:50.414+0000] {processor.py:186} INFO - Started process (PID=562) to work on /home/airflow/.local/lib/python3.12/site-packages/airflow/example_dags/example_task_group_decorator.py
[2024-09-11T13:44:50.416+0000] {processor.py:914} INFO - Processing file /home/airflow/.local/lib/python3.12/site-packages/airflow/example_dags/example_task_group_decorator.py for tasks to queue
[2024-09-11T13:44:50.417+0000] {logging_mixin.py:190} INFO - [2024-09-11T13:44:50.417+0000] {dagbag.py:587} INFO - Filling up the DagBag from /home/airflow/.local/lib/python3.12/site-packages/airflow/example_dags/example_task_group_decorator.py
[2024-09-11T13:44:50.425+0000] {processor.py:925} INFO - DAG(s) 'example_task_group_decorator' retrieved from /home/airflow/.local/lib/python3.12/site-packages/airflow/example_dags/example_task_group_decorator.py
[2024-09-11T13:44:50.437+0000] {logging_mixin.py:190} INFO - [2024-09-11T13:44:50.437+0000] {dag.py:3229} INFO - Sync 1 DAGs
[2024-09-11T13:44:50.445+0000] {logging_mixin.py:190} INFO - [2024-09-11T13:44:50.445+0000] {dag.py:4156} INFO - Setting next_dagrun for example_task_group_decorator to None, run_after=None
[2024-09-11T13:44:50.454+0000] {processor.py:208} INFO - Processing /home/airflow/.local/lib/python3.12/site-packages/airflow/example_dags/example_task_group_decorator.py took 0.044 seconds
[2024-09-11T13:45:20.613+0000] {processor.py:186} INFO - Started process (PID=618) to work on /home/airflow/.local/lib/python3.12/site-packages/airflow/example_dags/example_task_group_decorator.py
[2024-09-11T13:45:20.614+0000] {processor.py:914} INFO - Processing file /home/airflow/.local/lib/python3.12/site-packages/airflow/example_dags/example_task_group_decorator.py for tasks to queue
[2024-09-11T13:45:20.615+0000] {logging_mixin.py:190} INFO - [2024-09-11T13:45:20.615+0000] {dagbag.py:587} INFO - Filling up the DagBag from /home/airflow/.local/lib/python3.12/site-packages/airflow/example_dags/example_task_group_decorator.py
[2024-09-11T13:45:20.623+0000] {processor.py:925} INFO - DAG(s) 'example_task_group_decorator' retrieved from /home/airflow/.local/lib/python3.12/site-packages/airflow/example_dags/example_task_group_decorator.py
[2024-09-11T13:45:20.636+0000] {logging_mixin.py:190} INFO - [2024-09-11T13:45:20.636+0000] {dag.py:3229} INFO - Sync 1 DAGs
[2024-09-11T13:45:20.643+0000] {logging_mixin.py:190} INFO - [2024-09-11T13:45:20.643+0000] {dag.py:4156} INFO - Setting next_dagrun for example_task_group_decorator to None, run_after=None
[2024-09-11T13:45:20.651+0000] {processor.py:208} INFO - Processing /home/airflow/.local/lib/python3.12/site-packages/airflow/example_dags/example_task_group_decorator.py took 0.042 seconds
[2024-09-11T13:45:50.770+0000] {processor.py:186} INFO - Started process (PID=674) to work on /home/airflow/.local/lib/python3.12/site-packages/airflow/example_dags/example_task_group_decorator.py
[2024-09-11T13:45:50.771+0000] {processor.py:914} INFO - Processing file /home/airflow/.local/lib/python3.12/site-packages/airflow/example_dags/example_task_group_decorator.py for tasks to queue
[2024-09-11T13:45:50.772+0000] {logging_mixin.py:190} INFO - [2024-09-11T13:45:50.772+0000] {dagbag.py:587} INFO - Filling up the DagBag from /home/airflow/.local/lib/python3.12/site-packages/airflow/example_dags/example_task_group_decorator.py
[2024-09-11T13:45:50.781+0000] {processor.py:925} INFO - DAG(s) 'example_task_group_decorator' retrieved from /home/airflow/.local/lib/python3.12/site-packages/airflow/example_dags/example_task_group_decorator.py
[2024-09-11T13:45:50.795+0000] {logging_mixin.py:190} INFO - [2024-09-11T13:45:50.794+0000] {dag.py:3229} INFO - Sync 1 DAGs
[2024-09-11T13:45:50.805+0000] {logging_mixin.py:190} INFO - [2024-09-11T13:45:50.805+0000] {dag.py:4156} INFO - Setting next_dagrun for example_task_group_decorator to None, run_after=None
[2024-09-11T13:45:50.814+0000] {processor.py:208} INFO - Processing /home/airflow/.local/lib/python3.12/site-packages/airflow/example_dags/example_task_group_decorator.py took 0.047 seconds
[2024-09-11T13:46:20.954+0000] {processor.py:186} INFO - Started process (PID=730) to work on /home/airflow/.local/lib/python3.12/site-packages/airflow/example_dags/example_task_group_decorator.py
[2024-09-11T13:46:20.955+0000] {processor.py:914} INFO - Processing file /home/airflow/.local/lib/python3.12/site-packages/airflow/example_dags/example_task_group_decorator.py for tasks to queue
[2024-09-11T13:46:20.956+0000] {logging_mixin.py:190} INFO - [2024-09-11T13:46:20.956+0000] {dagbag.py:587} INFO - Filling up the DagBag from /home/airflow/.local/lib/python3.12/site-packages/airflow/example_dags/example_task_group_decorator.py
[2024-09-11T13:46:20.963+0000] {processor.py:925} INFO - DAG(s) 'example_task_group_decorator' retrieved from /home/airflow/.local/lib/python3.12/site-packages/airflow/example_dags/example_task_group_decorator.py
[2024-09-11T13:46:20.975+0000] {logging_mixin.py:190} INFO - [2024-09-11T13:46:20.975+0000] {dag.py:3229} INFO - Sync 1 DAGs
[2024-09-11T13:46:20.982+0000] {logging_mixin.py:190} INFO - [2024-09-11T13:46:20.982+0000] {dag.py:4156} INFO - Setting next_dagrun for example_task_group_decorator to None, run_after=None
[2024-09-11T13:46:20.989+0000] {processor.py:208} INFO - Processing /home/airflow/.local/lib/python3.12/site-packages/airflow/example_dags/example_task_group_decorator.py took 0.039 seconds
[2024-09-11T13:46:51.336+0000] {processor.py:186} INFO - Started process (PID=786) to work on /home/airflow/.local/lib/python3.12/site-packages/airflow/example_dags/example_task_group_decorator.py
[2024-09-11T13:46:51.336+0000] {processor.py:914} INFO - Processing file /home/airflow/.local/lib/python3.12/site-packages/airflow/example_dags/example_task_group_decorator.py for tasks to queue
[2024-09-11T13:46:51.338+0000] {logging_mixin.py:190} INFO - [2024-09-11T13:46:51.338+0000] {dagbag.py:587} INFO - Filling up the DagBag from /home/airflow/.local/lib/python3.12/site-packages/airflow/example_dags/example_task_group_decorator.py
[2024-09-11T13:46:51.346+0000] {processor.py:925} INFO - DAG(s) 'example_task_group_decorator' retrieved from /home/airflow/.local/lib/python3.12/site-packages/airflow/example_dags/example_task_group_decorator.py
[2024-09-11T13:46:51.358+0000] {logging_mixin.py:190} INFO - [2024-09-11T13:46:51.357+0000] {dag.py:3229} INFO - Sync 1 DAGs
[2024-09-11T13:46:51.364+0000] {logging_mixin.py:190} INFO - [2024-09-11T13:46:51.364+0000] {dag.py:4156} INFO - Setting next_dagrun for example_task_group_decorator to None, run_after=None
[2024-09-11T13:46:51.372+0000] {processor.py:208} INFO - Processing /home/airflow/.local/lib/python3.12/site-packages/airflow/example_dags/example_task_group_decorator.py took 0.040 seconds
[2024-09-11T13:47:21.438+0000] {processor.py:186} INFO - Started process (PID=842) to work on /home/airflow/.local/lib/python3.12/site-packages/airflow/example_dags/example_task_group_decorator.py
[2024-09-11T13:47:21.439+0000] {processor.py:914} INFO - Processing file /home/airflow/.local/lib/python3.12/site-packages/airflow/example_dags/example_task_group_decorator.py for tasks to queue
[2024-09-11T13:47:21.441+0000] {logging_mixin.py:190} INFO - [2024-09-11T13:47:21.440+0000] {dagbag.py:587} INFO - Filling up the DagBag from /home/airflow/.local/lib/python3.12/site-packages/airflow/example_dags/example_task_group_decorator.py
[2024-09-11T13:47:21.449+0000] {processor.py:925} INFO - DAG(s) 'example_task_group_decorator' retrieved from /home/airflow/.local/lib/python3.12/site-packages/airflow/example_dags/example_task_group_decorator.py
[2024-09-11T13:47:21.463+0000] {logging_mixin.py:190} INFO - [2024-09-11T13:47:21.463+0000] {dag.py:3229} INFO - Sync 1 DAGs
[2024-09-11T13:47:21.469+0000] {logging_mixin.py:190} INFO - [2024-09-11T13:47:21.469+0000] {dag.py:4156} INFO - Setting next_dagrun for example_task_group_decorator to None, run_after=None
[2024-09-11T13:47:21.477+0000] {processor.py:208} INFO - Processing /home/airflow/.local/lib/python3.12/site-packages/airflow/example_dags/example_task_group_decorator.py took 0.043 seconds
[2024-09-11T13:47:51.714+0000] {processor.py:186} INFO - Started process (PID=898) to work on /home/airflow/.local/lib/python3.12/site-packages/airflow/example_dags/example_task_group_decorator.py
[2024-09-11T13:47:51.714+0000] {processor.py:914} INFO - Processing file /home/airflow/.local/lib/python3.12/site-packages/airflow/example_dags/example_task_group_decorator.py for tasks to queue
[2024-09-11T13:47:51.715+0000] {logging_mixin.py:190} INFO - [2024-09-11T13:47:51.715+0000] {dagbag.py:587} INFO - Filling up the DagBag from /home/airflow/.local/lib/python3.12/site-packages/airflow/example_dags/example_task_group_decorator.py
[2024-09-11T13:47:51.722+0000] {processor.py:925} INFO - DAG(s) 'example_task_group_decorator' retrieved from /home/airflow/.local/lib/python3.12/site-packages/airflow/example_dags/example_task_group_decorator.py
[2024-09-11T13:47:51.734+0000] {logging_mixin.py:190} INFO - [2024-09-11T13:47:51.734+0000] {dag.py:3229} INFO - Sync 1 DAGs
[2024-09-11T13:47:51.740+0000] {logging_mixin.py:190} INFO - [2024-09-11T13:47:51.740+0000] {dag.py:4156} INFO - Setting next_dagrun for example_task_group_decorator to None, run_after=None
[2024-09-11T13:47:51.747+0000] {processor.py:208} INFO - Processing /home/airflow/.local/lib/python3.12/site-packages/airflow/example_dags/example_task_group_decorator.py took 0.037 seconds
[2024-09-11T13:48:21.933+0000] {processor.py:186} INFO - Started process (PID=954) to work on /home/airflow/.local/lib/python3.12/site-packages/airflow/example_dags/example_task_group_decorator.py
[2024-09-11T13:48:21.933+0000] {processor.py:914} INFO - Processing file /home/airflow/.local/lib/python3.12/site-packages/airflow/example_dags/example_task_group_decorator.py for tasks to queue
[2024-09-11T13:48:21.936+0000] {logging_mixin.py:190} INFO - [2024-09-11T13:48:21.936+0000] {dagbag.py:587} INFO - Filling up the DagBag from /home/airflow/.local/lib/python3.12/site-packages/airflow/example_dags/example_task_group_decorator.py
[2024-09-11T13:48:21.943+0000] {processor.py:925} INFO - DAG(s) 'example_task_group_decorator' retrieved from /home/airflow/.local/lib/python3.12/site-packages/airflow/example_dags/example_task_group_decorator.py
[2024-09-11T13:48:21.955+0000] {logging_mixin.py:190} INFO - [2024-09-11T13:48:21.955+0000] {dag.py:3229} INFO - Sync 1 DAGs
[2024-09-11T13:48:21.961+0000] {logging_mixin.py:190} INFO - [2024-09-11T13:48:21.961+0000] {dag.py:4156} INFO - Setting next_dagrun for example_task_group_decorator to None, run_after=None
[2024-09-11T13:48:21.969+0000] {processor.py:208} INFO - Processing /home/airflow/.local/lib/python3.12/site-packages/airflow/example_dags/example_task_group_decorator.py took 0.039 seconds
[2024-09-11T13:48:52.168+0000] {processor.py:186} INFO - Started process (PID=1010) to work on /home/airflow/.local/lib/python3.12/site-packages/airflow/example_dags/example_task_group_decorator.py
[2024-09-11T13:48:52.169+0000] {processor.py:914} INFO - Processing file /home/airflow/.local/lib/python3.12/site-packages/airflow/example_dags/example_task_group_decorator.py for tasks to queue
[2024-09-11T13:48:52.170+0000] {logging_mixin.py:190} INFO - [2024-09-11T13:48:52.170+0000] {dagbag.py:587} INFO - Filling up the DagBag from /home/airflow/.local/lib/python3.12/site-packages/airflow/example_dags/example_task_group_decorator.py
[2024-09-11T13:48:52.177+0000] {processor.py:925} INFO - DAG(s) 'example_task_group_decorator' retrieved from /home/airflow/.local/lib/python3.12/site-packages/airflow/example_dags/example_task_group_decorator.py
[2024-09-11T13:48:52.189+0000] {logging_mixin.py:190} INFO - [2024-09-11T13:48:52.189+0000] {dag.py:3229} INFO - Sync 1 DAGs
[2024-09-11T13:48:52.195+0000] {logging_mixin.py:190} INFO - [2024-09-11T13:48:52.195+0000] {dag.py:4156} INFO - Setting next_dagrun for example_task_group_decorator to None, run_after=None
[2024-09-11T13:48:52.203+0000] {processor.py:208} INFO - Processing /home/airflow/.local/lib/python3.12/site-packages/airflow/example_dags/example_task_group_decorator.py took 0.039 seconds
[2024-09-11T13:49:22.360+0000] {processor.py:186} INFO - Started process (PID=1066) to work on /home/airflow/.local/lib/python3.12/site-packages/airflow/example_dags/example_task_group_decorator.py
[2024-09-11T13:49:22.360+0000] {processor.py:914} INFO - Processing file /home/airflow/.local/lib/python3.12/site-packages/airflow/example_dags/example_task_group_decorator.py for tasks to queue
[2024-09-11T13:49:22.362+0000] {logging_mixin.py:190} INFO - [2024-09-11T13:49:22.361+0000] {dagbag.py:587} INFO - Filling up the DagBag from /home/airflow/.local/lib/python3.12/site-packages/airflow/example_dags/example_task_group_decorator.py
[2024-09-11T13:49:22.369+0000] {processor.py:925} INFO - DAG(s) 'example_task_group_decorator' retrieved from /home/airflow/.local/lib/python3.12/site-packages/airflow/example_dags/example_task_group_decorator.py
[2024-09-11T13:49:22.380+0000] {logging_mixin.py:190} INFO - [2024-09-11T13:49:22.380+0000] {dag.py:3229} INFO - Sync 1 DAGs
[2024-09-11T13:49:22.387+0000] {logging_mixin.py:190} INFO - [2024-09-11T13:49:22.387+0000] {dag.py:4156} INFO - Setting next_dagrun for example_task_group_decorator to None, run_after=None
[2024-09-11T13:49:22.395+0000] {processor.py:208} INFO - Processing /home/airflow/.local/lib/python3.12/site-packages/airflow/example_dags/example_task_group_decorator.py took 0.038 seconds
[2024-09-11T13:49:52.643+0000] {processor.py:186} INFO - Started process (PID=1122) to work on /home/airflow/.local/lib/python3.12/site-packages/airflow/example_dags/example_task_group_decorator.py
[2024-09-11T13:49:52.644+0000] {processor.py:914} INFO - Processing file /home/airflow/.local/lib/python3.12/site-packages/airflow/example_dags/example_task_group_decorator.py for tasks to queue
[2024-09-11T13:49:52.645+0000] {logging_mixin.py:190} INFO - [2024-09-11T13:49:52.645+0000] {dagbag.py:587} INFO - Filling up the DagBag from /home/airflow/.local/lib/python3.12/site-packages/airflow/example_dags/example_task_group_decorator.py
[2024-09-11T13:49:52.652+0000] {processor.py:925} INFO - DAG(s) 'example_task_group_decorator' retrieved from /home/airflow/.local/lib/python3.12/site-packages/airflow/example_dags/example_task_group_decorator.py
[2024-09-11T13:49:52.664+0000] {logging_mixin.py:190} INFO - [2024-09-11T13:49:52.663+0000] {dag.py:3229} INFO - Sync 1 DAGs
[2024-09-11T13:49:52.670+0000] {logging_mixin.py:190} INFO - [2024-09-11T13:49:52.670+0000] {dag.py:4156} INFO - Setting next_dagrun for example_task_group_decorator to None, run_after=None
[2024-09-11T13:49:52.678+0000] {processor.py:208} INFO - Processing /home/airflow/.local/lib/python3.12/site-packages/airflow/example_dags/example_task_group_decorator.py took 0.038 seconds
[2024-09-11T13:50:22.970+0000] {processor.py:186} INFO - Started process (PID=1178) to work on /home/airflow/.local/lib/python3.12/site-packages/airflow/example_dags/example_task_group_decorator.py
[2024-09-11T13:50:22.971+0000] {processor.py:914} INFO - Processing file /home/airflow/.local/lib/python3.12/site-packages/airflow/example_dags/example_task_group_decorator.py for tasks to queue
[2024-09-11T13:50:22.972+0000] {logging_mixin.py:190} INFO - [2024-09-11T13:50:22.972+0000] {dagbag.py:587} INFO - Filling up the DagBag from /home/airflow/.local/lib/python3.12/site-packages/airflow/example_dags/example_task_group_decorator.py
[2024-09-11T13:50:22.980+0000] {processor.py:925} INFO - DAG(s) 'example_task_group_decorator' retrieved from /home/airflow/.local/lib/python3.12/site-packages/airflow/example_dags/example_task_group_decorator.py
[2024-09-11T13:50:22.993+0000] {logging_mixin.py:190} INFO - [2024-09-11T13:50:22.993+0000] {dag.py:3229} INFO - Sync 1 DAGs
[2024-09-11T13:50:23.000+0000] {logging_mixin.py:190} INFO - [2024-09-11T13:50:23.000+0000] {dag.py:4156} INFO - Setting next_dagrun for example_task_group_decorator to None, run_after=None
[2024-09-11T13:50:23.008+0000] {processor.py:208} INFO - Processing /home/airflow/.local/lib/python3.12/site-packages/airflow/example_dags/example_task_group_decorator.py took 0.040 seconds
[2024-09-11T13:50:53.234+0000] {processor.py:186} INFO - Started process (PID=1234) to work on /home/airflow/.local/lib/python3.12/site-packages/airflow/example_dags/example_task_group_decorator.py
[2024-09-11T13:50:53.234+0000] {processor.py:914} INFO - Processing file /home/airflow/.local/lib/python3.12/site-packages/airflow/example_dags/example_task_group_decorator.py for tasks to queue
[2024-09-11T13:50:53.236+0000] {logging_mixin.py:190} INFO - [2024-09-11T13:50:53.235+0000] {dagbag.py:587} INFO - Filling up the DagBag from /home/airflow/.local/lib/python3.12/site-packages/airflow/example_dags/example_task_group_decorator.py
[2024-09-11T13:50:53.243+0000] {processor.py:925} INFO - DAG(s) 'example_task_group_decorator' retrieved from /home/airflow/.local/lib/python3.12/site-packages/airflow/example_dags/example_task_group_decorator.py
[2024-09-11T13:50:53.254+0000] {logging_mixin.py:190} INFO - [2024-09-11T13:50:53.254+0000] {dag.py:3229} INFO - Sync 1 DAGs
[2024-09-11T13:50:53.260+0000] {logging_mixin.py:190} INFO - [2024-09-11T13:50:53.260+0000] {dag.py:4156} INFO - Setting next_dagrun for example_task_group_decorator to None, run_after=None
[2024-09-11T13:50:53.268+0000] {processor.py:208} INFO - Processing /home/airflow/.local/lib/python3.12/site-packages/airflow/example_dags/example_task_group_decorator.py took 0.037 seconds
[2024-09-11T13:51:23.360+0000] {processor.py:186} INFO - Started process (PID=1290) to work on /home/airflow/.local/lib/python3.12/site-packages/airflow/example_dags/example_task_group_decorator.py
[2024-09-11T13:51:23.361+0000] {processor.py:914} INFO - Processing file /home/airflow/.local/lib/python3.12/site-packages/airflow/example_dags/example_task_group_decorator.py for tasks to queue
[2024-09-11T13:51:23.362+0000] {logging_mixin.py:190} INFO - [2024-09-11T13:51:23.362+0000] {dagbag.py:587} INFO - Filling up the DagBag from /home/airflow/.local/lib/python3.12/site-packages/airflow/example_dags/example_task_group_decorator.py
[2024-09-11T13:51:23.369+0000] {processor.py:925} INFO - DAG(s) 'example_task_group_decorator' retrieved from /home/airflow/.local/lib/python3.12/site-packages/airflow/example_dags/example_task_group_decorator.py
[2024-09-11T13:51:23.380+0000] {logging_mixin.py:190} INFO - [2024-09-11T13:51:23.380+0000] {dag.py:3229} INFO - Sync 1 DAGs
[2024-09-11T13:51:23.387+0000] {logging_mixin.py:190} INFO - [2024-09-11T13:51:23.386+0000] {dag.py:4156} INFO - Setting next_dagrun for example_task_group_decorator to None, run_after=None
[2024-09-11T13:51:23.394+0000] {processor.py:208} INFO - Processing /home/airflow/.local/lib/python3.12/site-packages/airflow/example_dags/example_task_group_decorator.py took 0.037 seconds
[2024-09-11T13:51:53.608+0000] {processor.py:186} INFO - Started process (PID=1346) to work on /home/airflow/.local/lib/python3.12/site-packages/airflow/example_dags/example_task_group_decorator.py
[2024-09-11T13:51:53.608+0000] {processor.py:914} INFO - Processing file /home/airflow/.local/lib/python3.12/site-packages/airflow/example_dags/example_task_group_decorator.py for tasks to queue
[2024-09-11T13:51:53.609+0000] {logging_mixin.py:190} INFO - [2024-09-11T13:51:53.609+0000] {dagbag.py:587} INFO - Filling up the DagBag from /home/airflow/.local/lib/python3.12/site-packages/airflow/example_dags/example_task_group_decorator.py
[2024-09-11T13:51:53.617+0000] {processor.py:925} INFO - DAG(s) 'example_task_group_decorator' retrieved from /home/airflow/.local/lib/python3.12/site-packages/airflow/example_dags/example_task_group_decorator.py
[2024-09-11T13:51:53.628+0000] {logging_mixin.py:190} INFO - [2024-09-11T13:51:53.628+0000] {dag.py:3229} INFO - Sync 1 DAGs
[2024-09-11T13:51:53.634+0000] {logging_mixin.py:190} INFO - [2024-09-11T13:51:53.634+0000] {dag.py:4156} INFO - Setting next_dagrun for example_task_group_decorator to None, run_after=None
[2024-09-11T13:51:53.642+0000] {processor.py:208} INFO - Processing /home/airflow/.local/lib/python3.12/site-packages/airflow/example_dags/example_task_group_decorator.py took 0.037 seconds
[2024-09-11T13:52:23.830+0000] {processor.py:186} INFO - Started process (PID=1402) to work on /home/airflow/.local/lib/python3.12/site-packages/airflow/example_dags/example_task_group_decorator.py
[2024-09-11T13:52:23.831+0000] {processor.py:914} INFO - Processing file /home/airflow/.local/lib/python3.12/site-packages/airflow/example_dags/example_task_group_decorator.py for tasks to queue
[2024-09-11T13:52:23.832+0000] {logging_mixin.py:190} INFO - [2024-09-11T13:52:23.832+0000] {dagbag.py:587} INFO - Filling up the DagBag from /home/airflow/.local/lib/python3.12/site-packages/airflow/example_dags/example_task_group_decorator.py
[2024-09-11T13:52:23.839+0000] {processor.py:925} INFO - DAG(s) 'example_task_group_decorator' retrieved from /home/airflow/.local/lib/python3.12/site-packages/airflow/example_dags/example_task_group_decorator.py
[2024-09-11T13:52:23.851+0000] {logging_mixin.py:190} INFO - [2024-09-11T13:52:23.851+0000] {dag.py:3229} INFO - Sync 1 DAGs
[2024-09-11T13:52:23.858+0000] {logging_mixin.py:190} INFO - [2024-09-11T13:52:23.858+0000] {dag.py:4156} INFO - Setting next_dagrun for example_task_group_decorator to None, run_after=None
[2024-09-11T13:52:23.866+0000] {processor.py:208} INFO - Processing /home/airflow/.local/lib/python3.12/site-packages/airflow/example_dags/example_task_group_decorator.py took 0.039 seconds
[2024-09-11T13:52:54.657+0000] {processor.py:186} INFO - Started process (PID=1458) to work on /home/airflow/.local/lib/python3.12/site-packages/airflow/example_dags/example_task_group_decorator.py
[2024-09-11T13:52:54.657+0000] {processor.py:914} INFO - Processing file /home/airflow/.local/lib/python3.12/site-packages/airflow/example_dags/example_task_group_decorator.py for tasks to queue
[2024-09-11T13:52:54.659+0000] {logging_mixin.py:190} INFO - [2024-09-11T13:52:54.658+0000] {dagbag.py:587} INFO - Filling up the DagBag from /home/airflow/.local/lib/python3.12/site-packages/airflow/example_dags/example_task_group_decorator.py
[2024-09-11T13:52:54.666+0000] {processor.py:925} INFO - DAG(s) 'example_task_group_decorator' retrieved from /home/airflow/.local/lib/python3.12/site-packages/airflow/example_dags/example_task_group_decorator.py
[2024-09-11T13:52:54.678+0000] {logging_mixin.py:190} INFO - [2024-09-11T13:52:54.678+0000] {dag.py:3229} INFO - Sync 1 DAGs
[2024-09-11T13:52:54.684+0000] {logging_mixin.py:190} INFO - [2024-09-11T13:52:54.684+0000] {dag.py:4156} INFO - Setting next_dagrun for example_task_group_decorator to None, run_after=None
[2024-09-11T13:52:54.693+0000] {processor.py:208} INFO - Processing /home/airflow/.local/lib/python3.12/site-packages/airflow/example_dags/example_task_group_decorator.py took 0.039 seconds
[2024-09-11T13:53:25.125+0000] {processor.py:186} INFO - Started process (PID=1514) to work on /home/airflow/.local/lib/python3.12/site-packages/airflow/example_dags/example_task_group_decorator.py
[2024-09-11T13:53:25.126+0000] {processor.py:914} INFO - Processing file /home/airflow/.local/lib/python3.12/site-packages/airflow/example_dags/example_task_group_decorator.py for tasks to queue
[2024-09-11T13:53:25.127+0000] {logging_mixin.py:190} INFO - [2024-09-11T13:53:25.127+0000] {dagbag.py:587} INFO - Filling up the DagBag from /home/airflow/.local/lib/python3.12/site-packages/airflow/example_dags/example_task_group_decorator.py
[2024-09-11T13:53:25.135+0000] {processor.py:925} INFO - DAG(s) 'example_task_group_decorator' retrieved from /home/airflow/.local/lib/python3.12/site-packages/airflow/example_dags/example_task_group_decorator.py
[2024-09-11T13:53:25.147+0000] {logging_mixin.py:190} INFO - [2024-09-11T13:53:25.147+0000] {dag.py:3229} INFO - Sync 1 DAGs
[2024-09-11T13:53:25.154+0000] {logging_mixin.py:190} INFO - [2024-09-11T13:53:25.153+0000] {dag.py:4156} INFO - Setting next_dagrun for example_task_group_decorator to None, run_after=None
[2024-09-11T13:53:25.162+0000] {processor.py:208} INFO - Processing /home/airflow/.local/lib/python3.12/site-packages/airflow/example_dags/example_task_group_decorator.py took 0.040 seconds
[2024-09-11T13:53:55.795+0000] {processor.py:186} INFO - Started process (PID=1570) to work on /home/airflow/.local/lib/python3.12/site-packages/airflow/example_dags/example_task_group_decorator.py
[2024-09-11T13:53:55.796+0000] {processor.py:914} INFO - Processing file /home/airflow/.local/lib/python3.12/site-packages/airflow/example_dags/example_task_group_decorator.py for tasks to queue
[2024-09-11T13:53:55.797+0000] {logging_mixin.py:190} INFO - [2024-09-11T13:53:55.797+0000] {dagbag.py:587} INFO - Filling up the DagBag from /home/airflow/.local/lib/python3.12/site-packages/airflow/example_dags/example_task_group_decorator.py
[2024-09-11T13:53:55.805+0000] {processor.py:925} INFO - DAG(s) 'example_task_group_decorator' retrieved from /home/airflow/.local/lib/python3.12/site-packages/airflow/example_dags/example_task_group_decorator.py
[2024-09-11T13:53:55.816+0000] {logging_mixin.py:190} INFO - [2024-09-11T13:53:55.816+0000] {dag.py:3229} INFO - Sync 1 DAGs
[2024-09-11T13:53:55.823+0000] {logging_mixin.py:190} INFO - [2024-09-11T13:53:55.823+0000] {dag.py:4156} INFO - Setting next_dagrun for example_task_group_decorator to None, run_after=None
[2024-09-11T13:53:55.831+0000] {processor.py:208} INFO - Processing /home/airflow/.local/lib/python3.12/site-packages/airflow/example_dags/example_task_group_decorator.py took 0.038 seconds
[2024-09-11T13:54:26.135+0000] {processor.py:186} INFO - Started process (PID=1626) to work on /home/airflow/.local/lib/python3.12/site-packages/airflow/example_dags/example_task_group_decorator.py
[2024-09-11T13:54:26.136+0000] {processor.py:914} INFO - Processing file /home/airflow/.local/lib/python3.12/site-packages/airflow/example_dags/example_task_group_decorator.py for tasks to queue
[2024-09-11T13:54:26.137+0000] {logging_mixin.py:190} INFO - [2024-09-11T13:54:26.137+0000] {dagbag.py:587} INFO - Filling up the DagBag from /home/airflow/.local/lib/python3.12/site-packages/airflow/example_dags/example_task_group_decorator.py
[2024-09-11T13:54:26.144+0000] {processor.py:925} INFO - DAG(s) 'example_task_group_decorator' retrieved from /home/airflow/.local/lib/python3.12/site-packages/airflow/example_dags/example_task_group_decorator.py
[2024-09-11T13:54:26.156+0000] {logging_mixin.py:190} INFO - [2024-09-11T13:54:26.156+0000] {dag.py:3229} INFO - Sync 1 DAGs
[2024-09-11T13:54:26.164+0000] {logging_mixin.py:190} INFO - [2024-09-11T13:54:26.164+0000] {dag.py:4156} INFO - Setting next_dagrun for example_task_group_decorator to None, run_after=None
[2024-09-11T13:54:26.173+0000] {processor.py:208} INFO - Processing /home/airflow/.local/lib/python3.12/site-packages/airflow/example_dags/example_task_group_decorator.py took 0.041 seconds
[2024-09-11T13:54:56.495+0000] {processor.py:186} INFO - Started process (PID=1682) to work on /home/airflow/.local/lib/python3.12/site-packages/airflow/example_dags/example_task_group_decorator.py
[2024-09-11T13:54:56.497+0000] {processor.py:914} INFO - Processing file /home/airflow/.local/lib/python3.12/site-packages/airflow/example_dags/example_task_group_decorator.py for tasks to queue
[2024-09-11T13:54:56.499+0000] {logging_mixin.py:190} INFO - [2024-09-11T13:54:56.499+0000] {dagbag.py:587} INFO - Filling up the DagBag from /home/airflow/.local/lib/python3.12/site-packages/airflow/example_dags/example_task_group_decorator.py
[2024-09-11T13:54:56.507+0000] {processor.py:925} INFO - DAG(s) 'example_task_group_decorator' retrieved from /home/airflow/.local/lib/python3.12/site-packages/airflow/example_dags/example_task_group_decorator.py
[2024-09-11T13:54:56.520+0000] {logging_mixin.py:190} INFO - [2024-09-11T13:54:56.520+0000] {dag.py:3229} INFO - Sync 1 DAGs
[2024-09-11T13:54:56.528+0000] {logging_mixin.py:190} INFO - [2024-09-11T13:54:56.528+0000] {dag.py:4156} INFO - Setting next_dagrun for example_task_group_decorator to None, run_after=None
[2024-09-11T13:54:56.537+0000] {processor.py:208} INFO - Processing /home/airflow/.local/lib/python3.12/site-packages/airflow/example_dags/example_task_group_decorator.py took 0.047 seconds
[2024-09-11T13:55:26.854+0000] {processor.py:186} INFO - Started process (PID=1738) to work on /home/airflow/.local/lib/python3.12/site-packages/airflow/example_dags/example_task_group_decorator.py
[2024-09-11T13:55:26.855+0000] {processor.py:914} INFO - Processing file /home/airflow/.local/lib/python3.12/site-packages/airflow/example_dags/example_task_group_decorator.py for tasks to queue
[2024-09-11T13:55:26.856+0000] {logging_mixin.py:190} INFO - [2024-09-11T13:55:26.856+0000] {dagbag.py:587} INFO - Filling up the DagBag from /home/airflow/.local/lib/python3.12/site-packages/airflow/example_dags/example_task_group_decorator.py
[2024-09-11T13:55:26.863+0000] {processor.py:925} INFO - DAG(s) 'example_task_group_decorator' retrieved from /home/airflow/.local/lib/python3.12/site-packages/airflow/example_dags/example_task_group_decorator.py
[2024-09-11T13:55:26.875+0000] {logging_mixin.py:190} INFO - [2024-09-11T13:55:26.875+0000] {dag.py:3229} INFO - Sync 1 DAGs
[2024-09-11T13:55:26.881+0000] {logging_mixin.py:190} INFO - [2024-09-11T13:55:26.881+0000] {dag.py:4156} INFO - Setting next_dagrun for example_task_group_decorator to None, run_after=None
[2024-09-11T13:55:26.888+0000] {processor.py:208} INFO - Processing /home/airflow/.local/lib/python3.12/site-packages/airflow/example_dags/example_task_group_decorator.py took 0.037 seconds
[2024-09-11T13:55:57.182+0000] {processor.py:186} INFO - Started process (PID=1794) to work on /home/airflow/.local/lib/python3.12/site-packages/airflow/example_dags/example_task_group_decorator.py
[2024-09-11T13:55:57.183+0000] {processor.py:914} INFO - Processing file /home/airflow/.local/lib/python3.12/site-packages/airflow/example_dags/example_task_group_decorator.py for tasks to queue
[2024-09-11T13:55:57.184+0000] {logging_mixin.py:190} INFO - [2024-09-11T13:55:57.184+0000] {dagbag.py:587} INFO - Filling up the DagBag from /home/airflow/.local/lib/python3.12/site-packages/airflow/example_dags/example_task_group_decorator.py
[2024-09-11T13:55:57.191+0000] {processor.py:925} INFO - DAG(s) 'example_task_group_decorator' retrieved from /home/airflow/.local/lib/python3.12/site-packages/airflow/example_dags/example_task_group_decorator.py
[2024-09-11T13:55:57.202+0000] {logging_mixin.py:190} INFO - [2024-09-11T13:55:57.202+0000] {dag.py:3229} INFO - Sync 1 DAGs
[2024-09-11T13:55:57.209+0000] {logging_mixin.py:190} INFO - [2024-09-11T13:55:57.209+0000] {dag.py:4156} INFO - Setting next_dagrun for example_task_group_decorator to None, run_after=None
[2024-09-11T13:55:57.216+0000] {processor.py:208} INFO - Processing /home/airflow/.local/lib/python3.12/site-packages/airflow/example_dags/example_task_group_decorator.py took 0.037 seconds
[2024-09-11T13:56:27.539+0000] {processor.py:186} INFO - Started process (PID=1850) to work on /home/airflow/.local/lib/python3.12/site-packages/airflow/example_dags/example_task_group_decorator.py
[2024-09-11T13:56:27.539+0000] {processor.py:914} INFO - Processing file /home/airflow/.local/lib/python3.12/site-packages/airflow/example_dags/example_task_group_decorator.py for tasks to queue
[2024-09-11T13:56:27.540+0000] {logging_mixin.py:190} INFO - [2024-09-11T13:56:27.540+0000] {dagbag.py:587} INFO - Filling up the DagBag from /home/airflow/.local/lib/python3.12/site-packages/airflow/example_dags/example_task_group_decorator.py
[2024-09-11T13:56:27.548+0000] {processor.py:925} INFO - DAG(s) 'example_task_group_decorator' retrieved from /home/airflow/.local/lib/python3.12/site-packages/airflow/example_dags/example_task_group_decorator.py
[2024-09-11T13:56:27.559+0000] {logging_mixin.py:190} INFO - [2024-09-11T13:56:27.559+0000] {dag.py:3229} INFO - Sync 1 DAGs
[2024-09-11T13:56:27.566+0000] {logging_mixin.py:190} INFO - [2024-09-11T13:56:27.565+0000] {dag.py:4156} INFO - Setting next_dagrun for example_task_group_decorator to None, run_after=None
[2024-09-11T13:56:27.574+0000] {processor.py:208} INFO - Processing /home/airflow/.local/lib/python3.12/site-packages/airflow/example_dags/example_task_group_decorator.py took 0.039 seconds
[2024-09-11T13:56:57.867+0000] {processor.py:186} INFO - Started process (PID=1906) to work on /home/airflow/.local/lib/python3.12/site-packages/airflow/example_dags/example_task_group_decorator.py
[2024-09-11T13:56:57.868+0000] {processor.py:914} INFO - Processing file /home/airflow/.local/lib/python3.12/site-packages/airflow/example_dags/example_task_group_decorator.py for tasks to queue
[2024-09-11T13:56:57.869+0000] {logging_mixin.py:190} INFO - [2024-09-11T13:56:57.869+0000] {dagbag.py:587} INFO - Filling up the DagBag from /home/airflow/.local/lib/python3.12/site-packages/airflow/example_dags/example_task_group_decorator.py
[2024-09-11T13:56:57.876+0000] {processor.py:925} INFO - DAG(s) 'example_task_group_decorator' retrieved from /home/airflow/.local/lib/python3.12/site-packages/airflow/example_dags/example_task_group_decorator.py
[2024-09-11T13:56:57.888+0000] {logging_mixin.py:190} INFO - [2024-09-11T13:56:57.888+0000] {dag.py:3229} INFO - Sync 1 DAGs
[2024-09-11T13:56:57.894+0000] {logging_mixin.py:190} INFO - [2024-09-11T13:56:57.894+0000] {dag.py:4156} INFO - Setting next_dagrun for example_task_group_decorator to None, run_after=None
[2024-09-11T13:56:57.903+0000] {processor.py:208} INFO - Processing /home/airflow/.local/lib/python3.12/site-packages/airflow/example_dags/example_task_group_decorator.py took 0.039 seconds
[2024-09-11T13:57:28.247+0000] {processor.py:186} INFO - Started process (PID=1962) to work on /home/airflow/.local/lib/python3.12/site-packages/airflow/example_dags/example_task_group_decorator.py
[2024-09-11T13:57:28.247+0000] {processor.py:914} INFO - Processing file /home/airflow/.local/lib/python3.12/site-packages/airflow/example_dags/example_task_group_decorator.py for tasks to queue
[2024-09-11T13:57:28.249+0000] {logging_mixin.py:190} INFO - [2024-09-11T13:57:28.249+0000] {dagbag.py:587} INFO - Filling up the DagBag from /home/airflow/.local/lib/python3.12/site-packages/airflow/example_dags/example_task_group_decorator.py
[2024-09-11T13:57:28.256+0000] {processor.py:925} INFO - DAG(s) 'example_task_group_decorator' retrieved from /home/airflow/.local/lib/python3.12/site-packages/airflow/example_dags/example_task_group_decorator.py
[2024-09-11T13:57:28.267+0000] {logging_mixin.py:190} INFO - [2024-09-11T13:57:28.267+0000] {dag.py:3229} INFO - Sync 1 DAGs
[2024-09-11T13:57:28.273+0000] {logging_mixin.py:190} INFO - [2024-09-11T13:57:28.273+0000] {dag.py:4156} INFO - Setting next_dagrun for example_task_group_decorator to None, run_after=None
[2024-09-11T13:57:28.281+0000] {processor.py:208} INFO - Processing /home/airflow/.local/lib/python3.12/site-packages/airflow/example_dags/example_task_group_decorator.py took 0.037 seconds
[2024-09-11T13:57:58.693+0000] {processor.py:186} INFO - Started process (PID=2018) to work on /home/airflow/.local/lib/python3.12/site-packages/airflow/example_dags/example_task_group_decorator.py
[2024-09-11T13:57:58.694+0000] {processor.py:914} INFO - Processing file /home/airflow/.local/lib/python3.12/site-packages/airflow/example_dags/example_task_group_decorator.py for tasks to queue
[2024-09-11T13:57:58.696+0000] {logging_mixin.py:190} INFO - [2024-09-11T13:57:58.696+0000] {dagbag.py:587} INFO - Filling up the DagBag from /home/airflow/.local/lib/python3.12/site-packages/airflow/example_dags/example_task_group_decorator.py
[2024-09-11T13:57:58.703+0000] {processor.py:925} INFO - DAG(s) 'example_task_group_decorator' retrieved from /home/airflow/.local/lib/python3.12/site-packages/airflow/example_dags/example_task_group_decorator.py
[2024-09-11T13:57:58.716+0000] {logging_mixin.py:190} INFO - [2024-09-11T13:57:58.716+0000] {dag.py:3229} INFO - Sync 1 DAGs
[2024-09-11T13:57:58.723+0000] {logging_mixin.py:190} INFO - [2024-09-11T13:57:58.723+0000] {dag.py:4156} INFO - Setting next_dagrun for example_task_group_decorator to None, run_after=None
[2024-09-11T13:57:58.732+0000] {processor.py:208} INFO - Processing /home/airflow/.local/lib/python3.12/site-packages/airflow/example_dags/example_task_group_decorator.py took 0.042 seconds
[2024-09-11T13:58:29.284+0000] {processor.py:186} INFO - Started process (PID=2074) to work on /home/airflow/.local/lib/python3.12/site-packages/airflow/example_dags/example_task_group_decorator.py
[2024-09-11T13:58:29.284+0000] {processor.py:914} INFO - Processing file /home/airflow/.local/lib/python3.12/site-packages/airflow/example_dags/example_task_group_decorator.py for tasks to queue
[2024-09-11T13:58:29.286+0000] {logging_mixin.py:190} INFO - [2024-09-11T13:58:29.286+0000] {dagbag.py:587} INFO - Filling up the DagBag from /home/airflow/.local/lib/python3.12/site-packages/airflow/example_dags/example_task_group_decorator.py
[2024-09-11T13:58:29.294+0000] {processor.py:925} INFO - DAG(s) 'example_task_group_decorator' retrieved from /home/airflow/.local/lib/python3.12/site-packages/airflow/example_dags/example_task_group_decorator.py
[2024-09-11T13:58:29.306+0000] {logging_mixin.py:190} INFO - [2024-09-11T13:58:29.306+0000] {dag.py:3229} INFO - Sync 1 DAGs
[2024-09-11T13:58:29.312+0000] {logging_mixin.py:190} INFO - [2024-09-11T13:58:29.312+0000] {dag.py:4156} INFO - Setting next_dagrun for example_task_group_decorator to None, run_after=None
[2024-09-11T13:58:29.320+0000] {processor.py:208} INFO - Processing /home/airflow/.local/lib/python3.12/site-packages/airflow/example_dags/example_task_group_decorator.py took 0.040 seconds
