[2024-09-11T13:40:18.815+0000] {processor.py:186} INFO - Started process (PID=67) to work on /home/airflow/.local/lib/python3.12/site-packages/airflow/example_dags/example_task_group.py
[2024-09-11T13:40:18.816+0000] {processor.py:914} INFO - Processing file /home/airflow/.local/lib/python3.12/site-packages/airflow/example_dags/example_task_group.py for tasks to queue
[2024-09-11T13:40:18.821+0000] {logging_mixin.py:190} INFO - [2024-09-11T13:40:18.820+0000] {dagbag.py:587} INFO - Filling up the DagBag from /home/airflow/.local/lib/python3.12/site-packages/airflow/example_dags/example_task_group.py
[2024-09-11T13:40:18.830+0000] {processor.py:925} INFO - DAG(s) 'example_task_group' retrieved from /home/airflow/.local/lib/python3.12/site-packages/airflow/example_dags/example_task_group.py
[2024-09-11T13:40:18.926+0000] {logging_mixin.py:190} INFO - [2024-09-11T13:40:18.925+0000] {override.py:1900} INFO - Created Permission View: can read on DAG:example_task_group
[2024-09-11T13:40:18.940+0000] {logging_mixin.py:190} INFO - [2024-09-11T13:40:18.938+0000] {override.py:1900} INFO - Created Permission View: can delete on DAG:example_task_group
[2024-09-11T13:40:18.952+0000] {logging_mixin.py:190} INFO - [2024-09-11T13:40:18.951+0000] {override.py:1900} INFO - Created Permission View: can edit on DAG:example_task_group
[2024-09-11T13:40:18.958+0000] {logging_mixin.py:190} INFO - [2024-09-11T13:40:18.958+0000] {override.py:1900} INFO - Created Permission View: can read on DAG Run:example_task_group
[2024-09-11T13:40:18.965+0000] {logging_mixin.py:190} INFO - [2024-09-11T13:40:18.965+0000] {override.py:1900} INFO - Created Permission View: can create on DAG Run:example_task_group
[2024-09-11T13:40:18.973+0000] {logging_mixin.py:190} INFO - [2024-09-11T13:40:18.972+0000] {override.py:1900} INFO - Created Permission View: menu access on DAG Run:example_task_group
[2024-09-11T13:40:18.977+0000] {logging_mixin.py:190} INFO - [2024-09-11T13:40:18.976+0000] {override.py:1900} INFO - Created Permission View: can delete on DAG Run:example_task_group
[2024-09-11T13:40:18.977+0000] {logging_mixin.py:190} INFO - [2024-09-11T13:40:18.977+0000] {dag.py:3229} INFO - Sync 1 DAGs
[2024-09-11T13:40:18.987+0000] {logging_mixin.py:190} INFO - [2024-09-11T13:40:18.987+0000] {dag.py:3252} INFO - Creating ORM DAG for example_task_group
[2024-09-11T13:40:18.989+0000] {logging_mixin.py:190} INFO - [2024-09-11T13:40:18.988+0000] {dag.py:4156} INFO - Setting next_dagrun for example_task_group to None, run_after=None
[2024-09-11T13:40:19.009+0000] {processor.py:208} INFO - Processing /home/airflow/.local/lib/python3.12/site-packages/airflow/example_dags/example_task_group.py took 0.199 seconds
[2024-09-11T13:40:49.664+0000] {processor.py:186} INFO - Started process (PID=123) to work on /home/airflow/.local/lib/python3.12/site-packages/airflow/example_dags/example_task_group.py
[2024-09-11T13:40:49.665+0000] {processor.py:914} INFO - Processing file /home/airflow/.local/lib/python3.12/site-packages/airflow/example_dags/example_task_group.py for tasks to queue
[2024-09-11T13:40:49.667+0000] {logging_mixin.py:190} INFO - [2024-09-11T13:40:49.667+0000] {dagbag.py:587} INFO - Filling up the DagBag from /home/airflow/.local/lib/python3.12/site-packages/airflow/example_dags/example_task_group.py
[2024-09-11T13:40:49.675+0000] {processor.py:925} INFO - DAG(s) 'example_task_group' retrieved from /home/airflow/.local/lib/python3.12/site-packages/airflow/example_dags/example_task_group.py
[2024-09-11T13:40:49.696+0000] {logging_mixin.py:190} INFO - [2024-09-11T13:40:49.696+0000] {dag.py:3229} INFO - Sync 1 DAGs
[2024-09-11T13:40:49.706+0000] {logging_mixin.py:190} INFO - [2024-09-11T13:40:49.706+0000] {dag.py:4156} INFO - Setting next_dagrun for example_task_group to None, run_after=None
[2024-09-11T13:40:49.719+0000] {processor.py:208} INFO - Processing /home/airflow/.local/lib/python3.12/site-packages/airflow/example_dags/example_task_group.py took 0.061 seconds
[2024-09-11T13:41:19.739+0000] {processor.py:186} INFO - Started process (PID=178) to work on /home/airflow/.local/lib/python3.12/site-packages/airflow/example_dags/example_task_group.py
[2024-09-11T13:41:19.740+0000] {processor.py:914} INFO - Processing file /home/airflow/.local/lib/python3.12/site-packages/airflow/example_dags/example_task_group.py for tasks to queue
[2024-09-11T13:41:19.741+0000] {logging_mixin.py:190} INFO - [2024-09-11T13:41:19.741+0000] {dagbag.py:587} INFO - Filling up the DagBag from /home/airflow/.local/lib/python3.12/site-packages/airflow/example_dags/example_task_group.py
[2024-09-11T13:41:19.746+0000] {processor.py:925} INFO - DAG(s) 'example_task_group' retrieved from /home/airflow/.local/lib/python3.12/site-packages/airflow/example_dags/example_task_group.py
[2024-09-11T13:41:19.758+0000] {logging_mixin.py:190} INFO - [2024-09-11T13:41:19.758+0000] {dag.py:3229} INFO - Sync 1 DAGs
[2024-09-11T13:41:19.766+0000] {logging_mixin.py:190} INFO - [2024-09-11T13:41:19.766+0000] {dag.py:4156} INFO - Setting next_dagrun for example_task_group to None, run_after=None
[2024-09-11T13:41:19.775+0000] {processor.py:208} INFO - Processing /home/airflow/.local/lib/python3.12/site-packages/airflow/example_dags/example_task_group.py took 0.040 seconds
[2024-09-11T13:41:49.987+0000] {processor.py:186} INFO - Started process (PID=235) to work on /home/airflow/.local/lib/python3.12/site-packages/airflow/example_dags/example_task_group.py
[2024-09-11T13:41:49.987+0000] {processor.py:914} INFO - Processing file /home/airflow/.local/lib/python3.12/site-packages/airflow/example_dags/example_task_group.py for tasks to queue
[2024-09-11T13:41:49.989+0000] {logging_mixin.py:190} INFO - [2024-09-11T13:41:49.989+0000] {dagbag.py:587} INFO - Filling up the DagBag from /home/airflow/.local/lib/python3.12/site-packages/airflow/example_dags/example_task_group.py
[2024-09-11T13:41:49.994+0000] {processor.py:925} INFO - DAG(s) 'example_task_group' retrieved from /home/airflow/.local/lib/python3.12/site-packages/airflow/example_dags/example_task_group.py
[2024-09-11T13:41:50.006+0000] {logging_mixin.py:190} INFO - [2024-09-11T13:41:50.006+0000] {dag.py:3229} INFO - Sync 1 DAGs
[2024-09-11T13:41:50.014+0000] {logging_mixin.py:190} INFO - [2024-09-11T13:41:50.013+0000] {dag.py:4156} INFO - Setting next_dagrun for example_task_group to None, run_after=None
[2024-09-11T13:41:50.023+0000] {processor.py:208} INFO - Processing /home/airflow/.local/lib/python3.12/site-packages/airflow/example_dags/example_task_group.py took 0.041 seconds
[2024-09-11T13:42:20.519+0000] {processor.py:186} INFO - Started process (PID=291) to work on /home/airflow/.local/lib/python3.12/site-packages/airflow/example_dags/example_task_group.py
[2024-09-11T13:42:20.520+0000] {processor.py:914} INFO - Processing file /home/airflow/.local/lib/python3.12/site-packages/airflow/example_dags/example_task_group.py for tasks to queue
[2024-09-11T13:42:20.521+0000] {logging_mixin.py:190} INFO - [2024-09-11T13:42:20.521+0000] {dagbag.py:587} INFO - Filling up the DagBag from /home/airflow/.local/lib/python3.12/site-packages/airflow/example_dags/example_task_group.py
[2024-09-11T13:42:20.526+0000] {processor.py:925} INFO - DAG(s) 'example_task_group' retrieved from /home/airflow/.local/lib/python3.12/site-packages/airflow/example_dags/example_task_group.py
[2024-09-11T13:42:20.536+0000] {logging_mixin.py:190} INFO - [2024-09-11T13:42:20.536+0000] {dag.py:3229} INFO - Sync 1 DAGs
[2024-09-11T13:42:20.543+0000] {logging_mixin.py:190} INFO - [2024-09-11T13:42:20.543+0000] {dag.py:4156} INFO - Setting next_dagrun for example_task_group to None, run_after=None
[2024-09-11T13:42:20.551+0000] {processor.py:208} INFO - Processing /home/airflow/.local/lib/python3.12/site-packages/airflow/example_dags/example_task_group.py took 0.035 seconds
[2024-09-11T13:42:50.677+0000] {processor.py:186} INFO - Started process (PID=347) to work on /home/airflow/.local/lib/python3.12/site-packages/airflow/example_dags/example_task_group.py
[2024-09-11T13:42:50.678+0000] {processor.py:914} INFO - Processing file /home/airflow/.local/lib/python3.12/site-packages/airflow/example_dags/example_task_group.py for tasks to queue
[2024-09-11T13:42:50.679+0000] {logging_mixin.py:190} INFO - [2024-09-11T13:42:50.679+0000] {dagbag.py:587} INFO - Filling up the DagBag from /home/airflow/.local/lib/python3.12/site-packages/airflow/example_dags/example_task_group.py
[2024-09-11T13:42:50.683+0000] {processor.py:925} INFO - DAG(s) 'example_task_group' retrieved from /home/airflow/.local/lib/python3.12/site-packages/airflow/example_dags/example_task_group.py
[2024-09-11T13:42:50.695+0000] {logging_mixin.py:190} INFO - [2024-09-11T13:42:50.695+0000] {dag.py:3229} INFO - Sync 1 DAGs
[2024-09-11T13:42:50.702+0000] {logging_mixin.py:190} INFO - [2024-09-11T13:42:50.702+0000] {dag.py:4156} INFO - Setting next_dagrun for example_task_group to None, run_after=None
[2024-09-11T13:42:50.711+0000] {processor.py:208} INFO - Processing /home/airflow/.local/lib/python3.12/site-packages/airflow/example_dags/example_task_group.py took 0.038 seconds
[2024-09-11T13:43:20.872+0000] {processor.py:186} INFO - Started process (PID=403) to work on /home/airflow/.local/lib/python3.12/site-packages/airflow/example_dags/example_task_group.py
[2024-09-11T13:43:20.872+0000] {processor.py:914} INFO - Processing file /home/airflow/.local/lib/python3.12/site-packages/airflow/example_dags/example_task_group.py for tasks to queue
[2024-09-11T13:43:20.874+0000] {logging_mixin.py:190} INFO - [2024-09-11T13:43:20.874+0000] {dagbag.py:587} INFO - Filling up the DagBag from /home/airflow/.local/lib/python3.12/site-packages/airflow/example_dags/example_task_group.py
[2024-09-11T13:43:20.878+0000] {processor.py:925} INFO - DAG(s) 'example_task_group' retrieved from /home/airflow/.local/lib/python3.12/site-packages/airflow/example_dags/example_task_group.py
[2024-09-11T13:43:20.889+0000] {logging_mixin.py:190} INFO - [2024-09-11T13:43:20.889+0000] {dag.py:3229} INFO - Sync 1 DAGs
[2024-09-11T13:43:20.896+0000] {logging_mixin.py:190} INFO - [2024-09-11T13:43:20.896+0000] {dag.py:4156} INFO - Setting next_dagrun for example_task_group to None, run_after=None
[2024-09-11T13:43:20.906+0000] {processor.py:208} INFO - Processing /home/airflow/.local/lib/python3.12/site-packages/airflow/example_dags/example_task_group.py took 0.037 seconds
[2024-09-11T13:43:51.163+0000] {processor.py:186} INFO - Started process (PID=459) to work on /home/airflow/.local/lib/python3.12/site-packages/airflow/example_dags/example_task_group.py
[2024-09-11T13:43:51.163+0000] {processor.py:914} INFO - Processing file /home/airflow/.local/lib/python3.12/site-packages/airflow/example_dags/example_task_group.py for tasks to queue
[2024-09-11T13:43:51.165+0000] {logging_mixin.py:190} INFO - [2024-09-11T13:43:51.164+0000] {dagbag.py:587} INFO - Filling up the DagBag from /home/airflow/.local/lib/python3.12/site-packages/airflow/example_dags/example_task_group.py
[2024-09-11T13:43:51.169+0000] {processor.py:925} INFO - DAG(s) 'example_task_group' retrieved from /home/airflow/.local/lib/python3.12/site-packages/airflow/example_dags/example_task_group.py
[2024-09-11T13:43:51.181+0000] {logging_mixin.py:190} INFO - [2024-09-11T13:43:51.181+0000] {dag.py:3229} INFO - Sync 1 DAGs
[2024-09-11T13:43:51.188+0000] {logging_mixin.py:190} INFO - [2024-09-11T13:43:51.188+0000] {dag.py:4156} INFO - Setting next_dagrun for example_task_group to None, run_after=None
[2024-09-11T13:43:51.199+0000] {processor.py:208} INFO - Processing /home/airflow/.local/lib/python3.12/site-packages/airflow/example_dags/example_task_group.py took 0.041 seconds
[2024-09-11T13:44:21.331+0000] {processor.py:186} INFO - Started process (PID=515) to work on /home/airflow/.local/lib/python3.12/site-packages/airflow/example_dags/example_task_group.py
[2024-09-11T13:44:21.332+0000] {processor.py:914} INFO - Processing file /home/airflow/.local/lib/python3.12/site-packages/airflow/example_dags/example_task_group.py for tasks to queue
[2024-09-11T13:44:21.333+0000] {logging_mixin.py:190} INFO - [2024-09-11T13:44:21.333+0000] {dagbag.py:587} INFO - Filling up the DagBag from /home/airflow/.local/lib/python3.12/site-packages/airflow/example_dags/example_task_group.py
[2024-09-11T13:44:21.338+0000] {processor.py:925} INFO - DAG(s) 'example_task_group' retrieved from /home/airflow/.local/lib/python3.12/site-packages/airflow/example_dags/example_task_group.py
[2024-09-11T13:44:21.349+0000] {logging_mixin.py:190} INFO - [2024-09-11T13:44:21.348+0000] {dag.py:3229} INFO - Sync 1 DAGs
[2024-09-11T13:44:21.355+0000] {logging_mixin.py:190} INFO - [2024-09-11T13:44:21.355+0000] {dag.py:4156} INFO - Setting next_dagrun for example_task_group to None, run_after=None
[2024-09-11T13:44:21.363+0000] {processor.py:208} INFO - Processing /home/airflow/.local/lib/python3.12/site-packages/airflow/example_dags/example_task_group.py took 0.035 seconds
[2024-09-11T13:44:51.699+0000] {processor.py:186} INFO - Started process (PID=571) to work on /home/airflow/.local/lib/python3.12/site-packages/airflow/example_dags/example_task_group.py
[2024-09-11T13:44:51.699+0000] {processor.py:914} INFO - Processing file /home/airflow/.local/lib/python3.12/site-packages/airflow/example_dags/example_task_group.py for tasks to queue
[2024-09-11T13:44:51.701+0000] {logging_mixin.py:190} INFO - [2024-09-11T13:44:51.701+0000] {dagbag.py:587} INFO - Filling up the DagBag from /home/airflow/.local/lib/python3.12/site-packages/airflow/example_dags/example_task_group.py
[2024-09-11T13:44:51.705+0000] {processor.py:925} INFO - DAG(s) 'example_task_group' retrieved from /home/airflow/.local/lib/python3.12/site-packages/airflow/example_dags/example_task_group.py
[2024-09-11T13:44:51.716+0000] {logging_mixin.py:190} INFO - [2024-09-11T13:44:51.716+0000] {dag.py:3229} INFO - Sync 1 DAGs
[2024-09-11T13:44:51.722+0000] {logging_mixin.py:190} INFO - [2024-09-11T13:44:51.722+0000] {dag.py:4156} INFO - Setting next_dagrun for example_task_group to None, run_after=None
[2024-09-11T13:44:51.731+0000] {processor.py:208} INFO - Processing /home/airflow/.local/lib/python3.12/site-packages/airflow/example_dags/example_task_group.py took 0.035 seconds
[2024-09-11T13:45:21.903+0000] {processor.py:186} INFO - Started process (PID=627) to work on /home/airflow/.local/lib/python3.12/site-packages/airflow/example_dags/example_task_group.py
[2024-09-11T13:45:21.904+0000] {processor.py:914} INFO - Processing file /home/airflow/.local/lib/python3.12/site-packages/airflow/example_dags/example_task_group.py for tasks to queue
[2024-09-11T13:45:21.906+0000] {logging_mixin.py:190} INFO - [2024-09-11T13:45:21.906+0000] {dagbag.py:587} INFO - Filling up the DagBag from /home/airflow/.local/lib/python3.12/site-packages/airflow/example_dags/example_task_group.py
[2024-09-11T13:45:21.910+0000] {processor.py:925} INFO - DAG(s) 'example_task_group' retrieved from /home/airflow/.local/lib/python3.12/site-packages/airflow/example_dags/example_task_group.py
[2024-09-11T13:45:21.923+0000] {logging_mixin.py:190} INFO - [2024-09-11T13:45:21.923+0000] {dag.py:3229} INFO - Sync 1 DAGs
[2024-09-11T13:45:21.931+0000] {logging_mixin.py:190} INFO - [2024-09-11T13:45:21.931+0000] {dag.py:4156} INFO - Setting next_dagrun for example_task_group to None, run_after=None
[2024-09-11T13:45:21.940+0000] {processor.py:208} INFO - Processing /home/airflow/.local/lib/python3.12/site-packages/airflow/example_dags/example_task_group.py took 0.040 seconds
[2024-09-11T13:45:52.098+0000] {processor.py:186} INFO - Started process (PID=683) to work on /home/airflow/.local/lib/python3.12/site-packages/airflow/example_dags/example_task_group.py
[2024-09-11T13:45:52.099+0000] {processor.py:914} INFO - Processing file /home/airflow/.local/lib/python3.12/site-packages/airflow/example_dags/example_task_group.py for tasks to queue
[2024-09-11T13:45:52.101+0000] {logging_mixin.py:190} INFO - [2024-09-11T13:45:52.100+0000] {dagbag.py:587} INFO - Filling up the DagBag from /home/airflow/.local/lib/python3.12/site-packages/airflow/example_dags/example_task_group.py
[2024-09-11T13:45:52.105+0000] {processor.py:925} INFO - DAG(s) 'example_task_group' retrieved from /home/airflow/.local/lib/python3.12/site-packages/airflow/example_dags/example_task_group.py
[2024-09-11T13:45:52.116+0000] {logging_mixin.py:190} INFO - [2024-09-11T13:45:52.116+0000] {dag.py:3229} INFO - Sync 1 DAGs
[2024-09-11T13:45:52.122+0000] {logging_mixin.py:190} INFO - [2024-09-11T13:45:52.122+0000] {dag.py:4156} INFO - Setting next_dagrun for example_task_group to None, run_after=None
[2024-09-11T13:45:52.130+0000] {processor.py:208} INFO - Processing /home/airflow/.local/lib/python3.12/site-packages/airflow/example_dags/example_task_group.py took 0.035 seconds
[2024-09-11T13:46:22.241+0000] {processor.py:186} INFO - Started process (PID=739) to work on /home/airflow/.local/lib/python3.12/site-packages/airflow/example_dags/example_task_group.py
[2024-09-11T13:46:22.241+0000] {processor.py:914} INFO - Processing file /home/airflow/.local/lib/python3.12/site-packages/airflow/example_dags/example_task_group.py for tasks to queue
[2024-09-11T13:46:22.243+0000] {logging_mixin.py:190} INFO - [2024-09-11T13:46:22.243+0000] {dagbag.py:587} INFO - Filling up the DagBag from /home/airflow/.local/lib/python3.12/site-packages/airflow/example_dags/example_task_group.py
[2024-09-11T13:46:22.248+0000] {processor.py:925} INFO - DAG(s) 'example_task_group' retrieved from /home/airflow/.local/lib/python3.12/site-packages/airflow/example_dags/example_task_group.py
[2024-09-11T13:46:22.259+0000] {logging_mixin.py:190} INFO - [2024-09-11T13:46:22.259+0000] {dag.py:3229} INFO - Sync 1 DAGs
[2024-09-11T13:46:22.265+0000] {logging_mixin.py:190} INFO - [2024-09-11T13:46:22.265+0000] {dag.py:4156} INFO - Setting next_dagrun for example_task_group to None, run_after=None
[2024-09-11T13:46:22.273+0000] {processor.py:208} INFO - Processing /home/airflow/.local/lib/python3.12/site-packages/airflow/example_dags/example_task_group.py took 0.036 seconds
[2024-09-11T13:46:52.585+0000] {processor.py:186} INFO - Started process (PID=795) to work on /home/airflow/.local/lib/python3.12/site-packages/airflow/example_dags/example_task_group.py
[2024-09-11T13:46:52.586+0000] {processor.py:914} INFO - Processing file /home/airflow/.local/lib/python3.12/site-packages/airflow/example_dags/example_task_group.py for tasks to queue
[2024-09-11T13:46:52.587+0000] {logging_mixin.py:190} INFO - [2024-09-11T13:46:52.587+0000] {dagbag.py:587} INFO - Filling up the DagBag from /home/airflow/.local/lib/python3.12/site-packages/airflow/example_dags/example_task_group.py
[2024-09-11T13:46:52.592+0000] {processor.py:925} INFO - DAG(s) 'example_task_group' retrieved from /home/airflow/.local/lib/python3.12/site-packages/airflow/example_dags/example_task_group.py
[2024-09-11T13:46:52.602+0000] {logging_mixin.py:190} INFO - [2024-09-11T13:46:52.602+0000] {dag.py:3229} INFO - Sync 1 DAGs
[2024-09-11T13:46:52.609+0000] {logging_mixin.py:190} INFO - [2024-09-11T13:46:52.609+0000] {dag.py:4156} INFO - Setting next_dagrun for example_task_group to None, run_after=None
[2024-09-11T13:46:52.617+0000] {processor.py:208} INFO - Processing /home/airflow/.local/lib/python3.12/site-packages/airflow/example_dags/example_task_group.py took 0.035 seconds
[2024-09-11T13:47:22.740+0000] {processor.py:186} INFO - Started process (PID=851) to work on /home/airflow/.local/lib/python3.12/site-packages/airflow/example_dags/example_task_group.py
[2024-09-11T13:47:22.740+0000] {processor.py:914} INFO - Processing file /home/airflow/.local/lib/python3.12/site-packages/airflow/example_dags/example_task_group.py for tasks to queue
[2024-09-11T13:47:22.742+0000] {logging_mixin.py:190} INFO - [2024-09-11T13:47:22.742+0000] {dagbag.py:587} INFO - Filling up the DagBag from /home/airflow/.local/lib/python3.12/site-packages/airflow/example_dags/example_task_group.py
[2024-09-11T13:47:22.746+0000] {processor.py:925} INFO - DAG(s) 'example_task_group' retrieved from /home/airflow/.local/lib/python3.12/site-packages/airflow/example_dags/example_task_group.py
[2024-09-11T13:47:22.757+0000] {logging_mixin.py:190} INFO - [2024-09-11T13:47:22.757+0000] {dag.py:3229} INFO - Sync 1 DAGs
[2024-09-11T13:47:22.764+0000] {logging_mixin.py:190} INFO - [2024-09-11T13:47:22.763+0000] {dag.py:4156} INFO - Setting next_dagrun for example_task_group to None, run_after=None
[2024-09-11T13:47:22.771+0000] {processor.py:208} INFO - Processing /home/airflow/.local/lib/python3.12/site-packages/airflow/example_dags/example_task_group.py took 0.035 seconds
[2024-09-11T13:47:52.999+0000] {processor.py:186} INFO - Started process (PID=907) to work on /home/airflow/.local/lib/python3.12/site-packages/airflow/example_dags/example_task_group.py
[2024-09-11T13:47:53.000+0000] {processor.py:914} INFO - Processing file /home/airflow/.local/lib/python3.12/site-packages/airflow/example_dags/example_task_group.py for tasks to queue
[2024-09-11T13:47:53.001+0000] {logging_mixin.py:190} INFO - [2024-09-11T13:47:53.001+0000] {dagbag.py:587} INFO - Filling up the DagBag from /home/airflow/.local/lib/python3.12/site-packages/airflow/example_dags/example_task_group.py
[2024-09-11T13:47:53.006+0000] {processor.py:925} INFO - DAG(s) 'example_task_group' retrieved from /home/airflow/.local/lib/python3.12/site-packages/airflow/example_dags/example_task_group.py
[2024-09-11T13:47:53.016+0000] {logging_mixin.py:190} INFO - [2024-09-11T13:47:53.016+0000] {dag.py:3229} INFO - Sync 1 DAGs
[2024-09-11T13:47:53.023+0000] {logging_mixin.py:190} INFO - [2024-09-11T13:47:53.023+0000] {dag.py:4156} INFO - Setting next_dagrun for example_task_group to None, run_after=None
[2024-09-11T13:47:53.031+0000] {processor.py:208} INFO - Processing /home/airflow/.local/lib/python3.12/site-packages/airflow/example_dags/example_task_group.py took 0.035 seconds
[2024-09-11T13:48:23.264+0000] {processor.py:186} INFO - Started process (PID=963) to work on /home/airflow/.local/lib/python3.12/site-packages/airflow/example_dags/example_task_group.py
[2024-09-11T13:48:23.265+0000] {processor.py:914} INFO - Processing file /home/airflow/.local/lib/python3.12/site-packages/airflow/example_dags/example_task_group.py for tasks to queue
[2024-09-11T13:48:23.266+0000] {logging_mixin.py:190} INFO - [2024-09-11T13:48:23.266+0000] {dagbag.py:587} INFO - Filling up the DagBag from /home/airflow/.local/lib/python3.12/site-packages/airflow/example_dags/example_task_group.py
[2024-09-11T13:48:23.271+0000] {processor.py:925} INFO - DAG(s) 'example_task_group' retrieved from /home/airflow/.local/lib/python3.12/site-packages/airflow/example_dags/example_task_group.py
[2024-09-11T13:48:23.281+0000] {logging_mixin.py:190} INFO - [2024-09-11T13:48:23.281+0000] {dag.py:3229} INFO - Sync 1 DAGs
[2024-09-11T13:48:23.288+0000] {logging_mixin.py:190} INFO - [2024-09-11T13:48:23.288+0000] {dag.py:4156} INFO - Setting next_dagrun for example_task_group to None, run_after=None
[2024-09-11T13:48:23.296+0000] {processor.py:208} INFO - Processing /home/airflow/.local/lib/python3.12/site-packages/airflow/example_dags/example_task_group.py took 0.035 seconds
[2024-09-11T13:48:53.457+0000] {processor.py:186} INFO - Started process (PID=1019) to work on /home/airflow/.local/lib/python3.12/site-packages/airflow/example_dags/example_task_group.py
[2024-09-11T13:48:53.457+0000] {processor.py:914} INFO - Processing file /home/airflow/.local/lib/python3.12/site-packages/airflow/example_dags/example_task_group.py for tasks to queue
[2024-09-11T13:48:53.458+0000] {logging_mixin.py:190} INFO - [2024-09-11T13:48:53.458+0000] {dagbag.py:587} INFO - Filling up the DagBag from /home/airflow/.local/lib/python3.12/site-packages/airflow/example_dags/example_task_group.py
[2024-09-11T13:48:53.463+0000] {processor.py:925} INFO - DAG(s) 'example_task_group' retrieved from /home/airflow/.local/lib/python3.12/site-packages/airflow/example_dags/example_task_group.py
[2024-09-11T13:48:53.473+0000] {logging_mixin.py:190} INFO - [2024-09-11T13:48:53.473+0000] {dag.py:3229} INFO - Sync 1 DAGs
[2024-09-11T13:48:53.480+0000] {logging_mixin.py:190} INFO - [2024-09-11T13:48:53.480+0000] {dag.py:4156} INFO - Setting next_dagrun for example_task_group to None, run_after=None
[2024-09-11T13:48:53.489+0000] {processor.py:208} INFO - Processing /home/airflow/.local/lib/python3.12/site-packages/airflow/example_dags/example_task_group.py took 0.035 seconds
[2024-09-11T13:49:23.647+0000] {processor.py:186} INFO - Started process (PID=1075) to work on /home/airflow/.local/lib/python3.12/site-packages/airflow/example_dags/example_task_group.py
[2024-09-11T13:49:23.648+0000] {processor.py:914} INFO - Processing file /home/airflow/.local/lib/python3.12/site-packages/airflow/example_dags/example_task_group.py for tasks to queue
[2024-09-11T13:49:23.649+0000] {logging_mixin.py:190} INFO - [2024-09-11T13:49:23.649+0000] {dagbag.py:587} INFO - Filling up the DagBag from /home/airflow/.local/lib/python3.12/site-packages/airflow/example_dags/example_task_group.py
[2024-09-11T13:49:23.654+0000] {processor.py:925} INFO - DAG(s) 'example_task_group' retrieved from /home/airflow/.local/lib/python3.12/site-packages/airflow/example_dags/example_task_group.py
[2024-09-11T13:49:23.664+0000] {logging_mixin.py:190} INFO - [2024-09-11T13:49:23.664+0000] {dag.py:3229} INFO - Sync 1 DAGs
[2024-09-11T13:49:23.671+0000] {logging_mixin.py:190} INFO - [2024-09-11T13:49:23.671+0000] {dag.py:4156} INFO - Setting next_dagrun for example_task_group to None, run_after=None
[2024-09-11T13:49:23.680+0000] {processor.py:208} INFO - Processing /home/airflow/.local/lib/python3.12/site-packages/airflow/example_dags/example_task_group.py took 0.036 seconds
[2024-09-11T13:49:53.974+0000] {processor.py:186} INFO - Started process (PID=1131) to work on /home/airflow/.local/lib/python3.12/site-packages/airflow/example_dags/example_task_group.py
[2024-09-11T13:49:53.975+0000] {processor.py:914} INFO - Processing file /home/airflow/.local/lib/python3.12/site-packages/airflow/example_dags/example_task_group.py for tasks to queue
[2024-09-11T13:49:53.977+0000] {logging_mixin.py:190} INFO - [2024-09-11T13:49:53.977+0000] {dagbag.py:587} INFO - Filling up the DagBag from /home/airflow/.local/lib/python3.12/site-packages/airflow/example_dags/example_task_group.py
[2024-09-11T13:49:53.985+0000] {processor.py:925} INFO - DAG(s) 'example_task_group' retrieved from /home/airflow/.local/lib/python3.12/site-packages/airflow/example_dags/example_task_group.py
[2024-09-11T13:49:53.997+0000] {logging_mixin.py:190} INFO - [2024-09-11T13:49:53.997+0000] {dag.py:3229} INFO - Sync 1 DAGs
[2024-09-11T13:49:54.005+0000] {logging_mixin.py:190} INFO - [2024-09-11T13:49:54.005+0000] {dag.py:4156} INFO - Setting next_dagrun for example_task_group to None, run_after=None
[2024-09-11T13:49:54.013+0000] {processor.py:208} INFO - Processing /home/airflow/.local/lib/python3.12/site-packages/airflow/example_dags/example_task_group.py took 0.042 seconds
[2024-09-11T13:50:24.255+0000] {processor.py:186} INFO - Started process (PID=1187) to work on /home/airflow/.local/lib/python3.12/site-packages/airflow/example_dags/example_task_group.py
[2024-09-11T13:50:24.256+0000] {processor.py:914} INFO - Processing file /home/airflow/.local/lib/python3.12/site-packages/airflow/example_dags/example_task_group.py for tasks to queue
[2024-09-11T13:50:24.257+0000] {logging_mixin.py:190} INFO - [2024-09-11T13:50:24.257+0000] {dagbag.py:587} INFO - Filling up the DagBag from /home/airflow/.local/lib/python3.12/site-packages/airflow/example_dags/example_task_group.py
[2024-09-11T13:50:24.262+0000] {processor.py:925} INFO - DAG(s) 'example_task_group' retrieved from /home/airflow/.local/lib/python3.12/site-packages/airflow/example_dags/example_task_group.py
[2024-09-11T13:50:24.273+0000] {logging_mixin.py:190} INFO - [2024-09-11T13:50:24.272+0000] {dag.py:3229} INFO - Sync 1 DAGs
[2024-09-11T13:50:24.279+0000] {logging_mixin.py:190} INFO - [2024-09-11T13:50:24.279+0000] {dag.py:4156} INFO - Setting next_dagrun for example_task_group to None, run_after=None
[2024-09-11T13:50:24.288+0000] {processor.py:208} INFO - Processing /home/airflow/.local/lib/python3.12/site-packages/airflow/example_dags/example_task_group.py took 0.036 seconds
[2024-09-11T13:50:54.522+0000] {processor.py:186} INFO - Started process (PID=1243) to work on /home/airflow/.local/lib/python3.12/site-packages/airflow/example_dags/example_task_group.py
[2024-09-11T13:50:54.522+0000] {processor.py:914} INFO - Processing file /home/airflow/.local/lib/python3.12/site-packages/airflow/example_dags/example_task_group.py for tasks to queue
[2024-09-11T13:50:54.524+0000] {logging_mixin.py:190} INFO - [2024-09-11T13:50:54.524+0000] {dagbag.py:587} INFO - Filling up the DagBag from /home/airflow/.local/lib/python3.12/site-packages/airflow/example_dags/example_task_group.py
[2024-09-11T13:50:54.529+0000] {processor.py:925} INFO - DAG(s) 'example_task_group' retrieved from /home/airflow/.local/lib/python3.12/site-packages/airflow/example_dags/example_task_group.py
[2024-09-11T13:50:54.539+0000] {logging_mixin.py:190} INFO - [2024-09-11T13:50:54.539+0000] {dag.py:3229} INFO - Sync 1 DAGs
[2024-09-11T13:50:54.545+0000] {logging_mixin.py:190} INFO - [2024-09-11T13:50:54.545+0000] {dag.py:4156} INFO - Setting next_dagrun for example_task_group to None, run_after=None
[2024-09-11T13:50:54.553+0000] {processor.py:208} INFO - Processing /home/airflow/.local/lib/python3.12/site-packages/airflow/example_dags/example_task_group.py took 0.035 seconds
[2024-09-11T13:51:24.744+0000] {processor.py:186} INFO - Started process (PID=1299) to work on /home/airflow/.local/lib/python3.12/site-packages/airflow/example_dags/example_task_group.py
[2024-09-11T13:51:24.744+0000] {processor.py:914} INFO - Processing file /home/airflow/.local/lib/python3.12/site-packages/airflow/example_dags/example_task_group.py for tasks to queue
[2024-09-11T13:51:24.745+0000] {logging_mixin.py:190} INFO - [2024-09-11T13:51:24.745+0000] {dagbag.py:587} INFO - Filling up the DagBag from /home/airflow/.local/lib/python3.12/site-packages/airflow/example_dags/example_task_group.py
[2024-09-11T13:51:24.750+0000] {processor.py:925} INFO - DAG(s) 'example_task_group' retrieved from /home/airflow/.local/lib/python3.12/site-packages/airflow/example_dags/example_task_group.py
[2024-09-11T13:51:24.760+0000] {logging_mixin.py:190} INFO - [2024-09-11T13:51:24.760+0000] {dag.py:3229} INFO - Sync 1 DAGs
[2024-09-11T13:51:24.766+0000] {logging_mixin.py:190} INFO - [2024-09-11T13:51:24.766+0000] {dag.py:4156} INFO - Setting next_dagrun for example_task_group to None, run_after=None
[2024-09-11T13:51:24.774+0000] {processor.py:208} INFO - Processing /home/airflow/.local/lib/python3.12/site-packages/airflow/example_dags/example_task_group.py took 0.033 seconds
[2024-09-11T13:51:55.035+0000] {processor.py:186} INFO - Started process (PID=1355) to work on /home/airflow/.local/lib/python3.12/site-packages/airflow/example_dags/example_task_group.py
[2024-09-11T13:51:55.036+0000] {processor.py:914} INFO - Processing file /home/airflow/.local/lib/python3.12/site-packages/airflow/example_dags/example_task_group.py for tasks to queue
[2024-09-11T13:51:55.037+0000] {logging_mixin.py:190} INFO - [2024-09-11T13:51:55.037+0000] {dagbag.py:587} INFO - Filling up the DagBag from /home/airflow/.local/lib/python3.12/site-packages/airflow/example_dags/example_task_group.py
[2024-09-11T13:51:55.042+0000] {processor.py:925} INFO - DAG(s) 'example_task_group' retrieved from /home/airflow/.local/lib/python3.12/site-packages/airflow/example_dags/example_task_group.py
[2024-09-11T13:51:55.055+0000] {logging_mixin.py:190} INFO - [2024-09-11T13:51:55.054+0000] {dag.py:3229} INFO - Sync 1 DAGs
[2024-09-11T13:51:55.065+0000] {logging_mixin.py:190} INFO - [2024-09-11T13:51:55.064+0000] {dag.py:4156} INFO - Setting next_dagrun for example_task_group to None, run_after=None
[2024-09-11T13:51:55.076+0000] {processor.py:208} INFO - Processing /home/airflow/.local/lib/python3.12/site-packages/airflow/example_dags/example_task_group.py took 0.045 seconds
[2024-09-11T13:52:26.094+0000] {processor.py:186} INFO - Started process (PID=1411) to work on /home/airflow/.local/lib/python3.12/site-packages/airflow/example_dags/example_task_group.py
[2024-09-11T13:52:26.097+0000] {processor.py:914} INFO - Processing file /home/airflow/.local/lib/python3.12/site-packages/airflow/example_dags/example_task_group.py for tasks to queue
[2024-09-11T13:52:26.099+0000] {logging_mixin.py:190} INFO - [2024-09-11T13:52:26.099+0000] {dagbag.py:587} INFO - Filling up the DagBag from /home/airflow/.local/lib/python3.12/site-packages/airflow/example_dags/example_task_group.py
[2024-09-11T13:52:26.106+0000] {processor.py:925} INFO - DAG(s) 'example_task_group' retrieved from /home/airflow/.local/lib/python3.12/site-packages/airflow/example_dags/example_task_group.py
[2024-09-11T13:52:26.121+0000] {logging_mixin.py:190} INFO - [2024-09-11T13:52:26.120+0000] {dag.py:3229} INFO - Sync 1 DAGs
[2024-09-11T13:52:26.129+0000] {logging_mixin.py:190} INFO - [2024-09-11T13:52:26.129+0000] {dag.py:4156} INFO - Setting next_dagrun for example_task_group to None, run_after=None
[2024-09-11T13:52:26.139+0000] {processor.py:208} INFO - Processing /home/airflow/.local/lib/python3.12/site-packages/airflow/example_dags/example_task_group.py took 0.050 seconds
[2024-09-11T13:52:56.905+0000] {processor.py:186} INFO - Started process (PID=1467) to work on /home/airflow/.local/lib/python3.12/site-packages/airflow/example_dags/example_task_group.py
[2024-09-11T13:52:56.906+0000] {processor.py:914} INFO - Processing file /home/airflow/.local/lib/python3.12/site-packages/airflow/example_dags/example_task_group.py for tasks to queue
[2024-09-11T13:52:56.908+0000] {logging_mixin.py:190} INFO - [2024-09-11T13:52:56.908+0000] {dagbag.py:587} INFO - Filling up the DagBag from /home/airflow/.local/lib/python3.12/site-packages/airflow/example_dags/example_task_group.py
[2024-09-11T13:52:56.918+0000] {processor.py:925} INFO - DAG(s) 'example_task_group' retrieved from /home/airflow/.local/lib/python3.12/site-packages/airflow/example_dags/example_task_group.py
[2024-09-11T13:52:56.937+0000] {logging_mixin.py:190} INFO - [2024-09-11T13:52:56.937+0000] {dag.py:3229} INFO - Sync 1 DAGs
[2024-09-11T13:52:56.948+0000] {logging_mixin.py:190} INFO - [2024-09-11T13:52:56.947+0000] {dag.py:4156} INFO - Setting next_dagrun for example_task_group to None, run_after=None
[2024-09-11T13:52:56.958+0000] {processor.py:208} INFO - Processing /home/airflow/.local/lib/python3.12/site-packages/airflow/example_dags/example_task_group.py took 0.060 seconds
[2024-09-11T13:53:27.352+0000] {processor.py:186} INFO - Started process (PID=1523) to work on /home/airflow/.local/lib/python3.12/site-packages/airflow/example_dags/example_task_group.py
[2024-09-11T13:53:27.353+0000] {processor.py:914} INFO - Processing file /home/airflow/.local/lib/python3.12/site-packages/airflow/example_dags/example_task_group.py for tasks to queue
[2024-09-11T13:53:27.355+0000] {logging_mixin.py:190} INFO - [2024-09-11T13:53:27.355+0000] {dagbag.py:587} INFO - Filling up the DagBag from /home/airflow/.local/lib/python3.12/site-packages/airflow/example_dags/example_task_group.py
[2024-09-11T13:53:27.362+0000] {processor.py:925} INFO - DAG(s) 'example_task_group' retrieved from /home/airflow/.local/lib/python3.12/site-packages/airflow/example_dags/example_task_group.py
[2024-09-11T13:53:27.379+0000] {logging_mixin.py:190} INFO - [2024-09-11T13:53:27.379+0000] {dag.py:3229} INFO - Sync 1 DAGs
[2024-09-11T13:53:27.390+0000] {logging_mixin.py:190} INFO - [2024-09-11T13:53:27.390+0000] {dag.py:4156} INFO - Setting next_dagrun for example_task_group to None, run_after=None
[2024-09-11T13:53:27.402+0000] {processor.py:208} INFO - Processing /home/airflow/.local/lib/python3.12/site-packages/airflow/example_dags/example_task_group.py took 0.056 seconds
[2024-09-11T13:53:58.046+0000] {processor.py:186} INFO - Started process (PID=1579) to work on /home/airflow/.local/lib/python3.12/site-packages/airflow/example_dags/example_task_group.py
[2024-09-11T13:53:58.049+0000] {processor.py:914} INFO - Processing file /home/airflow/.local/lib/python3.12/site-packages/airflow/example_dags/example_task_group.py for tasks to queue
[2024-09-11T13:53:58.052+0000] {logging_mixin.py:190} INFO - [2024-09-11T13:53:58.052+0000] {dagbag.py:587} INFO - Filling up the DagBag from /home/airflow/.local/lib/python3.12/site-packages/airflow/example_dags/example_task_group.py
[2024-09-11T13:53:58.060+0000] {processor.py:925} INFO - DAG(s) 'example_task_group' retrieved from /home/airflow/.local/lib/python3.12/site-packages/airflow/example_dags/example_task_group.py
[2024-09-11T13:53:58.084+0000] {logging_mixin.py:190} INFO - [2024-09-11T13:53:58.084+0000] {dag.py:3229} INFO - Sync 1 DAGs
[2024-09-11T13:53:58.094+0000] {logging_mixin.py:190} INFO - [2024-09-11T13:53:58.094+0000] {dag.py:4156} INFO - Setting next_dagrun for example_task_group to None, run_after=None
[2024-09-11T13:53:58.109+0000] {processor.py:208} INFO - Processing /home/airflow/.local/lib/python3.12/site-packages/airflow/example_dags/example_task_group.py took 0.071 seconds
[2024-09-11T13:54:28.387+0000] {processor.py:186} INFO - Started process (PID=1635) to work on /home/airflow/.local/lib/python3.12/site-packages/airflow/example_dags/example_task_group.py
[2024-09-11T13:54:28.389+0000] {processor.py:914} INFO - Processing file /home/airflow/.local/lib/python3.12/site-packages/airflow/example_dags/example_task_group.py for tasks to queue
[2024-09-11T13:54:28.392+0000] {logging_mixin.py:190} INFO - [2024-09-11T13:54:28.392+0000] {dagbag.py:587} INFO - Filling up the DagBag from /home/airflow/.local/lib/python3.12/site-packages/airflow/example_dags/example_task_group.py
[2024-09-11T13:54:28.400+0000] {processor.py:925} INFO - DAG(s) 'example_task_group' retrieved from /home/airflow/.local/lib/python3.12/site-packages/airflow/example_dags/example_task_group.py
[2024-09-11T13:54:28.420+0000] {logging_mixin.py:190} INFO - [2024-09-11T13:54:28.420+0000] {dag.py:3229} INFO - Sync 1 DAGs
[2024-09-11T13:54:28.430+0000] {logging_mixin.py:190} INFO - [2024-09-11T13:54:28.430+0000] {dag.py:4156} INFO - Setting next_dagrun for example_task_group to None, run_after=None
[2024-09-11T13:54:28.447+0000] {processor.py:208} INFO - Processing /home/airflow/.local/lib/python3.12/site-packages/airflow/example_dags/example_task_group.py took 0.066 seconds
[2024-09-11T13:54:58.757+0000] {processor.py:186} INFO - Started process (PID=1691) to work on /home/airflow/.local/lib/python3.12/site-packages/airflow/example_dags/example_task_group.py
[2024-09-11T13:54:58.759+0000] {processor.py:914} INFO - Processing file /home/airflow/.local/lib/python3.12/site-packages/airflow/example_dags/example_task_group.py for tasks to queue
[2024-09-11T13:54:58.762+0000] {logging_mixin.py:190} INFO - [2024-09-11T13:54:58.762+0000] {dagbag.py:587} INFO - Filling up the DagBag from /home/airflow/.local/lib/python3.12/site-packages/airflow/example_dags/example_task_group.py
[2024-09-11T13:54:58.771+0000] {processor.py:925} INFO - DAG(s) 'example_task_group' retrieved from /home/airflow/.local/lib/python3.12/site-packages/airflow/example_dags/example_task_group.py
[2024-09-11T13:54:58.788+0000] {logging_mixin.py:190} INFO - [2024-09-11T13:54:58.787+0000] {dag.py:3229} INFO - Sync 1 DAGs
[2024-09-11T13:54:58.797+0000] {logging_mixin.py:190} INFO - [2024-09-11T13:54:58.797+0000] {dag.py:4156} INFO - Setting next_dagrun for example_task_group to None, run_after=None
[2024-09-11T13:54:58.806+0000] {processor.py:208} INFO - Processing /home/airflow/.local/lib/python3.12/site-packages/airflow/example_dags/example_task_group.py took 0.056 seconds
[2024-09-11T13:55:29.079+0000] {processor.py:186} INFO - Started process (PID=1747) to work on /home/airflow/.local/lib/python3.12/site-packages/airflow/example_dags/example_task_group.py
[2024-09-11T13:55:29.080+0000] {processor.py:914} INFO - Processing file /home/airflow/.local/lib/python3.12/site-packages/airflow/example_dags/example_task_group.py for tasks to queue
[2024-09-11T13:55:29.082+0000] {logging_mixin.py:190} INFO - [2024-09-11T13:55:29.082+0000] {dagbag.py:587} INFO - Filling up the DagBag from /home/airflow/.local/lib/python3.12/site-packages/airflow/example_dags/example_task_group.py
[2024-09-11T13:55:29.088+0000] {processor.py:925} INFO - DAG(s) 'example_task_group' retrieved from /home/airflow/.local/lib/python3.12/site-packages/airflow/example_dags/example_task_group.py
[2024-09-11T13:55:29.103+0000] {logging_mixin.py:190} INFO - [2024-09-11T13:55:29.103+0000] {dag.py:3229} INFO - Sync 1 DAGs
[2024-09-11T13:55:29.111+0000] {logging_mixin.py:190} INFO - [2024-09-11T13:55:29.111+0000] {dag.py:4156} INFO - Setting next_dagrun for example_task_group to None, run_after=None
[2024-09-11T13:55:29.123+0000] {processor.py:208} INFO - Processing /home/airflow/.local/lib/python3.12/site-packages/airflow/example_dags/example_task_group.py took 0.048 seconds
[2024-09-11T13:55:59.469+0000] {processor.py:186} INFO - Started process (PID=1803) to work on /home/airflow/.local/lib/python3.12/site-packages/airflow/example_dags/example_task_group.py
[2024-09-11T13:55:59.470+0000] {processor.py:914} INFO - Processing file /home/airflow/.local/lib/python3.12/site-packages/airflow/example_dags/example_task_group.py for tasks to queue
[2024-09-11T13:55:59.472+0000] {logging_mixin.py:190} INFO - [2024-09-11T13:55:59.472+0000] {dagbag.py:587} INFO - Filling up the DagBag from /home/airflow/.local/lib/python3.12/site-packages/airflow/example_dags/example_task_group.py
[2024-09-11T13:55:59.480+0000] {processor.py:925} INFO - DAG(s) 'example_task_group' retrieved from /home/airflow/.local/lib/python3.12/site-packages/airflow/example_dags/example_task_group.py
[2024-09-11T13:55:59.496+0000] {logging_mixin.py:190} INFO - [2024-09-11T13:55:59.496+0000] {dag.py:3229} INFO - Sync 1 DAGs
[2024-09-11T13:55:59.507+0000] {logging_mixin.py:190} INFO - [2024-09-11T13:55:59.507+0000] {dag.py:4156} INFO - Setting next_dagrun for example_task_group to None, run_after=None
[2024-09-11T13:55:59.516+0000] {processor.py:208} INFO - Processing /home/airflow/.local/lib/python3.12/site-packages/airflow/example_dags/example_task_group.py took 0.054 seconds
[2024-09-11T13:56:29.799+0000] {processor.py:186} INFO - Started process (PID=1859) to work on /home/airflow/.local/lib/python3.12/site-packages/airflow/example_dags/example_task_group.py
[2024-09-11T13:56:29.800+0000] {processor.py:914} INFO - Processing file /home/airflow/.local/lib/python3.12/site-packages/airflow/example_dags/example_task_group.py for tasks to queue
[2024-09-11T13:56:29.802+0000] {logging_mixin.py:190} INFO - [2024-09-11T13:56:29.802+0000] {dagbag.py:587} INFO - Filling up the DagBag from /home/airflow/.local/lib/python3.12/site-packages/airflow/example_dags/example_task_group.py
[2024-09-11T13:56:29.810+0000] {processor.py:925} INFO - DAG(s) 'example_task_group' retrieved from /home/airflow/.local/lib/python3.12/site-packages/airflow/example_dags/example_task_group.py
[2024-09-11T13:56:29.826+0000] {logging_mixin.py:190} INFO - [2024-09-11T13:56:29.826+0000] {dag.py:3229} INFO - Sync 1 DAGs
[2024-09-11T13:56:29.835+0000] {logging_mixin.py:190} INFO - [2024-09-11T13:56:29.835+0000] {dag.py:4156} INFO - Setting next_dagrun for example_task_group to None, run_after=None
[2024-09-11T13:56:29.846+0000] {processor.py:208} INFO - Processing /home/airflow/.local/lib/python3.12/site-packages/airflow/example_dags/example_task_group.py took 0.054 seconds
[2024-09-11T13:57:00.111+0000] {processor.py:186} INFO - Started process (PID=1915) to work on /home/airflow/.local/lib/python3.12/site-packages/airflow/example_dags/example_task_group.py
[2024-09-11T13:57:00.113+0000] {processor.py:914} INFO - Processing file /home/airflow/.local/lib/python3.12/site-packages/airflow/example_dags/example_task_group.py for tasks to queue
[2024-09-11T13:57:00.115+0000] {logging_mixin.py:190} INFO - [2024-09-11T13:57:00.115+0000] {dagbag.py:587} INFO - Filling up the DagBag from /home/airflow/.local/lib/python3.12/site-packages/airflow/example_dags/example_task_group.py
[2024-09-11T13:57:00.124+0000] {processor.py:925} INFO - DAG(s) 'example_task_group' retrieved from /home/airflow/.local/lib/python3.12/site-packages/airflow/example_dags/example_task_group.py
[2024-09-11T13:57:00.145+0000] {logging_mixin.py:190} INFO - [2024-09-11T13:57:00.144+0000] {dag.py:3229} INFO - Sync 1 DAGs
[2024-09-11T13:57:00.155+0000] {logging_mixin.py:190} INFO - [2024-09-11T13:57:00.155+0000] {dag.py:4156} INFO - Setting next_dagrun for example_task_group to None, run_after=None
[2024-09-11T13:57:00.164+0000] {processor.py:208} INFO - Processing /home/airflow/.local/lib/python3.12/site-packages/airflow/example_dags/example_task_group.py took 0.061 seconds
[2024-09-11T13:57:30.495+0000] {processor.py:186} INFO - Started process (PID=1971) to work on /home/airflow/.local/lib/python3.12/site-packages/airflow/example_dags/example_task_group.py
[2024-09-11T13:57:30.496+0000] {processor.py:914} INFO - Processing file /home/airflow/.local/lib/python3.12/site-packages/airflow/example_dags/example_task_group.py for tasks to queue
[2024-09-11T13:57:30.498+0000] {logging_mixin.py:190} INFO - [2024-09-11T13:57:30.498+0000] {dagbag.py:587} INFO - Filling up the DagBag from /home/airflow/.local/lib/python3.12/site-packages/airflow/example_dags/example_task_group.py
[2024-09-11T13:57:30.506+0000] {processor.py:925} INFO - DAG(s) 'example_task_group' retrieved from /home/airflow/.local/lib/python3.12/site-packages/airflow/example_dags/example_task_group.py
[2024-09-11T13:57:30.521+0000] {logging_mixin.py:190} INFO - [2024-09-11T13:57:30.521+0000] {dag.py:3229} INFO - Sync 1 DAGs
[2024-09-11T13:57:30.530+0000] {logging_mixin.py:190} INFO - [2024-09-11T13:57:30.530+0000] {dag.py:4156} INFO - Setting next_dagrun for example_task_group to None, run_after=None
[2024-09-11T13:57:30.539+0000] {processor.py:208} INFO - Processing /home/airflow/.local/lib/python3.12/site-packages/airflow/example_dags/example_task_group.py took 0.050 seconds
[2024-09-11T13:58:00.926+0000] {processor.py:186} INFO - Started process (PID=2027) to work on /home/airflow/.local/lib/python3.12/site-packages/airflow/example_dags/example_task_group.py
[2024-09-11T13:58:00.927+0000] {processor.py:914} INFO - Processing file /home/airflow/.local/lib/python3.12/site-packages/airflow/example_dags/example_task_group.py for tasks to queue
[2024-09-11T13:58:00.929+0000] {logging_mixin.py:190} INFO - [2024-09-11T13:58:00.929+0000] {dagbag.py:587} INFO - Filling up the DagBag from /home/airflow/.local/lib/python3.12/site-packages/airflow/example_dags/example_task_group.py
[2024-09-11T13:58:00.937+0000] {processor.py:925} INFO - DAG(s) 'example_task_group' retrieved from /home/airflow/.local/lib/python3.12/site-packages/airflow/example_dags/example_task_group.py
[2024-09-11T13:58:00.953+0000] {logging_mixin.py:190} INFO - [2024-09-11T13:58:00.952+0000] {dag.py:3229} INFO - Sync 1 DAGs
[2024-09-11T13:58:00.961+0000] {logging_mixin.py:190} INFO - [2024-09-11T13:58:00.961+0000] {dag.py:4156} INFO - Setting next_dagrun for example_task_group to None, run_after=None
[2024-09-11T13:58:00.971+0000] {processor.py:208} INFO - Processing /home/airflow/.local/lib/python3.12/site-packages/airflow/example_dags/example_task_group.py took 0.051 seconds
