[2024-09-11T13:40:17.314+0000] {processor.py:186} INFO - Started process (PID=62) to work on /home/airflow/.local/lib/python3.12/site-packages/airflow/example_dags/example_subdag_operator.py
[2024-09-11T13:40:17.318+0000] {processor.py:914} INFO - Processing file /home/airflow/.local/lib/python3.12/site-packages/airflow/example_dags/example_subdag_operator.py for tasks to queue
[2024-09-11T13:40:17.325+0000] {logging_mixin.py:190} INFO - [2024-09-11T13:40:17.325+0000] {dagbag.py:587} INFO - Filling up the DagBag from /home/airflow/.local/lib/python3.12/site-packages/airflow/example_dags/example_subdag_operator.py
[2024-09-11T13:40:17.378+0000] {processor.py:925} INFO - DAG(s) 'example_subdag_operator.section-1', 'example_subdag_operator.section-2', 'example_subdag_operator' retrieved from /home/airflow/.local/lib/python3.12/site-packages/airflow/example_dags/example_subdag_operator.py
[2024-09-11T13:40:18.201+0000] {logging_mixin.py:190} INFO - [2024-09-11T13:40:18.200+0000] {override.py:1900} INFO - Created Permission View: can read on DAG:example_subdag_operator
[2024-09-11T13:40:18.218+0000] {logging_mixin.py:190} INFO - [2024-09-11T13:40:18.217+0000] {override.py:1900} INFO - Created Permission View: can delete on DAG:example_subdag_operator
[2024-09-11T13:40:18.225+0000] {logging_mixin.py:190} INFO - [2024-09-11T13:40:18.224+0000] {override.py:1900} INFO - Created Permission View: can edit on DAG:example_subdag_operator
[2024-09-11T13:40:18.235+0000] {logging_mixin.py:190} INFO - [2024-09-11T13:40:18.235+0000] {override.py:1900} INFO - Created Permission View: can read on DAG Run:example_subdag_operator
[2024-09-11T13:40:18.247+0000] {logging_mixin.py:190} INFO - [2024-09-11T13:40:18.246+0000] {override.py:1900} INFO - Created Permission View: can create on DAG Run:example_subdag_operator
[2024-09-11T13:40:18.255+0000] {logging_mixin.py:190} INFO - [2024-09-11T13:40:18.254+0000] {override.py:1900} INFO - Created Permission View: menu access on DAG Run:example_subdag_operator
[2024-09-11T13:40:18.263+0000] {logging_mixin.py:190} INFO - [2024-09-11T13:40:18.263+0000] {override.py:1900} INFO - Created Permission View: can delete on DAG Run:example_subdag_operator
[2024-09-11T13:40:18.265+0000] {logging_mixin.py:190} INFO - [2024-09-11T13:40:18.265+0000] {dag.py:3229} INFO - Sync 3 DAGs
[2024-09-11T13:40:18.289+0000] {logging_mixin.py:190} INFO - [2024-09-11T13:40:18.289+0000] {dag.py:3252} INFO - Creating ORM DAG for example_subdag_operator.section-1
[2024-09-11T13:40:18.290+0000] {logging_mixin.py:190} INFO - [2024-09-11T13:40:18.290+0000] {dag.py:3252} INFO - Creating ORM DAG for example_subdag_operator.section-2
[2024-09-11T13:40:18.291+0000] {logging_mixin.py:190} INFO - [2024-09-11T13:40:18.291+0000] {dag.py:3252} INFO - Creating ORM DAG for example_subdag_operator
[2024-09-11T13:40:18.302+0000] {logging_mixin.py:190} INFO - [2024-09-11T13:40:18.301+0000] {dag.py:4156} INFO - Setting next_dagrun for example_subdag_operator to 2022-01-01 00:00:00+00:00, run_after=2022-01-01 00:00:00+00:00
[2024-09-11T13:40:18.303+0000] {logging_mixin.py:190} INFO - [2024-09-11T13:40:18.302+0000] {dag.py:4156} INFO - Setting next_dagrun for example_subdag_operator.section-1 to None, run_after=None
[2024-09-11T13:40:18.304+0000] {logging_mixin.py:190} INFO - [2024-09-11T13:40:18.303+0000] {dag.py:4156} INFO - Setting next_dagrun for example_subdag_operator.section-2 to None, run_after=None
[2024-09-11T13:40:18.311+0000] {logging_mixin.py:190} INFO - [2024-09-11T13:40:18.311+0000] {dag.py:3229} INFO - Sync 2 DAGs
[2024-09-11T13:40:18.317+0000] {logging_mixin.py:190} INFO - [2024-09-11T13:40:18.316+0000] {dag.py:4156} INFO - Setting next_dagrun for example_subdag_operator.section-1 to None, run_after=None
[2024-09-11T13:40:18.320+0000] {logging_mixin.py:190} INFO - [2024-09-11T13:40:18.320+0000] {dag.py:4156} INFO - Setting next_dagrun for example_subdag_operator.section-2 to None, run_after=None
[2024-09-11T13:40:18.331+0000] {processor.py:208} INFO - Processing /home/airflow/.local/lib/python3.12/site-packages/airflow/example_dags/example_subdag_operator.py took 1.031 seconds
[2024-09-11T13:40:49.066+0000] {processor.py:186} INFO - Started process (PID=118) to work on /home/airflow/.local/lib/python3.12/site-packages/airflow/example_dags/example_subdag_operator.py
[2024-09-11T13:40:49.070+0000] {processor.py:914} INFO - Processing file /home/airflow/.local/lib/python3.12/site-packages/airflow/example_dags/example_subdag_operator.py for tasks to queue
[2024-09-11T13:40:49.073+0000] {logging_mixin.py:190} INFO - [2024-09-11T13:40:49.073+0000] {dagbag.py:587} INFO - Filling up the DagBag from /home/airflow/.local/lib/python3.12/site-packages/airflow/example_dags/example_subdag_operator.py
[2024-09-11T13:40:49.117+0000] {processor.py:925} INFO - DAG(s) 'example_subdag_operator.section-1', 'example_subdag_operator.section-2', 'example_subdag_operator' retrieved from /home/airflow/.local/lib/python3.12/site-packages/airflow/example_dags/example_subdag_operator.py
[2024-09-11T13:40:49.149+0000] {logging_mixin.py:190} INFO - [2024-09-11T13:40:49.149+0000] {dag.py:3229} INFO - Sync 3 DAGs
[2024-09-11T13:40:49.191+0000] {logging_mixin.py:190} INFO - [2024-09-11T13:40:49.190+0000] {dag.py:4156} INFO - Setting next_dagrun for example_subdag_operator to 2022-01-01 00:00:00+00:00, run_after=2022-01-01 00:00:00+00:00
[2024-09-11T13:40:49.200+0000] {logging_mixin.py:190} INFO - [2024-09-11T13:40:49.200+0000] {dag.py:4156} INFO - Setting next_dagrun for example_subdag_operator.section-1 to None, run_after=None
[2024-09-11T13:40:49.206+0000] {logging_mixin.py:190} INFO - [2024-09-11T13:40:49.206+0000] {dag.py:4156} INFO - Setting next_dagrun for example_subdag_operator.section-2 to None, run_after=None
[2024-09-11T13:40:49.220+0000] {logging_mixin.py:190} INFO - [2024-09-11T13:40:49.219+0000] {dag.py:3229} INFO - Sync 2 DAGs
[2024-09-11T13:40:49.229+0000] {logging_mixin.py:190} INFO - [2024-09-11T13:40:49.229+0000] {dag.py:4156} INFO - Setting next_dagrun for example_subdag_operator.section-1 to None, run_after=None
[2024-09-11T13:40:49.230+0000] {logging_mixin.py:190} INFO - [2024-09-11T13:40:49.229+0000] {dag.py:4156} INFO - Setting next_dagrun for example_subdag_operator.section-2 to None, run_after=None
[2024-09-11T13:40:49.248+0000] {processor.py:208} INFO - Processing /home/airflow/.local/lib/python3.12/site-packages/airflow/example_dags/example_subdag_operator.py took 0.190 seconds
[2024-09-11T13:41:19.505+0000] {processor.py:186} INFO - Started process (PID=173) to work on /home/airflow/.local/lib/python3.12/site-packages/airflow/example_dags/example_subdag_operator.py
[2024-09-11T13:41:19.506+0000] {processor.py:914} INFO - Processing file /home/airflow/.local/lib/python3.12/site-packages/airflow/example_dags/example_subdag_operator.py for tasks to queue
[2024-09-11T13:41:19.507+0000] {logging_mixin.py:190} INFO - [2024-09-11T13:41:19.507+0000] {dagbag.py:587} INFO - Filling up the DagBag from /home/airflow/.local/lib/python3.12/site-packages/airflow/example_dags/example_subdag_operator.py
[2024-09-11T13:41:19.522+0000] {processor.py:925} INFO - DAG(s) 'example_subdag_operator.section-1', 'example_subdag_operator.section-2', 'example_subdag_operator' retrieved from /home/airflow/.local/lib/python3.12/site-packages/airflow/example_dags/example_subdag_operator.py
[2024-09-11T13:41:19.532+0000] {logging_mixin.py:190} INFO - [2024-09-11T13:41:19.532+0000] {dag.py:3229} INFO - Sync 3 DAGs
[2024-09-11T13:41:19.550+0000] {logging_mixin.py:190} INFO - [2024-09-11T13:41:19.550+0000] {dag.py:4156} INFO - Setting next_dagrun for example_subdag_operator to 2022-01-01 00:00:00+00:00, run_after=2022-01-01 00:00:00+00:00
[2024-09-11T13:41:19.552+0000] {logging_mixin.py:190} INFO - [2024-09-11T13:41:19.552+0000] {dag.py:4156} INFO - Setting next_dagrun for example_subdag_operator.section-1 to None, run_after=None
[2024-09-11T13:41:19.553+0000] {logging_mixin.py:190} INFO - [2024-09-11T13:41:19.553+0000] {dag.py:4156} INFO - Setting next_dagrun for example_subdag_operator.section-2 to None, run_after=None
[2024-09-11T13:41:19.556+0000] {logging_mixin.py:190} INFO - [2024-09-11T13:41:19.556+0000] {dag.py:3229} INFO - Sync 2 DAGs
[2024-09-11T13:41:19.559+0000] {logging_mixin.py:190} INFO - [2024-09-11T13:41:19.559+0000] {dag.py:4156} INFO - Setting next_dagrun for example_subdag_operator.section-1 to None, run_after=None
[2024-09-11T13:41:19.559+0000] {logging_mixin.py:190} INFO - [2024-09-11T13:41:19.559+0000] {dag.py:4156} INFO - Setting next_dagrun for example_subdag_operator.section-2 to None, run_after=None
[2024-09-11T13:41:19.564+0000] {processor.py:208} INFO - Processing /home/airflow/.local/lib/python3.12/site-packages/airflow/example_dags/example_subdag_operator.py took 0.062 seconds
[2024-09-11T13:41:49.773+0000] {processor.py:186} INFO - Started process (PID=230) to work on /home/airflow/.local/lib/python3.12/site-packages/airflow/example_dags/example_subdag_operator.py
[2024-09-11T13:41:49.774+0000] {processor.py:914} INFO - Processing file /home/airflow/.local/lib/python3.12/site-packages/airflow/example_dags/example_subdag_operator.py for tasks to queue
[2024-09-11T13:41:49.775+0000] {logging_mixin.py:190} INFO - [2024-09-11T13:41:49.775+0000] {dagbag.py:587} INFO - Filling up the DagBag from /home/airflow/.local/lib/python3.12/site-packages/airflow/example_dags/example_subdag_operator.py
[2024-09-11T13:41:49.790+0000] {processor.py:925} INFO - DAG(s) 'example_subdag_operator.section-1', 'example_subdag_operator.section-2', 'example_subdag_operator' retrieved from /home/airflow/.local/lib/python3.12/site-packages/airflow/example_dags/example_subdag_operator.py
[2024-09-11T13:41:49.798+0000] {logging_mixin.py:190} INFO - [2024-09-11T13:41:49.798+0000] {dag.py:3229} INFO - Sync 3 DAGs
[2024-09-11T13:41:49.813+0000] {logging_mixin.py:190} INFO - [2024-09-11T13:41:49.813+0000] {dag.py:4156} INFO - Setting next_dagrun for example_subdag_operator to 2022-01-01 00:00:00+00:00, run_after=2022-01-01 00:00:00+00:00
[2024-09-11T13:41:49.815+0000] {logging_mixin.py:190} INFO - [2024-09-11T13:41:49.815+0000] {dag.py:4156} INFO - Setting next_dagrun for example_subdag_operator.section-1 to None, run_after=None
[2024-09-11T13:41:49.816+0000] {logging_mixin.py:190} INFO - [2024-09-11T13:41:49.816+0000] {dag.py:4156} INFO - Setting next_dagrun for example_subdag_operator.section-2 to None, run_after=None
[2024-09-11T13:41:49.820+0000] {logging_mixin.py:190} INFO - [2024-09-11T13:41:49.819+0000] {dag.py:3229} INFO - Sync 2 DAGs
[2024-09-11T13:41:49.823+0000] {logging_mixin.py:190} INFO - [2024-09-11T13:41:49.823+0000] {dag.py:4156} INFO - Setting next_dagrun for example_subdag_operator.section-1 to None, run_after=None
[2024-09-11T13:41:49.823+0000] {logging_mixin.py:190} INFO - [2024-09-11T13:41:49.823+0000] {dag.py:4156} INFO - Setting next_dagrun for example_subdag_operator.section-2 to None, run_after=None
[2024-09-11T13:41:49.831+0000] {processor.py:208} INFO - Processing /home/airflow/.local/lib/python3.12/site-packages/airflow/example_dags/example_subdag_operator.py took 0.062 seconds
[2024-09-11T13:42:20.315+0000] {processor.py:186} INFO - Started process (PID=286) to work on /home/airflow/.local/lib/python3.12/site-packages/airflow/example_dags/example_subdag_operator.py
[2024-09-11T13:42:20.316+0000] {processor.py:914} INFO - Processing file /home/airflow/.local/lib/python3.12/site-packages/airflow/example_dags/example_subdag_operator.py for tasks to queue
[2024-09-11T13:42:20.324+0000] {logging_mixin.py:190} INFO - [2024-09-11T13:42:20.323+0000] {dagbag.py:587} INFO - Filling up the DagBag from /home/airflow/.local/lib/python3.12/site-packages/airflow/example_dags/example_subdag_operator.py
[2024-09-11T13:42:20.347+0000] {processor.py:925} INFO - DAG(s) 'example_subdag_operator.section-1', 'example_subdag_operator.section-2', 'example_subdag_operator' retrieved from /home/airflow/.local/lib/python3.12/site-packages/airflow/example_dags/example_subdag_operator.py
[2024-09-11T13:42:20.357+0000] {logging_mixin.py:190} INFO - [2024-09-11T13:42:20.357+0000] {dag.py:3229} INFO - Sync 3 DAGs
[2024-09-11T13:42:20.377+0000] {logging_mixin.py:190} INFO - [2024-09-11T13:42:20.377+0000] {dag.py:4156} INFO - Setting next_dagrun for example_subdag_operator to 2022-01-01 00:00:00+00:00, run_after=2022-01-01 00:00:00+00:00
[2024-09-11T13:42:20.379+0000] {logging_mixin.py:190} INFO - [2024-09-11T13:42:20.379+0000] {dag.py:4156} INFO - Setting next_dagrun for example_subdag_operator.section-1 to None, run_after=None
[2024-09-11T13:42:20.380+0000] {logging_mixin.py:190} INFO - [2024-09-11T13:42:20.380+0000] {dag.py:4156} INFO - Setting next_dagrun for example_subdag_operator.section-2 to None, run_after=None
[2024-09-11T13:42:20.384+0000] {logging_mixin.py:190} INFO - [2024-09-11T13:42:20.384+0000] {dag.py:3229} INFO - Sync 2 DAGs
[2024-09-11T13:42:20.387+0000] {logging_mixin.py:190} INFO - [2024-09-11T13:42:20.387+0000] {dag.py:4156} INFO - Setting next_dagrun for example_subdag_operator.section-1 to None, run_after=None
[2024-09-11T13:42:20.387+0000] {logging_mixin.py:190} INFO - [2024-09-11T13:42:20.387+0000] {dag.py:4156} INFO - Setting next_dagrun for example_subdag_operator.section-2 to None, run_after=None
[2024-09-11T13:42:20.392+0000] {processor.py:208} INFO - Processing /home/airflow/.local/lib/python3.12/site-packages/airflow/example_dags/example_subdag_operator.py took 0.084 seconds
[2024-09-11T13:42:50.440+0000] {processor.py:186} INFO - Started process (PID=341) to work on /home/airflow/.local/lib/python3.12/site-packages/airflow/example_dags/example_subdag_operator.py
[2024-09-11T13:42:50.442+0000] {processor.py:914} INFO - Processing file /home/airflow/.local/lib/python3.12/site-packages/airflow/example_dags/example_subdag_operator.py for tasks to queue
[2024-09-11T13:42:50.445+0000] {logging_mixin.py:190} INFO - [2024-09-11T13:42:50.445+0000] {dagbag.py:587} INFO - Filling up the DagBag from /home/airflow/.local/lib/python3.12/site-packages/airflow/example_dags/example_subdag_operator.py
[2024-09-11T13:42:50.461+0000] {processor.py:925} INFO - DAG(s) 'example_subdag_operator.section-1', 'example_subdag_operator.section-2', 'example_subdag_operator' retrieved from /home/airflow/.local/lib/python3.12/site-packages/airflow/example_dags/example_subdag_operator.py
[2024-09-11T13:42:50.470+0000] {logging_mixin.py:190} INFO - [2024-09-11T13:42:50.470+0000] {dag.py:3229} INFO - Sync 3 DAGs
[2024-09-11T13:42:50.487+0000] {logging_mixin.py:190} INFO - [2024-09-11T13:42:50.486+0000] {dag.py:4156} INFO - Setting next_dagrun for example_subdag_operator to 2022-01-01 00:00:00+00:00, run_after=2022-01-01 00:00:00+00:00
[2024-09-11T13:42:50.489+0000] {logging_mixin.py:190} INFO - [2024-09-11T13:42:50.489+0000] {dag.py:4156} INFO - Setting next_dagrun for example_subdag_operator.section-1 to None, run_after=None
[2024-09-11T13:42:50.490+0000] {logging_mixin.py:190} INFO - [2024-09-11T13:42:50.490+0000] {dag.py:4156} INFO - Setting next_dagrun for example_subdag_operator.section-2 to None, run_after=None
[2024-09-11T13:42:50.495+0000] {logging_mixin.py:190} INFO - [2024-09-11T13:42:50.495+0000] {dag.py:3229} INFO - Sync 2 DAGs
[2024-09-11T13:42:50.498+0000] {logging_mixin.py:190} INFO - [2024-09-11T13:42:50.498+0000] {dag.py:4156} INFO - Setting next_dagrun for example_subdag_operator.section-1 to None, run_after=None
[2024-09-11T13:42:50.498+0000] {logging_mixin.py:190} INFO - [2024-09-11T13:42:50.498+0000] {dag.py:4156} INFO - Setting next_dagrun for example_subdag_operator.section-2 to None, run_after=None
[2024-09-11T13:42:50.505+0000] {processor.py:208} INFO - Processing /home/airflow/.local/lib/python3.12/site-packages/airflow/example_dags/example_subdag_operator.py took 0.073 seconds
[2024-09-11T13:43:20.678+0000] {processor.py:186} INFO - Started process (PID=398) to work on /home/airflow/.local/lib/python3.12/site-packages/airflow/example_dags/example_subdag_operator.py
[2024-09-11T13:43:20.679+0000] {processor.py:914} INFO - Processing file /home/airflow/.local/lib/python3.12/site-packages/airflow/example_dags/example_subdag_operator.py for tasks to queue
[2024-09-11T13:43:20.682+0000] {logging_mixin.py:190} INFO - [2024-09-11T13:43:20.681+0000] {dagbag.py:587} INFO - Filling up the DagBag from /home/airflow/.local/lib/python3.12/site-packages/airflow/example_dags/example_subdag_operator.py
[2024-09-11T13:43:20.705+0000] {processor.py:925} INFO - DAG(s) 'example_subdag_operator.section-1', 'example_subdag_operator.section-2', 'example_subdag_operator' retrieved from /home/airflow/.local/lib/python3.12/site-packages/airflow/example_dags/example_subdag_operator.py
[2024-09-11T13:43:20.714+0000] {logging_mixin.py:190} INFO - [2024-09-11T13:43:20.714+0000] {dag.py:3229} INFO - Sync 3 DAGs
[2024-09-11T13:43:20.728+0000] {logging_mixin.py:190} INFO - [2024-09-11T13:43:20.728+0000] {dag.py:4156} INFO - Setting next_dagrun for example_subdag_operator to 2022-01-01 00:00:00+00:00, run_after=2022-01-01 00:00:00+00:00
[2024-09-11T13:43:20.730+0000] {logging_mixin.py:190} INFO - [2024-09-11T13:43:20.730+0000] {dag.py:4156} INFO - Setting next_dagrun for example_subdag_operator.section-1 to None, run_after=None
[2024-09-11T13:43:20.730+0000] {logging_mixin.py:190} INFO - [2024-09-11T13:43:20.730+0000] {dag.py:4156} INFO - Setting next_dagrun for example_subdag_operator.section-2 to None, run_after=None
[2024-09-11T13:43:20.734+0000] {logging_mixin.py:190} INFO - [2024-09-11T13:43:20.734+0000] {dag.py:3229} INFO - Sync 2 DAGs
[2024-09-11T13:43:20.737+0000] {logging_mixin.py:190} INFO - [2024-09-11T13:43:20.737+0000] {dag.py:4156} INFO - Setting next_dagrun for example_subdag_operator.section-1 to None, run_after=None
[2024-09-11T13:43:20.737+0000] {logging_mixin.py:190} INFO - [2024-09-11T13:43:20.737+0000] {dag.py:4156} INFO - Setting next_dagrun for example_subdag_operator.section-2 to None, run_after=None
[2024-09-11T13:43:20.742+0000] {processor.py:208} INFO - Processing /home/airflow/.local/lib/python3.12/site-packages/airflow/example_dags/example_subdag_operator.py took 0.073 seconds
[2024-09-11T13:43:50.947+0000] {processor.py:186} INFO - Started process (PID=454) to work on /home/airflow/.local/lib/python3.12/site-packages/airflow/example_dags/example_subdag_operator.py
[2024-09-11T13:43:50.948+0000] {processor.py:914} INFO - Processing file /home/airflow/.local/lib/python3.12/site-packages/airflow/example_dags/example_subdag_operator.py for tasks to queue
[2024-09-11T13:43:50.950+0000] {logging_mixin.py:190} INFO - [2024-09-11T13:43:50.950+0000] {dagbag.py:587} INFO - Filling up the DagBag from /home/airflow/.local/lib/python3.12/site-packages/airflow/example_dags/example_subdag_operator.py
[2024-09-11T13:43:50.974+0000] {processor.py:925} INFO - DAG(s) 'example_subdag_operator.section-1', 'example_subdag_operator.section-2', 'example_subdag_operator' retrieved from /home/airflow/.local/lib/python3.12/site-packages/airflow/example_dags/example_subdag_operator.py
[2024-09-11T13:43:50.985+0000] {logging_mixin.py:190} INFO - [2024-09-11T13:43:50.984+0000] {dag.py:3229} INFO - Sync 3 DAGs
[2024-09-11T13:43:51.000+0000] {logging_mixin.py:190} INFO - [2024-09-11T13:43:51.000+0000] {dag.py:4156} INFO - Setting next_dagrun for example_subdag_operator to 2022-01-01 00:00:00+00:00, run_after=2022-01-01 00:00:00+00:00
[2024-09-11T13:43:51.002+0000] {logging_mixin.py:190} INFO - [2024-09-11T13:43:51.002+0000] {dag.py:4156} INFO - Setting next_dagrun for example_subdag_operator.section-1 to None, run_after=None
[2024-09-11T13:43:51.004+0000] {logging_mixin.py:190} INFO - [2024-09-11T13:43:51.003+0000] {dag.py:4156} INFO - Setting next_dagrun for example_subdag_operator.section-2 to None, run_after=None
[2024-09-11T13:43:51.008+0000] {logging_mixin.py:190} INFO - [2024-09-11T13:43:51.008+0000] {dag.py:3229} INFO - Sync 2 DAGs
[2024-09-11T13:43:51.011+0000] {logging_mixin.py:190} INFO - [2024-09-11T13:43:51.011+0000] {dag.py:4156} INFO - Setting next_dagrun for example_subdag_operator.section-1 to None, run_after=None
[2024-09-11T13:43:51.011+0000] {logging_mixin.py:190} INFO - [2024-09-11T13:43:51.011+0000] {dag.py:4156} INFO - Setting next_dagrun for example_subdag_operator.section-2 to None, run_after=None
[2024-09-11T13:43:51.017+0000] {processor.py:208} INFO - Processing /home/airflow/.local/lib/python3.12/site-packages/airflow/example_dags/example_subdag_operator.py took 0.075 seconds
[2024-09-11T13:44:21.139+0000] {processor.py:186} INFO - Started process (PID=510) to work on /home/airflow/.local/lib/python3.12/site-packages/airflow/example_dags/example_subdag_operator.py
[2024-09-11T13:44:21.140+0000] {processor.py:914} INFO - Processing file /home/airflow/.local/lib/python3.12/site-packages/airflow/example_dags/example_subdag_operator.py for tasks to queue
[2024-09-11T13:44:21.143+0000] {logging_mixin.py:190} INFO - [2024-09-11T13:44:21.142+0000] {dagbag.py:587} INFO - Filling up the DagBag from /home/airflow/.local/lib/python3.12/site-packages/airflow/example_dags/example_subdag_operator.py
[2024-09-11T13:44:21.164+0000] {processor.py:925} INFO - DAG(s) 'example_subdag_operator.section-1', 'example_subdag_operator.section-2', 'example_subdag_operator' retrieved from /home/airflow/.local/lib/python3.12/site-packages/airflow/example_dags/example_subdag_operator.py
[2024-09-11T13:44:21.173+0000] {logging_mixin.py:190} INFO - [2024-09-11T13:44:21.173+0000] {dag.py:3229} INFO - Sync 3 DAGs
[2024-09-11T13:44:21.186+0000] {logging_mixin.py:190} INFO - [2024-09-11T13:44:21.186+0000] {dag.py:4156} INFO - Setting next_dagrun for example_subdag_operator to 2022-01-01 00:00:00+00:00, run_after=2022-01-01 00:00:00+00:00
[2024-09-11T13:44:21.188+0000] {logging_mixin.py:190} INFO - [2024-09-11T13:44:21.188+0000] {dag.py:4156} INFO - Setting next_dagrun for example_subdag_operator.section-1 to None, run_after=None
[2024-09-11T13:44:21.189+0000] {logging_mixin.py:190} INFO - [2024-09-11T13:44:21.189+0000] {dag.py:4156} INFO - Setting next_dagrun for example_subdag_operator.section-2 to None, run_after=None
[2024-09-11T13:44:21.193+0000] {logging_mixin.py:190} INFO - [2024-09-11T13:44:21.193+0000] {dag.py:3229} INFO - Sync 2 DAGs
[2024-09-11T13:44:21.195+0000] {logging_mixin.py:190} INFO - [2024-09-11T13:44:21.195+0000] {dag.py:4156} INFO - Setting next_dagrun for example_subdag_operator.section-1 to None, run_after=None
[2024-09-11T13:44:21.196+0000] {logging_mixin.py:190} INFO - [2024-09-11T13:44:21.196+0000] {dag.py:4156} INFO - Setting next_dagrun for example_subdag_operator.section-2 to None, run_after=None
[2024-09-11T13:44:21.202+0000] {processor.py:208} INFO - Processing /home/airflow/.local/lib/python3.12/site-packages/airflow/example_dags/example_subdag_operator.py took 0.070 seconds
[2024-09-11T13:44:51.505+0000] {processor.py:186} INFO - Started process (PID=566) to work on /home/airflow/.local/lib/python3.12/site-packages/airflow/example_dags/example_subdag_operator.py
[2024-09-11T13:44:51.506+0000] {processor.py:914} INFO - Processing file /home/airflow/.local/lib/python3.12/site-packages/airflow/example_dags/example_subdag_operator.py for tasks to queue
[2024-09-11T13:44:51.509+0000] {logging_mixin.py:190} INFO - [2024-09-11T13:44:51.509+0000] {dagbag.py:587} INFO - Filling up the DagBag from /home/airflow/.local/lib/python3.12/site-packages/airflow/example_dags/example_subdag_operator.py
[2024-09-11T13:44:51.531+0000] {processor.py:925} INFO - DAG(s) 'example_subdag_operator.section-1', 'example_subdag_operator.section-2', 'example_subdag_operator' retrieved from /home/airflow/.local/lib/python3.12/site-packages/airflow/example_dags/example_subdag_operator.py
[2024-09-11T13:44:51.542+0000] {logging_mixin.py:190} INFO - [2024-09-11T13:44:51.541+0000] {dag.py:3229} INFO - Sync 3 DAGs
[2024-09-11T13:44:51.554+0000] {logging_mixin.py:190} INFO - [2024-09-11T13:44:51.554+0000] {dag.py:4156} INFO - Setting next_dagrun for example_subdag_operator to 2022-01-01 00:00:00+00:00, run_after=2022-01-01 00:00:00+00:00
[2024-09-11T13:44:51.556+0000] {logging_mixin.py:190} INFO - [2024-09-11T13:44:51.556+0000] {dag.py:4156} INFO - Setting next_dagrun for example_subdag_operator.section-1 to None, run_after=None
[2024-09-11T13:44:51.557+0000] {logging_mixin.py:190} INFO - [2024-09-11T13:44:51.557+0000] {dag.py:4156} INFO - Setting next_dagrun for example_subdag_operator.section-2 to None, run_after=None
[2024-09-11T13:44:51.560+0000] {logging_mixin.py:190} INFO - [2024-09-11T13:44:51.560+0000] {dag.py:3229} INFO - Sync 2 DAGs
[2024-09-11T13:44:51.563+0000] {logging_mixin.py:190} INFO - [2024-09-11T13:44:51.563+0000] {dag.py:4156} INFO - Setting next_dagrun for example_subdag_operator.section-1 to None, run_after=None
[2024-09-11T13:44:51.564+0000] {logging_mixin.py:190} INFO - [2024-09-11T13:44:51.564+0000] {dag.py:4156} INFO - Setting next_dagrun for example_subdag_operator.section-2 to None, run_after=None
[2024-09-11T13:44:51.568+0000] {processor.py:208} INFO - Processing /home/airflow/.local/lib/python3.12/site-packages/airflow/example_dags/example_subdag_operator.py took 0.071 seconds
[2024-09-11T13:45:21.705+0000] {processor.py:186} INFO - Started process (PID=622) to work on /home/airflow/.local/lib/python3.12/site-packages/airflow/example_dags/example_subdag_operator.py
[2024-09-11T13:45:21.706+0000] {processor.py:914} INFO - Processing file /home/airflow/.local/lib/python3.12/site-packages/airflow/example_dags/example_subdag_operator.py for tasks to queue
[2024-09-11T13:45:21.709+0000] {logging_mixin.py:190} INFO - [2024-09-11T13:45:21.709+0000] {dagbag.py:587} INFO - Filling up the DagBag from /home/airflow/.local/lib/python3.12/site-packages/airflow/example_dags/example_subdag_operator.py
[2024-09-11T13:45:21.732+0000] {processor.py:925} INFO - DAG(s) 'example_subdag_operator.section-1', 'example_subdag_operator.section-2', 'example_subdag_operator' retrieved from /home/airflow/.local/lib/python3.12/site-packages/airflow/example_dags/example_subdag_operator.py
[2024-09-11T13:45:21.742+0000] {logging_mixin.py:190} INFO - [2024-09-11T13:45:21.741+0000] {dag.py:3229} INFO - Sync 3 DAGs
[2024-09-11T13:45:21.755+0000] {logging_mixin.py:190} INFO - [2024-09-11T13:45:21.755+0000] {dag.py:4156} INFO - Setting next_dagrun for example_subdag_operator to 2022-01-01 00:00:00+00:00, run_after=2022-01-01 00:00:00+00:00
[2024-09-11T13:45:21.757+0000] {logging_mixin.py:190} INFO - [2024-09-11T13:45:21.757+0000] {dag.py:4156} INFO - Setting next_dagrun for example_subdag_operator.section-1 to None, run_after=None
[2024-09-11T13:45:21.758+0000] {logging_mixin.py:190} INFO - [2024-09-11T13:45:21.757+0000] {dag.py:4156} INFO - Setting next_dagrun for example_subdag_operator.section-2 to None, run_after=None
[2024-09-11T13:45:21.761+0000] {logging_mixin.py:190} INFO - [2024-09-11T13:45:21.761+0000] {dag.py:3229} INFO - Sync 2 DAGs
[2024-09-11T13:45:21.764+0000] {logging_mixin.py:190} INFO - [2024-09-11T13:45:21.763+0000] {dag.py:4156} INFO - Setting next_dagrun for example_subdag_operator.section-1 to None, run_after=None
[2024-09-11T13:45:21.764+0000] {logging_mixin.py:190} INFO - [2024-09-11T13:45:21.764+0000] {dag.py:4156} INFO - Setting next_dagrun for example_subdag_operator.section-2 to None, run_after=None
[2024-09-11T13:45:21.769+0000] {processor.py:208} INFO - Processing /home/airflow/.local/lib/python3.12/site-packages/airflow/example_dags/example_subdag_operator.py took 0.071 seconds
[2024-09-11T13:45:51.907+0000] {processor.py:186} INFO - Started process (PID=678) to work on /home/airflow/.local/lib/python3.12/site-packages/airflow/example_dags/example_subdag_operator.py
[2024-09-11T13:45:51.908+0000] {processor.py:914} INFO - Processing file /home/airflow/.local/lib/python3.12/site-packages/airflow/example_dags/example_subdag_operator.py for tasks to queue
[2024-09-11T13:45:51.910+0000] {logging_mixin.py:190} INFO - [2024-09-11T13:45:51.910+0000] {dagbag.py:587} INFO - Filling up the DagBag from /home/airflow/.local/lib/python3.12/site-packages/airflow/example_dags/example_subdag_operator.py
[2024-09-11T13:45:51.930+0000] {processor.py:925} INFO - DAG(s) 'example_subdag_operator.section-1', 'example_subdag_operator.section-2', 'example_subdag_operator' retrieved from /home/airflow/.local/lib/python3.12/site-packages/airflow/example_dags/example_subdag_operator.py
[2024-09-11T13:45:51.939+0000] {logging_mixin.py:190} INFO - [2024-09-11T13:45:51.939+0000] {dag.py:3229} INFO - Sync 3 DAGs
[2024-09-11T13:45:51.952+0000] {logging_mixin.py:190} INFO - [2024-09-11T13:45:51.951+0000] {dag.py:4156} INFO - Setting next_dagrun for example_subdag_operator to 2022-01-01 00:00:00+00:00, run_after=2022-01-01 00:00:00+00:00
[2024-09-11T13:45:51.954+0000] {logging_mixin.py:190} INFO - [2024-09-11T13:45:51.954+0000] {dag.py:4156} INFO - Setting next_dagrun for example_subdag_operator.section-1 to None, run_after=None
[2024-09-11T13:45:51.955+0000] {logging_mixin.py:190} INFO - [2024-09-11T13:45:51.954+0000] {dag.py:4156} INFO - Setting next_dagrun for example_subdag_operator.section-2 to None, run_after=None
[2024-09-11T13:45:51.958+0000] {logging_mixin.py:190} INFO - [2024-09-11T13:45:51.958+0000] {dag.py:3229} INFO - Sync 2 DAGs
[2024-09-11T13:45:51.961+0000] {logging_mixin.py:190} INFO - [2024-09-11T13:45:51.961+0000] {dag.py:4156} INFO - Setting next_dagrun for example_subdag_operator.section-1 to None, run_after=None
[2024-09-11T13:45:51.961+0000] {logging_mixin.py:190} INFO - [2024-09-11T13:45:51.961+0000] {dag.py:4156} INFO - Setting next_dagrun for example_subdag_operator.section-2 to None, run_after=None
[2024-09-11T13:45:51.966+0000] {processor.py:208} INFO - Processing /home/airflow/.local/lib/python3.12/site-packages/airflow/example_dags/example_subdag_operator.py took 0.066 seconds
[2024-09-11T13:46:22.019+0000] {processor.py:186} INFO - Started process (PID=733) to work on /home/airflow/.local/lib/python3.12/site-packages/airflow/example_dags/example_subdag_operator.py
[2024-09-11T13:46:22.019+0000] {processor.py:914} INFO - Processing file /home/airflow/.local/lib/python3.12/site-packages/airflow/example_dags/example_subdag_operator.py for tasks to queue
[2024-09-11T13:46:22.021+0000] {logging_mixin.py:190} INFO - [2024-09-11T13:46:22.021+0000] {dagbag.py:587} INFO - Filling up the DagBag from /home/airflow/.local/lib/python3.12/site-packages/airflow/example_dags/example_subdag_operator.py
[2024-09-11T13:46:22.039+0000] {processor.py:925} INFO - DAG(s) 'example_subdag_operator.section-1', 'example_subdag_operator.section-2', 'example_subdag_operator' retrieved from /home/airflow/.local/lib/python3.12/site-packages/airflow/example_dags/example_subdag_operator.py
[2024-09-11T13:46:22.047+0000] {logging_mixin.py:190} INFO - [2024-09-11T13:46:22.047+0000] {dag.py:3229} INFO - Sync 3 DAGs
[2024-09-11T13:46:22.060+0000] {logging_mixin.py:190} INFO - [2024-09-11T13:46:22.060+0000] {dag.py:4156} INFO - Setting next_dagrun for example_subdag_operator to 2022-01-01 00:00:00+00:00, run_after=2022-01-01 00:00:00+00:00
[2024-09-11T13:46:22.065+0000] {logging_mixin.py:190} INFO - [2024-09-11T13:46:22.065+0000] {dag.py:4156} INFO - Setting next_dagrun for example_subdag_operator.section-1 to None, run_after=None
[2024-09-11T13:46:22.066+0000] {logging_mixin.py:190} INFO - [2024-09-11T13:46:22.066+0000] {dag.py:4156} INFO - Setting next_dagrun for example_subdag_operator.section-2 to None, run_after=None
[2024-09-11T13:46:22.069+0000] {logging_mixin.py:190} INFO - [2024-09-11T13:46:22.069+0000] {dag.py:3229} INFO - Sync 2 DAGs
[2024-09-11T13:46:22.072+0000] {logging_mixin.py:190} INFO - [2024-09-11T13:46:22.072+0000] {dag.py:4156} INFO - Setting next_dagrun for example_subdag_operator.section-1 to None, run_after=None
[2024-09-11T13:46:22.074+0000] {logging_mixin.py:190} INFO - [2024-09-11T13:46:22.073+0000] {dag.py:4156} INFO - Setting next_dagrun for example_subdag_operator.section-2 to None, run_after=None
[2024-09-11T13:46:22.078+0000] {processor.py:208} INFO - Processing /home/airflow/.local/lib/python3.12/site-packages/airflow/example_dags/example_subdag_operator.py took 0.065 seconds
[2024-09-11T13:46:52.400+0000] {processor.py:186} INFO - Started process (PID=790) to work on /home/airflow/.local/lib/python3.12/site-packages/airflow/example_dags/example_subdag_operator.py
[2024-09-11T13:46:52.400+0000] {processor.py:914} INFO - Processing file /home/airflow/.local/lib/python3.12/site-packages/airflow/example_dags/example_subdag_operator.py for tasks to queue
[2024-09-11T13:46:52.402+0000] {logging_mixin.py:190} INFO - [2024-09-11T13:46:52.401+0000] {dagbag.py:587} INFO - Filling up the DagBag from /home/airflow/.local/lib/python3.12/site-packages/airflow/example_dags/example_subdag_operator.py
[2024-09-11T13:46:52.417+0000] {processor.py:925} INFO - DAG(s) 'example_subdag_operator.section-1', 'example_subdag_operator.section-2', 'example_subdag_operator' retrieved from /home/airflow/.local/lib/python3.12/site-packages/airflow/example_dags/example_subdag_operator.py
[2024-09-11T13:46:52.425+0000] {logging_mixin.py:190} INFO - [2024-09-11T13:46:52.424+0000] {dag.py:3229} INFO - Sync 3 DAGs
[2024-09-11T13:46:52.436+0000] {logging_mixin.py:190} INFO - [2024-09-11T13:46:52.436+0000] {dag.py:4156} INFO - Setting next_dagrun for example_subdag_operator to 2022-01-01 00:00:00+00:00, run_after=2022-01-01 00:00:00+00:00
[2024-09-11T13:46:52.438+0000] {logging_mixin.py:190} INFO - [2024-09-11T13:46:52.438+0000] {dag.py:4156} INFO - Setting next_dagrun for example_subdag_operator.section-1 to None, run_after=None
[2024-09-11T13:46:52.439+0000] {logging_mixin.py:190} INFO - [2024-09-11T13:46:52.438+0000] {dag.py:4156} INFO - Setting next_dagrun for example_subdag_operator.section-2 to None, run_after=None
[2024-09-11T13:46:52.442+0000] {logging_mixin.py:190} INFO - [2024-09-11T13:46:52.442+0000] {dag.py:3229} INFO - Sync 2 DAGs
[2024-09-11T13:46:52.444+0000] {logging_mixin.py:190} INFO - [2024-09-11T13:46:52.444+0000] {dag.py:4156} INFO - Setting next_dagrun for example_subdag_operator.section-1 to None, run_after=None
[2024-09-11T13:46:52.445+0000] {logging_mixin.py:190} INFO - [2024-09-11T13:46:52.445+0000] {dag.py:4156} INFO - Setting next_dagrun for example_subdag_operator.section-2 to None, run_after=None
[2024-09-11T13:46:52.449+0000] {processor.py:208} INFO - Processing /home/airflow/.local/lib/python3.12/site-packages/airflow/example_dags/example_subdag_operator.py took 0.054 seconds
[2024-09-11T13:47:22.522+0000] {processor.py:186} INFO - Started process (PID=845) to work on /home/airflow/.local/lib/python3.12/site-packages/airflow/example_dags/example_subdag_operator.py
[2024-09-11T13:47:22.523+0000] {processor.py:914} INFO - Processing file /home/airflow/.local/lib/python3.12/site-packages/airflow/example_dags/example_subdag_operator.py for tasks to queue
[2024-09-11T13:47:22.526+0000] {logging_mixin.py:190} INFO - [2024-09-11T13:47:22.526+0000] {dagbag.py:587} INFO - Filling up the DagBag from /home/airflow/.local/lib/python3.12/site-packages/airflow/example_dags/example_subdag_operator.py
[2024-09-11T13:47:22.548+0000] {processor.py:925} INFO - DAG(s) 'example_subdag_operator.section-1', 'example_subdag_operator.section-2', 'example_subdag_operator' retrieved from /home/airflow/.local/lib/python3.12/site-packages/airflow/example_dags/example_subdag_operator.py
[2024-09-11T13:47:22.558+0000] {logging_mixin.py:190} INFO - [2024-09-11T13:47:22.558+0000] {dag.py:3229} INFO - Sync 3 DAGs
[2024-09-11T13:47:22.570+0000] {logging_mixin.py:190} INFO - [2024-09-11T13:47:22.570+0000] {dag.py:4156} INFO - Setting next_dagrun for example_subdag_operator to 2022-01-01 00:00:00+00:00, run_after=2022-01-01 00:00:00+00:00
[2024-09-11T13:47:22.573+0000] {logging_mixin.py:190} INFO - [2024-09-11T13:47:22.573+0000] {dag.py:4156} INFO - Setting next_dagrun for example_subdag_operator.section-1 to None, run_after=None
[2024-09-11T13:47:22.574+0000] {logging_mixin.py:190} INFO - [2024-09-11T13:47:22.574+0000] {dag.py:4156} INFO - Setting next_dagrun for example_subdag_operator.section-2 to None, run_after=None
[2024-09-11T13:47:22.578+0000] {logging_mixin.py:190} INFO - [2024-09-11T13:47:22.578+0000] {dag.py:3229} INFO - Sync 2 DAGs
[2024-09-11T13:47:22.581+0000] {logging_mixin.py:190} INFO - [2024-09-11T13:47:22.581+0000] {dag.py:4156} INFO - Setting next_dagrun for example_subdag_operator.section-1 to None, run_after=None
[2024-09-11T13:47:22.582+0000] {logging_mixin.py:190} INFO - [2024-09-11T13:47:22.582+0000] {dag.py:4156} INFO - Setting next_dagrun for example_subdag_operator.section-2 to None, run_after=None
[2024-09-11T13:47:22.586+0000] {processor.py:208} INFO - Processing /home/airflow/.local/lib/python3.12/site-packages/airflow/example_dags/example_subdag_operator.py took 0.072 seconds
[2024-09-11T13:47:52.804+0000] {processor.py:186} INFO - Started process (PID=902) to work on /home/airflow/.local/lib/python3.12/site-packages/airflow/example_dags/example_subdag_operator.py
[2024-09-11T13:47:52.805+0000] {processor.py:914} INFO - Processing file /home/airflow/.local/lib/python3.12/site-packages/airflow/example_dags/example_subdag_operator.py for tasks to queue
[2024-09-11T13:47:52.808+0000] {logging_mixin.py:190} INFO - [2024-09-11T13:47:52.808+0000] {dagbag.py:587} INFO - Filling up the DagBag from /home/airflow/.local/lib/python3.12/site-packages/airflow/example_dags/example_subdag_operator.py
[2024-09-11T13:47:52.829+0000] {processor.py:925} INFO - DAG(s) 'example_subdag_operator.section-1', 'example_subdag_operator.section-2', 'example_subdag_operator' retrieved from /home/airflow/.local/lib/python3.12/site-packages/airflow/example_dags/example_subdag_operator.py
[2024-09-11T13:47:52.839+0000] {logging_mixin.py:190} INFO - [2024-09-11T13:47:52.839+0000] {dag.py:3229} INFO - Sync 3 DAGs
[2024-09-11T13:47:52.852+0000] {logging_mixin.py:190} INFO - [2024-09-11T13:47:52.851+0000] {dag.py:4156} INFO - Setting next_dagrun for example_subdag_operator to 2022-01-01 00:00:00+00:00, run_after=2022-01-01 00:00:00+00:00
[2024-09-11T13:47:52.854+0000] {logging_mixin.py:190} INFO - [2024-09-11T13:47:52.854+0000] {dag.py:4156} INFO - Setting next_dagrun for example_subdag_operator.section-1 to None, run_after=None
[2024-09-11T13:47:52.854+0000] {logging_mixin.py:190} INFO - [2024-09-11T13:47:52.854+0000] {dag.py:4156} INFO - Setting next_dagrun for example_subdag_operator.section-2 to None, run_after=None
[2024-09-11T13:47:52.858+0000] {logging_mixin.py:190} INFO - [2024-09-11T13:47:52.858+0000] {dag.py:3229} INFO - Sync 2 DAGs
[2024-09-11T13:47:52.861+0000] {logging_mixin.py:190} INFO - [2024-09-11T13:47:52.860+0000] {dag.py:4156} INFO - Setting next_dagrun for example_subdag_operator.section-1 to None, run_after=None
[2024-09-11T13:47:52.861+0000] {logging_mixin.py:190} INFO - [2024-09-11T13:47:52.861+0000] {dag.py:4156} INFO - Setting next_dagrun for example_subdag_operator.section-2 to None, run_after=None
[2024-09-11T13:47:52.866+0000] {processor.py:208} INFO - Processing /home/airflow/.local/lib/python3.12/site-packages/airflow/example_dags/example_subdag_operator.py took 0.068 seconds
[2024-09-11T13:48:23.063+0000] {processor.py:186} INFO - Started process (PID=958) to work on /home/airflow/.local/lib/python3.12/site-packages/airflow/example_dags/example_subdag_operator.py
[2024-09-11T13:48:23.063+0000] {processor.py:914} INFO - Processing file /home/airflow/.local/lib/python3.12/site-packages/airflow/example_dags/example_subdag_operator.py for tasks to queue
[2024-09-11T13:48:23.066+0000] {logging_mixin.py:190} INFO - [2024-09-11T13:48:23.065+0000] {dagbag.py:587} INFO - Filling up the DagBag from /home/airflow/.local/lib/python3.12/site-packages/airflow/example_dags/example_subdag_operator.py
[2024-09-11T13:48:23.088+0000] {processor.py:925} INFO - DAG(s) 'example_subdag_operator.section-1', 'example_subdag_operator.section-2', 'example_subdag_operator' retrieved from /home/airflow/.local/lib/python3.12/site-packages/airflow/example_dags/example_subdag_operator.py
[2024-09-11T13:48:23.100+0000] {logging_mixin.py:190} INFO - [2024-09-11T13:48:23.099+0000] {dag.py:3229} INFO - Sync 3 DAGs
[2024-09-11T13:48:23.114+0000] {logging_mixin.py:190} INFO - [2024-09-11T13:48:23.114+0000] {dag.py:4156} INFO - Setting next_dagrun for example_subdag_operator to 2022-01-01 00:00:00+00:00, run_after=2022-01-01 00:00:00+00:00
[2024-09-11T13:48:23.117+0000] {logging_mixin.py:190} INFO - [2024-09-11T13:48:23.117+0000] {dag.py:4156} INFO - Setting next_dagrun for example_subdag_operator.section-1 to None, run_after=None
[2024-09-11T13:48:23.118+0000] {logging_mixin.py:190} INFO - [2024-09-11T13:48:23.117+0000] {dag.py:4156} INFO - Setting next_dagrun for example_subdag_operator.section-2 to None, run_after=None
[2024-09-11T13:48:23.121+0000] {logging_mixin.py:190} INFO - [2024-09-11T13:48:23.121+0000] {dag.py:3229} INFO - Sync 2 DAGs
[2024-09-11T13:48:23.125+0000] {logging_mixin.py:190} INFO - [2024-09-11T13:48:23.124+0000] {dag.py:4156} INFO - Setting next_dagrun for example_subdag_operator.section-1 to None, run_after=None
[2024-09-11T13:48:23.125+0000] {logging_mixin.py:190} INFO - [2024-09-11T13:48:23.125+0000] {dag.py:4156} INFO - Setting next_dagrun for example_subdag_operator.section-2 to None, run_after=None
[2024-09-11T13:48:23.130+0000] {processor.py:208} INFO - Processing /home/airflow/.local/lib/python3.12/site-packages/airflow/example_dags/example_subdag_operator.py took 0.073 seconds
[2024-09-11T13:48:53.259+0000] {processor.py:186} INFO - Started process (PID=1014) to work on /home/airflow/.local/lib/python3.12/site-packages/airflow/example_dags/example_subdag_operator.py
[2024-09-11T13:48:53.261+0000] {processor.py:914} INFO - Processing file /home/airflow/.local/lib/python3.12/site-packages/airflow/example_dags/example_subdag_operator.py for tasks to queue
[2024-09-11T13:48:53.264+0000] {logging_mixin.py:190} INFO - [2024-09-11T13:48:53.263+0000] {dagbag.py:587} INFO - Filling up the DagBag from /home/airflow/.local/lib/python3.12/site-packages/airflow/example_dags/example_subdag_operator.py
[2024-09-11T13:48:53.284+0000] {processor.py:925} INFO - DAG(s) 'example_subdag_operator.section-1', 'example_subdag_operator.section-2', 'example_subdag_operator' retrieved from /home/airflow/.local/lib/python3.12/site-packages/airflow/example_dags/example_subdag_operator.py
[2024-09-11T13:48:53.294+0000] {logging_mixin.py:190} INFO - [2024-09-11T13:48:53.294+0000] {dag.py:3229} INFO - Sync 3 DAGs
[2024-09-11T13:48:53.306+0000] {logging_mixin.py:190} INFO - [2024-09-11T13:48:53.306+0000] {dag.py:4156} INFO - Setting next_dagrun for example_subdag_operator to 2022-01-01 00:00:00+00:00, run_after=2022-01-01 00:00:00+00:00
[2024-09-11T13:48:53.308+0000] {logging_mixin.py:190} INFO - [2024-09-11T13:48:53.308+0000] {dag.py:4156} INFO - Setting next_dagrun for example_subdag_operator.section-1 to None, run_after=None
[2024-09-11T13:48:53.309+0000] {logging_mixin.py:190} INFO - [2024-09-11T13:48:53.309+0000] {dag.py:4156} INFO - Setting next_dagrun for example_subdag_operator.section-2 to None, run_after=None
[2024-09-11T13:48:53.313+0000] {logging_mixin.py:190} INFO - [2024-09-11T13:48:53.312+0000] {dag.py:3229} INFO - Sync 2 DAGs
[2024-09-11T13:48:53.315+0000] {logging_mixin.py:190} INFO - [2024-09-11T13:48:53.315+0000] {dag.py:4156} INFO - Setting next_dagrun for example_subdag_operator.section-1 to None, run_after=None
[2024-09-11T13:48:53.316+0000] {logging_mixin.py:190} INFO - [2024-09-11T13:48:53.315+0000] {dag.py:4156} INFO - Setting next_dagrun for example_subdag_operator.section-2 to None, run_after=None
[2024-09-11T13:48:53.320+0000] {processor.py:208} INFO - Processing /home/airflow/.local/lib/python3.12/site-packages/airflow/example_dags/example_subdag_operator.py took 0.067 seconds
[2024-09-11T13:49:23.453+0000] {processor.py:186} INFO - Started process (PID=1070) to work on /home/airflow/.local/lib/python3.12/site-packages/airflow/example_dags/example_subdag_operator.py
[2024-09-11T13:49:23.454+0000] {processor.py:914} INFO - Processing file /home/airflow/.local/lib/python3.12/site-packages/airflow/example_dags/example_subdag_operator.py for tasks to queue
[2024-09-11T13:49:23.457+0000] {logging_mixin.py:190} INFO - [2024-09-11T13:49:23.456+0000] {dagbag.py:587} INFO - Filling up the DagBag from /home/airflow/.local/lib/python3.12/site-packages/airflow/example_dags/example_subdag_operator.py
[2024-09-11T13:49:23.478+0000] {processor.py:925} INFO - DAG(s) 'example_subdag_operator.section-1', 'example_subdag_operator.section-2', 'example_subdag_operator' retrieved from /home/airflow/.local/lib/python3.12/site-packages/airflow/example_dags/example_subdag_operator.py
[2024-09-11T13:49:23.488+0000] {logging_mixin.py:190} INFO - [2024-09-11T13:49:23.487+0000] {dag.py:3229} INFO - Sync 3 DAGs
[2024-09-11T13:49:23.501+0000] {logging_mixin.py:190} INFO - [2024-09-11T13:49:23.500+0000] {dag.py:4156} INFO - Setting next_dagrun for example_subdag_operator to 2022-01-01 00:00:00+00:00, run_after=2022-01-01 00:00:00+00:00
[2024-09-11T13:49:23.503+0000] {logging_mixin.py:190} INFO - [2024-09-11T13:49:23.503+0000] {dag.py:4156} INFO - Setting next_dagrun for example_subdag_operator.section-1 to None, run_after=None
[2024-09-11T13:49:23.503+0000] {logging_mixin.py:190} INFO - [2024-09-11T13:49:23.503+0000] {dag.py:4156} INFO - Setting next_dagrun for example_subdag_operator.section-2 to None, run_after=None
[2024-09-11T13:49:23.507+0000] {logging_mixin.py:190} INFO - [2024-09-11T13:49:23.507+0000] {dag.py:3229} INFO - Sync 2 DAGs
[2024-09-11T13:49:23.510+0000] {logging_mixin.py:190} INFO - [2024-09-11T13:49:23.509+0000] {dag.py:4156} INFO - Setting next_dagrun for example_subdag_operator.section-1 to None, run_after=None
[2024-09-11T13:49:23.510+0000] {logging_mixin.py:190} INFO - [2024-09-11T13:49:23.510+0000] {dag.py:4156} INFO - Setting next_dagrun for example_subdag_operator.section-2 to None, run_after=None
[2024-09-11T13:49:23.515+0000] {processor.py:208} INFO - Processing /home/airflow/.local/lib/python3.12/site-packages/airflow/example_dags/example_subdag_operator.py took 0.069 seconds
[2024-09-11T13:49:53.721+0000] {processor.py:186} INFO - Started process (PID=1126) to work on /home/airflow/.local/lib/python3.12/site-packages/airflow/example_dags/example_subdag_operator.py
[2024-09-11T13:49:53.722+0000] {processor.py:914} INFO - Processing file /home/airflow/.local/lib/python3.12/site-packages/airflow/example_dags/example_subdag_operator.py for tasks to queue
[2024-09-11T13:49:53.725+0000] {logging_mixin.py:190} INFO - [2024-09-11T13:49:53.724+0000] {dagbag.py:587} INFO - Filling up the DagBag from /home/airflow/.local/lib/python3.12/site-packages/airflow/example_dags/example_subdag_operator.py
[2024-09-11T13:49:53.748+0000] {processor.py:925} INFO - DAG(s) 'example_subdag_operator.section-1', 'example_subdag_operator.section-2', 'example_subdag_operator' retrieved from /home/airflow/.local/lib/python3.12/site-packages/airflow/example_dags/example_subdag_operator.py
[2024-09-11T13:49:53.757+0000] {logging_mixin.py:190} INFO - [2024-09-11T13:49:53.757+0000] {dag.py:3229} INFO - Sync 3 DAGs
[2024-09-11T13:49:53.772+0000] {logging_mixin.py:190} INFO - [2024-09-11T13:49:53.772+0000] {dag.py:4156} INFO - Setting next_dagrun for example_subdag_operator to 2022-01-01 00:00:00+00:00, run_after=2022-01-01 00:00:00+00:00
[2024-09-11T13:49:53.775+0000] {logging_mixin.py:190} INFO - [2024-09-11T13:49:53.774+0000] {dag.py:4156} INFO - Setting next_dagrun for example_subdag_operator.section-1 to None, run_after=None
[2024-09-11T13:49:53.775+0000] {logging_mixin.py:190} INFO - [2024-09-11T13:49:53.775+0000] {dag.py:4156} INFO - Setting next_dagrun for example_subdag_operator.section-2 to None, run_after=None
[2024-09-11T13:49:53.780+0000] {logging_mixin.py:190} INFO - [2024-09-11T13:49:53.780+0000] {dag.py:3229} INFO - Sync 2 DAGs
[2024-09-11T13:49:53.784+0000] {logging_mixin.py:190} INFO - [2024-09-11T13:49:53.784+0000] {dag.py:4156} INFO - Setting next_dagrun for example_subdag_operator.section-1 to None, run_after=None
[2024-09-11T13:49:53.784+0000] {logging_mixin.py:190} INFO - [2024-09-11T13:49:53.784+0000] {dag.py:4156} INFO - Setting next_dagrun for example_subdag_operator.section-2 to None, run_after=None
[2024-09-11T13:49:53.796+0000] {processor.py:208} INFO - Processing /home/airflow/.local/lib/python3.12/site-packages/airflow/example_dags/example_subdag_operator.py took 0.081 seconds
[2024-09-11T13:50:24.056+0000] {processor.py:186} INFO - Started process (PID=1182) to work on /home/airflow/.local/lib/python3.12/site-packages/airflow/example_dags/example_subdag_operator.py
[2024-09-11T13:50:24.057+0000] {processor.py:914} INFO - Processing file /home/airflow/.local/lib/python3.12/site-packages/airflow/example_dags/example_subdag_operator.py for tasks to queue
[2024-09-11T13:50:24.060+0000] {logging_mixin.py:190} INFO - [2024-09-11T13:50:24.060+0000] {dagbag.py:587} INFO - Filling up the DagBag from /home/airflow/.local/lib/python3.12/site-packages/airflow/example_dags/example_subdag_operator.py
[2024-09-11T13:50:24.083+0000] {processor.py:925} INFO - DAG(s) 'example_subdag_operator.section-1', 'example_subdag_operator.section-2', 'example_subdag_operator' retrieved from /home/airflow/.local/lib/python3.12/site-packages/airflow/example_dags/example_subdag_operator.py
[2024-09-11T13:50:24.093+0000] {logging_mixin.py:190} INFO - [2024-09-11T13:50:24.092+0000] {dag.py:3229} INFO - Sync 3 DAGs
[2024-09-11T13:50:24.105+0000] {logging_mixin.py:190} INFO - [2024-09-11T13:50:24.105+0000] {dag.py:4156} INFO - Setting next_dagrun for example_subdag_operator to 2022-01-01 00:00:00+00:00, run_after=2022-01-01 00:00:00+00:00
[2024-09-11T13:50:24.107+0000] {logging_mixin.py:190} INFO - [2024-09-11T13:50:24.107+0000] {dag.py:4156} INFO - Setting next_dagrun for example_subdag_operator.section-1 to None, run_after=None
[2024-09-11T13:50:24.108+0000] {logging_mixin.py:190} INFO - [2024-09-11T13:50:24.108+0000] {dag.py:4156} INFO - Setting next_dagrun for example_subdag_operator.section-2 to None, run_after=None
[2024-09-11T13:50:24.112+0000] {logging_mixin.py:190} INFO - [2024-09-11T13:50:24.112+0000] {dag.py:3229} INFO - Sync 2 DAGs
[2024-09-11T13:50:24.115+0000] {logging_mixin.py:190} INFO - [2024-09-11T13:50:24.115+0000] {dag.py:4156} INFO - Setting next_dagrun for example_subdag_operator.section-1 to None, run_after=None
[2024-09-11T13:50:24.115+0000] {logging_mixin.py:190} INFO - [2024-09-11T13:50:24.115+0000] {dag.py:4156} INFO - Setting next_dagrun for example_subdag_operator.section-2 to None, run_after=None
[2024-09-11T13:50:24.120+0000] {processor.py:208} INFO - Processing /home/airflow/.local/lib/python3.12/site-packages/airflow/example_dags/example_subdag_operator.py took 0.072 seconds
[2024-09-11T13:50:54.326+0000] {processor.py:186} INFO - Started process (PID=1238) to work on /home/airflow/.local/lib/python3.12/site-packages/airflow/example_dags/example_subdag_operator.py
[2024-09-11T13:50:54.327+0000] {processor.py:914} INFO - Processing file /home/airflow/.local/lib/python3.12/site-packages/airflow/example_dags/example_subdag_operator.py for tasks to queue
[2024-09-11T13:50:54.330+0000] {logging_mixin.py:190} INFO - [2024-09-11T13:50:54.330+0000] {dagbag.py:587} INFO - Filling up the DagBag from /home/airflow/.local/lib/python3.12/site-packages/airflow/example_dags/example_subdag_operator.py
[2024-09-11T13:50:54.351+0000] {processor.py:925} INFO - DAG(s) 'example_subdag_operator.section-1', 'example_subdag_operator.section-2', 'example_subdag_operator' retrieved from /home/airflow/.local/lib/python3.12/site-packages/airflow/example_dags/example_subdag_operator.py
[2024-09-11T13:50:54.361+0000] {logging_mixin.py:190} INFO - [2024-09-11T13:50:54.360+0000] {dag.py:3229} INFO - Sync 3 DAGs
[2024-09-11T13:50:54.373+0000] {logging_mixin.py:190} INFO - [2024-09-11T13:50:54.373+0000] {dag.py:4156} INFO - Setting next_dagrun for example_subdag_operator to 2022-01-01 00:00:00+00:00, run_after=2022-01-01 00:00:00+00:00
[2024-09-11T13:50:54.376+0000] {logging_mixin.py:190} INFO - [2024-09-11T13:50:54.376+0000] {dag.py:4156} INFO - Setting next_dagrun for example_subdag_operator.section-1 to None, run_after=None
[2024-09-11T13:50:54.377+0000] {logging_mixin.py:190} INFO - [2024-09-11T13:50:54.376+0000] {dag.py:4156} INFO - Setting next_dagrun for example_subdag_operator.section-2 to None, run_after=None
[2024-09-11T13:50:54.380+0000] {logging_mixin.py:190} INFO - [2024-09-11T13:50:54.380+0000] {dag.py:3229} INFO - Sync 2 DAGs
[2024-09-11T13:50:54.384+0000] {logging_mixin.py:190} INFO - [2024-09-11T13:50:54.383+0000] {dag.py:4156} INFO - Setting next_dagrun for example_subdag_operator.section-1 to None, run_after=None
[2024-09-11T13:50:54.384+0000] {logging_mixin.py:190} INFO - [2024-09-11T13:50:54.384+0000] {dag.py:4156} INFO - Setting next_dagrun for example_subdag_operator.section-2 to None, run_after=None
[2024-09-11T13:50:54.389+0000] {processor.py:208} INFO - Processing /home/airflow/.local/lib/python3.12/site-packages/airflow/example_dags/example_subdag_operator.py took 0.069 seconds
[2024-09-11T13:51:24.436+0000] {processor.py:186} INFO - Started process (PID=1293) to work on /home/airflow/.local/lib/python3.12/site-packages/airflow/example_dags/example_subdag_operator.py
[2024-09-11T13:51:24.438+0000] {processor.py:914} INFO - Processing file /home/airflow/.local/lib/python3.12/site-packages/airflow/example_dags/example_subdag_operator.py for tasks to queue
[2024-09-11T13:51:24.441+0000] {logging_mixin.py:190} INFO - [2024-09-11T13:51:24.440+0000] {dagbag.py:587} INFO - Filling up the DagBag from /home/airflow/.local/lib/python3.12/site-packages/airflow/example_dags/example_subdag_operator.py
[2024-09-11T13:51:24.466+0000] {processor.py:925} INFO - DAG(s) 'example_subdag_operator.section-1', 'example_subdag_operator.section-2', 'example_subdag_operator' retrieved from /home/airflow/.local/lib/python3.12/site-packages/airflow/example_dags/example_subdag_operator.py
[2024-09-11T13:51:24.477+0000] {logging_mixin.py:190} INFO - [2024-09-11T13:51:24.476+0000] {dag.py:3229} INFO - Sync 3 DAGs
[2024-09-11T13:51:24.490+0000] {logging_mixin.py:190} INFO - [2024-09-11T13:51:24.490+0000] {dag.py:4156} INFO - Setting next_dagrun for example_subdag_operator to 2022-01-01 00:00:00+00:00, run_after=2022-01-01 00:00:00+00:00
[2024-09-11T13:51:24.493+0000] {logging_mixin.py:190} INFO - [2024-09-11T13:51:24.493+0000] {dag.py:4156} INFO - Setting next_dagrun for example_subdag_operator.section-1 to None, run_after=None
[2024-09-11T13:51:24.496+0000] {logging_mixin.py:190} INFO - [2024-09-11T13:51:24.496+0000] {dag.py:4156} INFO - Setting next_dagrun for example_subdag_operator.section-2 to None, run_after=None
[2024-09-11T13:51:24.500+0000] {logging_mixin.py:190} INFO - [2024-09-11T13:51:24.499+0000] {dag.py:3229} INFO - Sync 2 DAGs
[2024-09-11T13:51:24.503+0000] {logging_mixin.py:190} INFO - [2024-09-11T13:51:24.502+0000] {dag.py:4156} INFO - Setting next_dagrun for example_subdag_operator.section-1 to None, run_after=None
[2024-09-11T13:51:24.503+0000] {logging_mixin.py:190} INFO - [2024-09-11T13:51:24.503+0000] {dag.py:4156} INFO - Setting next_dagrun for example_subdag_operator.section-2 to None, run_after=None
[2024-09-11T13:51:24.508+0000] {processor.py:208} INFO - Processing /home/airflow/.local/lib/python3.12/site-packages/airflow/example_dags/example_subdag_operator.py took 0.081 seconds
[2024-09-11T13:51:54.698+0000] {processor.py:186} INFO - Started process (PID=1350) to work on /home/airflow/.local/lib/python3.12/site-packages/airflow/example_dags/example_subdag_operator.py
[2024-09-11T13:51:54.699+0000] {processor.py:914} INFO - Processing file /home/airflow/.local/lib/python3.12/site-packages/airflow/example_dags/example_subdag_operator.py for tasks to queue
[2024-09-11T13:51:54.702+0000] {logging_mixin.py:190} INFO - [2024-09-11T13:51:54.701+0000] {dagbag.py:587} INFO - Filling up the DagBag from /home/airflow/.local/lib/python3.12/site-packages/airflow/example_dags/example_subdag_operator.py
[2024-09-11T13:51:54.724+0000] {processor.py:925} INFO - DAG(s) 'example_subdag_operator.section-1', 'example_subdag_operator.section-2', 'example_subdag_operator' retrieved from /home/airflow/.local/lib/python3.12/site-packages/airflow/example_dags/example_subdag_operator.py
[2024-09-11T13:51:54.735+0000] {logging_mixin.py:190} INFO - [2024-09-11T13:51:54.735+0000] {dag.py:3229} INFO - Sync 3 DAGs
[2024-09-11T13:51:54.747+0000] {logging_mixin.py:190} INFO - [2024-09-11T13:51:54.747+0000] {dag.py:4156} INFO - Setting next_dagrun for example_subdag_operator to 2022-01-01 00:00:00+00:00, run_after=2022-01-01 00:00:00+00:00
[2024-09-11T13:51:54.749+0000] {logging_mixin.py:190} INFO - [2024-09-11T13:51:54.749+0000] {dag.py:4156} INFO - Setting next_dagrun for example_subdag_operator.section-1 to None, run_after=None
[2024-09-11T13:51:54.750+0000] {logging_mixin.py:190} INFO - [2024-09-11T13:51:54.750+0000] {dag.py:4156} INFO - Setting next_dagrun for example_subdag_operator.section-2 to None, run_after=None
[2024-09-11T13:51:54.753+0000] {logging_mixin.py:190} INFO - [2024-09-11T13:51:54.753+0000] {dag.py:3229} INFO - Sync 2 DAGs
[2024-09-11T13:51:54.756+0000] {logging_mixin.py:190} INFO - [2024-09-11T13:51:54.756+0000] {dag.py:4156} INFO - Setting next_dagrun for example_subdag_operator.section-1 to None, run_after=None
[2024-09-11T13:51:54.756+0000] {logging_mixin.py:190} INFO - [2024-09-11T13:51:54.756+0000] {dag.py:4156} INFO - Setting next_dagrun for example_subdag_operator.section-2 to None, run_after=None
[2024-09-11T13:51:54.761+0000] {processor.py:208} INFO - Processing /home/airflow/.local/lib/python3.12/site-packages/airflow/example_dags/example_subdag_operator.py took 0.070 seconds
[2024-09-11T13:52:24.918+0000] {processor.py:186} INFO - Started process (PID=1405) to work on /home/airflow/.local/lib/python3.12/site-packages/airflow/example_dags/example_subdag_operator.py
[2024-09-11T13:52:24.920+0000] {processor.py:914} INFO - Processing file /home/airflow/.local/lib/python3.12/site-packages/airflow/example_dags/example_subdag_operator.py for tasks to queue
[2024-09-11T13:52:24.923+0000] {logging_mixin.py:190} INFO - [2024-09-11T13:52:24.923+0000] {dagbag.py:587} INFO - Filling up the DagBag from /home/airflow/.local/lib/python3.12/site-packages/airflow/example_dags/example_subdag_operator.py
[2024-09-11T13:52:24.947+0000] {processor.py:925} INFO - DAG(s) 'example_subdag_operator.section-1', 'example_subdag_operator.section-2', 'example_subdag_operator' retrieved from /home/airflow/.local/lib/python3.12/site-packages/airflow/example_dags/example_subdag_operator.py
[2024-09-11T13:52:24.957+0000] {logging_mixin.py:190} INFO - [2024-09-11T13:52:24.957+0000] {dag.py:3229} INFO - Sync 3 DAGs
[2024-09-11T13:52:24.971+0000] {logging_mixin.py:190} INFO - [2024-09-11T13:52:24.970+0000] {dag.py:4156} INFO - Setting next_dagrun for example_subdag_operator to 2022-01-01 00:00:00+00:00, run_after=2022-01-01 00:00:00+00:00
[2024-09-11T13:52:24.973+0000] {logging_mixin.py:190} INFO - [2024-09-11T13:52:24.973+0000] {dag.py:4156} INFO - Setting next_dagrun for example_subdag_operator.section-1 to None, run_after=None
[2024-09-11T13:52:24.975+0000] {logging_mixin.py:190} INFO - [2024-09-11T13:52:24.974+0000] {dag.py:4156} INFO - Setting next_dagrun for example_subdag_operator.section-2 to None, run_after=None
[2024-09-11T13:52:24.979+0000] {logging_mixin.py:190} INFO - [2024-09-11T13:52:24.979+0000] {dag.py:3229} INFO - Sync 2 DAGs
[2024-09-11T13:52:24.982+0000] {logging_mixin.py:190} INFO - [2024-09-11T13:52:24.982+0000] {dag.py:4156} INFO - Setting next_dagrun for example_subdag_operator.section-1 to None, run_after=None
[2024-09-11T13:52:24.982+0000] {logging_mixin.py:190} INFO - [2024-09-11T13:52:24.982+0000] {dag.py:4156} INFO - Setting next_dagrun for example_subdag_operator.section-2 to None, run_after=None
[2024-09-11T13:52:24.987+0000] {processor.py:208} INFO - Processing /home/airflow/.local/lib/python3.12/site-packages/airflow/example_dags/example_subdag_operator.py took 0.078 seconds
[2024-09-11T13:52:55.737+0000] {processor.py:186} INFO - Started process (PID=1461) to work on /home/airflow/.local/lib/python3.12/site-packages/airflow/example_dags/example_subdag_operator.py
[2024-09-11T13:52:55.739+0000] {processor.py:914} INFO - Processing file /home/airflow/.local/lib/python3.12/site-packages/airflow/example_dags/example_subdag_operator.py for tasks to queue
[2024-09-11T13:52:55.742+0000] {logging_mixin.py:190} INFO - [2024-09-11T13:52:55.742+0000] {dagbag.py:587} INFO - Filling up the DagBag from /home/airflow/.local/lib/python3.12/site-packages/airflow/example_dags/example_subdag_operator.py
[2024-09-11T13:52:55.769+0000] {processor.py:925} INFO - DAG(s) 'example_subdag_operator.section-1', 'example_subdag_operator.section-2', 'example_subdag_operator' retrieved from /home/airflow/.local/lib/python3.12/site-packages/airflow/example_dags/example_subdag_operator.py
[2024-09-11T13:52:55.779+0000] {logging_mixin.py:190} INFO - [2024-09-11T13:52:55.779+0000] {dag.py:3229} INFO - Sync 3 DAGs
[2024-09-11T13:52:55.792+0000] {logging_mixin.py:190} INFO - [2024-09-11T13:52:55.792+0000] {dag.py:4156} INFO - Setting next_dagrun for example_subdag_operator to 2022-01-01 00:00:00+00:00, run_after=2022-01-01 00:00:00+00:00
[2024-09-11T13:52:55.795+0000] {logging_mixin.py:190} INFO - [2024-09-11T13:52:55.794+0000] {dag.py:4156} INFO - Setting next_dagrun for example_subdag_operator.section-1 to None, run_after=None
[2024-09-11T13:52:55.795+0000] {logging_mixin.py:190} INFO - [2024-09-11T13:52:55.795+0000] {dag.py:4156} INFO - Setting next_dagrun for example_subdag_operator.section-2 to None, run_after=None
[2024-09-11T13:52:55.799+0000] {logging_mixin.py:190} INFO - [2024-09-11T13:52:55.799+0000] {dag.py:3229} INFO - Sync 2 DAGs
[2024-09-11T13:52:55.802+0000] {logging_mixin.py:190} INFO - [2024-09-11T13:52:55.802+0000] {dag.py:4156} INFO - Setting next_dagrun for example_subdag_operator.section-1 to None, run_after=None
[2024-09-11T13:52:55.803+0000] {logging_mixin.py:190} INFO - [2024-09-11T13:52:55.803+0000] {dag.py:4156} INFO - Setting next_dagrun for example_subdag_operator.section-2 to None, run_after=None
[2024-09-11T13:52:55.807+0000] {processor.py:208} INFO - Processing /home/airflow/.local/lib/python3.12/site-packages/airflow/example_dags/example_subdag_operator.py took 0.079 seconds
[2024-09-11T13:53:26.194+0000] {processor.py:186} INFO - Started process (PID=1517) to work on /home/airflow/.local/lib/python3.12/site-packages/airflow/example_dags/example_subdag_operator.py
[2024-09-11T13:53:26.196+0000] {processor.py:914} INFO - Processing file /home/airflow/.local/lib/python3.12/site-packages/airflow/example_dags/example_subdag_operator.py for tasks to queue
[2024-09-11T13:53:26.198+0000] {logging_mixin.py:190} INFO - [2024-09-11T13:53:26.197+0000] {dagbag.py:587} INFO - Filling up the DagBag from /home/airflow/.local/lib/python3.12/site-packages/airflow/example_dags/example_subdag_operator.py
[2024-09-11T13:53:26.218+0000] {processor.py:925} INFO - DAG(s) 'example_subdag_operator.section-1', 'example_subdag_operator.section-2', 'example_subdag_operator' retrieved from /home/airflow/.local/lib/python3.12/site-packages/airflow/example_dags/example_subdag_operator.py
[2024-09-11T13:53:26.227+0000] {logging_mixin.py:190} INFO - [2024-09-11T13:53:26.227+0000] {dag.py:3229} INFO - Sync 3 DAGs
[2024-09-11T13:53:26.240+0000] {logging_mixin.py:190} INFO - [2024-09-11T13:53:26.239+0000] {dag.py:4156} INFO - Setting next_dagrun for example_subdag_operator to 2022-01-01 00:00:00+00:00, run_after=2022-01-01 00:00:00+00:00
[2024-09-11T13:53:26.242+0000] {logging_mixin.py:190} INFO - [2024-09-11T13:53:26.242+0000] {dag.py:4156} INFO - Setting next_dagrun for example_subdag_operator.section-1 to None, run_after=None
[2024-09-11T13:53:26.243+0000] {logging_mixin.py:190} INFO - [2024-09-11T13:53:26.243+0000] {dag.py:4156} INFO - Setting next_dagrun for example_subdag_operator.section-2 to None, run_after=None
[2024-09-11T13:53:26.247+0000] {logging_mixin.py:190} INFO - [2024-09-11T13:53:26.247+0000] {dag.py:3229} INFO - Sync 2 DAGs
[2024-09-11T13:53:26.251+0000] {logging_mixin.py:190} INFO - [2024-09-11T13:53:26.250+0000] {dag.py:4156} INFO - Setting next_dagrun for example_subdag_operator.section-1 to None, run_after=None
[2024-09-11T13:53:26.251+0000] {logging_mixin.py:190} INFO - [2024-09-11T13:53:26.251+0000] {dag.py:4156} INFO - Setting next_dagrun for example_subdag_operator.section-2 to None, run_after=None
[2024-09-11T13:53:26.257+0000] {processor.py:208} INFO - Processing /home/airflow/.local/lib/python3.12/site-packages/airflow/example_dags/example_subdag_operator.py took 0.068 seconds
[2024-09-11T13:53:56.878+0000] {processor.py:186} INFO - Started process (PID=1573) to work on /home/airflow/.local/lib/python3.12/site-packages/airflow/example_dags/example_subdag_operator.py
[2024-09-11T13:53:56.879+0000] {processor.py:914} INFO - Processing file /home/airflow/.local/lib/python3.12/site-packages/airflow/example_dags/example_subdag_operator.py for tasks to queue
[2024-09-11T13:53:56.882+0000] {logging_mixin.py:190} INFO - [2024-09-11T13:53:56.882+0000] {dagbag.py:587} INFO - Filling up the DagBag from /home/airflow/.local/lib/python3.12/site-packages/airflow/example_dags/example_subdag_operator.py
[2024-09-11T13:53:56.909+0000] {processor.py:925} INFO - DAG(s) 'example_subdag_operator.section-1', 'example_subdag_operator.section-2', 'example_subdag_operator' retrieved from /home/airflow/.local/lib/python3.12/site-packages/airflow/example_dags/example_subdag_operator.py
[2024-09-11T13:53:56.919+0000] {logging_mixin.py:190} INFO - [2024-09-11T13:53:56.918+0000] {dag.py:3229} INFO - Sync 3 DAGs
[2024-09-11T13:53:56.931+0000] {logging_mixin.py:190} INFO - [2024-09-11T13:53:56.931+0000] {dag.py:4156} INFO - Setting next_dagrun for example_subdag_operator to 2022-01-01 00:00:00+00:00, run_after=2022-01-01 00:00:00+00:00
[2024-09-11T13:53:56.933+0000] {logging_mixin.py:190} INFO - [2024-09-11T13:53:56.933+0000] {dag.py:4156} INFO - Setting next_dagrun for example_subdag_operator.section-1 to None, run_after=None
[2024-09-11T13:53:56.934+0000] {logging_mixin.py:190} INFO - [2024-09-11T13:53:56.934+0000] {dag.py:4156} INFO - Setting next_dagrun for example_subdag_operator.section-2 to None, run_after=None
[2024-09-11T13:53:56.938+0000] {logging_mixin.py:190} INFO - [2024-09-11T13:53:56.938+0000] {dag.py:3229} INFO - Sync 2 DAGs
[2024-09-11T13:53:56.941+0000] {logging_mixin.py:190} INFO - [2024-09-11T13:53:56.941+0000] {dag.py:4156} INFO - Setting next_dagrun for example_subdag_operator.section-1 to None, run_after=None
[2024-09-11T13:53:56.941+0000] {logging_mixin.py:190} INFO - [2024-09-11T13:53:56.941+0000] {dag.py:4156} INFO - Setting next_dagrun for example_subdag_operator.section-2 to None, run_after=None
[2024-09-11T13:53:56.946+0000] {processor.py:208} INFO - Processing /home/airflow/.local/lib/python3.12/site-packages/airflow/example_dags/example_subdag_operator.py took 0.078 seconds
[2024-09-11T13:54:27.215+0000] {processor.py:186} INFO - Started process (PID=1629) to work on /home/airflow/.local/lib/python3.12/site-packages/airflow/example_dags/example_subdag_operator.py
[2024-09-11T13:54:27.216+0000] {processor.py:914} INFO - Processing file /home/airflow/.local/lib/python3.12/site-packages/airflow/example_dags/example_subdag_operator.py for tasks to queue
[2024-09-11T13:54:27.220+0000] {logging_mixin.py:190} INFO - [2024-09-11T13:54:27.219+0000] {dagbag.py:587} INFO - Filling up the DagBag from /home/airflow/.local/lib/python3.12/site-packages/airflow/example_dags/example_subdag_operator.py
[2024-09-11T13:54:27.247+0000] {processor.py:925} INFO - DAG(s) 'example_subdag_operator.section-1', 'example_subdag_operator.section-2', 'example_subdag_operator' retrieved from /home/airflow/.local/lib/python3.12/site-packages/airflow/example_dags/example_subdag_operator.py
[2024-09-11T13:54:27.257+0000] {logging_mixin.py:190} INFO - [2024-09-11T13:54:27.257+0000] {dag.py:3229} INFO - Sync 3 DAGs
[2024-09-11T13:54:27.270+0000] {logging_mixin.py:190} INFO - [2024-09-11T13:54:27.270+0000] {dag.py:4156} INFO - Setting next_dagrun for example_subdag_operator to 2022-01-01 00:00:00+00:00, run_after=2022-01-01 00:00:00+00:00
[2024-09-11T13:54:27.273+0000] {logging_mixin.py:190} INFO - [2024-09-11T13:54:27.272+0000] {dag.py:4156} INFO - Setting next_dagrun for example_subdag_operator.section-1 to None, run_after=None
[2024-09-11T13:54:27.273+0000] {logging_mixin.py:190} INFO - [2024-09-11T13:54:27.273+0000] {dag.py:4156} INFO - Setting next_dagrun for example_subdag_operator.section-2 to None, run_after=None
[2024-09-11T13:54:27.278+0000] {logging_mixin.py:190} INFO - [2024-09-11T13:54:27.277+0000] {dag.py:3229} INFO - Sync 2 DAGs
[2024-09-11T13:54:27.281+0000] {logging_mixin.py:190} INFO - [2024-09-11T13:54:27.280+0000] {dag.py:4156} INFO - Setting next_dagrun for example_subdag_operator.section-1 to None, run_after=None
[2024-09-11T13:54:27.281+0000] {logging_mixin.py:190} INFO - [2024-09-11T13:54:27.281+0000] {dag.py:4156} INFO - Setting next_dagrun for example_subdag_operator.section-2 to None, run_after=None
[2024-09-11T13:54:27.286+0000] {processor.py:208} INFO - Processing /home/airflow/.local/lib/python3.12/site-packages/airflow/example_dags/example_subdag_operator.py took 0.080 seconds
[2024-09-11T13:54:57.584+0000] {processor.py:186} INFO - Started process (PID=1685) to work on /home/airflow/.local/lib/python3.12/site-packages/airflow/example_dags/example_subdag_operator.py
[2024-09-11T13:54:57.585+0000] {processor.py:914} INFO - Processing file /home/airflow/.local/lib/python3.12/site-packages/airflow/example_dags/example_subdag_operator.py for tasks to queue
[2024-09-11T13:54:57.588+0000] {logging_mixin.py:190} INFO - [2024-09-11T13:54:57.588+0000] {dagbag.py:587} INFO - Filling up the DagBag from /home/airflow/.local/lib/python3.12/site-packages/airflow/example_dags/example_subdag_operator.py
[2024-09-11T13:54:57.609+0000] {processor.py:925} INFO - DAG(s) 'example_subdag_operator.section-1', 'example_subdag_operator.section-2', 'example_subdag_operator' retrieved from /home/airflow/.local/lib/python3.12/site-packages/airflow/example_dags/example_subdag_operator.py
[2024-09-11T13:54:57.619+0000] {logging_mixin.py:190} INFO - [2024-09-11T13:54:57.619+0000] {dag.py:3229} INFO - Sync 3 DAGs
[2024-09-11T13:54:57.631+0000] {logging_mixin.py:190} INFO - [2024-09-11T13:54:57.631+0000] {dag.py:4156} INFO - Setting next_dagrun for example_subdag_operator to 2022-01-01 00:00:00+00:00, run_after=2022-01-01 00:00:00+00:00
[2024-09-11T13:54:57.634+0000] {logging_mixin.py:190} INFO - [2024-09-11T13:54:57.634+0000] {dag.py:4156} INFO - Setting next_dagrun for example_subdag_operator.section-1 to None, run_after=None
[2024-09-11T13:54:57.635+0000] {logging_mixin.py:190} INFO - [2024-09-11T13:54:57.635+0000] {dag.py:4156} INFO - Setting next_dagrun for example_subdag_operator.section-2 to None, run_after=None
[2024-09-11T13:54:57.638+0000] {logging_mixin.py:190} INFO - [2024-09-11T13:54:57.638+0000] {dag.py:3229} INFO - Sync 2 DAGs
[2024-09-11T13:54:57.641+0000] {logging_mixin.py:190} INFO - [2024-09-11T13:54:57.641+0000] {dag.py:4156} INFO - Setting next_dagrun for example_subdag_operator.section-1 to None, run_after=None
[2024-09-11T13:54:57.642+0000] {logging_mixin.py:190} INFO - [2024-09-11T13:54:57.642+0000] {dag.py:4156} INFO - Setting next_dagrun for example_subdag_operator.section-2 to None, run_after=None
[2024-09-11T13:54:57.647+0000] {processor.py:208} INFO - Processing /home/airflow/.local/lib/python3.12/site-packages/airflow/example_dags/example_subdag_operator.py took 0.070 seconds
[2024-09-11T13:55:27.927+0000] {processor.py:186} INFO - Started process (PID=1741) to work on /home/airflow/.local/lib/python3.12/site-packages/airflow/example_dags/example_subdag_operator.py
[2024-09-11T13:55:27.928+0000] {processor.py:914} INFO - Processing file /home/airflow/.local/lib/python3.12/site-packages/airflow/example_dags/example_subdag_operator.py for tasks to queue
[2024-09-11T13:55:27.931+0000] {logging_mixin.py:190} INFO - [2024-09-11T13:55:27.931+0000] {dagbag.py:587} INFO - Filling up the DagBag from /home/airflow/.local/lib/python3.12/site-packages/airflow/example_dags/example_subdag_operator.py
[2024-09-11T13:55:27.956+0000] {processor.py:925} INFO - DAG(s) 'example_subdag_operator.section-1', 'example_subdag_operator.section-2', 'example_subdag_operator' retrieved from /home/airflow/.local/lib/python3.12/site-packages/airflow/example_dags/example_subdag_operator.py
[2024-09-11T13:55:27.967+0000] {logging_mixin.py:190} INFO - [2024-09-11T13:55:27.967+0000] {dag.py:3229} INFO - Sync 3 DAGs
[2024-09-11T13:55:27.980+0000] {logging_mixin.py:190} INFO - [2024-09-11T13:55:27.979+0000] {dag.py:4156} INFO - Setting next_dagrun for example_subdag_operator to 2022-01-01 00:00:00+00:00, run_after=2022-01-01 00:00:00+00:00
[2024-09-11T13:55:27.982+0000] {logging_mixin.py:190} INFO - [2024-09-11T13:55:27.982+0000] {dag.py:4156} INFO - Setting next_dagrun for example_subdag_operator.section-1 to None, run_after=None
[2024-09-11T13:55:27.983+0000] {logging_mixin.py:190} INFO - [2024-09-11T13:55:27.983+0000] {dag.py:4156} INFO - Setting next_dagrun for example_subdag_operator.section-2 to None, run_after=None
[2024-09-11T13:55:27.986+0000] {logging_mixin.py:190} INFO - [2024-09-11T13:55:27.986+0000] {dag.py:3229} INFO - Sync 2 DAGs
[2024-09-11T13:55:27.990+0000] {logging_mixin.py:190} INFO - [2024-09-11T13:55:27.990+0000] {dag.py:4156} INFO - Setting next_dagrun for example_subdag_operator.section-1 to None, run_after=None
[2024-09-11T13:55:27.990+0000] {logging_mixin.py:190} INFO - [2024-09-11T13:55:27.990+0000] {dag.py:4156} INFO - Setting next_dagrun for example_subdag_operator.section-2 to None, run_after=None
[2024-09-11T13:55:27.995+0000] {processor.py:208} INFO - Processing /home/airflow/.local/lib/python3.12/site-packages/airflow/example_dags/example_subdag_operator.py took 0.073 seconds
[2024-09-11T13:55:58.310+0000] {processor.py:186} INFO - Started process (PID=1797) to work on /home/airflow/.local/lib/python3.12/site-packages/airflow/example_dags/example_subdag_operator.py
[2024-09-11T13:55:58.311+0000] {processor.py:914} INFO - Processing file /home/airflow/.local/lib/python3.12/site-packages/airflow/example_dags/example_subdag_operator.py for tasks to queue
[2024-09-11T13:55:58.314+0000] {logging_mixin.py:190} INFO - [2024-09-11T13:55:58.313+0000] {dagbag.py:587} INFO - Filling up the DagBag from /home/airflow/.local/lib/python3.12/site-packages/airflow/example_dags/example_subdag_operator.py
[2024-09-11T13:55:58.336+0000] {processor.py:925} INFO - DAG(s) 'example_subdag_operator.section-1', 'example_subdag_operator.section-2', 'example_subdag_operator' retrieved from /home/airflow/.local/lib/python3.12/site-packages/airflow/example_dags/example_subdag_operator.py
[2024-09-11T13:55:58.345+0000] {logging_mixin.py:190} INFO - [2024-09-11T13:55:58.345+0000] {dag.py:3229} INFO - Sync 3 DAGs
[2024-09-11T13:55:58.358+0000] {logging_mixin.py:190} INFO - [2024-09-11T13:55:58.358+0000] {dag.py:4156} INFO - Setting next_dagrun for example_subdag_operator to 2022-01-01 00:00:00+00:00, run_after=2022-01-01 00:00:00+00:00
[2024-09-11T13:55:58.360+0000] {logging_mixin.py:190} INFO - [2024-09-11T13:55:58.360+0000] {dag.py:4156} INFO - Setting next_dagrun for example_subdag_operator.section-1 to None, run_after=None
[2024-09-11T13:55:58.361+0000] {logging_mixin.py:190} INFO - [2024-09-11T13:55:58.361+0000] {dag.py:4156} INFO - Setting next_dagrun for example_subdag_operator.section-2 to None, run_after=None
[2024-09-11T13:55:58.365+0000] {logging_mixin.py:190} INFO - [2024-09-11T13:55:58.365+0000] {dag.py:3229} INFO - Sync 2 DAGs
[2024-09-11T13:55:58.368+0000] {logging_mixin.py:190} INFO - [2024-09-11T13:55:58.367+0000] {dag.py:4156} INFO - Setting next_dagrun for example_subdag_operator.section-1 to None, run_after=None
[2024-09-11T13:55:58.368+0000] {logging_mixin.py:190} INFO - [2024-09-11T13:55:58.368+0000] {dag.py:4156} INFO - Setting next_dagrun for example_subdag_operator.section-2 to None, run_after=None
[2024-09-11T13:55:58.373+0000] {processor.py:208} INFO - Processing /home/airflow/.local/lib/python3.12/site-packages/airflow/example_dags/example_subdag_operator.py took 0.071 seconds
[2024-09-11T13:56:28.624+0000] {processor.py:186} INFO - Started process (PID=1853) to work on /home/airflow/.local/lib/python3.12/site-packages/airflow/example_dags/example_subdag_operator.py
[2024-09-11T13:56:28.625+0000] {processor.py:914} INFO - Processing file /home/airflow/.local/lib/python3.12/site-packages/airflow/example_dags/example_subdag_operator.py for tasks to queue
[2024-09-11T13:56:28.628+0000] {logging_mixin.py:190} INFO - [2024-09-11T13:56:28.627+0000] {dagbag.py:587} INFO - Filling up the DagBag from /home/airflow/.local/lib/python3.12/site-packages/airflow/example_dags/example_subdag_operator.py
[2024-09-11T13:56:28.651+0000] {processor.py:925} INFO - DAG(s) 'example_subdag_operator.section-1', 'example_subdag_operator.section-2', 'example_subdag_operator' retrieved from /home/airflow/.local/lib/python3.12/site-packages/airflow/example_dags/example_subdag_operator.py
[2024-09-11T13:56:28.661+0000] {logging_mixin.py:190} INFO - [2024-09-11T13:56:28.661+0000] {dag.py:3229} INFO - Sync 3 DAGs
[2024-09-11T13:56:28.674+0000] {logging_mixin.py:190} INFO - [2024-09-11T13:56:28.674+0000] {dag.py:4156} INFO - Setting next_dagrun for example_subdag_operator to 2022-01-01 00:00:00+00:00, run_after=2022-01-01 00:00:00+00:00
[2024-09-11T13:56:28.678+0000] {logging_mixin.py:190} INFO - [2024-09-11T13:56:28.677+0000] {dag.py:4156} INFO - Setting next_dagrun for example_subdag_operator.section-1 to None, run_after=None
[2024-09-11T13:56:28.681+0000] {logging_mixin.py:190} INFO - [2024-09-11T13:56:28.681+0000] {dag.py:4156} INFO - Setting next_dagrun for example_subdag_operator.section-2 to None, run_after=None
[2024-09-11T13:56:28.684+0000] {logging_mixin.py:190} INFO - [2024-09-11T13:56:28.684+0000] {dag.py:3229} INFO - Sync 2 DAGs
[2024-09-11T13:56:28.687+0000] {logging_mixin.py:190} INFO - [2024-09-11T13:56:28.687+0000] {dag.py:4156} INFO - Setting next_dagrun for example_subdag_operator.section-1 to None, run_after=None
[2024-09-11T13:56:28.688+0000] {logging_mixin.py:190} INFO - [2024-09-11T13:56:28.688+0000] {dag.py:4156} INFO - Setting next_dagrun for example_subdag_operator.section-2 to None, run_after=None
[2024-09-11T13:56:28.693+0000] {processor.py:208} INFO - Processing /home/airflow/.local/lib/python3.12/site-packages/airflow/example_dags/example_subdag_operator.py took 0.078 seconds
[2024-09-11T13:56:58.939+0000] {processor.py:186} INFO - Started process (PID=1909) to work on /home/airflow/.local/lib/python3.12/site-packages/airflow/example_dags/example_subdag_operator.py
[2024-09-11T13:56:58.941+0000] {processor.py:914} INFO - Processing file /home/airflow/.local/lib/python3.12/site-packages/airflow/example_dags/example_subdag_operator.py for tasks to queue
[2024-09-11T13:56:58.943+0000] {logging_mixin.py:190} INFO - [2024-09-11T13:56:58.943+0000] {dagbag.py:587} INFO - Filling up the DagBag from /home/airflow/.local/lib/python3.12/site-packages/airflow/example_dags/example_subdag_operator.py
[2024-09-11T13:56:58.965+0000] {processor.py:925} INFO - DAG(s) 'example_subdag_operator.section-1', 'example_subdag_operator.section-2', 'example_subdag_operator' retrieved from /home/airflow/.local/lib/python3.12/site-packages/airflow/example_dags/example_subdag_operator.py
[2024-09-11T13:56:58.975+0000] {logging_mixin.py:190} INFO - [2024-09-11T13:56:58.974+0000] {dag.py:3229} INFO - Sync 3 DAGs
[2024-09-11T13:56:58.986+0000] {logging_mixin.py:190} INFO - [2024-09-11T13:56:58.986+0000] {dag.py:4156} INFO - Setting next_dagrun for example_subdag_operator to 2022-01-01 00:00:00+00:00, run_after=2022-01-01 00:00:00+00:00
[2024-09-11T13:56:58.989+0000] {logging_mixin.py:190} INFO - [2024-09-11T13:56:58.989+0000] {dag.py:4156} INFO - Setting next_dagrun for example_subdag_operator.section-1 to None, run_after=None
[2024-09-11T13:56:58.990+0000] {logging_mixin.py:190} INFO - [2024-09-11T13:56:58.990+0000] {dag.py:4156} INFO - Setting next_dagrun for example_subdag_operator.section-2 to None, run_after=None
[2024-09-11T13:56:58.993+0000] {logging_mixin.py:190} INFO - [2024-09-11T13:56:58.993+0000] {dag.py:3229} INFO - Sync 2 DAGs
[2024-09-11T13:56:58.997+0000] {logging_mixin.py:190} INFO - [2024-09-11T13:56:58.997+0000] {dag.py:4156} INFO - Setting next_dagrun for example_subdag_operator.section-1 to None, run_after=None
[2024-09-11T13:56:58.998+0000] {logging_mixin.py:190} INFO - [2024-09-11T13:56:58.998+0000] {dag.py:4156} INFO - Setting next_dagrun for example_subdag_operator.section-2 to None, run_after=None
[2024-09-11T13:56:59.003+0000] {processor.py:208} INFO - Processing /home/airflow/.local/lib/python3.12/site-packages/airflow/example_dags/example_subdag_operator.py took 0.071 seconds
[2024-09-11T13:57:29.325+0000] {processor.py:186} INFO - Started process (PID=1965) to work on /home/airflow/.local/lib/python3.12/site-packages/airflow/example_dags/example_subdag_operator.py
[2024-09-11T13:57:29.327+0000] {processor.py:914} INFO - Processing file /home/airflow/.local/lib/python3.12/site-packages/airflow/example_dags/example_subdag_operator.py for tasks to queue
[2024-09-11T13:57:29.330+0000] {logging_mixin.py:190} INFO - [2024-09-11T13:57:29.330+0000] {dagbag.py:587} INFO - Filling up the DagBag from /home/airflow/.local/lib/python3.12/site-packages/airflow/example_dags/example_subdag_operator.py
[2024-09-11T13:57:29.359+0000] {processor.py:925} INFO - DAG(s) 'example_subdag_operator.section-1', 'example_subdag_operator.section-2', 'example_subdag_operator' retrieved from /home/airflow/.local/lib/python3.12/site-packages/airflow/example_dags/example_subdag_operator.py
[2024-09-11T13:57:29.370+0000] {logging_mixin.py:190} INFO - [2024-09-11T13:57:29.369+0000] {dag.py:3229} INFO - Sync 3 DAGs
[2024-09-11T13:57:29.383+0000] {logging_mixin.py:190} INFO - [2024-09-11T13:57:29.383+0000] {dag.py:4156} INFO - Setting next_dagrun for example_subdag_operator to 2022-01-01 00:00:00+00:00, run_after=2022-01-01 00:00:00+00:00
[2024-09-11T13:57:29.385+0000] {logging_mixin.py:190} INFO - [2024-09-11T13:57:29.385+0000] {dag.py:4156} INFO - Setting next_dagrun for example_subdag_operator.section-1 to None, run_after=None
[2024-09-11T13:57:29.386+0000] {logging_mixin.py:190} INFO - [2024-09-11T13:57:29.386+0000] {dag.py:4156} INFO - Setting next_dagrun for example_subdag_operator.section-2 to None, run_after=None
[2024-09-11T13:57:29.391+0000] {logging_mixin.py:190} INFO - [2024-09-11T13:57:29.391+0000] {dag.py:3229} INFO - Sync 2 DAGs
[2024-09-11T13:57:29.394+0000] {logging_mixin.py:190} INFO - [2024-09-11T13:57:29.394+0000] {dag.py:4156} INFO - Setting next_dagrun for example_subdag_operator.section-1 to None, run_after=None
[2024-09-11T13:57:29.395+0000] {logging_mixin.py:190} INFO - [2024-09-11T13:57:29.395+0000] {dag.py:4156} INFO - Setting next_dagrun for example_subdag_operator.section-2 to None, run_after=None
[2024-09-11T13:57:29.400+0000] {processor.py:208} INFO - Processing /home/airflow/.local/lib/python3.12/site-packages/airflow/example_dags/example_subdag_operator.py took 0.084 seconds
[2024-09-11T13:57:59.766+0000] {processor.py:186} INFO - Started process (PID=2021) to work on /home/airflow/.local/lib/python3.12/site-packages/airflow/example_dags/example_subdag_operator.py
[2024-09-11T13:57:59.767+0000] {processor.py:914} INFO - Processing file /home/airflow/.local/lib/python3.12/site-packages/airflow/example_dags/example_subdag_operator.py for tasks to queue
[2024-09-11T13:57:59.769+0000] {logging_mixin.py:190} INFO - [2024-09-11T13:57:59.769+0000] {dagbag.py:587} INFO - Filling up the DagBag from /home/airflow/.local/lib/python3.12/site-packages/airflow/example_dags/example_subdag_operator.py
[2024-09-11T13:57:59.790+0000] {processor.py:925} INFO - DAG(s) 'example_subdag_operator.section-1', 'example_subdag_operator.section-2', 'example_subdag_operator' retrieved from /home/airflow/.local/lib/python3.12/site-packages/airflow/example_dags/example_subdag_operator.py
[2024-09-11T13:57:59.798+0000] {logging_mixin.py:190} INFO - [2024-09-11T13:57:59.798+0000] {dag.py:3229} INFO - Sync 3 DAGs
[2024-09-11T13:57:59.810+0000] {logging_mixin.py:190} INFO - [2024-09-11T13:57:59.810+0000] {dag.py:4156} INFO - Setting next_dagrun for example_subdag_operator to 2022-01-01 00:00:00+00:00, run_after=2022-01-01 00:00:00+00:00
[2024-09-11T13:57:59.812+0000] {logging_mixin.py:190} INFO - [2024-09-11T13:57:59.812+0000] {dag.py:4156} INFO - Setting next_dagrun for example_subdag_operator.section-1 to None, run_after=None
[2024-09-11T13:57:59.813+0000] {logging_mixin.py:190} INFO - [2024-09-11T13:57:59.813+0000] {dag.py:4156} INFO - Setting next_dagrun for example_subdag_operator.section-2 to None, run_after=None
[2024-09-11T13:57:59.817+0000] {logging_mixin.py:190} INFO - [2024-09-11T13:57:59.816+0000] {dag.py:3229} INFO - Sync 2 DAGs
[2024-09-11T13:57:59.819+0000] {logging_mixin.py:190} INFO - [2024-09-11T13:57:59.819+0000] {dag.py:4156} INFO - Setting next_dagrun for example_subdag_operator.section-1 to None, run_after=None
[2024-09-11T13:57:59.820+0000] {logging_mixin.py:190} INFO - [2024-09-11T13:57:59.820+0000] {dag.py:4156} INFO - Setting next_dagrun for example_subdag_operator.section-2 to None, run_after=None
[2024-09-11T13:57:59.824+0000] {processor.py:208} INFO - Processing /home/airflow/.local/lib/python3.12/site-packages/airflow/example_dags/example_subdag_operator.py took 0.066 seconds
[2024-09-11T13:58:30.425+0000] {processor.py:186} INFO - Started process (PID=2077) to work on /home/airflow/.local/lib/python3.12/site-packages/airflow/example_dags/example_subdag_operator.py
[2024-09-11T13:58:30.431+0000] {processor.py:914} INFO - Processing file /home/airflow/.local/lib/python3.12/site-packages/airflow/example_dags/example_subdag_operator.py for tasks to queue
[2024-09-11T13:58:30.464+0000] {logging_mixin.py:190} INFO - [2024-09-11T13:58:30.458+0000] {dagbag.py:587} INFO - Filling up the DagBag from /home/airflow/.local/lib/python3.12/site-packages/airflow/example_dags/example_subdag_operator.py
[2024-09-11T13:58:30.549+0000] {processor.py:925} INFO - DAG(s) 'example_subdag_operator.section-1', 'example_subdag_operator.section-2', 'example_subdag_operator' retrieved from /home/airflow/.local/lib/python3.12/site-packages/airflow/example_dags/example_subdag_operator.py
[2024-09-11T13:58:30.597+0000] {logging_mixin.py:190} INFO - [2024-09-11T13:58:30.597+0000] {dag.py:3229} INFO - Sync 3 DAGs
[2024-09-11T13:58:30.676+0000] {logging_mixin.py:190} INFO - [2024-09-11T13:58:30.675+0000] {dag.py:4156} INFO - Setting next_dagrun for example_subdag_operator to 2022-01-01 00:00:00+00:00, run_after=2022-01-01 00:00:00+00:00
[2024-09-11T13:58:30.684+0000] {logging_mixin.py:190} INFO - [2024-09-11T13:58:30.684+0000] {dag.py:4156} INFO - Setting next_dagrun for example_subdag_operator.section-1 to None, run_after=None
[2024-09-11T13:58:30.692+0000] {logging_mixin.py:190} INFO - [2024-09-11T13:58:30.692+0000] {dag.py:4156} INFO - Setting next_dagrun for example_subdag_operator.section-2 to None, run_after=None
[2024-09-11T13:58:30.719+0000] {logging_mixin.py:190} INFO - [2024-09-11T13:58:30.719+0000] {dag.py:3229} INFO - Sync 2 DAGs
[2024-09-11T13:58:30.737+0000] {logging_mixin.py:190} INFO - [2024-09-11T13:58:30.736+0000] {dag.py:4156} INFO - Setting next_dagrun for example_subdag_operator.section-1 to None, run_after=None
[2024-09-11T13:58:30.741+0000] {logging_mixin.py:190} INFO - [2024-09-11T13:58:30.741+0000] {dag.py:4156} INFO - Setting next_dagrun for example_subdag_operator.section-2 to None, run_after=None
[2024-09-11T13:58:30.771+0000] {processor.py:208} INFO - Processing /home/airflow/.local/lib/python3.12/site-packages/airflow/example_dags/example_subdag_operator.py took 0.405 seconds
