[2024-09-11T13:40:20.842+0000] {processor.py:186} INFO - Started process (PID=75) to work on /home/airflow/.local/lib/python3.12/site-packages/airflow/example_dags/example_branch_operator.py
[2024-09-11T13:40:20.844+0000] {processor.py:914} INFO - Processing file /home/airflow/.local/lib/python3.12/site-packages/airflow/example_dags/example_branch_operator.py for tasks to queue
[2024-09-11T13:40:20.847+0000] {logging_mixin.py:190} INFO - [2024-09-11T13:40:20.847+0000] {dagbag.py:587} INFO - Filling up the DagBag from /home/airflow/.local/lib/python3.12/site-packages/airflow/example_dags/example_branch_operator.py
[2024-09-11T13:40:20.873+0000] {processor.py:925} INFO - DAG(s) 'example_branch_operator' retrieved from /home/airflow/.local/lib/python3.12/site-packages/airflow/example_dags/example_branch_operator.py
[2024-09-11T13:40:20.998+0000] {logging_mixin.py:190} INFO - [2024-09-11T13:40:20.996+0000] {override.py:1900} INFO - Created Permission View: can read on DAG:example_branch_operator
[2024-09-11T13:40:21.022+0000] {logging_mixin.py:190} INFO - [2024-09-11T13:40:21.022+0000] {override.py:1900} INFO - Created Permission View: can delete on DAG:example_branch_operator
[2024-09-11T13:40:21.033+0000] {logging_mixin.py:190} INFO - [2024-09-11T13:40:21.032+0000] {override.py:1900} INFO - Created Permission View: can edit on DAG:example_branch_operator
[2024-09-11T13:40:21.040+0000] {logging_mixin.py:190} INFO - [2024-09-11T13:40:21.039+0000] {override.py:1900} INFO - Created Permission View: can read on DAG Run:example_branch_operator
[2024-09-11T13:40:21.053+0000] {logging_mixin.py:190} INFO - [2024-09-11T13:40:21.052+0000] {override.py:1900} INFO - Created Permission View: can create on DAG Run:example_branch_operator
[2024-09-11T13:40:21.068+0000] {logging_mixin.py:190} INFO - [2024-09-11T13:40:21.067+0000] {override.py:1900} INFO - Created Permission View: menu access on DAG Run:example_branch_operator
[2024-09-11T13:40:21.087+0000] {logging_mixin.py:190} INFO - [2024-09-11T13:40:21.087+0000] {override.py:1900} INFO - Created Permission View: can delete on DAG Run:example_branch_operator
[2024-09-11T13:40:21.096+0000] {logging_mixin.py:190} INFO - [2024-09-11T13:40:21.095+0000] {dag.py:3229} INFO - Sync 1 DAGs
[2024-09-11T13:40:21.158+0000] {logging_mixin.py:190} INFO - [2024-09-11T13:40:21.158+0000] {dag.py:3252} INFO - Creating ORM DAG for example_branch_operator
[2024-09-11T13:40:21.183+0000] {logging_mixin.py:190} INFO - [2024-09-11T13:40:21.183+0000] {dag.py:4156} INFO - Setting next_dagrun for example_branch_operator to 2024-09-10 00:00:00+00:00, run_after=2024-09-11 00:00:00+00:00
[2024-09-11T13:40:21.285+0000] {processor.py:208} INFO - Processing /home/airflow/.local/lib/python3.12/site-packages/airflow/example_dags/example_branch_operator.py took 0.452 seconds
[2024-09-11T13:40:52.165+0000] {processor.py:186} INFO - Started process (PID=131) to work on /home/airflow/.local/lib/python3.12/site-packages/airflow/example_dags/example_branch_operator.py
[2024-09-11T13:40:52.168+0000] {processor.py:914} INFO - Processing file /home/airflow/.local/lib/python3.12/site-packages/airflow/example_dags/example_branch_operator.py for tasks to queue
[2024-09-11T13:40:52.182+0000] {logging_mixin.py:190} INFO - [2024-09-11T13:40:52.182+0000] {dagbag.py:587} INFO - Filling up the DagBag from /home/airflow/.local/lib/python3.12/site-packages/airflow/example_dags/example_branch_operator.py
[2024-09-11T13:40:52.238+0000] {processor.py:925} INFO - DAG(s) 'example_branch_operator' retrieved from /home/airflow/.local/lib/python3.12/site-packages/airflow/example_dags/example_branch_operator.py
[2024-09-11T13:40:52.282+0000] {logging_mixin.py:190} INFO - [2024-09-11T13:40:52.282+0000] {dag.py:3229} INFO - Sync 1 DAGs
[2024-09-11T13:40:52.317+0000] {logging_mixin.py:190} INFO - [2024-09-11T13:40:52.317+0000] {dag.py:4156} INFO - Setting next_dagrun for example_branch_operator to 2024-09-10 00:00:00+00:00, run_after=2024-09-11 00:00:00+00:00
[2024-09-11T13:40:52.330+0000] {processor.py:208} INFO - Processing /home/airflow/.local/lib/python3.12/site-packages/airflow/example_dags/example_branch_operator.py took 0.194 seconds
[2024-09-11T13:41:23.013+0000] {processor.py:186} INFO - Started process (PID=187) to work on /home/airflow/.local/lib/python3.12/site-packages/airflow/example_dags/example_branch_operator.py
[2024-09-11T13:41:23.014+0000] {processor.py:914} INFO - Processing file /home/airflow/.local/lib/python3.12/site-packages/airflow/example_dags/example_branch_operator.py for tasks to queue
[2024-09-11T13:41:23.016+0000] {logging_mixin.py:190} INFO - [2024-09-11T13:41:23.016+0000] {dagbag.py:587} INFO - Filling up the DagBag from /home/airflow/.local/lib/python3.12/site-packages/airflow/example_dags/example_branch_operator.py
[2024-09-11T13:41:23.031+0000] {processor.py:925} INFO - DAG(s) 'example_branch_operator' retrieved from /home/airflow/.local/lib/python3.12/site-packages/airflow/example_dags/example_branch_operator.py
[2024-09-11T13:41:23.052+0000] {logging_mixin.py:190} INFO - [2024-09-11T13:41:23.052+0000] {dag.py:3229} INFO - Sync 1 DAGs
[2024-09-11T13:41:23.076+0000] {logging_mixin.py:190} INFO - [2024-09-11T13:41:23.075+0000] {dag.py:4156} INFO - Setting next_dagrun for example_branch_operator to 2024-09-10 00:00:00+00:00, run_after=2024-09-11 00:00:00+00:00
[2024-09-11T13:41:23.085+0000] {processor.py:208} INFO - Processing /home/airflow/.local/lib/python3.12/site-packages/airflow/example_dags/example_branch_operator.py took 0.079 seconds
[2024-09-11T13:41:53.269+0000] {processor.py:186} INFO - Started process (PID=243) to work on /home/airflow/.local/lib/python3.12/site-packages/airflow/example_dags/example_branch_operator.py
[2024-09-11T13:41:53.270+0000] {processor.py:914} INFO - Processing file /home/airflow/.local/lib/python3.12/site-packages/airflow/example_dags/example_branch_operator.py for tasks to queue
[2024-09-11T13:41:53.272+0000] {logging_mixin.py:190} INFO - [2024-09-11T13:41:53.272+0000] {dagbag.py:587} INFO - Filling up the DagBag from /home/airflow/.local/lib/python3.12/site-packages/airflow/example_dags/example_branch_operator.py
[2024-09-11T13:41:53.283+0000] {processor.py:925} INFO - DAG(s) 'example_branch_operator' retrieved from /home/airflow/.local/lib/python3.12/site-packages/airflow/example_dags/example_branch_operator.py
[2024-09-11T13:41:53.297+0000] {logging_mixin.py:190} INFO - [2024-09-11T13:41:53.297+0000] {dag.py:3229} INFO - Sync 1 DAGs
[2024-09-11T13:41:53.308+0000] {logging_mixin.py:190} INFO - [2024-09-11T13:41:53.308+0000] {dag.py:4156} INFO - Setting next_dagrun for example_branch_operator to 2024-09-10 00:00:00+00:00, run_after=2024-09-11 00:00:00+00:00
[2024-09-11T13:41:53.317+0000] {processor.py:208} INFO - Processing /home/airflow/.local/lib/python3.12/site-packages/airflow/example_dags/example_branch_operator.py took 0.053 seconds
[2024-09-11T13:42:23.761+0000] {processor.py:186} INFO - Started process (PID=299) to work on /home/airflow/.local/lib/python3.12/site-packages/airflow/example_dags/example_branch_operator.py
[2024-09-11T13:42:23.762+0000] {processor.py:914} INFO - Processing file /home/airflow/.local/lib/python3.12/site-packages/airflow/example_dags/example_branch_operator.py for tasks to queue
[2024-09-11T13:42:23.764+0000] {logging_mixin.py:190} INFO - [2024-09-11T13:42:23.764+0000] {dagbag.py:587} INFO - Filling up the DagBag from /home/airflow/.local/lib/python3.12/site-packages/airflow/example_dags/example_branch_operator.py
[2024-09-11T13:42:23.778+0000] {processor.py:925} INFO - DAG(s) 'example_branch_operator' retrieved from /home/airflow/.local/lib/python3.12/site-packages/airflow/example_dags/example_branch_operator.py
[2024-09-11T13:42:23.795+0000] {logging_mixin.py:190} INFO - [2024-09-11T13:42:23.795+0000] {dag.py:3229} INFO - Sync 1 DAGs
[2024-09-11T13:42:23.807+0000] {logging_mixin.py:190} INFO - [2024-09-11T13:42:23.807+0000] {dag.py:4156} INFO - Setting next_dagrun for example_branch_operator to 2024-09-10 00:00:00+00:00, run_after=2024-09-11 00:00:00+00:00
[2024-09-11T13:42:23.815+0000] {processor.py:208} INFO - Processing /home/airflow/.local/lib/python3.12/site-packages/airflow/example_dags/example_branch_operator.py took 0.060 seconds
[2024-09-11T13:42:54.032+0000] {processor.py:186} INFO - Started process (PID=355) to work on /home/airflow/.local/lib/python3.12/site-packages/airflow/example_dags/example_branch_operator.py
[2024-09-11T13:42:54.033+0000] {processor.py:914} INFO - Processing file /home/airflow/.local/lib/python3.12/site-packages/airflow/example_dags/example_branch_operator.py for tasks to queue
[2024-09-11T13:42:54.035+0000] {logging_mixin.py:190} INFO - [2024-09-11T13:42:54.035+0000] {dagbag.py:587} INFO - Filling up the DagBag from /home/airflow/.local/lib/python3.12/site-packages/airflow/example_dags/example_branch_operator.py
[2024-09-11T13:42:54.049+0000] {processor.py:925} INFO - DAG(s) 'example_branch_operator' retrieved from /home/airflow/.local/lib/python3.12/site-packages/airflow/example_dags/example_branch_operator.py
[2024-09-11T13:42:54.066+0000] {logging_mixin.py:190} INFO - [2024-09-11T13:42:54.065+0000] {dag.py:3229} INFO - Sync 1 DAGs
[2024-09-11T13:42:54.077+0000] {logging_mixin.py:190} INFO - [2024-09-11T13:42:54.077+0000] {dag.py:4156} INFO - Setting next_dagrun for example_branch_operator to 2024-09-10 00:00:00+00:00, run_after=2024-09-11 00:00:00+00:00
[2024-09-11T13:42:54.087+0000] {processor.py:208} INFO - Processing /home/airflow/.local/lib/python3.12/site-packages/airflow/example_dags/example_branch_operator.py took 0.061 seconds
[2024-09-11T13:43:24.197+0000] {processor.py:186} INFO - Started process (PID=411) to work on /home/airflow/.local/lib/python3.12/site-packages/airflow/example_dags/example_branch_operator.py
[2024-09-11T13:43:24.198+0000] {processor.py:914} INFO - Processing file /home/airflow/.local/lib/python3.12/site-packages/airflow/example_dags/example_branch_operator.py for tasks to queue
[2024-09-11T13:43:24.201+0000] {logging_mixin.py:190} INFO - [2024-09-11T13:43:24.201+0000] {dagbag.py:587} INFO - Filling up the DagBag from /home/airflow/.local/lib/python3.12/site-packages/airflow/example_dags/example_branch_operator.py
[2024-09-11T13:43:24.217+0000] {processor.py:925} INFO - DAG(s) 'example_branch_operator' retrieved from /home/airflow/.local/lib/python3.12/site-packages/airflow/example_dags/example_branch_operator.py
[2024-09-11T13:43:24.234+0000] {logging_mixin.py:190} INFO - [2024-09-11T13:43:24.234+0000] {dag.py:3229} INFO - Sync 1 DAGs
[2024-09-11T13:43:24.247+0000] {logging_mixin.py:190} INFO - [2024-09-11T13:43:24.247+0000] {dag.py:4156} INFO - Setting next_dagrun for example_branch_operator to 2024-09-10 00:00:00+00:00, run_after=2024-09-11 00:00:00+00:00
[2024-09-11T13:43:24.256+0000] {processor.py:208} INFO - Processing /home/airflow/.local/lib/python3.12/site-packages/airflow/example_dags/example_branch_operator.py took 0.068 seconds
[2024-09-11T13:43:54.441+0000] {processor.py:186} INFO - Started process (PID=467) to work on /home/airflow/.local/lib/python3.12/site-packages/airflow/example_dags/example_branch_operator.py
[2024-09-11T13:43:54.443+0000] {processor.py:914} INFO - Processing file /home/airflow/.local/lib/python3.12/site-packages/airflow/example_dags/example_branch_operator.py for tasks to queue
[2024-09-11T13:43:54.446+0000] {logging_mixin.py:190} INFO - [2024-09-11T13:43:54.445+0000] {dagbag.py:587} INFO - Filling up the DagBag from /home/airflow/.local/lib/python3.12/site-packages/airflow/example_dags/example_branch_operator.py
[2024-09-11T13:43:54.465+0000] {processor.py:925} INFO - DAG(s) 'example_branch_operator' retrieved from /home/airflow/.local/lib/python3.12/site-packages/airflow/example_dags/example_branch_operator.py
[2024-09-11T13:43:54.484+0000] {logging_mixin.py:190} INFO - [2024-09-11T13:43:54.484+0000] {dag.py:3229} INFO - Sync 1 DAGs
[2024-09-11T13:43:54.498+0000] {logging_mixin.py:190} INFO - [2024-09-11T13:43:54.498+0000] {dag.py:4156} INFO - Setting next_dagrun for example_branch_operator to 2024-09-10 00:00:00+00:00, run_after=2024-09-11 00:00:00+00:00
[2024-09-11T13:43:54.507+0000] {processor.py:208} INFO - Processing /home/airflow/.local/lib/python3.12/site-packages/airflow/example_dags/example_branch_operator.py took 0.074 seconds
[2024-09-11T13:44:24.642+0000] {processor.py:186} INFO - Started process (PID=523) to work on /home/airflow/.local/lib/python3.12/site-packages/airflow/example_dags/example_branch_operator.py
[2024-09-11T13:44:24.643+0000] {processor.py:914} INFO - Processing file /home/airflow/.local/lib/python3.12/site-packages/airflow/example_dags/example_branch_operator.py for tasks to queue
[2024-09-11T13:44:24.644+0000] {logging_mixin.py:190} INFO - [2024-09-11T13:44:24.644+0000] {dagbag.py:587} INFO - Filling up the DagBag from /home/airflow/.local/lib/python3.12/site-packages/airflow/example_dags/example_branch_operator.py
[2024-09-11T13:44:24.654+0000] {processor.py:925} INFO - DAG(s) 'example_branch_operator' retrieved from /home/airflow/.local/lib/python3.12/site-packages/airflow/example_dags/example_branch_operator.py
[2024-09-11T13:44:24.666+0000] {logging_mixin.py:190} INFO - [2024-09-11T13:44:24.666+0000] {dag.py:3229} INFO - Sync 1 DAGs
[2024-09-11T13:44:24.678+0000] {logging_mixin.py:190} INFO - [2024-09-11T13:44:24.678+0000] {dag.py:4156} INFO - Setting next_dagrun for example_branch_operator to 2024-09-10 00:00:00+00:00, run_after=2024-09-11 00:00:00+00:00
[2024-09-11T13:44:24.689+0000] {processor.py:208} INFO - Processing /home/airflow/.local/lib/python3.12/site-packages/airflow/example_dags/example_branch_operator.py took 0.051 seconds
[2024-09-11T13:44:54.977+0000] {processor.py:186} INFO - Started process (PID=579) to work on /home/airflow/.local/lib/python3.12/site-packages/airflow/example_dags/example_branch_operator.py
[2024-09-11T13:44:54.978+0000] {processor.py:914} INFO - Processing file /home/airflow/.local/lib/python3.12/site-packages/airflow/example_dags/example_branch_operator.py for tasks to queue
[2024-09-11T13:44:54.981+0000] {logging_mixin.py:190} INFO - [2024-09-11T13:44:54.980+0000] {dagbag.py:587} INFO - Filling up the DagBag from /home/airflow/.local/lib/python3.12/site-packages/airflow/example_dags/example_branch_operator.py
[2024-09-11T13:44:54.996+0000] {processor.py:925} INFO - DAG(s) 'example_branch_operator' retrieved from /home/airflow/.local/lib/python3.12/site-packages/airflow/example_dags/example_branch_operator.py
[2024-09-11T13:44:55.015+0000] {logging_mixin.py:190} INFO - [2024-09-11T13:44:55.015+0000] {dag.py:3229} INFO - Sync 1 DAGs
[2024-09-11T13:44:55.027+0000] {logging_mixin.py:190} INFO - [2024-09-11T13:44:55.027+0000] {dag.py:4156} INFO - Setting next_dagrun for example_branch_operator to 2024-09-10 00:00:00+00:00, run_after=2024-09-11 00:00:00+00:00
[2024-09-11T13:44:55.036+0000] {processor.py:208} INFO - Processing /home/airflow/.local/lib/python3.12/site-packages/airflow/example_dags/example_branch_operator.py took 0.067 seconds
[2024-09-11T13:45:25.223+0000] {processor.py:186} INFO - Started process (PID=635) to work on /home/airflow/.local/lib/python3.12/site-packages/airflow/example_dags/example_branch_operator.py
[2024-09-11T13:45:25.224+0000] {processor.py:914} INFO - Processing file /home/airflow/.local/lib/python3.12/site-packages/airflow/example_dags/example_branch_operator.py for tasks to queue
[2024-09-11T13:45:25.227+0000] {logging_mixin.py:190} INFO - [2024-09-11T13:45:25.227+0000] {dagbag.py:587} INFO - Filling up the DagBag from /home/airflow/.local/lib/python3.12/site-packages/airflow/example_dags/example_branch_operator.py
[2024-09-11T13:45:25.244+0000] {processor.py:925} INFO - DAG(s) 'example_branch_operator' retrieved from /home/airflow/.local/lib/python3.12/site-packages/airflow/example_dags/example_branch_operator.py
[2024-09-11T13:45:25.265+0000] {logging_mixin.py:190} INFO - [2024-09-11T13:45:25.265+0000] {dag.py:3229} INFO - Sync 1 DAGs
[2024-09-11T13:45:25.280+0000] {logging_mixin.py:190} INFO - [2024-09-11T13:45:25.280+0000] {dag.py:4156} INFO - Setting next_dagrun for example_branch_operator to 2024-09-10 00:00:00+00:00, run_after=2024-09-11 00:00:00+00:00
[2024-09-11T13:45:25.289+0000] {processor.py:208} INFO - Processing /home/airflow/.local/lib/python3.12/site-packages/airflow/example_dags/example_branch_operator.py took 0.073 seconds
[2024-09-11T13:45:55.447+0000] {processor.py:186} INFO - Started process (PID=691) to work on /home/airflow/.local/lib/python3.12/site-packages/airflow/example_dags/example_branch_operator.py
[2024-09-11T13:45:55.452+0000] {processor.py:914} INFO - Processing file /home/airflow/.local/lib/python3.12/site-packages/airflow/example_dags/example_branch_operator.py for tasks to queue
[2024-09-11T13:45:55.456+0000] {logging_mixin.py:190} INFO - [2024-09-11T13:45:55.456+0000] {dagbag.py:587} INFO - Filling up the DagBag from /home/airflow/.local/lib/python3.12/site-packages/airflow/example_dags/example_branch_operator.py
[2024-09-11T13:45:55.472+0000] {processor.py:925} INFO - DAG(s) 'example_branch_operator' retrieved from /home/airflow/.local/lib/python3.12/site-packages/airflow/example_dags/example_branch_operator.py
[2024-09-11T13:45:55.491+0000] {logging_mixin.py:190} INFO - [2024-09-11T13:45:55.490+0000] {dag.py:3229} INFO - Sync 1 DAGs
[2024-09-11T13:45:55.503+0000] {logging_mixin.py:190} INFO - [2024-09-11T13:45:55.503+0000] {dag.py:4156} INFO - Setting next_dagrun for example_branch_operator to 2024-09-10 00:00:00+00:00, run_after=2024-09-11 00:00:00+00:00
[2024-09-11T13:45:55.511+0000] {processor.py:208} INFO - Processing /home/airflow/.local/lib/python3.12/site-packages/airflow/example_dags/example_branch_operator.py took 0.072 seconds
[2024-09-11T13:46:25.541+0000] {processor.py:186} INFO - Started process (PID=747) to work on /home/airflow/.local/lib/python3.12/site-packages/airflow/example_dags/example_branch_operator.py
[2024-09-11T13:46:25.543+0000] {processor.py:914} INFO - Processing file /home/airflow/.local/lib/python3.12/site-packages/airflow/example_dags/example_branch_operator.py for tasks to queue
[2024-09-11T13:46:25.546+0000] {logging_mixin.py:190} INFO - [2024-09-11T13:46:25.546+0000] {dagbag.py:587} INFO - Filling up the DagBag from /home/airflow/.local/lib/python3.12/site-packages/airflow/example_dags/example_branch_operator.py
[2024-09-11T13:46:25.567+0000] {processor.py:925} INFO - DAG(s) 'example_branch_operator' retrieved from /home/airflow/.local/lib/python3.12/site-packages/airflow/example_dags/example_branch_operator.py
[2024-09-11T13:46:25.589+0000] {logging_mixin.py:190} INFO - [2024-09-11T13:46:25.588+0000] {dag.py:3229} INFO - Sync 1 DAGs
[2024-09-11T13:46:25.602+0000] {logging_mixin.py:190} INFO - [2024-09-11T13:46:25.602+0000] {dag.py:4156} INFO - Setting next_dagrun for example_branch_operator to 2024-09-10 00:00:00+00:00, run_after=2024-09-11 00:00:00+00:00
[2024-09-11T13:46:25.612+0000] {processor.py:208} INFO - Processing /home/airflow/.local/lib/python3.12/site-packages/airflow/example_dags/example_branch_operator.py took 0.079 seconds
[2024-09-11T13:46:55.893+0000] {processor.py:186} INFO - Started process (PID=803) to work on /home/airflow/.local/lib/python3.12/site-packages/airflow/example_dags/example_branch_operator.py
[2024-09-11T13:46:55.894+0000] {processor.py:914} INFO - Processing file /home/airflow/.local/lib/python3.12/site-packages/airflow/example_dags/example_branch_operator.py for tasks to queue
[2024-09-11T13:46:55.897+0000] {logging_mixin.py:190} INFO - [2024-09-11T13:46:55.896+0000] {dagbag.py:587} INFO - Filling up the DagBag from /home/airflow/.local/lib/python3.12/site-packages/airflow/example_dags/example_branch_operator.py
[2024-09-11T13:46:55.913+0000] {processor.py:925} INFO - DAG(s) 'example_branch_operator' retrieved from /home/airflow/.local/lib/python3.12/site-packages/airflow/example_dags/example_branch_operator.py
[2024-09-11T13:46:55.932+0000] {logging_mixin.py:190} INFO - [2024-09-11T13:46:55.932+0000] {dag.py:3229} INFO - Sync 1 DAGs
[2024-09-11T13:46:55.944+0000] {logging_mixin.py:190} INFO - [2024-09-11T13:46:55.944+0000] {dag.py:4156} INFO - Setting next_dagrun for example_branch_operator to 2024-09-10 00:00:00+00:00, run_after=2024-09-11 00:00:00+00:00
[2024-09-11T13:46:55.953+0000] {processor.py:208} INFO - Processing /home/airflow/.local/lib/python3.12/site-packages/airflow/example_dags/example_branch_operator.py took 0.067 seconds
[2024-09-11T13:47:26.061+0000] {processor.py:186} INFO - Started process (PID=859) to work on /home/airflow/.local/lib/python3.12/site-packages/airflow/example_dags/example_branch_operator.py
[2024-09-11T13:47:26.062+0000] {processor.py:914} INFO - Processing file /home/airflow/.local/lib/python3.12/site-packages/airflow/example_dags/example_branch_operator.py for tasks to queue
[2024-09-11T13:47:26.065+0000] {logging_mixin.py:190} INFO - [2024-09-11T13:47:26.065+0000] {dagbag.py:587} INFO - Filling up the DagBag from /home/airflow/.local/lib/python3.12/site-packages/airflow/example_dags/example_branch_operator.py
[2024-09-11T13:47:26.080+0000] {processor.py:925} INFO - DAG(s) 'example_branch_operator' retrieved from /home/airflow/.local/lib/python3.12/site-packages/airflow/example_dags/example_branch_operator.py
[2024-09-11T13:47:26.098+0000] {logging_mixin.py:190} INFO - [2024-09-11T13:47:26.098+0000] {dag.py:3229} INFO - Sync 1 DAGs
[2024-09-11T13:47:26.112+0000] {logging_mixin.py:190} INFO - [2024-09-11T13:47:26.112+0000] {dag.py:4156} INFO - Setting next_dagrun for example_branch_operator to 2024-09-10 00:00:00+00:00, run_after=2024-09-11 00:00:00+00:00
[2024-09-11T13:47:26.120+0000] {processor.py:208} INFO - Processing /home/airflow/.local/lib/python3.12/site-packages/airflow/example_dags/example_branch_operator.py took 0.067 seconds
[2024-09-11T13:47:56.311+0000] {processor.py:186} INFO - Started process (PID=915) to work on /home/airflow/.local/lib/python3.12/site-packages/airflow/example_dags/example_branch_operator.py
[2024-09-11T13:47:56.312+0000] {processor.py:914} INFO - Processing file /home/airflow/.local/lib/python3.12/site-packages/airflow/example_dags/example_branch_operator.py for tasks to queue
[2024-09-11T13:47:56.315+0000] {logging_mixin.py:190} INFO - [2024-09-11T13:47:56.315+0000] {dagbag.py:587} INFO - Filling up the DagBag from /home/airflow/.local/lib/python3.12/site-packages/airflow/example_dags/example_branch_operator.py
[2024-09-11T13:47:56.332+0000] {processor.py:925} INFO - DAG(s) 'example_branch_operator' retrieved from /home/airflow/.local/lib/python3.12/site-packages/airflow/example_dags/example_branch_operator.py
[2024-09-11T13:47:56.351+0000] {logging_mixin.py:190} INFO - [2024-09-11T13:47:56.351+0000] {dag.py:3229} INFO - Sync 1 DAGs
[2024-09-11T13:47:56.364+0000] {logging_mixin.py:190} INFO - [2024-09-11T13:47:56.363+0000] {dag.py:4156} INFO - Setting next_dagrun for example_branch_operator to 2024-09-10 00:00:00+00:00, run_after=2024-09-11 00:00:00+00:00
[2024-09-11T13:47:56.372+0000] {processor.py:208} INFO - Processing /home/airflow/.local/lib/python3.12/site-packages/airflow/example_dags/example_branch_operator.py took 0.069 seconds
[2024-09-11T13:48:26.584+0000] {processor.py:186} INFO - Started process (PID=971) to work on /home/airflow/.local/lib/python3.12/site-packages/airflow/example_dags/example_branch_operator.py
[2024-09-11T13:48:26.585+0000] {processor.py:914} INFO - Processing file /home/airflow/.local/lib/python3.12/site-packages/airflow/example_dags/example_branch_operator.py for tasks to queue
[2024-09-11T13:48:26.588+0000] {logging_mixin.py:190} INFO - [2024-09-11T13:48:26.588+0000] {dagbag.py:587} INFO - Filling up the DagBag from /home/airflow/.local/lib/python3.12/site-packages/airflow/example_dags/example_branch_operator.py
[2024-09-11T13:48:26.604+0000] {processor.py:925} INFO - DAG(s) 'example_branch_operator' retrieved from /home/airflow/.local/lib/python3.12/site-packages/airflow/example_dags/example_branch_operator.py
[2024-09-11T13:48:26.622+0000] {logging_mixin.py:190} INFO - [2024-09-11T13:48:26.622+0000] {dag.py:3229} INFO - Sync 1 DAGs
[2024-09-11T13:48:26.634+0000] {logging_mixin.py:190} INFO - [2024-09-11T13:48:26.634+0000] {dag.py:4156} INFO - Setting next_dagrun for example_branch_operator to 2024-09-10 00:00:00+00:00, run_after=2024-09-11 00:00:00+00:00
[2024-09-11T13:48:26.643+0000] {processor.py:208} INFO - Processing /home/airflow/.local/lib/python3.12/site-packages/airflow/example_dags/example_branch_operator.py took 0.067 seconds
[2024-09-11T13:48:56.751+0000] {processor.py:186} INFO - Started process (PID=1027) to work on /home/airflow/.local/lib/python3.12/site-packages/airflow/example_dags/example_branch_operator.py
[2024-09-11T13:48:56.752+0000] {processor.py:914} INFO - Processing file /home/airflow/.local/lib/python3.12/site-packages/airflow/example_dags/example_branch_operator.py for tasks to queue
[2024-09-11T13:48:56.754+0000] {logging_mixin.py:190} INFO - [2024-09-11T13:48:56.754+0000] {dagbag.py:587} INFO - Filling up the DagBag from /home/airflow/.local/lib/python3.12/site-packages/airflow/example_dags/example_branch_operator.py
[2024-09-11T13:48:56.768+0000] {processor.py:925} INFO - DAG(s) 'example_branch_operator' retrieved from /home/airflow/.local/lib/python3.12/site-packages/airflow/example_dags/example_branch_operator.py
[2024-09-11T13:48:56.785+0000] {logging_mixin.py:190} INFO - [2024-09-11T13:48:56.784+0000] {dag.py:3229} INFO - Sync 1 DAGs
[2024-09-11T13:48:56.797+0000] {logging_mixin.py:190} INFO - [2024-09-11T13:48:56.797+0000] {dag.py:4156} INFO - Setting next_dagrun for example_branch_operator to 2024-09-10 00:00:00+00:00, run_after=2024-09-11 00:00:00+00:00
[2024-09-11T13:48:56.806+0000] {processor.py:208} INFO - Processing /home/airflow/.local/lib/python3.12/site-packages/airflow/example_dags/example_branch_operator.py took 0.061 seconds
[2024-09-11T13:49:26.964+0000] {processor.py:186} INFO - Started process (PID=1083) to work on /home/airflow/.local/lib/python3.12/site-packages/airflow/example_dags/example_branch_operator.py
[2024-09-11T13:49:26.965+0000] {processor.py:914} INFO - Processing file /home/airflow/.local/lib/python3.12/site-packages/airflow/example_dags/example_branch_operator.py for tasks to queue
[2024-09-11T13:49:26.968+0000] {logging_mixin.py:190} INFO - [2024-09-11T13:49:26.968+0000] {dagbag.py:587} INFO - Filling up the DagBag from /home/airflow/.local/lib/python3.12/site-packages/airflow/example_dags/example_branch_operator.py
[2024-09-11T13:49:26.986+0000] {processor.py:925} INFO - DAG(s) 'example_branch_operator' retrieved from /home/airflow/.local/lib/python3.12/site-packages/airflow/example_dags/example_branch_operator.py
[2024-09-11T13:49:27.006+0000] {logging_mixin.py:190} INFO - [2024-09-11T13:49:27.005+0000] {dag.py:3229} INFO - Sync 1 DAGs
[2024-09-11T13:49:27.019+0000] {logging_mixin.py:190} INFO - [2024-09-11T13:49:27.019+0000] {dag.py:4156} INFO - Setting next_dagrun for example_branch_operator to 2024-09-10 00:00:00+00:00, run_after=2024-09-11 00:00:00+00:00
[2024-09-11T13:49:27.028+0000] {processor.py:208} INFO - Processing /home/airflow/.local/lib/python3.12/site-packages/airflow/example_dags/example_branch_operator.py took 0.072 seconds
[2024-09-11T13:49:57.262+0000] {processor.py:186} INFO - Started process (PID=1139) to work on /home/airflow/.local/lib/python3.12/site-packages/airflow/example_dags/example_branch_operator.py
[2024-09-11T13:49:57.263+0000] {processor.py:914} INFO - Processing file /home/airflow/.local/lib/python3.12/site-packages/airflow/example_dags/example_branch_operator.py for tasks to queue
[2024-09-11T13:49:57.265+0000] {logging_mixin.py:190} INFO - [2024-09-11T13:49:57.265+0000] {dagbag.py:587} INFO - Filling up the DagBag from /home/airflow/.local/lib/python3.12/site-packages/airflow/example_dags/example_branch_operator.py
[2024-09-11T13:49:57.282+0000] {processor.py:925} INFO - DAG(s) 'example_branch_operator' retrieved from /home/airflow/.local/lib/python3.12/site-packages/airflow/example_dags/example_branch_operator.py
[2024-09-11T13:49:57.302+0000] {logging_mixin.py:190} INFO - [2024-09-11T13:49:57.302+0000] {dag.py:3229} INFO - Sync 1 DAGs
[2024-09-11T13:49:57.318+0000] {logging_mixin.py:190} INFO - [2024-09-11T13:49:57.317+0000] {dag.py:4156} INFO - Setting next_dagrun for example_branch_operator to 2024-09-10 00:00:00+00:00, run_after=2024-09-11 00:00:00+00:00
[2024-09-11T13:49:57.329+0000] {processor.py:208} INFO - Processing /home/airflow/.local/lib/python3.12/site-packages/airflow/example_dags/example_branch_operator.py took 0.072 seconds
[2024-09-11T13:50:27.532+0000] {processor.py:186} INFO - Started process (PID=1195) to work on /home/airflow/.local/lib/python3.12/site-packages/airflow/example_dags/example_branch_operator.py
[2024-09-11T13:50:27.533+0000] {processor.py:914} INFO - Processing file /home/airflow/.local/lib/python3.12/site-packages/airflow/example_dags/example_branch_operator.py for tasks to queue
[2024-09-11T13:50:27.536+0000] {logging_mixin.py:190} INFO - [2024-09-11T13:50:27.536+0000] {dagbag.py:587} INFO - Filling up the DagBag from /home/airflow/.local/lib/python3.12/site-packages/airflow/example_dags/example_branch_operator.py
[2024-09-11T13:50:27.553+0000] {processor.py:925} INFO - DAG(s) 'example_branch_operator' retrieved from /home/airflow/.local/lib/python3.12/site-packages/airflow/example_dags/example_branch_operator.py
[2024-09-11T13:50:27.573+0000] {logging_mixin.py:190} INFO - [2024-09-11T13:50:27.572+0000] {dag.py:3229} INFO - Sync 1 DAGs
[2024-09-11T13:50:27.586+0000] {logging_mixin.py:190} INFO - [2024-09-11T13:50:27.586+0000] {dag.py:4156} INFO - Setting next_dagrun for example_branch_operator to 2024-09-10 00:00:00+00:00, run_after=2024-09-11 00:00:00+00:00
[2024-09-11T13:50:27.595+0000] {processor.py:208} INFO - Processing /home/airflow/.local/lib/python3.12/site-packages/airflow/example_dags/example_branch_operator.py took 0.073 seconds
[2024-09-11T13:50:57.780+0000] {processor.py:186} INFO - Started process (PID=1251) to work on /home/airflow/.local/lib/python3.12/site-packages/airflow/example_dags/example_branch_operator.py
[2024-09-11T13:50:57.781+0000] {processor.py:914} INFO - Processing file /home/airflow/.local/lib/python3.12/site-packages/airflow/example_dags/example_branch_operator.py for tasks to queue
[2024-09-11T13:50:57.783+0000] {logging_mixin.py:190} INFO - [2024-09-11T13:50:57.783+0000] {dagbag.py:587} INFO - Filling up the DagBag from /home/airflow/.local/lib/python3.12/site-packages/airflow/example_dags/example_branch_operator.py
[2024-09-11T13:50:57.798+0000] {processor.py:925} INFO - DAG(s) 'example_branch_operator' retrieved from /home/airflow/.local/lib/python3.12/site-packages/airflow/example_dags/example_branch_operator.py
[2024-09-11T13:50:57.815+0000] {logging_mixin.py:190} INFO - [2024-09-11T13:50:57.814+0000] {dag.py:3229} INFO - Sync 1 DAGs
[2024-09-11T13:50:57.827+0000] {logging_mixin.py:190} INFO - [2024-09-11T13:50:57.827+0000] {dag.py:4156} INFO - Setting next_dagrun for example_branch_operator to 2024-09-10 00:00:00+00:00, run_after=2024-09-11 00:00:00+00:00
[2024-09-11T13:50:57.836+0000] {processor.py:208} INFO - Processing /home/airflow/.local/lib/python3.12/site-packages/airflow/example_dags/example_branch_operator.py took 0.062 seconds
[2024-09-11T13:51:28.075+0000] {processor.py:186} INFO - Started process (PID=1307) to work on /home/airflow/.local/lib/python3.12/site-packages/airflow/example_dags/example_branch_operator.py
[2024-09-11T13:51:28.076+0000] {processor.py:914} INFO - Processing file /home/airflow/.local/lib/python3.12/site-packages/airflow/example_dags/example_branch_operator.py for tasks to queue
[2024-09-11T13:51:28.079+0000] {logging_mixin.py:190} INFO - [2024-09-11T13:51:28.079+0000] {dagbag.py:587} INFO - Filling up the DagBag from /home/airflow/.local/lib/python3.12/site-packages/airflow/example_dags/example_branch_operator.py
[2024-09-11T13:51:28.090+0000] {processor.py:925} INFO - DAG(s) 'example_branch_operator' retrieved from /home/airflow/.local/lib/python3.12/site-packages/airflow/example_dags/example_branch_operator.py
[2024-09-11T13:51:28.106+0000] {logging_mixin.py:190} INFO - [2024-09-11T13:51:28.105+0000] {dag.py:3229} INFO - Sync 1 DAGs
[2024-09-11T13:51:28.119+0000] {logging_mixin.py:190} INFO - [2024-09-11T13:51:28.119+0000] {dag.py:4156} INFO - Setting next_dagrun for example_branch_operator to 2024-09-10 00:00:00+00:00, run_after=2024-09-11 00:00:00+00:00
[2024-09-11T13:51:28.129+0000] {processor.py:208} INFO - Processing /home/airflow/.local/lib/python3.12/site-packages/airflow/example_dags/example_branch_operator.py took 0.061 seconds
[2024-09-11T13:51:58.360+0000] {processor.py:186} INFO - Started process (PID=1363) to work on /home/airflow/.local/lib/python3.12/site-packages/airflow/example_dags/example_branch_operator.py
[2024-09-11T13:51:58.361+0000] {processor.py:914} INFO - Processing file /home/airflow/.local/lib/python3.12/site-packages/airflow/example_dags/example_branch_operator.py for tasks to queue
[2024-09-11T13:51:58.363+0000] {logging_mixin.py:190} INFO - [2024-09-11T13:51:58.363+0000] {dagbag.py:587} INFO - Filling up the DagBag from /home/airflow/.local/lib/python3.12/site-packages/airflow/example_dags/example_branch_operator.py
[2024-09-11T13:51:58.377+0000] {processor.py:925} INFO - DAG(s) 'example_branch_operator' retrieved from /home/airflow/.local/lib/python3.12/site-packages/airflow/example_dags/example_branch_operator.py
[2024-09-11T13:51:58.399+0000] {logging_mixin.py:190} INFO - [2024-09-11T13:51:58.399+0000] {dag.py:3229} INFO - Sync 1 DAGs
[2024-09-11T13:51:58.423+0000] {logging_mixin.py:190} INFO - [2024-09-11T13:51:58.423+0000] {dag.py:4156} INFO - Setting next_dagrun for example_branch_operator to 2024-09-10 00:00:00+00:00, run_after=2024-09-11 00:00:00+00:00
[2024-09-11T13:51:58.435+0000] {processor.py:208} INFO - Processing /home/airflow/.local/lib/python3.12/site-packages/airflow/example_dags/example_branch_operator.py took 0.080 seconds
[2024-09-11T13:52:28.520+0000] {processor.py:186} INFO - Started process (PID=1419) to work on /home/airflow/.local/lib/python3.12/site-packages/airflow/example_dags/example_branch_operator.py
[2024-09-11T13:52:28.521+0000] {processor.py:914} INFO - Processing file /home/airflow/.local/lib/python3.12/site-packages/airflow/example_dags/example_branch_operator.py for tasks to queue
[2024-09-11T13:52:28.524+0000] {logging_mixin.py:190} INFO - [2024-09-11T13:52:28.524+0000] {dagbag.py:587} INFO - Filling up the DagBag from /home/airflow/.local/lib/python3.12/site-packages/airflow/example_dags/example_branch_operator.py
[2024-09-11T13:52:28.545+0000] {processor.py:925} INFO - DAG(s) 'example_branch_operator' retrieved from /home/airflow/.local/lib/python3.12/site-packages/airflow/example_dags/example_branch_operator.py
[2024-09-11T13:52:28.568+0000] {logging_mixin.py:190} INFO - [2024-09-11T13:52:28.568+0000] {dag.py:3229} INFO - Sync 1 DAGs
[2024-09-11T13:52:28.583+0000] {logging_mixin.py:190} INFO - [2024-09-11T13:52:28.583+0000] {dag.py:4156} INFO - Setting next_dagrun for example_branch_operator to 2024-09-10 00:00:00+00:00, run_after=2024-09-11 00:00:00+00:00
[2024-09-11T13:52:28.593+0000] {processor.py:208} INFO - Processing /home/airflow/.local/lib/python3.12/site-packages/airflow/example_dags/example_branch_operator.py took 0.080 seconds
[2024-09-11T13:52:59.253+0000] {processor.py:186} INFO - Started process (PID=1475) to work on /home/airflow/.local/lib/python3.12/site-packages/airflow/example_dags/example_branch_operator.py
[2024-09-11T13:52:59.256+0000] {processor.py:914} INFO - Processing file /home/airflow/.local/lib/python3.12/site-packages/airflow/example_dags/example_branch_operator.py for tasks to queue
[2024-09-11T13:52:59.259+0000] {logging_mixin.py:190} INFO - [2024-09-11T13:52:59.258+0000] {dagbag.py:587} INFO - Filling up the DagBag from /home/airflow/.local/lib/python3.12/site-packages/airflow/example_dags/example_branch_operator.py
[2024-09-11T13:52:59.276+0000] {processor.py:925} INFO - DAG(s) 'example_branch_operator' retrieved from /home/airflow/.local/lib/python3.12/site-packages/airflow/example_dags/example_branch_operator.py
[2024-09-11T13:52:59.296+0000] {logging_mixin.py:190} INFO - [2024-09-11T13:52:59.296+0000] {dag.py:3229} INFO - Sync 1 DAGs
[2024-09-11T13:52:59.310+0000] {logging_mixin.py:190} INFO - [2024-09-11T13:52:59.310+0000] {dag.py:4156} INFO - Setting next_dagrun for example_branch_operator to 2024-09-10 00:00:00+00:00, run_after=2024-09-11 00:00:00+00:00
[2024-09-11T13:52:59.319+0000] {processor.py:208} INFO - Processing /home/airflow/.local/lib/python3.12/site-packages/airflow/example_dags/example_branch_operator.py took 0.072 seconds
[2024-09-11T13:53:29.726+0000] {processor.py:186} INFO - Started process (PID=1531) to work on /home/airflow/.local/lib/python3.12/site-packages/airflow/example_dags/example_branch_operator.py
[2024-09-11T13:53:29.727+0000] {processor.py:914} INFO - Processing file /home/airflow/.local/lib/python3.12/site-packages/airflow/example_dags/example_branch_operator.py for tasks to queue
[2024-09-11T13:53:29.729+0000] {logging_mixin.py:190} INFO - [2024-09-11T13:53:29.729+0000] {dagbag.py:587} INFO - Filling up the DagBag from /home/airflow/.local/lib/python3.12/site-packages/airflow/example_dags/example_branch_operator.py
[2024-09-11T13:53:29.747+0000] {processor.py:925} INFO - DAG(s) 'example_branch_operator' retrieved from /home/airflow/.local/lib/python3.12/site-packages/airflow/example_dags/example_branch_operator.py
[2024-09-11T13:53:29.773+0000] {logging_mixin.py:190} INFO - [2024-09-11T13:53:29.773+0000] {dag.py:3229} INFO - Sync 1 DAGs
[2024-09-11T13:53:29.788+0000] {logging_mixin.py:190} INFO - [2024-09-11T13:53:29.788+0000] {dag.py:4156} INFO - Setting next_dagrun for example_branch_operator to 2024-09-10 00:00:00+00:00, run_after=2024-09-11 00:00:00+00:00
[2024-09-11T13:53:29.797+0000] {processor.py:208} INFO - Processing /home/airflow/.local/lib/python3.12/site-packages/airflow/example_dags/example_branch_operator.py took 0.080 seconds
[2024-09-11T13:54:00.378+0000] {processor.py:186} INFO - Started process (PID=1587) to work on /home/airflow/.local/lib/python3.12/site-packages/airflow/example_dags/example_branch_operator.py
[2024-09-11T13:54:00.379+0000] {processor.py:914} INFO - Processing file /home/airflow/.local/lib/python3.12/site-packages/airflow/example_dags/example_branch_operator.py for tasks to queue
[2024-09-11T13:54:00.381+0000] {logging_mixin.py:190} INFO - [2024-09-11T13:54:00.381+0000] {dagbag.py:587} INFO - Filling up the DagBag from /home/airflow/.local/lib/python3.12/site-packages/airflow/example_dags/example_branch_operator.py
[2024-09-11T13:54:00.397+0000] {processor.py:925} INFO - DAG(s) 'example_branch_operator' retrieved from /home/airflow/.local/lib/python3.12/site-packages/airflow/example_dags/example_branch_operator.py
[2024-09-11T13:54:00.416+0000] {logging_mixin.py:190} INFO - [2024-09-11T13:54:00.416+0000] {dag.py:3229} INFO - Sync 1 DAGs
[2024-09-11T13:54:00.440+0000] {logging_mixin.py:190} INFO - [2024-09-11T13:54:00.440+0000] {dag.py:4156} INFO - Setting next_dagrun for example_branch_operator to 2024-09-10 00:00:00+00:00, run_after=2024-09-11 00:00:00+00:00
[2024-09-11T13:54:00.474+0000] {processor.py:208} INFO - Processing /home/airflow/.local/lib/python3.12/site-packages/airflow/example_dags/example_branch_operator.py took 0.101 seconds
[2024-09-11T13:54:30.776+0000] {processor.py:186} INFO - Started process (PID=1643) to work on /home/airflow/.local/lib/python3.12/site-packages/airflow/example_dags/example_branch_operator.py
[2024-09-11T13:54:30.777+0000] {processor.py:914} INFO - Processing file /home/airflow/.local/lib/python3.12/site-packages/airflow/example_dags/example_branch_operator.py for tasks to queue
[2024-09-11T13:54:30.780+0000] {logging_mixin.py:190} INFO - [2024-09-11T13:54:30.780+0000] {dagbag.py:587} INFO - Filling up the DagBag from /home/airflow/.local/lib/python3.12/site-packages/airflow/example_dags/example_branch_operator.py
[2024-09-11T13:54:30.797+0000] {processor.py:925} INFO - DAG(s) 'example_branch_operator' retrieved from /home/airflow/.local/lib/python3.12/site-packages/airflow/example_dags/example_branch_operator.py
[2024-09-11T13:54:30.816+0000] {logging_mixin.py:190} INFO - [2024-09-11T13:54:30.816+0000] {dag.py:3229} INFO - Sync 1 DAGs
[2024-09-11T13:54:30.829+0000] {logging_mixin.py:190} INFO - [2024-09-11T13:54:30.829+0000] {dag.py:4156} INFO - Setting next_dagrun for example_branch_operator to 2024-09-10 00:00:00+00:00, run_after=2024-09-11 00:00:00+00:00
[2024-09-11T13:54:30.838+0000] {processor.py:208} INFO - Processing /home/airflow/.local/lib/python3.12/site-packages/airflow/example_dags/example_branch_operator.py took 0.069 seconds
[2024-09-11T13:55:01.105+0000] {processor.py:186} INFO - Started process (PID=1699) to work on /home/airflow/.local/lib/python3.12/site-packages/airflow/example_dags/example_branch_operator.py
[2024-09-11T13:55:01.106+0000] {processor.py:914} INFO - Processing file /home/airflow/.local/lib/python3.12/site-packages/airflow/example_dags/example_branch_operator.py for tasks to queue
[2024-09-11T13:55:01.109+0000] {logging_mixin.py:190} INFO - [2024-09-11T13:55:01.108+0000] {dagbag.py:587} INFO - Filling up the DagBag from /home/airflow/.local/lib/python3.12/site-packages/airflow/example_dags/example_branch_operator.py
[2024-09-11T13:55:01.126+0000] {processor.py:925} INFO - DAG(s) 'example_branch_operator' retrieved from /home/airflow/.local/lib/python3.12/site-packages/airflow/example_dags/example_branch_operator.py
[2024-09-11T13:55:01.145+0000] {logging_mixin.py:190} INFO - [2024-09-11T13:55:01.145+0000] {dag.py:3229} INFO - Sync 1 DAGs
[2024-09-11T13:55:01.158+0000] {logging_mixin.py:190} INFO - [2024-09-11T13:55:01.158+0000] {dag.py:4156} INFO - Setting next_dagrun for example_branch_operator to 2024-09-10 00:00:00+00:00, run_after=2024-09-11 00:00:00+00:00
[2024-09-11T13:55:01.166+0000] {processor.py:208} INFO - Processing /home/airflow/.local/lib/python3.12/site-packages/airflow/example_dags/example_branch_operator.py took 0.071 seconds
[2024-09-11T13:55:31.417+0000] {processor.py:186} INFO - Started process (PID=1755) to work on /home/airflow/.local/lib/python3.12/site-packages/airflow/example_dags/example_branch_operator.py
[2024-09-11T13:55:31.418+0000] {processor.py:914} INFO - Processing file /home/airflow/.local/lib/python3.12/site-packages/airflow/example_dags/example_branch_operator.py for tasks to queue
[2024-09-11T13:55:31.421+0000] {logging_mixin.py:190} INFO - [2024-09-11T13:55:31.420+0000] {dagbag.py:587} INFO - Filling up the DagBag from /home/airflow/.local/lib/python3.12/site-packages/airflow/example_dags/example_branch_operator.py
[2024-09-11T13:55:31.436+0000] {processor.py:925} INFO - DAG(s) 'example_branch_operator' retrieved from /home/airflow/.local/lib/python3.12/site-packages/airflow/example_dags/example_branch_operator.py
[2024-09-11T13:55:31.453+0000] {logging_mixin.py:190} INFO - [2024-09-11T13:55:31.453+0000] {dag.py:3229} INFO - Sync 1 DAGs
[2024-09-11T13:55:31.468+0000] {logging_mixin.py:190} INFO - [2024-09-11T13:55:31.468+0000] {dag.py:4156} INFO - Setting next_dagrun for example_branch_operator to 2024-09-10 00:00:00+00:00, run_after=2024-09-11 00:00:00+00:00
[2024-09-11T13:55:31.478+0000] {processor.py:208} INFO - Processing /home/airflow/.local/lib/python3.12/site-packages/airflow/example_dags/example_branch_operator.py took 0.068 seconds
[2024-09-11T13:56:01.786+0000] {processor.py:186} INFO - Started process (PID=1811) to work on /home/airflow/.local/lib/python3.12/site-packages/airflow/example_dags/example_branch_operator.py
[2024-09-11T13:56:01.787+0000] {processor.py:914} INFO - Processing file /home/airflow/.local/lib/python3.12/site-packages/airflow/example_dags/example_branch_operator.py for tasks to queue
[2024-09-11T13:56:01.789+0000] {logging_mixin.py:190} INFO - [2024-09-11T13:56:01.789+0000] {dagbag.py:587} INFO - Filling up the DagBag from /home/airflow/.local/lib/python3.12/site-packages/airflow/example_dags/example_branch_operator.py
[2024-09-11T13:56:01.804+0000] {processor.py:925} INFO - DAG(s) 'example_branch_operator' retrieved from /home/airflow/.local/lib/python3.12/site-packages/airflow/example_dags/example_branch_operator.py
[2024-09-11T13:56:01.822+0000] {logging_mixin.py:190} INFO - [2024-09-11T13:56:01.821+0000] {dag.py:3229} INFO - Sync 1 DAGs
[2024-09-11T13:56:01.835+0000] {logging_mixin.py:190} INFO - [2024-09-11T13:56:01.835+0000] {dag.py:4156} INFO - Setting next_dagrun for example_branch_operator to 2024-09-10 00:00:00+00:00, run_after=2024-09-11 00:00:00+00:00
[2024-09-11T13:56:01.845+0000] {processor.py:208} INFO - Processing /home/airflow/.local/lib/python3.12/site-packages/airflow/example_dags/example_branch_operator.py took 0.066 seconds
[2024-09-11T13:56:32.160+0000] {processor.py:186} INFO - Started process (PID=1867) to work on /home/airflow/.local/lib/python3.12/site-packages/airflow/example_dags/example_branch_operator.py
[2024-09-11T13:56:32.161+0000] {processor.py:914} INFO - Processing file /home/airflow/.local/lib/python3.12/site-packages/airflow/example_dags/example_branch_operator.py for tasks to queue
[2024-09-11T13:56:32.165+0000] {logging_mixin.py:190} INFO - [2024-09-11T13:56:32.164+0000] {dagbag.py:587} INFO - Filling up the DagBag from /home/airflow/.local/lib/python3.12/site-packages/airflow/example_dags/example_branch_operator.py
[2024-09-11T13:56:32.181+0000] {processor.py:925} INFO - DAG(s) 'example_branch_operator' retrieved from /home/airflow/.local/lib/python3.12/site-packages/airflow/example_dags/example_branch_operator.py
[2024-09-11T13:56:32.198+0000] {logging_mixin.py:190} INFO - [2024-09-11T13:56:32.198+0000] {dag.py:3229} INFO - Sync 1 DAGs
[2024-09-11T13:56:32.211+0000] {logging_mixin.py:190} INFO - [2024-09-11T13:56:32.211+0000] {dag.py:4156} INFO - Setting next_dagrun for example_branch_operator to 2024-09-10 00:00:00+00:00, run_after=2024-09-11 00:00:00+00:00
[2024-09-11T13:56:32.220+0000] {processor.py:208} INFO - Processing /home/airflow/.local/lib/python3.12/site-packages/airflow/example_dags/example_branch_operator.py took 0.068 seconds
[2024-09-11T13:57:02.476+0000] {processor.py:186} INFO - Started process (PID=1923) to work on /home/airflow/.local/lib/python3.12/site-packages/airflow/example_dags/example_branch_operator.py
[2024-09-11T13:57:02.478+0000] {processor.py:914} INFO - Processing file /home/airflow/.local/lib/python3.12/site-packages/airflow/example_dags/example_branch_operator.py for tasks to queue
[2024-09-11T13:57:02.481+0000] {logging_mixin.py:190} INFO - [2024-09-11T13:57:02.480+0000] {dagbag.py:587} INFO - Filling up the DagBag from /home/airflow/.local/lib/python3.12/site-packages/airflow/example_dags/example_branch_operator.py
[2024-09-11T13:57:02.497+0000] {processor.py:925} INFO - DAG(s) 'example_branch_operator' retrieved from /home/airflow/.local/lib/python3.12/site-packages/airflow/example_dags/example_branch_operator.py
[2024-09-11T13:57:02.515+0000] {logging_mixin.py:190} INFO - [2024-09-11T13:57:02.514+0000] {dag.py:3229} INFO - Sync 1 DAGs
[2024-09-11T13:57:02.528+0000] {logging_mixin.py:190} INFO - [2024-09-11T13:57:02.527+0000] {dag.py:4156} INFO - Setting next_dagrun for example_branch_operator to 2024-09-10 00:00:00+00:00, run_after=2024-09-11 00:00:00+00:00
[2024-09-11T13:57:02.536+0000] {processor.py:208} INFO - Processing /home/airflow/.local/lib/python3.12/site-packages/airflow/example_dags/example_branch_operator.py took 0.068 seconds
[2024-09-11T13:57:32.829+0000] {processor.py:186} INFO - Started process (PID=1979) to work on /home/airflow/.local/lib/python3.12/site-packages/airflow/example_dags/example_branch_operator.py
[2024-09-11T13:57:32.831+0000] {processor.py:914} INFO - Processing file /home/airflow/.local/lib/python3.12/site-packages/airflow/example_dags/example_branch_operator.py for tasks to queue
[2024-09-11T13:57:32.834+0000] {logging_mixin.py:190} INFO - [2024-09-11T13:57:32.834+0000] {dagbag.py:587} INFO - Filling up the DagBag from /home/airflow/.local/lib/python3.12/site-packages/airflow/example_dags/example_branch_operator.py
[2024-09-11T13:57:32.855+0000] {processor.py:925} INFO - DAG(s) 'example_branch_operator' retrieved from /home/airflow/.local/lib/python3.12/site-packages/airflow/example_dags/example_branch_operator.py
[2024-09-11T13:57:32.875+0000] {logging_mixin.py:190} INFO - [2024-09-11T13:57:32.875+0000] {dag.py:3229} INFO - Sync 1 DAGs
[2024-09-11T13:57:32.888+0000] {logging_mixin.py:190} INFO - [2024-09-11T13:57:32.888+0000] {dag.py:4156} INFO - Setting next_dagrun for example_branch_operator to 2024-09-10 00:00:00+00:00, run_after=2024-09-11 00:00:00+00:00
[2024-09-11T13:57:32.898+0000] {processor.py:208} INFO - Processing /home/airflow/.local/lib/python3.12/site-packages/airflow/example_dags/example_branch_operator.py took 0.080 seconds
[2024-09-11T13:58:03.275+0000] {processor.py:186} INFO - Started process (PID=2035) to work on /home/airflow/.local/lib/python3.12/site-packages/airflow/example_dags/example_branch_operator.py
[2024-09-11T13:58:03.276+0000] {processor.py:914} INFO - Processing file /home/airflow/.local/lib/python3.12/site-packages/airflow/example_dags/example_branch_operator.py for tasks to queue
[2024-09-11T13:58:03.278+0000] {logging_mixin.py:190} INFO - [2024-09-11T13:58:03.278+0000] {dagbag.py:587} INFO - Filling up the DagBag from /home/airflow/.local/lib/python3.12/site-packages/airflow/example_dags/example_branch_operator.py
[2024-09-11T13:58:03.295+0000] {processor.py:925} INFO - DAG(s) 'example_branch_operator' retrieved from /home/airflow/.local/lib/python3.12/site-packages/airflow/example_dags/example_branch_operator.py
[2024-09-11T13:58:03.328+0000] {logging_mixin.py:190} INFO - [2024-09-11T13:58:03.328+0000] {dag.py:3229} INFO - Sync 1 DAGs
[2024-09-11T13:58:03.361+0000] {logging_mixin.py:190} INFO - [2024-09-11T13:58:03.361+0000] {dag.py:4156} INFO - Setting next_dagrun for example_branch_operator to 2024-09-10 00:00:00+00:00, run_after=2024-09-11 00:00:00+00:00
[2024-09-11T13:58:03.379+0000] {processor.py:208} INFO - Processing /home/airflow/.local/lib/python3.12/site-packages/airflow/example_dags/example_branch_operator.py took 0.112 seconds
