[2024-09-11T13:40:11.133+0000] {processor.py:186} INFO - Started process (PID=37) to work on /home/airflow/.local/lib/python3.12/site-packages/airflow/example_dags/example_branch_datetime_operator.py
[2024-09-11T13:40:11.139+0000] {processor.py:914} INFO - Processing file /home/airflow/.local/lib/python3.12/site-packages/airflow/example_dags/example_branch_datetime_operator.py for tasks to queue
[2024-09-11T13:40:11.147+0000] {logging_mixin.py:190} INFO - [2024-09-11T13:40:11.147+0000] {dagbag.py:587} INFO - Filling up the DagBag from /home/airflow/.local/lib/python3.12/site-packages/airflow/example_dags/example_branch_datetime_operator.py
[2024-09-11T13:40:11.178+0000] {processor.py:925} INFO - DAG(s) 'example_branch_datetime_operator_3', 'example_branch_datetime_operator', 'example_branch_datetime_operator_2' retrieved from /home/airflow/.local/lib/python3.12/site-packages/airflow/example_dags/example_branch_datetime_operator.py
[2024-09-11T13:40:11.406+0000] {logging_mixin.py:190} INFO - [2024-09-11T13:40:11.405+0000] {override.py:1900} INFO - Created Permission View: can read on DAG:example_branch_datetime_operator_3
[2024-09-11T13:40:11.421+0000] {logging_mixin.py:190} INFO - [2024-09-11T13:40:11.421+0000] {override.py:1900} INFO - Created Permission View: can delete on DAG:example_branch_datetime_operator_3
[2024-09-11T13:40:11.446+0000] {logging_mixin.py:190} INFO - [2024-09-11T13:40:11.445+0000] {override.py:1900} INFO - Created Permission View: can edit on DAG:example_branch_datetime_operator_3
[2024-09-11T13:40:11.463+0000] {logging_mixin.py:190} INFO - [2024-09-11T13:40:11.463+0000] {override.py:1900} INFO - Created Permission View: can read on DAG Run:example_branch_datetime_operator_3
[2024-09-11T13:40:11.471+0000] {logging_mixin.py:190} INFO - [2024-09-11T13:40:11.471+0000] {override.py:1900} INFO - Created Permission View: can create on DAG Run:example_branch_datetime_operator_3
[2024-09-11T13:40:11.480+0000] {logging_mixin.py:190} INFO - [2024-09-11T13:40:11.479+0000] {override.py:1900} INFO - Created Permission View: menu access on DAG Run:example_branch_datetime_operator_3
[2024-09-11T13:40:11.493+0000] {logging_mixin.py:190} INFO - [2024-09-11T13:40:11.492+0000] {override.py:1900} INFO - Created Permission View: can delete on DAG Run:example_branch_datetime_operator_3
[2024-09-11T13:40:11.512+0000] {logging_mixin.py:190} INFO - [2024-09-11T13:40:11.511+0000] {override.py:1900} INFO - Created Permission View: can read on DAG:example_branch_datetime_operator
[2024-09-11T13:40:11.524+0000] {logging_mixin.py:190} INFO - [2024-09-11T13:40:11.523+0000] {override.py:1900} INFO - Created Permission View: can delete on DAG:example_branch_datetime_operator
[2024-09-11T13:40:11.535+0000] {logging_mixin.py:190} INFO - [2024-09-11T13:40:11.534+0000] {override.py:1900} INFO - Created Permission View: can edit on DAG:example_branch_datetime_operator
[2024-09-11T13:40:11.544+0000] {logging_mixin.py:190} INFO - [2024-09-11T13:40:11.544+0000] {override.py:1900} INFO - Created Permission View: can read on DAG Run:example_branch_datetime_operator
[2024-09-11T13:40:11.550+0000] {logging_mixin.py:190} INFO - [2024-09-11T13:40:11.550+0000] {override.py:1900} INFO - Created Permission View: can create on DAG Run:example_branch_datetime_operator
[2024-09-11T13:40:11.559+0000] {logging_mixin.py:190} INFO - [2024-09-11T13:40:11.559+0000] {override.py:1900} INFO - Created Permission View: menu access on DAG Run:example_branch_datetime_operator
[2024-09-11T13:40:11.565+0000] {logging_mixin.py:190} INFO - [2024-09-11T13:40:11.565+0000] {override.py:1900} INFO - Created Permission View: can delete on DAG Run:example_branch_datetime_operator
[2024-09-11T13:40:11.591+0000] {logging_mixin.py:190} INFO - [2024-09-11T13:40:11.590+0000] {override.py:1900} INFO - Created Permission View: can read on DAG:example_branch_datetime_operator_2
[2024-09-11T13:40:11.597+0000] {logging_mixin.py:190} INFO - [2024-09-11T13:40:11.596+0000] {override.py:1900} INFO - Created Permission View: can delete on DAG:example_branch_datetime_operator_2
[2024-09-11T13:40:11.607+0000] {logging_mixin.py:190} INFO - [2024-09-11T13:40:11.607+0000] {override.py:1900} INFO - Created Permission View: can edit on DAG:example_branch_datetime_operator_2
[2024-09-11T13:40:11.618+0000] {logging_mixin.py:190} INFO - [2024-09-11T13:40:11.617+0000] {override.py:1900} INFO - Created Permission View: can read on DAG Run:example_branch_datetime_operator_2
[2024-09-11T13:40:11.624+0000] {logging_mixin.py:190} INFO - [2024-09-11T13:40:11.623+0000] {override.py:1900} INFO - Created Permission View: can create on DAG Run:example_branch_datetime_operator_2
[2024-09-11T13:40:11.630+0000] {logging_mixin.py:190} INFO - [2024-09-11T13:40:11.630+0000] {override.py:1900} INFO - Created Permission View: menu access on DAG Run:example_branch_datetime_operator_2
[2024-09-11T13:40:11.640+0000] {logging_mixin.py:190} INFO - [2024-09-11T13:40:11.640+0000] {override.py:1900} INFO - Created Permission View: can delete on DAG Run:example_branch_datetime_operator_2
[2024-09-11T13:40:11.641+0000] {logging_mixin.py:190} INFO - [2024-09-11T13:40:11.641+0000] {dag.py:3229} INFO - Sync 3 DAGs
[2024-09-11T13:40:11.665+0000] {logging_mixin.py:190} INFO - [2024-09-11T13:40:11.664+0000] {dag.py:3252} INFO - Creating ORM DAG for example_branch_datetime_operator
[2024-09-11T13:40:11.666+0000] {logging_mixin.py:190} INFO - [2024-09-11T13:40:11.666+0000] {dag.py:3252} INFO - Creating ORM DAG for example_branch_datetime_operator_3
[2024-09-11T13:40:11.668+0000] {logging_mixin.py:190} INFO - [2024-09-11T13:40:11.667+0000] {dag.py:3252} INFO - Creating ORM DAG for example_branch_datetime_operator_2
[2024-09-11T13:40:11.679+0000] {logging_mixin.py:190} INFO - [2024-09-11T13:40:11.679+0000] {dag.py:4156} INFO - Setting next_dagrun for example_branch_datetime_operator to 2024-09-10 00:00:00+00:00, run_after=2024-09-11 00:00:00+00:00
[2024-09-11T13:40:11.681+0000] {logging_mixin.py:190} INFO - [2024-09-11T13:40:11.681+0000] {dag.py:4156} INFO - Setting next_dagrun for example_branch_datetime_operator_2 to 2024-09-10 00:00:00+00:00, run_after=2024-09-11 00:00:00+00:00
[2024-09-11T13:40:11.683+0000] {logging_mixin.py:190} INFO - [2024-09-11T13:40:11.683+0000] {dag.py:4156} INFO - Setting next_dagrun for example_branch_datetime_operator_3 to 2024-09-10 00:00:00+00:00, run_after=2024-09-11 00:00:00+00:00
[2024-09-11T13:40:11.702+0000] {processor.py:208} INFO - Processing /home/airflow/.local/lib/python3.12/site-packages/airflow/example_dags/example_branch_datetime_operator.py took 0.584 seconds
[2024-09-11T13:40:41.815+0000] {processor.py:186} INFO - Started process (PID=92) to work on /home/airflow/.local/lib/python3.12/site-packages/airflow/example_dags/example_branch_datetime_operator.py
[2024-09-11T13:40:41.817+0000] {processor.py:914} INFO - Processing file /home/airflow/.local/lib/python3.12/site-packages/airflow/example_dags/example_branch_datetime_operator.py for tasks to queue
[2024-09-11T13:40:41.821+0000] {logging_mixin.py:190} INFO - [2024-09-11T13:40:41.821+0000] {dagbag.py:587} INFO - Filling up the DagBag from /home/airflow/.local/lib/python3.12/site-packages/airflow/example_dags/example_branch_datetime_operator.py
[2024-09-11T13:40:41.854+0000] {processor.py:925} INFO - DAG(s) 'example_branch_datetime_operator_3', 'example_branch_datetime_operator_2', 'example_branch_datetime_operator' retrieved from /home/airflow/.local/lib/python3.12/site-packages/airflow/example_dags/example_branch_datetime_operator.py
[2024-09-11T13:40:41.896+0000] {logging_mixin.py:190} INFO - [2024-09-11T13:40:41.895+0000] {dag.py:3229} INFO - Sync 3 DAGs
[2024-09-11T13:40:41.953+0000] {logging_mixin.py:190} INFO - [2024-09-11T13:40:41.953+0000] {dag.py:4156} INFO - Setting next_dagrun for example_branch_datetime_operator to 2024-09-10 00:00:00+00:00, run_after=2024-09-11 00:00:00+00:00
[2024-09-11T13:40:41.962+0000] {logging_mixin.py:190} INFO - [2024-09-11T13:40:41.962+0000] {dag.py:4156} INFO - Setting next_dagrun for example_branch_datetime_operator_2 to 2024-09-10 00:00:00+00:00, run_after=2024-09-11 00:00:00+00:00
[2024-09-11T13:40:41.967+0000] {logging_mixin.py:190} INFO - [2024-09-11T13:40:41.967+0000] {dag.py:4156} INFO - Setting next_dagrun for example_branch_datetime_operator_3 to 2024-09-10 00:00:00+00:00, run_after=2024-09-11 00:00:00+00:00
[2024-09-11T13:40:42.004+0000] {processor.py:208} INFO - Processing /home/airflow/.local/lib/python3.12/site-packages/airflow/example_dags/example_branch_datetime_operator.py took 0.196 seconds
[2024-09-11T13:41:12.027+0000] {processor.py:186} INFO - Started process (PID=148) to work on /home/airflow/.local/lib/python3.12/site-packages/airflow/example_dags/example_branch_datetime_operator.py
[2024-09-11T13:41:12.028+0000] {processor.py:914} INFO - Processing file /home/airflow/.local/lib/python3.12/site-packages/airflow/example_dags/example_branch_datetime_operator.py for tasks to queue
[2024-09-11T13:41:12.030+0000] {logging_mixin.py:190} INFO - [2024-09-11T13:41:12.030+0000] {dagbag.py:587} INFO - Filling up the DagBag from /home/airflow/.local/lib/python3.12/site-packages/airflow/example_dags/example_branch_datetime_operator.py
[2024-09-11T13:41:12.039+0000] {processor.py:925} INFO - DAG(s) 'example_branch_datetime_operator_2', 'example_branch_datetime_operator', 'example_branch_datetime_operator_3' retrieved from /home/airflow/.local/lib/python3.12/site-packages/airflow/example_dags/example_branch_datetime_operator.py
[2024-09-11T13:41:12.069+0000] {logging_mixin.py:190} INFO - [2024-09-11T13:41:12.069+0000] {dag.py:3229} INFO - Sync 3 DAGs
[2024-09-11T13:41:12.084+0000] {logging_mixin.py:190} INFO - [2024-09-11T13:41:12.084+0000] {dag.py:4156} INFO - Setting next_dagrun for example_branch_datetime_operator to 2024-09-10 00:00:00+00:00, run_after=2024-09-11 00:00:00+00:00
[2024-09-11T13:41:12.088+0000] {logging_mixin.py:190} INFO - [2024-09-11T13:41:12.087+0000] {dag.py:4156} INFO - Setting next_dagrun for example_branch_datetime_operator_2 to 2024-09-10 00:00:00+00:00, run_after=2024-09-11 00:00:00+00:00
[2024-09-11T13:41:12.089+0000] {logging_mixin.py:190} INFO - [2024-09-11T13:41:12.089+0000] {dag.py:4156} INFO - Setting next_dagrun for example_branch_datetime_operator_3 to 2024-09-10 00:00:00+00:00, run_after=2024-09-11 00:00:00+00:00
[2024-09-11T13:41:12.098+0000] {processor.py:208} INFO - Processing /home/airflow/.local/lib/python3.12/site-packages/airflow/example_dags/example_branch_datetime_operator.py took 0.076 seconds
[2024-09-11T13:41:42.913+0000] {processor.py:186} INFO - Started process (PID=204) to work on /home/airflow/.local/lib/python3.12/site-packages/airflow/example_dags/example_branch_datetime_operator.py
[2024-09-11T13:41:42.913+0000] {processor.py:914} INFO - Processing file /home/airflow/.local/lib/python3.12/site-packages/airflow/example_dags/example_branch_datetime_operator.py for tasks to queue
[2024-09-11T13:41:42.915+0000] {logging_mixin.py:190} INFO - [2024-09-11T13:41:42.915+0000] {dagbag.py:587} INFO - Filling up the DagBag from /home/airflow/.local/lib/python3.12/site-packages/airflow/example_dags/example_branch_datetime_operator.py
[2024-09-11T13:41:42.921+0000] {processor.py:925} INFO - DAG(s) 'example_branch_datetime_operator_2', 'example_branch_datetime_operator', 'example_branch_datetime_operator_3' retrieved from /home/airflow/.local/lib/python3.12/site-packages/airflow/example_dags/example_branch_datetime_operator.py
[2024-09-11T13:41:42.934+0000] {logging_mixin.py:190} INFO - [2024-09-11T13:41:42.934+0000] {dag.py:3229} INFO - Sync 3 DAGs
[2024-09-11T13:41:42.946+0000] {logging_mixin.py:190} INFO - [2024-09-11T13:41:42.946+0000] {dag.py:4156} INFO - Setting next_dagrun for example_branch_datetime_operator to 2024-09-10 00:00:00+00:00, run_after=2024-09-11 00:00:00+00:00
[2024-09-11T13:41:42.948+0000] {logging_mixin.py:190} INFO - [2024-09-11T13:41:42.948+0000] {dag.py:4156} INFO - Setting next_dagrun for example_branch_datetime_operator_2 to 2024-09-10 00:00:00+00:00, run_after=2024-09-11 00:00:00+00:00
[2024-09-11T13:41:42.949+0000] {logging_mixin.py:190} INFO - [2024-09-11T13:41:42.949+0000] {dag.py:4156} INFO - Setting next_dagrun for example_branch_datetime_operator_3 to 2024-09-10 00:00:00+00:00, run_after=2024-09-11 00:00:00+00:00
[2024-09-11T13:41:42.957+0000] {processor.py:208} INFO - Processing /home/airflow/.local/lib/python3.12/site-packages/airflow/example_dags/example_branch_datetime_operator.py took 0.047 seconds
[2024-09-11T13:42:13.347+0000] {processor.py:186} INFO - Started process (PID=260) to work on /home/airflow/.local/lib/python3.12/site-packages/airflow/example_dags/example_branch_datetime_operator.py
[2024-09-11T13:42:13.348+0000] {processor.py:914} INFO - Processing file /home/airflow/.local/lib/python3.12/site-packages/airflow/example_dags/example_branch_datetime_operator.py for tasks to queue
[2024-09-11T13:42:13.349+0000] {logging_mixin.py:190} INFO - [2024-09-11T13:42:13.349+0000] {dagbag.py:587} INFO - Filling up the DagBag from /home/airflow/.local/lib/python3.12/site-packages/airflow/example_dags/example_branch_datetime_operator.py
[2024-09-11T13:42:13.356+0000] {processor.py:925} INFO - DAG(s) 'example_branch_datetime_operator_2', 'example_branch_datetime_operator_3', 'example_branch_datetime_operator' retrieved from /home/airflow/.local/lib/python3.12/site-packages/airflow/example_dags/example_branch_datetime_operator.py
[2024-09-11T13:42:13.368+0000] {logging_mixin.py:190} INFO - [2024-09-11T13:42:13.368+0000] {dag.py:3229} INFO - Sync 3 DAGs
[2024-09-11T13:42:13.379+0000] {logging_mixin.py:190} INFO - [2024-09-11T13:42:13.379+0000] {dag.py:4156} INFO - Setting next_dagrun for example_branch_datetime_operator to 2024-09-10 00:00:00+00:00, run_after=2024-09-11 00:00:00+00:00
[2024-09-11T13:42:13.381+0000] {logging_mixin.py:190} INFO - [2024-09-11T13:42:13.381+0000] {dag.py:4156} INFO - Setting next_dagrun for example_branch_datetime_operator_2 to 2024-09-10 00:00:00+00:00, run_after=2024-09-11 00:00:00+00:00
[2024-09-11T13:42:13.383+0000] {logging_mixin.py:190} INFO - [2024-09-11T13:42:13.382+0000] {dag.py:4156} INFO - Setting next_dagrun for example_branch_datetime_operator_3 to 2024-09-10 00:00:00+00:00, run_after=2024-09-11 00:00:00+00:00
[2024-09-11T13:42:13.389+0000] {processor.py:208} INFO - Processing /home/airflow/.local/lib/python3.12/site-packages/airflow/example_dags/example_branch_datetime_operator.py took 0.045 seconds
[2024-09-11T13:42:43.505+0000] {processor.py:186} INFO - Started process (PID=316) to work on /home/airflow/.local/lib/python3.12/site-packages/airflow/example_dags/example_branch_datetime_operator.py
[2024-09-11T13:42:43.505+0000] {processor.py:914} INFO - Processing file /home/airflow/.local/lib/python3.12/site-packages/airflow/example_dags/example_branch_datetime_operator.py for tasks to queue
[2024-09-11T13:42:43.507+0000] {logging_mixin.py:190} INFO - [2024-09-11T13:42:43.506+0000] {dagbag.py:587} INFO - Filling up the DagBag from /home/airflow/.local/lib/python3.12/site-packages/airflow/example_dags/example_branch_datetime_operator.py
[2024-09-11T13:42:43.513+0000] {processor.py:925} INFO - DAG(s) 'example_branch_datetime_operator', 'example_branch_datetime_operator_2', 'example_branch_datetime_operator_3' retrieved from /home/airflow/.local/lib/python3.12/site-packages/airflow/example_dags/example_branch_datetime_operator.py
[2024-09-11T13:42:43.526+0000] {logging_mixin.py:190} INFO - [2024-09-11T13:42:43.525+0000] {dag.py:3229} INFO - Sync 3 DAGs
[2024-09-11T13:42:43.536+0000] {logging_mixin.py:190} INFO - [2024-09-11T13:42:43.536+0000] {dag.py:4156} INFO - Setting next_dagrun for example_branch_datetime_operator to 2024-09-10 00:00:00+00:00, run_after=2024-09-11 00:00:00+00:00
[2024-09-11T13:42:43.539+0000] {logging_mixin.py:190} INFO - [2024-09-11T13:42:43.538+0000] {dag.py:4156} INFO - Setting next_dagrun for example_branch_datetime_operator_2 to 2024-09-10 00:00:00+00:00, run_after=2024-09-11 00:00:00+00:00
[2024-09-11T13:42:43.540+0000] {logging_mixin.py:190} INFO - [2024-09-11T13:42:43.540+0000] {dag.py:4156} INFO - Setting next_dagrun for example_branch_datetime_operator_3 to 2024-09-10 00:00:00+00:00, run_after=2024-09-11 00:00:00+00:00
[2024-09-11T13:42:43.547+0000] {processor.py:208} INFO - Processing /home/airflow/.local/lib/python3.12/site-packages/airflow/example_dags/example_branch_datetime_operator.py took 0.045 seconds
[2024-09-11T13:43:13.826+0000] {processor.py:186} INFO - Started process (PID=372) to work on /home/airflow/.local/lib/python3.12/site-packages/airflow/example_dags/example_branch_datetime_operator.py
[2024-09-11T13:43:13.827+0000] {processor.py:914} INFO - Processing file /home/airflow/.local/lib/python3.12/site-packages/airflow/example_dags/example_branch_datetime_operator.py for tasks to queue
[2024-09-11T13:43:13.829+0000] {logging_mixin.py:190} INFO - [2024-09-11T13:43:13.829+0000] {dagbag.py:587} INFO - Filling up the DagBag from /home/airflow/.local/lib/python3.12/site-packages/airflow/example_dags/example_branch_datetime_operator.py
[2024-09-11T13:43:13.839+0000] {processor.py:925} INFO - DAG(s) 'example_branch_datetime_operator_3', 'example_branch_datetime_operator', 'example_branch_datetime_operator_2' retrieved from /home/airflow/.local/lib/python3.12/site-packages/airflow/example_dags/example_branch_datetime_operator.py
[2024-09-11T13:43:13.852+0000] {logging_mixin.py:190} INFO - [2024-09-11T13:43:13.852+0000] {dag.py:3229} INFO - Sync 3 DAGs
[2024-09-11T13:43:13.864+0000] {logging_mixin.py:190} INFO - [2024-09-11T13:43:13.864+0000] {dag.py:4156} INFO - Setting next_dagrun for example_branch_datetime_operator to 2024-09-10 00:00:00+00:00, run_after=2024-09-11 00:00:00+00:00
[2024-09-11T13:43:13.866+0000] {logging_mixin.py:190} INFO - [2024-09-11T13:43:13.866+0000] {dag.py:4156} INFO - Setting next_dagrun for example_branch_datetime_operator_2 to 2024-09-10 00:00:00+00:00, run_after=2024-09-11 00:00:00+00:00
[2024-09-11T13:43:13.867+0000] {logging_mixin.py:190} INFO - [2024-09-11T13:43:13.867+0000] {dag.py:4156} INFO - Setting next_dagrun for example_branch_datetime_operator_3 to 2024-09-10 00:00:00+00:00, run_after=2024-09-11 00:00:00+00:00
[2024-09-11T13:43:13.874+0000] {processor.py:208} INFO - Processing /home/airflow/.local/lib/python3.12/site-packages/airflow/example_dags/example_branch_datetime_operator.py took 0.051 seconds
[2024-09-11T13:43:43.987+0000] {processor.py:186} INFO - Started process (PID=428) to work on /home/airflow/.local/lib/python3.12/site-packages/airflow/example_dags/example_branch_datetime_operator.py
[2024-09-11T13:43:43.988+0000] {processor.py:914} INFO - Processing file /home/airflow/.local/lib/python3.12/site-packages/airflow/example_dags/example_branch_datetime_operator.py for tasks to queue
[2024-09-11T13:43:43.989+0000] {logging_mixin.py:190} INFO - [2024-09-11T13:43:43.989+0000] {dagbag.py:587} INFO - Filling up the DagBag from /home/airflow/.local/lib/python3.12/site-packages/airflow/example_dags/example_branch_datetime_operator.py
[2024-09-11T13:43:43.996+0000] {processor.py:925} INFO - DAG(s) 'example_branch_datetime_operator', 'example_branch_datetime_operator_2', 'example_branch_datetime_operator_3' retrieved from /home/airflow/.local/lib/python3.12/site-packages/airflow/example_dags/example_branch_datetime_operator.py
[2024-09-11T13:43:44.008+0000] {logging_mixin.py:190} INFO - [2024-09-11T13:43:44.007+0000] {dag.py:3229} INFO - Sync 3 DAGs
[2024-09-11T13:43:44.018+0000] {logging_mixin.py:190} INFO - [2024-09-11T13:43:44.018+0000] {dag.py:4156} INFO - Setting next_dagrun for example_branch_datetime_operator to 2024-09-10 00:00:00+00:00, run_after=2024-09-11 00:00:00+00:00
[2024-09-11T13:43:44.020+0000] {logging_mixin.py:190} INFO - [2024-09-11T13:43:44.020+0000] {dag.py:4156} INFO - Setting next_dagrun for example_branch_datetime_operator_2 to 2024-09-10 00:00:00+00:00, run_after=2024-09-11 00:00:00+00:00
[2024-09-11T13:43:44.021+0000] {logging_mixin.py:190} INFO - [2024-09-11T13:43:44.021+0000] {dag.py:4156} INFO - Setting next_dagrun for example_branch_datetime_operator_3 to 2024-09-10 00:00:00+00:00, run_after=2024-09-11 00:00:00+00:00
[2024-09-11T13:43:44.028+0000] {processor.py:208} INFO - Processing /home/airflow/.local/lib/python3.12/site-packages/airflow/example_dags/example_branch_datetime_operator.py took 0.044 seconds
[2024-09-11T13:44:14.252+0000] {processor.py:186} INFO - Started process (PID=484) to work on /home/airflow/.local/lib/python3.12/site-packages/airflow/example_dags/example_branch_datetime_operator.py
[2024-09-11T13:44:14.252+0000] {processor.py:914} INFO - Processing file /home/airflow/.local/lib/python3.12/site-packages/airflow/example_dags/example_branch_datetime_operator.py for tasks to queue
[2024-09-11T13:44:14.254+0000] {logging_mixin.py:190} INFO - [2024-09-11T13:44:14.253+0000] {dagbag.py:587} INFO - Filling up the DagBag from /home/airflow/.local/lib/python3.12/site-packages/airflow/example_dags/example_branch_datetime_operator.py
[2024-09-11T13:44:14.260+0000] {processor.py:925} INFO - DAG(s) 'example_branch_datetime_operator', 'example_branch_datetime_operator_2', 'example_branch_datetime_operator_3' retrieved from /home/airflow/.local/lib/python3.12/site-packages/airflow/example_dags/example_branch_datetime_operator.py
[2024-09-11T13:44:14.272+0000] {logging_mixin.py:190} INFO - [2024-09-11T13:44:14.272+0000] {dag.py:3229} INFO - Sync 3 DAGs
[2024-09-11T13:44:14.283+0000] {logging_mixin.py:190} INFO - [2024-09-11T13:44:14.283+0000] {dag.py:4156} INFO - Setting next_dagrun for example_branch_datetime_operator to 2024-09-10 00:00:00+00:00, run_after=2024-09-11 00:00:00+00:00
[2024-09-11T13:44:14.285+0000] {logging_mixin.py:190} INFO - [2024-09-11T13:44:14.285+0000] {dag.py:4156} INFO - Setting next_dagrun for example_branch_datetime_operator_2 to 2024-09-10 00:00:00+00:00, run_after=2024-09-11 00:00:00+00:00
[2024-09-11T13:44:14.286+0000] {logging_mixin.py:190} INFO - [2024-09-11T13:44:14.286+0000] {dag.py:4156} INFO - Setting next_dagrun for example_branch_datetime_operator_3 to 2024-09-10 00:00:00+00:00, run_after=2024-09-11 00:00:00+00:00
[2024-09-11T13:44:14.292+0000] {processor.py:208} INFO - Processing /home/airflow/.local/lib/python3.12/site-packages/airflow/example_dags/example_branch_datetime_operator.py took 0.044 seconds
[2024-09-11T13:44:44.508+0000] {processor.py:186} INFO - Started process (PID=540) to work on /home/airflow/.local/lib/python3.12/site-packages/airflow/example_dags/example_branch_datetime_operator.py
[2024-09-11T13:44:44.509+0000] {processor.py:914} INFO - Processing file /home/airflow/.local/lib/python3.12/site-packages/airflow/example_dags/example_branch_datetime_operator.py for tasks to queue
[2024-09-11T13:44:44.510+0000] {logging_mixin.py:190} INFO - [2024-09-11T13:44:44.510+0000] {dagbag.py:587} INFO - Filling up the DagBag from /home/airflow/.local/lib/python3.12/site-packages/airflow/example_dags/example_branch_datetime_operator.py
[2024-09-11T13:44:44.517+0000] {processor.py:925} INFO - DAG(s) 'example_branch_datetime_operator_3', 'example_branch_datetime_operator_2', 'example_branch_datetime_operator' retrieved from /home/airflow/.local/lib/python3.12/site-packages/airflow/example_dags/example_branch_datetime_operator.py
[2024-09-11T13:44:44.529+0000] {logging_mixin.py:190} INFO - [2024-09-11T13:44:44.529+0000] {dag.py:3229} INFO - Sync 3 DAGs
[2024-09-11T13:44:44.540+0000] {logging_mixin.py:190} INFO - [2024-09-11T13:44:44.540+0000] {dag.py:4156} INFO - Setting next_dagrun for example_branch_datetime_operator to 2024-09-10 00:00:00+00:00, run_after=2024-09-11 00:00:00+00:00
[2024-09-11T13:44:44.542+0000] {logging_mixin.py:190} INFO - [2024-09-11T13:44:44.542+0000] {dag.py:4156} INFO - Setting next_dagrun for example_branch_datetime_operator_2 to 2024-09-10 00:00:00+00:00, run_after=2024-09-11 00:00:00+00:00
[2024-09-11T13:44:44.543+0000] {logging_mixin.py:190} INFO - [2024-09-11T13:44:44.543+0000] {dag.py:4156} INFO - Setting next_dagrun for example_branch_datetime_operator_3 to 2024-09-10 00:00:00+00:00, run_after=2024-09-11 00:00:00+00:00
[2024-09-11T13:44:44.550+0000] {processor.py:208} INFO - Processing /home/airflow/.local/lib/python3.12/site-packages/airflow/example_dags/example_branch_datetime_operator.py took 0.045 seconds
[2024-09-11T13:45:14.800+0000] {processor.py:186} INFO - Started process (PID=596) to work on /home/airflow/.local/lib/python3.12/site-packages/airflow/example_dags/example_branch_datetime_operator.py
[2024-09-11T13:45:14.801+0000] {processor.py:914} INFO - Processing file /home/airflow/.local/lib/python3.12/site-packages/airflow/example_dags/example_branch_datetime_operator.py for tasks to queue
[2024-09-11T13:45:14.802+0000] {logging_mixin.py:190} INFO - [2024-09-11T13:45:14.802+0000] {dagbag.py:587} INFO - Filling up the DagBag from /home/airflow/.local/lib/python3.12/site-packages/airflow/example_dags/example_branch_datetime_operator.py
[2024-09-11T13:45:14.809+0000] {processor.py:925} INFO - DAG(s) 'example_branch_datetime_operator_2', 'example_branch_datetime_operator_3', 'example_branch_datetime_operator' retrieved from /home/airflow/.local/lib/python3.12/site-packages/airflow/example_dags/example_branch_datetime_operator.py
[2024-09-11T13:45:14.821+0000] {logging_mixin.py:190} INFO - [2024-09-11T13:45:14.821+0000] {dag.py:3229} INFO - Sync 3 DAGs
[2024-09-11T13:45:14.832+0000] {logging_mixin.py:190} INFO - [2024-09-11T13:45:14.832+0000] {dag.py:4156} INFO - Setting next_dagrun for example_branch_datetime_operator to 2024-09-10 00:00:00+00:00, run_after=2024-09-11 00:00:00+00:00
[2024-09-11T13:45:14.834+0000] {logging_mixin.py:190} INFO - [2024-09-11T13:45:14.834+0000] {dag.py:4156} INFO - Setting next_dagrun for example_branch_datetime_operator_2 to 2024-09-10 00:00:00+00:00, run_after=2024-09-11 00:00:00+00:00
[2024-09-11T13:45:14.835+0000] {logging_mixin.py:190} INFO - [2024-09-11T13:45:14.835+0000] {dag.py:4156} INFO - Setting next_dagrun for example_branch_datetime_operator_3 to 2024-09-10 00:00:00+00:00, run_after=2024-09-11 00:00:00+00:00
[2024-09-11T13:45:14.842+0000] {processor.py:208} INFO - Processing /home/airflow/.local/lib/python3.12/site-packages/airflow/example_dags/example_branch_datetime_operator.py took 0.045 seconds
[2024-09-11T13:45:44.962+0000] {processor.py:186} INFO - Started process (PID=652) to work on /home/airflow/.local/lib/python3.12/site-packages/airflow/example_dags/example_branch_datetime_operator.py
[2024-09-11T13:45:44.963+0000] {processor.py:914} INFO - Processing file /home/airflow/.local/lib/python3.12/site-packages/airflow/example_dags/example_branch_datetime_operator.py for tasks to queue
[2024-09-11T13:45:44.964+0000] {logging_mixin.py:190} INFO - [2024-09-11T13:45:44.964+0000] {dagbag.py:587} INFO - Filling up the DagBag from /home/airflow/.local/lib/python3.12/site-packages/airflow/example_dags/example_branch_datetime_operator.py
[2024-09-11T13:45:44.969+0000] {processor.py:925} INFO - DAG(s) 'example_branch_datetime_operator_3', 'example_branch_datetime_operator', 'example_branch_datetime_operator_2' retrieved from /home/airflow/.local/lib/python3.12/site-packages/airflow/example_dags/example_branch_datetime_operator.py
[2024-09-11T13:45:44.981+0000] {logging_mixin.py:190} INFO - [2024-09-11T13:45:44.981+0000] {dag.py:3229} INFO - Sync 3 DAGs
[2024-09-11T13:45:44.992+0000] {logging_mixin.py:190} INFO - [2024-09-11T13:45:44.992+0000] {dag.py:4156} INFO - Setting next_dagrun for example_branch_datetime_operator to 2024-09-10 00:00:00+00:00, run_after=2024-09-11 00:00:00+00:00
[2024-09-11T13:45:44.994+0000] {logging_mixin.py:190} INFO - [2024-09-11T13:45:44.994+0000] {dag.py:4156} INFO - Setting next_dagrun for example_branch_datetime_operator_2 to 2024-09-10 00:00:00+00:00, run_after=2024-09-11 00:00:00+00:00
[2024-09-11T13:45:44.995+0000] {logging_mixin.py:190} INFO - [2024-09-11T13:45:44.995+0000] {dag.py:4156} INFO - Setting next_dagrun for example_branch_datetime_operator_3 to 2024-09-10 00:00:00+00:00, run_after=2024-09-11 00:00:00+00:00
[2024-09-11T13:45:45.002+0000] {processor.py:208} INFO - Processing /home/airflow/.local/lib/python3.12/site-packages/airflow/example_dags/example_branch_datetime_operator.py took 0.043 seconds
[2024-09-11T13:46:15.117+0000] {processor.py:186} INFO - Started process (PID=708) to work on /home/airflow/.local/lib/python3.12/site-packages/airflow/example_dags/example_branch_datetime_operator.py
[2024-09-11T13:46:15.118+0000] {processor.py:914} INFO - Processing file /home/airflow/.local/lib/python3.12/site-packages/airflow/example_dags/example_branch_datetime_operator.py for tasks to queue
[2024-09-11T13:46:15.119+0000] {logging_mixin.py:190} INFO - [2024-09-11T13:46:15.119+0000] {dagbag.py:587} INFO - Filling up the DagBag from /home/airflow/.local/lib/python3.12/site-packages/airflow/example_dags/example_branch_datetime_operator.py
[2024-09-11T13:46:15.125+0000] {processor.py:925} INFO - DAG(s) 'example_branch_datetime_operator_2', 'example_branch_datetime_operator', 'example_branch_datetime_operator_3' retrieved from /home/airflow/.local/lib/python3.12/site-packages/airflow/example_dags/example_branch_datetime_operator.py
[2024-09-11T13:46:15.137+0000] {logging_mixin.py:190} INFO - [2024-09-11T13:46:15.137+0000] {dag.py:3229} INFO - Sync 3 DAGs
[2024-09-11T13:46:15.148+0000] {logging_mixin.py:190} INFO - [2024-09-11T13:46:15.148+0000] {dag.py:4156} INFO - Setting next_dagrun for example_branch_datetime_operator to 2024-09-10 00:00:00+00:00, run_after=2024-09-11 00:00:00+00:00
[2024-09-11T13:46:15.150+0000] {logging_mixin.py:190} INFO - [2024-09-11T13:46:15.150+0000] {dag.py:4156} INFO - Setting next_dagrun for example_branch_datetime_operator_2 to 2024-09-10 00:00:00+00:00, run_after=2024-09-11 00:00:00+00:00
[2024-09-11T13:46:15.151+0000] {logging_mixin.py:190} INFO - [2024-09-11T13:46:15.151+0000] {dag.py:4156} INFO - Setting next_dagrun for example_branch_datetime_operator_3 to 2024-09-10 00:00:00+00:00, run_after=2024-09-11 00:00:00+00:00
[2024-09-11T13:46:15.158+0000] {processor.py:208} INFO - Processing /home/airflow/.local/lib/python3.12/site-packages/airflow/example_dags/example_branch_datetime_operator.py took 0.044 seconds
[2024-09-11T13:46:45.474+0000] {processor.py:186} INFO - Started process (PID=764) to work on /home/airflow/.local/lib/python3.12/site-packages/airflow/example_dags/example_branch_datetime_operator.py
[2024-09-11T13:46:45.475+0000] {processor.py:914} INFO - Processing file /home/airflow/.local/lib/python3.12/site-packages/airflow/example_dags/example_branch_datetime_operator.py for tasks to queue
[2024-09-11T13:46:45.476+0000] {logging_mixin.py:190} INFO - [2024-09-11T13:46:45.476+0000] {dagbag.py:587} INFO - Filling up the DagBag from /home/airflow/.local/lib/python3.12/site-packages/airflow/example_dags/example_branch_datetime_operator.py
[2024-09-11T13:46:45.483+0000] {processor.py:925} INFO - DAG(s) 'example_branch_datetime_operator_2', 'example_branch_datetime_operator_3', 'example_branch_datetime_operator' retrieved from /home/airflow/.local/lib/python3.12/site-packages/airflow/example_dags/example_branch_datetime_operator.py
[2024-09-11T13:46:45.495+0000] {logging_mixin.py:190} INFO - [2024-09-11T13:46:45.495+0000] {dag.py:3229} INFO - Sync 3 DAGs
[2024-09-11T13:46:45.506+0000] {logging_mixin.py:190} INFO - [2024-09-11T13:46:45.506+0000] {dag.py:4156} INFO - Setting next_dagrun for example_branch_datetime_operator to 2024-09-10 00:00:00+00:00, run_after=2024-09-11 00:00:00+00:00
[2024-09-11T13:46:45.508+0000] {logging_mixin.py:190} INFO - [2024-09-11T13:46:45.508+0000] {dag.py:4156} INFO - Setting next_dagrun for example_branch_datetime_operator_2 to 2024-09-10 00:00:00+00:00, run_after=2024-09-11 00:00:00+00:00
[2024-09-11T13:46:45.509+0000] {logging_mixin.py:190} INFO - [2024-09-11T13:46:45.509+0000] {dag.py:4156} INFO - Setting next_dagrun for example_branch_datetime_operator_3 to 2024-09-10 00:00:00+00:00, run_after=2024-09-11 00:00:00+00:00
[2024-09-11T13:46:45.516+0000] {processor.py:208} INFO - Processing /home/airflow/.local/lib/python3.12/site-packages/airflow/example_dags/example_branch_datetime_operator.py took 0.045 seconds
[2024-09-11T13:47:15.689+0000] {processor.py:186} INFO - Started process (PID=820) to work on /home/airflow/.local/lib/python3.12/site-packages/airflow/example_dags/example_branch_datetime_operator.py
[2024-09-11T13:47:15.690+0000] {processor.py:914} INFO - Processing file /home/airflow/.local/lib/python3.12/site-packages/airflow/example_dags/example_branch_datetime_operator.py for tasks to queue
[2024-09-11T13:47:15.691+0000] {logging_mixin.py:190} INFO - [2024-09-11T13:47:15.691+0000] {dagbag.py:587} INFO - Filling up the DagBag from /home/airflow/.local/lib/python3.12/site-packages/airflow/example_dags/example_branch_datetime_operator.py
[2024-09-11T13:47:15.697+0000] {processor.py:925} INFO - DAG(s) 'example_branch_datetime_operator_3', 'example_branch_datetime_operator', 'example_branch_datetime_operator_2' retrieved from /home/airflow/.local/lib/python3.12/site-packages/airflow/example_dags/example_branch_datetime_operator.py
[2024-09-11T13:47:15.710+0000] {logging_mixin.py:190} INFO - [2024-09-11T13:47:15.709+0000] {dag.py:3229} INFO - Sync 3 DAGs
[2024-09-11T13:47:15.720+0000] {logging_mixin.py:190} INFO - [2024-09-11T13:47:15.720+0000] {dag.py:4156} INFO - Setting next_dagrun for example_branch_datetime_operator to 2024-09-10 00:00:00+00:00, run_after=2024-09-11 00:00:00+00:00
[2024-09-11T13:47:15.723+0000] {logging_mixin.py:190} INFO - [2024-09-11T13:47:15.723+0000] {dag.py:4156} INFO - Setting next_dagrun for example_branch_datetime_operator_2 to 2024-09-10 00:00:00+00:00, run_after=2024-09-11 00:00:00+00:00
[2024-09-11T13:47:15.724+0000] {logging_mixin.py:190} INFO - [2024-09-11T13:47:15.724+0000] {dag.py:4156} INFO - Setting next_dagrun for example_branch_datetime_operator_3 to 2024-09-10 00:00:00+00:00, run_after=2024-09-11 00:00:00+00:00
[2024-09-11T13:47:15.730+0000] {processor.py:208} INFO - Processing /home/airflow/.local/lib/python3.12/site-packages/airflow/example_dags/example_branch_datetime_operator.py took 0.044 seconds
[2024-09-11T13:47:45.870+0000] {processor.py:186} INFO - Started process (PID=876) to work on /home/airflow/.local/lib/python3.12/site-packages/airflow/example_dags/example_branch_datetime_operator.py
[2024-09-11T13:47:45.871+0000] {processor.py:914} INFO - Processing file /home/airflow/.local/lib/python3.12/site-packages/airflow/example_dags/example_branch_datetime_operator.py for tasks to queue
[2024-09-11T13:47:45.873+0000] {logging_mixin.py:190} INFO - [2024-09-11T13:47:45.872+0000] {dagbag.py:587} INFO - Filling up the DagBag from /home/airflow/.local/lib/python3.12/site-packages/airflow/example_dags/example_branch_datetime_operator.py
[2024-09-11T13:47:45.879+0000] {processor.py:925} INFO - DAG(s) 'example_branch_datetime_operator', 'example_branch_datetime_operator_3', 'example_branch_datetime_operator_2' retrieved from /home/airflow/.local/lib/python3.12/site-packages/airflow/example_dags/example_branch_datetime_operator.py
[2024-09-11T13:47:45.892+0000] {logging_mixin.py:190} INFO - [2024-09-11T13:47:45.892+0000] {dag.py:3229} INFO - Sync 3 DAGs
[2024-09-11T13:47:45.903+0000] {logging_mixin.py:190} INFO - [2024-09-11T13:47:45.903+0000] {dag.py:4156} INFO - Setting next_dagrun for example_branch_datetime_operator to 2024-09-10 00:00:00+00:00, run_after=2024-09-11 00:00:00+00:00
[2024-09-11T13:47:45.906+0000] {logging_mixin.py:190} INFO - [2024-09-11T13:47:45.906+0000] {dag.py:4156} INFO - Setting next_dagrun for example_branch_datetime_operator_2 to 2024-09-10 00:00:00+00:00, run_after=2024-09-11 00:00:00+00:00
[2024-09-11T13:47:45.907+0000] {logging_mixin.py:190} INFO - [2024-09-11T13:47:45.907+0000] {dag.py:4156} INFO - Setting next_dagrun for example_branch_datetime_operator_3 to 2024-09-10 00:00:00+00:00, run_after=2024-09-11 00:00:00+00:00
[2024-09-11T13:47:45.914+0000] {processor.py:208} INFO - Processing /home/airflow/.local/lib/python3.12/site-packages/airflow/example_dags/example_branch_datetime_operator.py took 0.047 seconds
[2024-09-11T13:48:16.015+0000] {processor.py:186} INFO - Started process (PID=932) to work on /home/airflow/.local/lib/python3.12/site-packages/airflow/example_dags/example_branch_datetime_operator.py
[2024-09-11T13:48:16.015+0000] {processor.py:914} INFO - Processing file /home/airflow/.local/lib/python3.12/site-packages/airflow/example_dags/example_branch_datetime_operator.py for tasks to queue
[2024-09-11T13:48:16.017+0000] {logging_mixin.py:190} INFO - [2024-09-11T13:48:16.016+0000] {dagbag.py:587} INFO - Filling up the DagBag from /home/airflow/.local/lib/python3.12/site-packages/airflow/example_dags/example_branch_datetime_operator.py
[2024-09-11T13:48:16.023+0000] {processor.py:925} INFO - DAG(s) 'example_branch_datetime_operator_3', 'example_branch_datetime_operator_2', 'example_branch_datetime_operator' retrieved from /home/airflow/.local/lib/python3.12/site-packages/airflow/example_dags/example_branch_datetime_operator.py
[2024-09-11T13:48:16.034+0000] {logging_mixin.py:190} INFO - [2024-09-11T13:48:16.034+0000] {dag.py:3229} INFO - Sync 3 DAGs
[2024-09-11T13:48:16.045+0000] {logging_mixin.py:190} INFO - [2024-09-11T13:48:16.045+0000] {dag.py:4156} INFO - Setting next_dagrun for example_branch_datetime_operator to 2024-09-10 00:00:00+00:00, run_after=2024-09-11 00:00:00+00:00
[2024-09-11T13:48:16.047+0000] {logging_mixin.py:190} INFO - [2024-09-11T13:48:16.047+0000] {dag.py:4156} INFO - Setting next_dagrun for example_branch_datetime_operator_2 to 2024-09-10 00:00:00+00:00, run_after=2024-09-11 00:00:00+00:00
[2024-09-11T13:48:16.048+0000] {logging_mixin.py:190} INFO - [2024-09-11T13:48:16.048+0000] {dag.py:4156} INFO - Setting next_dagrun for example_branch_datetime_operator_3 to 2024-09-10 00:00:00+00:00, run_after=2024-09-11 00:00:00+00:00
[2024-09-11T13:48:16.055+0000] {processor.py:208} INFO - Processing /home/airflow/.local/lib/python3.12/site-packages/airflow/example_dags/example_branch_datetime_operator.py took 0.043 seconds
[2024-09-11T13:48:46.354+0000] {processor.py:186} INFO - Started process (PID=988) to work on /home/airflow/.local/lib/python3.12/site-packages/airflow/example_dags/example_branch_datetime_operator.py
[2024-09-11T13:48:46.355+0000] {processor.py:914} INFO - Processing file /home/airflow/.local/lib/python3.12/site-packages/airflow/example_dags/example_branch_datetime_operator.py for tasks to queue
[2024-09-11T13:48:46.356+0000] {logging_mixin.py:190} INFO - [2024-09-11T13:48:46.356+0000] {dagbag.py:587} INFO - Filling up the DagBag from /home/airflow/.local/lib/python3.12/site-packages/airflow/example_dags/example_branch_datetime_operator.py
[2024-09-11T13:48:46.363+0000] {processor.py:925} INFO - DAG(s) 'example_branch_datetime_operator_2', 'example_branch_datetime_operator', 'example_branch_datetime_operator_3' retrieved from /home/airflow/.local/lib/python3.12/site-packages/airflow/example_dags/example_branch_datetime_operator.py
[2024-09-11T13:48:46.374+0000] {logging_mixin.py:190} INFO - [2024-09-11T13:48:46.374+0000] {dag.py:3229} INFO - Sync 3 DAGs
[2024-09-11T13:48:46.385+0000] {logging_mixin.py:190} INFO - [2024-09-11T13:48:46.385+0000] {dag.py:4156} INFO - Setting next_dagrun for example_branch_datetime_operator to 2024-09-10 00:00:00+00:00, run_after=2024-09-11 00:00:00+00:00
[2024-09-11T13:48:46.387+0000] {logging_mixin.py:190} INFO - [2024-09-11T13:48:46.387+0000] {dag.py:4156} INFO - Setting next_dagrun for example_branch_datetime_operator_2 to 2024-09-10 00:00:00+00:00, run_after=2024-09-11 00:00:00+00:00
[2024-09-11T13:48:46.388+0000] {logging_mixin.py:190} INFO - [2024-09-11T13:48:46.388+0000] {dag.py:4156} INFO - Setting next_dagrun for example_branch_datetime_operator_3 to 2024-09-10 00:00:00+00:00, run_after=2024-09-11 00:00:00+00:00
[2024-09-11T13:48:46.395+0000] {processor.py:208} INFO - Processing /home/airflow/.local/lib/python3.12/site-packages/airflow/example_dags/example_branch_datetime_operator.py took 0.043 seconds
[2024-09-11T13:49:16.503+0000] {processor.py:186} INFO - Started process (PID=1044) to work on /home/airflow/.local/lib/python3.12/site-packages/airflow/example_dags/example_branch_datetime_operator.py
[2024-09-11T13:49:16.504+0000] {processor.py:914} INFO - Processing file /home/airflow/.local/lib/python3.12/site-packages/airflow/example_dags/example_branch_datetime_operator.py for tasks to queue
[2024-09-11T13:49:16.506+0000] {logging_mixin.py:190} INFO - [2024-09-11T13:49:16.505+0000] {dagbag.py:587} INFO - Filling up the DagBag from /home/airflow/.local/lib/python3.12/site-packages/airflow/example_dags/example_branch_datetime_operator.py
[2024-09-11T13:49:16.512+0000] {processor.py:925} INFO - DAG(s) 'example_branch_datetime_operator_2', 'example_branch_datetime_operator', 'example_branch_datetime_operator_3' retrieved from /home/airflow/.local/lib/python3.12/site-packages/airflow/example_dags/example_branch_datetime_operator.py
[2024-09-11T13:49:16.524+0000] {logging_mixin.py:190} INFO - [2024-09-11T13:49:16.524+0000] {dag.py:3229} INFO - Sync 3 DAGs
[2024-09-11T13:49:16.534+0000] {logging_mixin.py:190} INFO - [2024-09-11T13:49:16.534+0000] {dag.py:4156} INFO - Setting next_dagrun for example_branch_datetime_operator to 2024-09-10 00:00:00+00:00, run_after=2024-09-11 00:00:00+00:00
[2024-09-11T13:49:16.537+0000] {logging_mixin.py:190} INFO - [2024-09-11T13:49:16.536+0000] {dag.py:4156} INFO - Setting next_dagrun for example_branch_datetime_operator_2 to 2024-09-10 00:00:00+00:00, run_after=2024-09-11 00:00:00+00:00
[2024-09-11T13:49:16.538+0000] {logging_mixin.py:190} INFO - [2024-09-11T13:49:16.537+0000] {dag.py:4156} INFO - Setting next_dagrun for example_branch_datetime_operator_3 to 2024-09-10 00:00:00+00:00, run_after=2024-09-11 00:00:00+00:00
[2024-09-11T13:49:16.544+0000] {processor.py:208} INFO - Processing /home/airflow/.local/lib/python3.12/site-packages/airflow/example_dags/example_branch_datetime_operator.py took 0.044 seconds
[2024-09-11T13:49:46.750+0000] {processor.py:186} INFO - Started process (PID=1100) to work on /home/airflow/.local/lib/python3.12/site-packages/airflow/example_dags/example_branch_datetime_operator.py
[2024-09-11T13:49:46.750+0000] {processor.py:914} INFO - Processing file /home/airflow/.local/lib/python3.12/site-packages/airflow/example_dags/example_branch_datetime_operator.py for tasks to queue
[2024-09-11T13:49:46.752+0000] {logging_mixin.py:190} INFO - [2024-09-11T13:49:46.752+0000] {dagbag.py:587} INFO - Filling up the DagBag from /home/airflow/.local/lib/python3.12/site-packages/airflow/example_dags/example_branch_datetime_operator.py
[2024-09-11T13:49:46.758+0000] {processor.py:925} INFO - DAG(s) 'example_branch_datetime_operator_3', 'example_branch_datetime_operator_2', 'example_branch_datetime_operator' retrieved from /home/airflow/.local/lib/python3.12/site-packages/airflow/example_dags/example_branch_datetime_operator.py
[2024-09-11T13:49:46.771+0000] {logging_mixin.py:190} INFO - [2024-09-11T13:49:46.771+0000] {dag.py:3229} INFO - Sync 3 DAGs
[2024-09-11T13:49:46.782+0000] {logging_mixin.py:190} INFO - [2024-09-11T13:49:46.782+0000] {dag.py:4156} INFO - Setting next_dagrun for example_branch_datetime_operator to 2024-09-10 00:00:00+00:00, run_after=2024-09-11 00:00:00+00:00
[2024-09-11T13:49:46.784+0000] {logging_mixin.py:190} INFO - [2024-09-11T13:49:46.784+0000] {dag.py:4156} INFO - Setting next_dagrun for example_branch_datetime_operator_2 to 2024-09-10 00:00:00+00:00, run_after=2024-09-11 00:00:00+00:00
[2024-09-11T13:49:46.785+0000] {logging_mixin.py:190} INFO - [2024-09-11T13:49:46.785+0000] {dag.py:4156} INFO - Setting next_dagrun for example_branch_datetime_operator_3 to 2024-09-10 00:00:00+00:00, run_after=2024-09-11 00:00:00+00:00
[2024-09-11T13:49:46.792+0000] {processor.py:208} INFO - Processing /home/airflow/.local/lib/python3.12/site-packages/airflow/example_dags/example_branch_datetime_operator.py took 0.045 seconds
[2024-09-11T13:50:17.094+0000] {processor.py:186} INFO - Started process (PID=1156) to work on /home/airflow/.local/lib/python3.12/site-packages/airflow/example_dags/example_branch_datetime_operator.py
[2024-09-11T13:50:17.094+0000] {processor.py:914} INFO - Processing file /home/airflow/.local/lib/python3.12/site-packages/airflow/example_dags/example_branch_datetime_operator.py for tasks to queue
[2024-09-11T13:50:17.096+0000] {logging_mixin.py:190} INFO - [2024-09-11T13:50:17.096+0000] {dagbag.py:587} INFO - Filling up the DagBag from /home/airflow/.local/lib/python3.12/site-packages/airflow/example_dags/example_branch_datetime_operator.py
[2024-09-11T13:50:17.102+0000] {processor.py:925} INFO - DAG(s) 'example_branch_datetime_operator', 'example_branch_datetime_operator_3', 'example_branch_datetime_operator_2' retrieved from /home/airflow/.local/lib/python3.12/site-packages/airflow/example_dags/example_branch_datetime_operator.py
[2024-09-11T13:50:17.114+0000] {logging_mixin.py:190} INFO - [2024-09-11T13:50:17.114+0000] {dag.py:3229} INFO - Sync 3 DAGs
[2024-09-11T13:50:17.125+0000] {logging_mixin.py:190} INFO - [2024-09-11T13:50:17.125+0000] {dag.py:4156} INFO - Setting next_dagrun for example_branch_datetime_operator to 2024-09-10 00:00:00+00:00, run_after=2024-09-11 00:00:00+00:00
[2024-09-11T13:50:17.127+0000] {logging_mixin.py:190} INFO - [2024-09-11T13:50:17.127+0000] {dag.py:4156} INFO - Setting next_dagrun for example_branch_datetime_operator_2 to 2024-09-10 00:00:00+00:00, run_after=2024-09-11 00:00:00+00:00
[2024-09-11T13:50:17.128+0000] {logging_mixin.py:190} INFO - [2024-09-11T13:50:17.128+0000] {dag.py:4156} INFO - Setting next_dagrun for example_branch_datetime_operator_3 to 2024-09-10 00:00:00+00:00, run_after=2024-09-11 00:00:00+00:00
[2024-09-11T13:50:17.134+0000] {processor.py:208} INFO - Processing /home/airflow/.local/lib/python3.12/site-packages/airflow/example_dags/example_branch_datetime_operator.py took 0.046 seconds
[2024-09-11T13:50:47.297+0000] {processor.py:186} INFO - Started process (PID=1212) to work on /home/airflow/.local/lib/python3.12/site-packages/airflow/example_dags/example_branch_datetime_operator.py
[2024-09-11T13:50:47.297+0000] {processor.py:914} INFO - Processing file /home/airflow/.local/lib/python3.12/site-packages/airflow/example_dags/example_branch_datetime_operator.py for tasks to queue
[2024-09-11T13:50:47.299+0000] {logging_mixin.py:190} INFO - [2024-09-11T13:50:47.299+0000] {dagbag.py:587} INFO - Filling up the DagBag from /home/airflow/.local/lib/python3.12/site-packages/airflow/example_dags/example_branch_datetime_operator.py
[2024-09-11T13:50:47.305+0000] {processor.py:925} INFO - DAG(s) 'example_branch_datetime_operator_2', 'example_branch_datetime_operator', 'example_branch_datetime_operator_3' retrieved from /home/airflow/.local/lib/python3.12/site-packages/airflow/example_dags/example_branch_datetime_operator.py
[2024-09-11T13:50:47.317+0000] {logging_mixin.py:190} INFO - [2024-09-11T13:50:47.317+0000] {dag.py:3229} INFO - Sync 3 DAGs
[2024-09-11T13:50:47.328+0000] {logging_mixin.py:190} INFO - [2024-09-11T13:50:47.328+0000] {dag.py:4156} INFO - Setting next_dagrun for example_branch_datetime_operator to 2024-09-10 00:00:00+00:00, run_after=2024-09-11 00:00:00+00:00
[2024-09-11T13:50:47.330+0000] {logging_mixin.py:190} INFO - [2024-09-11T13:50:47.330+0000] {dag.py:4156} INFO - Setting next_dagrun for example_branch_datetime_operator_2 to 2024-09-10 00:00:00+00:00, run_after=2024-09-11 00:00:00+00:00
[2024-09-11T13:50:47.331+0000] {logging_mixin.py:190} INFO - [2024-09-11T13:50:47.331+0000] {dag.py:4156} INFO - Setting next_dagrun for example_branch_datetime_operator_3 to 2024-09-10 00:00:00+00:00, run_after=2024-09-11 00:00:00+00:00
[2024-09-11T13:50:47.338+0000] {processor.py:208} INFO - Processing /home/airflow/.local/lib/python3.12/site-packages/airflow/example_dags/example_branch_datetime_operator.py took 0.045 seconds
[2024-09-11T13:51:17.412+0000] {processor.py:186} INFO - Started process (PID=1268) to work on /home/airflow/.local/lib/python3.12/site-packages/airflow/example_dags/example_branch_datetime_operator.py
[2024-09-11T13:51:17.413+0000] {processor.py:914} INFO - Processing file /home/airflow/.local/lib/python3.12/site-packages/airflow/example_dags/example_branch_datetime_operator.py for tasks to queue
[2024-09-11T13:51:17.415+0000] {logging_mixin.py:190} INFO - [2024-09-11T13:51:17.415+0000] {dagbag.py:587} INFO - Filling up the DagBag from /home/airflow/.local/lib/python3.12/site-packages/airflow/example_dags/example_branch_datetime_operator.py
[2024-09-11T13:51:17.421+0000] {processor.py:925} INFO - DAG(s) 'example_branch_datetime_operator', 'example_branch_datetime_operator_2', 'example_branch_datetime_operator_3' retrieved from /home/airflow/.local/lib/python3.12/site-packages/airflow/example_dags/example_branch_datetime_operator.py
[2024-09-11T13:51:17.435+0000] {logging_mixin.py:190} INFO - [2024-09-11T13:51:17.435+0000] {dag.py:3229} INFO - Sync 3 DAGs
[2024-09-11T13:51:17.449+0000] {logging_mixin.py:190} INFO - [2024-09-11T13:51:17.449+0000] {dag.py:4156} INFO - Setting next_dagrun for example_branch_datetime_operator to 2024-09-10 00:00:00+00:00, run_after=2024-09-11 00:00:00+00:00
[2024-09-11T13:51:17.452+0000] {logging_mixin.py:190} INFO - [2024-09-11T13:51:17.451+0000] {dag.py:4156} INFO - Setting next_dagrun for example_branch_datetime_operator_2 to 2024-09-10 00:00:00+00:00, run_after=2024-09-11 00:00:00+00:00
[2024-09-11T13:51:17.453+0000] {logging_mixin.py:190} INFO - [2024-09-11T13:51:17.453+0000] {dag.py:4156} INFO - Setting next_dagrun for example_branch_datetime_operator_3 to 2024-09-10 00:00:00+00:00, run_after=2024-09-11 00:00:00+00:00
[2024-09-11T13:51:17.460+0000] {processor.py:208} INFO - Processing /home/airflow/.local/lib/python3.12/site-packages/airflow/example_dags/example_branch_datetime_operator.py took 0.052 seconds
[2024-09-11T13:51:47.775+0000] {processor.py:186} INFO - Started process (PID=1324) to work on /home/airflow/.local/lib/python3.12/site-packages/airflow/example_dags/example_branch_datetime_operator.py
[2024-09-11T13:51:47.776+0000] {processor.py:914} INFO - Processing file /home/airflow/.local/lib/python3.12/site-packages/airflow/example_dags/example_branch_datetime_operator.py for tasks to queue
[2024-09-11T13:51:47.777+0000] {logging_mixin.py:190} INFO - [2024-09-11T13:51:47.777+0000] {dagbag.py:587} INFO - Filling up the DagBag from /home/airflow/.local/lib/python3.12/site-packages/airflow/example_dags/example_branch_datetime_operator.py
[2024-09-11T13:51:47.784+0000] {processor.py:925} INFO - DAG(s) 'example_branch_datetime_operator', 'example_branch_datetime_operator_3', 'example_branch_datetime_operator_2' retrieved from /home/airflow/.local/lib/python3.12/site-packages/airflow/example_dags/example_branch_datetime_operator.py
[2024-09-11T13:51:47.795+0000] {logging_mixin.py:190} INFO - [2024-09-11T13:51:47.795+0000] {dag.py:3229} INFO - Sync 3 DAGs
[2024-09-11T13:51:47.806+0000] {logging_mixin.py:190} INFO - [2024-09-11T13:51:47.806+0000] {dag.py:4156} INFO - Setting next_dagrun for example_branch_datetime_operator to 2024-09-10 00:00:00+00:00, run_after=2024-09-11 00:00:00+00:00
[2024-09-11T13:51:47.808+0000] {logging_mixin.py:190} INFO - [2024-09-11T13:51:47.808+0000] {dag.py:4156} INFO - Setting next_dagrun for example_branch_datetime_operator_2 to 2024-09-10 00:00:00+00:00, run_after=2024-09-11 00:00:00+00:00
[2024-09-11T13:51:47.809+0000] {logging_mixin.py:190} INFO - [2024-09-11T13:51:47.809+0000] {dag.py:4156} INFO - Setting next_dagrun for example_branch_datetime_operator_3 to 2024-09-10 00:00:00+00:00, run_after=2024-09-11 00:00:00+00:00
[2024-09-11T13:51:47.816+0000] {processor.py:208} INFO - Processing /home/airflow/.local/lib/python3.12/site-packages/airflow/example_dags/example_branch_datetime_operator.py took 0.044 seconds
[2024-09-11T13:52:18.002+0000] {processor.py:186} INFO - Started process (PID=1380) to work on /home/airflow/.local/lib/python3.12/site-packages/airflow/example_dags/example_branch_datetime_operator.py
[2024-09-11T13:52:18.002+0000] {processor.py:914} INFO - Processing file /home/airflow/.local/lib/python3.12/site-packages/airflow/example_dags/example_branch_datetime_operator.py for tasks to queue
[2024-09-11T13:52:18.004+0000] {logging_mixin.py:190} INFO - [2024-09-11T13:52:18.003+0000] {dagbag.py:587} INFO - Filling up the DagBag from /home/airflow/.local/lib/python3.12/site-packages/airflow/example_dags/example_branch_datetime_operator.py
[2024-09-11T13:52:18.010+0000] {processor.py:925} INFO - DAG(s) 'example_branch_datetime_operator_2', 'example_branch_datetime_operator', 'example_branch_datetime_operator_3' retrieved from /home/airflow/.local/lib/python3.12/site-packages/airflow/example_dags/example_branch_datetime_operator.py
[2024-09-11T13:52:18.022+0000] {logging_mixin.py:190} INFO - [2024-09-11T13:52:18.022+0000] {dag.py:3229} INFO - Sync 3 DAGs
[2024-09-11T13:52:18.032+0000] {logging_mixin.py:190} INFO - [2024-09-11T13:52:18.032+0000] {dag.py:4156} INFO - Setting next_dagrun for example_branch_datetime_operator to 2024-09-10 00:00:00+00:00, run_after=2024-09-11 00:00:00+00:00
[2024-09-11T13:52:18.034+0000] {logging_mixin.py:190} INFO - [2024-09-11T13:52:18.034+0000] {dag.py:4156} INFO - Setting next_dagrun for example_branch_datetime_operator_2 to 2024-09-10 00:00:00+00:00, run_after=2024-09-11 00:00:00+00:00
[2024-09-11T13:52:18.035+0000] {logging_mixin.py:190} INFO - [2024-09-11T13:52:18.035+0000] {dag.py:4156} INFO - Setting next_dagrun for example_branch_datetime_operator_3 to 2024-09-10 00:00:00+00:00, run_after=2024-09-11 00:00:00+00:00
[2024-09-11T13:52:18.042+0000] {processor.py:208} INFO - Processing /home/airflow/.local/lib/python3.12/site-packages/airflow/example_dags/example_branch_datetime_operator.py took 0.043 seconds
[2024-09-11T13:52:48.498+0000] {processor.py:186} INFO - Started process (PID=1436) to work on /home/airflow/.local/lib/python3.12/site-packages/airflow/example_dags/example_branch_datetime_operator.py
[2024-09-11T13:52:48.499+0000] {processor.py:914} INFO - Processing file /home/airflow/.local/lib/python3.12/site-packages/airflow/example_dags/example_branch_datetime_operator.py for tasks to queue
[2024-09-11T13:52:48.501+0000] {logging_mixin.py:190} INFO - [2024-09-11T13:52:48.501+0000] {dagbag.py:587} INFO - Filling up the DagBag from /home/airflow/.local/lib/python3.12/site-packages/airflow/example_dags/example_branch_datetime_operator.py
[2024-09-11T13:52:48.510+0000] {processor.py:925} INFO - DAG(s) 'example_branch_datetime_operator', 'example_branch_datetime_operator_2', 'example_branch_datetime_operator_3' retrieved from /home/airflow/.local/lib/python3.12/site-packages/airflow/example_dags/example_branch_datetime_operator.py
[2024-09-11T13:52:48.522+0000] {logging_mixin.py:190} INFO - [2024-09-11T13:52:48.522+0000] {dag.py:3229} INFO - Sync 3 DAGs
[2024-09-11T13:52:48.534+0000] {logging_mixin.py:190} INFO - [2024-09-11T13:52:48.534+0000] {dag.py:4156} INFO - Setting next_dagrun for example_branch_datetime_operator to 2024-09-10 00:00:00+00:00, run_after=2024-09-11 00:00:00+00:00
[2024-09-11T13:52:48.536+0000] {logging_mixin.py:190} INFO - [2024-09-11T13:52:48.536+0000] {dag.py:4156} INFO - Setting next_dagrun for example_branch_datetime_operator_2 to 2024-09-10 00:00:00+00:00, run_after=2024-09-11 00:00:00+00:00
[2024-09-11T13:52:48.537+0000] {logging_mixin.py:190} INFO - [2024-09-11T13:52:48.537+0000] {dag.py:4156} INFO - Setting next_dagrun for example_branch_datetime_operator_3 to 2024-09-10 00:00:00+00:00, run_after=2024-09-11 00:00:00+00:00
[2024-09-11T13:52:48.545+0000] {processor.py:208} INFO - Processing /home/airflow/.local/lib/python3.12/site-packages/airflow/example_dags/example_branch_datetime_operator.py took 0.050 seconds
[2024-09-11T13:53:19.210+0000] {processor.py:186} INFO - Started process (PID=1492) to work on /home/airflow/.local/lib/python3.12/site-packages/airflow/example_dags/example_branch_datetime_operator.py
[2024-09-11T13:53:19.210+0000] {processor.py:914} INFO - Processing file /home/airflow/.local/lib/python3.12/site-packages/airflow/example_dags/example_branch_datetime_operator.py for tasks to queue
[2024-09-11T13:53:19.212+0000] {logging_mixin.py:190} INFO - [2024-09-11T13:53:19.211+0000] {dagbag.py:587} INFO - Filling up the DagBag from /home/airflow/.local/lib/python3.12/site-packages/airflow/example_dags/example_branch_datetime_operator.py
[2024-09-11T13:53:19.218+0000] {processor.py:925} INFO - DAG(s) 'example_branch_datetime_operator_2', 'example_branch_datetime_operator', 'example_branch_datetime_operator_3' retrieved from /home/airflow/.local/lib/python3.12/site-packages/airflow/example_dags/example_branch_datetime_operator.py
[2024-09-11T13:53:19.230+0000] {logging_mixin.py:190} INFO - [2024-09-11T13:53:19.230+0000] {dag.py:3229} INFO - Sync 3 DAGs
[2024-09-11T13:53:19.241+0000] {logging_mixin.py:190} INFO - [2024-09-11T13:53:19.241+0000] {dag.py:4156} INFO - Setting next_dagrun for example_branch_datetime_operator to 2024-09-10 00:00:00+00:00, run_after=2024-09-11 00:00:00+00:00
[2024-09-11T13:53:19.243+0000] {logging_mixin.py:190} INFO - [2024-09-11T13:53:19.243+0000] {dag.py:4156} INFO - Setting next_dagrun for example_branch_datetime_operator_2 to 2024-09-10 00:00:00+00:00, run_after=2024-09-11 00:00:00+00:00
[2024-09-11T13:53:19.244+0000] {logging_mixin.py:190} INFO - [2024-09-11T13:53:19.244+0000] {dag.py:4156} INFO - Setting next_dagrun for example_branch_datetime_operator_3 to 2024-09-10 00:00:00+00:00, run_after=2024-09-11 00:00:00+00:00
[2024-09-11T13:53:19.251+0000] {processor.py:208} INFO - Processing /home/airflow/.local/lib/python3.12/site-packages/airflow/example_dags/example_branch_datetime_operator.py took 0.044 seconds
[2024-09-11T13:53:49.764+0000] {processor.py:186} INFO - Started process (PID=1548) to work on /home/airflow/.local/lib/python3.12/site-packages/airflow/example_dags/example_branch_datetime_operator.py
[2024-09-11T13:53:49.765+0000] {processor.py:914} INFO - Processing file /home/airflow/.local/lib/python3.12/site-packages/airflow/example_dags/example_branch_datetime_operator.py for tasks to queue
[2024-09-11T13:53:49.766+0000] {logging_mixin.py:190} INFO - [2024-09-11T13:53:49.766+0000] {dagbag.py:587} INFO - Filling up the DagBag from /home/airflow/.local/lib/python3.12/site-packages/airflow/example_dags/example_branch_datetime_operator.py
[2024-09-11T13:53:49.773+0000] {processor.py:925} INFO - DAG(s) 'example_branch_datetime_operator', 'example_branch_datetime_operator_2', 'example_branch_datetime_operator_3' retrieved from /home/airflow/.local/lib/python3.12/site-packages/airflow/example_dags/example_branch_datetime_operator.py
[2024-09-11T13:53:49.785+0000] {logging_mixin.py:190} INFO - [2024-09-11T13:53:49.785+0000] {dag.py:3229} INFO - Sync 3 DAGs
[2024-09-11T13:53:49.796+0000] {logging_mixin.py:190} INFO - [2024-09-11T13:53:49.795+0000] {dag.py:4156} INFO - Setting next_dagrun for example_branch_datetime_operator to 2024-09-10 00:00:00+00:00, run_after=2024-09-11 00:00:00+00:00
[2024-09-11T13:53:49.798+0000] {logging_mixin.py:190} INFO - [2024-09-11T13:53:49.797+0000] {dag.py:4156} INFO - Setting next_dagrun for example_branch_datetime_operator_2 to 2024-09-10 00:00:00+00:00, run_after=2024-09-11 00:00:00+00:00
[2024-09-11T13:53:49.799+0000] {logging_mixin.py:190} INFO - [2024-09-11T13:53:49.798+0000] {dag.py:4156} INFO - Setting next_dagrun for example_branch_datetime_operator_3 to 2024-09-10 00:00:00+00:00, run_after=2024-09-11 00:00:00+00:00
[2024-09-11T13:53:49.805+0000] {processor.py:208} INFO - Processing /home/airflow/.local/lib/python3.12/site-packages/airflow/example_dags/example_branch_datetime_operator.py took 0.044 seconds
[2024-09-11T13:54:20.303+0000] {processor.py:186} INFO - Started process (PID=1604) to work on /home/airflow/.local/lib/python3.12/site-packages/airflow/example_dags/example_branch_datetime_operator.py
[2024-09-11T13:54:20.304+0000] {processor.py:914} INFO - Processing file /home/airflow/.local/lib/python3.12/site-packages/airflow/example_dags/example_branch_datetime_operator.py for tasks to queue
[2024-09-11T13:54:20.305+0000] {logging_mixin.py:190} INFO - [2024-09-11T13:54:20.305+0000] {dagbag.py:587} INFO - Filling up the DagBag from /home/airflow/.local/lib/python3.12/site-packages/airflow/example_dags/example_branch_datetime_operator.py
[2024-09-11T13:54:20.312+0000] {processor.py:925} INFO - DAG(s) 'example_branch_datetime_operator_2', 'example_branch_datetime_operator_3', 'example_branch_datetime_operator' retrieved from /home/airflow/.local/lib/python3.12/site-packages/airflow/example_dags/example_branch_datetime_operator.py
[2024-09-11T13:54:20.324+0000] {logging_mixin.py:190} INFO - [2024-09-11T13:54:20.324+0000] {dag.py:3229} INFO - Sync 3 DAGs
[2024-09-11T13:54:20.335+0000] {logging_mixin.py:190} INFO - [2024-09-11T13:54:20.335+0000] {dag.py:4156} INFO - Setting next_dagrun for example_branch_datetime_operator to 2024-09-10 00:00:00+00:00, run_after=2024-09-11 00:00:00+00:00
[2024-09-11T13:54:20.337+0000] {logging_mixin.py:190} INFO - [2024-09-11T13:54:20.337+0000] {dag.py:4156} INFO - Setting next_dagrun for example_branch_datetime_operator_2 to 2024-09-10 00:00:00+00:00, run_after=2024-09-11 00:00:00+00:00
[2024-09-11T13:54:20.339+0000] {logging_mixin.py:190} INFO - [2024-09-11T13:54:20.338+0000] {dag.py:4156} INFO - Setting next_dagrun for example_branch_datetime_operator_3 to 2024-09-10 00:00:00+00:00, run_after=2024-09-11 00:00:00+00:00
[2024-09-11T13:54:20.345+0000] {processor.py:208} INFO - Processing /home/airflow/.local/lib/python3.12/site-packages/airflow/example_dags/example_branch_datetime_operator.py took 0.045 seconds
[2024-09-11T13:54:50.604+0000] {processor.py:186} INFO - Started process (PID=1660) to work on /home/airflow/.local/lib/python3.12/site-packages/airflow/example_dags/example_branch_datetime_operator.py
[2024-09-11T13:54:50.605+0000] {processor.py:914} INFO - Processing file /home/airflow/.local/lib/python3.12/site-packages/airflow/example_dags/example_branch_datetime_operator.py for tasks to queue
[2024-09-11T13:54:50.606+0000] {logging_mixin.py:190} INFO - [2024-09-11T13:54:50.606+0000] {dagbag.py:587} INFO - Filling up the DagBag from /home/airflow/.local/lib/python3.12/site-packages/airflow/example_dags/example_branch_datetime_operator.py
[2024-09-11T13:54:50.611+0000] {processor.py:925} INFO - DAG(s) 'example_branch_datetime_operator', 'example_branch_datetime_operator_3', 'example_branch_datetime_operator_2' retrieved from /home/airflow/.local/lib/python3.12/site-packages/airflow/example_dags/example_branch_datetime_operator.py
[2024-09-11T13:54:50.623+0000] {logging_mixin.py:190} INFO - [2024-09-11T13:54:50.623+0000] {dag.py:3229} INFO - Sync 3 DAGs
[2024-09-11T13:54:50.633+0000] {logging_mixin.py:190} INFO - [2024-09-11T13:54:50.633+0000] {dag.py:4156} INFO - Setting next_dagrun for example_branch_datetime_operator to 2024-09-10 00:00:00+00:00, run_after=2024-09-11 00:00:00+00:00
[2024-09-11T13:54:50.635+0000] {logging_mixin.py:190} INFO - [2024-09-11T13:54:50.635+0000] {dag.py:4156} INFO - Setting next_dagrun for example_branch_datetime_operator_2 to 2024-09-10 00:00:00+00:00, run_after=2024-09-11 00:00:00+00:00
[2024-09-11T13:54:50.636+0000] {logging_mixin.py:190} INFO - [2024-09-11T13:54:50.636+0000] {dag.py:4156} INFO - Setting next_dagrun for example_branch_datetime_operator_3 to 2024-09-10 00:00:00+00:00, run_after=2024-09-11 00:00:00+00:00
[2024-09-11T13:54:50.644+0000] {processor.py:208} INFO - Processing /home/airflow/.local/lib/python3.12/site-packages/airflow/example_dags/example_branch_datetime_operator.py took 0.043 seconds
[2024-09-11T13:55:20.957+0000] {processor.py:186} INFO - Started process (PID=1716) to work on /home/airflow/.local/lib/python3.12/site-packages/airflow/example_dags/example_branch_datetime_operator.py
[2024-09-11T13:55:20.958+0000] {processor.py:914} INFO - Processing file /home/airflow/.local/lib/python3.12/site-packages/airflow/example_dags/example_branch_datetime_operator.py for tasks to queue
[2024-09-11T13:55:20.960+0000] {logging_mixin.py:190} INFO - [2024-09-11T13:55:20.959+0000] {dagbag.py:587} INFO - Filling up the DagBag from /home/airflow/.local/lib/python3.12/site-packages/airflow/example_dags/example_branch_datetime_operator.py
[2024-09-11T13:55:20.966+0000] {processor.py:925} INFO - DAG(s) 'example_branch_datetime_operator_3', 'example_branch_datetime_operator_2', 'example_branch_datetime_operator' retrieved from /home/airflow/.local/lib/python3.12/site-packages/airflow/example_dags/example_branch_datetime_operator.py
[2024-09-11T13:55:20.979+0000] {logging_mixin.py:190} INFO - [2024-09-11T13:55:20.979+0000] {dag.py:3229} INFO - Sync 3 DAGs
[2024-09-11T13:55:20.990+0000] {logging_mixin.py:190} INFO - [2024-09-11T13:55:20.990+0000] {dag.py:4156} INFO - Setting next_dagrun for example_branch_datetime_operator to 2024-09-10 00:00:00+00:00, run_after=2024-09-11 00:00:00+00:00
[2024-09-11T13:55:20.992+0000] {logging_mixin.py:190} INFO - [2024-09-11T13:55:20.992+0000] {dag.py:4156} INFO - Setting next_dagrun for example_branch_datetime_operator_2 to 2024-09-10 00:00:00+00:00, run_after=2024-09-11 00:00:00+00:00
[2024-09-11T13:55:20.993+0000] {logging_mixin.py:190} INFO - [2024-09-11T13:55:20.993+0000] {dag.py:4156} INFO - Setting next_dagrun for example_branch_datetime_operator_3 to 2024-09-10 00:00:00+00:00, run_after=2024-09-11 00:00:00+00:00
[2024-09-11T13:55:21.000+0000] {processor.py:208} INFO - Processing /home/airflow/.local/lib/python3.12/site-packages/airflow/example_dags/example_branch_datetime_operator.py took 0.047 seconds
[2024-09-11T13:55:51.343+0000] {processor.py:186} INFO - Started process (PID=1772) to work on /home/airflow/.local/lib/python3.12/site-packages/airflow/example_dags/example_branch_datetime_operator.py
[2024-09-11T13:55:51.344+0000] {processor.py:914} INFO - Processing file /home/airflow/.local/lib/python3.12/site-packages/airflow/example_dags/example_branch_datetime_operator.py for tasks to queue
[2024-09-11T13:55:51.345+0000] {logging_mixin.py:190} INFO - [2024-09-11T13:55:51.345+0000] {dagbag.py:587} INFO - Filling up the DagBag from /home/airflow/.local/lib/python3.12/site-packages/airflow/example_dags/example_branch_datetime_operator.py
[2024-09-11T13:55:51.351+0000] {processor.py:925} INFO - DAG(s) 'example_branch_datetime_operator', 'example_branch_datetime_operator_3', 'example_branch_datetime_operator_2' retrieved from /home/airflow/.local/lib/python3.12/site-packages/airflow/example_dags/example_branch_datetime_operator.py
[2024-09-11T13:55:51.363+0000] {logging_mixin.py:190} INFO - [2024-09-11T13:55:51.363+0000] {dag.py:3229} INFO - Sync 3 DAGs
[2024-09-11T13:55:51.375+0000] {logging_mixin.py:190} INFO - [2024-09-11T13:55:51.374+0000] {dag.py:4156} INFO - Setting next_dagrun for example_branch_datetime_operator to 2024-09-10 00:00:00+00:00, run_after=2024-09-11 00:00:00+00:00
[2024-09-11T13:55:51.377+0000] {logging_mixin.py:190} INFO - [2024-09-11T13:55:51.377+0000] {dag.py:4156} INFO - Setting next_dagrun for example_branch_datetime_operator_2 to 2024-09-10 00:00:00+00:00, run_after=2024-09-11 00:00:00+00:00
[2024-09-11T13:55:51.378+0000] {logging_mixin.py:190} INFO - [2024-09-11T13:55:51.378+0000] {dag.py:4156} INFO - Setting next_dagrun for example_branch_datetime_operator_3 to 2024-09-10 00:00:00+00:00, run_after=2024-09-11 00:00:00+00:00
[2024-09-11T13:55:51.384+0000] {processor.py:208} INFO - Processing /home/airflow/.local/lib/python3.12/site-packages/airflow/example_dags/example_branch_datetime_operator.py took 0.046 seconds
[2024-09-11T13:56:21.664+0000] {processor.py:186} INFO - Started process (PID=1828) to work on /home/airflow/.local/lib/python3.12/site-packages/airflow/example_dags/example_branch_datetime_operator.py
[2024-09-11T13:56:21.664+0000] {processor.py:914} INFO - Processing file /home/airflow/.local/lib/python3.12/site-packages/airflow/example_dags/example_branch_datetime_operator.py for tasks to queue
[2024-09-11T13:56:21.666+0000] {logging_mixin.py:190} INFO - [2024-09-11T13:56:21.665+0000] {dagbag.py:587} INFO - Filling up the DagBag from /home/airflow/.local/lib/python3.12/site-packages/airflow/example_dags/example_branch_datetime_operator.py
[2024-09-11T13:56:21.672+0000] {processor.py:925} INFO - DAG(s) 'example_branch_datetime_operator_3', 'example_branch_datetime_operator_2', 'example_branch_datetime_operator' retrieved from /home/airflow/.local/lib/python3.12/site-packages/airflow/example_dags/example_branch_datetime_operator.py
[2024-09-11T13:56:21.683+0000] {logging_mixin.py:190} INFO - [2024-09-11T13:56:21.683+0000] {dag.py:3229} INFO - Sync 3 DAGs
[2024-09-11T13:56:21.697+0000] {logging_mixin.py:190} INFO - [2024-09-11T13:56:21.696+0000] {dag.py:4156} INFO - Setting next_dagrun for example_branch_datetime_operator to 2024-09-10 00:00:00+00:00, run_after=2024-09-11 00:00:00+00:00
[2024-09-11T13:56:21.699+0000] {logging_mixin.py:190} INFO - [2024-09-11T13:56:21.699+0000] {dag.py:4156} INFO - Setting next_dagrun for example_branch_datetime_operator_2 to 2024-09-10 00:00:00+00:00, run_after=2024-09-11 00:00:00+00:00
[2024-09-11T13:56:21.700+0000] {logging_mixin.py:190} INFO - [2024-09-11T13:56:21.700+0000] {dag.py:4156} INFO - Setting next_dagrun for example_branch_datetime_operator_3 to 2024-09-10 00:00:00+00:00, run_after=2024-09-11 00:00:00+00:00
[2024-09-11T13:56:21.708+0000] {processor.py:208} INFO - Processing /home/airflow/.local/lib/python3.12/site-packages/airflow/example_dags/example_branch_datetime_operator.py took 0.047 seconds
[2024-09-11T13:56:51.998+0000] {processor.py:186} INFO - Started process (PID=1884) to work on /home/airflow/.local/lib/python3.12/site-packages/airflow/example_dags/example_branch_datetime_operator.py
[2024-09-11T13:56:51.998+0000] {processor.py:914} INFO - Processing file /home/airflow/.local/lib/python3.12/site-packages/airflow/example_dags/example_branch_datetime_operator.py for tasks to queue
[2024-09-11T13:56:52.000+0000] {logging_mixin.py:190} INFO - [2024-09-11T13:56:51.999+0000] {dagbag.py:587} INFO - Filling up the DagBag from /home/airflow/.local/lib/python3.12/site-packages/airflow/example_dags/example_branch_datetime_operator.py
[2024-09-11T13:56:52.006+0000] {processor.py:925} INFO - DAG(s) 'example_branch_datetime_operator_3', 'example_branch_datetime_operator', 'example_branch_datetime_operator_2' retrieved from /home/airflow/.local/lib/python3.12/site-packages/airflow/example_dags/example_branch_datetime_operator.py
[2024-09-11T13:56:52.018+0000] {logging_mixin.py:190} INFO - [2024-09-11T13:56:52.017+0000] {dag.py:3229} INFO - Sync 3 DAGs
[2024-09-11T13:56:52.028+0000] {logging_mixin.py:190} INFO - [2024-09-11T13:56:52.028+0000] {dag.py:4156} INFO - Setting next_dagrun for example_branch_datetime_operator to 2024-09-10 00:00:00+00:00, run_after=2024-09-11 00:00:00+00:00
[2024-09-11T13:56:52.030+0000] {logging_mixin.py:190} INFO - [2024-09-11T13:56:52.030+0000] {dag.py:4156} INFO - Setting next_dagrun for example_branch_datetime_operator_2 to 2024-09-10 00:00:00+00:00, run_after=2024-09-11 00:00:00+00:00
[2024-09-11T13:56:52.031+0000] {logging_mixin.py:190} INFO - [2024-09-11T13:56:52.031+0000] {dag.py:4156} INFO - Setting next_dagrun for example_branch_datetime_operator_3 to 2024-09-10 00:00:00+00:00, run_after=2024-09-11 00:00:00+00:00
[2024-09-11T13:56:52.038+0000] {processor.py:208} INFO - Processing /home/airflow/.local/lib/python3.12/site-packages/airflow/example_dags/example_branch_datetime_operator.py took 0.043 seconds
[2024-09-11T13:57:22.411+0000] {processor.py:186} INFO - Started process (PID=1940) to work on /home/airflow/.local/lib/python3.12/site-packages/airflow/example_dags/example_branch_datetime_operator.py
[2024-09-11T13:57:22.412+0000] {processor.py:914} INFO - Processing file /home/airflow/.local/lib/python3.12/site-packages/airflow/example_dags/example_branch_datetime_operator.py for tasks to queue
[2024-09-11T13:57:22.413+0000] {logging_mixin.py:190} INFO - [2024-09-11T13:57:22.413+0000] {dagbag.py:587} INFO - Filling up the DagBag from /home/airflow/.local/lib/python3.12/site-packages/airflow/example_dags/example_branch_datetime_operator.py
[2024-09-11T13:57:22.420+0000] {processor.py:925} INFO - DAG(s) 'example_branch_datetime_operator_2', 'example_branch_datetime_operator_3', 'example_branch_datetime_operator' retrieved from /home/airflow/.local/lib/python3.12/site-packages/airflow/example_dags/example_branch_datetime_operator.py
[2024-09-11T13:57:22.432+0000] {logging_mixin.py:190} INFO - [2024-09-11T13:57:22.432+0000] {dag.py:3229} INFO - Sync 3 DAGs
[2024-09-11T13:57:22.444+0000] {logging_mixin.py:190} INFO - [2024-09-11T13:57:22.444+0000] {dag.py:4156} INFO - Setting next_dagrun for example_branch_datetime_operator to 2024-09-10 00:00:00+00:00, run_after=2024-09-11 00:00:00+00:00
[2024-09-11T13:57:22.446+0000] {logging_mixin.py:190} INFO - [2024-09-11T13:57:22.446+0000] {dag.py:4156} INFO - Setting next_dagrun for example_branch_datetime_operator_2 to 2024-09-10 00:00:00+00:00, run_after=2024-09-11 00:00:00+00:00
[2024-09-11T13:57:22.447+0000] {logging_mixin.py:190} INFO - [2024-09-11T13:57:22.447+0000] {dag.py:4156} INFO - Setting next_dagrun for example_branch_datetime_operator_3 to 2024-09-10 00:00:00+00:00, run_after=2024-09-11 00:00:00+00:00
[2024-09-11T13:57:22.454+0000] {processor.py:208} INFO - Processing /home/airflow/.local/lib/python3.12/site-packages/airflow/example_dags/example_branch_datetime_operator.py took 0.046 seconds
[2024-09-11T13:57:52.753+0000] {processor.py:186} INFO - Started process (PID=1996) to work on /home/airflow/.local/lib/python3.12/site-packages/airflow/example_dags/example_branch_datetime_operator.py
[2024-09-11T13:57:52.753+0000] {processor.py:914} INFO - Processing file /home/airflow/.local/lib/python3.12/site-packages/airflow/example_dags/example_branch_datetime_operator.py for tasks to queue
[2024-09-11T13:57:52.755+0000] {logging_mixin.py:190} INFO - [2024-09-11T13:57:52.755+0000] {dagbag.py:587} INFO - Filling up the DagBag from /home/airflow/.local/lib/python3.12/site-packages/airflow/example_dags/example_branch_datetime_operator.py
[2024-09-11T13:57:52.761+0000] {processor.py:925} INFO - DAG(s) 'example_branch_datetime_operator', 'example_branch_datetime_operator_2', 'example_branch_datetime_operator_3' retrieved from /home/airflow/.local/lib/python3.12/site-packages/airflow/example_dags/example_branch_datetime_operator.py
[2024-09-11T13:57:52.773+0000] {logging_mixin.py:190} INFO - [2024-09-11T13:57:52.773+0000] {dag.py:3229} INFO - Sync 3 DAGs
[2024-09-11T13:57:52.785+0000] {logging_mixin.py:190} INFO - [2024-09-11T13:57:52.785+0000] {dag.py:4156} INFO - Setting next_dagrun for example_branch_datetime_operator to 2024-09-10 00:00:00+00:00, run_after=2024-09-11 00:00:00+00:00
[2024-09-11T13:57:52.787+0000] {logging_mixin.py:190} INFO - [2024-09-11T13:57:52.787+0000] {dag.py:4156} INFO - Setting next_dagrun for example_branch_datetime_operator_2 to 2024-09-10 00:00:00+00:00, run_after=2024-09-11 00:00:00+00:00
[2024-09-11T13:57:52.788+0000] {logging_mixin.py:190} INFO - [2024-09-11T13:57:52.788+0000] {dag.py:4156} INFO - Setting next_dagrun for example_branch_datetime_operator_3 to 2024-09-10 00:00:00+00:00, run_after=2024-09-11 00:00:00+00:00
[2024-09-11T13:57:52.795+0000] {processor.py:208} INFO - Processing /home/airflow/.local/lib/python3.12/site-packages/airflow/example_dags/example_branch_datetime_operator.py took 0.045 seconds
[2024-09-11T13:58:23.257+0000] {processor.py:186} INFO - Started process (PID=2052) to work on /home/airflow/.local/lib/python3.12/site-packages/airflow/example_dags/example_branch_datetime_operator.py
[2024-09-11T13:58:23.258+0000] {processor.py:914} INFO - Processing file /home/airflow/.local/lib/python3.12/site-packages/airflow/example_dags/example_branch_datetime_operator.py for tasks to queue
[2024-09-11T13:58:23.259+0000] {logging_mixin.py:190} INFO - [2024-09-11T13:58:23.259+0000] {dagbag.py:587} INFO - Filling up the DagBag from /home/airflow/.local/lib/python3.12/site-packages/airflow/example_dags/example_branch_datetime_operator.py
[2024-09-11T13:58:23.266+0000] {processor.py:925} INFO - DAG(s) 'example_branch_datetime_operator_2', 'example_branch_datetime_operator_3', 'example_branch_datetime_operator' retrieved from /home/airflow/.local/lib/python3.12/site-packages/airflow/example_dags/example_branch_datetime_operator.py
[2024-09-11T13:58:23.280+0000] {logging_mixin.py:190} INFO - [2024-09-11T13:58:23.279+0000] {dag.py:3229} INFO - Sync 3 DAGs
[2024-09-11T13:58:23.291+0000] {logging_mixin.py:190} INFO - [2024-09-11T13:58:23.291+0000] {dag.py:4156} INFO - Setting next_dagrun for example_branch_datetime_operator to 2024-09-10 00:00:00+00:00, run_after=2024-09-11 00:00:00+00:00
[2024-09-11T13:58:23.293+0000] {logging_mixin.py:190} INFO - [2024-09-11T13:58:23.293+0000] {dag.py:4156} INFO - Setting next_dagrun for example_branch_datetime_operator_2 to 2024-09-10 00:00:00+00:00, run_after=2024-09-11 00:00:00+00:00
[2024-09-11T13:58:23.294+0000] {logging_mixin.py:190} INFO - [2024-09-11T13:58:23.294+0000] {dag.py:4156} INFO - Setting next_dagrun for example_branch_datetime_operator_3 to 2024-09-10 00:00:00+00:00, run_after=2024-09-11 00:00:00+00:00
[2024-09-11T13:58:23.301+0000] {processor.py:208} INFO - Processing /home/airflow/.local/lib/python3.12/site-packages/airflow/example_dags/example_branch_datetime_operator.py took 0.048 seconds
