[2024-09-11T13:40:14.957+0000] {processor.py:186} INFO - Started process (PID=49) to work on /home/airflow/.local/lib/python3.12/site-packages/airflow/example_dags/example_nested_branch_dag.py
[2024-09-11T13:40:14.962+0000] {processor.py:914} INFO - Processing file /home/airflow/.local/lib/python3.12/site-packages/airflow/example_dags/example_nested_branch_dag.py for tasks to queue
[2024-09-11T13:40:14.964+0000] {logging_mixin.py:190} INFO - [2024-09-11T13:40:14.964+0000] {dagbag.py:587} INFO - Filling up the DagBag from /home/airflow/.local/lib/python3.12/site-packages/airflow/example_dags/example_nested_branch_dag.py
[2024-09-11T13:40:14.978+0000] {processor.py:925} INFO - DAG(s) 'example_nested_branch_dag' retrieved from /home/airflow/.local/lib/python3.12/site-packages/airflow/example_dags/example_nested_branch_dag.py
[2024-09-11T13:40:15.111+0000] {logging_mixin.py:190} INFO - [2024-09-11T13:40:15.111+0000] {override.py:1900} INFO - Created Permission View: can read on DAG:example_nested_branch_dag
[2024-09-11T13:40:15.131+0000] {logging_mixin.py:190} INFO - [2024-09-11T13:40:15.131+0000] {override.py:1900} INFO - Created Permission View: can delete on DAG:example_nested_branch_dag
[2024-09-11T13:40:15.141+0000] {logging_mixin.py:190} INFO - [2024-09-11T13:40:15.141+0000] {override.py:1900} INFO - Created Permission View: can edit on DAG:example_nested_branch_dag
[2024-09-11T13:40:15.151+0000] {logging_mixin.py:190} INFO - [2024-09-11T13:40:15.151+0000] {override.py:1900} INFO - Created Permission View: can read on DAG Run:example_nested_branch_dag
[2024-09-11T13:40:15.157+0000] {logging_mixin.py:190} INFO - [2024-09-11T13:40:15.156+0000] {override.py:1900} INFO - Created Permission View: can create on DAG Run:example_nested_branch_dag
[2024-09-11T13:40:15.163+0000] {logging_mixin.py:190} INFO - [2024-09-11T13:40:15.163+0000] {override.py:1900} INFO - Created Permission View: menu access on DAG Run:example_nested_branch_dag
[2024-09-11T13:40:15.181+0000] {logging_mixin.py:190} INFO - [2024-09-11T13:40:15.180+0000] {override.py:1900} INFO - Created Permission View: can delete on DAG Run:example_nested_branch_dag
[2024-09-11T13:40:15.186+0000] {logging_mixin.py:190} INFO - [2024-09-11T13:40:15.186+0000] {dag.py:3229} INFO - Sync 1 DAGs
[2024-09-11T13:40:15.201+0000] {logging_mixin.py:190} INFO - [2024-09-11T13:40:15.201+0000] {dag.py:3252} INFO - Creating ORM DAG for example_nested_branch_dag
[2024-09-11T13:40:15.220+0000] {logging_mixin.py:190} INFO - [2024-09-11T13:40:15.218+0000] {dag.py:4156} INFO - Setting next_dagrun for example_nested_branch_dag to 2024-09-10 00:00:00+00:00, run_after=2024-09-11 00:00:00+00:00
[2024-09-11T13:40:15.246+0000] {processor.py:208} INFO - Processing /home/airflow/.local/lib/python3.12/site-packages/airflow/example_dags/example_nested_branch_dag.py took 0.293 seconds
[2024-09-11T13:40:45.966+0000] {processor.py:186} INFO - Started process (PID=105) to work on /home/airflow/.local/lib/python3.12/site-packages/airflow/example_dags/example_nested_branch_dag.py
[2024-09-11T13:40:45.968+0000] {processor.py:914} INFO - Processing file /home/airflow/.local/lib/python3.12/site-packages/airflow/example_dags/example_nested_branch_dag.py for tasks to queue
[2024-09-11T13:40:45.970+0000] {logging_mixin.py:190} INFO - [2024-09-11T13:40:45.970+0000] {dagbag.py:587} INFO - Filling up the DagBag from /home/airflow/.local/lib/python3.12/site-packages/airflow/example_dags/example_nested_branch_dag.py
[2024-09-11T13:40:45.984+0000] {processor.py:925} INFO - DAG(s) 'example_nested_branch_dag' retrieved from /home/airflow/.local/lib/python3.12/site-packages/airflow/example_dags/example_nested_branch_dag.py
[2024-09-11T13:40:46.004+0000] {logging_mixin.py:190} INFO - [2024-09-11T13:40:46.004+0000] {dag.py:3229} INFO - Sync 1 DAGs
[2024-09-11T13:40:46.030+0000] {logging_mixin.py:190} INFO - [2024-09-11T13:40:46.030+0000] {dag.py:4156} INFO - Setting next_dagrun for example_nested_branch_dag to 2024-09-10 00:00:00+00:00, run_after=2024-09-11 00:00:00+00:00
[2024-09-11T13:40:46.045+0000] {processor.py:208} INFO - Processing /home/airflow/.local/lib/python3.12/site-packages/airflow/example_dags/example_nested_branch_dag.py took 0.087 seconds
[2024-09-11T13:41:16.929+0000] {processor.py:186} INFO - Started process (PID=161) to work on /home/airflow/.local/lib/python3.12/site-packages/airflow/example_dags/example_nested_branch_dag.py
[2024-09-11T13:41:16.930+0000] {processor.py:914} INFO - Processing file /home/airflow/.local/lib/python3.12/site-packages/airflow/example_dags/example_nested_branch_dag.py for tasks to queue
[2024-09-11T13:41:16.931+0000] {logging_mixin.py:190} INFO - [2024-09-11T13:41:16.931+0000] {dagbag.py:587} INFO - Filling up the DagBag from /home/airflow/.local/lib/python3.12/site-packages/airflow/example_dags/example_nested_branch_dag.py
[2024-09-11T13:41:16.938+0000] {processor.py:925} INFO - DAG(s) 'example_nested_branch_dag' retrieved from /home/airflow/.local/lib/python3.12/site-packages/airflow/example_dags/example_nested_branch_dag.py
[2024-09-11T13:41:16.959+0000] {logging_mixin.py:190} INFO - [2024-09-11T13:41:16.959+0000] {dag.py:3229} INFO - Sync 1 DAGs
[2024-09-11T13:41:16.973+0000] {logging_mixin.py:190} INFO - [2024-09-11T13:41:16.972+0000] {dag.py:4156} INFO - Setting next_dagrun for example_nested_branch_dag to 2024-09-10 00:00:00+00:00, run_after=2024-09-11 00:00:00+00:00
[2024-09-11T13:41:16.982+0000] {processor.py:208} INFO - Processing /home/airflow/.local/lib/python3.12/site-packages/airflow/example_dags/example_nested_branch_dag.py took 0.057 seconds
[2024-09-11T13:41:47.344+0000] {processor.py:186} INFO - Started process (PID=217) to work on /home/airflow/.local/lib/python3.12/site-packages/airflow/example_dags/example_nested_branch_dag.py
[2024-09-11T13:41:47.345+0000] {processor.py:914} INFO - Processing file /home/airflow/.local/lib/python3.12/site-packages/airflow/example_dags/example_nested_branch_dag.py for tasks to queue
[2024-09-11T13:41:47.346+0000] {logging_mixin.py:190} INFO - [2024-09-11T13:41:47.346+0000] {dagbag.py:587} INFO - Filling up the DagBag from /home/airflow/.local/lib/python3.12/site-packages/airflow/example_dags/example_nested_branch_dag.py
[2024-09-11T13:41:47.352+0000] {processor.py:925} INFO - DAG(s) 'example_nested_branch_dag' retrieved from /home/airflow/.local/lib/python3.12/site-packages/airflow/example_dags/example_nested_branch_dag.py
[2024-09-11T13:41:47.364+0000] {logging_mixin.py:190} INFO - [2024-09-11T13:41:47.364+0000] {dag.py:3229} INFO - Sync 1 DAGs
[2024-09-11T13:41:47.375+0000] {logging_mixin.py:190} INFO - [2024-09-11T13:41:47.375+0000] {dag.py:4156} INFO - Setting next_dagrun for example_nested_branch_dag to 2024-09-10 00:00:00+00:00, run_after=2024-09-11 00:00:00+00:00
[2024-09-11T13:41:47.384+0000] {processor.py:208} INFO - Processing /home/airflow/.local/lib/python3.12/site-packages/airflow/example_dags/example_nested_branch_dag.py took 0.043 seconds
[2024-09-11T13:42:17.866+0000] {processor.py:186} INFO - Started process (PID=273) to work on /home/airflow/.local/lib/python3.12/site-packages/airflow/example_dags/example_nested_branch_dag.py
[2024-09-11T13:42:17.866+0000] {processor.py:914} INFO - Processing file /home/airflow/.local/lib/python3.12/site-packages/airflow/example_dags/example_nested_branch_dag.py for tasks to queue
[2024-09-11T13:42:17.867+0000] {logging_mixin.py:190} INFO - [2024-09-11T13:42:17.867+0000] {dagbag.py:587} INFO - Filling up the DagBag from /home/airflow/.local/lib/python3.12/site-packages/airflow/example_dags/example_nested_branch_dag.py
[2024-09-11T13:42:17.873+0000] {processor.py:925} INFO - DAG(s) 'example_nested_branch_dag' retrieved from /home/airflow/.local/lib/python3.12/site-packages/airflow/example_dags/example_nested_branch_dag.py
[2024-09-11T13:42:17.885+0000] {logging_mixin.py:190} INFO - [2024-09-11T13:42:17.884+0000] {dag.py:3229} INFO - Sync 1 DAGs
[2024-09-11T13:42:17.896+0000] {logging_mixin.py:190} INFO - [2024-09-11T13:42:17.895+0000] {dag.py:4156} INFO - Setting next_dagrun for example_nested_branch_dag to 2024-09-10 00:00:00+00:00, run_after=2024-09-11 00:00:00+00:00
[2024-09-11T13:42:17.904+0000] {processor.py:208} INFO - Processing /home/airflow/.local/lib/python3.12/site-packages/airflow/example_dags/example_nested_branch_dag.py took 0.042 seconds
[2024-09-11T13:42:47.996+0000] {processor.py:186} INFO - Started process (PID=329) to work on /home/airflow/.local/lib/python3.12/site-packages/airflow/example_dags/example_nested_branch_dag.py
[2024-09-11T13:42:47.997+0000] {processor.py:914} INFO - Processing file /home/airflow/.local/lib/python3.12/site-packages/airflow/example_dags/example_nested_branch_dag.py for tasks to queue
[2024-09-11T13:42:47.998+0000] {logging_mixin.py:190} INFO - [2024-09-11T13:42:47.998+0000] {dagbag.py:587} INFO - Filling up the DagBag from /home/airflow/.local/lib/python3.12/site-packages/airflow/example_dags/example_nested_branch_dag.py
[2024-09-11T13:42:48.004+0000] {processor.py:925} INFO - DAG(s) 'example_nested_branch_dag' retrieved from /home/airflow/.local/lib/python3.12/site-packages/airflow/example_dags/example_nested_branch_dag.py
[2024-09-11T13:42:48.014+0000] {logging_mixin.py:190} INFO - [2024-09-11T13:42:48.013+0000] {dag.py:3229} INFO - Sync 1 DAGs
[2024-09-11T13:42:48.024+0000] {logging_mixin.py:190} INFO - [2024-09-11T13:42:48.024+0000] {dag.py:4156} INFO - Setting next_dagrun for example_nested_branch_dag to 2024-09-10 00:00:00+00:00, run_after=2024-09-11 00:00:00+00:00
[2024-09-11T13:42:48.031+0000] {processor.py:208} INFO - Processing /home/airflow/.local/lib/python3.12/site-packages/airflow/example_dags/example_nested_branch_dag.py took 0.038 seconds
[2024-09-11T13:43:18.329+0000] {processor.py:186} INFO - Started process (PID=385) to work on /home/airflow/.local/lib/python3.12/site-packages/airflow/example_dags/example_nested_branch_dag.py
[2024-09-11T13:43:18.330+0000] {processor.py:914} INFO - Processing file /home/airflow/.local/lib/python3.12/site-packages/airflow/example_dags/example_nested_branch_dag.py for tasks to queue
[2024-09-11T13:43:18.331+0000] {logging_mixin.py:190} INFO - [2024-09-11T13:43:18.331+0000] {dagbag.py:587} INFO - Filling up the DagBag from /home/airflow/.local/lib/python3.12/site-packages/airflow/example_dags/example_nested_branch_dag.py
[2024-09-11T13:43:18.338+0000] {processor.py:925} INFO - DAG(s) 'example_nested_branch_dag' retrieved from /home/airflow/.local/lib/python3.12/site-packages/airflow/example_dags/example_nested_branch_dag.py
[2024-09-11T13:43:18.348+0000] {logging_mixin.py:190} INFO - [2024-09-11T13:43:18.348+0000] {dag.py:3229} INFO - Sync 1 DAGs
[2024-09-11T13:43:18.359+0000] {logging_mixin.py:190} INFO - [2024-09-11T13:43:18.359+0000] {dag.py:4156} INFO - Setting next_dagrun for example_nested_branch_dag to 2024-09-10 00:00:00+00:00, run_after=2024-09-11 00:00:00+00:00
[2024-09-11T13:43:18.368+0000] {processor.py:208} INFO - Processing /home/airflow/.local/lib/python3.12/site-packages/airflow/example_dags/example_nested_branch_dag.py took 0.042 seconds
[2024-09-11T13:43:48.504+0000] {processor.py:186} INFO - Started process (PID=441) to work on /home/airflow/.local/lib/python3.12/site-packages/airflow/example_dags/example_nested_branch_dag.py
[2024-09-11T13:43:48.506+0000] {processor.py:914} INFO - Processing file /home/airflow/.local/lib/python3.12/site-packages/airflow/example_dags/example_nested_branch_dag.py for tasks to queue
[2024-09-11T13:43:48.508+0000] {logging_mixin.py:190} INFO - [2024-09-11T13:43:48.508+0000] {dagbag.py:587} INFO - Filling up the DagBag from /home/airflow/.local/lib/python3.12/site-packages/airflow/example_dags/example_nested_branch_dag.py
[2024-09-11T13:43:48.513+0000] {processor.py:925} INFO - DAG(s) 'example_nested_branch_dag' retrieved from /home/airflow/.local/lib/python3.12/site-packages/airflow/example_dags/example_nested_branch_dag.py
[2024-09-11T13:43:48.524+0000] {logging_mixin.py:190} INFO - [2024-09-11T13:43:48.524+0000] {dag.py:3229} INFO - Sync 1 DAGs
[2024-09-11T13:43:48.535+0000] {logging_mixin.py:190} INFO - [2024-09-11T13:43:48.535+0000] {dag.py:4156} INFO - Setting next_dagrun for example_nested_branch_dag to 2024-09-10 00:00:00+00:00, run_after=2024-09-11 00:00:00+00:00
[2024-09-11T13:43:48.543+0000] {processor.py:208} INFO - Processing /home/airflow/.local/lib/python3.12/site-packages/airflow/example_dags/example_nested_branch_dag.py took 0.042 seconds
[2024-09-11T13:44:18.768+0000] {processor.py:186} INFO - Started process (PID=497) to work on /home/airflow/.local/lib/python3.12/site-packages/airflow/example_dags/example_nested_branch_dag.py
[2024-09-11T13:44:18.769+0000] {processor.py:914} INFO - Processing file /home/airflow/.local/lib/python3.12/site-packages/airflow/example_dags/example_nested_branch_dag.py for tasks to queue
[2024-09-11T13:44:18.770+0000] {logging_mixin.py:190} INFO - [2024-09-11T13:44:18.770+0000] {dagbag.py:587} INFO - Filling up the DagBag from /home/airflow/.local/lib/python3.12/site-packages/airflow/example_dags/example_nested_branch_dag.py
[2024-09-11T13:44:18.776+0000] {processor.py:925} INFO - DAG(s) 'example_nested_branch_dag' retrieved from /home/airflow/.local/lib/python3.12/site-packages/airflow/example_dags/example_nested_branch_dag.py
[2024-09-11T13:44:18.787+0000] {logging_mixin.py:190} INFO - [2024-09-11T13:44:18.787+0000] {dag.py:3229} INFO - Sync 1 DAGs
[2024-09-11T13:44:18.798+0000] {logging_mixin.py:190} INFO - [2024-09-11T13:44:18.798+0000] {dag.py:4156} INFO - Setting next_dagrun for example_nested_branch_dag to 2024-09-10 00:00:00+00:00, run_after=2024-09-11 00:00:00+00:00
[2024-09-11T13:44:18.806+0000] {processor.py:208} INFO - Processing /home/airflow/.local/lib/python3.12/site-packages/airflow/example_dags/example_nested_branch_dag.py took 0.042 seconds
[2024-09-11T13:44:49.023+0000] {processor.py:186} INFO - Started process (PID=553) to work on /home/airflow/.local/lib/python3.12/site-packages/airflow/example_dags/example_nested_branch_dag.py
[2024-09-11T13:44:49.025+0000] {processor.py:914} INFO - Processing file /home/airflow/.local/lib/python3.12/site-packages/airflow/example_dags/example_nested_branch_dag.py for tasks to queue
[2024-09-11T13:44:49.027+0000] {logging_mixin.py:190} INFO - [2024-09-11T13:44:49.027+0000] {dagbag.py:587} INFO - Filling up the DagBag from /home/airflow/.local/lib/python3.12/site-packages/airflow/example_dags/example_nested_branch_dag.py
[2024-09-11T13:44:49.032+0000] {processor.py:925} INFO - DAG(s) 'example_nested_branch_dag' retrieved from /home/airflow/.local/lib/python3.12/site-packages/airflow/example_dags/example_nested_branch_dag.py
[2024-09-11T13:44:49.043+0000] {logging_mixin.py:190} INFO - [2024-09-11T13:44:49.043+0000] {dag.py:3229} INFO - Sync 1 DAGs
[2024-09-11T13:44:49.054+0000] {logging_mixin.py:190} INFO - [2024-09-11T13:44:49.054+0000] {dag.py:4156} INFO - Setting next_dagrun for example_nested_branch_dag to 2024-09-10 00:00:00+00:00, run_after=2024-09-11 00:00:00+00:00
[2024-09-11T13:44:49.062+0000] {processor.py:208} INFO - Processing /home/airflow/.local/lib/python3.12/site-packages/airflow/example_dags/example_nested_branch_dag.py took 0.042 seconds
[2024-09-11T13:45:19.278+0000] {processor.py:186} INFO - Started process (PID=609) to work on /home/airflow/.local/lib/python3.12/site-packages/airflow/example_dags/example_nested_branch_dag.py
[2024-09-11T13:45:19.278+0000] {processor.py:914} INFO - Processing file /home/airflow/.local/lib/python3.12/site-packages/airflow/example_dags/example_nested_branch_dag.py for tasks to queue
[2024-09-11T13:45:19.280+0000] {logging_mixin.py:190} INFO - [2024-09-11T13:45:19.280+0000] {dagbag.py:587} INFO - Filling up the DagBag from /home/airflow/.local/lib/python3.12/site-packages/airflow/example_dags/example_nested_branch_dag.py
[2024-09-11T13:45:19.286+0000] {processor.py:925} INFO - DAG(s) 'example_nested_branch_dag' retrieved from /home/airflow/.local/lib/python3.12/site-packages/airflow/example_dags/example_nested_branch_dag.py
[2024-09-11T13:45:19.299+0000] {logging_mixin.py:190} INFO - [2024-09-11T13:45:19.298+0000] {dag.py:3229} INFO - Sync 1 DAGs
[2024-09-11T13:45:19.310+0000] {logging_mixin.py:190} INFO - [2024-09-11T13:45:19.310+0000] {dag.py:4156} INFO - Setting next_dagrun for example_nested_branch_dag to 2024-09-10 00:00:00+00:00, run_after=2024-09-11 00:00:00+00:00
[2024-09-11T13:45:19.319+0000] {processor.py:208} INFO - Processing /home/airflow/.local/lib/python3.12/site-packages/airflow/example_dags/example_nested_branch_dag.py took 0.045 seconds
[2024-09-11T13:45:49.452+0000] {processor.py:186} INFO - Started process (PID=665) to work on /home/airflow/.local/lib/python3.12/site-packages/airflow/example_dags/example_nested_branch_dag.py
[2024-09-11T13:45:49.452+0000] {processor.py:914} INFO - Processing file /home/airflow/.local/lib/python3.12/site-packages/airflow/example_dags/example_nested_branch_dag.py for tasks to queue
[2024-09-11T13:45:49.454+0000] {logging_mixin.py:190} INFO - [2024-09-11T13:45:49.454+0000] {dagbag.py:587} INFO - Filling up the DagBag from /home/airflow/.local/lib/python3.12/site-packages/airflow/example_dags/example_nested_branch_dag.py
[2024-09-11T13:45:49.460+0000] {processor.py:925} INFO - DAG(s) 'example_nested_branch_dag' retrieved from /home/airflow/.local/lib/python3.12/site-packages/airflow/example_dags/example_nested_branch_dag.py
[2024-09-11T13:45:49.471+0000] {logging_mixin.py:190} INFO - [2024-09-11T13:45:49.471+0000] {dag.py:3229} INFO - Sync 1 DAGs
[2024-09-11T13:45:49.483+0000] {logging_mixin.py:190} INFO - [2024-09-11T13:45:49.483+0000] {dag.py:4156} INFO - Setting next_dagrun for example_nested_branch_dag to 2024-09-10 00:00:00+00:00, run_after=2024-09-11 00:00:00+00:00
[2024-09-11T13:45:49.492+0000] {processor.py:208} INFO - Processing /home/airflow/.local/lib/python3.12/site-packages/airflow/example_dags/example_nested_branch_dag.py took 0.043 seconds
[2024-09-11T13:46:19.590+0000] {processor.py:186} INFO - Started process (PID=721) to work on /home/airflow/.local/lib/python3.12/site-packages/airflow/example_dags/example_nested_branch_dag.py
[2024-09-11T13:46:19.591+0000] {processor.py:914} INFO - Processing file /home/airflow/.local/lib/python3.12/site-packages/airflow/example_dags/example_nested_branch_dag.py for tasks to queue
[2024-09-11T13:46:19.592+0000] {logging_mixin.py:190} INFO - [2024-09-11T13:46:19.592+0000] {dagbag.py:587} INFO - Filling up the DagBag from /home/airflow/.local/lib/python3.12/site-packages/airflow/example_dags/example_nested_branch_dag.py
[2024-09-11T13:46:19.598+0000] {processor.py:925} INFO - DAG(s) 'example_nested_branch_dag' retrieved from /home/airflow/.local/lib/python3.12/site-packages/airflow/example_dags/example_nested_branch_dag.py
[2024-09-11T13:46:19.608+0000] {logging_mixin.py:190} INFO - [2024-09-11T13:46:19.608+0000] {dag.py:3229} INFO - Sync 1 DAGs
[2024-09-11T13:46:19.618+0000] {logging_mixin.py:190} INFO - [2024-09-11T13:46:19.618+0000] {dag.py:4156} INFO - Setting next_dagrun for example_nested_branch_dag to 2024-09-10 00:00:00+00:00, run_after=2024-09-11 00:00:00+00:00
[2024-09-11T13:46:19.626+0000] {processor.py:208} INFO - Processing /home/airflow/.local/lib/python3.12/site-packages/airflow/example_dags/example_nested_branch_dag.py took 0.038 seconds
[2024-09-11T13:46:49.997+0000] {processor.py:186} INFO - Started process (PID=777) to work on /home/airflow/.local/lib/python3.12/site-packages/airflow/example_dags/example_nested_branch_dag.py
[2024-09-11T13:46:49.997+0000] {processor.py:914} INFO - Processing file /home/airflow/.local/lib/python3.12/site-packages/airflow/example_dags/example_nested_branch_dag.py for tasks to queue
[2024-09-11T13:46:49.999+0000] {logging_mixin.py:190} INFO - [2024-09-11T13:46:49.999+0000] {dagbag.py:587} INFO - Filling up the DagBag from /home/airflow/.local/lib/python3.12/site-packages/airflow/example_dags/example_nested_branch_dag.py
[2024-09-11T13:46:50.005+0000] {processor.py:925} INFO - DAG(s) 'example_nested_branch_dag' retrieved from /home/airflow/.local/lib/python3.12/site-packages/airflow/example_dags/example_nested_branch_dag.py
[2024-09-11T13:46:50.016+0000] {logging_mixin.py:190} INFO - [2024-09-11T13:46:50.016+0000] {dag.py:3229} INFO - Sync 1 DAGs
[2024-09-11T13:46:50.027+0000] {logging_mixin.py:190} INFO - [2024-09-11T13:46:50.027+0000] {dag.py:4156} INFO - Setting next_dagrun for example_nested_branch_dag to 2024-09-10 00:00:00+00:00, run_after=2024-09-11 00:00:00+00:00
[2024-09-11T13:46:50.035+0000] {processor.py:208} INFO - Processing /home/airflow/.local/lib/python3.12/site-packages/airflow/example_dags/example_nested_branch_dag.py took 0.042 seconds
[2024-09-11T13:47:20.135+0000] {processor.py:186} INFO - Started process (PID=833) to work on /home/airflow/.local/lib/python3.12/site-packages/airflow/example_dags/example_nested_branch_dag.py
[2024-09-11T13:47:20.138+0000] {processor.py:914} INFO - Processing file /home/airflow/.local/lib/python3.12/site-packages/airflow/example_dags/example_nested_branch_dag.py for tasks to queue
[2024-09-11T13:47:20.143+0000] {logging_mixin.py:190} INFO - [2024-09-11T13:47:20.143+0000] {dagbag.py:587} INFO - Filling up the DagBag from /home/airflow/.local/lib/python3.12/site-packages/airflow/example_dags/example_nested_branch_dag.py
[2024-09-11T13:47:20.149+0000] {processor.py:925} INFO - DAG(s) 'example_nested_branch_dag' retrieved from /home/airflow/.local/lib/python3.12/site-packages/airflow/example_dags/example_nested_branch_dag.py
[2024-09-11T13:47:20.160+0000] {logging_mixin.py:190} INFO - [2024-09-11T13:47:20.160+0000] {dag.py:3229} INFO - Sync 1 DAGs
[2024-09-11T13:47:20.173+0000] {logging_mixin.py:190} INFO - [2024-09-11T13:47:20.173+0000] {dag.py:4156} INFO - Setting next_dagrun for example_nested_branch_dag to 2024-09-10 00:00:00+00:00, run_after=2024-09-11 00:00:00+00:00
[2024-09-11T13:47:20.182+0000] {processor.py:208} INFO - Processing /home/airflow/.local/lib/python3.12/site-packages/airflow/example_dags/example_nested_branch_dag.py took 0.050 seconds
[2024-09-11T13:47:50.388+0000] {processor.py:186} INFO - Started process (PID=889) to work on /home/airflow/.local/lib/python3.12/site-packages/airflow/example_dags/example_nested_branch_dag.py
[2024-09-11T13:47:50.388+0000] {processor.py:914} INFO - Processing file /home/airflow/.local/lib/python3.12/site-packages/airflow/example_dags/example_nested_branch_dag.py for tasks to queue
[2024-09-11T13:47:50.389+0000] {logging_mixin.py:190} INFO - [2024-09-11T13:47:50.389+0000] {dagbag.py:587} INFO - Filling up the DagBag from /home/airflow/.local/lib/python3.12/site-packages/airflow/example_dags/example_nested_branch_dag.py
[2024-09-11T13:47:50.395+0000] {processor.py:925} INFO - DAG(s) 'example_nested_branch_dag' retrieved from /home/airflow/.local/lib/python3.12/site-packages/airflow/example_dags/example_nested_branch_dag.py
[2024-09-11T13:47:50.405+0000] {logging_mixin.py:190} INFO - [2024-09-11T13:47:50.405+0000] {dag.py:3229} INFO - Sync 1 DAGs
[2024-09-11T13:47:50.415+0000] {logging_mixin.py:190} INFO - [2024-09-11T13:47:50.415+0000] {dag.py:4156} INFO - Setting next_dagrun for example_nested_branch_dag to 2024-09-10 00:00:00+00:00, run_after=2024-09-11 00:00:00+00:00
[2024-09-11T13:47:50.423+0000] {processor.py:208} INFO - Processing /home/airflow/.local/lib/python3.12/site-packages/airflow/example_dags/example_nested_branch_dag.py took 0.038 seconds
[2024-09-11T13:48:20.561+0000] {processor.py:186} INFO - Started process (PID=945) to work on /home/airflow/.local/lib/python3.12/site-packages/airflow/example_dags/example_nested_branch_dag.py
[2024-09-11T13:48:20.562+0000] {processor.py:914} INFO - Processing file /home/airflow/.local/lib/python3.12/site-packages/airflow/example_dags/example_nested_branch_dag.py for tasks to queue
[2024-09-11T13:48:20.564+0000] {logging_mixin.py:190} INFO - [2024-09-11T13:48:20.564+0000] {dagbag.py:587} INFO - Filling up the DagBag from /home/airflow/.local/lib/python3.12/site-packages/airflow/example_dags/example_nested_branch_dag.py
[2024-09-11T13:48:20.571+0000] {processor.py:925} INFO - DAG(s) 'example_nested_branch_dag' retrieved from /home/airflow/.local/lib/python3.12/site-packages/airflow/example_dags/example_nested_branch_dag.py
[2024-09-11T13:48:20.589+0000] {logging_mixin.py:190} INFO - [2024-09-11T13:48:20.588+0000] {dag.py:3229} INFO - Sync 1 DAGs
[2024-09-11T13:48:20.602+0000] {logging_mixin.py:190} INFO - [2024-09-11T13:48:20.601+0000] {dag.py:4156} INFO - Setting next_dagrun for example_nested_branch_dag to 2024-09-10 00:00:00+00:00, run_after=2024-09-11 00:00:00+00:00
[2024-09-11T13:48:20.611+0000] {processor.py:208} INFO - Processing /home/airflow/.local/lib/python3.12/site-packages/airflow/example_dags/example_nested_branch_dag.py took 0.055 seconds
[2024-09-11T13:48:50.839+0000] {processor.py:186} INFO - Started process (PID=1001) to work on /home/airflow/.local/lib/python3.12/site-packages/airflow/example_dags/example_nested_branch_dag.py
[2024-09-11T13:48:50.839+0000] {processor.py:914} INFO - Processing file /home/airflow/.local/lib/python3.12/site-packages/airflow/example_dags/example_nested_branch_dag.py for tasks to queue
[2024-09-11T13:48:50.841+0000] {logging_mixin.py:190} INFO - [2024-09-11T13:48:50.840+0000] {dagbag.py:587} INFO - Filling up the DagBag from /home/airflow/.local/lib/python3.12/site-packages/airflow/example_dags/example_nested_branch_dag.py
[2024-09-11T13:48:50.846+0000] {processor.py:925} INFO - DAG(s) 'example_nested_branch_dag' retrieved from /home/airflow/.local/lib/python3.12/site-packages/airflow/example_dags/example_nested_branch_dag.py
[2024-09-11T13:48:50.857+0000] {logging_mixin.py:190} INFO - [2024-09-11T13:48:50.857+0000] {dag.py:3229} INFO - Sync 1 DAGs
[2024-09-11T13:48:50.868+0000] {logging_mixin.py:190} INFO - [2024-09-11T13:48:50.868+0000] {dag.py:4156} INFO - Setting next_dagrun for example_nested_branch_dag to 2024-09-10 00:00:00+00:00, run_after=2024-09-11 00:00:00+00:00
[2024-09-11T13:48:50.877+0000] {processor.py:208} INFO - Processing /home/airflow/.local/lib/python3.12/site-packages/airflow/example_dags/example_nested_branch_dag.py took 0.042 seconds
[2024-09-11T13:49:21.006+0000] {processor.py:186} INFO - Started process (PID=1057) to work on /home/airflow/.local/lib/python3.12/site-packages/airflow/example_dags/example_nested_branch_dag.py
[2024-09-11T13:49:21.006+0000] {processor.py:914} INFO - Processing file /home/airflow/.local/lib/python3.12/site-packages/airflow/example_dags/example_nested_branch_dag.py for tasks to queue
[2024-09-11T13:49:21.007+0000] {logging_mixin.py:190} INFO - [2024-09-11T13:49:21.007+0000] {dagbag.py:587} INFO - Filling up the DagBag from /home/airflow/.local/lib/python3.12/site-packages/airflow/example_dags/example_nested_branch_dag.py
[2024-09-11T13:49:21.014+0000] {processor.py:925} INFO - DAG(s) 'example_nested_branch_dag' retrieved from /home/airflow/.local/lib/python3.12/site-packages/airflow/example_dags/example_nested_branch_dag.py
[2024-09-11T13:49:21.027+0000] {logging_mixin.py:190} INFO - [2024-09-11T13:49:21.027+0000] {dag.py:3229} INFO - Sync 1 DAGs
[2024-09-11T13:49:21.040+0000] {logging_mixin.py:190} INFO - [2024-09-11T13:49:21.039+0000] {dag.py:4156} INFO - Setting next_dagrun for example_nested_branch_dag to 2024-09-10 00:00:00+00:00, run_after=2024-09-11 00:00:00+00:00
[2024-09-11T13:49:21.049+0000] {processor.py:208} INFO - Processing /home/airflow/.local/lib/python3.12/site-packages/airflow/example_dags/example_nested_branch_dag.py took 0.046 seconds
[2024-09-11T13:49:51.252+0000] {processor.py:186} INFO - Started process (PID=1113) to work on /home/airflow/.local/lib/python3.12/site-packages/airflow/example_dags/example_nested_branch_dag.py
[2024-09-11T13:49:51.258+0000] {processor.py:914} INFO - Processing file /home/airflow/.local/lib/python3.12/site-packages/airflow/example_dags/example_nested_branch_dag.py for tasks to queue
[2024-09-11T13:49:51.264+0000] {logging_mixin.py:190} INFO - [2024-09-11T13:49:51.264+0000] {dagbag.py:587} INFO - Filling up the DagBag from /home/airflow/.local/lib/python3.12/site-packages/airflow/example_dags/example_nested_branch_dag.py
[2024-09-11T13:49:51.274+0000] {processor.py:925} INFO - DAG(s) 'example_nested_branch_dag' retrieved from /home/airflow/.local/lib/python3.12/site-packages/airflow/example_dags/example_nested_branch_dag.py
[2024-09-11T13:49:51.287+0000] {logging_mixin.py:190} INFO - [2024-09-11T13:49:51.287+0000] {dag.py:3229} INFO - Sync 1 DAGs
[2024-09-11T13:49:51.304+0000] {logging_mixin.py:190} INFO - [2024-09-11T13:49:51.304+0000] {dag.py:4156} INFO - Setting next_dagrun for example_nested_branch_dag to 2024-09-10 00:00:00+00:00, run_after=2024-09-11 00:00:00+00:00
[2024-09-11T13:49:51.315+0000] {processor.py:208} INFO - Processing /home/airflow/.local/lib/python3.12/site-packages/airflow/example_dags/example_nested_branch_dag.py took 0.069 seconds
[2024-09-11T13:50:21.608+0000] {processor.py:186} INFO - Started process (PID=1169) to work on /home/airflow/.local/lib/python3.12/site-packages/airflow/example_dags/example_nested_branch_dag.py
[2024-09-11T13:50:21.609+0000] {processor.py:914} INFO - Processing file /home/airflow/.local/lib/python3.12/site-packages/airflow/example_dags/example_nested_branch_dag.py for tasks to queue
[2024-09-11T13:50:21.610+0000] {logging_mixin.py:190} INFO - [2024-09-11T13:50:21.610+0000] {dagbag.py:587} INFO - Filling up the DagBag from /home/airflow/.local/lib/python3.12/site-packages/airflow/example_dags/example_nested_branch_dag.py
[2024-09-11T13:50:21.616+0000] {processor.py:925} INFO - DAG(s) 'example_nested_branch_dag' retrieved from /home/airflow/.local/lib/python3.12/site-packages/airflow/example_dags/example_nested_branch_dag.py
[2024-09-11T13:50:21.627+0000] {logging_mixin.py:190} INFO - [2024-09-11T13:50:21.627+0000] {dag.py:3229} INFO - Sync 1 DAGs
[2024-09-11T13:50:21.638+0000] {logging_mixin.py:190} INFO - [2024-09-11T13:50:21.638+0000] {dag.py:4156} INFO - Setting next_dagrun for example_nested_branch_dag to 2024-09-10 00:00:00+00:00, run_after=2024-09-11 00:00:00+00:00
[2024-09-11T13:50:21.646+0000] {processor.py:208} INFO - Processing /home/airflow/.local/lib/python3.12/site-packages/airflow/example_dags/example_nested_branch_dag.py took 0.041 seconds
[2024-09-11T13:50:51.903+0000] {processor.py:186} INFO - Started process (PID=1225) to work on /home/airflow/.local/lib/python3.12/site-packages/airflow/example_dags/example_nested_branch_dag.py
[2024-09-11T13:50:51.904+0000] {processor.py:914} INFO - Processing file /home/airflow/.local/lib/python3.12/site-packages/airflow/example_dags/example_nested_branch_dag.py for tasks to queue
[2024-09-11T13:50:51.905+0000] {logging_mixin.py:190} INFO - [2024-09-11T13:50:51.905+0000] {dagbag.py:587} INFO - Filling up the DagBag from /home/airflow/.local/lib/python3.12/site-packages/airflow/example_dags/example_nested_branch_dag.py
[2024-09-11T13:50:51.912+0000] {processor.py:925} INFO - DAG(s) 'example_nested_branch_dag' retrieved from /home/airflow/.local/lib/python3.12/site-packages/airflow/example_dags/example_nested_branch_dag.py
[2024-09-11T13:50:51.923+0000] {logging_mixin.py:190} INFO - [2024-09-11T13:50:51.922+0000] {dag.py:3229} INFO - Sync 1 DAGs
[2024-09-11T13:50:51.934+0000] {logging_mixin.py:190} INFO - [2024-09-11T13:50:51.933+0000] {dag.py:4156} INFO - Setting next_dagrun for example_nested_branch_dag to 2024-09-10 00:00:00+00:00, run_after=2024-09-11 00:00:00+00:00
[2024-09-11T13:50:51.942+0000] {processor.py:208} INFO - Processing /home/airflow/.local/lib/python3.12/site-packages/airflow/example_dags/example_nested_branch_dag.py took 0.042 seconds
[2024-09-11T13:51:22.024+0000] {processor.py:186} INFO - Started process (PID=1281) to work on /home/airflow/.local/lib/python3.12/site-packages/airflow/example_dags/example_nested_branch_dag.py
[2024-09-11T13:51:22.027+0000] {processor.py:914} INFO - Processing file /home/airflow/.local/lib/python3.12/site-packages/airflow/example_dags/example_nested_branch_dag.py for tasks to queue
[2024-09-11T13:51:22.029+0000] {logging_mixin.py:190} INFO - [2024-09-11T13:51:22.029+0000] {dagbag.py:587} INFO - Filling up the DagBag from /home/airflow/.local/lib/python3.12/site-packages/airflow/example_dags/example_nested_branch_dag.py
[2024-09-11T13:51:22.034+0000] {processor.py:925} INFO - DAG(s) 'example_nested_branch_dag' retrieved from /home/airflow/.local/lib/python3.12/site-packages/airflow/example_dags/example_nested_branch_dag.py
[2024-09-11T13:51:22.045+0000] {logging_mixin.py:190} INFO - [2024-09-11T13:51:22.045+0000] {dag.py:3229} INFO - Sync 1 DAGs
[2024-09-11T13:51:22.056+0000] {logging_mixin.py:190} INFO - [2024-09-11T13:51:22.056+0000] {dag.py:4156} INFO - Setting next_dagrun for example_nested_branch_dag to 2024-09-10 00:00:00+00:00, run_after=2024-09-11 00:00:00+00:00
[2024-09-11T13:51:22.065+0000] {processor.py:208} INFO - Processing /home/airflow/.local/lib/python3.12/site-packages/airflow/example_dags/example_nested_branch_dag.py took 0.044 seconds
[2024-09-11T13:51:52.275+0000] {processor.py:186} INFO - Started process (PID=1337) to work on /home/airflow/.local/lib/python3.12/site-packages/airflow/example_dags/example_nested_branch_dag.py
[2024-09-11T13:51:52.279+0000] {processor.py:914} INFO - Processing file /home/airflow/.local/lib/python3.12/site-packages/airflow/example_dags/example_nested_branch_dag.py for tasks to queue
[2024-09-11T13:51:52.283+0000] {logging_mixin.py:190} INFO - [2024-09-11T13:51:52.283+0000] {dagbag.py:587} INFO - Filling up the DagBag from /home/airflow/.local/lib/python3.12/site-packages/airflow/example_dags/example_nested_branch_dag.py
[2024-09-11T13:51:52.289+0000] {processor.py:925} INFO - DAG(s) 'example_nested_branch_dag' retrieved from /home/airflow/.local/lib/python3.12/site-packages/airflow/example_dags/example_nested_branch_dag.py
[2024-09-11T13:51:52.300+0000] {logging_mixin.py:190} INFO - [2024-09-11T13:51:52.300+0000] {dag.py:3229} INFO - Sync 1 DAGs
[2024-09-11T13:51:52.314+0000] {logging_mixin.py:190} INFO - [2024-09-11T13:51:52.313+0000] {dag.py:4156} INFO - Setting next_dagrun for example_nested_branch_dag to 2024-09-10 00:00:00+00:00, run_after=2024-09-11 00:00:00+00:00
[2024-09-11T13:51:52.322+0000] {processor.py:208} INFO - Processing /home/airflow/.local/lib/python3.12/site-packages/airflow/example_dags/example_nested_branch_dag.py took 0.051 seconds
[2024-09-11T13:52:22.486+0000] {processor.py:186} INFO - Started process (PID=1393) to work on /home/airflow/.local/lib/python3.12/site-packages/airflow/example_dags/example_nested_branch_dag.py
[2024-09-11T13:52:22.487+0000] {processor.py:914} INFO - Processing file /home/airflow/.local/lib/python3.12/site-packages/airflow/example_dags/example_nested_branch_dag.py for tasks to queue
[2024-09-11T13:52:22.488+0000] {logging_mixin.py:190} INFO - [2024-09-11T13:52:22.488+0000] {dagbag.py:587} INFO - Filling up the DagBag from /home/airflow/.local/lib/python3.12/site-packages/airflow/example_dags/example_nested_branch_dag.py
[2024-09-11T13:52:22.494+0000] {processor.py:925} INFO - DAG(s) 'example_nested_branch_dag' retrieved from /home/airflow/.local/lib/python3.12/site-packages/airflow/example_dags/example_nested_branch_dag.py
[2024-09-11T13:52:22.504+0000] {logging_mixin.py:190} INFO - [2024-09-11T13:52:22.503+0000] {dag.py:3229} INFO - Sync 1 DAGs
[2024-09-11T13:52:22.514+0000] {logging_mixin.py:190} INFO - [2024-09-11T13:52:22.514+0000] {dag.py:4156} INFO - Setting next_dagrun for example_nested_branch_dag to 2024-09-10 00:00:00+00:00, run_after=2024-09-11 00:00:00+00:00
[2024-09-11T13:52:22.521+0000] {processor.py:208} INFO - Processing /home/airflow/.local/lib/python3.12/site-packages/airflow/example_dags/example_nested_branch_dag.py took 0.038 seconds
[2024-09-11T13:52:53.284+0000] {processor.py:186} INFO - Started process (PID=1449) to work on /home/airflow/.local/lib/python3.12/site-packages/airflow/example_dags/example_nested_branch_dag.py
[2024-09-11T13:52:53.285+0000] {processor.py:914} INFO - Processing file /home/airflow/.local/lib/python3.12/site-packages/airflow/example_dags/example_nested_branch_dag.py for tasks to queue
[2024-09-11T13:52:53.286+0000] {logging_mixin.py:190} INFO - [2024-09-11T13:52:53.286+0000] {dagbag.py:587} INFO - Filling up the DagBag from /home/airflow/.local/lib/python3.12/site-packages/airflow/example_dags/example_nested_branch_dag.py
[2024-09-11T13:52:53.292+0000] {processor.py:925} INFO - DAG(s) 'example_nested_branch_dag' retrieved from /home/airflow/.local/lib/python3.12/site-packages/airflow/example_dags/example_nested_branch_dag.py
[2024-09-11T13:52:53.303+0000] {logging_mixin.py:190} INFO - [2024-09-11T13:52:53.303+0000] {dag.py:3229} INFO - Sync 1 DAGs
[2024-09-11T13:52:53.314+0000] {logging_mixin.py:190} INFO - [2024-09-11T13:52:53.314+0000] {dag.py:4156} INFO - Setting next_dagrun for example_nested_branch_dag to 2024-09-10 00:00:00+00:00, run_after=2024-09-11 00:00:00+00:00
[2024-09-11T13:52:53.322+0000] {processor.py:208} INFO - Processing /home/airflow/.local/lib/python3.12/site-packages/airflow/example_dags/example_nested_branch_dag.py took 0.041 seconds
[2024-09-11T13:53:23.747+0000] {processor.py:186} INFO - Started process (PID=1505) to work on /home/airflow/.local/lib/python3.12/site-packages/airflow/example_dags/example_nested_branch_dag.py
[2024-09-11T13:53:23.748+0000] {processor.py:914} INFO - Processing file /home/airflow/.local/lib/python3.12/site-packages/airflow/example_dags/example_nested_branch_dag.py for tasks to queue
[2024-09-11T13:53:23.749+0000] {logging_mixin.py:190} INFO - [2024-09-11T13:53:23.749+0000] {dagbag.py:587} INFO - Filling up the DagBag from /home/airflow/.local/lib/python3.12/site-packages/airflow/example_dags/example_nested_branch_dag.py
[2024-09-11T13:53:23.755+0000] {processor.py:925} INFO - DAG(s) 'example_nested_branch_dag' retrieved from /home/airflow/.local/lib/python3.12/site-packages/airflow/example_dags/example_nested_branch_dag.py
[2024-09-11T13:53:23.766+0000] {logging_mixin.py:190} INFO - [2024-09-11T13:53:23.766+0000] {dag.py:3229} INFO - Sync 1 DAGs
[2024-09-11T13:53:23.778+0000] {logging_mixin.py:190} INFO - [2024-09-11T13:53:23.777+0000] {dag.py:4156} INFO - Setting next_dagrun for example_nested_branch_dag to 2024-09-10 00:00:00+00:00, run_after=2024-09-11 00:00:00+00:00
[2024-09-11T13:53:23.786+0000] {processor.py:208} INFO - Processing /home/airflow/.local/lib/python3.12/site-packages/airflow/example_dags/example_nested_branch_dag.py took 0.042 seconds
[2024-09-11T13:53:54.309+0000] {processor.py:186} INFO - Started process (PID=1561) to work on /home/airflow/.local/lib/python3.12/site-packages/airflow/example_dags/example_nested_branch_dag.py
[2024-09-11T13:53:54.309+0000] {processor.py:914} INFO - Processing file /home/airflow/.local/lib/python3.12/site-packages/airflow/example_dags/example_nested_branch_dag.py for tasks to queue
[2024-09-11T13:53:54.311+0000] {logging_mixin.py:190} INFO - [2024-09-11T13:53:54.311+0000] {dagbag.py:587} INFO - Filling up the DagBag from /home/airflow/.local/lib/python3.12/site-packages/airflow/example_dags/example_nested_branch_dag.py
[2024-09-11T13:53:54.317+0000] {processor.py:925} INFO - DAG(s) 'example_nested_branch_dag' retrieved from /home/airflow/.local/lib/python3.12/site-packages/airflow/example_dags/example_nested_branch_dag.py
[2024-09-11T13:53:54.328+0000] {logging_mixin.py:190} INFO - [2024-09-11T13:53:54.328+0000] {dag.py:3229} INFO - Sync 1 DAGs
[2024-09-11T13:53:54.340+0000] {logging_mixin.py:190} INFO - [2024-09-11T13:53:54.340+0000] {dag.py:4156} INFO - Setting next_dagrun for example_nested_branch_dag to 2024-09-10 00:00:00+00:00, run_after=2024-09-11 00:00:00+00:00
[2024-09-11T13:53:54.348+0000] {processor.py:208} INFO - Processing /home/airflow/.local/lib/python3.12/site-packages/airflow/example_dags/example_nested_branch_dag.py took 0.043 seconds
[2024-09-11T13:54:24.808+0000] {processor.py:186} INFO - Started process (PID=1617) to work on /home/airflow/.local/lib/python3.12/site-packages/airflow/example_dags/example_nested_branch_dag.py
[2024-09-11T13:54:24.808+0000] {processor.py:914} INFO - Processing file /home/airflow/.local/lib/python3.12/site-packages/airflow/example_dags/example_nested_branch_dag.py for tasks to queue
[2024-09-11T13:54:24.810+0000] {logging_mixin.py:190} INFO - [2024-09-11T13:54:24.809+0000] {dagbag.py:587} INFO - Filling up the DagBag from /home/airflow/.local/lib/python3.12/site-packages/airflow/example_dags/example_nested_branch_dag.py
[2024-09-11T13:54:24.815+0000] {processor.py:925} INFO - DAG(s) 'example_nested_branch_dag' retrieved from /home/airflow/.local/lib/python3.12/site-packages/airflow/example_dags/example_nested_branch_dag.py
[2024-09-11T13:54:24.825+0000] {logging_mixin.py:190} INFO - [2024-09-11T13:54:24.825+0000] {dag.py:3229} INFO - Sync 1 DAGs
[2024-09-11T13:54:24.838+0000] {logging_mixin.py:190} INFO - [2024-09-11T13:54:24.838+0000] {dag.py:4156} INFO - Setting next_dagrun for example_nested_branch_dag to 2024-09-10 00:00:00+00:00, run_after=2024-09-11 00:00:00+00:00
[2024-09-11T13:54:24.846+0000] {processor.py:208} INFO - Processing /home/airflow/.local/lib/python3.12/site-packages/airflow/example_dags/example_nested_branch_dag.py took 0.041 seconds
[2024-09-11T13:54:55.125+0000] {processor.py:186} INFO - Started process (PID=1673) to work on /home/airflow/.local/lib/python3.12/site-packages/airflow/example_dags/example_nested_branch_dag.py
[2024-09-11T13:54:55.125+0000] {processor.py:914} INFO - Processing file /home/airflow/.local/lib/python3.12/site-packages/airflow/example_dags/example_nested_branch_dag.py for tasks to queue
[2024-09-11T13:54:55.127+0000] {logging_mixin.py:190} INFO - [2024-09-11T13:54:55.126+0000] {dagbag.py:587} INFO - Filling up the DagBag from /home/airflow/.local/lib/python3.12/site-packages/airflow/example_dags/example_nested_branch_dag.py
[2024-09-11T13:54:55.133+0000] {processor.py:925} INFO - DAG(s) 'example_nested_branch_dag' retrieved from /home/airflow/.local/lib/python3.12/site-packages/airflow/example_dags/example_nested_branch_dag.py
[2024-09-11T13:54:55.144+0000] {logging_mixin.py:190} INFO - [2024-09-11T13:54:55.144+0000] {dag.py:3229} INFO - Sync 1 DAGs
[2024-09-11T13:54:55.155+0000] {logging_mixin.py:190} INFO - [2024-09-11T13:54:55.155+0000] {dag.py:4156} INFO - Setting next_dagrun for example_nested_branch_dag to 2024-09-10 00:00:00+00:00, run_after=2024-09-11 00:00:00+00:00
[2024-09-11T13:54:55.164+0000] {processor.py:208} INFO - Processing /home/airflow/.local/lib/python3.12/site-packages/airflow/example_dags/example_nested_branch_dag.py took 0.043 seconds
[2024-09-11T13:55:25.560+0000] {processor.py:186} INFO - Started process (PID=1729) to work on /home/airflow/.local/lib/python3.12/site-packages/airflow/example_dags/example_nested_branch_dag.py
[2024-09-11T13:55:25.561+0000] {processor.py:914} INFO - Processing file /home/airflow/.local/lib/python3.12/site-packages/airflow/example_dags/example_nested_branch_dag.py for tasks to queue
[2024-09-11T13:55:25.562+0000] {logging_mixin.py:190} INFO - [2024-09-11T13:55:25.562+0000] {dagbag.py:587} INFO - Filling up the DagBag from /home/airflow/.local/lib/python3.12/site-packages/airflow/example_dags/example_nested_branch_dag.py
[2024-09-11T13:55:25.568+0000] {processor.py:925} INFO - DAG(s) 'example_nested_branch_dag' retrieved from /home/airflow/.local/lib/python3.12/site-packages/airflow/example_dags/example_nested_branch_dag.py
[2024-09-11T13:55:25.579+0000] {logging_mixin.py:190} INFO - [2024-09-11T13:55:25.579+0000] {dag.py:3229} INFO - Sync 1 DAGs
[2024-09-11T13:55:25.590+0000] {logging_mixin.py:190} INFO - [2024-09-11T13:55:25.590+0000] {dag.py:4156} INFO - Setting next_dagrun for example_nested_branch_dag to 2024-09-10 00:00:00+00:00, run_after=2024-09-11 00:00:00+00:00
[2024-09-11T13:55:25.598+0000] {processor.py:208} INFO - Processing /home/airflow/.local/lib/python3.12/site-packages/airflow/example_dags/example_nested_branch_dag.py took 0.041 seconds
[2024-09-11T13:55:55.900+0000] {processor.py:186} INFO - Started process (PID=1785) to work on /home/airflow/.local/lib/python3.12/site-packages/airflow/example_dags/example_nested_branch_dag.py
[2024-09-11T13:55:55.901+0000] {processor.py:914} INFO - Processing file /home/airflow/.local/lib/python3.12/site-packages/airflow/example_dags/example_nested_branch_dag.py for tasks to queue
[2024-09-11T13:55:55.902+0000] {logging_mixin.py:190} INFO - [2024-09-11T13:55:55.902+0000] {dagbag.py:587} INFO - Filling up the DagBag from /home/airflow/.local/lib/python3.12/site-packages/airflow/example_dags/example_nested_branch_dag.py
[2024-09-11T13:55:55.908+0000] {processor.py:925} INFO - DAG(s) 'example_nested_branch_dag' retrieved from /home/airflow/.local/lib/python3.12/site-packages/airflow/example_dags/example_nested_branch_dag.py
[2024-09-11T13:55:55.920+0000] {logging_mixin.py:190} INFO - [2024-09-11T13:55:55.919+0000] {dag.py:3229} INFO - Sync 1 DAGs
[2024-09-11T13:55:55.931+0000] {logging_mixin.py:190} INFO - [2024-09-11T13:55:55.931+0000] {dag.py:4156} INFO - Setting next_dagrun for example_nested_branch_dag to 2024-09-10 00:00:00+00:00, run_after=2024-09-11 00:00:00+00:00
[2024-09-11T13:55:55.940+0000] {processor.py:208} INFO - Processing /home/airflow/.local/lib/python3.12/site-packages/airflow/example_dags/example_nested_branch_dag.py took 0.043 seconds
[2024-09-11T13:56:26.243+0000] {processor.py:186} INFO - Started process (PID=1841) to work on /home/airflow/.local/lib/python3.12/site-packages/airflow/example_dags/example_nested_branch_dag.py
[2024-09-11T13:56:26.244+0000] {processor.py:914} INFO - Processing file /home/airflow/.local/lib/python3.12/site-packages/airflow/example_dags/example_nested_branch_dag.py for tasks to queue
[2024-09-11T13:56:26.245+0000] {logging_mixin.py:190} INFO - [2024-09-11T13:56:26.245+0000] {dagbag.py:587} INFO - Filling up the DagBag from /home/airflow/.local/lib/python3.12/site-packages/airflow/example_dags/example_nested_branch_dag.py
[2024-09-11T13:56:26.251+0000] {processor.py:925} INFO - DAG(s) 'example_nested_branch_dag' retrieved from /home/airflow/.local/lib/python3.12/site-packages/airflow/example_dags/example_nested_branch_dag.py
[2024-09-11T13:56:26.262+0000] {logging_mixin.py:190} INFO - [2024-09-11T13:56:26.262+0000] {dag.py:3229} INFO - Sync 1 DAGs
[2024-09-11T13:56:26.274+0000] {logging_mixin.py:190} INFO - [2024-09-11T13:56:26.273+0000] {dag.py:4156} INFO - Setting next_dagrun for example_nested_branch_dag to 2024-09-10 00:00:00+00:00, run_after=2024-09-11 00:00:00+00:00
[2024-09-11T13:56:26.282+0000] {processor.py:208} INFO - Processing /home/airflow/.local/lib/python3.12/site-packages/airflow/example_dags/example_nested_branch_dag.py took 0.042 seconds
[2024-09-11T13:56:56.597+0000] {processor.py:186} INFO - Started process (PID=1897) to work on /home/airflow/.local/lib/python3.12/site-packages/airflow/example_dags/example_nested_branch_dag.py
[2024-09-11T13:56:56.598+0000] {processor.py:914} INFO - Processing file /home/airflow/.local/lib/python3.12/site-packages/airflow/example_dags/example_nested_branch_dag.py for tasks to queue
[2024-09-11T13:56:56.599+0000] {logging_mixin.py:190} INFO - [2024-09-11T13:56:56.599+0000] {dagbag.py:587} INFO - Filling up the DagBag from /home/airflow/.local/lib/python3.12/site-packages/airflow/example_dags/example_nested_branch_dag.py
[2024-09-11T13:56:56.604+0000] {processor.py:925} INFO - DAG(s) 'example_nested_branch_dag' retrieved from /home/airflow/.local/lib/python3.12/site-packages/airflow/example_dags/example_nested_branch_dag.py
[2024-09-11T13:56:56.614+0000] {logging_mixin.py:190} INFO - [2024-09-11T13:56:56.614+0000] {dag.py:3229} INFO - Sync 1 DAGs
[2024-09-11T13:56:56.624+0000] {logging_mixin.py:190} INFO - [2024-09-11T13:56:56.624+0000] {dag.py:4156} INFO - Setting next_dagrun for example_nested_branch_dag to 2024-09-10 00:00:00+00:00, run_after=2024-09-11 00:00:00+00:00
[2024-09-11T13:56:56.632+0000] {processor.py:208} INFO - Processing /home/airflow/.local/lib/python3.12/site-packages/airflow/example_dags/example_nested_branch_dag.py took 0.037 seconds
[2024-09-11T13:57:26.956+0000] {processor.py:186} INFO - Started process (PID=1953) to work on /home/airflow/.local/lib/python3.12/site-packages/airflow/example_dags/example_nested_branch_dag.py
[2024-09-11T13:57:26.956+0000] {processor.py:914} INFO - Processing file /home/airflow/.local/lib/python3.12/site-packages/airflow/example_dags/example_nested_branch_dag.py for tasks to queue
[2024-09-11T13:57:26.957+0000] {logging_mixin.py:190} INFO - [2024-09-11T13:57:26.957+0000] {dagbag.py:587} INFO - Filling up the DagBag from /home/airflow/.local/lib/python3.12/site-packages/airflow/example_dags/example_nested_branch_dag.py
[2024-09-11T13:57:26.963+0000] {processor.py:925} INFO - DAG(s) 'example_nested_branch_dag' retrieved from /home/airflow/.local/lib/python3.12/site-packages/airflow/example_dags/example_nested_branch_dag.py
[2024-09-11T13:57:26.974+0000] {logging_mixin.py:190} INFO - [2024-09-11T13:57:26.974+0000] {dag.py:3229} INFO - Sync 1 DAGs
[2024-09-11T13:57:26.985+0000] {logging_mixin.py:190} INFO - [2024-09-11T13:57:26.984+0000] {dag.py:4156} INFO - Setting next_dagrun for example_nested_branch_dag to 2024-09-10 00:00:00+00:00, run_after=2024-09-11 00:00:00+00:00
[2024-09-11T13:57:26.993+0000] {processor.py:208} INFO - Processing /home/airflow/.local/lib/python3.12/site-packages/airflow/example_dags/example_nested_branch_dag.py took 0.040 seconds
[2024-09-11T13:57:57.315+0000] {processor.py:186} INFO - Started process (PID=2009) to work on /home/airflow/.local/lib/python3.12/site-packages/airflow/example_dags/example_nested_branch_dag.py
[2024-09-11T13:57:57.319+0000] {processor.py:914} INFO - Processing file /home/airflow/.local/lib/python3.12/site-packages/airflow/example_dags/example_nested_branch_dag.py for tasks to queue
[2024-09-11T13:57:57.321+0000] {logging_mixin.py:190} INFO - [2024-09-11T13:57:57.321+0000] {dagbag.py:587} INFO - Filling up the DagBag from /home/airflow/.local/lib/python3.12/site-packages/airflow/example_dags/example_nested_branch_dag.py
[2024-09-11T13:57:57.327+0000] {processor.py:925} INFO - DAG(s) 'example_nested_branch_dag' retrieved from /home/airflow/.local/lib/python3.12/site-packages/airflow/example_dags/example_nested_branch_dag.py
[2024-09-11T13:57:57.338+0000] {logging_mixin.py:190} INFO - [2024-09-11T13:57:57.338+0000] {dag.py:3229} INFO - Sync 1 DAGs
[2024-09-11T13:57:57.350+0000] {logging_mixin.py:190} INFO - [2024-09-11T13:57:57.350+0000] {dag.py:4156} INFO - Setting next_dagrun for example_nested_branch_dag to 2024-09-10 00:00:00+00:00, run_after=2024-09-11 00:00:00+00:00
[2024-09-11T13:57:57.418+0000] {processor.py:208} INFO - Processing /home/airflow/.local/lib/python3.12/site-packages/airflow/example_dags/example_nested_branch_dag.py took 0.107 seconds
[2024-09-11T13:58:27.893+0000] {processor.py:186} INFO - Started process (PID=2065) to work on /home/airflow/.local/lib/python3.12/site-packages/airflow/example_dags/example_nested_branch_dag.py
[2024-09-11T13:58:27.894+0000] {processor.py:914} INFO - Processing file /home/airflow/.local/lib/python3.12/site-packages/airflow/example_dags/example_nested_branch_dag.py for tasks to queue
[2024-09-11T13:58:27.896+0000] {logging_mixin.py:190} INFO - [2024-09-11T13:58:27.896+0000] {dagbag.py:587} INFO - Filling up the DagBag from /home/airflow/.local/lib/python3.12/site-packages/airflow/example_dags/example_nested_branch_dag.py
[2024-09-11T13:58:27.903+0000] {processor.py:925} INFO - DAG(s) 'example_nested_branch_dag' retrieved from /home/airflow/.local/lib/python3.12/site-packages/airflow/example_dags/example_nested_branch_dag.py
[2024-09-11T13:58:27.978+0000] {logging_mixin.py:190} INFO - [2024-09-11T13:58:27.974+0000] {dag.py:3229} INFO - Sync 1 DAGs
[2024-09-11T13:58:28.002+0000] {logging_mixin.py:190} INFO - [2024-09-11T13:58:28.002+0000] {dag.py:4156} INFO - Setting next_dagrun for example_nested_branch_dag to 2024-09-10 00:00:00+00:00, run_after=2024-09-11 00:00:00+00:00
[2024-09-11T13:58:28.011+0000] {processor.py:208} INFO - Processing /home/airflow/.local/lib/python3.12/site-packages/airflow/example_dags/example_nested_branch_dag.py took 0.122 seconds
