[2024-09-11T13:40:19.054+0000] {processor.py:186} INFO - Started process (PID=68) to work on /home/airflow/.local/lib/python3.12/site-packages/airflow/example_dags/example_skip_dag.py
[2024-09-11T13:40:19.056+0000] {processor.py:914} INFO - Processing file /home/airflow/.local/lib/python3.12/site-packages/airflow/example_dags/example_skip_dag.py for tasks to queue
[2024-09-11T13:40:19.062+0000] {logging_mixin.py:190} INFO - [2024-09-11T13:40:19.061+0000] {dagbag.py:587} INFO - Filling up the DagBag from /home/airflow/.local/lib/python3.12/site-packages/airflow/example_dags/example_skip_dag.py
[2024-09-11T13:40:19.078+0000] {processor.py:925} INFO - DAG(s) 'example_skip_dag' retrieved from /home/airflow/.local/lib/python3.12/site-packages/airflow/example_dags/example_skip_dag.py
[2024-09-11T13:40:19.243+0000] {logging_mixin.py:190} INFO - [2024-09-11T13:40:19.242+0000] {override.py:1900} INFO - Created Permission View: can read on DAG:example_skip_dag
[2024-09-11T13:40:19.260+0000] {logging_mixin.py:190} INFO - [2024-09-11T13:40:19.260+0000] {override.py:1900} INFO - Created Permission View: can delete on DAG:example_skip_dag
[2024-09-11T13:40:19.269+0000] {logging_mixin.py:190} INFO - [2024-09-11T13:40:19.269+0000] {override.py:1900} INFO - Created Permission View: can edit on DAG:example_skip_dag
[2024-09-11T13:40:19.277+0000] {logging_mixin.py:190} INFO - [2024-09-11T13:40:19.277+0000] {override.py:1900} INFO - Created Permission View: can read on DAG Run:example_skip_dag
[2024-09-11T13:40:19.282+0000] {logging_mixin.py:190} INFO - [2024-09-11T13:40:19.282+0000] {override.py:1900} INFO - Created Permission View: can create on DAG Run:example_skip_dag
[2024-09-11T13:40:19.289+0000] {logging_mixin.py:190} INFO - [2024-09-11T13:40:19.288+0000] {override.py:1900} INFO - Created Permission View: menu access on DAG Run:example_skip_dag
[2024-09-11T13:40:19.294+0000] {logging_mixin.py:190} INFO - [2024-09-11T13:40:19.294+0000] {override.py:1900} INFO - Created Permission View: can delete on DAG Run:example_skip_dag
[2024-09-11T13:40:19.295+0000] {logging_mixin.py:190} INFO - [2024-09-11T13:40:19.295+0000] {dag.py:3229} INFO - Sync 1 DAGs
[2024-09-11T13:40:19.311+0000] {logging_mixin.py:190} INFO - [2024-09-11T13:40:19.311+0000] {dag.py:3252} INFO - Creating ORM DAG for example_skip_dag
[2024-09-11T13:40:19.326+0000] {logging_mixin.py:190} INFO - [2024-09-11T13:40:19.325+0000] {dag.py:4156} INFO - Setting next_dagrun for example_skip_dag to 2024-09-10 00:00:00+00:00, run_after=2024-09-11 00:00:00+00:00
[2024-09-11T13:40:19.347+0000] {processor.py:208} INFO - Processing /home/airflow/.local/lib/python3.12/site-packages/airflow/example_dags/example_skip_dag.py took 0.310 seconds
[2024-09-11T13:40:49.745+0000] {processor.py:186} INFO - Started process (PID=124) to work on /home/airflow/.local/lib/python3.12/site-packages/airflow/example_dags/example_skip_dag.py
[2024-09-11T13:40:49.746+0000] {processor.py:914} INFO - Processing file /home/airflow/.local/lib/python3.12/site-packages/airflow/example_dags/example_skip_dag.py for tasks to queue
[2024-09-11T13:40:49.748+0000] {logging_mixin.py:190} INFO - [2024-09-11T13:40:49.748+0000] {dagbag.py:587} INFO - Filling up the DagBag from /home/airflow/.local/lib/python3.12/site-packages/airflow/example_dags/example_skip_dag.py
[2024-09-11T13:40:49.755+0000] {processor.py:925} INFO - DAG(s) 'example_skip_dag' retrieved from /home/airflow/.local/lib/python3.12/site-packages/airflow/example_dags/example_skip_dag.py
[2024-09-11T13:40:49.772+0000] {logging_mixin.py:190} INFO - [2024-09-11T13:40:49.772+0000] {dag.py:3229} INFO - Sync 1 DAGs
[2024-09-11T13:40:49.793+0000] {logging_mixin.py:190} INFO - [2024-09-11T13:40:49.793+0000] {dag.py:4156} INFO - Setting next_dagrun for example_skip_dag to 2024-09-10 00:00:00+00:00, run_after=2024-09-11 00:00:00+00:00
[2024-09-11T13:40:49.833+0000] {processor.py:208} INFO - Processing /home/airflow/.local/lib/python3.12/site-packages/airflow/example_dags/example_skip_dag.py took 0.094 seconds
[2024-09-11T13:41:20.863+0000] {processor.py:186} INFO - Started process (PID=180) to work on /home/airflow/.local/lib/python3.12/site-packages/airflow/example_dags/example_skip_dag.py
[2024-09-11T13:41:20.867+0000] {processor.py:914} INFO - Processing file /home/airflow/.local/lib/python3.12/site-packages/airflow/example_dags/example_skip_dag.py for tasks to queue
[2024-09-11T13:41:20.873+0000] {logging_mixin.py:190} INFO - [2024-09-11T13:41:20.873+0000] {dagbag.py:587} INFO - Filling up the DagBag from /home/airflow/.local/lib/python3.12/site-packages/airflow/example_dags/example_skip_dag.py
[2024-09-11T13:41:20.894+0000] {processor.py:925} INFO - DAG(s) 'example_skip_dag' retrieved from /home/airflow/.local/lib/python3.12/site-packages/airflow/example_dags/example_skip_dag.py
[2024-09-11T13:41:20.937+0000] {logging_mixin.py:190} INFO - [2024-09-11T13:41:20.936+0000] {dag.py:3229} INFO - Sync 1 DAGs
[2024-09-11T13:41:20.955+0000] {logging_mixin.py:190} INFO - [2024-09-11T13:41:20.955+0000] {dag.py:4156} INFO - Setting next_dagrun for example_skip_dag to 2024-09-10 00:00:00+00:00, run_after=2024-09-11 00:00:00+00:00
[2024-09-11T13:41:20.968+0000] {processor.py:208} INFO - Processing /home/airflow/.local/lib/python3.12/site-packages/airflow/example_dags/example_skip_dag.py took 0.121 seconds
[2024-09-11T13:41:51.051+0000] {processor.py:186} INFO - Started process (PID=236) to work on /home/airflow/.local/lib/python3.12/site-packages/airflow/example_dags/example_skip_dag.py
[2024-09-11T13:41:51.052+0000] {processor.py:914} INFO - Processing file /home/airflow/.local/lib/python3.12/site-packages/airflow/example_dags/example_skip_dag.py for tasks to queue
[2024-09-11T13:41:51.053+0000] {logging_mixin.py:190} INFO - [2024-09-11T13:41:51.053+0000] {dagbag.py:587} INFO - Filling up the DagBag from /home/airflow/.local/lib/python3.12/site-packages/airflow/example_dags/example_skip_dag.py
[2024-09-11T13:41:51.058+0000] {processor.py:925} INFO - DAG(s) 'example_skip_dag' retrieved from /home/airflow/.local/lib/python3.12/site-packages/airflow/example_dags/example_skip_dag.py
[2024-09-11T13:41:51.069+0000] {logging_mixin.py:190} INFO - [2024-09-11T13:41:51.069+0000] {dag.py:3229} INFO - Sync 1 DAGs
[2024-09-11T13:41:51.081+0000] {logging_mixin.py:190} INFO - [2024-09-11T13:41:51.080+0000] {dag.py:4156} INFO - Setting next_dagrun for example_skip_dag to 2024-09-10 00:00:00+00:00, run_after=2024-09-11 00:00:00+00:00
[2024-09-11T13:41:51.089+0000] {processor.py:208} INFO - Processing /home/airflow/.local/lib/python3.12/site-packages/airflow/example_dags/example_skip_dag.py took 0.042 seconds
[2024-09-11T13:42:21.553+0000] {processor.py:186} INFO - Started process (PID=292) to work on /home/airflow/.local/lib/python3.12/site-packages/airflow/example_dags/example_skip_dag.py
[2024-09-11T13:42:21.554+0000] {processor.py:914} INFO - Processing file /home/airflow/.local/lib/python3.12/site-packages/airflow/example_dags/example_skip_dag.py for tasks to queue
[2024-09-11T13:42:21.557+0000] {logging_mixin.py:190} INFO - [2024-09-11T13:42:21.557+0000] {dagbag.py:587} INFO - Filling up the DagBag from /home/airflow/.local/lib/python3.12/site-packages/airflow/example_dags/example_skip_dag.py
[2024-09-11T13:42:21.565+0000] {processor.py:925} INFO - DAG(s) 'example_skip_dag' retrieved from /home/airflow/.local/lib/python3.12/site-packages/airflow/example_dags/example_skip_dag.py
[2024-09-11T13:42:21.583+0000] {logging_mixin.py:190} INFO - [2024-09-11T13:42:21.582+0000] {dag.py:3229} INFO - Sync 1 DAGs
[2024-09-11T13:42:21.597+0000] {logging_mixin.py:190} INFO - [2024-09-11T13:42:21.597+0000] {dag.py:4156} INFO - Setting next_dagrun for example_skip_dag to 2024-09-10 00:00:00+00:00, run_after=2024-09-11 00:00:00+00:00
[2024-09-11T13:42:21.606+0000] {processor.py:208} INFO - Processing /home/airflow/.local/lib/python3.12/site-packages/airflow/example_dags/example_skip_dag.py took 0.061 seconds
[2024-09-11T13:42:51.757+0000] {processor.py:186} INFO - Started process (PID=348) to work on /home/airflow/.local/lib/python3.12/site-packages/airflow/example_dags/example_skip_dag.py
[2024-09-11T13:42:51.759+0000] {processor.py:914} INFO - Processing file /home/airflow/.local/lib/python3.12/site-packages/airflow/example_dags/example_skip_dag.py for tasks to queue
[2024-09-11T13:42:51.761+0000] {logging_mixin.py:190} INFO - [2024-09-11T13:42:51.761+0000] {dagbag.py:587} INFO - Filling up the DagBag from /home/airflow/.local/lib/python3.12/site-packages/airflow/example_dags/example_skip_dag.py
[2024-09-11T13:42:51.769+0000] {processor.py:925} INFO - DAG(s) 'example_skip_dag' retrieved from /home/airflow/.local/lib/python3.12/site-packages/airflow/example_dags/example_skip_dag.py
[2024-09-11T13:42:51.787+0000] {logging_mixin.py:190} INFO - [2024-09-11T13:42:51.787+0000] {dag.py:3229} INFO - Sync 1 DAGs
[2024-09-11T13:42:51.801+0000] {logging_mixin.py:190} INFO - [2024-09-11T13:42:51.801+0000] {dag.py:4156} INFO - Setting next_dagrun for example_skip_dag to 2024-09-10 00:00:00+00:00, run_after=2024-09-11 00:00:00+00:00
[2024-09-11T13:42:51.810+0000] {processor.py:208} INFO - Processing /home/airflow/.local/lib/python3.12/site-packages/airflow/example_dags/example_skip_dag.py took 0.062 seconds
[2024-09-11T13:43:21.936+0000] {processor.py:186} INFO - Started process (PID=404) to work on /home/airflow/.local/lib/python3.12/site-packages/airflow/example_dags/example_skip_dag.py
[2024-09-11T13:43:21.937+0000] {processor.py:914} INFO - Processing file /home/airflow/.local/lib/python3.12/site-packages/airflow/example_dags/example_skip_dag.py for tasks to queue
[2024-09-11T13:43:21.940+0000] {logging_mixin.py:190} INFO - [2024-09-11T13:43:21.939+0000] {dagbag.py:587} INFO - Filling up the DagBag from /home/airflow/.local/lib/python3.12/site-packages/airflow/example_dags/example_skip_dag.py
[2024-09-11T13:43:21.948+0000] {processor.py:925} INFO - DAG(s) 'example_skip_dag' retrieved from /home/airflow/.local/lib/python3.12/site-packages/airflow/example_dags/example_skip_dag.py
[2024-09-11T13:43:21.965+0000] {logging_mixin.py:190} INFO - [2024-09-11T13:43:21.964+0000] {dag.py:3229} INFO - Sync 1 DAGs
[2024-09-11T13:43:21.979+0000] {logging_mixin.py:190} INFO - [2024-09-11T13:43:21.979+0000] {dag.py:4156} INFO - Setting next_dagrun for example_skip_dag to 2024-09-10 00:00:00+00:00, run_after=2024-09-11 00:00:00+00:00
[2024-09-11T13:43:21.988+0000] {processor.py:208} INFO - Processing /home/airflow/.local/lib/python3.12/site-packages/airflow/example_dags/example_skip_dag.py took 0.060 seconds
[2024-09-11T13:43:52.247+0000] {processor.py:186} INFO - Started process (PID=460) to work on /home/airflow/.local/lib/python3.12/site-packages/airflow/example_dags/example_skip_dag.py
[2024-09-11T13:43:52.249+0000] {processor.py:914} INFO - Processing file /home/airflow/.local/lib/python3.12/site-packages/airflow/example_dags/example_skip_dag.py for tasks to queue
[2024-09-11T13:43:52.252+0000] {logging_mixin.py:190} INFO - [2024-09-11T13:43:52.251+0000] {dagbag.py:587} INFO - Filling up the DagBag from /home/airflow/.local/lib/python3.12/site-packages/airflow/example_dags/example_skip_dag.py
[2024-09-11T13:43:52.263+0000] {processor.py:925} INFO - DAG(s) 'example_skip_dag' retrieved from /home/airflow/.local/lib/python3.12/site-packages/airflow/example_dags/example_skip_dag.py
[2024-09-11T13:43:52.282+0000] {logging_mixin.py:190} INFO - [2024-09-11T13:43:52.282+0000] {dag.py:3229} INFO - Sync 1 DAGs
[2024-09-11T13:43:52.299+0000] {logging_mixin.py:190} INFO - [2024-09-11T13:43:52.299+0000] {dag.py:4156} INFO - Setting next_dagrun for example_skip_dag to 2024-09-10 00:00:00+00:00, run_after=2024-09-11 00:00:00+00:00
[2024-09-11T13:43:52.311+0000] {processor.py:208} INFO - Processing /home/airflow/.local/lib/python3.12/site-packages/airflow/example_dags/example_skip_dag.py took 0.076 seconds
[2024-09-11T13:44:22.405+0000] {processor.py:186} INFO - Started process (PID=516) to work on /home/airflow/.local/lib/python3.12/site-packages/airflow/example_dags/example_skip_dag.py
[2024-09-11T13:44:22.406+0000] {processor.py:914} INFO - Processing file /home/airflow/.local/lib/python3.12/site-packages/airflow/example_dags/example_skip_dag.py for tasks to queue
[2024-09-11T13:44:22.409+0000] {logging_mixin.py:190} INFO - [2024-09-11T13:44:22.408+0000] {dagbag.py:587} INFO - Filling up the DagBag from /home/airflow/.local/lib/python3.12/site-packages/airflow/example_dags/example_skip_dag.py
[2024-09-11T13:44:22.417+0000] {processor.py:925} INFO - DAG(s) 'example_skip_dag' retrieved from /home/airflow/.local/lib/python3.12/site-packages/airflow/example_dags/example_skip_dag.py
[2024-09-11T13:44:22.435+0000] {logging_mixin.py:190} INFO - [2024-09-11T13:44:22.435+0000] {dag.py:3229} INFO - Sync 1 DAGs
[2024-09-11T13:44:22.449+0000] {logging_mixin.py:190} INFO - [2024-09-11T13:44:22.449+0000] {dag.py:4156} INFO - Setting next_dagrun for example_skip_dag to 2024-09-10 00:00:00+00:00, run_after=2024-09-11 00:00:00+00:00
[2024-09-11T13:44:22.459+0000] {processor.py:208} INFO - Processing /home/airflow/.local/lib/python3.12/site-packages/airflow/example_dags/example_skip_dag.py took 0.063 seconds
[2024-09-11T13:44:52.771+0000] {processor.py:186} INFO - Started process (PID=572) to work on /home/airflow/.local/lib/python3.12/site-packages/airflow/example_dags/example_skip_dag.py
[2024-09-11T13:44:52.773+0000] {processor.py:914} INFO - Processing file /home/airflow/.local/lib/python3.12/site-packages/airflow/example_dags/example_skip_dag.py for tasks to queue
[2024-09-11T13:44:52.776+0000] {logging_mixin.py:190} INFO - [2024-09-11T13:44:52.775+0000] {dagbag.py:587} INFO - Filling up the DagBag from /home/airflow/.local/lib/python3.12/site-packages/airflow/example_dags/example_skip_dag.py
[2024-09-11T13:44:52.784+0000] {processor.py:925} INFO - DAG(s) 'example_skip_dag' retrieved from /home/airflow/.local/lib/python3.12/site-packages/airflow/example_dags/example_skip_dag.py
[2024-09-11T13:44:52.802+0000] {logging_mixin.py:190} INFO - [2024-09-11T13:44:52.802+0000] {dag.py:3229} INFO - Sync 1 DAGs
[2024-09-11T13:44:52.816+0000] {logging_mixin.py:190} INFO - [2024-09-11T13:44:52.816+0000] {dag.py:4156} INFO - Setting next_dagrun for example_skip_dag to 2024-09-10 00:00:00+00:00, run_after=2024-09-11 00:00:00+00:00
[2024-09-11T13:44:52.825+0000] {processor.py:208} INFO - Processing /home/airflow/.local/lib/python3.12/site-packages/airflow/example_dags/example_skip_dag.py took 0.063 seconds
[2024-09-11T13:45:22.974+0000] {processor.py:186} INFO - Started process (PID=628) to work on /home/airflow/.local/lib/python3.12/site-packages/airflow/example_dags/example_skip_dag.py
[2024-09-11T13:45:22.976+0000] {processor.py:914} INFO - Processing file /home/airflow/.local/lib/python3.12/site-packages/airflow/example_dags/example_skip_dag.py for tasks to queue
[2024-09-11T13:45:22.978+0000] {logging_mixin.py:190} INFO - [2024-09-11T13:45:22.978+0000] {dagbag.py:587} INFO - Filling up the DagBag from /home/airflow/.local/lib/python3.12/site-packages/airflow/example_dags/example_skip_dag.py
[2024-09-11T13:45:22.986+0000] {processor.py:925} INFO - DAG(s) 'example_skip_dag' retrieved from /home/airflow/.local/lib/python3.12/site-packages/airflow/example_dags/example_skip_dag.py
[2024-09-11T13:45:23.003+0000] {logging_mixin.py:190} INFO - [2024-09-11T13:45:23.003+0000] {dag.py:3229} INFO - Sync 1 DAGs
[2024-09-11T13:45:23.017+0000] {logging_mixin.py:190} INFO - [2024-09-11T13:45:23.017+0000] {dag.py:4156} INFO - Setting next_dagrun for example_skip_dag to 2024-09-10 00:00:00+00:00, run_after=2024-09-11 00:00:00+00:00
[2024-09-11T13:45:23.026+0000] {processor.py:208} INFO - Processing /home/airflow/.local/lib/python3.12/site-packages/airflow/example_dags/example_skip_dag.py took 0.060 seconds
[2024-09-11T13:45:53.164+0000] {processor.py:186} INFO - Started process (PID=684) to work on /home/airflow/.local/lib/python3.12/site-packages/airflow/example_dags/example_skip_dag.py
[2024-09-11T13:45:53.165+0000] {processor.py:914} INFO - Processing file /home/airflow/.local/lib/python3.12/site-packages/airflow/example_dags/example_skip_dag.py for tasks to queue
[2024-09-11T13:45:53.167+0000] {logging_mixin.py:190} INFO - [2024-09-11T13:45:53.167+0000] {dagbag.py:587} INFO - Filling up the DagBag from /home/airflow/.local/lib/python3.12/site-packages/airflow/example_dags/example_skip_dag.py
[2024-09-11T13:45:53.175+0000] {processor.py:925} INFO - DAG(s) 'example_skip_dag' retrieved from /home/airflow/.local/lib/python3.12/site-packages/airflow/example_dags/example_skip_dag.py
[2024-09-11T13:45:53.191+0000] {logging_mixin.py:190} INFO - [2024-09-11T13:45:53.191+0000] {dag.py:3229} INFO - Sync 1 DAGs
[2024-09-11T13:45:53.205+0000] {logging_mixin.py:190} INFO - [2024-09-11T13:45:53.205+0000] {dag.py:4156} INFO - Setting next_dagrun for example_skip_dag to 2024-09-10 00:00:00+00:00, run_after=2024-09-11 00:00:00+00:00
[2024-09-11T13:45:53.214+0000] {processor.py:208} INFO - Processing /home/airflow/.local/lib/python3.12/site-packages/airflow/example_dags/example_skip_dag.py took 0.058 seconds
[2024-09-11T13:46:23.293+0000] {processor.py:186} INFO - Started process (PID=740) to work on /home/airflow/.local/lib/python3.12/site-packages/airflow/example_dags/example_skip_dag.py
[2024-09-11T13:46:23.295+0000] {processor.py:914} INFO - Processing file /home/airflow/.local/lib/python3.12/site-packages/airflow/example_dags/example_skip_dag.py for tasks to queue
[2024-09-11T13:46:23.299+0000] {logging_mixin.py:190} INFO - [2024-09-11T13:46:23.298+0000] {dagbag.py:587} INFO - Filling up the DagBag from /home/airflow/.local/lib/python3.12/site-packages/airflow/example_dags/example_skip_dag.py
[2024-09-11T13:46:23.308+0000] {processor.py:925} INFO - DAG(s) 'example_skip_dag' retrieved from /home/airflow/.local/lib/python3.12/site-packages/airflow/example_dags/example_skip_dag.py
[2024-09-11T13:46:23.329+0000] {logging_mixin.py:190} INFO - [2024-09-11T13:46:23.328+0000] {dag.py:3229} INFO - Sync 1 DAGs
[2024-09-11T13:46:23.344+0000] {logging_mixin.py:190} INFO - [2024-09-11T13:46:23.344+0000] {dag.py:4156} INFO - Setting next_dagrun for example_skip_dag to 2024-09-10 00:00:00+00:00, run_after=2024-09-11 00:00:00+00:00
[2024-09-11T13:46:23.354+0000] {processor.py:208} INFO - Processing /home/airflow/.local/lib/python3.12/site-packages/airflow/example_dags/example_skip_dag.py took 0.070 seconds
[2024-09-11T13:46:53.649+0000] {processor.py:186} INFO - Started process (PID=796) to work on /home/airflow/.local/lib/python3.12/site-packages/airflow/example_dags/example_skip_dag.py
[2024-09-11T13:46:53.651+0000] {processor.py:914} INFO - Processing file /home/airflow/.local/lib/python3.12/site-packages/airflow/example_dags/example_skip_dag.py for tasks to queue
[2024-09-11T13:46:53.654+0000] {logging_mixin.py:190} INFO - [2024-09-11T13:46:53.653+0000] {dagbag.py:587} INFO - Filling up the DagBag from /home/airflow/.local/lib/python3.12/site-packages/airflow/example_dags/example_skip_dag.py
[2024-09-11T13:46:53.662+0000] {processor.py:925} INFO - DAG(s) 'example_skip_dag' retrieved from /home/airflow/.local/lib/python3.12/site-packages/airflow/example_dags/example_skip_dag.py
[2024-09-11T13:46:53.680+0000] {logging_mixin.py:190} INFO - [2024-09-11T13:46:53.680+0000] {dag.py:3229} INFO - Sync 1 DAGs
[2024-09-11T13:46:53.696+0000] {logging_mixin.py:190} INFO - [2024-09-11T13:46:53.695+0000] {dag.py:4156} INFO - Setting next_dagrun for example_skip_dag to 2024-09-10 00:00:00+00:00, run_after=2024-09-11 00:00:00+00:00
[2024-09-11T13:46:53.705+0000] {processor.py:208} INFO - Processing /home/airflow/.local/lib/python3.12/site-packages/airflow/example_dags/example_skip_dag.py took 0.065 seconds
[2024-09-11T13:47:23.799+0000] {processor.py:186} INFO - Started process (PID=852) to work on /home/airflow/.local/lib/python3.12/site-packages/airflow/example_dags/example_skip_dag.py
[2024-09-11T13:47:23.801+0000] {processor.py:914} INFO - Processing file /home/airflow/.local/lib/python3.12/site-packages/airflow/example_dags/example_skip_dag.py for tasks to queue
[2024-09-11T13:47:23.804+0000] {logging_mixin.py:190} INFO - [2024-09-11T13:47:23.803+0000] {dagbag.py:587} INFO - Filling up the DagBag from /home/airflow/.local/lib/python3.12/site-packages/airflow/example_dags/example_skip_dag.py
[2024-09-11T13:47:23.812+0000] {processor.py:925} INFO - DAG(s) 'example_skip_dag' retrieved from /home/airflow/.local/lib/python3.12/site-packages/airflow/example_dags/example_skip_dag.py
[2024-09-11T13:47:23.830+0000] {logging_mixin.py:190} INFO - [2024-09-11T13:47:23.830+0000] {dag.py:3229} INFO - Sync 1 DAGs
[2024-09-11T13:47:23.844+0000] {logging_mixin.py:190} INFO - [2024-09-11T13:47:23.844+0000] {dag.py:4156} INFO - Setting next_dagrun for example_skip_dag to 2024-09-10 00:00:00+00:00, run_after=2024-09-11 00:00:00+00:00
[2024-09-11T13:47:23.854+0000] {processor.py:208} INFO - Processing /home/airflow/.local/lib/python3.12/site-packages/airflow/example_dags/example_skip_dag.py took 0.064 seconds
[2024-09-11T13:47:54.066+0000] {processor.py:186} INFO - Started process (PID=908) to work on /home/airflow/.local/lib/python3.12/site-packages/airflow/example_dags/example_skip_dag.py
[2024-09-11T13:47:54.068+0000] {processor.py:914} INFO - Processing file /home/airflow/.local/lib/python3.12/site-packages/airflow/example_dags/example_skip_dag.py for tasks to queue
[2024-09-11T13:47:54.071+0000] {logging_mixin.py:190} INFO - [2024-09-11T13:47:54.070+0000] {dagbag.py:587} INFO - Filling up the DagBag from /home/airflow/.local/lib/python3.12/site-packages/airflow/example_dags/example_skip_dag.py
[2024-09-11T13:47:54.079+0000] {processor.py:925} INFO - DAG(s) 'example_skip_dag' retrieved from /home/airflow/.local/lib/python3.12/site-packages/airflow/example_dags/example_skip_dag.py
[2024-09-11T13:47:54.097+0000] {logging_mixin.py:190} INFO - [2024-09-11T13:47:54.097+0000] {dag.py:3229} INFO - Sync 1 DAGs
[2024-09-11T13:47:54.111+0000] {logging_mixin.py:190} INFO - [2024-09-11T13:47:54.111+0000] {dag.py:4156} INFO - Setting next_dagrun for example_skip_dag to 2024-09-10 00:00:00+00:00, run_after=2024-09-11 00:00:00+00:00
[2024-09-11T13:47:54.121+0000] {processor.py:208} INFO - Processing /home/airflow/.local/lib/python3.12/site-packages/airflow/example_dags/example_skip_dag.py took 0.063 seconds
[2024-09-11T13:48:24.336+0000] {processor.py:186} INFO - Started process (PID=964) to work on /home/airflow/.local/lib/python3.12/site-packages/airflow/example_dags/example_skip_dag.py
[2024-09-11T13:48:24.337+0000] {processor.py:914} INFO - Processing file /home/airflow/.local/lib/python3.12/site-packages/airflow/example_dags/example_skip_dag.py for tasks to queue
[2024-09-11T13:48:24.341+0000] {logging_mixin.py:190} INFO - [2024-09-11T13:48:24.340+0000] {dagbag.py:587} INFO - Filling up the DagBag from /home/airflow/.local/lib/python3.12/site-packages/airflow/example_dags/example_skip_dag.py
[2024-09-11T13:48:24.349+0000] {processor.py:925} INFO - DAG(s) 'example_skip_dag' retrieved from /home/airflow/.local/lib/python3.12/site-packages/airflow/example_dags/example_skip_dag.py
[2024-09-11T13:48:24.367+0000] {logging_mixin.py:190} INFO - [2024-09-11T13:48:24.367+0000] {dag.py:3229} INFO - Sync 1 DAGs
[2024-09-11T13:48:24.381+0000] {logging_mixin.py:190} INFO - [2024-09-11T13:48:24.381+0000] {dag.py:4156} INFO - Setting next_dagrun for example_skip_dag to 2024-09-10 00:00:00+00:00, run_after=2024-09-11 00:00:00+00:00
[2024-09-11T13:48:24.392+0000] {processor.py:208} INFO - Processing /home/airflow/.local/lib/python3.12/site-packages/airflow/example_dags/example_skip_dag.py took 0.066 seconds
[2024-09-11T13:48:54.517+0000] {processor.py:186} INFO - Started process (PID=1020) to work on /home/airflow/.local/lib/python3.12/site-packages/airflow/example_dags/example_skip_dag.py
[2024-09-11T13:48:54.519+0000] {processor.py:914} INFO - Processing file /home/airflow/.local/lib/python3.12/site-packages/airflow/example_dags/example_skip_dag.py for tasks to queue
[2024-09-11T13:48:54.522+0000] {logging_mixin.py:190} INFO - [2024-09-11T13:48:54.522+0000] {dagbag.py:587} INFO - Filling up the DagBag from /home/airflow/.local/lib/python3.12/site-packages/airflow/example_dags/example_skip_dag.py
[2024-09-11T13:48:54.531+0000] {processor.py:925} INFO - DAG(s) 'example_skip_dag' retrieved from /home/airflow/.local/lib/python3.12/site-packages/airflow/example_dags/example_skip_dag.py
[2024-09-11T13:48:54.550+0000] {logging_mixin.py:190} INFO - [2024-09-11T13:48:54.550+0000] {dag.py:3229} INFO - Sync 1 DAGs
[2024-09-11T13:48:54.565+0000] {logging_mixin.py:190} INFO - [2024-09-11T13:48:54.565+0000] {dag.py:4156} INFO - Setting next_dagrun for example_skip_dag to 2024-09-10 00:00:00+00:00, run_after=2024-09-11 00:00:00+00:00
[2024-09-11T13:48:54.575+0000] {processor.py:208} INFO - Processing /home/airflow/.local/lib/python3.12/site-packages/airflow/example_dags/example_skip_dag.py took 0.066 seconds
[2024-09-11T13:49:24.709+0000] {processor.py:186} INFO - Started process (PID=1076) to work on /home/airflow/.local/lib/python3.12/site-packages/airflow/example_dags/example_skip_dag.py
[2024-09-11T13:49:24.712+0000] {processor.py:914} INFO - Processing file /home/airflow/.local/lib/python3.12/site-packages/airflow/example_dags/example_skip_dag.py for tasks to queue
[2024-09-11T13:49:24.716+0000] {logging_mixin.py:190} INFO - [2024-09-11T13:49:24.715+0000] {dagbag.py:587} INFO - Filling up the DagBag from /home/airflow/.local/lib/python3.12/site-packages/airflow/example_dags/example_skip_dag.py
[2024-09-11T13:49:24.727+0000] {processor.py:925} INFO - DAG(s) 'example_skip_dag' retrieved from /home/airflow/.local/lib/python3.12/site-packages/airflow/example_dags/example_skip_dag.py
[2024-09-11T13:49:24.748+0000] {logging_mixin.py:190} INFO - [2024-09-11T13:49:24.748+0000] {dag.py:3229} INFO - Sync 1 DAGs
[2024-09-11T13:49:24.764+0000] {logging_mixin.py:190} INFO - [2024-09-11T13:49:24.764+0000] {dag.py:4156} INFO - Setting next_dagrun for example_skip_dag to 2024-09-10 00:00:00+00:00, run_after=2024-09-11 00:00:00+00:00
[2024-09-11T13:49:24.775+0000] {processor.py:208} INFO - Processing /home/airflow/.local/lib/python3.12/site-packages/airflow/example_dags/example_skip_dag.py took 0.075 seconds
[2024-09-11T13:49:55.030+0000] {processor.py:186} INFO - Started process (PID=1132) to work on /home/airflow/.local/lib/python3.12/site-packages/airflow/example_dags/example_skip_dag.py
[2024-09-11T13:49:55.031+0000] {processor.py:914} INFO - Processing file /home/airflow/.local/lib/python3.12/site-packages/airflow/example_dags/example_skip_dag.py for tasks to queue
[2024-09-11T13:49:55.033+0000] {logging_mixin.py:190} INFO - [2024-09-11T13:49:55.033+0000] {dagbag.py:587} INFO - Filling up the DagBag from /home/airflow/.local/lib/python3.12/site-packages/airflow/example_dags/example_skip_dag.py
[2024-09-11T13:49:55.038+0000] {processor.py:925} INFO - DAG(s) 'example_skip_dag' retrieved from /home/airflow/.local/lib/python3.12/site-packages/airflow/example_dags/example_skip_dag.py
[2024-09-11T13:49:55.052+0000] {logging_mixin.py:190} INFO - [2024-09-11T13:49:55.052+0000] {dag.py:3229} INFO - Sync 1 DAGs
[2024-09-11T13:49:55.069+0000] {logging_mixin.py:190} INFO - [2024-09-11T13:49:55.068+0000] {dag.py:4156} INFO - Setting next_dagrun for example_skip_dag to 2024-09-10 00:00:00+00:00, run_after=2024-09-11 00:00:00+00:00
[2024-09-11T13:49:55.082+0000] {processor.py:208} INFO - Processing /home/airflow/.local/lib/python3.12/site-packages/airflow/example_dags/example_skip_dag.py took 0.058 seconds
[2024-09-11T13:50:25.309+0000] {processor.py:186} INFO - Started process (PID=1188) to work on /home/airflow/.local/lib/python3.12/site-packages/airflow/example_dags/example_skip_dag.py
[2024-09-11T13:50:25.310+0000] {processor.py:914} INFO - Processing file /home/airflow/.local/lib/python3.12/site-packages/airflow/example_dags/example_skip_dag.py for tasks to queue
[2024-09-11T13:50:25.312+0000] {logging_mixin.py:190} INFO - [2024-09-11T13:50:25.311+0000] {dagbag.py:587} INFO - Filling up the DagBag from /home/airflow/.local/lib/python3.12/site-packages/airflow/example_dags/example_skip_dag.py
[2024-09-11T13:50:25.317+0000] {processor.py:925} INFO - DAG(s) 'example_skip_dag' retrieved from /home/airflow/.local/lib/python3.12/site-packages/airflow/example_dags/example_skip_dag.py
[2024-09-11T13:50:25.331+0000] {logging_mixin.py:190} INFO - [2024-09-11T13:50:25.331+0000] {dag.py:3229} INFO - Sync 1 DAGs
[2024-09-11T13:50:25.343+0000] {logging_mixin.py:190} INFO - [2024-09-11T13:50:25.343+0000] {dag.py:4156} INFO - Setting next_dagrun for example_skip_dag to 2024-09-10 00:00:00+00:00, run_after=2024-09-11 00:00:00+00:00
[2024-09-11T13:50:25.352+0000] {processor.py:208} INFO - Processing /home/airflow/.local/lib/python3.12/site-packages/airflow/example_dags/example_skip_dag.py took 0.049 seconds
[2024-09-11T13:50:55.597+0000] {processor.py:186} INFO - Started process (PID=1244) to work on /home/airflow/.local/lib/python3.12/site-packages/airflow/example_dags/example_skip_dag.py
[2024-09-11T13:50:55.599+0000] {processor.py:914} INFO - Processing file /home/airflow/.local/lib/python3.12/site-packages/airflow/example_dags/example_skip_dag.py for tasks to queue
[2024-09-11T13:50:55.603+0000] {logging_mixin.py:190} INFO - [2024-09-11T13:50:55.602+0000] {dagbag.py:587} INFO - Filling up the DagBag from /home/airflow/.local/lib/python3.12/site-packages/airflow/example_dags/example_skip_dag.py
[2024-09-11T13:50:55.611+0000] {processor.py:925} INFO - DAG(s) 'example_skip_dag' retrieved from /home/airflow/.local/lib/python3.12/site-packages/airflow/example_dags/example_skip_dag.py
[2024-09-11T13:50:55.629+0000] {logging_mixin.py:190} INFO - [2024-09-11T13:50:55.629+0000] {dag.py:3229} INFO - Sync 1 DAGs
[2024-09-11T13:50:55.645+0000] {logging_mixin.py:190} INFO - [2024-09-11T13:50:55.645+0000] {dag.py:4156} INFO - Setting next_dagrun for example_skip_dag to 2024-09-10 00:00:00+00:00, run_after=2024-09-11 00:00:00+00:00
[2024-09-11T13:50:55.655+0000] {processor.py:208} INFO - Processing /home/airflow/.local/lib/python3.12/site-packages/airflow/example_dags/example_skip_dag.py took 0.066 seconds
[2024-09-11T13:51:25.777+0000] {processor.py:186} INFO - Started process (PID=1300) to work on /home/airflow/.local/lib/python3.12/site-packages/airflow/example_dags/example_skip_dag.py
[2024-09-11T13:51:25.779+0000] {processor.py:914} INFO - Processing file /home/airflow/.local/lib/python3.12/site-packages/airflow/example_dags/example_skip_dag.py for tasks to queue
[2024-09-11T13:51:25.785+0000] {logging_mixin.py:190} INFO - [2024-09-11T13:51:25.784+0000] {dagbag.py:587} INFO - Filling up the DagBag from /home/airflow/.local/lib/python3.12/site-packages/airflow/example_dags/example_skip_dag.py
[2024-09-11T13:51:25.797+0000] {processor.py:925} INFO - DAG(s) 'example_skip_dag' retrieved from /home/airflow/.local/lib/python3.12/site-packages/airflow/example_dags/example_skip_dag.py
[2024-09-11T13:51:25.816+0000] {logging_mixin.py:190} INFO - [2024-09-11T13:51:25.815+0000] {dag.py:3229} INFO - Sync 1 DAGs
[2024-09-11T13:51:25.832+0000] {logging_mixin.py:190} INFO - [2024-09-11T13:51:25.832+0000] {dag.py:4156} INFO - Setting next_dagrun for example_skip_dag to 2024-09-10 00:00:00+00:00, run_after=2024-09-11 00:00:00+00:00
[2024-09-11T13:51:25.843+0000] {processor.py:208} INFO - Processing /home/airflow/.local/lib/python3.12/site-packages/airflow/example_dags/example_skip_dag.py took 0.074 seconds
[2024-09-11T13:51:56.131+0000] {processor.py:186} INFO - Started process (PID=1356) to work on /home/airflow/.local/lib/python3.12/site-packages/airflow/example_dags/example_skip_dag.py
[2024-09-11T13:51:56.133+0000] {processor.py:914} INFO - Processing file /home/airflow/.local/lib/python3.12/site-packages/airflow/example_dags/example_skip_dag.py for tasks to queue
[2024-09-11T13:51:56.135+0000] {logging_mixin.py:190} INFO - [2024-09-11T13:51:56.135+0000] {dagbag.py:587} INFO - Filling up the DagBag from /home/airflow/.local/lib/python3.12/site-packages/airflow/example_dags/example_skip_dag.py
[2024-09-11T13:51:56.144+0000] {processor.py:925} INFO - DAG(s) 'example_skip_dag' retrieved from /home/airflow/.local/lib/python3.12/site-packages/airflow/example_dags/example_skip_dag.py
[2024-09-11T13:51:56.162+0000] {logging_mixin.py:190} INFO - [2024-09-11T13:51:56.162+0000] {dag.py:3229} INFO - Sync 1 DAGs
[2024-09-11T13:51:56.177+0000] {logging_mixin.py:190} INFO - [2024-09-11T13:51:56.177+0000] {dag.py:4156} INFO - Setting next_dagrun for example_skip_dag to 2024-09-10 00:00:00+00:00, run_after=2024-09-11 00:00:00+00:00
[2024-09-11T13:51:56.186+0000] {processor.py:208} INFO - Processing /home/airflow/.local/lib/python3.12/site-packages/airflow/example_dags/example_skip_dag.py took 0.063 seconds
[2024-09-11T13:52:26.334+0000] {processor.py:186} INFO - Started process (PID=1412) to work on /home/airflow/.local/lib/python3.12/site-packages/airflow/example_dags/example_skip_dag.py
[2024-09-11T13:52:26.337+0000] {processor.py:914} INFO - Processing file /home/airflow/.local/lib/python3.12/site-packages/airflow/example_dags/example_skip_dag.py for tasks to queue
[2024-09-11T13:52:26.339+0000] {logging_mixin.py:190} INFO - [2024-09-11T13:52:26.339+0000] {dagbag.py:587} INFO - Filling up the DagBag from /home/airflow/.local/lib/python3.12/site-packages/airflow/example_dags/example_skip_dag.py
[2024-09-11T13:52:26.345+0000] {processor.py:925} INFO - DAG(s) 'example_skip_dag' retrieved from /home/airflow/.local/lib/python3.12/site-packages/airflow/example_dags/example_skip_dag.py
[2024-09-11T13:52:26.357+0000] {logging_mixin.py:190} INFO - [2024-09-11T13:52:26.357+0000] {dag.py:3229} INFO - Sync 1 DAGs
[2024-09-11T13:52:26.370+0000] {logging_mixin.py:190} INFO - [2024-09-11T13:52:26.369+0000] {dag.py:4156} INFO - Setting next_dagrun for example_skip_dag to 2024-09-10 00:00:00+00:00, run_after=2024-09-11 00:00:00+00:00
[2024-09-11T13:52:26.378+0000] {processor.py:208} INFO - Processing /home/airflow/.local/lib/python3.12/site-packages/airflow/example_dags/example_skip_dag.py took 0.048 seconds
[2024-09-11T13:52:56.971+0000] {processor.py:186} INFO - Started process (PID=1468) to work on /home/airflow/.local/lib/python3.12/site-packages/airflow/example_dags/example_skip_dag.py
[2024-09-11T13:52:56.972+0000] {processor.py:914} INFO - Processing file /home/airflow/.local/lib/python3.12/site-packages/airflow/example_dags/example_skip_dag.py for tasks to queue
[2024-09-11T13:52:56.973+0000] {logging_mixin.py:190} INFO - [2024-09-11T13:52:56.973+0000] {dagbag.py:587} INFO - Filling up the DagBag from /home/airflow/.local/lib/python3.12/site-packages/airflow/example_dags/example_skip_dag.py
[2024-09-11T13:52:56.978+0000] {processor.py:925} INFO - DAG(s) 'example_skip_dag' retrieved from /home/airflow/.local/lib/python3.12/site-packages/airflow/example_dags/example_skip_dag.py
[2024-09-11T13:52:56.989+0000] {logging_mixin.py:190} INFO - [2024-09-11T13:52:56.989+0000] {dag.py:3229} INFO - Sync 1 DAGs
[2024-09-11T13:52:57.000+0000] {logging_mixin.py:190} INFO - [2024-09-11T13:52:57.000+0000] {dag.py:4156} INFO - Setting next_dagrun for example_skip_dag to 2024-09-10 00:00:00+00:00, run_after=2024-09-11 00:00:00+00:00
[2024-09-11T13:52:57.009+0000] {processor.py:208} INFO - Processing /home/airflow/.local/lib/python3.12/site-packages/airflow/example_dags/example_skip_dag.py took 0.041 seconds
[2024-09-11T13:53:27.419+0000] {processor.py:186} INFO - Started process (PID=1524) to work on /home/airflow/.local/lib/python3.12/site-packages/airflow/example_dags/example_skip_dag.py
[2024-09-11T13:53:27.420+0000] {processor.py:914} INFO - Processing file /home/airflow/.local/lib/python3.12/site-packages/airflow/example_dags/example_skip_dag.py for tasks to queue
[2024-09-11T13:53:27.421+0000] {logging_mixin.py:190} INFO - [2024-09-11T13:53:27.421+0000] {dagbag.py:587} INFO - Filling up the DagBag from /home/airflow/.local/lib/python3.12/site-packages/airflow/example_dags/example_skip_dag.py
[2024-09-11T13:53:27.426+0000] {processor.py:925} INFO - DAG(s) 'example_skip_dag' retrieved from /home/airflow/.local/lib/python3.12/site-packages/airflow/example_dags/example_skip_dag.py
[2024-09-11T13:53:27.439+0000] {logging_mixin.py:190} INFO - [2024-09-11T13:53:27.438+0000] {dag.py:3229} INFO - Sync 1 DAGs
[2024-09-11T13:53:27.452+0000] {logging_mixin.py:190} INFO - [2024-09-11T13:53:27.452+0000] {dag.py:4156} INFO - Setting next_dagrun for example_skip_dag to 2024-09-10 00:00:00+00:00, run_after=2024-09-11 00:00:00+00:00
[2024-09-11T13:53:27.462+0000] {processor.py:208} INFO - Processing /home/airflow/.local/lib/python3.12/site-packages/airflow/example_dags/example_skip_dag.py took 0.047 seconds
[2024-09-11T13:53:58.124+0000] {processor.py:186} INFO - Started process (PID=1580) to work on /home/airflow/.local/lib/python3.12/site-packages/airflow/example_dags/example_skip_dag.py
[2024-09-11T13:53:58.125+0000] {processor.py:914} INFO - Processing file /home/airflow/.local/lib/python3.12/site-packages/airflow/example_dags/example_skip_dag.py for tasks to queue
[2024-09-11T13:53:58.127+0000] {logging_mixin.py:190} INFO - [2024-09-11T13:53:58.126+0000] {dagbag.py:587} INFO - Filling up the DagBag from /home/airflow/.local/lib/python3.12/site-packages/airflow/example_dags/example_skip_dag.py
[2024-09-11T13:53:58.133+0000] {processor.py:925} INFO - DAG(s) 'example_skip_dag' retrieved from /home/airflow/.local/lib/python3.12/site-packages/airflow/example_dags/example_skip_dag.py
[2024-09-11T13:53:58.146+0000] {logging_mixin.py:190} INFO - [2024-09-11T13:53:58.146+0000] {dag.py:3229} INFO - Sync 1 DAGs
[2024-09-11T13:53:58.162+0000] {logging_mixin.py:190} INFO - [2024-09-11T13:53:58.162+0000] {dag.py:4156} INFO - Setting next_dagrun for example_skip_dag to 2024-09-10 00:00:00+00:00, run_after=2024-09-11 00:00:00+00:00
[2024-09-11T13:53:58.172+0000] {processor.py:208} INFO - Processing /home/airflow/.local/lib/python3.12/site-packages/airflow/example_dags/example_skip_dag.py took 0.051 seconds
[2024-09-11T13:54:28.463+0000] {processor.py:186} INFO - Started process (PID=1636) to work on /home/airflow/.local/lib/python3.12/site-packages/airflow/example_dags/example_skip_dag.py
[2024-09-11T13:54:28.464+0000] {processor.py:914} INFO - Processing file /home/airflow/.local/lib/python3.12/site-packages/airflow/example_dags/example_skip_dag.py for tasks to queue
[2024-09-11T13:54:28.466+0000] {logging_mixin.py:190} INFO - [2024-09-11T13:54:28.465+0000] {dagbag.py:587} INFO - Filling up the DagBag from /home/airflow/.local/lib/python3.12/site-packages/airflow/example_dags/example_skip_dag.py
[2024-09-11T13:54:28.471+0000] {processor.py:925} INFO - DAG(s) 'example_skip_dag' retrieved from /home/airflow/.local/lib/python3.12/site-packages/airflow/example_dags/example_skip_dag.py
[2024-09-11T13:54:28.483+0000] {logging_mixin.py:190} INFO - [2024-09-11T13:54:28.483+0000] {dag.py:3229} INFO - Sync 1 DAGs
[2024-09-11T13:54:28.499+0000] {logging_mixin.py:190} INFO - [2024-09-11T13:54:28.498+0000] {dag.py:4156} INFO - Setting next_dagrun for example_skip_dag to 2024-09-10 00:00:00+00:00, run_after=2024-09-11 00:00:00+00:00
[2024-09-11T13:54:28.508+0000] {processor.py:208} INFO - Processing /home/airflow/.local/lib/python3.12/site-packages/airflow/example_dags/example_skip_dag.py took 0.049 seconds
[2024-09-11T13:54:58.819+0000] {processor.py:186} INFO - Started process (PID=1692) to work on /home/airflow/.local/lib/python3.12/site-packages/airflow/example_dags/example_skip_dag.py
[2024-09-11T13:54:58.820+0000] {processor.py:914} INFO - Processing file /home/airflow/.local/lib/python3.12/site-packages/airflow/example_dags/example_skip_dag.py for tasks to queue
[2024-09-11T13:54:58.821+0000] {logging_mixin.py:190} INFO - [2024-09-11T13:54:58.821+0000] {dagbag.py:587} INFO - Filling up the DagBag from /home/airflow/.local/lib/python3.12/site-packages/airflow/example_dags/example_skip_dag.py
[2024-09-11T13:54:58.826+0000] {processor.py:925} INFO - DAG(s) 'example_skip_dag' retrieved from /home/airflow/.local/lib/python3.12/site-packages/airflow/example_dags/example_skip_dag.py
[2024-09-11T13:54:58.838+0000] {logging_mixin.py:190} INFO - [2024-09-11T13:54:58.838+0000] {dag.py:3229} INFO - Sync 1 DAGs
[2024-09-11T13:54:58.849+0000] {logging_mixin.py:190} INFO - [2024-09-11T13:54:58.848+0000] {dag.py:4156} INFO - Setting next_dagrun for example_skip_dag to 2024-09-10 00:00:00+00:00, run_after=2024-09-11 00:00:00+00:00
[2024-09-11T13:54:58.857+0000] {processor.py:208} INFO - Processing /home/airflow/.local/lib/python3.12/site-packages/airflow/example_dags/example_skip_dag.py took 0.041 seconds
[2024-09-11T13:55:29.138+0000] {processor.py:186} INFO - Started process (PID=1748) to work on /home/airflow/.local/lib/python3.12/site-packages/airflow/example_dags/example_skip_dag.py
[2024-09-11T13:55:29.138+0000] {processor.py:914} INFO - Processing file /home/airflow/.local/lib/python3.12/site-packages/airflow/example_dags/example_skip_dag.py for tasks to queue
[2024-09-11T13:55:29.140+0000] {logging_mixin.py:190} INFO - [2024-09-11T13:55:29.139+0000] {dagbag.py:587} INFO - Filling up the DagBag from /home/airflow/.local/lib/python3.12/site-packages/airflow/example_dags/example_skip_dag.py
[2024-09-11T13:55:29.143+0000] {processor.py:925} INFO - DAG(s) 'example_skip_dag' retrieved from /home/airflow/.local/lib/python3.12/site-packages/airflow/example_dags/example_skip_dag.py
[2024-09-11T13:55:29.154+0000] {logging_mixin.py:190} INFO - [2024-09-11T13:55:29.154+0000] {dag.py:3229} INFO - Sync 1 DAGs
[2024-09-11T13:55:29.165+0000] {logging_mixin.py:190} INFO - [2024-09-11T13:55:29.165+0000] {dag.py:4156} INFO - Setting next_dagrun for example_skip_dag to 2024-09-10 00:00:00+00:00, run_after=2024-09-11 00:00:00+00:00
[2024-09-11T13:55:29.173+0000] {processor.py:208} INFO - Processing /home/airflow/.local/lib/python3.12/site-packages/airflow/example_dags/example_skip_dag.py took 0.039 seconds
[2024-09-11T13:55:59.529+0000] {processor.py:186} INFO - Started process (PID=1804) to work on /home/airflow/.local/lib/python3.12/site-packages/airflow/example_dags/example_skip_dag.py
[2024-09-11T13:55:59.530+0000] {processor.py:914} INFO - Processing file /home/airflow/.local/lib/python3.12/site-packages/airflow/example_dags/example_skip_dag.py for tasks to queue
[2024-09-11T13:55:59.531+0000] {logging_mixin.py:190} INFO - [2024-09-11T13:55:59.531+0000] {dagbag.py:587} INFO - Filling up the DagBag from /home/airflow/.local/lib/python3.12/site-packages/airflow/example_dags/example_skip_dag.py
[2024-09-11T13:55:59.535+0000] {processor.py:925} INFO - DAG(s) 'example_skip_dag' retrieved from /home/airflow/.local/lib/python3.12/site-packages/airflow/example_dags/example_skip_dag.py
[2024-09-11T13:55:59.546+0000] {logging_mixin.py:190} INFO - [2024-09-11T13:55:59.545+0000] {dag.py:3229} INFO - Sync 1 DAGs
[2024-09-11T13:55:59.559+0000] {logging_mixin.py:190} INFO - [2024-09-11T13:55:59.559+0000] {dag.py:4156} INFO - Setting next_dagrun for example_skip_dag to 2024-09-10 00:00:00+00:00, run_after=2024-09-11 00:00:00+00:00
[2024-09-11T13:55:59.568+0000] {processor.py:208} INFO - Processing /home/airflow/.local/lib/python3.12/site-packages/airflow/example_dags/example_skip_dag.py took 0.042 seconds
[2024-09-11T13:56:29.859+0000] {processor.py:186} INFO - Started process (PID=1860) to work on /home/airflow/.local/lib/python3.12/site-packages/airflow/example_dags/example_skip_dag.py
[2024-09-11T13:56:29.859+0000] {processor.py:914} INFO - Processing file /home/airflow/.local/lib/python3.12/site-packages/airflow/example_dags/example_skip_dag.py for tasks to queue
[2024-09-11T13:56:29.861+0000] {logging_mixin.py:190} INFO - [2024-09-11T13:56:29.861+0000] {dagbag.py:587} INFO - Filling up the DagBag from /home/airflow/.local/lib/python3.12/site-packages/airflow/example_dags/example_skip_dag.py
[2024-09-11T13:56:29.866+0000] {processor.py:925} INFO - DAG(s) 'example_skip_dag' retrieved from /home/airflow/.local/lib/python3.12/site-packages/airflow/example_dags/example_skip_dag.py
[2024-09-11T13:56:29.879+0000] {logging_mixin.py:190} INFO - [2024-09-11T13:56:29.878+0000] {dag.py:3229} INFO - Sync 1 DAGs
[2024-09-11T13:56:29.891+0000] {logging_mixin.py:190} INFO - [2024-09-11T13:56:29.890+0000] {dag.py:4156} INFO - Setting next_dagrun for example_skip_dag to 2024-09-10 00:00:00+00:00, run_after=2024-09-11 00:00:00+00:00
[2024-09-11T13:56:29.901+0000] {processor.py:208} INFO - Processing /home/airflow/.local/lib/python3.12/site-packages/airflow/example_dags/example_skip_dag.py took 0.045 seconds
[2024-09-11T13:57:00.177+0000] {processor.py:186} INFO - Started process (PID=1916) to work on /home/airflow/.local/lib/python3.12/site-packages/airflow/example_dags/example_skip_dag.py
[2024-09-11T13:57:00.177+0000] {processor.py:914} INFO - Processing file /home/airflow/.local/lib/python3.12/site-packages/airflow/example_dags/example_skip_dag.py for tasks to queue
[2024-09-11T13:57:00.179+0000] {logging_mixin.py:190} INFO - [2024-09-11T13:57:00.179+0000] {dagbag.py:587} INFO - Filling up the DagBag from /home/airflow/.local/lib/python3.12/site-packages/airflow/example_dags/example_skip_dag.py
[2024-09-11T13:57:00.183+0000] {processor.py:925} INFO - DAG(s) 'example_skip_dag' retrieved from /home/airflow/.local/lib/python3.12/site-packages/airflow/example_dags/example_skip_dag.py
[2024-09-11T13:57:00.194+0000] {logging_mixin.py:190} INFO - [2024-09-11T13:57:00.194+0000] {dag.py:3229} INFO - Sync 1 DAGs
[2024-09-11T13:57:00.204+0000] {logging_mixin.py:190} INFO - [2024-09-11T13:57:00.204+0000] {dag.py:4156} INFO - Setting next_dagrun for example_skip_dag to 2024-09-10 00:00:00+00:00, run_after=2024-09-11 00:00:00+00:00
[2024-09-11T13:57:00.212+0000] {processor.py:208} INFO - Processing /home/airflow/.local/lib/python3.12/site-packages/airflow/example_dags/example_skip_dag.py took 0.039 seconds
[2024-09-11T13:57:30.552+0000] {processor.py:186} INFO - Started process (PID=1972) to work on /home/airflow/.local/lib/python3.12/site-packages/airflow/example_dags/example_skip_dag.py
[2024-09-11T13:57:30.552+0000] {processor.py:914} INFO - Processing file /home/airflow/.local/lib/python3.12/site-packages/airflow/example_dags/example_skip_dag.py for tasks to queue
[2024-09-11T13:57:30.554+0000] {logging_mixin.py:190} INFO - [2024-09-11T13:57:30.553+0000] {dagbag.py:587} INFO - Filling up the DagBag from /home/airflow/.local/lib/python3.12/site-packages/airflow/example_dags/example_skip_dag.py
[2024-09-11T13:57:30.558+0000] {processor.py:925} INFO - DAG(s) 'example_skip_dag' retrieved from /home/airflow/.local/lib/python3.12/site-packages/airflow/example_dags/example_skip_dag.py
[2024-09-11T13:57:30.568+0000] {logging_mixin.py:190} INFO - [2024-09-11T13:57:30.568+0000] {dag.py:3229} INFO - Sync 1 DAGs
[2024-09-11T13:57:30.579+0000] {logging_mixin.py:190} INFO - [2024-09-11T13:57:30.579+0000] {dag.py:4156} INFO - Setting next_dagrun for example_skip_dag to 2024-09-10 00:00:00+00:00, run_after=2024-09-11 00:00:00+00:00
[2024-09-11T13:57:30.588+0000] {processor.py:208} INFO - Processing /home/airflow/.local/lib/python3.12/site-packages/airflow/example_dags/example_skip_dag.py took 0.039 seconds
[2024-09-11T13:58:00.984+0000] {processor.py:186} INFO - Started process (PID=2028) to work on /home/airflow/.local/lib/python3.12/site-packages/airflow/example_dags/example_skip_dag.py
[2024-09-11T13:58:00.984+0000] {processor.py:914} INFO - Processing file /home/airflow/.local/lib/python3.12/site-packages/airflow/example_dags/example_skip_dag.py for tasks to queue
[2024-09-11T13:58:00.985+0000] {logging_mixin.py:190} INFO - [2024-09-11T13:58:00.985+0000] {dagbag.py:587} INFO - Filling up the DagBag from /home/airflow/.local/lib/python3.12/site-packages/airflow/example_dags/example_skip_dag.py
[2024-09-11T13:58:00.990+0000] {processor.py:925} INFO - DAG(s) 'example_skip_dag' retrieved from /home/airflow/.local/lib/python3.12/site-packages/airflow/example_dags/example_skip_dag.py
[2024-09-11T13:58:01.001+0000] {logging_mixin.py:190} INFO - [2024-09-11T13:58:01.001+0000] {dag.py:3229} INFO - Sync 1 DAGs
[2024-09-11T13:58:01.013+0000] {logging_mixin.py:190} INFO - [2024-09-11T13:58:01.012+0000] {dag.py:4156} INFO - Setting next_dagrun for example_skip_dag to 2024-09-10 00:00:00+00:00, run_after=2024-09-11 00:00:00+00:00
[2024-09-11T13:58:01.022+0000] {processor.py:208} INFO - Processing /home/airflow/.local/lib/python3.12/site-packages/airflow/example_dags/example_skip_dag.py took 0.041 seconds
