[2024-09-11T13:40:18.814+0000] {processor.py:186} INFO - Started process (PID=66) to work on /home/airflow/.local/lib/python3.12/site-packages/airflow/example_dags/example_branch_operator_decorator.py
[2024-09-11T13:40:18.815+0000] {processor.py:914} INFO - Processing file /home/airflow/.local/lib/python3.12/site-packages/airflow/example_dags/example_branch_operator_decorator.py for tasks to queue
[2024-09-11T13:40:18.818+0000] {logging_mixin.py:190} INFO - [2024-09-11T13:40:18.817+0000] {dagbag.py:587} INFO - Filling up the DagBag from /home/airflow/.local/lib/python3.12/site-packages/airflow/example_dags/example_branch_operator_decorator.py
[2024-09-11T13:40:18.836+0000] {processor.py:925} INFO - DAG(s) 'example_branch_python_operator_decorator' retrieved from /home/airflow/.local/lib/python3.12/site-packages/airflow/example_dags/example_branch_operator_decorator.py
[2024-09-11T13:40:18.931+0000] {logging_mixin.py:190} INFO - [2024-09-11T13:40:18.930+0000] {override.py:1900} INFO - Created Permission View: can read on DAG:example_branch_python_operator_decorator
[2024-09-11T13:40:18.945+0000] {logging_mixin.py:190} INFO - [2024-09-11T13:40:18.944+0000] {override.py:1900} INFO - Created Permission View: can delete on DAG:example_branch_python_operator_decorator
[2024-09-11T13:40:18.956+0000] {logging_mixin.py:190} INFO - [2024-09-11T13:40:18.955+0000] {override.py:1900} INFO - Created Permission View: can edit on DAG:example_branch_python_operator_decorator
[2024-09-11T13:40:18.965+0000] {logging_mixin.py:190} INFO - [2024-09-11T13:40:18.964+0000] {override.py:1900} INFO - Created Permission View: can read on DAG Run:example_branch_python_operator_decorator
[2024-09-11T13:40:18.972+0000] {logging_mixin.py:190} INFO - [2024-09-11T13:40:18.971+0000] {override.py:1900} INFO - Created Permission View: can create on DAG Run:example_branch_python_operator_decorator
[2024-09-11T13:40:18.977+0000] {logging_mixin.py:190} INFO - [2024-09-11T13:40:18.977+0000] {override.py:1900} INFO - Created Permission View: menu access on DAG Run:example_branch_python_operator_decorator
[2024-09-11T13:40:18.982+0000] {logging_mixin.py:190} INFO - [2024-09-11T13:40:18.981+0000] {override.py:1900} INFO - Created Permission View: can delete on DAG Run:example_branch_python_operator_decorator
[2024-09-11T13:40:18.982+0000] {logging_mixin.py:190} INFO - [2024-09-11T13:40:18.982+0000] {dag.py:3229} INFO - Sync 1 DAGs
[2024-09-11T13:40:18.992+0000] {logging_mixin.py:190} INFO - [2024-09-11T13:40:18.992+0000] {dag.py:3252} INFO - Creating ORM DAG for example_branch_python_operator_decorator
[2024-09-11T13:40:19.005+0000] {logging_mixin.py:190} INFO - [2024-09-11T13:40:19.004+0000] {dag.py:4156} INFO - Setting next_dagrun for example_branch_python_operator_decorator to 2024-09-10 00:00:00+00:00, run_after=2024-09-11 00:00:00+00:00
[2024-09-11T13:40:19.029+0000] {processor.py:208} INFO - Processing /home/airflow/.local/lib/python3.12/site-packages/airflow/example_dags/example_branch_operator_decorator.py took 0.221 seconds
[2024-09-11T13:40:49.655+0000] {processor.py:186} INFO - Started process (PID=122) to work on /home/airflow/.local/lib/python3.12/site-packages/airflow/example_dags/example_branch_operator_decorator.py
[2024-09-11T13:40:49.658+0000] {processor.py:914} INFO - Processing file /home/airflow/.local/lib/python3.12/site-packages/airflow/example_dags/example_branch_operator_decorator.py for tasks to queue
[2024-09-11T13:40:49.662+0000] {logging_mixin.py:190} INFO - [2024-09-11T13:40:49.661+0000] {dagbag.py:587} INFO - Filling up the DagBag from /home/airflow/.local/lib/python3.12/site-packages/airflow/example_dags/example_branch_operator_decorator.py
[2024-09-11T13:40:49.684+0000] {processor.py:925} INFO - DAG(s) 'example_branch_python_operator_decorator' retrieved from /home/airflow/.local/lib/python3.12/site-packages/airflow/example_dags/example_branch_operator_decorator.py
[2024-09-11T13:40:49.704+0000] {logging_mixin.py:190} INFO - [2024-09-11T13:40:49.704+0000] {dag.py:3229} INFO - Sync 1 DAGs
[2024-09-11T13:40:49.722+0000] {logging_mixin.py:190} INFO - [2024-09-11T13:40:49.722+0000] {dag.py:4156} INFO - Setting next_dagrun for example_branch_python_operator_decorator to 2024-09-10 00:00:00+00:00, run_after=2024-09-11 00:00:00+00:00
[2024-09-11T13:40:49.741+0000] {processor.py:208} INFO - Processing /home/airflow/.local/lib/python3.12/site-packages/airflow/example_dags/example_branch_operator_decorator.py took 0.092 seconds
[2024-09-11T13:41:19.763+0000] {processor.py:186} INFO - Started process (PID=179) to work on /home/airflow/.local/lib/python3.12/site-packages/airflow/example_dags/example_branch_operator_decorator.py
[2024-09-11T13:41:19.764+0000] {processor.py:914} INFO - Processing file /home/airflow/.local/lib/python3.12/site-packages/airflow/example_dags/example_branch_operator_decorator.py for tasks to queue
[2024-09-11T13:41:19.765+0000] {logging_mixin.py:190} INFO - [2024-09-11T13:41:19.765+0000] {dagbag.py:587} INFO - Filling up the DagBag from /home/airflow/.local/lib/python3.12/site-packages/airflow/example_dags/example_branch_operator_decorator.py
[2024-09-11T13:41:19.777+0000] {processor.py:925} INFO - DAG(s) 'example_branch_python_operator_decorator' retrieved from /home/airflow/.local/lib/python3.12/site-packages/airflow/example_dags/example_branch_operator_decorator.py
[2024-09-11T13:41:19.790+0000] {logging_mixin.py:190} INFO - [2024-09-11T13:41:19.790+0000] {dag.py:3229} INFO - Sync 1 DAGs
[2024-09-11T13:41:19.805+0000] {logging_mixin.py:190} INFO - [2024-09-11T13:41:19.805+0000] {dag.py:4156} INFO - Setting next_dagrun for example_branch_python_operator_decorator to 2024-09-10 00:00:00+00:00, run_after=2024-09-11 00:00:00+00:00
[2024-09-11T13:41:19.815+0000] {processor.py:208} INFO - Processing /home/airflow/.local/lib/python3.12/site-packages/airflow/example_dags/example_branch_operator_decorator.py took 0.056 seconds
[2024-09-11T13:41:49.962+0000] {processor.py:186} INFO - Started process (PID=234) to work on /home/airflow/.local/lib/python3.12/site-packages/airflow/example_dags/example_branch_operator_decorator.py
[2024-09-11T13:41:49.963+0000] {processor.py:914} INFO - Processing file /home/airflow/.local/lib/python3.12/site-packages/airflow/example_dags/example_branch_operator_decorator.py for tasks to queue
[2024-09-11T13:41:49.965+0000] {logging_mixin.py:190} INFO - [2024-09-11T13:41:49.964+0000] {dagbag.py:587} INFO - Filling up the DagBag from /home/airflow/.local/lib/python3.12/site-packages/airflow/example_dags/example_branch_operator_decorator.py
[2024-09-11T13:41:49.977+0000] {processor.py:925} INFO - DAG(s) 'example_branch_python_operator_decorator' retrieved from /home/airflow/.local/lib/python3.12/site-packages/airflow/example_dags/example_branch_operator_decorator.py
[2024-09-11T13:41:49.996+0000] {logging_mixin.py:190} INFO - [2024-09-11T13:41:49.996+0000] {dag.py:3229} INFO - Sync 1 DAGs
[2024-09-11T13:41:50.010+0000] {logging_mixin.py:190} INFO - [2024-09-11T13:41:50.009+0000] {dag.py:4156} INFO - Setting next_dagrun for example_branch_python_operator_decorator to 2024-09-10 00:00:00+00:00, run_after=2024-09-11 00:00:00+00:00
[2024-09-11T13:41:50.019+0000] {processor.py:208} INFO - Processing /home/airflow/.local/lib/python3.12/site-packages/airflow/example_dags/example_branch_operator_decorator.py took 0.060 seconds
[2024-09-11T13:42:20.503+0000] {processor.py:186} INFO - Started process (PID=290) to work on /home/airflow/.local/lib/python3.12/site-packages/airflow/example_dags/example_branch_operator_decorator.py
[2024-09-11T13:42:20.504+0000] {processor.py:914} INFO - Processing file /home/airflow/.local/lib/python3.12/site-packages/airflow/example_dags/example_branch_operator_decorator.py for tasks to queue
[2024-09-11T13:42:20.505+0000] {logging_mixin.py:190} INFO - [2024-09-11T13:42:20.505+0000] {dagbag.py:587} INFO - Filling up the DagBag from /home/airflow/.local/lib/python3.12/site-packages/airflow/example_dags/example_branch_operator_decorator.py
[2024-09-11T13:42:20.516+0000] {processor.py:925} INFO - DAG(s) 'example_branch_python_operator_decorator' retrieved from /home/airflow/.local/lib/python3.12/site-packages/airflow/example_dags/example_branch_operator_decorator.py
[2024-09-11T13:42:20.530+0000] {logging_mixin.py:190} INFO - [2024-09-11T13:42:20.529+0000] {dag.py:3229} INFO - Sync 1 DAGs
[2024-09-11T13:42:20.541+0000] {logging_mixin.py:190} INFO - [2024-09-11T13:42:20.541+0000] {dag.py:4156} INFO - Setting next_dagrun for example_branch_python_operator_decorator to 2024-09-10 00:00:00+00:00, run_after=2024-09-11 00:00:00+00:00
[2024-09-11T13:42:20.549+0000] {processor.py:208} INFO - Processing /home/airflow/.local/lib/python3.12/site-packages/airflow/example_dags/example_branch_operator_decorator.py took 0.049 seconds
[2024-09-11T13:42:50.673+0000] {processor.py:186} INFO - Started process (PID=346) to work on /home/airflow/.local/lib/python3.12/site-packages/airflow/example_dags/example_branch_operator_decorator.py
[2024-09-11T13:42:50.674+0000] {processor.py:914} INFO - Processing file /home/airflow/.local/lib/python3.12/site-packages/airflow/example_dags/example_branch_operator_decorator.py for tasks to queue
[2024-09-11T13:42:50.676+0000] {logging_mixin.py:190} INFO - [2024-09-11T13:42:50.676+0000] {dagbag.py:587} INFO - Filling up the DagBag from /home/airflow/.local/lib/python3.12/site-packages/airflow/example_dags/example_branch_operator_decorator.py
[2024-09-11T13:42:50.687+0000] {processor.py:925} INFO - DAG(s) 'example_branch_python_operator_decorator' retrieved from /home/airflow/.local/lib/python3.12/site-packages/airflow/example_dags/example_branch_operator_decorator.py
[2024-09-11T13:42:50.700+0000] {logging_mixin.py:190} INFO - [2024-09-11T13:42:50.700+0000] {dag.py:3229} INFO - Sync 1 DAGs
[2024-09-11T13:42:50.714+0000] {logging_mixin.py:190} INFO - [2024-09-11T13:42:50.714+0000] {dag.py:4156} INFO - Setting next_dagrun for example_branch_python_operator_decorator to 2024-09-10 00:00:00+00:00, run_after=2024-09-11 00:00:00+00:00
[2024-09-11T13:42:50.722+0000] {processor.py:208} INFO - Processing /home/airflow/.local/lib/python3.12/site-packages/airflow/example_dags/example_branch_operator_decorator.py took 0.052 seconds
[2024-09-11T13:43:20.854+0000] {processor.py:186} INFO - Started process (PID=402) to work on /home/airflow/.local/lib/python3.12/site-packages/airflow/example_dags/example_branch_operator_decorator.py
[2024-09-11T13:43:20.854+0000] {processor.py:914} INFO - Processing file /home/airflow/.local/lib/python3.12/site-packages/airflow/example_dags/example_branch_operator_decorator.py for tasks to queue
[2024-09-11T13:43:20.856+0000] {logging_mixin.py:190} INFO - [2024-09-11T13:43:20.855+0000] {dagbag.py:587} INFO - Filling up the DagBag from /home/airflow/.local/lib/python3.12/site-packages/airflow/example_dags/example_branch_operator_decorator.py
[2024-09-11T13:43:20.866+0000] {processor.py:925} INFO - DAG(s) 'example_branch_python_operator_decorator' retrieved from /home/airflow/.local/lib/python3.12/site-packages/airflow/example_dags/example_branch_operator_decorator.py
[2024-09-11T13:43:20.881+0000] {logging_mixin.py:190} INFO - [2024-09-11T13:43:20.880+0000] {dag.py:3229} INFO - Sync 1 DAGs
[2024-09-11T13:43:20.892+0000] {logging_mixin.py:190} INFO - [2024-09-11T13:43:20.892+0000] {dag.py:4156} INFO - Setting next_dagrun for example_branch_python_operator_decorator to 2024-09-10 00:00:00+00:00, run_after=2024-09-11 00:00:00+00:00
[2024-09-11T13:43:20.900+0000] {processor.py:208} INFO - Processing /home/airflow/.local/lib/python3.12/site-packages/airflow/example_dags/example_branch_operator_decorator.py took 0.050 seconds
[2024-09-11T13:43:51.140+0000] {processor.py:186} INFO - Started process (PID=458) to work on /home/airflow/.local/lib/python3.12/site-packages/airflow/example_dags/example_branch_operator_decorator.py
[2024-09-11T13:43:51.142+0000] {processor.py:914} INFO - Processing file /home/airflow/.local/lib/python3.12/site-packages/airflow/example_dags/example_branch_operator_decorator.py for tasks to queue
[2024-09-11T13:43:51.143+0000] {logging_mixin.py:190} INFO - [2024-09-11T13:43:51.143+0000] {dagbag.py:587} INFO - Filling up the DagBag from /home/airflow/.local/lib/python3.12/site-packages/airflow/example_dags/example_branch_operator_decorator.py
[2024-09-11T13:43:51.154+0000] {processor.py:925} INFO - DAG(s) 'example_branch_python_operator_decorator' retrieved from /home/airflow/.local/lib/python3.12/site-packages/airflow/example_dags/example_branch_operator_decorator.py
[2024-09-11T13:43:51.171+0000] {logging_mixin.py:190} INFO - [2024-09-11T13:43:51.171+0000] {dag.py:3229} INFO - Sync 1 DAGs
[2024-09-11T13:43:51.184+0000] {logging_mixin.py:190} INFO - [2024-09-11T13:43:51.184+0000] {dag.py:4156} INFO - Setting next_dagrun for example_branch_python_operator_decorator to 2024-09-10 00:00:00+00:00, run_after=2024-09-11 00:00:00+00:00
[2024-09-11T13:43:51.194+0000] {processor.py:208} INFO - Processing /home/airflow/.local/lib/python3.12/site-packages/airflow/example_dags/example_branch_operator_decorator.py took 0.057 seconds
[2024-09-11T13:44:21.312+0000] {processor.py:186} INFO - Started process (PID=514) to work on /home/airflow/.local/lib/python3.12/site-packages/airflow/example_dags/example_branch_operator_decorator.py
[2024-09-11T13:44:21.313+0000] {processor.py:914} INFO - Processing file /home/airflow/.local/lib/python3.12/site-packages/airflow/example_dags/example_branch_operator_decorator.py for tasks to queue
[2024-09-11T13:44:21.314+0000] {logging_mixin.py:190} INFO - [2024-09-11T13:44:21.314+0000] {dagbag.py:587} INFO - Filling up the DagBag from /home/airflow/.local/lib/python3.12/site-packages/airflow/example_dags/example_branch_operator_decorator.py
[2024-09-11T13:44:21.325+0000] {processor.py:925} INFO - DAG(s) 'example_branch_python_operator_decorator' retrieved from /home/airflow/.local/lib/python3.12/site-packages/airflow/example_dags/example_branch_operator_decorator.py
[2024-09-11T13:44:21.338+0000] {logging_mixin.py:190} INFO - [2024-09-11T13:44:21.338+0000] {dag.py:3229} INFO - Sync 1 DAGs
[2024-09-11T13:44:21.350+0000] {logging_mixin.py:190} INFO - [2024-09-11T13:44:21.350+0000] {dag.py:4156} INFO - Setting next_dagrun for example_branch_python_operator_decorator to 2024-09-10 00:00:00+00:00, run_after=2024-09-11 00:00:00+00:00
[2024-09-11T13:44:21.358+0000] {processor.py:208} INFO - Processing /home/airflow/.local/lib/python3.12/site-packages/airflow/example_dags/example_branch_operator_decorator.py took 0.049 seconds
[2024-09-11T13:44:51.677+0000] {processor.py:186} INFO - Started process (PID=570) to work on /home/airflow/.local/lib/python3.12/site-packages/airflow/example_dags/example_branch_operator_decorator.py
[2024-09-11T13:44:51.678+0000] {processor.py:914} INFO - Processing file /home/airflow/.local/lib/python3.12/site-packages/airflow/example_dags/example_branch_operator_decorator.py for tasks to queue
[2024-09-11T13:44:51.679+0000] {logging_mixin.py:190} INFO - [2024-09-11T13:44:51.679+0000] {dagbag.py:587} INFO - Filling up the DagBag from /home/airflow/.local/lib/python3.12/site-packages/airflow/example_dags/example_branch_operator_decorator.py
[2024-09-11T13:44:51.690+0000] {processor.py:925} INFO - DAG(s) 'example_branch_python_operator_decorator' retrieved from /home/airflow/.local/lib/python3.12/site-packages/airflow/example_dags/example_branch_operator_decorator.py
[2024-09-11T13:44:51.704+0000] {logging_mixin.py:190} INFO - [2024-09-11T13:44:51.703+0000] {dag.py:3229} INFO - Sync 1 DAGs
[2024-09-11T13:44:51.715+0000] {logging_mixin.py:190} INFO - [2024-09-11T13:44:51.715+0000] {dag.py:4156} INFO - Setting next_dagrun for example_branch_python_operator_decorator to 2024-09-10 00:00:00+00:00, run_after=2024-09-11 00:00:00+00:00
[2024-09-11T13:44:51.723+0000] {processor.py:208} INFO - Processing /home/airflow/.local/lib/python3.12/site-packages/airflow/example_dags/example_branch_operator_decorator.py took 0.049 seconds
[2024-09-11T13:45:21.879+0000] {processor.py:186} INFO - Started process (PID=626) to work on /home/airflow/.local/lib/python3.12/site-packages/airflow/example_dags/example_branch_operator_decorator.py
[2024-09-11T13:45:21.879+0000] {processor.py:914} INFO - Processing file /home/airflow/.local/lib/python3.12/site-packages/airflow/example_dags/example_branch_operator_decorator.py for tasks to queue
[2024-09-11T13:45:21.882+0000] {logging_mixin.py:190} INFO - [2024-09-11T13:45:21.881+0000] {dagbag.py:587} INFO - Filling up the DagBag from /home/airflow/.local/lib/python3.12/site-packages/airflow/example_dags/example_branch_operator_decorator.py
[2024-09-11T13:45:21.892+0000] {processor.py:925} INFO - DAG(s) 'example_branch_python_operator_decorator' retrieved from /home/airflow/.local/lib/python3.12/site-packages/airflow/example_dags/example_branch_operator_decorator.py
[2024-09-11T13:45:21.910+0000] {logging_mixin.py:190} INFO - [2024-09-11T13:45:21.909+0000] {dag.py:3229} INFO - Sync 1 DAGs
[2024-09-11T13:45:21.921+0000] {logging_mixin.py:190} INFO - [2024-09-11T13:45:21.921+0000] {dag.py:4156} INFO - Setting next_dagrun for example_branch_python_operator_decorator to 2024-09-10 00:00:00+00:00, run_after=2024-09-11 00:00:00+00:00
[2024-09-11T13:45:21.929+0000] {processor.py:208} INFO - Processing /home/airflow/.local/lib/python3.12/site-packages/airflow/example_dags/example_branch_operator_decorator.py took 0.053 seconds
[2024-09-11T13:45:52.078+0000] {processor.py:186} INFO - Started process (PID=682) to work on /home/airflow/.local/lib/python3.12/site-packages/airflow/example_dags/example_branch_operator_decorator.py
[2024-09-11T13:45:52.079+0000] {processor.py:914} INFO - Processing file /home/airflow/.local/lib/python3.12/site-packages/airflow/example_dags/example_branch_operator_decorator.py for tasks to queue
[2024-09-11T13:45:52.080+0000] {logging_mixin.py:190} INFO - [2024-09-11T13:45:52.080+0000] {dagbag.py:587} INFO - Filling up the DagBag from /home/airflow/.local/lib/python3.12/site-packages/airflow/example_dags/example_branch_operator_decorator.py
[2024-09-11T13:45:52.091+0000] {processor.py:925} INFO - DAG(s) 'example_branch_python_operator_decorator' retrieved from /home/airflow/.local/lib/python3.12/site-packages/airflow/example_dags/example_branch_operator_decorator.py
[2024-09-11T13:45:52.104+0000] {logging_mixin.py:190} INFO - [2024-09-11T13:45:52.104+0000] {dag.py:3229} INFO - Sync 1 DAGs
[2024-09-11T13:45:52.116+0000] {logging_mixin.py:190} INFO - [2024-09-11T13:45:52.116+0000] {dag.py:4156} INFO - Setting next_dagrun for example_branch_python_operator_decorator to 2024-09-10 00:00:00+00:00, run_after=2024-09-11 00:00:00+00:00
[2024-09-11T13:45:52.124+0000] {processor.py:208} INFO - Processing /home/airflow/.local/lib/python3.12/site-packages/airflow/example_dags/example_branch_operator_decorator.py took 0.049 seconds
[2024-09-11T13:46:22.207+0000] {processor.py:186} INFO - Started process (PID=738) to work on /home/airflow/.local/lib/python3.12/site-packages/airflow/example_dags/example_branch_operator_decorator.py
[2024-09-11T13:46:22.208+0000] {processor.py:914} INFO - Processing file /home/airflow/.local/lib/python3.12/site-packages/airflow/example_dags/example_branch_operator_decorator.py for tasks to queue
[2024-09-11T13:46:22.209+0000] {logging_mixin.py:190} INFO - [2024-09-11T13:46:22.209+0000] {dagbag.py:587} INFO - Filling up the DagBag from /home/airflow/.local/lib/python3.12/site-packages/airflow/example_dags/example_branch_operator_decorator.py
[2024-09-11T13:46:22.220+0000] {processor.py:925} INFO - DAG(s) 'example_branch_python_operator_decorator' retrieved from /home/airflow/.local/lib/python3.12/site-packages/airflow/example_dags/example_branch_operator_decorator.py
[2024-09-11T13:46:22.234+0000] {logging_mixin.py:190} INFO - [2024-09-11T13:46:22.233+0000] {dag.py:3229} INFO - Sync 1 DAGs
[2024-09-11T13:46:22.246+0000] {logging_mixin.py:190} INFO - [2024-09-11T13:46:22.246+0000] {dag.py:4156} INFO - Setting next_dagrun for example_branch_python_operator_decorator to 2024-09-10 00:00:00+00:00, run_after=2024-09-11 00:00:00+00:00
[2024-09-11T13:46:22.254+0000] {processor.py:208} INFO - Processing /home/airflow/.local/lib/python3.12/site-packages/airflow/example_dags/example_branch_operator_decorator.py took 0.051 seconds
[2024-09-11T13:46:52.559+0000] {processor.py:186} INFO - Started process (PID=794) to work on /home/airflow/.local/lib/python3.12/site-packages/airflow/example_dags/example_branch_operator_decorator.py
[2024-09-11T13:46:52.560+0000] {processor.py:914} INFO - Processing file /home/airflow/.local/lib/python3.12/site-packages/airflow/example_dags/example_branch_operator_decorator.py for tasks to queue
[2024-09-11T13:46:52.561+0000] {logging_mixin.py:190} INFO - [2024-09-11T13:46:52.561+0000] {dagbag.py:587} INFO - Filling up the DagBag from /home/airflow/.local/lib/python3.12/site-packages/airflow/example_dags/example_branch_operator_decorator.py
[2024-09-11T13:46:52.573+0000] {processor.py:925} INFO - DAG(s) 'example_branch_python_operator_decorator' retrieved from /home/airflow/.local/lib/python3.12/site-packages/airflow/example_dags/example_branch_operator_decorator.py
[2024-09-11T13:46:52.588+0000] {logging_mixin.py:190} INFO - [2024-09-11T13:46:52.588+0000] {dag.py:3229} INFO - Sync 1 DAGs
[2024-09-11T13:46:52.600+0000] {logging_mixin.py:190} INFO - [2024-09-11T13:46:52.600+0000] {dag.py:4156} INFO - Setting next_dagrun for example_branch_python_operator_decorator to 2024-09-10 00:00:00+00:00, run_after=2024-09-11 00:00:00+00:00
[2024-09-11T13:46:52.608+0000] {processor.py:208} INFO - Processing /home/airflow/.local/lib/python3.12/site-packages/airflow/example_dags/example_branch_operator_decorator.py took 0.052 seconds
[2024-09-11T13:47:22.703+0000] {processor.py:186} INFO - Started process (PID=850) to work on /home/airflow/.local/lib/python3.12/site-packages/airflow/example_dags/example_branch_operator_decorator.py
[2024-09-11T13:47:22.703+0000] {processor.py:914} INFO - Processing file /home/airflow/.local/lib/python3.12/site-packages/airflow/example_dags/example_branch_operator_decorator.py for tasks to queue
[2024-09-11T13:47:22.705+0000] {logging_mixin.py:190} INFO - [2024-09-11T13:47:22.705+0000] {dagbag.py:587} INFO - Filling up the DagBag from /home/airflow/.local/lib/python3.12/site-packages/airflow/example_dags/example_branch_operator_decorator.py
[2024-09-11T13:47:22.715+0000] {processor.py:925} INFO - DAG(s) 'example_branch_python_operator_decorator' retrieved from /home/airflow/.local/lib/python3.12/site-packages/airflow/example_dags/example_branch_operator_decorator.py
[2024-09-11T13:47:22.730+0000] {logging_mixin.py:190} INFO - [2024-09-11T13:47:22.730+0000] {dag.py:3229} INFO - Sync 1 DAGs
[2024-09-11T13:47:22.743+0000] {logging_mixin.py:190} INFO - [2024-09-11T13:47:22.743+0000] {dag.py:4156} INFO - Setting next_dagrun for example_branch_python_operator_decorator to 2024-09-10 00:00:00+00:00, run_after=2024-09-11 00:00:00+00:00
[2024-09-11T13:47:22.752+0000] {processor.py:208} INFO - Processing /home/airflow/.local/lib/python3.12/site-packages/airflow/example_dags/example_branch_operator_decorator.py took 0.052 seconds
[2024-09-11T13:47:52.975+0000] {processor.py:186} INFO - Started process (PID=906) to work on /home/airflow/.local/lib/python3.12/site-packages/airflow/example_dags/example_branch_operator_decorator.py
[2024-09-11T13:47:52.975+0000] {processor.py:914} INFO - Processing file /home/airflow/.local/lib/python3.12/site-packages/airflow/example_dags/example_branch_operator_decorator.py for tasks to queue
[2024-09-11T13:47:52.977+0000] {logging_mixin.py:190} INFO - [2024-09-11T13:47:52.977+0000] {dagbag.py:587} INFO - Filling up the DagBag from /home/airflow/.local/lib/python3.12/site-packages/airflow/example_dags/example_branch_operator_decorator.py
[2024-09-11T13:47:52.987+0000] {processor.py:925} INFO - DAG(s) 'example_branch_python_operator_decorator' retrieved from /home/airflow/.local/lib/python3.12/site-packages/airflow/example_dags/example_branch_operator_decorator.py
[2024-09-11T13:47:53.001+0000] {logging_mixin.py:190} INFO - [2024-09-11T13:47:53.001+0000] {dag.py:3229} INFO - Sync 1 DAGs
[2024-09-11T13:47:53.012+0000] {logging_mixin.py:190} INFO - [2024-09-11T13:47:53.012+0000] {dag.py:4156} INFO - Setting next_dagrun for example_branch_python_operator_decorator to 2024-09-10 00:00:00+00:00, run_after=2024-09-11 00:00:00+00:00
[2024-09-11T13:47:53.021+0000] {processor.py:208} INFO - Processing /home/airflow/.local/lib/python3.12/site-packages/airflow/example_dags/example_branch_operator_decorator.py took 0.050 seconds
[2024-09-11T13:48:23.243+0000] {processor.py:186} INFO - Started process (PID=962) to work on /home/airflow/.local/lib/python3.12/site-packages/airflow/example_dags/example_branch_operator_decorator.py
[2024-09-11T13:48:23.244+0000] {processor.py:914} INFO - Processing file /home/airflow/.local/lib/python3.12/site-packages/airflow/example_dags/example_branch_operator_decorator.py for tasks to queue
[2024-09-11T13:48:23.245+0000] {logging_mixin.py:190} INFO - [2024-09-11T13:48:23.245+0000] {dagbag.py:587} INFO - Filling up the DagBag from /home/airflow/.local/lib/python3.12/site-packages/airflow/example_dags/example_branch_operator_decorator.py
[2024-09-11T13:48:23.256+0000] {processor.py:925} INFO - DAG(s) 'example_branch_python_operator_decorator' retrieved from /home/airflow/.local/lib/python3.12/site-packages/airflow/example_dags/example_branch_operator_decorator.py
[2024-09-11T13:48:23.269+0000] {logging_mixin.py:190} INFO - [2024-09-11T13:48:23.269+0000] {dag.py:3229} INFO - Sync 1 DAGs
[2024-09-11T13:48:23.280+0000] {logging_mixin.py:190} INFO - [2024-09-11T13:48:23.280+0000] {dag.py:4156} INFO - Setting next_dagrun for example_branch_python_operator_decorator to 2024-09-10 00:00:00+00:00, run_after=2024-09-11 00:00:00+00:00
[2024-09-11T13:48:23.289+0000] {processor.py:208} INFO - Processing /home/airflow/.local/lib/python3.12/site-packages/airflow/example_dags/example_branch_operator_decorator.py took 0.048 seconds
[2024-09-11T13:48:53.430+0000] {processor.py:186} INFO - Started process (PID=1018) to work on /home/airflow/.local/lib/python3.12/site-packages/airflow/example_dags/example_branch_operator_decorator.py
[2024-09-11T13:48:53.431+0000] {processor.py:914} INFO - Processing file /home/airflow/.local/lib/python3.12/site-packages/airflow/example_dags/example_branch_operator_decorator.py for tasks to queue
[2024-09-11T13:48:53.432+0000] {logging_mixin.py:190} INFO - [2024-09-11T13:48:53.432+0000] {dagbag.py:587} INFO - Filling up the DagBag from /home/airflow/.local/lib/python3.12/site-packages/airflow/example_dags/example_branch_operator_decorator.py
[2024-09-11T13:48:53.443+0000] {processor.py:925} INFO - DAG(s) 'example_branch_python_operator_decorator' retrieved from /home/airflow/.local/lib/python3.12/site-packages/airflow/example_dags/example_branch_operator_decorator.py
[2024-09-11T13:48:53.456+0000] {logging_mixin.py:190} INFO - [2024-09-11T13:48:53.456+0000] {dag.py:3229} INFO - Sync 1 DAGs
[2024-09-11T13:48:53.468+0000] {logging_mixin.py:190} INFO - [2024-09-11T13:48:53.468+0000] {dag.py:4156} INFO - Setting next_dagrun for example_branch_python_operator_decorator to 2024-09-10 00:00:00+00:00, run_after=2024-09-11 00:00:00+00:00
[2024-09-11T13:48:53.476+0000] {processor.py:208} INFO - Processing /home/airflow/.local/lib/python3.12/site-packages/airflow/example_dags/example_branch_operator_decorator.py took 0.050 seconds
[2024-09-11T13:49:23.626+0000] {processor.py:186} INFO - Started process (PID=1074) to work on /home/airflow/.local/lib/python3.12/site-packages/airflow/example_dags/example_branch_operator_decorator.py
[2024-09-11T13:49:23.627+0000] {processor.py:914} INFO - Processing file /home/airflow/.local/lib/python3.12/site-packages/airflow/example_dags/example_branch_operator_decorator.py for tasks to queue
[2024-09-11T13:49:23.628+0000] {logging_mixin.py:190} INFO - [2024-09-11T13:49:23.628+0000] {dagbag.py:587} INFO - Filling up the DagBag from /home/airflow/.local/lib/python3.12/site-packages/airflow/example_dags/example_branch_operator_decorator.py
[2024-09-11T13:49:23.639+0000] {processor.py:925} INFO - DAG(s) 'example_branch_python_operator_decorator' retrieved from /home/airflow/.local/lib/python3.12/site-packages/airflow/example_dags/example_branch_operator_decorator.py
[2024-09-11T13:49:23.653+0000] {logging_mixin.py:190} INFO - [2024-09-11T13:49:23.652+0000] {dag.py:3229} INFO - Sync 1 DAGs
[2024-09-11T13:49:23.664+0000] {logging_mixin.py:190} INFO - [2024-09-11T13:49:23.664+0000] {dag.py:4156} INFO - Setting next_dagrun for example_branch_python_operator_decorator to 2024-09-10 00:00:00+00:00, run_after=2024-09-11 00:00:00+00:00
[2024-09-11T13:49:23.672+0000] {processor.py:208} INFO - Processing /home/airflow/.local/lib/python3.12/site-packages/airflow/example_dags/example_branch_operator_decorator.py took 0.049 seconds
[2024-09-11T13:49:53.945+0000] {processor.py:186} INFO - Started process (PID=1130) to work on /home/airflow/.local/lib/python3.12/site-packages/airflow/example_dags/example_branch_operator_decorator.py
[2024-09-11T13:49:53.945+0000] {processor.py:914} INFO - Processing file /home/airflow/.local/lib/python3.12/site-packages/airflow/example_dags/example_branch_operator_decorator.py for tasks to queue
[2024-09-11T13:49:53.947+0000] {logging_mixin.py:190} INFO - [2024-09-11T13:49:53.947+0000] {dagbag.py:587} INFO - Filling up the DagBag from /home/airflow/.local/lib/python3.12/site-packages/airflow/example_dags/example_branch_operator_decorator.py
[2024-09-11T13:49:53.960+0000] {processor.py:925} INFO - DAG(s) 'example_branch_python_operator_decorator' retrieved from /home/airflow/.local/lib/python3.12/site-packages/airflow/example_dags/example_branch_operator_decorator.py
[2024-09-11T13:49:53.977+0000] {logging_mixin.py:190} INFO - [2024-09-11T13:49:53.976+0000] {dag.py:3229} INFO - Sync 1 DAGs
[2024-09-11T13:49:53.990+0000] {logging_mixin.py:190} INFO - [2024-09-11T13:49:53.989+0000] {dag.py:4156} INFO - Setting next_dagrun for example_branch_python_operator_decorator to 2024-09-10 00:00:00+00:00, run_after=2024-09-11 00:00:00+00:00
[2024-09-11T13:49:53.999+0000] {processor.py:208} INFO - Processing /home/airflow/.local/lib/python3.12/site-packages/airflow/example_dags/example_branch_operator_decorator.py took 0.058 seconds
[2024-09-11T13:50:24.235+0000] {processor.py:186} INFO - Started process (PID=1186) to work on /home/airflow/.local/lib/python3.12/site-packages/airflow/example_dags/example_branch_operator_decorator.py
[2024-09-11T13:50:24.236+0000] {processor.py:914} INFO - Processing file /home/airflow/.local/lib/python3.12/site-packages/airflow/example_dags/example_branch_operator_decorator.py for tasks to queue
[2024-09-11T13:50:24.237+0000] {logging_mixin.py:190} INFO - [2024-09-11T13:50:24.237+0000] {dagbag.py:587} INFO - Filling up the DagBag from /home/airflow/.local/lib/python3.12/site-packages/airflow/example_dags/example_branch_operator_decorator.py
[2024-09-11T13:50:24.248+0000] {processor.py:925} INFO - DAG(s) 'example_branch_python_operator_decorator' retrieved from /home/airflow/.local/lib/python3.12/site-packages/airflow/example_dags/example_branch_operator_decorator.py
[2024-09-11T13:50:24.262+0000] {logging_mixin.py:190} INFO - [2024-09-11T13:50:24.262+0000] {dag.py:3229} INFO - Sync 1 DAGs
[2024-09-11T13:50:24.274+0000] {logging_mixin.py:190} INFO - [2024-09-11T13:50:24.273+0000] {dag.py:4156} INFO - Setting next_dagrun for example_branch_python_operator_decorator to 2024-09-10 00:00:00+00:00, run_after=2024-09-11 00:00:00+00:00
[2024-09-11T13:50:24.282+0000] {processor.py:208} INFO - Processing /home/airflow/.local/lib/python3.12/site-packages/airflow/example_dags/example_branch_operator_decorator.py took 0.050 seconds
[2024-09-11T13:50:54.507+0000] {processor.py:186} INFO - Started process (PID=1242) to work on /home/airflow/.local/lib/python3.12/site-packages/airflow/example_dags/example_branch_operator_decorator.py
[2024-09-11T13:50:54.510+0000] {processor.py:914} INFO - Processing file /home/airflow/.local/lib/python3.12/site-packages/airflow/example_dags/example_branch_operator_decorator.py for tasks to queue
[2024-09-11T13:50:54.512+0000] {logging_mixin.py:190} INFO - [2024-09-11T13:50:54.512+0000] {dagbag.py:587} INFO - Filling up the DagBag from /home/airflow/.local/lib/python3.12/site-packages/airflow/example_dags/example_branch_operator_decorator.py
[2024-09-11T13:50:54.523+0000] {processor.py:925} INFO - DAG(s) 'example_branch_python_operator_decorator' retrieved from /home/airflow/.local/lib/python3.12/site-packages/airflow/example_dags/example_branch_operator_decorator.py
[2024-09-11T13:50:54.537+0000] {logging_mixin.py:190} INFO - [2024-09-11T13:50:54.536+0000] {dag.py:3229} INFO - Sync 1 DAGs
[2024-09-11T13:50:54.548+0000] {logging_mixin.py:190} INFO - [2024-09-11T13:50:54.548+0000] {dag.py:4156} INFO - Setting next_dagrun for example_branch_python_operator_decorator to 2024-09-10 00:00:00+00:00, run_after=2024-09-11 00:00:00+00:00
[2024-09-11T13:50:54.556+0000] {processor.py:208} INFO - Processing /home/airflow/.local/lib/python3.12/site-packages/airflow/example_dags/example_branch_operator_decorator.py took 0.053 seconds
[2024-09-11T13:51:24.689+0000] {processor.py:186} INFO - Started process (PID=1298) to work on /home/airflow/.local/lib/python3.12/site-packages/airflow/example_dags/example_branch_operator_decorator.py
[2024-09-11T13:51:24.690+0000] {processor.py:914} INFO - Processing file /home/airflow/.local/lib/python3.12/site-packages/airflow/example_dags/example_branch_operator_decorator.py for tasks to queue
[2024-09-11T13:51:24.691+0000] {logging_mixin.py:190} INFO - [2024-09-11T13:51:24.691+0000] {dagbag.py:587} INFO - Filling up the DagBag from /home/airflow/.local/lib/python3.12/site-packages/airflow/example_dags/example_branch_operator_decorator.py
[2024-09-11T13:51:24.700+0000] {processor.py:925} INFO - DAG(s) 'example_branch_python_operator_decorator' retrieved from /home/airflow/.local/lib/python3.12/site-packages/airflow/example_dags/example_branch_operator_decorator.py
[2024-09-11T13:51:24.713+0000] {logging_mixin.py:190} INFO - [2024-09-11T13:51:24.713+0000] {dag.py:3229} INFO - Sync 1 DAGs
[2024-09-11T13:51:24.723+0000] {logging_mixin.py:190} INFO - [2024-09-11T13:51:24.723+0000] {dag.py:4156} INFO - Setting next_dagrun for example_branch_python_operator_decorator to 2024-09-10 00:00:00+00:00, run_after=2024-09-11 00:00:00+00:00
[2024-09-11T13:51:24.731+0000] {processor.py:208} INFO - Processing /home/airflow/.local/lib/python3.12/site-packages/airflow/example_dags/example_branch_operator_decorator.py took 0.044 seconds
[2024-09-11T13:51:54.948+0000] {processor.py:186} INFO - Started process (PID=1354) to work on /home/airflow/.local/lib/python3.12/site-packages/airflow/example_dags/example_branch_operator_decorator.py
[2024-09-11T13:51:54.949+0000] {processor.py:914} INFO - Processing file /home/airflow/.local/lib/python3.12/site-packages/airflow/example_dags/example_branch_operator_decorator.py for tasks to queue
[2024-09-11T13:51:54.950+0000] {logging_mixin.py:190} INFO - [2024-09-11T13:51:54.950+0000] {dagbag.py:587} INFO - Filling up the DagBag from /home/airflow/.local/lib/python3.12/site-packages/airflow/example_dags/example_branch_operator_decorator.py
[2024-09-11T13:51:54.961+0000] {processor.py:925} INFO - DAG(s) 'example_branch_python_operator_decorator' retrieved from /home/airflow/.local/lib/python3.12/site-packages/airflow/example_dags/example_branch_operator_decorator.py
[2024-09-11T13:51:54.983+0000] {logging_mixin.py:190} INFO - [2024-09-11T13:51:54.983+0000] {dag.py:3229} INFO - Sync 1 DAGs
[2024-09-11T13:51:55.004+0000] {logging_mixin.py:190} INFO - [2024-09-11T13:51:55.004+0000] {dag.py:4156} INFO - Setting next_dagrun for example_branch_python_operator_decorator to 2024-09-10 00:00:00+00:00, run_after=2024-09-11 00:00:00+00:00
[2024-09-11T13:51:55.017+0000] {processor.py:208} INFO - Processing /home/airflow/.local/lib/python3.12/site-packages/airflow/example_dags/example_branch_operator_decorator.py took 0.072 seconds
[2024-09-11T13:52:25.035+0000] {processor.py:186} INFO - Started process (PID=1409) to work on /home/airflow/.local/lib/python3.12/site-packages/airflow/example_dags/example_branch_operator_decorator.py
[2024-09-11T13:52:25.036+0000] {processor.py:914} INFO - Processing file /home/airflow/.local/lib/python3.12/site-packages/airflow/example_dags/example_branch_operator_decorator.py for tasks to queue
[2024-09-11T13:52:25.037+0000] {logging_mixin.py:190} INFO - [2024-09-11T13:52:25.037+0000] {dagbag.py:587} INFO - Filling up the DagBag from /home/airflow/.local/lib/python3.12/site-packages/airflow/example_dags/example_branch_operator_decorator.py
[2024-09-11T13:52:25.048+0000] {processor.py:925} INFO - DAG(s) 'example_branch_python_operator_decorator' retrieved from /home/airflow/.local/lib/python3.12/site-packages/airflow/example_dags/example_branch_operator_decorator.py
[2024-09-11T13:52:25.060+0000] {logging_mixin.py:190} INFO - [2024-09-11T13:52:25.060+0000] {dag.py:3229} INFO - Sync 1 DAGs
[2024-09-11T13:52:25.070+0000] {logging_mixin.py:190} INFO - [2024-09-11T13:52:25.070+0000] {dag.py:4156} INFO - Setting next_dagrun for example_branch_python_operator_decorator to 2024-09-10 00:00:00+00:00, run_after=2024-09-11 00:00:00+00:00
[2024-09-11T13:52:25.078+0000] {processor.py:208} INFO - Processing /home/airflow/.local/lib/python3.12/site-packages/airflow/example_dags/example_branch_operator_decorator.py took 0.046 seconds
[2024-09-11T13:52:55.859+0000] {processor.py:186} INFO - Started process (PID=1465) to work on /home/airflow/.local/lib/python3.12/site-packages/airflow/example_dags/example_branch_operator_decorator.py
[2024-09-11T13:52:55.860+0000] {processor.py:914} INFO - Processing file /home/airflow/.local/lib/python3.12/site-packages/airflow/example_dags/example_branch_operator_decorator.py for tasks to queue
[2024-09-11T13:52:55.863+0000] {logging_mixin.py:190} INFO - [2024-09-11T13:52:55.862+0000] {dagbag.py:587} INFO - Filling up the DagBag from /home/airflow/.local/lib/python3.12/site-packages/airflow/example_dags/example_branch_operator_decorator.py
[2024-09-11T13:52:55.873+0000] {processor.py:925} INFO - DAG(s) 'example_branch_python_operator_decorator' retrieved from /home/airflow/.local/lib/python3.12/site-packages/airflow/example_dags/example_branch_operator_decorator.py
[2024-09-11T13:52:55.886+0000] {logging_mixin.py:190} INFO - [2024-09-11T13:52:55.886+0000] {dag.py:3229} INFO - Sync 1 DAGs
[2024-09-11T13:52:55.898+0000] {logging_mixin.py:190} INFO - [2024-09-11T13:52:55.898+0000] {dag.py:4156} INFO - Setting next_dagrun for example_branch_python_operator_decorator to 2024-09-10 00:00:00+00:00, run_after=2024-09-11 00:00:00+00:00
[2024-09-11T13:52:55.907+0000] {processor.py:208} INFO - Processing /home/airflow/.local/lib/python3.12/site-packages/airflow/example_dags/example_branch_operator_decorator.py took 0.050 seconds
[2024-09-11T13:53:26.304+0000] {processor.py:186} INFO - Started process (PID=1521) to work on /home/airflow/.local/lib/python3.12/site-packages/airflow/example_dags/example_branch_operator_decorator.py
[2024-09-11T13:53:26.304+0000] {processor.py:914} INFO - Processing file /home/airflow/.local/lib/python3.12/site-packages/airflow/example_dags/example_branch_operator_decorator.py for tasks to queue
[2024-09-11T13:53:26.306+0000] {logging_mixin.py:190} INFO - [2024-09-11T13:53:26.306+0000] {dagbag.py:587} INFO - Filling up the DagBag from /home/airflow/.local/lib/python3.12/site-packages/airflow/example_dags/example_branch_operator_decorator.py
[2024-09-11T13:53:26.316+0000] {processor.py:925} INFO - DAG(s) 'example_branch_python_operator_decorator' retrieved from /home/airflow/.local/lib/python3.12/site-packages/airflow/example_dags/example_branch_operator_decorator.py
[2024-09-11T13:53:26.329+0000] {logging_mixin.py:190} INFO - [2024-09-11T13:53:26.328+0000] {dag.py:3229} INFO - Sync 1 DAGs
[2024-09-11T13:53:26.339+0000] {logging_mixin.py:190} INFO - [2024-09-11T13:53:26.339+0000] {dag.py:4156} INFO - Setting next_dagrun for example_branch_python_operator_decorator to 2024-09-10 00:00:00+00:00, run_after=2024-09-11 00:00:00+00:00
[2024-09-11T13:53:26.347+0000] {processor.py:208} INFO - Processing /home/airflow/.local/lib/python3.12/site-packages/airflow/example_dags/example_branch_operator_decorator.py took 0.046 seconds
[2024-09-11T13:53:56.998+0000] {processor.py:186} INFO - Started process (PID=1577) to work on /home/airflow/.local/lib/python3.12/site-packages/airflow/example_dags/example_branch_operator_decorator.py
[2024-09-11T13:53:57.001+0000] {processor.py:914} INFO - Processing file /home/airflow/.local/lib/python3.12/site-packages/airflow/example_dags/example_branch_operator_decorator.py for tasks to queue
[2024-09-11T13:53:57.002+0000] {logging_mixin.py:190} INFO - [2024-09-11T13:53:57.002+0000] {dagbag.py:587} INFO - Filling up the DagBag from /home/airflow/.local/lib/python3.12/site-packages/airflow/example_dags/example_branch_operator_decorator.py
[2024-09-11T13:53:57.012+0000] {processor.py:925} INFO - DAG(s) 'example_branch_python_operator_decorator' retrieved from /home/airflow/.local/lib/python3.12/site-packages/airflow/example_dags/example_branch_operator_decorator.py
[2024-09-11T13:53:57.024+0000] {logging_mixin.py:190} INFO - [2024-09-11T13:53:57.024+0000] {dag.py:3229} INFO - Sync 1 DAGs
[2024-09-11T13:53:57.035+0000] {logging_mixin.py:190} INFO - [2024-09-11T13:53:57.034+0000] {dag.py:4156} INFO - Setting next_dagrun for example_branch_python_operator_decorator to 2024-09-10 00:00:00+00:00, run_after=2024-09-11 00:00:00+00:00
[2024-09-11T13:53:57.043+0000] {processor.py:208} INFO - Processing /home/airflow/.local/lib/python3.12/site-packages/airflow/example_dags/example_branch_operator_decorator.py took 0.048 seconds
[2024-09-11T13:54:27.350+0000] {processor.py:186} INFO - Started process (PID=1633) to work on /home/airflow/.local/lib/python3.12/site-packages/airflow/example_dags/example_branch_operator_decorator.py
[2024-09-11T13:54:27.351+0000] {processor.py:914} INFO - Processing file /home/airflow/.local/lib/python3.12/site-packages/airflow/example_dags/example_branch_operator_decorator.py for tasks to queue
[2024-09-11T13:54:27.352+0000] {logging_mixin.py:190} INFO - [2024-09-11T13:54:27.352+0000] {dagbag.py:587} INFO - Filling up the DagBag from /home/airflow/.local/lib/python3.12/site-packages/airflow/example_dags/example_branch_operator_decorator.py
[2024-09-11T13:54:27.363+0000] {processor.py:925} INFO - DAG(s) 'example_branch_python_operator_decorator' retrieved from /home/airflow/.local/lib/python3.12/site-packages/airflow/example_dags/example_branch_operator_decorator.py
[2024-09-11T13:54:27.377+0000] {logging_mixin.py:190} INFO - [2024-09-11T13:54:27.377+0000] {dag.py:3229} INFO - Sync 1 DAGs
[2024-09-11T13:54:27.388+0000] {logging_mixin.py:190} INFO - [2024-09-11T13:54:27.388+0000] {dag.py:4156} INFO - Setting next_dagrun for example_branch_python_operator_decorator to 2024-09-10 00:00:00+00:00, run_after=2024-09-11 00:00:00+00:00
[2024-09-11T13:54:27.396+0000] {processor.py:208} INFO - Processing /home/airflow/.local/lib/python3.12/site-packages/airflow/example_dags/example_branch_operator_decorator.py took 0.050 seconds
[2024-09-11T13:54:57.700+0000] {processor.py:186} INFO - Started process (PID=1689) to work on /home/airflow/.local/lib/python3.12/site-packages/airflow/example_dags/example_branch_operator_decorator.py
[2024-09-11T13:54:57.700+0000] {processor.py:914} INFO - Processing file /home/airflow/.local/lib/python3.12/site-packages/airflow/example_dags/example_branch_operator_decorator.py for tasks to queue
[2024-09-11T13:54:57.702+0000] {logging_mixin.py:190} INFO - [2024-09-11T13:54:57.702+0000] {dagbag.py:587} INFO - Filling up the DagBag from /home/airflow/.local/lib/python3.12/site-packages/airflow/example_dags/example_branch_operator_decorator.py
[2024-09-11T13:54:57.713+0000] {processor.py:925} INFO - DAG(s) 'example_branch_python_operator_decorator' retrieved from /home/airflow/.local/lib/python3.12/site-packages/airflow/example_dags/example_branch_operator_decorator.py
[2024-09-11T13:54:57.729+0000] {logging_mixin.py:190} INFO - [2024-09-11T13:54:57.729+0000] {dag.py:3229} INFO - Sync 1 DAGs
[2024-09-11T13:54:57.741+0000] {logging_mixin.py:190} INFO - [2024-09-11T13:54:57.741+0000] {dag.py:4156} INFO - Setting next_dagrun for example_branch_python_operator_decorator to 2024-09-10 00:00:00+00:00, run_after=2024-09-11 00:00:00+00:00
[2024-09-11T13:54:57.750+0000] {processor.py:208} INFO - Processing /home/airflow/.local/lib/python3.12/site-packages/airflow/example_dags/example_branch_operator_decorator.py took 0.053 seconds
[2024-09-11T13:55:28.048+0000] {processor.py:186} INFO - Started process (PID=1745) to work on /home/airflow/.local/lib/python3.12/site-packages/airflow/example_dags/example_branch_operator_decorator.py
[2024-09-11T13:55:28.049+0000] {processor.py:914} INFO - Processing file /home/airflow/.local/lib/python3.12/site-packages/airflow/example_dags/example_branch_operator_decorator.py for tasks to queue
[2024-09-11T13:55:28.051+0000] {logging_mixin.py:190} INFO - [2024-09-11T13:55:28.050+0000] {dagbag.py:587} INFO - Filling up the DagBag from /home/airflow/.local/lib/python3.12/site-packages/airflow/example_dags/example_branch_operator_decorator.py
[2024-09-11T13:55:28.062+0000] {processor.py:925} INFO - DAG(s) 'example_branch_python_operator_decorator' retrieved from /home/airflow/.local/lib/python3.12/site-packages/airflow/example_dags/example_branch_operator_decorator.py
[2024-09-11T13:55:28.076+0000] {logging_mixin.py:190} INFO - [2024-09-11T13:55:28.076+0000] {dag.py:3229} INFO - Sync 1 DAGs
[2024-09-11T13:55:28.086+0000] {logging_mixin.py:190} INFO - [2024-09-11T13:55:28.086+0000] {dag.py:4156} INFO - Setting next_dagrun for example_branch_python_operator_decorator to 2024-09-10 00:00:00+00:00, run_after=2024-09-11 00:00:00+00:00
[2024-09-11T13:55:28.095+0000] {processor.py:208} INFO - Processing /home/airflow/.local/lib/python3.12/site-packages/airflow/example_dags/example_branch_operator_decorator.py took 0.050 seconds
[2024-09-11T13:55:58.428+0000] {processor.py:186} INFO - Started process (PID=1801) to work on /home/airflow/.local/lib/python3.12/site-packages/airflow/example_dags/example_branch_operator_decorator.py
[2024-09-11T13:55:58.428+0000] {processor.py:914} INFO - Processing file /home/airflow/.local/lib/python3.12/site-packages/airflow/example_dags/example_branch_operator_decorator.py for tasks to queue
[2024-09-11T13:55:58.430+0000] {logging_mixin.py:190} INFO - [2024-09-11T13:55:58.430+0000] {dagbag.py:587} INFO - Filling up the DagBag from /home/airflow/.local/lib/python3.12/site-packages/airflow/example_dags/example_branch_operator_decorator.py
[2024-09-11T13:55:58.442+0000] {processor.py:925} INFO - DAG(s) 'example_branch_python_operator_decorator' retrieved from /home/airflow/.local/lib/python3.12/site-packages/airflow/example_dags/example_branch_operator_decorator.py
[2024-09-11T13:55:58.456+0000] {logging_mixin.py:190} INFO - [2024-09-11T13:55:58.456+0000] {dag.py:3229} INFO - Sync 1 DAGs
[2024-09-11T13:55:58.468+0000] {logging_mixin.py:190} INFO - [2024-09-11T13:55:58.468+0000] {dag.py:4156} INFO - Setting next_dagrun for example_branch_python_operator_decorator to 2024-09-10 00:00:00+00:00, run_after=2024-09-11 00:00:00+00:00
[2024-09-11T13:55:58.476+0000] {processor.py:208} INFO - Processing /home/airflow/.local/lib/python3.12/site-packages/airflow/example_dags/example_branch_operator_decorator.py took 0.052 seconds
[2024-09-11T13:56:28.741+0000] {processor.py:186} INFO - Started process (PID=1857) to work on /home/airflow/.local/lib/python3.12/site-packages/airflow/example_dags/example_branch_operator_decorator.py
[2024-09-11T13:56:28.741+0000] {processor.py:914} INFO - Processing file /home/airflow/.local/lib/python3.12/site-packages/airflow/example_dags/example_branch_operator_decorator.py for tasks to queue
[2024-09-11T13:56:28.743+0000] {logging_mixin.py:190} INFO - [2024-09-11T13:56:28.743+0000] {dagbag.py:587} INFO - Filling up the DagBag from /home/airflow/.local/lib/python3.12/site-packages/airflow/example_dags/example_branch_operator_decorator.py
[2024-09-11T13:56:28.753+0000] {processor.py:925} INFO - DAG(s) 'example_branch_python_operator_decorator' retrieved from /home/airflow/.local/lib/python3.12/site-packages/airflow/example_dags/example_branch_operator_decorator.py
[2024-09-11T13:56:28.765+0000] {logging_mixin.py:190} INFO - [2024-09-11T13:56:28.765+0000] {dag.py:3229} INFO - Sync 1 DAGs
[2024-09-11T13:56:28.776+0000] {logging_mixin.py:190} INFO - [2024-09-11T13:56:28.776+0000] {dag.py:4156} INFO - Setting next_dagrun for example_branch_python_operator_decorator to 2024-09-10 00:00:00+00:00, run_after=2024-09-11 00:00:00+00:00
[2024-09-11T13:56:28.783+0000] {processor.py:208} INFO - Processing /home/airflow/.local/lib/python3.12/site-packages/airflow/example_dags/example_branch_operator_decorator.py took 0.046 seconds
[2024-09-11T13:56:59.052+0000] {processor.py:186} INFO - Started process (PID=1913) to work on /home/airflow/.local/lib/python3.12/site-packages/airflow/example_dags/example_branch_operator_decorator.py
[2024-09-11T13:56:59.054+0000] {processor.py:914} INFO - Processing file /home/airflow/.local/lib/python3.12/site-packages/airflow/example_dags/example_branch_operator_decorator.py for tasks to queue
[2024-09-11T13:56:59.056+0000] {logging_mixin.py:190} INFO - [2024-09-11T13:56:59.055+0000] {dagbag.py:587} INFO - Filling up the DagBag from /home/airflow/.local/lib/python3.12/site-packages/airflow/example_dags/example_branch_operator_decorator.py
[2024-09-11T13:56:59.067+0000] {processor.py:925} INFO - DAG(s) 'example_branch_python_operator_decorator' retrieved from /home/airflow/.local/lib/python3.12/site-packages/airflow/example_dags/example_branch_operator_decorator.py
[2024-09-11T13:56:59.079+0000] {logging_mixin.py:190} INFO - [2024-09-11T13:56:59.079+0000] {dag.py:3229} INFO - Sync 1 DAGs
[2024-09-11T13:56:59.089+0000] {logging_mixin.py:190} INFO - [2024-09-11T13:56:59.089+0000] {dag.py:4156} INFO - Setting next_dagrun for example_branch_python_operator_decorator to 2024-09-10 00:00:00+00:00, run_after=2024-09-11 00:00:00+00:00
[2024-09-11T13:56:59.097+0000] {processor.py:208} INFO - Processing /home/airflow/.local/lib/python3.12/site-packages/airflow/example_dags/example_branch_operator_decorator.py took 0.048 seconds
[2024-09-11T13:57:29.452+0000] {processor.py:186} INFO - Started process (PID=1969) to work on /home/airflow/.local/lib/python3.12/site-packages/airflow/example_dags/example_branch_operator_decorator.py
[2024-09-11T13:57:29.453+0000] {processor.py:914} INFO - Processing file /home/airflow/.local/lib/python3.12/site-packages/airflow/example_dags/example_branch_operator_decorator.py for tasks to queue
[2024-09-11T13:57:29.454+0000] {logging_mixin.py:190} INFO - [2024-09-11T13:57:29.454+0000] {dagbag.py:587} INFO - Filling up the DagBag from /home/airflow/.local/lib/python3.12/site-packages/airflow/example_dags/example_branch_operator_decorator.py
[2024-09-11T13:57:29.465+0000] {processor.py:925} INFO - DAG(s) 'example_branch_python_operator_decorator' retrieved from /home/airflow/.local/lib/python3.12/site-packages/airflow/example_dags/example_branch_operator_decorator.py
[2024-09-11T13:57:29.478+0000] {logging_mixin.py:190} INFO - [2024-09-11T13:57:29.478+0000] {dag.py:3229} INFO - Sync 1 DAGs
[2024-09-11T13:57:29.489+0000] {logging_mixin.py:190} INFO - [2024-09-11T13:57:29.489+0000] {dag.py:4156} INFO - Setting next_dagrun for example_branch_python_operator_decorator to 2024-09-10 00:00:00+00:00, run_after=2024-09-11 00:00:00+00:00
[2024-09-11T13:57:29.498+0000] {processor.py:208} INFO - Processing /home/airflow/.local/lib/python3.12/site-packages/airflow/example_dags/example_branch_operator_decorator.py took 0.050 seconds
[2024-09-11T13:57:59.875+0000] {processor.py:186} INFO - Started process (PID=2025) to work on /home/airflow/.local/lib/python3.12/site-packages/airflow/example_dags/example_branch_operator_decorator.py
[2024-09-11T13:57:59.876+0000] {processor.py:914} INFO - Processing file /home/airflow/.local/lib/python3.12/site-packages/airflow/example_dags/example_branch_operator_decorator.py for tasks to queue
[2024-09-11T13:57:59.878+0000] {logging_mixin.py:190} INFO - [2024-09-11T13:57:59.877+0000] {dagbag.py:587} INFO - Filling up the DagBag from /home/airflow/.local/lib/python3.12/site-packages/airflow/example_dags/example_branch_operator_decorator.py
[2024-09-11T13:57:59.887+0000] {processor.py:925} INFO - DAG(s) 'example_branch_python_operator_decorator' retrieved from /home/airflow/.local/lib/python3.12/site-packages/airflow/example_dags/example_branch_operator_decorator.py
[2024-09-11T13:57:59.900+0000] {logging_mixin.py:190} INFO - [2024-09-11T13:57:59.900+0000] {dag.py:3229} INFO - Sync 1 DAGs
[2024-09-11T13:57:59.911+0000] {logging_mixin.py:190} INFO - [2024-09-11T13:57:59.910+0000] {dag.py:4156} INFO - Setting next_dagrun for example_branch_python_operator_decorator to 2024-09-10 00:00:00+00:00, run_after=2024-09-11 00:00:00+00:00
[2024-09-11T13:57:59.918+0000] {processor.py:208} INFO - Processing /home/airflow/.local/lib/python3.12/site-packages/airflow/example_dags/example_branch_operator_decorator.py took 0.046 seconds
[2024-09-11T13:58:30.929+0000] {processor.py:186} INFO - Started process (PID=2081) to work on /home/airflow/.local/lib/python3.12/site-packages/airflow/example_dags/example_branch_operator_decorator.py
[2024-09-11T13:58:30.931+0000] {processor.py:914} INFO - Processing file /home/airflow/.local/lib/python3.12/site-packages/airflow/example_dags/example_branch_operator_decorator.py for tasks to queue
[2024-09-11T13:58:30.934+0000] {logging_mixin.py:190} INFO - [2024-09-11T13:58:30.934+0000] {dagbag.py:587} INFO - Filling up the DagBag from /home/airflow/.local/lib/python3.12/site-packages/airflow/example_dags/example_branch_operator_decorator.py
[2024-09-11T13:58:30.954+0000] {processor.py:925} INFO - DAG(s) 'example_branch_python_operator_decorator' retrieved from /home/airflow/.local/lib/python3.12/site-packages/airflow/example_dags/example_branch_operator_decorator.py
[2024-09-11T13:58:30.978+0000] {logging_mixin.py:190} INFO - [2024-09-11T13:58:30.978+0000] {dag.py:3229} INFO - Sync 1 DAGs
[2024-09-11T13:58:31.426+0000] {logging_mixin.py:190} INFO - [2024-09-11T13:58:31.425+0000] {process_utils.py:266} INFO - Waiting up to 5 seconds for processes to exit...
