[2024-09-11T13:40:21.930+0000] {processor.py:186} INFO - Started process (PID=78) to work on /home/airflow/.local/lib/python3.12/site-packages/airflow/example_dags/example_bash_operator.py
[2024-09-11T13:40:21.932+0000] {processor.py:914} INFO - Processing file /home/airflow/.local/lib/python3.12/site-packages/airflow/example_dags/example_bash_operator.py for tasks to queue
[2024-09-11T13:40:21.936+0000] {logging_mixin.py:190} INFO - [2024-09-11T13:40:21.936+0000] {dagbag.py:587} INFO - Filling up the DagBag from /home/airflow/.local/lib/python3.12/site-packages/airflow/example_dags/example_bash_operator.py
[2024-09-11T13:40:21.951+0000] {processor.py:925} INFO - DAG(s) 'example_bash_operator' retrieved from /home/airflow/.local/lib/python3.12/site-packages/airflow/example_dags/example_bash_operator.py
[2024-09-11T13:40:22.169+0000] {logging_mixin.py:190} INFO - [2024-09-11T13:40:22.168+0000] {override.py:1900} INFO - Created Permission View: can read on DAG:example_bash_operator
[2024-09-11T13:40:22.180+0000] {logging_mixin.py:190} INFO - [2024-09-11T13:40:22.179+0000] {override.py:1900} INFO - Created Permission View: can delete on DAG:example_bash_operator
[2024-09-11T13:40:22.187+0000] {logging_mixin.py:190} INFO - [2024-09-11T13:40:22.187+0000] {override.py:1900} INFO - Created Permission View: can edit on DAG:example_bash_operator
[2024-09-11T13:40:22.196+0000] {logging_mixin.py:190} INFO - [2024-09-11T13:40:22.196+0000] {override.py:1900} INFO - Created Permission View: can read on DAG Run:example_bash_operator
[2024-09-11T13:40:22.205+0000] {logging_mixin.py:190} INFO - [2024-09-11T13:40:22.205+0000] {override.py:1900} INFO - Created Permission View: can create on DAG Run:example_bash_operator
[2024-09-11T13:40:22.499+0000] {logging_mixin.py:190} INFO - [2024-09-11T13:40:22.497+0000] {override.py:1900} INFO - Created Permission View: menu access on DAG Run:example_bash_operator
[2024-09-11T13:40:22.668+0000] {logging_mixin.py:190} INFO - [2024-09-11T13:40:22.667+0000] {override.py:1900} INFO - Created Permission View: can delete on DAG Run:example_bash_operator
[2024-09-11T13:40:22.671+0000] {logging_mixin.py:190} INFO - [2024-09-11T13:40:22.671+0000] {dag.py:3229} INFO - Sync 1 DAGs
[2024-09-11T13:40:22.685+0000] {logging_mixin.py:190} INFO - [2024-09-11T13:40:22.685+0000] {dag.py:3252} INFO - Creating ORM DAG for example_bash_operator
[2024-09-11T13:40:22.695+0000] {logging_mixin.py:190} INFO - [2024-09-11T13:40:22.695+0000] {dag.py:4156} INFO - Setting next_dagrun for example_bash_operator to 2024-09-10 00:00:00+00:00, run_after=2024-09-11 00:00:00+00:00
[2024-09-11T13:40:22.723+0000] {processor.py:208} INFO - Processing /home/airflow/.local/lib/python3.12/site-packages/airflow/example_dags/example_bash_operator.py took 0.798 seconds
[2024-09-11T13:40:53.348+0000] {processor.py:186} INFO - Started process (PID=133) to work on /home/airflow/.local/lib/python3.12/site-packages/airflow/example_dags/example_bash_operator.py
[2024-09-11T13:40:53.351+0000] {processor.py:914} INFO - Processing file /home/airflow/.local/lib/python3.12/site-packages/airflow/example_dags/example_bash_operator.py for tasks to queue
[2024-09-11T13:40:53.354+0000] {logging_mixin.py:190} INFO - [2024-09-11T13:40:53.354+0000] {dagbag.py:587} INFO - Filling up the DagBag from /home/airflow/.local/lib/python3.12/site-packages/airflow/example_dags/example_bash_operator.py
[2024-09-11T13:40:53.366+0000] {processor.py:925} INFO - DAG(s) 'example_bash_operator' retrieved from /home/airflow/.local/lib/python3.12/site-packages/airflow/example_dags/example_bash_operator.py
[2024-09-11T13:40:53.402+0000] {logging_mixin.py:190} INFO - [2024-09-11T13:40:53.402+0000] {dag.py:3229} INFO - Sync 1 DAGs
[2024-09-11T13:40:53.429+0000] {logging_mixin.py:190} INFO - [2024-09-11T13:40:53.429+0000] {dag.py:4156} INFO - Setting next_dagrun for example_bash_operator to 2024-09-10 00:00:00+00:00, run_after=2024-09-11 00:00:00+00:00
[2024-09-11T13:40:53.448+0000] {processor.py:208} INFO - Processing /home/airflow/.local/lib/python3.12/site-packages/airflow/example_dags/example_bash_operator.py took 0.105 seconds
[2024-09-11T13:41:24.109+0000] {processor.py:186} INFO - Started process (PID=189) to work on /home/airflow/.local/lib/python3.12/site-packages/airflow/example_dags/example_bash_operator.py
[2024-09-11T13:41:24.112+0000] {processor.py:914} INFO - Processing file /home/airflow/.local/lib/python3.12/site-packages/airflow/example_dags/example_bash_operator.py for tasks to queue
[2024-09-11T13:41:24.116+0000] {logging_mixin.py:190} INFO - [2024-09-11T13:41:24.116+0000] {dagbag.py:587} INFO - Filling up the DagBag from /home/airflow/.local/lib/python3.12/site-packages/airflow/example_dags/example_bash_operator.py
[2024-09-11T13:41:24.128+0000] {processor.py:925} INFO - DAG(s) 'example_bash_operator' retrieved from /home/airflow/.local/lib/python3.12/site-packages/airflow/example_dags/example_bash_operator.py
[2024-09-11T13:41:24.166+0000] {logging_mixin.py:190} INFO - [2024-09-11T13:41:24.166+0000] {dag.py:3229} INFO - Sync 1 DAGs
[2024-09-11T13:41:24.196+0000] {logging_mixin.py:190} INFO - [2024-09-11T13:41:24.195+0000] {dag.py:4156} INFO - Setting next_dagrun for example_bash_operator to 2024-09-10 00:00:00+00:00, run_after=2024-09-11 00:00:00+00:00
[2024-09-11T13:41:24.222+0000] {processor.py:208} INFO - Processing /home/airflow/.local/lib/python3.12/site-packages/airflow/example_dags/example_bash_operator.py took 0.123 seconds
[2024-09-11T13:41:54.340+0000] {processor.py:186} INFO - Started process (PID=245) to work on /home/airflow/.local/lib/python3.12/site-packages/airflow/example_dags/example_bash_operator.py
[2024-09-11T13:41:54.342+0000] {processor.py:914} INFO - Processing file /home/airflow/.local/lib/python3.12/site-packages/airflow/example_dags/example_bash_operator.py for tasks to queue
[2024-09-11T13:41:54.344+0000] {logging_mixin.py:190} INFO - [2024-09-11T13:41:54.344+0000] {dagbag.py:587} INFO - Filling up the DagBag from /home/airflow/.local/lib/python3.12/site-packages/airflow/example_dags/example_bash_operator.py
[2024-09-11T13:41:54.356+0000] {processor.py:925} INFO - DAG(s) 'example_bash_operator' retrieved from /home/airflow/.local/lib/python3.12/site-packages/airflow/example_dags/example_bash_operator.py
[2024-09-11T13:41:54.373+0000] {logging_mixin.py:190} INFO - [2024-09-11T13:41:54.373+0000] {dag.py:3229} INFO - Sync 1 DAGs
[2024-09-11T13:41:54.386+0000] {logging_mixin.py:190} INFO - [2024-09-11T13:41:54.386+0000] {dag.py:4156} INFO - Setting next_dagrun for example_bash_operator to 2024-09-10 00:00:00+00:00, run_after=2024-09-11 00:00:00+00:00
[2024-09-11T13:41:54.395+0000] {processor.py:208} INFO - Processing /home/airflow/.local/lib/python3.12/site-packages/airflow/example_dags/example_bash_operator.py took 0.062 seconds
[2024-09-11T13:42:24.844+0000] {processor.py:186} INFO - Started process (PID=301) to work on /home/airflow/.local/lib/python3.12/site-packages/airflow/example_dags/example_bash_operator.py
[2024-09-11T13:42:24.845+0000] {processor.py:914} INFO - Processing file /home/airflow/.local/lib/python3.12/site-packages/airflow/example_dags/example_bash_operator.py for tasks to queue
[2024-09-11T13:42:24.849+0000] {logging_mixin.py:190} INFO - [2024-09-11T13:42:24.848+0000] {dagbag.py:587} INFO - Filling up the DagBag from /home/airflow/.local/lib/python3.12/site-packages/airflow/example_dags/example_bash_operator.py
[2024-09-11T13:42:24.862+0000] {processor.py:925} INFO - DAG(s) 'example_bash_operator' retrieved from /home/airflow/.local/lib/python3.12/site-packages/airflow/example_dags/example_bash_operator.py
[2024-09-11T13:42:24.883+0000] {logging_mixin.py:190} INFO - [2024-09-11T13:42:24.883+0000] {dag.py:3229} INFO - Sync 1 DAGs
[2024-09-11T13:42:24.896+0000] {logging_mixin.py:190} INFO - [2024-09-11T13:42:24.896+0000] {dag.py:4156} INFO - Setting next_dagrun for example_bash_operator to 2024-09-10 00:00:00+00:00, run_after=2024-09-11 00:00:00+00:00
[2024-09-11T13:42:24.905+0000] {processor.py:208} INFO - Processing /home/airflow/.local/lib/python3.12/site-packages/airflow/example_dags/example_bash_operator.py took 0.071 seconds
[2024-09-11T13:42:55.121+0000] {processor.py:186} INFO - Started process (PID=357) to work on /home/airflow/.local/lib/python3.12/site-packages/airflow/example_dags/example_bash_operator.py
[2024-09-11T13:42:55.122+0000] {processor.py:914} INFO - Processing file /home/airflow/.local/lib/python3.12/site-packages/airflow/example_dags/example_bash_operator.py for tasks to queue
[2024-09-11T13:42:55.125+0000] {logging_mixin.py:190} INFO - [2024-09-11T13:42:55.125+0000] {dagbag.py:587} INFO - Filling up the DagBag from /home/airflow/.local/lib/python3.12/site-packages/airflow/example_dags/example_bash_operator.py
[2024-09-11T13:42:55.137+0000] {processor.py:925} INFO - DAG(s) 'example_bash_operator' retrieved from /home/airflow/.local/lib/python3.12/site-packages/airflow/example_dags/example_bash_operator.py
[2024-09-11T13:42:55.155+0000] {logging_mixin.py:190} INFO - [2024-09-11T13:42:55.155+0000] {dag.py:3229} INFO - Sync 1 DAGs
[2024-09-11T13:42:55.168+0000] {logging_mixin.py:190} INFO - [2024-09-11T13:42:55.168+0000] {dag.py:4156} INFO - Setting next_dagrun for example_bash_operator to 2024-09-10 00:00:00+00:00, run_after=2024-09-11 00:00:00+00:00
[2024-09-11T13:42:55.177+0000] {processor.py:208} INFO - Processing /home/airflow/.local/lib/python3.12/site-packages/airflow/example_dags/example_bash_operator.py took 0.064 seconds
[2024-09-11T13:43:25.290+0000] {processor.py:186} INFO - Started process (PID=413) to work on /home/airflow/.local/lib/python3.12/site-packages/airflow/example_dags/example_bash_operator.py
[2024-09-11T13:43:25.291+0000] {processor.py:914} INFO - Processing file /home/airflow/.local/lib/python3.12/site-packages/airflow/example_dags/example_bash_operator.py for tasks to queue
[2024-09-11T13:43:25.294+0000] {logging_mixin.py:190} INFO - [2024-09-11T13:43:25.294+0000] {dagbag.py:587} INFO - Filling up the DagBag from /home/airflow/.local/lib/python3.12/site-packages/airflow/example_dags/example_bash_operator.py
[2024-09-11T13:43:25.306+0000] {processor.py:925} INFO - DAG(s) 'example_bash_operator' retrieved from /home/airflow/.local/lib/python3.12/site-packages/airflow/example_dags/example_bash_operator.py
[2024-09-11T13:43:25.325+0000] {logging_mixin.py:190} INFO - [2024-09-11T13:43:25.325+0000] {dag.py:3229} INFO - Sync 1 DAGs
[2024-09-11T13:43:25.338+0000] {logging_mixin.py:190} INFO - [2024-09-11T13:43:25.338+0000] {dag.py:4156} INFO - Setting next_dagrun for example_bash_operator to 2024-09-10 00:00:00+00:00, run_after=2024-09-11 00:00:00+00:00
[2024-09-11T13:43:25.346+0000] {processor.py:208} INFO - Processing /home/airflow/.local/lib/python3.12/site-packages/airflow/example_dags/example_bash_operator.py took 0.065 seconds
[2024-09-11T13:43:55.541+0000] {processor.py:186} INFO - Started process (PID=469) to work on /home/airflow/.local/lib/python3.12/site-packages/airflow/example_dags/example_bash_operator.py
[2024-09-11T13:43:55.543+0000] {processor.py:914} INFO - Processing file /home/airflow/.local/lib/python3.12/site-packages/airflow/example_dags/example_bash_operator.py for tasks to queue
[2024-09-11T13:43:55.546+0000] {logging_mixin.py:190} INFO - [2024-09-11T13:43:55.546+0000] {dagbag.py:587} INFO - Filling up the DagBag from /home/airflow/.local/lib/python3.12/site-packages/airflow/example_dags/example_bash_operator.py
[2024-09-11T13:43:55.561+0000] {processor.py:925} INFO - DAG(s) 'example_bash_operator' retrieved from /home/airflow/.local/lib/python3.12/site-packages/airflow/example_dags/example_bash_operator.py
[2024-09-11T13:43:55.582+0000] {logging_mixin.py:190} INFO - [2024-09-11T13:43:55.582+0000] {dag.py:3229} INFO - Sync 1 DAGs
[2024-09-11T13:43:55.595+0000] {logging_mixin.py:190} INFO - [2024-09-11T13:43:55.595+0000] {dag.py:4156} INFO - Setting next_dagrun for example_bash_operator to 2024-09-10 00:00:00+00:00, run_after=2024-09-11 00:00:00+00:00
[2024-09-11T13:43:55.603+0000] {processor.py:208} INFO - Processing /home/airflow/.local/lib/python3.12/site-packages/airflow/example_dags/example_bash_operator.py took 0.072 seconds
[2024-09-11T13:44:25.720+0000] {processor.py:186} INFO - Started process (PID=525) to work on /home/airflow/.local/lib/python3.12/site-packages/airflow/example_dags/example_bash_operator.py
[2024-09-11T13:44:25.720+0000] {processor.py:914} INFO - Processing file /home/airflow/.local/lib/python3.12/site-packages/airflow/example_dags/example_bash_operator.py for tasks to queue
[2024-09-11T13:44:25.723+0000] {logging_mixin.py:190} INFO - [2024-09-11T13:44:25.722+0000] {dagbag.py:587} INFO - Filling up the DagBag from /home/airflow/.local/lib/python3.12/site-packages/airflow/example_dags/example_bash_operator.py
[2024-09-11T13:44:25.730+0000] {processor.py:925} INFO - DAG(s) 'example_bash_operator' retrieved from /home/airflow/.local/lib/python3.12/site-packages/airflow/example_dags/example_bash_operator.py
[2024-09-11T13:44:25.743+0000] {logging_mixin.py:190} INFO - [2024-09-11T13:44:25.743+0000] {dag.py:3229} INFO - Sync 1 DAGs
[2024-09-11T13:44:25.755+0000] {logging_mixin.py:190} INFO - [2024-09-11T13:44:25.755+0000] {dag.py:4156} INFO - Setting next_dagrun for example_bash_operator to 2024-09-10 00:00:00+00:00, run_after=2024-09-11 00:00:00+00:00
[2024-09-11T13:44:25.763+0000] {processor.py:208} INFO - Processing /home/airflow/.local/lib/python3.12/site-packages/airflow/example_dags/example_bash_operator.py took 0.048 seconds
[2024-09-11T13:44:56.070+0000] {processor.py:186} INFO - Started process (PID=581) to work on /home/airflow/.local/lib/python3.12/site-packages/airflow/example_dags/example_bash_operator.py
[2024-09-11T13:44:56.072+0000] {processor.py:914} INFO - Processing file /home/airflow/.local/lib/python3.12/site-packages/airflow/example_dags/example_bash_operator.py for tasks to queue
[2024-09-11T13:44:56.075+0000] {logging_mixin.py:190} INFO - [2024-09-11T13:44:56.075+0000] {dagbag.py:587} INFO - Filling up the DagBag from /home/airflow/.local/lib/python3.12/site-packages/airflow/example_dags/example_bash_operator.py
[2024-09-11T13:44:56.091+0000] {processor.py:925} INFO - DAG(s) 'example_bash_operator' retrieved from /home/airflow/.local/lib/python3.12/site-packages/airflow/example_dags/example_bash_operator.py
[2024-09-11T13:44:56.110+0000] {logging_mixin.py:190} INFO - [2024-09-11T13:44:56.110+0000] {dag.py:3229} INFO - Sync 1 DAGs
[2024-09-11T13:44:56.125+0000] {logging_mixin.py:190} INFO - [2024-09-11T13:44:56.124+0000] {dag.py:4156} INFO - Setting next_dagrun for example_bash_operator to 2024-09-10 00:00:00+00:00, run_after=2024-09-11 00:00:00+00:00
[2024-09-11T13:44:56.134+0000] {processor.py:208} INFO - Processing /home/airflow/.local/lib/python3.12/site-packages/airflow/example_dags/example_bash_operator.py took 0.073 seconds
[2024-09-11T13:45:26.301+0000] {processor.py:186} INFO - Started process (PID=637) to work on /home/airflow/.local/lib/python3.12/site-packages/airflow/example_dags/example_bash_operator.py
[2024-09-11T13:45:26.302+0000] {processor.py:914} INFO - Processing file /home/airflow/.local/lib/python3.12/site-packages/airflow/example_dags/example_bash_operator.py for tasks to queue
[2024-09-11T13:45:26.303+0000] {logging_mixin.py:190} INFO - [2024-09-11T13:45:26.303+0000] {dagbag.py:587} INFO - Filling up the DagBag from /home/airflow/.local/lib/python3.12/site-packages/airflow/example_dags/example_bash_operator.py
[2024-09-11T13:45:26.311+0000] {processor.py:925} INFO - DAG(s) 'example_bash_operator' retrieved from /home/airflow/.local/lib/python3.12/site-packages/airflow/example_dags/example_bash_operator.py
[2024-09-11T13:45:26.324+0000] {logging_mixin.py:190} INFO - [2024-09-11T13:45:26.324+0000] {dag.py:3229} INFO - Sync 1 DAGs
[2024-09-11T13:45:26.336+0000] {logging_mixin.py:190} INFO - [2024-09-11T13:45:26.336+0000] {dag.py:4156} INFO - Setting next_dagrun for example_bash_operator to 2024-09-10 00:00:00+00:00, run_after=2024-09-11 00:00:00+00:00
[2024-09-11T13:45:26.344+0000] {processor.py:208} INFO - Processing /home/airflow/.local/lib/python3.12/site-packages/airflow/example_dags/example_bash_operator.py took 0.048 seconds
[2024-09-11T13:45:56.520+0000] {processor.py:186} INFO - Started process (PID=693) to work on /home/airflow/.local/lib/python3.12/site-packages/airflow/example_dags/example_bash_operator.py
[2024-09-11T13:45:56.520+0000] {processor.py:914} INFO - Processing file /home/airflow/.local/lib/python3.12/site-packages/airflow/example_dags/example_bash_operator.py for tasks to queue
[2024-09-11T13:45:56.522+0000] {logging_mixin.py:190} INFO - [2024-09-11T13:45:56.522+0000] {dagbag.py:587} INFO - Filling up the DagBag from /home/airflow/.local/lib/python3.12/site-packages/airflow/example_dags/example_bash_operator.py
[2024-09-11T13:45:56.529+0000] {processor.py:925} INFO - DAG(s) 'example_bash_operator' retrieved from /home/airflow/.local/lib/python3.12/site-packages/airflow/example_dags/example_bash_operator.py
[2024-09-11T13:45:56.541+0000] {logging_mixin.py:190} INFO - [2024-09-11T13:45:56.541+0000] {dag.py:3229} INFO - Sync 1 DAGs
[2024-09-11T13:45:56.551+0000] {logging_mixin.py:190} INFO - [2024-09-11T13:45:56.551+0000] {dag.py:4156} INFO - Setting next_dagrun for example_bash_operator to 2024-09-10 00:00:00+00:00, run_after=2024-09-11 00:00:00+00:00
[2024-09-11T13:45:56.559+0000] {processor.py:208} INFO - Processing /home/airflow/.local/lib/python3.12/site-packages/airflow/example_dags/example_bash_operator.py took 0.044 seconds
[2024-09-11T13:46:26.632+0000] {processor.py:186} INFO - Started process (PID=749) to work on /home/airflow/.local/lib/python3.12/site-packages/airflow/example_dags/example_bash_operator.py
[2024-09-11T13:46:26.633+0000] {processor.py:914} INFO - Processing file /home/airflow/.local/lib/python3.12/site-packages/airflow/example_dags/example_bash_operator.py for tasks to queue
[2024-09-11T13:46:26.635+0000] {logging_mixin.py:190} INFO - [2024-09-11T13:46:26.635+0000] {dagbag.py:587} INFO - Filling up the DagBag from /home/airflow/.local/lib/python3.12/site-packages/airflow/example_dags/example_bash_operator.py
[2024-09-11T13:46:26.645+0000] {processor.py:925} INFO - DAG(s) 'example_bash_operator' retrieved from /home/airflow/.local/lib/python3.12/site-packages/airflow/example_dags/example_bash_operator.py
[2024-09-11T13:46:26.661+0000] {logging_mixin.py:190} INFO - [2024-09-11T13:46:26.661+0000] {dag.py:3229} INFO - Sync 1 DAGs
[2024-09-11T13:46:26.672+0000] {logging_mixin.py:190} INFO - [2024-09-11T13:46:26.672+0000] {dag.py:4156} INFO - Setting next_dagrun for example_bash_operator to 2024-09-10 00:00:00+00:00, run_after=2024-09-11 00:00:00+00:00
[2024-09-11T13:46:26.680+0000] {processor.py:208} INFO - Processing /home/airflow/.local/lib/python3.12/site-packages/airflow/example_dags/example_bash_operator.py took 0.055 seconds
[2024-09-11T13:46:56.986+0000] {processor.py:186} INFO - Started process (PID=805) to work on /home/airflow/.local/lib/python3.12/site-packages/airflow/example_dags/example_bash_operator.py
[2024-09-11T13:46:56.987+0000] {processor.py:914} INFO - Processing file /home/airflow/.local/lib/python3.12/site-packages/airflow/example_dags/example_bash_operator.py for tasks to queue
[2024-09-11T13:46:56.990+0000] {logging_mixin.py:190} INFO - [2024-09-11T13:46:56.989+0000] {dagbag.py:587} INFO - Filling up the DagBag from /home/airflow/.local/lib/python3.12/site-packages/airflow/example_dags/example_bash_operator.py
[2024-09-11T13:46:57.002+0000] {processor.py:925} INFO - DAG(s) 'example_bash_operator' retrieved from /home/airflow/.local/lib/python3.12/site-packages/airflow/example_dags/example_bash_operator.py
[2024-09-11T13:46:57.021+0000] {logging_mixin.py:190} INFO - [2024-09-11T13:46:57.021+0000] {dag.py:3229} INFO - Sync 1 DAGs
[2024-09-11T13:46:57.034+0000] {logging_mixin.py:190} INFO - [2024-09-11T13:46:57.034+0000] {dag.py:4156} INFO - Setting next_dagrun for example_bash_operator to 2024-09-10 00:00:00+00:00, run_after=2024-09-11 00:00:00+00:00
[2024-09-11T13:46:57.043+0000] {processor.py:208} INFO - Processing /home/airflow/.local/lib/python3.12/site-packages/airflow/example_dags/example_bash_operator.py took 0.065 seconds
[2024-09-11T13:47:27.156+0000] {processor.py:186} INFO - Started process (PID=861) to work on /home/airflow/.local/lib/python3.12/site-packages/airflow/example_dags/example_bash_operator.py
[2024-09-11T13:47:27.157+0000] {processor.py:914} INFO - Processing file /home/airflow/.local/lib/python3.12/site-packages/airflow/example_dags/example_bash_operator.py for tasks to queue
[2024-09-11T13:47:27.160+0000] {logging_mixin.py:190} INFO - [2024-09-11T13:47:27.160+0000] {dagbag.py:587} INFO - Filling up the DagBag from /home/airflow/.local/lib/python3.12/site-packages/airflow/example_dags/example_bash_operator.py
[2024-09-11T13:47:27.172+0000] {processor.py:925} INFO - DAG(s) 'example_bash_operator' retrieved from /home/airflow/.local/lib/python3.12/site-packages/airflow/example_dags/example_bash_operator.py
[2024-09-11T13:47:27.191+0000] {logging_mixin.py:190} INFO - [2024-09-11T13:47:27.191+0000] {dag.py:3229} INFO - Sync 1 DAGs
[2024-09-11T13:47:27.206+0000] {logging_mixin.py:190} INFO - [2024-09-11T13:47:27.206+0000] {dag.py:4156} INFO - Setting next_dagrun for example_bash_operator to 2024-09-10 00:00:00+00:00, run_after=2024-09-11 00:00:00+00:00
[2024-09-11T13:47:27.216+0000] {processor.py:208} INFO - Processing /home/airflow/.local/lib/python3.12/site-packages/airflow/example_dags/example_bash_operator.py took 0.069 seconds
[2024-09-11T13:47:57.396+0000] {processor.py:186} INFO - Started process (PID=917) to work on /home/airflow/.local/lib/python3.12/site-packages/airflow/example_dags/example_bash_operator.py
[2024-09-11T13:47:57.397+0000] {processor.py:914} INFO - Processing file /home/airflow/.local/lib/python3.12/site-packages/airflow/example_dags/example_bash_operator.py for tasks to queue
[2024-09-11T13:47:57.401+0000] {logging_mixin.py:190} INFO - [2024-09-11T13:47:57.401+0000] {dagbag.py:587} INFO - Filling up the DagBag from /home/airflow/.local/lib/python3.12/site-packages/airflow/example_dags/example_bash_operator.py
[2024-09-11T13:47:57.413+0000] {processor.py:925} INFO - DAG(s) 'example_bash_operator' retrieved from /home/airflow/.local/lib/python3.12/site-packages/airflow/example_dags/example_bash_operator.py
[2024-09-11T13:47:57.431+0000] {logging_mixin.py:190} INFO - [2024-09-11T13:47:57.430+0000] {dag.py:3229} INFO - Sync 1 DAGs
[2024-09-11T13:47:57.443+0000] {logging_mixin.py:190} INFO - [2024-09-11T13:47:57.443+0000] {dag.py:4156} INFO - Setting next_dagrun for example_bash_operator to 2024-09-10 00:00:00+00:00, run_after=2024-09-11 00:00:00+00:00
[2024-09-11T13:47:57.453+0000] {processor.py:208} INFO - Processing /home/airflow/.local/lib/python3.12/site-packages/airflow/example_dags/example_bash_operator.py took 0.065 seconds
[2024-09-11T13:48:27.680+0000] {processor.py:186} INFO - Started process (PID=973) to work on /home/airflow/.local/lib/python3.12/site-packages/airflow/example_dags/example_bash_operator.py
[2024-09-11T13:48:27.681+0000] {processor.py:914} INFO - Processing file /home/airflow/.local/lib/python3.12/site-packages/airflow/example_dags/example_bash_operator.py for tasks to queue
[2024-09-11T13:48:27.684+0000] {logging_mixin.py:190} INFO - [2024-09-11T13:48:27.683+0000] {dagbag.py:587} INFO - Filling up the DagBag from /home/airflow/.local/lib/python3.12/site-packages/airflow/example_dags/example_bash_operator.py
[2024-09-11T13:48:27.697+0000] {processor.py:925} INFO - DAG(s) 'example_bash_operator' retrieved from /home/airflow/.local/lib/python3.12/site-packages/airflow/example_dags/example_bash_operator.py
[2024-09-11T13:48:27.717+0000] {logging_mixin.py:190} INFO - [2024-09-11T13:48:27.716+0000] {dag.py:3229} INFO - Sync 1 DAGs
[2024-09-11T13:48:27.729+0000] {logging_mixin.py:190} INFO - [2024-09-11T13:48:27.729+0000] {dag.py:4156} INFO - Setting next_dagrun for example_bash_operator to 2024-09-10 00:00:00+00:00, run_after=2024-09-11 00:00:00+00:00
[2024-09-11T13:48:27.739+0000] {processor.py:208} INFO - Processing /home/airflow/.local/lib/python3.12/site-packages/airflow/example_dags/example_bash_operator.py took 0.068 seconds
[2024-09-11T13:48:57.847+0000] {processor.py:186} INFO - Started process (PID=1029) to work on /home/airflow/.local/lib/python3.12/site-packages/airflow/example_dags/example_bash_operator.py
[2024-09-11T13:48:57.849+0000] {processor.py:914} INFO - Processing file /home/airflow/.local/lib/python3.12/site-packages/airflow/example_dags/example_bash_operator.py for tasks to queue
[2024-09-11T13:48:57.855+0000] {logging_mixin.py:190} INFO - [2024-09-11T13:48:57.854+0000] {dagbag.py:587} INFO - Filling up the DagBag from /home/airflow/.local/lib/python3.12/site-packages/airflow/example_dags/example_bash_operator.py
[2024-09-11T13:48:57.871+0000] {processor.py:925} INFO - DAG(s) 'example_bash_operator' retrieved from /home/airflow/.local/lib/python3.12/site-packages/airflow/example_dags/example_bash_operator.py
[2024-09-11T13:48:57.890+0000] {logging_mixin.py:190} INFO - [2024-09-11T13:48:57.890+0000] {dag.py:3229} INFO - Sync 1 DAGs
[2024-09-11T13:48:57.903+0000] {logging_mixin.py:190} INFO - [2024-09-11T13:48:57.903+0000] {dag.py:4156} INFO - Setting next_dagrun for example_bash_operator to 2024-09-10 00:00:00+00:00, run_after=2024-09-11 00:00:00+00:00
[2024-09-11T13:48:57.912+0000] {processor.py:208} INFO - Processing /home/airflow/.local/lib/python3.12/site-packages/airflow/example_dags/example_bash_operator.py took 0.076 seconds
[2024-09-11T13:49:28.055+0000] {processor.py:186} INFO - Started process (PID=1085) to work on /home/airflow/.local/lib/python3.12/site-packages/airflow/example_dags/example_bash_operator.py
[2024-09-11T13:49:28.057+0000] {processor.py:914} INFO - Processing file /home/airflow/.local/lib/python3.12/site-packages/airflow/example_dags/example_bash_operator.py for tasks to queue
[2024-09-11T13:49:28.060+0000] {logging_mixin.py:190} INFO - [2024-09-11T13:49:28.060+0000] {dagbag.py:587} INFO - Filling up the DagBag from /home/airflow/.local/lib/python3.12/site-packages/airflow/example_dags/example_bash_operator.py
[2024-09-11T13:49:28.073+0000] {processor.py:925} INFO - DAG(s) 'example_bash_operator' retrieved from /home/airflow/.local/lib/python3.12/site-packages/airflow/example_dags/example_bash_operator.py
[2024-09-11T13:49:28.095+0000] {logging_mixin.py:190} INFO - [2024-09-11T13:49:28.095+0000] {dag.py:3229} INFO - Sync 1 DAGs
[2024-09-11T13:49:28.110+0000] {logging_mixin.py:190} INFO - [2024-09-11T13:49:28.110+0000] {dag.py:4156} INFO - Setting next_dagrun for example_bash_operator to 2024-09-10 00:00:00+00:00, run_after=2024-09-11 00:00:00+00:00
[2024-09-11T13:49:28.120+0000] {processor.py:208} INFO - Processing /home/airflow/.local/lib/python3.12/site-packages/airflow/example_dags/example_bash_operator.py took 0.073 seconds
[2024-09-11T13:49:58.362+0000] {processor.py:186} INFO - Started process (PID=1141) to work on /home/airflow/.local/lib/python3.12/site-packages/airflow/example_dags/example_bash_operator.py
[2024-09-11T13:49:58.364+0000] {processor.py:914} INFO - Processing file /home/airflow/.local/lib/python3.12/site-packages/airflow/example_dags/example_bash_operator.py for tasks to queue
[2024-09-11T13:49:58.367+0000] {logging_mixin.py:190} INFO - [2024-09-11T13:49:58.366+0000] {dagbag.py:587} INFO - Filling up the DagBag from /home/airflow/.local/lib/python3.12/site-packages/airflow/example_dags/example_bash_operator.py
[2024-09-11T13:49:58.380+0000] {processor.py:925} INFO - DAG(s) 'example_bash_operator' retrieved from /home/airflow/.local/lib/python3.12/site-packages/airflow/example_dags/example_bash_operator.py
[2024-09-11T13:49:58.398+0000] {logging_mixin.py:190} INFO - [2024-09-11T13:49:58.398+0000] {dag.py:3229} INFO - Sync 1 DAGs
[2024-09-11T13:49:58.412+0000] {logging_mixin.py:190} INFO - [2024-09-11T13:49:58.412+0000] {dag.py:4156} INFO - Setting next_dagrun for example_bash_operator to 2024-09-10 00:00:00+00:00, run_after=2024-09-11 00:00:00+00:00
[2024-09-11T13:49:58.421+0000] {processor.py:208} INFO - Processing /home/airflow/.local/lib/python3.12/site-packages/airflow/example_dags/example_bash_operator.py took 0.067 seconds
[2024-09-11T13:50:28.629+0000] {processor.py:186} INFO - Started process (PID=1197) to work on /home/airflow/.local/lib/python3.12/site-packages/airflow/example_dags/example_bash_operator.py
[2024-09-11T13:50:28.633+0000] {processor.py:914} INFO - Processing file /home/airflow/.local/lib/python3.12/site-packages/airflow/example_dags/example_bash_operator.py for tasks to queue
[2024-09-11T13:50:28.636+0000] {logging_mixin.py:190} INFO - [2024-09-11T13:50:28.636+0000] {dagbag.py:587} INFO - Filling up the DagBag from /home/airflow/.local/lib/python3.12/site-packages/airflow/example_dags/example_bash_operator.py
[2024-09-11T13:50:28.650+0000] {processor.py:925} INFO - DAG(s) 'example_bash_operator' retrieved from /home/airflow/.local/lib/python3.12/site-packages/airflow/example_dags/example_bash_operator.py
[2024-09-11T13:50:28.671+0000] {logging_mixin.py:190} INFO - [2024-09-11T13:50:28.671+0000] {dag.py:3229} INFO - Sync 1 DAGs
[2024-09-11T13:50:28.685+0000] {logging_mixin.py:190} INFO - [2024-09-11T13:50:28.685+0000] {dag.py:4156} INFO - Setting next_dagrun for example_bash_operator to 2024-09-10 00:00:00+00:00, run_after=2024-09-11 00:00:00+00:00
[2024-09-11T13:50:28.694+0000] {processor.py:208} INFO - Processing /home/airflow/.local/lib/python3.12/site-packages/airflow/example_dags/example_bash_operator.py took 0.074 seconds
[2024-09-11T13:50:58.862+0000] {processor.py:186} INFO - Started process (PID=1253) to work on /home/airflow/.local/lib/python3.12/site-packages/airflow/example_dags/example_bash_operator.py
[2024-09-11T13:50:58.863+0000] {processor.py:914} INFO - Processing file /home/airflow/.local/lib/python3.12/site-packages/airflow/example_dags/example_bash_operator.py for tasks to queue
[2024-09-11T13:50:58.865+0000] {logging_mixin.py:190} INFO - [2024-09-11T13:50:58.865+0000] {dagbag.py:587} INFO - Filling up the DagBag from /home/airflow/.local/lib/python3.12/site-packages/airflow/example_dags/example_bash_operator.py
[2024-09-11T13:50:58.877+0000] {processor.py:925} INFO - DAG(s) 'example_bash_operator' retrieved from /home/airflow/.local/lib/python3.12/site-packages/airflow/example_dags/example_bash_operator.py
[2024-09-11T13:50:58.893+0000] {logging_mixin.py:190} INFO - [2024-09-11T13:50:58.893+0000] {dag.py:3229} INFO - Sync 1 DAGs
[2024-09-11T13:50:58.906+0000] {logging_mixin.py:190} INFO - [2024-09-11T13:50:58.906+0000] {dag.py:4156} INFO - Setting next_dagrun for example_bash_operator to 2024-09-10 00:00:00+00:00, run_after=2024-09-11 00:00:00+00:00
[2024-09-11T13:50:58.916+0000] {processor.py:208} INFO - Processing /home/airflow/.local/lib/python3.12/site-packages/airflow/example_dags/example_bash_operator.py took 0.061 seconds
[2024-09-11T13:51:29.155+0000] {processor.py:186} INFO - Started process (PID=1309) to work on /home/airflow/.local/lib/python3.12/site-packages/airflow/example_dags/example_bash_operator.py
[2024-09-11T13:51:29.156+0000] {processor.py:914} INFO - Processing file /home/airflow/.local/lib/python3.12/site-packages/airflow/example_dags/example_bash_operator.py for tasks to queue
[2024-09-11T13:51:29.159+0000] {logging_mixin.py:190} INFO - [2024-09-11T13:51:29.159+0000] {dagbag.py:587} INFO - Filling up the DagBag from /home/airflow/.local/lib/python3.12/site-packages/airflow/example_dags/example_bash_operator.py
[2024-09-11T13:51:29.172+0000] {processor.py:925} INFO - DAG(s) 'example_bash_operator' retrieved from /home/airflow/.local/lib/python3.12/site-packages/airflow/example_dags/example_bash_operator.py
[2024-09-11T13:51:29.191+0000] {logging_mixin.py:190} INFO - [2024-09-11T13:51:29.191+0000] {dag.py:3229} INFO - Sync 1 DAGs
[2024-09-11T13:51:29.204+0000] {logging_mixin.py:190} INFO - [2024-09-11T13:51:29.204+0000] {dag.py:4156} INFO - Setting next_dagrun for example_bash_operator to 2024-09-10 00:00:00+00:00, run_after=2024-09-11 00:00:00+00:00
[2024-09-11T13:51:29.213+0000] {processor.py:208} INFO - Processing /home/airflow/.local/lib/python3.12/site-packages/airflow/example_dags/example_bash_operator.py took 0.067 seconds
[2024-09-11T13:51:59.457+0000] {processor.py:186} INFO - Started process (PID=1365) to work on /home/airflow/.local/lib/python3.12/site-packages/airflow/example_dags/example_bash_operator.py
[2024-09-11T13:51:59.459+0000] {processor.py:914} INFO - Processing file /home/airflow/.local/lib/python3.12/site-packages/airflow/example_dags/example_bash_operator.py for tasks to queue
[2024-09-11T13:51:59.462+0000] {logging_mixin.py:190} INFO - [2024-09-11T13:51:59.461+0000] {dagbag.py:587} INFO - Filling up the DagBag from /home/airflow/.local/lib/python3.12/site-packages/airflow/example_dags/example_bash_operator.py
[2024-09-11T13:51:59.475+0000] {processor.py:925} INFO - DAG(s) 'example_bash_operator' retrieved from /home/airflow/.local/lib/python3.12/site-packages/airflow/example_dags/example_bash_operator.py
[2024-09-11T13:51:59.493+0000] {logging_mixin.py:190} INFO - [2024-09-11T13:51:59.493+0000] {dag.py:3229} INFO - Sync 1 DAGs
[2024-09-11T13:51:59.507+0000] {logging_mixin.py:190} INFO - [2024-09-11T13:51:59.507+0000] {dag.py:4156} INFO - Setting next_dagrun for example_bash_operator to 2024-09-10 00:00:00+00:00, run_after=2024-09-11 00:00:00+00:00
[2024-09-11T13:51:59.516+0000] {processor.py:208} INFO - Processing /home/airflow/.local/lib/python3.12/site-packages/airflow/example_dags/example_bash_operator.py took 0.067 seconds
[2024-09-11T13:52:29.620+0000] {processor.py:186} INFO - Started process (PID=1421) to work on /home/airflow/.local/lib/python3.12/site-packages/airflow/example_dags/example_bash_operator.py
[2024-09-11T13:52:29.621+0000] {processor.py:914} INFO - Processing file /home/airflow/.local/lib/python3.12/site-packages/airflow/example_dags/example_bash_operator.py for tasks to queue
[2024-09-11T13:52:29.623+0000] {logging_mixin.py:190} INFO - [2024-09-11T13:52:29.623+0000] {dagbag.py:587} INFO - Filling up the DagBag from /home/airflow/.local/lib/python3.12/site-packages/airflow/example_dags/example_bash_operator.py
[2024-09-11T13:52:29.633+0000] {processor.py:925} INFO - DAG(s) 'example_bash_operator' retrieved from /home/airflow/.local/lib/python3.12/site-packages/airflow/example_dags/example_bash_operator.py
[2024-09-11T13:52:29.648+0000] {logging_mixin.py:190} INFO - [2024-09-11T13:52:29.648+0000] {dag.py:3229} INFO - Sync 1 DAGs
[2024-09-11T13:52:29.661+0000] {logging_mixin.py:190} INFO - [2024-09-11T13:52:29.661+0000] {dag.py:4156} INFO - Setting next_dagrun for example_bash_operator to 2024-09-10 00:00:00+00:00, run_after=2024-09-11 00:00:00+00:00
[2024-09-11T13:52:29.670+0000] {processor.py:208} INFO - Processing /home/airflow/.local/lib/python3.12/site-packages/airflow/example_dags/example_bash_operator.py took 0.056 seconds
[2024-09-11T13:53:00.347+0000] {processor.py:186} INFO - Started process (PID=1477) to work on /home/airflow/.local/lib/python3.12/site-packages/airflow/example_dags/example_bash_operator.py
[2024-09-11T13:53:00.349+0000] {processor.py:914} INFO - Processing file /home/airflow/.local/lib/python3.12/site-packages/airflow/example_dags/example_bash_operator.py for tasks to queue
[2024-09-11T13:53:00.352+0000] {logging_mixin.py:190} INFO - [2024-09-11T13:53:00.352+0000] {dagbag.py:587} INFO - Filling up the DagBag from /home/airflow/.local/lib/python3.12/site-packages/airflow/example_dags/example_bash_operator.py
[2024-09-11T13:53:00.368+0000] {processor.py:925} INFO - DAG(s) 'example_bash_operator' retrieved from /home/airflow/.local/lib/python3.12/site-packages/airflow/example_dags/example_bash_operator.py
[2024-09-11T13:53:00.390+0000] {logging_mixin.py:190} INFO - [2024-09-11T13:53:00.390+0000] {dag.py:3229} INFO - Sync 1 DAGs
[2024-09-11T13:53:00.405+0000] {logging_mixin.py:190} INFO - [2024-09-11T13:53:00.405+0000] {dag.py:4156} INFO - Setting next_dagrun for example_bash_operator to 2024-09-10 00:00:00+00:00, run_after=2024-09-11 00:00:00+00:00
[2024-09-11T13:53:00.414+0000] {processor.py:208} INFO - Processing /home/airflow/.local/lib/python3.12/site-packages/airflow/example_dags/example_bash_operator.py took 0.077 seconds
[2024-09-11T13:53:30.837+0000] {processor.py:186} INFO - Started process (PID=1533) to work on /home/airflow/.local/lib/python3.12/site-packages/airflow/example_dags/example_bash_operator.py
[2024-09-11T13:53:30.839+0000] {processor.py:914} INFO - Processing file /home/airflow/.local/lib/python3.12/site-packages/airflow/example_dags/example_bash_operator.py for tasks to queue
[2024-09-11T13:53:30.842+0000] {logging_mixin.py:190} INFO - [2024-09-11T13:53:30.842+0000] {dagbag.py:587} INFO - Filling up the DagBag from /home/airflow/.local/lib/python3.12/site-packages/airflow/example_dags/example_bash_operator.py
[2024-09-11T13:53:30.860+0000] {processor.py:925} INFO - DAG(s) 'example_bash_operator' retrieved from /home/airflow/.local/lib/python3.12/site-packages/airflow/example_dags/example_bash_operator.py
[2024-09-11T13:53:30.887+0000] {logging_mixin.py:190} INFO - [2024-09-11T13:53:30.887+0000] {dag.py:3229} INFO - Sync 1 DAGs
[2024-09-11T13:53:30.905+0000] {logging_mixin.py:190} INFO - [2024-09-11T13:53:30.905+0000] {dag.py:4156} INFO - Setting next_dagrun for example_bash_operator to 2024-09-10 00:00:00+00:00, run_after=2024-09-11 00:00:00+00:00
[2024-09-11T13:53:30.916+0000] {processor.py:208} INFO - Processing /home/airflow/.local/lib/python3.12/site-packages/airflow/example_dags/example_bash_operator.py took 0.091 seconds
[2024-09-11T13:54:01.495+0000] {processor.py:186} INFO - Started process (PID=1589) to work on /home/airflow/.local/lib/python3.12/site-packages/airflow/example_dags/example_bash_operator.py
[2024-09-11T13:54:01.497+0000] {processor.py:914} INFO - Processing file /home/airflow/.local/lib/python3.12/site-packages/airflow/example_dags/example_bash_operator.py for tasks to queue
[2024-09-11T13:54:01.499+0000] {logging_mixin.py:190} INFO - [2024-09-11T13:54:01.499+0000] {dagbag.py:587} INFO - Filling up the DagBag from /home/airflow/.local/lib/python3.12/site-packages/airflow/example_dags/example_bash_operator.py
[2024-09-11T13:54:01.513+0000] {processor.py:925} INFO - DAG(s) 'example_bash_operator' retrieved from /home/airflow/.local/lib/python3.12/site-packages/airflow/example_dags/example_bash_operator.py
[2024-09-11T13:54:01.532+0000] {logging_mixin.py:190} INFO - [2024-09-11T13:54:01.532+0000] {dag.py:3229} INFO - Sync 1 DAGs
[2024-09-11T13:54:01.546+0000] {logging_mixin.py:190} INFO - [2024-09-11T13:54:01.546+0000] {dag.py:4156} INFO - Setting next_dagrun for example_bash_operator to 2024-09-10 00:00:00+00:00, run_after=2024-09-11 00:00:00+00:00
[2024-09-11T13:54:01.556+0000] {processor.py:208} INFO - Processing /home/airflow/.local/lib/python3.12/site-packages/airflow/example_dags/example_bash_operator.py took 0.069 seconds
[2024-09-11T13:54:31.868+0000] {processor.py:186} INFO - Started process (PID=1645) to work on /home/airflow/.local/lib/python3.12/site-packages/airflow/example_dags/example_bash_operator.py
[2024-09-11T13:54:31.870+0000] {processor.py:914} INFO - Processing file /home/airflow/.local/lib/python3.12/site-packages/airflow/example_dags/example_bash_operator.py for tasks to queue
[2024-09-11T13:54:31.872+0000] {logging_mixin.py:190} INFO - [2024-09-11T13:54:31.872+0000] {dagbag.py:587} INFO - Filling up the DagBag from /home/airflow/.local/lib/python3.12/site-packages/airflow/example_dags/example_bash_operator.py
[2024-09-11T13:54:31.884+0000] {processor.py:925} INFO - DAG(s) 'example_bash_operator' retrieved from /home/airflow/.local/lib/python3.12/site-packages/airflow/example_dags/example_bash_operator.py
[2024-09-11T13:54:31.902+0000] {logging_mixin.py:190} INFO - [2024-09-11T13:54:31.902+0000] {dag.py:3229} INFO - Sync 1 DAGs
[2024-09-11T13:54:31.914+0000] {logging_mixin.py:190} INFO - [2024-09-11T13:54:31.914+0000] {dag.py:4156} INFO - Setting next_dagrun for example_bash_operator to 2024-09-10 00:00:00+00:00, run_after=2024-09-11 00:00:00+00:00
[2024-09-11T13:54:31.922+0000] {processor.py:208} INFO - Processing /home/airflow/.local/lib/python3.12/site-packages/airflow/example_dags/example_bash_operator.py took 0.062 seconds
[2024-09-11T13:55:02.155+0000] {processor.py:186} INFO - Started process (PID=1701) to work on /home/airflow/.local/lib/python3.12/site-packages/airflow/example_dags/example_bash_operator.py
[2024-09-11T13:55:02.156+0000] {processor.py:914} INFO - Processing file /home/airflow/.local/lib/python3.12/site-packages/airflow/example_dags/example_bash_operator.py for tasks to queue
[2024-09-11T13:55:02.159+0000] {logging_mixin.py:190} INFO - [2024-09-11T13:55:02.158+0000] {dagbag.py:587} INFO - Filling up the DagBag from /home/airflow/.local/lib/python3.12/site-packages/airflow/example_dags/example_bash_operator.py
[2024-09-11T13:55:02.171+0000] {processor.py:925} INFO - DAG(s) 'example_bash_operator' retrieved from /home/airflow/.local/lib/python3.12/site-packages/airflow/example_dags/example_bash_operator.py
[2024-09-11T13:55:02.190+0000] {logging_mixin.py:190} INFO - [2024-09-11T13:55:02.190+0000] {dag.py:3229} INFO - Sync 1 DAGs
[2024-09-11T13:55:02.203+0000] {logging_mixin.py:190} INFO - [2024-09-11T13:55:02.203+0000] {dag.py:4156} INFO - Setting next_dagrun for example_bash_operator to 2024-09-10 00:00:00+00:00, run_after=2024-09-11 00:00:00+00:00
[2024-09-11T13:55:02.212+0000] {processor.py:208} INFO - Processing /home/airflow/.local/lib/python3.12/site-packages/airflow/example_dags/example_bash_operator.py took 0.065 seconds
[2024-09-11T13:55:32.516+0000] {processor.py:186} INFO - Started process (PID=1757) to work on /home/airflow/.local/lib/python3.12/site-packages/airflow/example_dags/example_bash_operator.py
[2024-09-11T13:55:32.518+0000] {processor.py:914} INFO - Processing file /home/airflow/.local/lib/python3.12/site-packages/airflow/example_dags/example_bash_operator.py for tasks to queue
[2024-09-11T13:55:32.520+0000] {logging_mixin.py:190} INFO - [2024-09-11T13:55:32.520+0000] {dagbag.py:587} INFO - Filling up the DagBag from /home/airflow/.local/lib/python3.12/site-packages/airflow/example_dags/example_bash_operator.py
[2024-09-11T13:55:32.532+0000] {processor.py:925} INFO - DAG(s) 'example_bash_operator' retrieved from /home/airflow/.local/lib/python3.12/site-packages/airflow/example_dags/example_bash_operator.py
[2024-09-11T13:55:32.550+0000] {logging_mixin.py:190} INFO - [2024-09-11T13:55:32.550+0000] {dag.py:3229} INFO - Sync 1 DAGs
[2024-09-11T13:55:32.565+0000] {logging_mixin.py:190} INFO - [2024-09-11T13:55:32.565+0000] {dag.py:4156} INFO - Setting next_dagrun for example_bash_operator to 2024-09-10 00:00:00+00:00, run_after=2024-09-11 00:00:00+00:00
[2024-09-11T13:55:32.575+0000] {processor.py:208} INFO - Processing /home/airflow/.local/lib/python3.12/site-packages/airflow/example_dags/example_bash_operator.py took 0.068 seconds
[2024-09-11T13:56:02.882+0000] {processor.py:186} INFO - Started process (PID=1813) to work on /home/airflow/.local/lib/python3.12/site-packages/airflow/example_dags/example_bash_operator.py
[2024-09-11T13:56:02.883+0000] {processor.py:914} INFO - Processing file /home/airflow/.local/lib/python3.12/site-packages/airflow/example_dags/example_bash_operator.py for tasks to queue
[2024-09-11T13:56:02.886+0000] {logging_mixin.py:190} INFO - [2024-09-11T13:56:02.885+0000] {dagbag.py:587} INFO - Filling up the DagBag from /home/airflow/.local/lib/python3.12/site-packages/airflow/example_dags/example_bash_operator.py
[2024-09-11T13:56:02.898+0000] {processor.py:925} INFO - DAG(s) 'example_bash_operator' retrieved from /home/airflow/.local/lib/python3.12/site-packages/airflow/example_dags/example_bash_operator.py
[2024-09-11T13:56:02.916+0000] {logging_mixin.py:190} INFO - [2024-09-11T13:56:02.916+0000] {dag.py:3229} INFO - Sync 1 DAGs
[2024-09-11T13:56:02.930+0000] {logging_mixin.py:190} INFO - [2024-09-11T13:56:02.930+0000] {dag.py:4156} INFO - Setting next_dagrun for example_bash_operator to 2024-09-10 00:00:00+00:00, run_after=2024-09-11 00:00:00+00:00
[2024-09-11T13:56:02.940+0000] {processor.py:208} INFO - Processing /home/airflow/.local/lib/python3.12/site-packages/airflow/example_dags/example_bash_operator.py took 0.066 seconds
[2024-09-11T13:56:33.258+0000] {processor.py:186} INFO - Started process (PID=1869) to work on /home/airflow/.local/lib/python3.12/site-packages/airflow/example_dags/example_bash_operator.py
[2024-09-11T13:56:33.260+0000] {processor.py:914} INFO - Processing file /home/airflow/.local/lib/python3.12/site-packages/airflow/example_dags/example_bash_operator.py for tasks to queue
[2024-09-11T13:56:33.262+0000] {logging_mixin.py:190} INFO - [2024-09-11T13:56:33.262+0000] {dagbag.py:587} INFO - Filling up the DagBag from /home/airflow/.local/lib/python3.12/site-packages/airflow/example_dags/example_bash_operator.py
[2024-09-11T13:56:33.275+0000] {processor.py:925} INFO - DAG(s) 'example_bash_operator' retrieved from /home/airflow/.local/lib/python3.12/site-packages/airflow/example_dags/example_bash_operator.py
[2024-09-11T13:56:33.293+0000] {logging_mixin.py:190} INFO - [2024-09-11T13:56:33.293+0000] {dag.py:3229} INFO - Sync 1 DAGs
[2024-09-11T13:56:33.309+0000] {logging_mixin.py:190} INFO - [2024-09-11T13:56:33.309+0000] {dag.py:4156} INFO - Setting next_dagrun for example_bash_operator to 2024-09-10 00:00:00+00:00, run_after=2024-09-11 00:00:00+00:00
[2024-09-11T13:56:33.318+0000] {processor.py:208} INFO - Processing /home/airflow/.local/lib/python3.12/site-packages/airflow/example_dags/example_bash_operator.py took 0.069 seconds
[2024-09-11T13:57:03.583+0000] {processor.py:186} INFO - Started process (PID=1925) to work on /home/airflow/.local/lib/python3.12/site-packages/airflow/example_dags/example_bash_operator.py
[2024-09-11T13:57:03.584+0000] {processor.py:914} INFO - Processing file /home/airflow/.local/lib/python3.12/site-packages/airflow/example_dags/example_bash_operator.py for tasks to queue
[2024-09-11T13:57:03.586+0000] {logging_mixin.py:190} INFO - [2024-09-11T13:57:03.585+0000] {dagbag.py:587} INFO - Filling up the DagBag from /home/airflow/.local/lib/python3.12/site-packages/airflow/example_dags/example_bash_operator.py
[2024-09-11T13:57:03.595+0000] {processor.py:925} INFO - DAG(s) 'example_bash_operator' retrieved from /home/airflow/.local/lib/python3.12/site-packages/airflow/example_dags/example_bash_operator.py
[2024-09-11T13:57:03.616+0000] {logging_mixin.py:190} INFO - [2024-09-11T13:57:03.616+0000] {dag.py:3229} INFO - Sync 1 DAGs
[2024-09-11T13:57:03.629+0000] {logging_mixin.py:190} INFO - [2024-09-11T13:57:03.629+0000] {dag.py:4156} INFO - Setting next_dagrun for example_bash_operator to 2024-09-10 00:00:00+00:00, run_after=2024-09-11 00:00:00+00:00
[2024-09-11T13:57:03.640+0000] {processor.py:208} INFO - Processing /home/airflow/.local/lib/python3.12/site-packages/airflow/example_dags/example_bash_operator.py took 0.065 seconds
[2024-09-11T13:57:33.924+0000] {processor.py:186} INFO - Started process (PID=1981) to work on /home/airflow/.local/lib/python3.12/site-packages/airflow/example_dags/example_bash_operator.py
[2024-09-11T13:57:33.925+0000] {processor.py:914} INFO - Processing file /home/airflow/.local/lib/python3.12/site-packages/airflow/example_dags/example_bash_operator.py for tasks to queue
[2024-09-11T13:57:33.928+0000] {logging_mixin.py:190} INFO - [2024-09-11T13:57:33.928+0000] {dagbag.py:587} INFO - Filling up the DagBag from /home/airflow/.local/lib/python3.12/site-packages/airflow/example_dags/example_bash_operator.py
[2024-09-11T13:57:33.939+0000] {processor.py:925} INFO - DAG(s) 'example_bash_operator' retrieved from /home/airflow/.local/lib/python3.12/site-packages/airflow/example_dags/example_bash_operator.py
[2024-09-11T13:57:33.956+0000] {logging_mixin.py:190} INFO - [2024-09-11T13:57:33.956+0000] {dag.py:3229} INFO - Sync 1 DAGs
[2024-09-11T13:57:33.971+0000] {logging_mixin.py:190} INFO - [2024-09-11T13:57:33.971+0000] {dag.py:4156} INFO - Setting next_dagrun for example_bash_operator to 2024-09-10 00:00:00+00:00, run_after=2024-09-11 00:00:00+00:00
[2024-09-11T13:57:33.980+0000] {processor.py:208} INFO - Processing /home/airflow/.local/lib/python3.12/site-packages/airflow/example_dags/example_bash_operator.py took 0.064 seconds
[2024-09-11T13:58:04.415+0000] {processor.py:186} INFO - Started process (PID=2037) to work on /home/airflow/.local/lib/python3.12/site-packages/airflow/example_dags/example_bash_operator.py
[2024-09-11T13:58:04.416+0000] {processor.py:914} INFO - Processing file /home/airflow/.local/lib/python3.12/site-packages/airflow/example_dags/example_bash_operator.py for tasks to queue
[2024-09-11T13:58:04.423+0000] {logging_mixin.py:190} INFO - [2024-09-11T13:58:04.422+0000] {dagbag.py:587} INFO - Filling up the DagBag from /home/airflow/.local/lib/python3.12/site-packages/airflow/example_dags/example_bash_operator.py
[2024-09-11T13:58:04.441+0000] {processor.py:925} INFO - DAG(s) 'example_bash_operator' retrieved from /home/airflow/.local/lib/python3.12/site-packages/airflow/example_dags/example_bash_operator.py
[2024-09-11T13:58:04.470+0000] {logging_mixin.py:190} INFO - [2024-09-11T13:58:04.469+0000] {dag.py:3229} INFO - Sync 1 DAGs
[2024-09-11T13:58:04.490+0000] {logging_mixin.py:190} INFO - [2024-09-11T13:58:04.490+0000] {dag.py:4156} INFO - Setting next_dagrun for example_bash_operator to 2024-09-10 00:00:00+00:00, run_after=2024-09-11 00:00:00+00:00
[2024-09-11T13:58:04.502+0000] {processor.py:208} INFO - Processing /home/airflow/.local/lib/python3.12/site-packages/airflow/example_dags/example_bash_operator.py took 0.097 seconds
