[2024-09-11T13:40:14.093+0000] {processor.py:186} INFO - Started process (PID=46) to work on /home/airflow/.local/lib/python3.12/site-packages/airflow/example_dags/example_dag_decorator.py
[2024-09-11T13:40:14.094+0000] {processor.py:914} INFO - Processing file /home/airflow/.local/lib/python3.12/site-packages/airflow/example_dags/example_dag_decorator.py for tasks to queue
[2024-09-11T13:40:14.097+0000] {logging_mixin.py:190} INFO - [2024-09-11T13:40:14.096+0000] {dagbag.py:587} INFO - Filling up the DagBag from /home/airflow/.local/lib/python3.12/site-packages/airflow/example_dags/example_dag_decorator.py
[2024-09-11T13:40:14.261+0000] {processor.py:925} INFO - DAG(s) 'example_dag_decorator' retrieved from /home/airflow/.local/lib/python3.12/site-packages/airflow/example_dags/example_dag_decorator.py
[2024-09-11T13:40:14.477+0000] {logging_mixin.py:190} INFO - [2024-09-11T13:40:14.476+0000] {override.py:1900} INFO - Created Permission View: can read on DAG:example_dag_decorator
[2024-09-11T13:40:14.580+0000] {logging_mixin.py:190} INFO - [2024-09-11T13:40:14.579+0000] {override.py:1900} INFO - Created Permission View: can delete on DAG:example_dag_decorator
[2024-09-11T13:40:14.593+0000] {logging_mixin.py:190} INFO - [2024-09-11T13:40:14.592+0000] {override.py:1900} INFO - Created Permission View: can edit on DAG:example_dag_decorator
[2024-09-11T13:40:14.603+0000] {logging_mixin.py:190} INFO - [2024-09-11T13:40:14.603+0000] {override.py:1900} INFO - Created Permission View: can read on DAG Run:example_dag_decorator
[2024-09-11T13:40:14.612+0000] {logging_mixin.py:190} INFO - [2024-09-11T13:40:14.612+0000] {override.py:1900} INFO - Created Permission View: can create on DAG Run:example_dag_decorator
[2024-09-11T13:40:14.618+0000] {logging_mixin.py:190} INFO - [2024-09-11T13:40:14.617+0000] {override.py:1900} INFO - Created Permission View: menu access on DAG Run:example_dag_decorator
[2024-09-11T13:40:14.629+0000] {logging_mixin.py:190} INFO - [2024-09-11T13:40:14.629+0000] {override.py:1900} INFO - Created Permission View: can delete on DAG Run:example_dag_decorator
[2024-09-11T13:40:14.630+0000] {logging_mixin.py:190} INFO - [2024-09-11T13:40:14.630+0000] {dag.py:3229} INFO - Sync 1 DAGs
[2024-09-11T13:40:14.649+0000] {logging_mixin.py:190} INFO - [2024-09-11T13:40:14.648+0000] {dag.py:3252} INFO - Creating ORM DAG for example_dag_decorator
[2024-09-11T13:40:14.651+0000] {logging_mixin.py:190} INFO - [2024-09-11T13:40:14.651+0000] {dag.py:4156} INFO - Setting next_dagrun for example_dag_decorator to None, run_after=None
[2024-09-11T13:40:14.682+0000] {processor.py:208} INFO - Processing /home/airflow/.local/lib/python3.12/site-packages/airflow/example_dags/example_dag_decorator.py took 0.595 seconds
[2024-09-11T13:40:45.426+0000] {processor.py:186} INFO - Started process (PID=102) to work on /home/airflow/.local/lib/python3.12/site-packages/airflow/example_dags/example_dag_decorator.py
[2024-09-11T13:40:45.428+0000] {processor.py:914} INFO - Processing file /home/airflow/.local/lib/python3.12/site-packages/airflow/example_dags/example_dag_decorator.py for tasks to queue
[2024-09-11T13:40:45.432+0000] {logging_mixin.py:190} INFO - [2024-09-11T13:40:45.432+0000] {dagbag.py:587} INFO - Filling up the DagBag from /home/airflow/.local/lib/python3.12/site-packages/airflow/example_dags/example_dag_decorator.py
[2024-09-11T13:40:45.443+0000] {processor.py:925} INFO - DAG(s) 'example_dag_decorator' retrieved from /home/airflow/.local/lib/python3.12/site-packages/airflow/example_dags/example_dag_decorator.py
[2024-09-11T13:40:45.627+0000] {logging_mixin.py:190} INFO - [2024-09-11T13:40:45.626+0000] {dag.py:3229} INFO - Sync 1 DAGs
[2024-09-11T13:40:45.638+0000] {logging_mixin.py:190} INFO - [2024-09-11T13:40:45.638+0000] {dag.py:4156} INFO - Setting next_dagrun for example_dag_decorator to None, run_after=None
[2024-09-11T13:40:45.791+0000] {processor.py:208} INFO - Processing /home/airflow/.local/lib/python3.12/site-packages/airflow/example_dags/example_dag_decorator.py took 0.371 seconds
[2024-09-11T13:41:16.689+0000] {processor.py:186} INFO - Started process (PID=158) to work on /home/airflow/.local/lib/python3.12/site-packages/airflow/example_dags/example_dag_decorator.py
[2024-09-11T13:41:16.691+0000] {processor.py:914} INFO - Processing file /home/airflow/.local/lib/python3.12/site-packages/airflow/example_dags/example_dag_decorator.py for tasks to queue
[2024-09-11T13:41:16.695+0000] {logging_mixin.py:190} INFO - [2024-09-11T13:41:16.694+0000] {dagbag.py:587} INFO - Filling up the DagBag from /home/airflow/.local/lib/python3.12/site-packages/airflow/example_dags/example_dag_decorator.py
[2024-09-11T13:41:16.724+0000] {processor.py:925} INFO - DAG(s) 'example_dag_decorator' retrieved from /home/airflow/.local/lib/python3.12/site-packages/airflow/example_dags/example_dag_decorator.py
[2024-09-11T13:41:16.884+0000] {logging_mixin.py:190} INFO - [2024-09-11T13:41:16.883+0000] {dag.py:3229} INFO - Sync 1 DAGs
[2024-09-11T13:41:16.895+0000] {logging_mixin.py:190} INFO - [2024-09-11T13:41:16.895+0000] {dag.py:4156} INFO - Setting next_dagrun for example_dag_decorator to None, run_after=None
[2024-09-11T13:41:16.911+0000] {processor.py:208} INFO - Processing /home/airflow/.local/lib/python3.12/site-packages/airflow/example_dags/example_dag_decorator.py took 0.231 seconds
[2024-09-11T13:41:47.224+0000] {processor.py:186} INFO - Started process (PID=214) to work on /home/airflow/.local/lib/python3.12/site-packages/airflow/example_dags/example_dag_decorator.py
[2024-09-11T13:41:47.225+0000] {processor.py:914} INFO - Processing file /home/airflow/.local/lib/python3.12/site-packages/airflow/example_dags/example_dag_decorator.py for tasks to queue
[2024-09-11T13:41:47.232+0000] {logging_mixin.py:190} INFO - [2024-09-11T13:41:47.231+0000] {dagbag.py:587} INFO - Filling up the DagBag from /home/airflow/.local/lib/python3.12/site-packages/airflow/example_dags/example_dag_decorator.py
[2024-09-11T13:41:47.240+0000] {processor.py:925} INFO - DAG(s) 'example_dag_decorator' retrieved from /home/airflow/.local/lib/python3.12/site-packages/airflow/example_dags/example_dag_decorator.py
[2024-09-11T13:41:47.311+0000] {logging_mixin.py:190} INFO - [2024-09-11T13:41:47.311+0000] {dag.py:3229} INFO - Sync 1 DAGs
[2024-09-11T13:41:47.317+0000] {logging_mixin.py:190} INFO - [2024-09-11T13:41:47.317+0000] {dag.py:4156} INFO - Setting next_dagrun for example_dag_decorator to None, run_after=None
[2024-09-11T13:41:47.327+0000] {processor.py:208} INFO - Processing /home/airflow/.local/lib/python3.12/site-packages/airflow/example_dags/example_dag_decorator.py took 0.107 seconds
[2024-09-11T13:42:17.717+0000] {processor.py:186} INFO - Started process (PID=270) to work on /home/airflow/.local/lib/python3.12/site-packages/airflow/example_dags/example_dag_decorator.py
[2024-09-11T13:42:17.718+0000] {processor.py:914} INFO - Processing file /home/airflow/.local/lib/python3.12/site-packages/airflow/example_dags/example_dag_decorator.py for tasks to queue
[2024-09-11T13:42:17.720+0000] {logging_mixin.py:190} INFO - [2024-09-11T13:42:17.720+0000] {dagbag.py:587} INFO - Filling up the DagBag from /home/airflow/.local/lib/python3.12/site-packages/airflow/example_dags/example_dag_decorator.py
[2024-09-11T13:42:17.731+0000] {processor.py:925} INFO - DAG(s) 'example_dag_decorator' retrieved from /home/airflow/.local/lib/python3.12/site-packages/airflow/example_dags/example_dag_decorator.py
[2024-09-11T13:42:17.791+0000] {logging_mixin.py:190} INFO - [2024-09-11T13:42:17.791+0000] {dag.py:3229} INFO - Sync 1 DAGs
[2024-09-11T13:42:17.798+0000] {logging_mixin.py:190} INFO - [2024-09-11T13:42:17.798+0000] {dag.py:4156} INFO - Setting next_dagrun for example_dag_decorator to None, run_after=None
[2024-09-11T13:42:17.807+0000] {processor.py:208} INFO - Processing /home/airflow/.local/lib/python3.12/site-packages/airflow/example_dags/example_dag_decorator.py took 0.097 seconds
[2024-09-11T13:42:47.898+0000] {processor.py:186} INFO - Started process (PID=326) to work on /home/airflow/.local/lib/python3.12/site-packages/airflow/example_dags/example_dag_decorator.py
[2024-09-11T13:42:47.899+0000] {processor.py:914} INFO - Processing file /home/airflow/.local/lib/python3.12/site-packages/airflow/example_dags/example_dag_decorator.py for tasks to queue
[2024-09-11T13:42:47.901+0000] {logging_mixin.py:190} INFO - [2024-09-11T13:42:47.901+0000] {dagbag.py:587} INFO - Filling up the DagBag from /home/airflow/.local/lib/python3.12/site-packages/airflow/example_dags/example_dag_decorator.py
[2024-09-11T13:42:47.910+0000] {processor.py:925} INFO - DAG(s) 'example_dag_decorator' retrieved from /home/airflow/.local/lib/python3.12/site-packages/airflow/example_dags/example_dag_decorator.py
[2024-09-11T13:42:47.924+0000] {logging_mixin.py:190} INFO - [2024-09-11T13:42:47.923+0000] {dag.py:3229} INFO - Sync 1 DAGs
[2024-09-11T13:42:47.931+0000] {logging_mixin.py:190} INFO - [2024-09-11T13:42:47.931+0000] {dag.py:4156} INFO - Setting next_dagrun for example_dag_decorator to None, run_after=None
[2024-09-11T13:42:47.939+0000] {processor.py:208} INFO - Processing /home/airflow/.local/lib/python3.12/site-packages/airflow/example_dags/example_dag_decorator.py took 0.046 seconds
[2024-09-11T13:43:18.187+0000] {processor.py:186} INFO - Started process (PID=382) to work on /home/airflow/.local/lib/python3.12/site-packages/airflow/example_dags/example_dag_decorator.py
[2024-09-11T13:43:18.188+0000] {processor.py:914} INFO - Processing file /home/airflow/.local/lib/python3.12/site-packages/airflow/example_dags/example_dag_decorator.py for tasks to queue
[2024-09-11T13:43:18.190+0000] {logging_mixin.py:190} INFO - [2024-09-11T13:43:18.189+0000] {dagbag.py:587} INFO - Filling up the DagBag from /home/airflow/.local/lib/python3.12/site-packages/airflow/example_dags/example_dag_decorator.py
[2024-09-11T13:43:18.199+0000] {processor.py:925} INFO - DAG(s) 'example_dag_decorator' retrieved from /home/airflow/.local/lib/python3.12/site-packages/airflow/example_dags/example_dag_decorator.py
[2024-09-11T13:43:18.256+0000] {logging_mixin.py:190} INFO - [2024-09-11T13:43:18.256+0000] {dag.py:3229} INFO - Sync 1 DAGs
[2024-09-11T13:43:18.261+0000] {logging_mixin.py:190} INFO - [2024-09-11T13:43:18.261+0000] {dag.py:4156} INFO - Setting next_dagrun for example_dag_decorator to None, run_after=None
[2024-09-11T13:43:18.271+0000] {processor.py:208} INFO - Processing /home/airflow/.local/lib/python3.12/site-packages/airflow/example_dags/example_dag_decorator.py took 0.089 seconds
[2024-09-11T13:43:48.360+0000] {processor.py:186} INFO - Started process (PID=438) to work on /home/airflow/.local/lib/python3.12/site-packages/airflow/example_dags/example_dag_decorator.py
[2024-09-11T13:43:48.362+0000] {processor.py:914} INFO - Processing file /home/airflow/.local/lib/python3.12/site-packages/airflow/example_dags/example_dag_decorator.py for tasks to queue
[2024-09-11T13:43:48.365+0000] {logging_mixin.py:190} INFO - [2024-09-11T13:43:48.364+0000] {dagbag.py:587} INFO - Filling up the DagBag from /home/airflow/.local/lib/python3.12/site-packages/airflow/example_dags/example_dag_decorator.py
[2024-09-11T13:43:48.374+0000] {processor.py:925} INFO - DAG(s) 'example_dag_decorator' retrieved from /home/airflow/.local/lib/python3.12/site-packages/airflow/example_dags/example_dag_decorator.py
[2024-09-11T13:43:48.432+0000] {logging_mixin.py:190} INFO - [2024-09-11T13:43:48.432+0000] {dag.py:3229} INFO - Sync 1 DAGs
[2024-09-11T13:43:48.438+0000] {logging_mixin.py:190} INFO - [2024-09-11T13:43:48.438+0000] {dag.py:4156} INFO - Setting next_dagrun for example_dag_decorator to None, run_after=None
[2024-09-11T13:43:48.445+0000] {processor.py:208} INFO - Processing /home/airflow/.local/lib/python3.12/site-packages/airflow/example_dags/example_dag_decorator.py took 0.091 seconds
[2024-09-11T13:44:18.620+0000] {processor.py:186} INFO - Started process (PID=494) to work on /home/airflow/.local/lib/python3.12/site-packages/airflow/example_dags/example_dag_decorator.py
[2024-09-11T13:44:18.621+0000] {processor.py:914} INFO - Processing file /home/airflow/.local/lib/python3.12/site-packages/airflow/example_dags/example_dag_decorator.py for tasks to queue
[2024-09-11T13:44:18.624+0000] {logging_mixin.py:190} INFO - [2024-09-11T13:44:18.624+0000] {dagbag.py:587} INFO - Filling up the DagBag from /home/airflow/.local/lib/python3.12/site-packages/airflow/example_dags/example_dag_decorator.py
[2024-09-11T13:44:18.635+0000] {processor.py:925} INFO - DAG(s) 'example_dag_decorator' retrieved from /home/airflow/.local/lib/python3.12/site-packages/airflow/example_dags/example_dag_decorator.py
[2024-09-11T13:44:18.695+0000] {logging_mixin.py:190} INFO - [2024-09-11T13:44:18.695+0000] {dag.py:3229} INFO - Sync 1 DAGs
[2024-09-11T13:44:18.701+0000] {logging_mixin.py:190} INFO - [2024-09-11T13:44:18.701+0000] {dag.py:4156} INFO - Setting next_dagrun for example_dag_decorator to None, run_after=None
[2024-09-11T13:44:18.709+0000] {processor.py:208} INFO - Processing /home/airflow/.local/lib/python3.12/site-packages/airflow/example_dags/example_dag_decorator.py took 0.096 seconds
[2024-09-11T13:44:48.876+0000] {processor.py:186} INFO - Started process (PID=550) to work on /home/airflow/.local/lib/python3.12/site-packages/airflow/example_dags/example_dag_decorator.py
[2024-09-11T13:44:48.878+0000] {processor.py:914} INFO - Processing file /home/airflow/.local/lib/python3.12/site-packages/airflow/example_dags/example_dag_decorator.py for tasks to queue
[2024-09-11T13:44:48.880+0000] {logging_mixin.py:190} INFO - [2024-09-11T13:44:48.880+0000] {dagbag.py:587} INFO - Filling up the DagBag from /home/airflow/.local/lib/python3.12/site-packages/airflow/example_dags/example_dag_decorator.py
[2024-09-11T13:44:48.891+0000] {processor.py:925} INFO - DAG(s) 'example_dag_decorator' retrieved from /home/airflow/.local/lib/python3.12/site-packages/airflow/example_dags/example_dag_decorator.py
[2024-09-11T13:44:48.951+0000] {logging_mixin.py:190} INFO - [2024-09-11T13:44:48.951+0000] {dag.py:3229} INFO - Sync 1 DAGs
[2024-09-11T13:44:48.957+0000] {logging_mixin.py:190} INFO - [2024-09-11T13:44:48.957+0000] {dag.py:4156} INFO - Setting next_dagrun for example_dag_decorator to None, run_after=None
[2024-09-11T13:44:48.965+0000] {processor.py:208} INFO - Processing /home/airflow/.local/lib/python3.12/site-packages/airflow/example_dags/example_dag_decorator.py took 0.097 seconds
[2024-09-11T13:45:19.151+0000] {processor.py:186} INFO - Started process (PID=606) to work on /home/airflow/.local/lib/python3.12/site-packages/airflow/example_dags/example_dag_decorator.py
[2024-09-11T13:45:19.152+0000] {processor.py:914} INFO - Processing file /home/airflow/.local/lib/python3.12/site-packages/airflow/example_dags/example_dag_decorator.py for tasks to queue
[2024-09-11T13:45:19.155+0000] {logging_mixin.py:190} INFO - [2024-09-11T13:45:19.155+0000] {dagbag.py:587} INFO - Filling up the DagBag from /home/airflow/.local/lib/python3.12/site-packages/airflow/example_dags/example_dag_decorator.py
[2024-09-11T13:45:19.164+0000] {processor.py:925} INFO - DAG(s) 'example_dag_decorator' retrieved from /home/airflow/.local/lib/python3.12/site-packages/airflow/example_dags/example_dag_decorator.py
[2024-09-11T13:45:19.239+0000] {logging_mixin.py:190} INFO - [2024-09-11T13:45:19.238+0000] {dag.py:3229} INFO - Sync 1 DAGs
[2024-09-11T13:45:19.245+0000] {logging_mixin.py:190} INFO - [2024-09-11T13:45:19.244+0000] {dag.py:4156} INFO - Setting next_dagrun for example_dag_decorator to None, run_after=None
[2024-09-11T13:45:19.253+0000] {processor.py:208} INFO - Processing /home/airflow/.local/lib/python3.12/site-packages/airflow/example_dags/example_dag_decorator.py took 0.108 seconds
[2024-09-11T13:45:49.326+0000] {processor.py:186} INFO - Started process (PID=662) to work on /home/airflow/.local/lib/python3.12/site-packages/airflow/example_dags/example_dag_decorator.py
[2024-09-11T13:45:49.327+0000] {processor.py:914} INFO - Processing file /home/airflow/.local/lib/python3.12/site-packages/airflow/example_dags/example_dag_decorator.py for tasks to queue
[2024-09-11T13:45:49.329+0000] {logging_mixin.py:190} INFO - [2024-09-11T13:45:49.328+0000] {dagbag.py:587} INFO - Filling up the DagBag from /home/airflow/.local/lib/python3.12/site-packages/airflow/example_dags/example_dag_decorator.py
[2024-09-11T13:45:49.337+0000] {processor.py:925} INFO - DAG(s) 'example_dag_decorator' retrieved from /home/airflow/.local/lib/python3.12/site-packages/airflow/example_dags/example_dag_decorator.py
[2024-09-11T13:45:49.416+0000] {logging_mixin.py:190} INFO - [2024-09-11T13:45:49.415+0000] {dag.py:3229} INFO - Sync 1 DAGs
[2024-09-11T13:45:49.422+0000] {logging_mixin.py:190} INFO - [2024-09-11T13:45:49.422+0000] {dag.py:4156} INFO - Setting next_dagrun for example_dag_decorator to None, run_after=None
[2024-09-11T13:45:49.431+0000] {processor.py:208} INFO - Processing /home/airflow/.local/lib/python3.12/site-packages/airflow/example_dags/example_dag_decorator.py took 0.108 seconds
[2024-09-11T13:46:19.483+0000] {processor.py:186} INFO - Started process (PID=718) to work on /home/airflow/.local/lib/python3.12/site-packages/airflow/example_dags/example_dag_decorator.py
[2024-09-11T13:46:19.484+0000] {processor.py:914} INFO - Processing file /home/airflow/.local/lib/python3.12/site-packages/airflow/example_dags/example_dag_decorator.py for tasks to queue
[2024-09-11T13:46:19.487+0000] {logging_mixin.py:190} INFO - [2024-09-11T13:46:19.487+0000] {dagbag.py:587} INFO - Filling up the DagBag from /home/airflow/.local/lib/python3.12/site-packages/airflow/example_dags/example_dag_decorator.py
[2024-09-11T13:46:19.499+0000] {processor.py:925} INFO - DAG(s) 'example_dag_decorator' retrieved from /home/airflow/.local/lib/python3.12/site-packages/airflow/example_dags/example_dag_decorator.py
[2024-09-11T13:46:19.560+0000] {logging_mixin.py:190} INFO - [2024-09-11T13:46:19.560+0000] {dag.py:3229} INFO - Sync 1 DAGs
[2024-09-11T13:46:19.567+0000] {logging_mixin.py:190} INFO - [2024-09-11T13:46:19.566+0000] {dag.py:4156} INFO - Setting next_dagrun for example_dag_decorator to None, run_after=None
[2024-09-11T13:46:19.575+0000] {processor.py:208} INFO - Processing /home/airflow/.local/lib/python3.12/site-packages/airflow/example_dags/example_dag_decorator.py took 0.100 seconds
[2024-09-11T13:46:49.842+0000] {processor.py:186} INFO - Started process (PID=774) to work on /home/airflow/.local/lib/python3.12/site-packages/airflow/example_dags/example_dag_decorator.py
[2024-09-11T13:46:49.843+0000] {processor.py:914} INFO - Processing file /home/airflow/.local/lib/python3.12/site-packages/airflow/example_dags/example_dag_decorator.py for tasks to queue
[2024-09-11T13:46:49.846+0000] {logging_mixin.py:190} INFO - [2024-09-11T13:46:49.846+0000] {dagbag.py:587} INFO - Filling up the DagBag from /home/airflow/.local/lib/python3.12/site-packages/airflow/example_dags/example_dag_decorator.py
[2024-09-11T13:46:49.858+0000] {processor.py:925} INFO - DAG(s) 'example_dag_decorator' retrieved from /home/airflow/.local/lib/python3.12/site-packages/airflow/example_dags/example_dag_decorator.py
[2024-09-11T13:46:49.923+0000] {logging_mixin.py:190} INFO - [2024-09-11T13:46:49.923+0000] {dag.py:3229} INFO - Sync 1 DAGs
[2024-09-11T13:46:49.932+0000] {logging_mixin.py:190} INFO - [2024-09-11T13:46:49.932+0000] {dag.py:4156} INFO - Setting next_dagrun for example_dag_decorator to None, run_after=None
[2024-09-11T13:46:49.941+0000] {processor.py:208} INFO - Processing /home/airflow/.local/lib/python3.12/site-packages/airflow/example_dags/example_dag_decorator.py took 0.105 seconds
[2024-09-11T13:47:20.015+0000] {processor.py:186} INFO - Started process (PID=830) to work on /home/airflow/.local/lib/python3.12/site-packages/airflow/example_dags/example_dag_decorator.py
[2024-09-11T13:47:20.016+0000] {processor.py:914} INFO - Processing file /home/airflow/.local/lib/python3.12/site-packages/airflow/example_dags/example_dag_decorator.py for tasks to queue
[2024-09-11T13:47:20.018+0000] {logging_mixin.py:190} INFO - [2024-09-11T13:47:20.018+0000] {dagbag.py:587} INFO - Filling up the DagBag from /home/airflow/.local/lib/python3.12/site-packages/airflow/example_dags/example_dag_decorator.py
[2024-09-11T13:47:20.029+0000] {processor.py:925} INFO - DAG(s) 'example_dag_decorator' retrieved from /home/airflow/.local/lib/python3.12/site-packages/airflow/example_dags/example_dag_decorator.py
[2024-09-11T13:47:20.092+0000] {logging_mixin.py:190} INFO - [2024-09-11T13:47:20.092+0000] {dag.py:3229} INFO - Sync 1 DAGs
[2024-09-11T13:47:20.098+0000] {logging_mixin.py:190} INFO - [2024-09-11T13:47:20.098+0000] {dag.py:4156} INFO - Setting next_dagrun for example_dag_decorator to None, run_after=None
[2024-09-11T13:47:20.107+0000] {processor.py:208} INFO - Processing /home/airflow/.local/lib/python3.12/site-packages/airflow/example_dags/example_dag_decorator.py took 0.099 seconds
[2024-09-11T13:47:50.238+0000] {processor.py:186} INFO - Started process (PID=886) to work on /home/airflow/.local/lib/python3.12/site-packages/airflow/example_dags/example_dag_decorator.py
[2024-09-11T13:47:50.239+0000] {processor.py:914} INFO - Processing file /home/airflow/.local/lib/python3.12/site-packages/airflow/example_dags/example_dag_decorator.py for tasks to queue
[2024-09-11T13:47:50.241+0000] {logging_mixin.py:190} INFO - [2024-09-11T13:47:50.241+0000] {dagbag.py:587} INFO - Filling up the DagBag from /home/airflow/.local/lib/python3.12/site-packages/airflow/example_dags/example_dag_decorator.py
[2024-09-11T13:47:50.252+0000] {processor.py:925} INFO - DAG(s) 'example_dag_decorator' retrieved from /home/airflow/.local/lib/python3.12/site-packages/airflow/example_dags/example_dag_decorator.py
[2024-09-11T13:47:50.313+0000] {logging_mixin.py:190} INFO - [2024-09-11T13:47:50.313+0000] {dag.py:3229} INFO - Sync 1 DAGs
[2024-09-11T13:47:50.320+0000] {logging_mixin.py:190} INFO - [2024-09-11T13:47:50.320+0000] {dag.py:4156} INFO - Setting next_dagrun for example_dag_decorator to None, run_after=None
[2024-09-11T13:47:50.329+0000] {processor.py:208} INFO - Processing /home/airflow/.local/lib/python3.12/site-packages/airflow/example_dags/example_dag_decorator.py took 0.097 seconds
[2024-09-11T13:48:20.400+0000] {processor.py:186} INFO - Started process (PID=942) to work on /home/airflow/.local/lib/python3.12/site-packages/airflow/example_dags/example_dag_decorator.py
[2024-09-11T13:48:20.402+0000] {processor.py:914} INFO - Processing file /home/airflow/.local/lib/python3.12/site-packages/airflow/example_dags/example_dag_decorator.py for tasks to queue
[2024-09-11T13:48:20.406+0000] {logging_mixin.py:190} INFO - [2024-09-11T13:48:20.405+0000] {dagbag.py:587} INFO - Filling up the DagBag from /home/airflow/.local/lib/python3.12/site-packages/airflow/example_dags/example_dag_decorator.py
[2024-09-11T13:48:20.416+0000] {processor.py:925} INFO - DAG(s) 'example_dag_decorator' retrieved from /home/airflow/.local/lib/python3.12/site-packages/airflow/example_dags/example_dag_decorator.py
[2024-09-11T13:48:20.481+0000] {logging_mixin.py:190} INFO - [2024-09-11T13:48:20.481+0000] {dag.py:3229} INFO - Sync 1 DAGs
[2024-09-11T13:48:20.486+0000] {logging_mixin.py:190} INFO - [2024-09-11T13:48:20.486+0000] {dag.py:4156} INFO - Setting next_dagrun for example_dag_decorator to None, run_after=None
[2024-09-11T13:48:20.496+0000] {processor.py:208} INFO - Processing /home/airflow/.local/lib/python3.12/site-packages/airflow/example_dags/example_dag_decorator.py took 0.103 seconds
[2024-09-11T13:48:50.725+0000] {processor.py:186} INFO - Started process (PID=998) to work on /home/airflow/.local/lib/python3.12/site-packages/airflow/example_dags/example_dag_decorator.py
[2024-09-11T13:48:50.726+0000] {processor.py:914} INFO - Processing file /home/airflow/.local/lib/python3.12/site-packages/airflow/example_dags/example_dag_decorator.py for tasks to queue
[2024-09-11T13:48:50.728+0000] {logging_mixin.py:190} INFO - [2024-09-11T13:48:50.728+0000] {dagbag.py:587} INFO - Filling up the DagBag from /home/airflow/.local/lib/python3.12/site-packages/airflow/example_dags/example_dag_decorator.py
[2024-09-11T13:48:50.739+0000] {processor.py:925} INFO - DAG(s) 'example_dag_decorator' retrieved from /home/airflow/.local/lib/python3.12/site-packages/airflow/example_dags/example_dag_decorator.py
[2024-09-11T13:48:50.802+0000] {logging_mixin.py:190} INFO - [2024-09-11T13:48:50.802+0000] {dag.py:3229} INFO - Sync 1 DAGs
[2024-09-11T13:48:50.810+0000] {logging_mixin.py:190} INFO - [2024-09-11T13:48:50.810+0000] {dag.py:4156} INFO - Setting next_dagrun for example_dag_decorator to None, run_after=None
[2024-09-11T13:48:50.818+0000] {processor.py:208} INFO - Processing /home/airflow/.local/lib/python3.12/site-packages/airflow/example_dags/example_dag_decorator.py took 0.100 seconds
[2024-09-11T13:49:20.861+0000] {processor.py:186} INFO - Started process (PID=1054) to work on /home/airflow/.local/lib/python3.12/site-packages/airflow/example_dags/example_dag_decorator.py
[2024-09-11T13:49:20.862+0000] {processor.py:914} INFO - Processing file /home/airflow/.local/lib/python3.12/site-packages/airflow/example_dags/example_dag_decorator.py for tasks to queue
[2024-09-11T13:49:20.864+0000] {logging_mixin.py:190} INFO - [2024-09-11T13:49:20.864+0000] {dagbag.py:587} INFO - Filling up the DagBag from /home/airflow/.local/lib/python3.12/site-packages/airflow/example_dags/example_dag_decorator.py
[2024-09-11T13:49:20.874+0000] {processor.py:925} INFO - DAG(s) 'example_dag_decorator' retrieved from /home/airflow/.local/lib/python3.12/site-packages/airflow/example_dags/example_dag_decorator.py
[2024-09-11T13:49:20.933+0000] {logging_mixin.py:190} INFO - [2024-09-11T13:49:20.932+0000] {dag.py:3229} INFO - Sync 1 DAGs
[2024-09-11T13:49:20.939+0000] {logging_mixin.py:190} INFO - [2024-09-11T13:49:20.939+0000] {dag.py:4156} INFO - Setting next_dagrun for example_dag_decorator to None, run_after=None
[2024-09-11T13:49:20.947+0000] {processor.py:208} INFO - Processing /home/airflow/.local/lib/python3.12/site-packages/airflow/example_dags/example_dag_decorator.py took 0.092 seconds
[2024-09-11T13:49:51.093+0000] {processor.py:186} INFO - Started process (PID=1110) to work on /home/airflow/.local/lib/python3.12/site-packages/airflow/example_dags/example_dag_decorator.py
[2024-09-11T13:49:51.093+0000] {processor.py:914} INFO - Processing file /home/airflow/.local/lib/python3.12/site-packages/airflow/example_dags/example_dag_decorator.py for tasks to queue
[2024-09-11T13:49:51.095+0000] {logging_mixin.py:190} INFO - [2024-09-11T13:49:51.095+0000] {dagbag.py:587} INFO - Filling up the DagBag from /home/airflow/.local/lib/python3.12/site-packages/airflow/example_dags/example_dag_decorator.py
[2024-09-11T13:49:51.104+0000] {processor.py:925} INFO - DAG(s) 'example_dag_decorator' retrieved from /home/airflow/.local/lib/python3.12/site-packages/airflow/example_dags/example_dag_decorator.py
[2024-09-11T13:49:51.167+0000] {logging_mixin.py:190} INFO - [2024-09-11T13:49:51.167+0000] {dag.py:3229} INFO - Sync 1 DAGs
[2024-09-11T13:49:51.173+0000] {logging_mixin.py:190} INFO - [2024-09-11T13:49:51.173+0000] {dag.py:4156} INFO - Setting next_dagrun for example_dag_decorator to None, run_after=None
[2024-09-11T13:49:51.183+0000] {processor.py:208} INFO - Processing /home/airflow/.local/lib/python3.12/site-packages/airflow/example_dags/example_dag_decorator.py took 0.094 seconds
[2024-09-11T13:50:21.454+0000] {processor.py:186} INFO - Started process (PID=1166) to work on /home/airflow/.local/lib/python3.12/site-packages/airflow/example_dags/example_dag_decorator.py
[2024-09-11T13:50:21.455+0000] {processor.py:914} INFO - Processing file /home/airflow/.local/lib/python3.12/site-packages/airflow/example_dags/example_dag_decorator.py for tasks to queue
[2024-09-11T13:50:21.457+0000] {logging_mixin.py:190} INFO - [2024-09-11T13:50:21.457+0000] {dagbag.py:587} INFO - Filling up the DagBag from /home/airflow/.local/lib/python3.12/site-packages/airflow/example_dags/example_dag_decorator.py
[2024-09-11T13:50:21.467+0000] {processor.py:925} INFO - DAG(s) 'example_dag_decorator' retrieved from /home/airflow/.local/lib/python3.12/site-packages/airflow/example_dags/example_dag_decorator.py
[2024-09-11T13:50:21.537+0000] {logging_mixin.py:190} INFO - [2024-09-11T13:50:21.536+0000] {dag.py:3229} INFO - Sync 1 DAGs
[2024-09-11T13:50:21.542+0000] {logging_mixin.py:190} INFO - [2024-09-11T13:50:21.542+0000] {dag.py:4156} INFO - Setting next_dagrun for example_dag_decorator to None, run_after=None
[2024-09-11T13:50:21.550+0000] {processor.py:208} INFO - Processing /home/airflow/.local/lib/python3.12/site-packages/airflow/example_dags/example_dag_decorator.py took 0.102 seconds
[2024-09-11T13:50:51.766+0000] {processor.py:186} INFO - Started process (PID=1222) to work on /home/airflow/.local/lib/python3.12/site-packages/airflow/example_dags/example_dag_decorator.py
[2024-09-11T13:50:51.766+0000] {processor.py:914} INFO - Processing file /home/airflow/.local/lib/python3.12/site-packages/airflow/example_dags/example_dag_decorator.py for tasks to queue
[2024-09-11T13:50:51.768+0000] {logging_mixin.py:190} INFO - [2024-09-11T13:50:51.768+0000] {dagbag.py:587} INFO - Filling up the DagBag from /home/airflow/.local/lib/python3.12/site-packages/airflow/example_dags/example_dag_decorator.py
[2024-09-11T13:50:51.776+0000] {processor.py:925} INFO - DAG(s) 'example_dag_decorator' retrieved from /home/airflow/.local/lib/python3.12/site-packages/airflow/example_dags/example_dag_decorator.py
[2024-09-11T13:50:51.831+0000] {logging_mixin.py:190} INFO - [2024-09-11T13:50:51.831+0000] {dag.py:3229} INFO - Sync 1 DAGs
[2024-09-11T13:50:51.837+0000] {logging_mixin.py:190} INFO - [2024-09-11T13:50:51.837+0000] {dag.py:4156} INFO - Setting next_dagrun for example_dag_decorator to None, run_after=None
[2024-09-11T13:50:51.845+0000] {processor.py:208} INFO - Processing /home/airflow/.local/lib/python3.12/site-packages/airflow/example_dags/example_dag_decorator.py took 0.084 seconds
[2024-09-11T13:51:21.872+0000] {processor.py:186} INFO - Started process (PID=1278) to work on /home/airflow/.local/lib/python3.12/site-packages/airflow/example_dags/example_dag_decorator.py
[2024-09-11T13:51:21.873+0000] {processor.py:914} INFO - Processing file /home/airflow/.local/lib/python3.12/site-packages/airflow/example_dags/example_dag_decorator.py for tasks to queue
[2024-09-11T13:51:21.875+0000] {logging_mixin.py:190} INFO - [2024-09-11T13:51:21.875+0000] {dagbag.py:587} INFO - Filling up the DagBag from /home/airflow/.local/lib/python3.12/site-packages/airflow/example_dags/example_dag_decorator.py
[2024-09-11T13:51:21.886+0000] {processor.py:925} INFO - DAG(s) 'example_dag_decorator' retrieved from /home/airflow/.local/lib/python3.12/site-packages/airflow/example_dags/example_dag_decorator.py
[2024-09-11T13:51:21.952+0000] {logging_mixin.py:190} INFO - [2024-09-11T13:51:21.952+0000] {dag.py:3229} INFO - Sync 1 DAGs
[2024-09-11T13:51:21.958+0000] {logging_mixin.py:190} INFO - [2024-09-11T13:51:21.958+0000] {dag.py:4156} INFO - Setting next_dagrun for example_dag_decorator to None, run_after=None
[2024-09-11T13:51:21.966+0000] {processor.py:208} INFO - Processing /home/airflow/.local/lib/python3.12/site-packages/airflow/example_dags/example_dag_decorator.py took 0.100 seconds
[2024-09-11T13:51:52.157+0000] {processor.py:186} INFO - Started process (PID=1334) to work on /home/airflow/.local/lib/python3.12/site-packages/airflow/example_dags/example_dag_decorator.py
[2024-09-11T13:51:52.159+0000] {processor.py:914} INFO - Processing file /home/airflow/.local/lib/python3.12/site-packages/airflow/example_dags/example_dag_decorator.py for tasks to queue
[2024-09-11T13:51:52.162+0000] {logging_mixin.py:190} INFO - [2024-09-11T13:51:52.161+0000] {dagbag.py:587} INFO - Filling up the DagBag from /home/airflow/.local/lib/python3.12/site-packages/airflow/example_dags/example_dag_decorator.py
[2024-09-11T13:51:52.173+0000] {processor.py:925} INFO - DAG(s) 'example_dag_decorator' retrieved from /home/airflow/.local/lib/python3.12/site-packages/airflow/example_dags/example_dag_decorator.py
[2024-09-11T13:51:52.235+0000] {logging_mixin.py:190} INFO - [2024-09-11T13:51:52.235+0000] {dag.py:3229} INFO - Sync 1 DAGs
[2024-09-11T13:51:52.241+0000] {logging_mixin.py:190} INFO - [2024-09-11T13:51:52.241+0000] {dag.py:4156} INFO - Setting next_dagrun for example_dag_decorator to None, run_after=None
[2024-09-11T13:51:52.250+0000] {processor.py:208} INFO - Processing /home/airflow/.local/lib/python3.12/site-packages/airflow/example_dags/example_dag_decorator.py took 0.100 seconds
[2024-09-11T13:52:22.372+0000] {processor.py:186} INFO - Started process (PID=1390) to work on /home/airflow/.local/lib/python3.12/site-packages/airflow/example_dags/example_dag_decorator.py
[2024-09-11T13:52:22.373+0000] {processor.py:914} INFO - Processing file /home/airflow/.local/lib/python3.12/site-packages/airflow/example_dags/example_dag_decorator.py for tasks to queue
[2024-09-11T13:52:22.376+0000] {logging_mixin.py:190} INFO - [2024-09-11T13:52:22.375+0000] {dagbag.py:587} INFO - Filling up the DagBag from /home/airflow/.local/lib/python3.12/site-packages/airflow/example_dags/example_dag_decorator.py
[2024-09-11T13:52:22.387+0000] {processor.py:925} INFO - DAG(s) 'example_dag_decorator' retrieved from /home/airflow/.local/lib/python3.12/site-packages/airflow/example_dags/example_dag_decorator.py
[2024-09-11T13:52:22.454+0000] {logging_mixin.py:190} INFO - [2024-09-11T13:52:22.454+0000] {dag.py:3229} INFO - Sync 1 DAGs
[2024-09-11T13:52:22.461+0000] {logging_mixin.py:190} INFO - [2024-09-11T13:52:22.461+0000] {dag.py:4156} INFO - Setting next_dagrun for example_dag_decorator to None, run_after=None
[2024-09-11T13:52:22.470+0000] {processor.py:208} INFO - Processing /home/airflow/.local/lib/python3.12/site-packages/airflow/example_dags/example_dag_decorator.py took 0.105 seconds
[2024-09-11T13:52:53.112+0000] {processor.py:186} INFO - Started process (PID=1446) to work on /home/airflow/.local/lib/python3.12/site-packages/airflow/example_dags/example_dag_decorator.py
[2024-09-11T13:52:53.113+0000] {processor.py:914} INFO - Processing file /home/airflow/.local/lib/python3.12/site-packages/airflow/example_dags/example_dag_decorator.py for tasks to queue
[2024-09-11T13:52:53.116+0000] {logging_mixin.py:190} INFO - [2024-09-11T13:52:53.116+0000] {dagbag.py:587} INFO - Filling up the DagBag from /home/airflow/.local/lib/python3.12/site-packages/airflow/example_dags/example_dag_decorator.py
[2024-09-11T13:52:53.133+0000] {processor.py:925} INFO - DAG(s) 'example_dag_decorator' retrieved from /home/airflow/.local/lib/python3.12/site-packages/airflow/example_dags/example_dag_decorator.py
[2024-09-11T13:52:53.207+0000] {logging_mixin.py:190} INFO - [2024-09-11T13:52:53.207+0000] {dag.py:3229} INFO - Sync 1 DAGs
[2024-09-11T13:52:53.214+0000] {logging_mixin.py:190} INFO - [2024-09-11T13:52:53.214+0000] {dag.py:4156} INFO - Setting next_dagrun for example_dag_decorator to None, run_after=None
[2024-09-11T13:52:53.224+0000] {processor.py:208} INFO - Processing /home/airflow/.local/lib/python3.12/site-packages/airflow/example_dags/example_dag_decorator.py took 0.118 seconds
[2024-09-11T13:53:23.592+0000] {processor.py:186} INFO - Started process (PID=1502) to work on /home/airflow/.local/lib/python3.12/site-packages/airflow/example_dags/example_dag_decorator.py
[2024-09-11T13:53:23.593+0000] {processor.py:914} INFO - Processing file /home/airflow/.local/lib/python3.12/site-packages/airflow/example_dags/example_dag_decorator.py for tasks to queue
[2024-09-11T13:53:23.597+0000] {logging_mixin.py:190} INFO - [2024-09-11T13:53:23.596+0000] {dagbag.py:587} INFO - Filling up the DagBag from /home/airflow/.local/lib/python3.12/site-packages/airflow/example_dags/example_dag_decorator.py
[2024-09-11T13:53:23.609+0000] {processor.py:925} INFO - DAG(s) 'example_dag_decorator' retrieved from /home/airflow/.local/lib/python3.12/site-packages/airflow/example_dags/example_dag_decorator.py
[2024-09-11T13:53:23.676+0000] {logging_mixin.py:190} INFO - [2024-09-11T13:53:23.676+0000] {dag.py:3229} INFO - Sync 1 DAGs
[2024-09-11T13:53:23.683+0000] {logging_mixin.py:190} INFO - [2024-09-11T13:53:23.683+0000] {dag.py:4156} INFO - Setting next_dagrun for example_dag_decorator to None, run_after=None
[2024-09-11T13:53:23.692+0000] {processor.py:208} INFO - Processing /home/airflow/.local/lib/python3.12/site-packages/airflow/example_dags/example_dag_decorator.py took 0.107 seconds
[2024-09-11T13:53:54.200+0000] {processor.py:186} INFO - Started process (PID=1558) to work on /home/airflow/.local/lib/python3.12/site-packages/airflow/example_dags/example_dag_decorator.py
[2024-09-11T13:53:54.201+0000] {processor.py:914} INFO - Processing file /home/airflow/.local/lib/python3.12/site-packages/airflow/example_dags/example_dag_decorator.py for tasks to queue
[2024-09-11T13:53:54.204+0000] {logging_mixin.py:190} INFO - [2024-09-11T13:53:54.203+0000] {dagbag.py:587} INFO - Filling up the DagBag from /home/airflow/.local/lib/python3.12/site-packages/airflow/example_dags/example_dag_decorator.py
[2024-09-11T13:53:54.215+0000] {processor.py:925} INFO - DAG(s) 'example_dag_decorator' retrieved from /home/airflow/.local/lib/python3.12/site-packages/airflow/example_dags/example_dag_decorator.py
[2024-09-11T13:53:54.231+0000] {logging_mixin.py:190} INFO - [2024-09-11T13:53:54.231+0000] {dag.py:3229} INFO - Sync 1 DAGs
[2024-09-11T13:53:54.240+0000] {logging_mixin.py:190} INFO - [2024-09-11T13:53:54.240+0000] {dag.py:4156} INFO - Setting next_dagrun for example_dag_decorator to None, run_after=None
[2024-09-11T13:53:54.249+0000] {processor.py:208} INFO - Processing /home/airflow/.local/lib/python3.12/site-packages/airflow/example_dags/example_dag_decorator.py took 0.057 seconds
[2024-09-11T13:54:24.701+0000] {processor.py:186} INFO - Started process (PID=1614) to work on /home/airflow/.local/lib/python3.12/site-packages/airflow/example_dags/example_dag_decorator.py
[2024-09-11T13:54:24.702+0000] {processor.py:914} INFO - Processing file /home/airflow/.local/lib/python3.12/site-packages/airflow/example_dags/example_dag_decorator.py for tasks to queue
[2024-09-11T13:54:24.705+0000] {logging_mixin.py:190} INFO - [2024-09-11T13:54:24.704+0000] {dagbag.py:587} INFO - Filling up the DagBag from /home/airflow/.local/lib/python3.12/site-packages/airflow/example_dags/example_dag_decorator.py
[2024-09-11T13:54:24.716+0000] {processor.py:925} INFO - DAG(s) 'example_dag_decorator' retrieved from /home/airflow/.local/lib/python3.12/site-packages/airflow/example_dags/example_dag_decorator.py
[2024-09-11T13:54:24.779+0000] {logging_mixin.py:190} INFO - [2024-09-11T13:54:24.779+0000] {dag.py:3229} INFO - Sync 1 DAGs
[2024-09-11T13:54:24.785+0000] {logging_mixin.py:190} INFO - [2024-09-11T13:54:24.785+0000] {dag.py:4156} INFO - Setting next_dagrun for example_dag_decorator to None, run_after=None
[2024-09-11T13:54:24.793+0000] {processor.py:208} INFO - Processing /home/airflow/.local/lib/python3.12/site-packages/airflow/example_dags/example_dag_decorator.py took 0.099 seconds
[2024-09-11T13:54:55.010+0000] {processor.py:186} INFO - Started process (PID=1670) to work on /home/airflow/.local/lib/python3.12/site-packages/airflow/example_dags/example_dag_decorator.py
[2024-09-11T13:54:55.011+0000] {processor.py:914} INFO - Processing file /home/airflow/.local/lib/python3.12/site-packages/airflow/example_dags/example_dag_decorator.py for tasks to queue
[2024-09-11T13:54:55.013+0000] {logging_mixin.py:190} INFO - [2024-09-11T13:54:55.013+0000] {dagbag.py:587} INFO - Filling up the DagBag from /home/airflow/.local/lib/python3.12/site-packages/airflow/example_dags/example_dag_decorator.py
[2024-09-11T13:54:55.026+0000] {processor.py:925} INFO - DAG(s) 'example_dag_decorator' retrieved from /home/airflow/.local/lib/python3.12/site-packages/airflow/example_dags/example_dag_decorator.py
[2024-09-11T13:54:55.093+0000] {logging_mixin.py:190} INFO - [2024-09-11T13:54:55.093+0000] {dag.py:3229} INFO - Sync 1 DAGs
[2024-09-11T13:54:55.100+0000] {logging_mixin.py:190} INFO - [2024-09-11T13:54:55.099+0000] {dag.py:4156} INFO - Setting next_dagrun for example_dag_decorator to None, run_after=None
[2024-09-11T13:54:55.108+0000] {processor.py:208} INFO - Processing /home/airflow/.local/lib/python3.12/site-packages/airflow/example_dags/example_dag_decorator.py took 0.106 seconds
[2024-09-11T13:55:25.412+0000] {processor.py:186} INFO - Started process (PID=1726) to work on /home/airflow/.local/lib/python3.12/site-packages/airflow/example_dags/example_dag_decorator.py
[2024-09-11T13:55:25.413+0000] {processor.py:914} INFO - Processing file /home/airflow/.local/lib/python3.12/site-packages/airflow/example_dags/example_dag_decorator.py for tasks to queue
[2024-09-11T13:55:25.416+0000] {logging_mixin.py:190} INFO - [2024-09-11T13:55:25.416+0000] {dagbag.py:587} INFO - Filling up the DagBag from /home/airflow/.local/lib/python3.12/site-packages/airflow/example_dags/example_dag_decorator.py
[2024-09-11T13:55:25.427+0000] {processor.py:925} INFO - DAG(s) 'example_dag_decorator' retrieved from /home/airflow/.local/lib/python3.12/site-packages/airflow/example_dags/example_dag_decorator.py
[2024-09-11T13:55:25.487+0000] {logging_mixin.py:190} INFO - [2024-09-11T13:55:25.487+0000] {dag.py:3229} INFO - Sync 1 DAGs
[2024-09-11T13:55:25.492+0000] {logging_mixin.py:190} INFO - [2024-09-11T13:55:25.492+0000] {dag.py:4156} INFO - Setting next_dagrun for example_dag_decorator to None, run_after=None
[2024-09-11T13:55:25.501+0000] {processor.py:208} INFO - Processing /home/airflow/.local/lib/python3.12/site-packages/airflow/example_dags/example_dag_decorator.py took 0.096 seconds
[2024-09-11T13:55:55.753+0000] {processor.py:186} INFO - Started process (PID=1782) to work on /home/airflow/.local/lib/python3.12/site-packages/airflow/example_dags/example_dag_decorator.py
[2024-09-11T13:55:55.754+0000] {processor.py:914} INFO - Processing file /home/airflow/.local/lib/python3.12/site-packages/airflow/example_dags/example_dag_decorator.py for tasks to queue
[2024-09-11T13:55:55.756+0000] {logging_mixin.py:190} INFO - [2024-09-11T13:55:55.756+0000] {dagbag.py:587} INFO - Filling up the DagBag from /home/airflow/.local/lib/python3.12/site-packages/airflow/example_dags/example_dag_decorator.py
[2024-09-11T13:55:55.767+0000] {processor.py:925} INFO - DAG(s) 'example_dag_decorator' retrieved from /home/airflow/.local/lib/python3.12/site-packages/airflow/example_dags/example_dag_decorator.py
[2024-09-11T13:55:55.828+0000] {logging_mixin.py:190} INFO - [2024-09-11T13:55:55.827+0000] {dag.py:3229} INFO - Sync 1 DAGs
[2024-09-11T13:55:55.834+0000] {logging_mixin.py:190} INFO - [2024-09-11T13:55:55.834+0000] {dag.py:4156} INFO - Setting next_dagrun for example_dag_decorator to None, run_after=None
[2024-09-11T13:55:55.842+0000] {processor.py:208} INFO - Processing /home/airflow/.local/lib/python3.12/site-packages/airflow/example_dags/example_dag_decorator.py took 0.097 seconds
[2024-09-11T13:56:26.097+0000] {processor.py:186} INFO - Started process (PID=1838) to work on /home/airflow/.local/lib/python3.12/site-packages/airflow/example_dags/example_dag_decorator.py
[2024-09-11T13:56:26.098+0000] {processor.py:914} INFO - Processing file /home/airflow/.local/lib/python3.12/site-packages/airflow/example_dags/example_dag_decorator.py for tasks to queue
[2024-09-11T13:56:26.101+0000] {logging_mixin.py:190} INFO - [2024-09-11T13:56:26.101+0000] {dagbag.py:587} INFO - Filling up the DagBag from /home/airflow/.local/lib/python3.12/site-packages/airflow/example_dags/example_dag_decorator.py
[2024-09-11T13:56:26.112+0000] {processor.py:925} INFO - DAG(s) 'example_dag_decorator' retrieved from /home/airflow/.local/lib/python3.12/site-packages/airflow/example_dags/example_dag_decorator.py
[2024-09-11T13:56:26.172+0000] {logging_mixin.py:190} INFO - [2024-09-11T13:56:26.172+0000] {dag.py:3229} INFO - Sync 1 DAGs
[2024-09-11T13:56:26.178+0000] {logging_mixin.py:190} INFO - [2024-09-11T13:56:26.178+0000] {dag.py:4156} INFO - Setting next_dagrun for example_dag_decorator to None, run_after=None
[2024-09-11T13:56:26.186+0000] {processor.py:208} INFO - Processing /home/airflow/.local/lib/python3.12/site-packages/airflow/example_dags/example_dag_decorator.py took 0.096 seconds
[2024-09-11T13:56:56.494+0000] {processor.py:186} INFO - Started process (PID=1894) to work on /home/airflow/.local/lib/python3.12/site-packages/airflow/example_dags/example_dag_decorator.py
[2024-09-11T13:56:56.495+0000] {processor.py:914} INFO - Processing file /home/airflow/.local/lib/python3.12/site-packages/airflow/example_dags/example_dag_decorator.py for tasks to queue
[2024-09-11T13:56:56.497+0000] {logging_mixin.py:190} INFO - [2024-09-11T13:56:56.497+0000] {dagbag.py:587} INFO - Filling up the DagBag from /home/airflow/.local/lib/python3.12/site-packages/airflow/example_dags/example_dag_decorator.py
[2024-09-11T13:56:56.508+0000] {processor.py:925} INFO - DAG(s) 'example_dag_decorator' retrieved from /home/airflow/.local/lib/python3.12/site-packages/airflow/example_dags/example_dag_decorator.py
[2024-09-11T13:56:56.524+0000] {logging_mixin.py:190} INFO - [2024-09-11T13:56:56.523+0000] {dag.py:3229} INFO - Sync 1 DAGs
[2024-09-11T13:56:56.532+0000] {logging_mixin.py:190} INFO - [2024-09-11T13:56:56.532+0000] {dag.py:4156} INFO - Setting next_dagrun for example_dag_decorator to None, run_after=None
[2024-09-11T13:56:56.541+0000] {processor.py:208} INFO - Processing /home/airflow/.local/lib/python3.12/site-packages/airflow/example_dags/example_dag_decorator.py took 0.054 seconds
[2024-09-11T13:57:26.853+0000] {processor.py:186} INFO - Started process (PID=1950) to work on /home/airflow/.local/lib/python3.12/site-packages/airflow/example_dags/example_dag_decorator.py
[2024-09-11T13:57:26.853+0000] {processor.py:914} INFO - Processing file /home/airflow/.local/lib/python3.12/site-packages/airflow/example_dags/example_dag_decorator.py for tasks to queue
[2024-09-11T13:57:26.856+0000] {logging_mixin.py:190} INFO - [2024-09-11T13:57:26.856+0000] {dagbag.py:587} INFO - Filling up the DagBag from /home/airflow/.local/lib/python3.12/site-packages/airflow/example_dags/example_dag_decorator.py
[2024-09-11T13:57:26.866+0000] {processor.py:925} INFO - DAG(s) 'example_dag_decorator' retrieved from /home/airflow/.local/lib/python3.12/site-packages/airflow/example_dags/example_dag_decorator.py
[2024-09-11T13:57:26.926+0000] {logging_mixin.py:190} INFO - [2024-09-11T13:57:26.926+0000] {dag.py:3229} INFO - Sync 1 DAGs
[2024-09-11T13:57:26.932+0000] {logging_mixin.py:190} INFO - [2024-09-11T13:57:26.931+0000] {dag.py:4156} INFO - Setting next_dagrun for example_dag_decorator to None, run_after=None
[2024-09-11T13:57:26.940+0000] {processor.py:208} INFO - Processing /home/airflow/.local/lib/python3.12/site-packages/airflow/example_dags/example_dag_decorator.py took 0.094 seconds
[2024-09-11T13:57:57.183+0000] {processor.py:186} INFO - Started process (PID=2006) to work on /home/airflow/.local/lib/python3.12/site-packages/airflow/example_dags/example_dag_decorator.py
[2024-09-11T13:57:57.184+0000] {processor.py:914} INFO - Processing file /home/airflow/.local/lib/python3.12/site-packages/airflow/example_dags/example_dag_decorator.py for tasks to queue
[2024-09-11T13:57:57.188+0000] {logging_mixin.py:190} INFO - [2024-09-11T13:57:57.187+0000] {dagbag.py:587} INFO - Filling up the DagBag from /home/airflow/.local/lib/python3.12/site-packages/airflow/example_dags/example_dag_decorator.py
[2024-09-11T13:57:57.205+0000] {processor.py:925} INFO - DAG(s) 'example_dag_decorator' retrieved from /home/airflow/.local/lib/python3.12/site-packages/airflow/example_dags/example_dag_decorator.py
[2024-09-11T13:57:57.276+0000] {logging_mixin.py:190} INFO - [2024-09-11T13:57:57.275+0000] {dag.py:3229} INFO - Sync 1 DAGs
[2024-09-11T13:57:57.285+0000] {logging_mixin.py:190} INFO - [2024-09-11T13:57:57.285+0000] {dag.py:4156} INFO - Setting next_dagrun for example_dag_decorator to None, run_after=None
[2024-09-11T13:57:57.296+0000] {processor.py:208} INFO - Processing /home/airflow/.local/lib/python3.12/site-packages/airflow/example_dags/example_dag_decorator.py took 0.123 seconds
[2024-09-11T13:58:27.719+0000] {processor.py:186} INFO - Started process (PID=2062) to work on /home/airflow/.local/lib/python3.12/site-packages/airflow/example_dags/example_dag_decorator.py
[2024-09-11T13:58:27.720+0000] {processor.py:914} INFO - Processing file /home/airflow/.local/lib/python3.12/site-packages/airflow/example_dags/example_dag_decorator.py for tasks to queue
[2024-09-11T13:58:27.724+0000] {logging_mixin.py:190} INFO - [2024-09-11T13:58:27.723+0000] {dagbag.py:587} INFO - Filling up the DagBag from /home/airflow/.local/lib/python3.12/site-packages/airflow/example_dags/example_dag_decorator.py
[2024-09-11T13:58:27.738+0000] {processor.py:925} INFO - DAG(s) 'example_dag_decorator' retrieved from /home/airflow/.local/lib/python3.12/site-packages/airflow/example_dags/example_dag_decorator.py
[2024-09-11T13:58:27.804+0000] {logging_mixin.py:190} INFO - [2024-09-11T13:58:27.804+0000] {dag.py:3229} INFO - Sync 1 DAGs
[2024-09-11T13:58:27.810+0000] {logging_mixin.py:190} INFO - [2024-09-11T13:58:27.810+0000] {dag.py:4156} INFO - Setting next_dagrun for example_dag_decorator to None, run_after=None
[2024-09-11T13:58:27.822+0000] {processor.py:208} INFO - Processing /home/airflow/.local/lib/python3.12/site-packages/airflow/example_dags/example_dag_decorator.py took 0.111 seconds
