[2024-09-11T13:40:12.461+0000] {processor.py:186} INFO - Started process (PID=40) to work on /home/airflow/.local/lib/python3.12/site-packages/airflow/example_dags/example_xcom.py
[2024-09-11T13:40:12.463+0000] {processor.py:914} INFO - Processing file /home/airflow/.local/lib/python3.12/site-packages/airflow/example_dags/example_xcom.py for tasks to queue
[2024-09-11T13:40:12.468+0000] {logging_mixin.py:190} INFO - [2024-09-11T13:40:12.467+0000] {dagbag.py:587} INFO - Filling up the DagBag from /home/airflow/.local/lib/python3.12/site-packages/airflow/example_dags/example_xcom.py
[2024-09-11T13:40:12.482+0000] {processor.py:925} INFO - DAG(s) 'example_xcom' retrieved from /home/airflow/.local/lib/python3.12/site-packages/airflow/example_dags/example_xcom.py
[2024-09-11T13:40:12.880+0000] {logging_mixin.py:190} INFO - [2024-09-11T13:40:12.880+0000] {override.py:1900} INFO - Created Permission View: can read on DAG:example_xcom
[2024-09-11T13:40:12.892+0000] {logging_mixin.py:190} INFO - [2024-09-11T13:40:12.892+0000] {override.py:1900} INFO - Created Permission View: can delete on DAG:example_xcom
[2024-09-11T13:40:12.897+0000] {logging_mixin.py:190} INFO - [2024-09-11T13:40:12.897+0000] {override.py:1900} INFO - Created Permission View: can edit on DAG:example_xcom
[2024-09-11T13:40:12.908+0000] {logging_mixin.py:190} INFO - [2024-09-11T13:40:12.908+0000] {override.py:1900} INFO - Created Permission View: can read on DAG Run:example_xcom
[2024-09-11T13:40:12.916+0000] {logging_mixin.py:190} INFO - [2024-09-11T13:40:12.915+0000] {override.py:1900} INFO - Created Permission View: can create on DAG Run:example_xcom
[2024-09-11T13:40:12.924+0000] {logging_mixin.py:190} INFO - [2024-09-11T13:40:12.923+0000] {override.py:1900} INFO - Created Permission View: menu access on DAG Run:example_xcom
[2024-09-11T13:40:12.936+0000] {logging_mixin.py:190} INFO - [2024-09-11T13:40:12.936+0000] {override.py:1900} INFO - Created Permission View: can delete on DAG Run:example_xcom
[2024-09-11T13:40:12.940+0000] {logging_mixin.py:190} INFO - [2024-09-11T13:40:12.939+0000] {dag.py:3229} INFO - Sync 1 DAGs
[2024-09-11T13:40:12.960+0000] {logging_mixin.py:190} INFO - [2024-09-11T13:40:12.959+0000] {dag.py:3252} INFO - Creating ORM DAG for example_xcom
[2024-09-11T13:40:12.972+0000] {logging_mixin.py:190} INFO - [2024-09-11T13:40:12.972+0000] {dag.py:4156} INFO - Setting next_dagrun for example_xcom to 2021-01-01 00:00:00+00:00, run_after=2021-01-01 00:00:00+00:00
[2024-09-11T13:40:13.039+0000] {processor.py:208} INFO - Processing /home/airflow/.local/lib/python3.12/site-packages/airflow/example_dags/example_xcom.py took 0.586 seconds
[2024-09-11T13:40:43.157+0000] {processor.py:186} INFO - Started process (PID=96) to work on /home/airflow/.local/lib/python3.12/site-packages/airflow/example_dags/example_xcom.py
[2024-09-11T13:40:43.158+0000] {processor.py:914} INFO - Processing file /home/airflow/.local/lib/python3.12/site-packages/airflow/example_dags/example_xcom.py for tasks to queue
[2024-09-11T13:40:43.160+0000] {logging_mixin.py:190} INFO - [2024-09-11T13:40:43.160+0000] {dagbag.py:587} INFO - Filling up the DagBag from /home/airflow/.local/lib/python3.12/site-packages/airflow/example_dags/example_xcom.py
[2024-09-11T13:40:43.167+0000] {processor.py:925} INFO - DAG(s) 'example_xcom' retrieved from /home/airflow/.local/lib/python3.12/site-packages/airflow/example_dags/example_xcom.py
[2024-09-11T13:40:43.182+0000] {logging_mixin.py:190} INFO - [2024-09-11T13:40:43.182+0000] {dag.py:3229} INFO - Sync 1 DAGs
[2024-09-11T13:40:43.196+0000] {logging_mixin.py:190} INFO - [2024-09-11T13:40:43.195+0000] {dag.py:4156} INFO - Setting next_dagrun for example_xcom to 2021-01-01 00:00:00+00:00, run_after=2021-01-01 00:00:00+00:00
[2024-09-11T13:40:43.207+0000] {processor.py:208} INFO - Processing /home/airflow/.local/lib/python3.12/site-packages/airflow/example_dags/example_xcom.py took 0.054 seconds
[2024-09-11T13:41:14.232+0000] {processor.py:186} INFO - Started process (PID=152) to work on /home/airflow/.local/lib/python3.12/site-packages/airflow/example_dags/example_xcom.py
[2024-09-11T13:41:14.233+0000] {processor.py:914} INFO - Processing file /home/airflow/.local/lib/python3.12/site-packages/airflow/example_dags/example_xcom.py for tasks to queue
[2024-09-11T13:41:14.235+0000] {logging_mixin.py:190} INFO - [2024-09-11T13:41:14.235+0000] {dagbag.py:587} INFO - Filling up the DagBag from /home/airflow/.local/lib/python3.12/site-packages/airflow/example_dags/example_xcom.py
[2024-09-11T13:41:14.242+0000] {processor.py:925} INFO - DAG(s) 'example_xcom' retrieved from /home/airflow/.local/lib/python3.12/site-packages/airflow/example_dags/example_xcom.py
[2024-09-11T13:41:14.263+0000] {logging_mixin.py:190} INFO - [2024-09-11T13:41:14.263+0000] {dag.py:3229} INFO - Sync 1 DAGs
[2024-09-11T13:41:14.282+0000] {logging_mixin.py:190} INFO - [2024-09-11T13:41:14.281+0000] {dag.py:4156} INFO - Setting next_dagrun for example_xcom to 2021-01-01 00:00:00+00:00, run_after=2021-01-01 00:00:00+00:00
[2024-09-11T13:41:14.299+0000] {processor.py:208} INFO - Processing /home/airflow/.local/lib/python3.12/site-packages/airflow/example_dags/example_xcom.py took 0.072 seconds
[2024-09-11T13:41:45.043+0000] {processor.py:186} INFO - Started process (PID=208) to work on /home/airflow/.local/lib/python3.12/site-packages/airflow/example_dags/example_xcom.py
[2024-09-11T13:41:45.044+0000] {processor.py:914} INFO - Processing file /home/airflow/.local/lib/python3.12/site-packages/airflow/example_dags/example_xcom.py for tasks to queue
[2024-09-11T13:41:45.046+0000] {logging_mixin.py:190} INFO - [2024-09-11T13:41:45.046+0000] {dagbag.py:587} INFO - Filling up the DagBag from /home/airflow/.local/lib/python3.12/site-packages/airflow/example_dags/example_xcom.py
[2024-09-11T13:41:45.051+0000] {processor.py:925} INFO - DAG(s) 'example_xcom' retrieved from /home/airflow/.local/lib/python3.12/site-packages/airflow/example_dags/example_xcom.py
[2024-09-11T13:41:45.063+0000] {logging_mixin.py:190} INFO - [2024-09-11T13:41:45.062+0000] {dag.py:3229} INFO - Sync 1 DAGs
[2024-09-11T13:41:45.073+0000] {logging_mixin.py:190} INFO - [2024-09-11T13:41:45.073+0000] {dag.py:4156} INFO - Setting next_dagrun for example_xcom to 2021-01-01 00:00:00+00:00, run_after=2021-01-01 00:00:00+00:00
[2024-09-11T13:41:45.081+0000] {processor.py:208} INFO - Processing /home/airflow/.local/lib/python3.12/site-packages/airflow/example_dags/example_xcom.py took 0.041 seconds
[2024-09-11T13:42:15.519+0000] {processor.py:186} INFO - Started process (PID=264) to work on /home/airflow/.local/lib/python3.12/site-packages/airflow/example_dags/example_xcom.py
[2024-09-11T13:42:15.519+0000] {processor.py:914} INFO - Processing file /home/airflow/.local/lib/python3.12/site-packages/airflow/example_dags/example_xcom.py for tasks to queue
[2024-09-11T13:42:15.521+0000] {logging_mixin.py:190} INFO - [2024-09-11T13:42:15.520+0000] {dagbag.py:587} INFO - Filling up the DagBag from /home/airflow/.local/lib/python3.12/site-packages/airflow/example_dags/example_xcom.py
[2024-09-11T13:42:15.526+0000] {processor.py:925} INFO - DAG(s) 'example_xcom' retrieved from /home/airflow/.local/lib/python3.12/site-packages/airflow/example_dags/example_xcom.py
[2024-09-11T13:42:15.537+0000] {logging_mixin.py:190} INFO - [2024-09-11T13:42:15.537+0000] {dag.py:3229} INFO - Sync 1 DAGs
[2024-09-11T13:42:15.548+0000] {logging_mixin.py:190} INFO - [2024-09-11T13:42:15.547+0000] {dag.py:4156} INFO - Setting next_dagrun for example_xcom to 2021-01-01 00:00:00+00:00, run_after=2021-01-01 00:00:00+00:00
[2024-09-11T13:42:15.556+0000] {processor.py:208} INFO - Processing /home/airflow/.local/lib/python3.12/site-packages/airflow/example_dags/example_xcom.py took 0.040 seconds
[2024-09-11T13:42:45.600+0000] {processor.py:186} INFO - Started process (PID=319) to work on /home/airflow/.local/lib/python3.12/site-packages/airflow/example_dags/example_xcom.py
[2024-09-11T13:42:45.604+0000] {processor.py:914} INFO - Processing file /home/airflow/.local/lib/python3.12/site-packages/airflow/example_dags/example_xcom.py for tasks to queue
[2024-09-11T13:42:45.606+0000] {logging_mixin.py:190} INFO - [2024-09-11T13:42:45.606+0000] {dagbag.py:587} INFO - Filling up the DagBag from /home/airflow/.local/lib/python3.12/site-packages/airflow/example_dags/example_xcom.py
[2024-09-11T13:42:45.614+0000] {processor.py:925} INFO - DAG(s) 'example_xcom' retrieved from /home/airflow/.local/lib/python3.12/site-packages/airflow/example_dags/example_xcom.py
[2024-09-11T13:42:45.629+0000] {logging_mixin.py:190} INFO - [2024-09-11T13:42:45.629+0000] {dag.py:3229} INFO - Sync 1 DAGs
[2024-09-11T13:42:45.644+0000] {logging_mixin.py:190} INFO - [2024-09-11T13:42:45.644+0000] {dag.py:4156} INFO - Setting next_dagrun for example_xcom to 2021-01-01 00:00:00+00:00, run_after=2021-01-01 00:00:00+00:00
[2024-09-11T13:42:45.652+0000] {processor.py:208} INFO - Processing /home/airflow/.local/lib/python3.12/site-packages/airflow/example_dags/example_xcom.py took 0.060 seconds
[2024-09-11T13:43:16.003+0000] {processor.py:186} INFO - Started process (PID=376) to work on /home/airflow/.local/lib/python3.12/site-packages/airflow/example_dags/example_xcom.py
[2024-09-11T13:43:16.003+0000] {processor.py:914} INFO - Processing file /home/airflow/.local/lib/python3.12/site-packages/airflow/example_dags/example_xcom.py for tasks to queue
[2024-09-11T13:43:16.004+0000] {logging_mixin.py:190} INFO - [2024-09-11T13:43:16.004+0000] {dagbag.py:587} INFO - Filling up the DagBag from /home/airflow/.local/lib/python3.12/site-packages/airflow/example_dags/example_xcom.py
[2024-09-11T13:43:16.009+0000] {processor.py:925} INFO - DAG(s) 'example_xcom' retrieved from /home/airflow/.local/lib/python3.12/site-packages/airflow/example_dags/example_xcom.py
[2024-09-11T13:43:16.020+0000] {logging_mixin.py:190} INFO - [2024-09-11T13:43:16.020+0000] {dag.py:3229} INFO - Sync 1 DAGs
[2024-09-11T13:43:16.030+0000] {logging_mixin.py:190} INFO - [2024-09-11T13:43:16.030+0000] {dag.py:4156} INFO - Setting next_dagrun for example_xcom to 2021-01-01 00:00:00+00:00, run_after=2021-01-01 00:00:00+00:00
[2024-09-11T13:43:16.039+0000] {processor.py:208} INFO - Processing /home/airflow/.local/lib/python3.12/site-packages/airflow/example_dags/example_xcom.py took 0.039 seconds
[2024-09-11T13:43:46.165+0000] {processor.py:186} INFO - Started process (PID=432) to work on /home/airflow/.local/lib/python3.12/site-packages/airflow/example_dags/example_xcom.py
[2024-09-11T13:43:46.166+0000] {processor.py:914} INFO - Processing file /home/airflow/.local/lib/python3.12/site-packages/airflow/example_dags/example_xcom.py for tasks to queue
[2024-09-11T13:43:46.167+0000] {logging_mixin.py:190} INFO - [2024-09-11T13:43:46.167+0000] {dagbag.py:587} INFO - Filling up the DagBag from /home/airflow/.local/lib/python3.12/site-packages/airflow/example_dags/example_xcom.py
[2024-09-11T13:43:46.172+0000] {processor.py:925} INFO - DAG(s) 'example_xcom' retrieved from /home/airflow/.local/lib/python3.12/site-packages/airflow/example_dags/example_xcom.py
[2024-09-11T13:43:46.182+0000] {logging_mixin.py:190} INFO - [2024-09-11T13:43:46.182+0000] {dag.py:3229} INFO - Sync 1 DAGs
[2024-09-11T13:43:46.193+0000] {logging_mixin.py:190} INFO - [2024-09-11T13:43:46.193+0000] {dag.py:4156} INFO - Setting next_dagrun for example_xcom to 2021-01-01 00:00:00+00:00, run_after=2021-01-01 00:00:00+00:00
[2024-09-11T13:43:46.201+0000] {processor.py:208} INFO - Processing /home/airflow/.local/lib/python3.12/site-packages/airflow/example_dags/example_xcom.py took 0.039 seconds
[2024-09-11T13:44:16.417+0000] {processor.py:186} INFO - Started process (PID=488) to work on /home/airflow/.local/lib/python3.12/site-packages/airflow/example_dags/example_xcom.py
[2024-09-11T13:44:16.417+0000] {processor.py:914} INFO - Processing file /home/airflow/.local/lib/python3.12/site-packages/airflow/example_dags/example_xcom.py for tasks to queue
[2024-09-11T13:44:16.419+0000] {logging_mixin.py:190} INFO - [2024-09-11T13:44:16.418+0000] {dagbag.py:587} INFO - Filling up the DagBag from /home/airflow/.local/lib/python3.12/site-packages/airflow/example_dags/example_xcom.py
[2024-09-11T13:44:16.423+0000] {processor.py:925} INFO - DAG(s) 'example_xcom' retrieved from /home/airflow/.local/lib/python3.12/site-packages/airflow/example_dags/example_xcom.py
[2024-09-11T13:44:16.434+0000] {logging_mixin.py:190} INFO - [2024-09-11T13:44:16.434+0000] {dag.py:3229} INFO - Sync 1 DAGs
[2024-09-11T13:44:16.444+0000] {logging_mixin.py:190} INFO - [2024-09-11T13:44:16.444+0000] {dag.py:4156} INFO - Setting next_dagrun for example_xcom to 2021-01-01 00:00:00+00:00, run_after=2021-01-01 00:00:00+00:00
[2024-09-11T13:44:16.453+0000] {processor.py:208} INFO - Processing /home/airflow/.local/lib/python3.12/site-packages/airflow/example_dags/example_xcom.py took 0.039 seconds
[2024-09-11T13:44:46.679+0000] {processor.py:186} INFO - Started process (PID=544) to work on /home/airflow/.local/lib/python3.12/site-packages/airflow/example_dags/example_xcom.py
[2024-09-11T13:44:46.680+0000] {processor.py:914} INFO - Processing file /home/airflow/.local/lib/python3.12/site-packages/airflow/example_dags/example_xcom.py for tasks to queue
[2024-09-11T13:44:46.681+0000] {logging_mixin.py:190} INFO - [2024-09-11T13:44:46.681+0000] {dagbag.py:587} INFO - Filling up the DagBag from /home/airflow/.local/lib/python3.12/site-packages/airflow/example_dags/example_xcom.py
[2024-09-11T13:44:46.686+0000] {processor.py:925} INFO - DAG(s) 'example_xcom' retrieved from /home/airflow/.local/lib/python3.12/site-packages/airflow/example_dags/example_xcom.py
[2024-09-11T13:44:46.697+0000] {logging_mixin.py:190} INFO - [2024-09-11T13:44:46.697+0000] {dag.py:3229} INFO - Sync 1 DAGs
[2024-09-11T13:44:46.707+0000] {logging_mixin.py:190} INFO - [2024-09-11T13:44:46.707+0000] {dag.py:4156} INFO - Setting next_dagrun for example_xcom to 2021-01-01 00:00:00+00:00, run_after=2021-01-01 00:00:00+00:00
[2024-09-11T13:44:46.715+0000] {processor.py:208} INFO - Processing /home/airflow/.local/lib/python3.12/site-packages/airflow/example_dags/example_xcom.py took 0.039 seconds
[2024-09-11T13:45:16.972+0000] {processor.py:186} INFO - Started process (PID=600) to work on /home/airflow/.local/lib/python3.12/site-packages/airflow/example_dags/example_xcom.py
[2024-09-11T13:45:16.972+0000] {processor.py:914} INFO - Processing file /home/airflow/.local/lib/python3.12/site-packages/airflow/example_dags/example_xcom.py for tasks to queue
[2024-09-11T13:45:16.974+0000] {logging_mixin.py:190} INFO - [2024-09-11T13:45:16.973+0000] {dagbag.py:587} INFO - Filling up the DagBag from /home/airflow/.local/lib/python3.12/site-packages/airflow/example_dags/example_xcom.py
[2024-09-11T13:45:16.979+0000] {processor.py:925} INFO - DAG(s) 'example_xcom' retrieved from /home/airflow/.local/lib/python3.12/site-packages/airflow/example_dags/example_xcom.py
[2024-09-11T13:45:16.990+0000] {logging_mixin.py:190} INFO - [2024-09-11T13:45:16.990+0000] {dag.py:3229} INFO - Sync 1 DAGs
[2024-09-11T13:45:17.001+0000] {logging_mixin.py:190} INFO - [2024-09-11T13:45:17.000+0000] {dag.py:4156} INFO - Setting next_dagrun for example_xcom to 2021-01-01 00:00:00+00:00, run_after=2021-01-01 00:00:00+00:00
[2024-09-11T13:45:17.010+0000] {processor.py:208} INFO - Processing /home/airflow/.local/lib/python3.12/site-packages/airflow/example_dags/example_xcom.py took 0.041 seconds
[2024-09-11T13:45:47.139+0000] {processor.py:186} INFO - Started process (PID=656) to work on /home/airflow/.local/lib/python3.12/site-packages/airflow/example_dags/example_xcom.py
[2024-09-11T13:45:47.139+0000] {processor.py:914} INFO - Processing file /home/airflow/.local/lib/python3.12/site-packages/airflow/example_dags/example_xcom.py for tasks to queue
[2024-09-11T13:45:47.140+0000] {logging_mixin.py:190} INFO - [2024-09-11T13:45:47.140+0000] {dagbag.py:587} INFO - Filling up the DagBag from /home/airflow/.local/lib/python3.12/site-packages/airflow/example_dags/example_xcom.py
[2024-09-11T13:45:47.145+0000] {processor.py:925} INFO - DAG(s) 'example_xcom' retrieved from /home/airflow/.local/lib/python3.12/site-packages/airflow/example_dags/example_xcom.py
[2024-09-11T13:45:47.156+0000] {logging_mixin.py:190} INFO - [2024-09-11T13:45:47.156+0000] {dag.py:3229} INFO - Sync 1 DAGs
[2024-09-11T13:45:47.167+0000] {logging_mixin.py:190} INFO - [2024-09-11T13:45:47.167+0000] {dag.py:4156} INFO - Setting next_dagrun for example_xcom to 2021-01-01 00:00:00+00:00, run_after=2021-01-01 00:00:00+00:00
[2024-09-11T13:45:47.175+0000] {processor.py:208} INFO - Processing /home/airflow/.local/lib/python3.12/site-packages/airflow/example_dags/example_xcom.py took 0.039 seconds
[2024-09-11T13:46:17.218+0000] {processor.py:186} INFO - Started process (PID=711) to work on /home/airflow/.local/lib/python3.12/site-packages/airflow/example_dags/example_xcom.py
[2024-09-11T13:46:17.219+0000] {processor.py:914} INFO - Processing file /home/airflow/.local/lib/python3.12/site-packages/airflow/example_dags/example_xcom.py for tasks to queue
[2024-09-11T13:46:17.222+0000] {logging_mixin.py:190} INFO - [2024-09-11T13:46:17.221+0000] {dagbag.py:587} INFO - Filling up the DagBag from /home/airflow/.local/lib/python3.12/site-packages/airflow/example_dags/example_xcom.py
[2024-09-11T13:46:17.230+0000] {processor.py:925} INFO - DAG(s) 'example_xcom' retrieved from /home/airflow/.local/lib/python3.12/site-packages/airflow/example_dags/example_xcom.py
[2024-09-11T13:46:17.247+0000] {logging_mixin.py:190} INFO - [2024-09-11T13:46:17.247+0000] {dag.py:3229} INFO - Sync 1 DAGs
[2024-09-11T13:46:17.261+0000] {logging_mixin.py:190} INFO - [2024-09-11T13:46:17.261+0000] {dag.py:4156} INFO - Setting next_dagrun for example_xcom to 2021-01-01 00:00:00+00:00, run_after=2021-01-01 00:00:00+00:00
[2024-09-11T13:46:17.272+0000] {processor.py:208} INFO - Processing /home/airflow/.local/lib/python3.12/site-packages/airflow/example_dags/example_xcom.py took 0.062 seconds
[2024-09-11T13:46:47.652+0000] {processor.py:186} INFO - Started process (PID=768) to work on /home/airflow/.local/lib/python3.12/site-packages/airflow/example_dags/example_xcom.py
[2024-09-11T13:46:47.653+0000] {processor.py:914} INFO - Processing file /home/airflow/.local/lib/python3.12/site-packages/airflow/example_dags/example_xcom.py for tasks to queue
[2024-09-11T13:46:47.654+0000] {logging_mixin.py:190} INFO - [2024-09-11T13:46:47.654+0000] {dagbag.py:587} INFO - Filling up the DagBag from /home/airflow/.local/lib/python3.12/site-packages/airflow/example_dags/example_xcom.py
[2024-09-11T13:46:47.659+0000] {processor.py:925} INFO - DAG(s) 'example_xcom' retrieved from /home/airflow/.local/lib/python3.12/site-packages/airflow/example_dags/example_xcom.py
[2024-09-11T13:46:47.670+0000] {logging_mixin.py:190} INFO - [2024-09-11T13:46:47.670+0000] {dag.py:3229} INFO - Sync 1 DAGs
[2024-09-11T13:46:47.681+0000] {logging_mixin.py:190} INFO - [2024-09-11T13:46:47.681+0000] {dag.py:4156} INFO - Setting next_dagrun for example_xcom to 2021-01-01 00:00:00+00:00, run_after=2021-01-01 00:00:00+00:00
[2024-09-11T13:46:47.690+0000] {processor.py:208} INFO - Processing /home/airflow/.local/lib/python3.12/site-packages/airflow/example_dags/example_xcom.py took 0.041 seconds
[2024-09-11T13:47:17.822+0000] {processor.py:186} INFO - Started process (PID=824) to work on /home/airflow/.local/lib/python3.12/site-packages/airflow/example_dags/example_xcom.py
[2024-09-11T13:47:17.822+0000] {processor.py:914} INFO - Processing file /home/airflow/.local/lib/python3.12/site-packages/airflow/example_dags/example_xcom.py for tasks to queue
[2024-09-11T13:47:17.824+0000] {logging_mixin.py:190} INFO - [2024-09-11T13:47:17.824+0000] {dagbag.py:587} INFO - Filling up the DagBag from /home/airflow/.local/lib/python3.12/site-packages/airflow/example_dags/example_xcom.py
[2024-09-11T13:47:17.829+0000] {processor.py:925} INFO - DAG(s) 'example_xcom' retrieved from /home/airflow/.local/lib/python3.12/site-packages/airflow/example_dags/example_xcom.py
[2024-09-11T13:47:17.840+0000] {logging_mixin.py:190} INFO - [2024-09-11T13:47:17.840+0000] {dag.py:3229} INFO - Sync 1 DAGs
[2024-09-11T13:47:17.851+0000] {logging_mixin.py:190} INFO - [2024-09-11T13:47:17.850+0000] {dag.py:4156} INFO - Setting next_dagrun for example_xcom to 2021-01-01 00:00:00+00:00, run_after=2021-01-01 00:00:00+00:00
[2024-09-11T13:47:17.859+0000] {processor.py:208} INFO - Processing /home/airflow/.local/lib/python3.12/site-packages/airflow/example_dags/example_xcom.py took 0.041 seconds
[2024-09-11T13:47:48.040+0000] {processor.py:186} INFO - Started process (PID=880) to work on /home/airflow/.local/lib/python3.12/site-packages/airflow/example_dags/example_xcom.py
[2024-09-11T13:47:48.041+0000] {processor.py:914} INFO - Processing file /home/airflow/.local/lib/python3.12/site-packages/airflow/example_dags/example_xcom.py for tasks to queue
[2024-09-11T13:47:48.042+0000] {logging_mixin.py:190} INFO - [2024-09-11T13:47:48.042+0000] {dagbag.py:587} INFO - Filling up the DagBag from /home/airflow/.local/lib/python3.12/site-packages/airflow/example_dags/example_xcom.py
[2024-09-11T13:47:48.048+0000] {processor.py:925} INFO - DAG(s) 'example_xcom' retrieved from /home/airflow/.local/lib/python3.12/site-packages/airflow/example_dags/example_xcom.py
[2024-09-11T13:47:48.060+0000] {logging_mixin.py:190} INFO - [2024-09-11T13:47:48.060+0000] {dag.py:3229} INFO - Sync 1 DAGs
[2024-09-11T13:47:48.071+0000] {logging_mixin.py:190} INFO - [2024-09-11T13:47:48.071+0000] {dag.py:4156} INFO - Setting next_dagrun for example_xcom to 2021-01-01 00:00:00+00:00, run_after=2021-01-01 00:00:00+00:00
[2024-09-11T13:47:48.084+0000] {processor.py:208} INFO - Processing /home/airflow/.local/lib/python3.12/site-packages/airflow/example_dags/example_xcom.py took 0.047 seconds
[2024-09-11T13:48:18.178+0000] {processor.py:186} INFO - Started process (PID=936) to work on /home/airflow/.local/lib/python3.12/site-packages/airflow/example_dags/example_xcom.py
[2024-09-11T13:48:18.179+0000] {processor.py:914} INFO - Processing file /home/airflow/.local/lib/python3.12/site-packages/airflow/example_dags/example_xcom.py for tasks to queue
[2024-09-11T13:48:18.181+0000] {logging_mixin.py:190} INFO - [2024-09-11T13:48:18.181+0000] {dagbag.py:587} INFO - Filling up the DagBag from /home/airflow/.local/lib/python3.12/site-packages/airflow/example_dags/example_xcom.py
[2024-09-11T13:48:18.186+0000] {processor.py:925} INFO - DAG(s) 'example_xcom' retrieved from /home/airflow/.local/lib/python3.12/site-packages/airflow/example_dags/example_xcom.py
[2024-09-11T13:48:18.199+0000] {logging_mixin.py:190} INFO - [2024-09-11T13:48:18.199+0000] {dag.py:3229} INFO - Sync 1 DAGs
[2024-09-11T13:48:18.212+0000] {logging_mixin.py:190} INFO - [2024-09-11T13:48:18.211+0000] {dag.py:4156} INFO - Setting next_dagrun for example_xcom to 2021-01-01 00:00:00+00:00, run_after=2021-01-01 00:00:00+00:00
[2024-09-11T13:48:18.221+0000] {processor.py:208} INFO - Processing /home/airflow/.local/lib/python3.12/site-packages/airflow/example_dags/example_xcom.py took 0.045 seconds
[2024-09-11T13:48:48.522+0000] {processor.py:186} INFO - Started process (PID=992) to work on /home/airflow/.local/lib/python3.12/site-packages/airflow/example_dags/example_xcom.py
[2024-09-11T13:48:48.522+0000] {processor.py:914} INFO - Processing file /home/airflow/.local/lib/python3.12/site-packages/airflow/example_dags/example_xcom.py for tasks to queue
[2024-09-11T13:48:48.523+0000] {logging_mixin.py:190} INFO - [2024-09-11T13:48:48.523+0000] {dagbag.py:587} INFO - Filling up the DagBag from /home/airflow/.local/lib/python3.12/site-packages/airflow/example_dags/example_xcom.py
[2024-09-11T13:48:48.528+0000] {processor.py:925} INFO - DAG(s) 'example_xcom' retrieved from /home/airflow/.local/lib/python3.12/site-packages/airflow/example_dags/example_xcom.py
[2024-09-11T13:48:48.539+0000] {logging_mixin.py:190} INFO - [2024-09-11T13:48:48.539+0000] {dag.py:3229} INFO - Sync 1 DAGs
[2024-09-11T13:48:48.550+0000] {logging_mixin.py:190} INFO - [2024-09-11T13:48:48.550+0000] {dag.py:4156} INFO - Setting next_dagrun for example_xcom to 2021-01-01 00:00:00+00:00, run_after=2021-01-01 00:00:00+00:00
[2024-09-11T13:48:48.558+0000] {processor.py:208} INFO - Processing /home/airflow/.local/lib/python3.12/site-packages/airflow/example_dags/example_xcom.py took 0.039 seconds
[2024-09-11T13:49:18.668+0000] {processor.py:186} INFO - Started process (PID=1048) to work on /home/airflow/.local/lib/python3.12/site-packages/airflow/example_dags/example_xcom.py
[2024-09-11T13:49:18.669+0000] {processor.py:914} INFO - Processing file /home/airflow/.local/lib/python3.12/site-packages/airflow/example_dags/example_xcom.py for tasks to queue
[2024-09-11T13:49:18.670+0000] {logging_mixin.py:190} INFO - [2024-09-11T13:49:18.670+0000] {dagbag.py:587} INFO - Filling up the DagBag from /home/airflow/.local/lib/python3.12/site-packages/airflow/example_dags/example_xcom.py
[2024-09-11T13:49:18.675+0000] {processor.py:925} INFO - DAG(s) 'example_xcom' retrieved from /home/airflow/.local/lib/python3.12/site-packages/airflow/example_dags/example_xcom.py
[2024-09-11T13:49:18.686+0000] {logging_mixin.py:190} INFO - [2024-09-11T13:49:18.686+0000] {dag.py:3229} INFO - Sync 1 DAGs
[2024-09-11T13:49:18.698+0000] {logging_mixin.py:190} INFO - [2024-09-11T13:49:18.698+0000] {dag.py:4156} INFO - Setting next_dagrun for example_xcom to 2021-01-01 00:00:00+00:00, run_after=2021-01-01 00:00:00+00:00
[2024-09-11T13:49:18.708+0000] {processor.py:208} INFO - Processing /home/airflow/.local/lib/python3.12/site-packages/airflow/example_dags/example_xcom.py took 0.042 seconds
[2024-09-11T13:49:48.903+0000] {processor.py:186} INFO - Started process (PID=1104) to work on /home/airflow/.local/lib/python3.12/site-packages/airflow/example_dags/example_xcom.py
[2024-09-11T13:49:48.904+0000] {processor.py:914} INFO - Processing file /home/airflow/.local/lib/python3.12/site-packages/airflow/example_dags/example_xcom.py for tasks to queue
[2024-09-11T13:49:48.905+0000] {logging_mixin.py:190} INFO - [2024-09-11T13:49:48.905+0000] {dagbag.py:587} INFO - Filling up the DagBag from /home/airflow/.local/lib/python3.12/site-packages/airflow/example_dags/example_xcom.py
[2024-09-11T13:49:48.911+0000] {processor.py:925} INFO - DAG(s) 'example_xcom' retrieved from /home/airflow/.local/lib/python3.12/site-packages/airflow/example_dags/example_xcom.py
[2024-09-11T13:49:48.922+0000] {logging_mixin.py:190} INFO - [2024-09-11T13:49:48.922+0000] {dag.py:3229} INFO - Sync 1 DAGs
[2024-09-11T13:49:48.934+0000] {logging_mixin.py:190} INFO - [2024-09-11T13:49:48.934+0000] {dag.py:4156} INFO - Setting next_dagrun for example_xcom to 2021-01-01 00:00:00+00:00, run_after=2021-01-01 00:00:00+00:00
[2024-09-11T13:49:48.944+0000] {processor.py:208} INFO - Processing /home/airflow/.local/lib/python3.12/site-packages/airflow/example_dags/example_xcom.py took 0.044 seconds
[2024-09-11T13:50:19.259+0000] {processor.py:186} INFO - Started process (PID=1160) to work on /home/airflow/.local/lib/python3.12/site-packages/airflow/example_dags/example_xcom.py
[2024-09-11T13:50:19.259+0000] {processor.py:914} INFO - Processing file /home/airflow/.local/lib/python3.12/site-packages/airflow/example_dags/example_xcom.py for tasks to queue
[2024-09-11T13:50:19.261+0000] {logging_mixin.py:190} INFO - [2024-09-11T13:50:19.261+0000] {dagbag.py:587} INFO - Filling up the DagBag from /home/airflow/.local/lib/python3.12/site-packages/airflow/example_dags/example_xcom.py
[2024-09-11T13:50:19.266+0000] {processor.py:925} INFO - DAG(s) 'example_xcom' retrieved from /home/airflow/.local/lib/python3.12/site-packages/airflow/example_dags/example_xcom.py
[2024-09-11T13:50:19.278+0000] {logging_mixin.py:190} INFO - [2024-09-11T13:50:19.278+0000] {dag.py:3229} INFO - Sync 1 DAGs
[2024-09-11T13:50:19.288+0000] {logging_mixin.py:190} INFO - [2024-09-11T13:50:19.288+0000] {dag.py:4156} INFO - Setting next_dagrun for example_xcom to 2021-01-01 00:00:00+00:00, run_after=2021-01-01 00:00:00+00:00
[2024-09-11T13:50:19.297+0000] {processor.py:208} INFO - Processing /home/airflow/.local/lib/python3.12/site-packages/airflow/example_dags/example_xcom.py took 0.041 seconds
[2024-09-11T13:50:49.460+0000] {processor.py:186} INFO - Started process (PID=1216) to work on /home/airflow/.local/lib/python3.12/site-packages/airflow/example_dags/example_xcom.py
[2024-09-11T13:50:49.461+0000] {processor.py:914} INFO - Processing file /home/airflow/.local/lib/python3.12/site-packages/airflow/example_dags/example_xcom.py for tasks to queue
[2024-09-11T13:50:49.462+0000] {logging_mixin.py:190} INFO - [2024-09-11T13:50:49.462+0000] {dagbag.py:587} INFO - Filling up the DagBag from /home/airflow/.local/lib/python3.12/site-packages/airflow/example_dags/example_xcom.py
[2024-09-11T13:50:49.467+0000] {processor.py:925} INFO - DAG(s) 'example_xcom' retrieved from /home/airflow/.local/lib/python3.12/site-packages/airflow/example_dags/example_xcom.py
[2024-09-11T13:50:49.479+0000] {logging_mixin.py:190} INFO - [2024-09-11T13:50:49.478+0000] {dag.py:3229} INFO - Sync 1 DAGs
[2024-09-11T13:50:49.490+0000] {logging_mixin.py:190} INFO - [2024-09-11T13:50:49.490+0000] {dag.py:4156} INFO - Setting next_dagrun for example_xcom to 2021-01-01 00:00:00+00:00, run_after=2021-01-01 00:00:00+00:00
[2024-09-11T13:50:49.499+0000] {processor.py:208} INFO - Processing /home/airflow/.local/lib/python3.12/site-packages/airflow/example_dags/example_xcom.py took 0.043 seconds
[2024-09-11T13:51:19.632+0000] {processor.py:186} INFO - Started process (PID=1272) to work on /home/airflow/.local/lib/python3.12/site-packages/airflow/example_dags/example_xcom.py
[2024-09-11T13:51:19.633+0000] {processor.py:914} INFO - Processing file /home/airflow/.local/lib/python3.12/site-packages/airflow/example_dags/example_xcom.py for tasks to queue
[2024-09-11T13:51:19.634+0000] {logging_mixin.py:190} INFO - [2024-09-11T13:51:19.634+0000] {dagbag.py:587} INFO - Filling up the DagBag from /home/airflow/.local/lib/python3.12/site-packages/airflow/example_dags/example_xcom.py
[2024-09-11T13:51:19.640+0000] {processor.py:925} INFO - DAG(s) 'example_xcom' retrieved from /home/airflow/.local/lib/python3.12/site-packages/airflow/example_dags/example_xcom.py
[2024-09-11T13:51:19.659+0000] {logging_mixin.py:190} INFO - [2024-09-11T13:51:19.659+0000] {dag.py:3229} INFO - Sync 1 DAGs
[2024-09-11T13:51:19.673+0000] {logging_mixin.py:190} INFO - [2024-09-11T13:51:19.673+0000] {dag.py:4156} INFO - Setting next_dagrun for example_xcom to 2021-01-01 00:00:00+00:00, run_after=2021-01-01 00:00:00+00:00
[2024-09-11T13:51:19.684+0000] {processor.py:208} INFO - Processing /home/airflow/.local/lib/python3.12/site-packages/airflow/example_dags/example_xcom.py took 0.057 seconds
[2024-09-11T13:51:49.951+0000] {processor.py:186} INFO - Started process (PID=1328) to work on /home/airflow/.local/lib/python3.12/site-packages/airflow/example_dags/example_xcom.py
[2024-09-11T13:51:49.952+0000] {processor.py:914} INFO - Processing file /home/airflow/.local/lib/python3.12/site-packages/airflow/example_dags/example_xcom.py for tasks to queue
[2024-09-11T13:51:49.953+0000] {logging_mixin.py:190} INFO - [2024-09-11T13:51:49.953+0000] {dagbag.py:587} INFO - Filling up the DagBag from /home/airflow/.local/lib/python3.12/site-packages/airflow/example_dags/example_xcom.py
[2024-09-11T13:51:49.958+0000] {processor.py:925} INFO - DAG(s) 'example_xcom' retrieved from /home/airflow/.local/lib/python3.12/site-packages/airflow/example_dags/example_xcom.py
[2024-09-11T13:51:49.969+0000] {logging_mixin.py:190} INFO - [2024-09-11T13:51:49.969+0000] {dag.py:3229} INFO - Sync 1 DAGs
[2024-09-11T13:51:49.981+0000] {logging_mixin.py:190} INFO - [2024-09-11T13:51:49.981+0000] {dag.py:4156} INFO - Setting next_dagrun for example_xcom to 2021-01-01 00:00:00+00:00, run_after=2021-01-01 00:00:00+00:00
[2024-09-11T13:51:49.990+0000] {processor.py:208} INFO - Processing /home/airflow/.local/lib/python3.12/site-packages/airflow/example_dags/example_xcom.py took 0.042 seconds
[2024-09-11T13:52:20.172+0000] {processor.py:186} INFO - Started process (PID=1384) to work on /home/airflow/.local/lib/python3.12/site-packages/airflow/example_dags/example_xcom.py
[2024-09-11T13:52:20.173+0000] {processor.py:914} INFO - Processing file /home/airflow/.local/lib/python3.12/site-packages/airflow/example_dags/example_xcom.py for tasks to queue
[2024-09-11T13:52:20.174+0000] {logging_mixin.py:190} INFO - [2024-09-11T13:52:20.174+0000] {dagbag.py:587} INFO - Filling up the DagBag from /home/airflow/.local/lib/python3.12/site-packages/airflow/example_dags/example_xcom.py
[2024-09-11T13:52:20.179+0000] {processor.py:925} INFO - DAG(s) 'example_xcom' retrieved from /home/airflow/.local/lib/python3.12/site-packages/airflow/example_dags/example_xcom.py
[2024-09-11T13:52:20.190+0000] {logging_mixin.py:190} INFO - [2024-09-11T13:52:20.190+0000] {dag.py:3229} INFO - Sync 1 DAGs
[2024-09-11T13:52:20.201+0000] {logging_mixin.py:190} INFO - [2024-09-11T13:52:20.200+0000] {dag.py:4156} INFO - Setting next_dagrun for example_xcom to 2021-01-01 00:00:00+00:00, run_after=2021-01-01 00:00:00+00:00
[2024-09-11T13:52:20.209+0000] {processor.py:208} INFO - Processing /home/airflow/.local/lib/python3.12/site-packages/airflow/example_dags/example_xcom.py took 0.040 seconds
[2024-09-11T13:52:50.816+0000] {processor.py:186} INFO - Started process (PID=1440) to work on /home/airflow/.local/lib/python3.12/site-packages/airflow/example_dags/example_xcom.py
[2024-09-11T13:52:50.817+0000] {processor.py:914} INFO - Processing file /home/airflow/.local/lib/python3.12/site-packages/airflow/example_dags/example_xcom.py for tasks to queue
[2024-09-11T13:52:50.820+0000] {logging_mixin.py:190} INFO - [2024-09-11T13:52:50.820+0000] {dagbag.py:587} INFO - Filling up the DagBag from /home/airflow/.local/lib/python3.12/site-packages/airflow/example_dags/example_xcom.py
[2024-09-11T13:52:50.832+0000] {processor.py:925} INFO - DAG(s) 'example_xcom' retrieved from /home/airflow/.local/lib/python3.12/site-packages/airflow/example_dags/example_xcom.py
[2024-09-11T13:52:50.847+0000] {logging_mixin.py:190} INFO - [2024-09-11T13:52:50.846+0000] {dag.py:3229} INFO - Sync 1 DAGs
[2024-09-11T13:52:50.868+0000] {logging_mixin.py:190} INFO - [2024-09-11T13:52:50.868+0000] {dag.py:4156} INFO - Setting next_dagrun for example_xcom to 2021-01-01 00:00:00+00:00, run_after=2021-01-01 00:00:00+00:00
[2024-09-11T13:52:50.898+0000] {processor.py:208} INFO - Processing /home/airflow/.local/lib/python3.12/site-packages/airflow/example_dags/example_xcom.py took 0.088 seconds
[2024-09-11T13:53:21.383+0000] {processor.py:186} INFO - Started process (PID=1496) to work on /home/airflow/.local/lib/python3.12/site-packages/airflow/example_dags/example_xcom.py
[2024-09-11T13:53:21.384+0000] {processor.py:914} INFO - Processing file /home/airflow/.local/lib/python3.12/site-packages/airflow/example_dags/example_xcom.py for tasks to queue
[2024-09-11T13:53:21.385+0000] {logging_mixin.py:190} INFO - [2024-09-11T13:53:21.385+0000] {dagbag.py:587} INFO - Filling up the DagBag from /home/airflow/.local/lib/python3.12/site-packages/airflow/example_dags/example_xcom.py
[2024-09-11T13:53:21.391+0000] {processor.py:925} INFO - DAG(s) 'example_xcom' retrieved from /home/airflow/.local/lib/python3.12/site-packages/airflow/example_dags/example_xcom.py
[2024-09-11T13:53:21.403+0000] {logging_mixin.py:190} INFO - [2024-09-11T13:53:21.403+0000] {dag.py:3229} INFO - Sync 1 DAGs
[2024-09-11T13:53:21.421+0000] {logging_mixin.py:190} INFO - [2024-09-11T13:53:21.421+0000] {dag.py:4156} INFO - Setting next_dagrun for example_xcom to 2021-01-01 00:00:00+00:00, run_after=2021-01-01 00:00:00+00:00
[2024-09-11T13:53:21.431+0000] {processor.py:208} INFO - Processing /home/airflow/.local/lib/python3.12/site-packages/airflow/example_dags/example_xcom.py took 0.051 seconds
[2024-09-11T13:53:51.928+0000] {processor.py:186} INFO - Started process (PID=1552) to work on /home/airflow/.local/lib/python3.12/site-packages/airflow/example_dags/example_xcom.py
[2024-09-11T13:53:51.929+0000] {processor.py:914} INFO - Processing file /home/airflow/.local/lib/python3.12/site-packages/airflow/example_dags/example_xcom.py for tasks to queue
[2024-09-11T13:53:51.930+0000] {logging_mixin.py:190} INFO - [2024-09-11T13:53:51.930+0000] {dagbag.py:587} INFO - Filling up the DagBag from /home/airflow/.local/lib/python3.12/site-packages/airflow/example_dags/example_xcom.py
[2024-09-11T13:53:51.935+0000] {processor.py:925} INFO - DAG(s) 'example_xcom' retrieved from /home/airflow/.local/lib/python3.12/site-packages/airflow/example_dags/example_xcom.py
[2024-09-11T13:53:51.946+0000] {logging_mixin.py:190} INFO - [2024-09-11T13:53:51.946+0000] {dag.py:3229} INFO - Sync 1 DAGs
[2024-09-11T13:53:51.957+0000] {logging_mixin.py:190} INFO - [2024-09-11T13:53:51.957+0000] {dag.py:4156} INFO - Setting next_dagrun for example_xcom to 2021-01-01 00:00:00+00:00, run_after=2021-01-01 00:00:00+00:00
[2024-09-11T13:53:51.965+0000] {processor.py:208} INFO - Processing /home/airflow/.local/lib/python3.12/site-packages/airflow/example_dags/example_xcom.py took 0.040 seconds
[2024-09-11T13:54:22.484+0000] {processor.py:186} INFO - Started process (PID=1608) to work on /home/airflow/.local/lib/python3.12/site-packages/airflow/example_dags/example_xcom.py
[2024-09-11T13:54:22.485+0000] {processor.py:914} INFO - Processing file /home/airflow/.local/lib/python3.12/site-packages/airflow/example_dags/example_xcom.py for tasks to queue
[2024-09-11T13:54:22.486+0000] {logging_mixin.py:190} INFO - [2024-09-11T13:54:22.486+0000] {dagbag.py:587} INFO - Filling up the DagBag from /home/airflow/.local/lib/python3.12/site-packages/airflow/example_dags/example_xcom.py
[2024-09-11T13:54:22.492+0000] {processor.py:925} INFO - DAG(s) 'example_xcom' retrieved from /home/airflow/.local/lib/python3.12/site-packages/airflow/example_dags/example_xcom.py
[2024-09-11T13:54:22.503+0000] {logging_mixin.py:190} INFO - [2024-09-11T13:54:22.503+0000] {dag.py:3229} INFO - Sync 1 DAGs
[2024-09-11T13:54:22.515+0000] {logging_mixin.py:190} INFO - [2024-09-11T13:54:22.515+0000] {dag.py:4156} INFO - Setting next_dagrun for example_xcom to 2021-01-01 00:00:00+00:00, run_after=2021-01-01 00:00:00+00:00
[2024-09-11T13:54:22.524+0000] {processor.py:208} INFO - Processing /home/airflow/.local/lib/python3.12/site-packages/airflow/example_dags/example_xcom.py took 0.043 seconds
[2024-09-11T13:54:52.794+0000] {processor.py:186} INFO - Started process (PID=1664) to work on /home/airflow/.local/lib/python3.12/site-packages/airflow/example_dags/example_xcom.py
[2024-09-11T13:54:52.795+0000] {processor.py:914} INFO - Processing file /home/airflow/.local/lib/python3.12/site-packages/airflow/example_dags/example_xcom.py for tasks to queue
[2024-09-11T13:54:52.796+0000] {logging_mixin.py:190} INFO - [2024-09-11T13:54:52.796+0000] {dagbag.py:587} INFO - Filling up the DagBag from /home/airflow/.local/lib/python3.12/site-packages/airflow/example_dags/example_xcom.py
[2024-09-11T13:54:52.801+0000] {processor.py:925} INFO - DAG(s) 'example_xcom' retrieved from /home/airflow/.local/lib/python3.12/site-packages/airflow/example_dags/example_xcom.py
[2024-09-11T13:54:52.814+0000] {logging_mixin.py:190} INFO - [2024-09-11T13:54:52.814+0000] {dag.py:3229} INFO - Sync 1 DAGs
[2024-09-11T13:54:52.829+0000] {logging_mixin.py:190} INFO - [2024-09-11T13:54:52.829+0000] {dag.py:4156} INFO - Setting next_dagrun for example_xcom to 2021-01-01 00:00:00+00:00, run_after=2021-01-01 00:00:00+00:00
[2024-09-11T13:54:52.837+0000] {processor.py:208} INFO - Processing /home/airflow/.local/lib/python3.12/site-packages/airflow/example_dags/example_xcom.py took 0.047 seconds
[2024-09-11T13:55:23.138+0000] {processor.py:186} INFO - Started process (PID=1720) to work on /home/airflow/.local/lib/python3.12/site-packages/airflow/example_dags/example_xcom.py
[2024-09-11T13:55:23.139+0000] {processor.py:914} INFO - Processing file /home/airflow/.local/lib/python3.12/site-packages/airflow/example_dags/example_xcom.py for tasks to queue
[2024-09-11T13:55:23.141+0000] {logging_mixin.py:190} INFO - [2024-09-11T13:55:23.140+0000] {dagbag.py:587} INFO - Filling up the DagBag from /home/airflow/.local/lib/python3.12/site-packages/airflow/example_dags/example_xcom.py
[2024-09-11T13:55:23.147+0000] {processor.py:925} INFO - DAG(s) 'example_xcom' retrieved from /home/airflow/.local/lib/python3.12/site-packages/airflow/example_dags/example_xcom.py
[2024-09-11T13:55:23.159+0000] {logging_mixin.py:190} INFO - [2024-09-11T13:55:23.159+0000] {dag.py:3229} INFO - Sync 1 DAGs
[2024-09-11T13:55:23.172+0000] {logging_mixin.py:190} INFO - [2024-09-11T13:55:23.172+0000] {dag.py:4156} INFO - Setting next_dagrun for example_xcom to 2021-01-01 00:00:00+00:00, run_after=2021-01-01 00:00:00+00:00
[2024-09-11T13:55:23.182+0000] {processor.py:208} INFO - Processing /home/airflow/.local/lib/python3.12/site-packages/airflow/example_dags/example_xcom.py took 0.047 seconds
[2024-09-11T13:55:53.488+0000] {processor.py:186} INFO - Started process (PID=1776) to work on /home/airflow/.local/lib/python3.12/site-packages/airflow/example_dags/example_xcom.py
[2024-09-11T13:55:53.488+0000] {processor.py:914} INFO - Processing file /home/airflow/.local/lib/python3.12/site-packages/airflow/example_dags/example_xcom.py for tasks to queue
[2024-09-11T13:55:53.490+0000] {logging_mixin.py:190} INFO - [2024-09-11T13:55:53.489+0000] {dagbag.py:587} INFO - Filling up the DagBag from /home/airflow/.local/lib/python3.12/site-packages/airflow/example_dags/example_xcom.py
[2024-09-11T13:55:53.494+0000] {processor.py:925} INFO - DAG(s) 'example_xcom' retrieved from /home/airflow/.local/lib/python3.12/site-packages/airflow/example_dags/example_xcom.py
[2024-09-11T13:55:53.505+0000] {logging_mixin.py:190} INFO - [2024-09-11T13:55:53.505+0000] {dag.py:3229} INFO - Sync 1 DAGs
[2024-09-11T13:55:53.516+0000] {logging_mixin.py:190} INFO - [2024-09-11T13:55:53.516+0000] {dag.py:4156} INFO - Setting next_dagrun for example_xcom to 2021-01-01 00:00:00+00:00, run_after=2021-01-01 00:00:00+00:00
[2024-09-11T13:55:53.525+0000] {processor.py:208} INFO - Processing /home/airflow/.local/lib/python3.12/site-packages/airflow/example_dags/example_xcom.py took 0.041 seconds
[2024-09-11T13:56:23.837+0000] {processor.py:186} INFO - Started process (PID=1832) to work on /home/airflow/.local/lib/python3.12/site-packages/airflow/example_dags/example_xcom.py
[2024-09-11T13:56:23.838+0000] {processor.py:914} INFO - Processing file /home/airflow/.local/lib/python3.12/site-packages/airflow/example_dags/example_xcom.py for tasks to queue
[2024-09-11T13:56:23.839+0000] {logging_mixin.py:190} INFO - [2024-09-11T13:56:23.839+0000] {dagbag.py:587} INFO - Filling up the DagBag from /home/airflow/.local/lib/python3.12/site-packages/airflow/example_dags/example_xcom.py
[2024-09-11T13:56:23.844+0000] {processor.py:925} INFO - DAG(s) 'example_xcom' retrieved from /home/airflow/.local/lib/python3.12/site-packages/airflow/example_dags/example_xcom.py
[2024-09-11T13:56:23.855+0000] {logging_mixin.py:190} INFO - [2024-09-11T13:56:23.854+0000] {dag.py:3229} INFO - Sync 1 DAGs
[2024-09-11T13:56:23.865+0000] {logging_mixin.py:190} INFO - [2024-09-11T13:56:23.865+0000] {dag.py:4156} INFO - Setting next_dagrun for example_xcom to 2021-01-01 00:00:00+00:00, run_after=2021-01-01 00:00:00+00:00
[2024-09-11T13:56:23.873+0000] {processor.py:208} INFO - Processing /home/airflow/.local/lib/python3.12/site-packages/airflow/example_dags/example_xcom.py took 0.038 seconds
[2024-09-11T13:56:54.215+0000] {processor.py:186} INFO - Started process (PID=1888) to work on /home/airflow/.local/lib/python3.12/site-packages/airflow/example_dags/example_xcom.py
[2024-09-11T13:56:54.216+0000] {processor.py:914} INFO - Processing file /home/airflow/.local/lib/python3.12/site-packages/airflow/example_dags/example_xcom.py for tasks to queue
[2024-09-11T13:56:54.217+0000] {logging_mixin.py:190} INFO - [2024-09-11T13:56:54.217+0000] {dagbag.py:587} INFO - Filling up the DagBag from /home/airflow/.local/lib/python3.12/site-packages/airflow/example_dags/example_xcom.py
[2024-09-11T13:56:54.223+0000] {processor.py:925} INFO - DAG(s) 'example_xcom' retrieved from /home/airflow/.local/lib/python3.12/site-packages/airflow/example_dags/example_xcom.py
[2024-09-11T13:56:54.235+0000] {logging_mixin.py:190} INFO - [2024-09-11T13:56:54.235+0000] {dag.py:3229} INFO - Sync 1 DAGs
[2024-09-11T13:56:54.248+0000] {logging_mixin.py:190} INFO - [2024-09-11T13:56:54.248+0000] {dag.py:4156} INFO - Setting next_dagrun for example_xcom to 2021-01-01 00:00:00+00:00, run_after=2021-01-01 00:00:00+00:00
[2024-09-11T13:56:54.257+0000] {processor.py:208} INFO - Processing /home/airflow/.local/lib/python3.12/site-packages/airflow/example_dags/example_xcom.py took 0.045 seconds
[2024-09-11T13:57:24.586+0000] {processor.py:186} INFO - Started process (PID=1944) to work on /home/airflow/.local/lib/python3.12/site-packages/airflow/example_dags/example_xcom.py
[2024-09-11T13:57:24.587+0000] {processor.py:914} INFO - Processing file /home/airflow/.local/lib/python3.12/site-packages/airflow/example_dags/example_xcom.py for tasks to queue
[2024-09-11T13:57:24.588+0000] {logging_mixin.py:190} INFO - [2024-09-11T13:57:24.588+0000] {dagbag.py:587} INFO - Filling up the DagBag from /home/airflow/.local/lib/python3.12/site-packages/airflow/example_dags/example_xcom.py
[2024-09-11T13:57:24.593+0000] {processor.py:925} INFO - DAG(s) 'example_xcom' retrieved from /home/airflow/.local/lib/python3.12/site-packages/airflow/example_dags/example_xcom.py
[2024-09-11T13:57:24.609+0000] {logging_mixin.py:190} INFO - [2024-09-11T13:57:24.608+0000] {dag.py:3229} INFO - Sync 1 DAGs
[2024-09-11T13:57:24.624+0000] {logging_mixin.py:190} INFO - [2024-09-11T13:57:24.624+0000] {dag.py:4156} INFO - Setting next_dagrun for example_xcom to 2021-01-01 00:00:00+00:00, run_after=2021-01-01 00:00:00+00:00
[2024-09-11T13:57:24.637+0000] {processor.py:208} INFO - Processing /home/airflow/.local/lib/python3.12/site-packages/airflow/example_dags/example_xcom.py took 0.054 seconds
[2024-09-11T13:57:54.911+0000] {processor.py:186} INFO - Started process (PID=2000) to work on /home/airflow/.local/lib/python3.12/site-packages/airflow/example_dags/example_xcom.py
[2024-09-11T13:57:54.912+0000] {processor.py:914} INFO - Processing file /home/airflow/.local/lib/python3.12/site-packages/airflow/example_dags/example_xcom.py for tasks to queue
[2024-09-11T13:57:54.914+0000] {logging_mixin.py:190} INFO - [2024-09-11T13:57:54.913+0000] {dagbag.py:587} INFO - Filling up the DagBag from /home/airflow/.local/lib/python3.12/site-packages/airflow/example_dags/example_xcom.py
[2024-09-11T13:57:54.918+0000] {processor.py:925} INFO - DAG(s) 'example_xcom' retrieved from /home/airflow/.local/lib/python3.12/site-packages/airflow/example_dags/example_xcom.py
[2024-09-11T13:57:54.930+0000] {logging_mixin.py:190} INFO - [2024-09-11T13:57:54.930+0000] {dag.py:3229} INFO - Sync 1 DAGs
[2024-09-11T13:57:54.945+0000] {logging_mixin.py:190} INFO - [2024-09-11T13:57:54.944+0000] {dag.py:4156} INFO - Setting next_dagrun for example_xcom to 2021-01-01 00:00:00+00:00, run_after=2021-01-01 00:00:00+00:00
[2024-09-11T13:57:54.955+0000] {processor.py:208} INFO - Processing /home/airflow/.local/lib/python3.12/site-packages/airflow/example_dags/example_xcom.py took 0.046 seconds
[2024-09-11T13:58:25.443+0000] {processor.py:186} INFO - Started process (PID=2056) to work on /home/airflow/.local/lib/python3.12/site-packages/airflow/example_dags/example_xcom.py
[2024-09-11T13:58:25.444+0000] {processor.py:914} INFO - Processing file /home/airflow/.local/lib/python3.12/site-packages/airflow/example_dags/example_xcom.py for tasks to queue
[2024-09-11T13:58:25.446+0000] {logging_mixin.py:190} INFO - [2024-09-11T13:58:25.445+0000] {dagbag.py:587} INFO - Filling up the DagBag from /home/airflow/.local/lib/python3.12/site-packages/airflow/example_dags/example_xcom.py
[2024-09-11T13:58:25.450+0000] {processor.py:925} INFO - DAG(s) 'example_xcom' retrieved from /home/airflow/.local/lib/python3.12/site-packages/airflow/example_dags/example_xcom.py
[2024-09-11T13:58:25.461+0000] {logging_mixin.py:190} INFO - [2024-09-11T13:58:25.461+0000] {dag.py:3229} INFO - Sync 1 DAGs
[2024-09-11T13:58:25.474+0000] {logging_mixin.py:190} INFO - [2024-09-11T13:58:25.473+0000] {dag.py:4156} INFO - Setting next_dagrun for example_xcom to 2021-01-01 00:00:00+00:00, run_after=2021-01-01 00:00:00+00:00
[2024-09-11T13:58:25.484+0000] {processor.py:208} INFO - Processing /home/airflow/.local/lib/python3.12/site-packages/airflow/example_dags/example_xcom.py took 0.044 seconds
