[2024-09-11T13:40:18.566+0000] {processor.py:186} INFO - Started process (PID=64) to work on /home/airflow/.local/lib/python3.12/site-packages/airflow/example_dags/example_latest_only_with_trigger.py
[2024-09-11T13:40:18.570+0000] {processor.py:914} INFO - Processing file /home/airflow/.local/lib/python3.12/site-packages/airflow/example_dags/example_latest_only_with_trigger.py for tasks to queue
[2024-09-11T13:40:18.575+0000] {logging_mixin.py:190} INFO - [2024-09-11T13:40:18.575+0000] {dagbag.py:587} INFO - Filling up the DagBag from /home/airflow/.local/lib/python3.12/site-packages/airflow/example_dags/example_latest_only_with_trigger.py
[2024-09-11T13:40:18.583+0000] {processor.py:925} INFO - DAG(s) 'latest_only_with_trigger' retrieved from /home/airflow/.local/lib/python3.12/site-packages/airflow/example_dags/example_latest_only_with_trigger.py
[2024-09-11T13:40:18.699+0000] {logging_mixin.py:190} INFO - [2024-09-11T13:40:18.698+0000] {override.py:1900} INFO - Created Permission View: can read on DAG:latest_only_with_trigger
[2024-09-11T13:40:18.709+0000] {logging_mixin.py:190} INFO - [2024-09-11T13:40:18.709+0000] {override.py:1900} INFO - Created Permission View: can delete on DAG:latest_only_with_trigger
[2024-09-11T13:40:18.718+0000] {logging_mixin.py:190} INFO - [2024-09-11T13:40:18.718+0000] {override.py:1900} INFO - Created Permission View: can edit on DAG:latest_only_with_trigger
[2024-09-11T13:40:18.731+0000] {logging_mixin.py:190} INFO - [2024-09-11T13:40:18.730+0000] {override.py:1900} INFO - Created Permission View: can read on DAG Run:latest_only_with_trigger
[2024-09-11T13:40:18.741+0000] {logging_mixin.py:190} INFO - [2024-09-11T13:40:18.741+0000] {override.py:1900} INFO - Created Permission View: can create on DAG Run:latest_only_with_trigger
[2024-09-11T13:40:18.746+0000] {logging_mixin.py:190} INFO - [2024-09-11T13:40:18.746+0000] {override.py:1900} INFO - Created Permission View: menu access on DAG Run:latest_only_with_trigger
[2024-09-11T13:40:18.751+0000] {logging_mixin.py:190} INFO - [2024-09-11T13:40:18.751+0000] {override.py:1900} INFO - Created Permission View: can delete on DAG Run:latest_only_with_trigger
[2024-09-11T13:40:18.752+0000] {logging_mixin.py:190} INFO - [2024-09-11T13:40:18.752+0000] {dag.py:3229} INFO - Sync 1 DAGs
[2024-09-11T13:40:18.762+0000] {logging_mixin.py:190} INFO - [2024-09-11T13:40:18.761+0000] {dag.py:3252} INFO - Creating ORM DAG for latest_only_with_trigger
[2024-09-11T13:40:18.769+0000] {logging_mixin.py:190} INFO - [2024-09-11T13:40:18.769+0000] {dag.py:4156} INFO - Setting next_dagrun for latest_only_with_trigger to 2024-09-11 08:00:00+00:00, run_after=2024-09-11 12:00:00+00:00
[2024-09-11T13:40:18.783+0000] {processor.py:208} INFO - Processing /home/airflow/.local/lib/python3.12/site-packages/airflow/example_dags/example_latest_only_with_trigger.py took 0.222 seconds
[2024-09-11T13:40:49.563+0000] {processor.py:186} INFO - Started process (PID=120) to work on /home/airflow/.local/lib/python3.12/site-packages/airflow/example_dags/example_latest_only_with_trigger.py
[2024-09-11T13:40:49.564+0000] {processor.py:914} INFO - Processing file /home/airflow/.local/lib/python3.12/site-packages/airflow/example_dags/example_latest_only_with_trigger.py for tasks to queue
[2024-09-11T13:40:49.566+0000] {logging_mixin.py:190} INFO - [2024-09-11T13:40:49.566+0000] {dagbag.py:587} INFO - Filling up the DagBag from /home/airflow/.local/lib/python3.12/site-packages/airflow/example_dags/example_latest_only_with_trigger.py
[2024-09-11T13:40:49.571+0000] {processor.py:925} INFO - DAG(s) 'latest_only_with_trigger' retrieved from /home/airflow/.local/lib/python3.12/site-packages/airflow/example_dags/example_latest_only_with_trigger.py
[2024-09-11T13:40:49.584+0000] {logging_mixin.py:190} INFO - [2024-09-11T13:40:49.584+0000] {dag.py:3229} INFO - Sync 1 DAGs
[2024-09-11T13:40:49.598+0000] {logging_mixin.py:190} INFO - [2024-09-11T13:40:49.598+0000] {dag.py:4156} INFO - Setting next_dagrun for latest_only_with_trigger to 2024-09-11 08:00:00+00:00, run_after=2024-09-11 12:00:00+00:00
[2024-09-11T13:40:49.622+0000] {processor.py:208} INFO - Processing /home/airflow/.local/lib/python3.12/site-packages/airflow/example_dags/example_latest_only_with_trigger.py took 0.063 seconds
[2024-09-11T13:41:19.643+0000] {processor.py:186} INFO - Started process (PID=176) to work on /home/airflow/.local/lib/python3.12/site-packages/airflow/example_dags/example_latest_only_with_trigger.py
[2024-09-11T13:41:19.644+0000] {processor.py:914} INFO - Processing file /home/airflow/.local/lib/python3.12/site-packages/airflow/example_dags/example_latest_only_with_trigger.py for tasks to queue
[2024-09-11T13:41:19.646+0000] {logging_mixin.py:190} INFO - [2024-09-11T13:41:19.646+0000] {dagbag.py:587} INFO - Filling up the DagBag from /home/airflow/.local/lib/python3.12/site-packages/airflow/example_dags/example_latest_only_with_trigger.py
[2024-09-11T13:41:19.650+0000] {processor.py:925} INFO - DAG(s) 'latest_only_with_trigger' retrieved from /home/airflow/.local/lib/python3.12/site-packages/airflow/example_dags/example_latest_only_with_trigger.py
[2024-09-11T13:41:19.666+0000] {logging_mixin.py:190} INFO - [2024-09-11T13:41:19.665+0000] {dag.py:3229} INFO - Sync 1 DAGs
[2024-09-11T13:41:19.679+0000] {logging_mixin.py:190} INFO - [2024-09-11T13:41:19.679+0000] {dag.py:4156} INFO - Setting next_dagrun for latest_only_with_trigger to 2024-09-11 08:00:00+00:00, run_after=2024-09-11 12:00:00+00:00
[2024-09-11T13:41:19.689+0000] {processor.py:208} INFO - Processing /home/airflow/.local/lib/python3.12/site-packages/airflow/example_dags/example_latest_only_with_trigger.py took 0.049 seconds
[2024-09-11T13:41:49.904+0000] {processor.py:186} INFO - Started process (PID=232) to work on /home/airflow/.local/lib/python3.12/site-packages/airflow/example_dags/example_latest_only_with_trigger.py
[2024-09-11T13:41:49.904+0000] {processor.py:914} INFO - Processing file /home/airflow/.local/lib/python3.12/site-packages/airflow/example_dags/example_latest_only_with_trigger.py for tasks to queue
[2024-09-11T13:41:49.906+0000] {logging_mixin.py:190} INFO - [2024-09-11T13:41:49.906+0000] {dagbag.py:587} INFO - Filling up the DagBag from /home/airflow/.local/lib/python3.12/site-packages/airflow/example_dags/example_latest_only_with_trigger.py
[2024-09-11T13:41:49.911+0000] {processor.py:925} INFO - DAG(s) 'latest_only_with_trigger' retrieved from /home/airflow/.local/lib/python3.12/site-packages/airflow/example_dags/example_latest_only_with_trigger.py
[2024-09-11T13:41:49.923+0000] {logging_mixin.py:190} INFO - [2024-09-11T13:41:49.923+0000] {dag.py:3229} INFO - Sync 1 DAGs
[2024-09-11T13:41:49.936+0000] {logging_mixin.py:190} INFO - [2024-09-11T13:41:49.936+0000] {dag.py:4156} INFO - Setting next_dagrun for latest_only_with_trigger to 2024-09-11 08:00:00+00:00, run_after=2024-09-11 12:00:00+00:00
[2024-09-11T13:41:49.946+0000] {processor.py:208} INFO - Processing /home/airflow/.local/lib/python3.12/site-packages/airflow/example_dags/example_latest_only_with_trigger.py took 0.046 seconds
[2024-09-11T13:42:20.452+0000] {processor.py:186} INFO - Started process (PID=288) to work on /home/airflow/.local/lib/python3.12/site-packages/airflow/example_dags/example_latest_only_with_trigger.py
[2024-09-11T13:42:20.452+0000] {processor.py:914} INFO - Processing file /home/airflow/.local/lib/python3.12/site-packages/airflow/example_dags/example_latest_only_with_trigger.py for tasks to queue
[2024-09-11T13:42:20.454+0000] {logging_mixin.py:190} INFO - [2024-09-11T13:42:20.454+0000] {dagbag.py:587} INFO - Filling up the DagBag from /home/airflow/.local/lib/python3.12/site-packages/airflow/example_dags/example_latest_only_with_trigger.py
[2024-09-11T13:42:20.459+0000] {processor.py:925} INFO - DAG(s) 'latest_only_with_trigger' retrieved from /home/airflow/.local/lib/python3.12/site-packages/airflow/example_dags/example_latest_only_with_trigger.py
[2024-09-11T13:42:20.469+0000] {logging_mixin.py:190} INFO - [2024-09-11T13:42:20.469+0000] {dag.py:3229} INFO - Sync 1 DAGs
[2024-09-11T13:42:20.480+0000] {logging_mixin.py:190} INFO - [2024-09-11T13:42:20.480+0000] {dag.py:4156} INFO - Setting next_dagrun for latest_only_with_trigger to 2024-09-11 08:00:00+00:00, run_after=2024-09-11 12:00:00+00:00
[2024-09-11T13:42:20.489+0000] {processor.py:208} INFO - Processing /home/airflow/.local/lib/python3.12/site-packages/airflow/example_dags/example_latest_only_with_trigger.py took 0.040 seconds
[2024-09-11T13:42:50.572+0000] {processor.py:186} INFO - Started process (PID=344) to work on /home/airflow/.local/lib/python3.12/site-packages/airflow/example_dags/example_latest_only_with_trigger.py
[2024-09-11T13:42:50.573+0000] {processor.py:914} INFO - Processing file /home/airflow/.local/lib/python3.12/site-packages/airflow/example_dags/example_latest_only_with_trigger.py for tasks to queue
[2024-09-11T13:42:50.574+0000] {logging_mixin.py:190} INFO - [2024-09-11T13:42:50.574+0000] {dagbag.py:587} INFO - Filling up the DagBag from /home/airflow/.local/lib/python3.12/site-packages/airflow/example_dags/example_latest_only_with_trigger.py
[2024-09-11T13:42:50.579+0000] {processor.py:925} INFO - DAG(s) 'latest_only_with_trigger' retrieved from /home/airflow/.local/lib/python3.12/site-packages/airflow/example_dags/example_latest_only_with_trigger.py
[2024-09-11T13:42:50.589+0000] {logging_mixin.py:190} INFO - [2024-09-11T13:42:50.589+0000] {dag.py:3229} INFO - Sync 1 DAGs
[2024-09-11T13:42:50.601+0000] {logging_mixin.py:190} INFO - [2024-09-11T13:42:50.601+0000] {dag.py:4156} INFO - Setting next_dagrun for latest_only_with_trigger to 2024-09-11 08:00:00+00:00, run_after=2024-09-11 12:00:00+00:00
[2024-09-11T13:42:50.609+0000] {processor.py:208} INFO - Processing /home/airflow/.local/lib/python3.12/site-packages/airflow/example_dags/example_latest_only_with_trigger.py took 0.041 seconds
[2024-09-11T13:43:20.802+0000] {processor.py:186} INFO - Started process (PID=400) to work on /home/airflow/.local/lib/python3.12/site-packages/airflow/example_dags/example_latest_only_with_trigger.py
[2024-09-11T13:43:20.803+0000] {processor.py:914} INFO - Processing file /home/airflow/.local/lib/python3.12/site-packages/airflow/example_dags/example_latest_only_with_trigger.py for tasks to queue
[2024-09-11T13:43:20.804+0000] {logging_mixin.py:190} INFO - [2024-09-11T13:43:20.804+0000] {dagbag.py:587} INFO - Filling up the DagBag from /home/airflow/.local/lib/python3.12/site-packages/airflow/example_dags/example_latest_only_with_trigger.py
[2024-09-11T13:43:20.808+0000] {processor.py:925} INFO - DAG(s) 'latest_only_with_trigger' retrieved from /home/airflow/.local/lib/python3.12/site-packages/airflow/example_dags/example_latest_only_with_trigger.py
[2024-09-11T13:43:20.819+0000] {logging_mixin.py:190} INFO - [2024-09-11T13:43:20.819+0000] {dag.py:3229} INFO - Sync 1 DAGs
[2024-09-11T13:43:20.830+0000] {logging_mixin.py:190} INFO - [2024-09-11T13:43:20.830+0000] {dag.py:4156} INFO - Setting next_dagrun for latest_only_with_trigger to 2024-09-11 08:00:00+00:00, run_after=2024-09-11 12:00:00+00:00
[2024-09-11T13:43:20.839+0000] {processor.py:208} INFO - Processing /home/airflow/.local/lib/python3.12/site-packages/airflow/example_dags/example_latest_only_with_trigger.py took 0.040 seconds
[2024-09-11T13:43:51.083+0000] {processor.py:186} INFO - Started process (PID=456) to work on /home/airflow/.local/lib/python3.12/site-packages/airflow/example_dags/example_latest_only_with_trigger.py
[2024-09-11T13:43:51.084+0000] {processor.py:914} INFO - Processing file /home/airflow/.local/lib/python3.12/site-packages/airflow/example_dags/example_latest_only_with_trigger.py for tasks to queue
[2024-09-11T13:43:51.085+0000] {logging_mixin.py:190} INFO - [2024-09-11T13:43:51.085+0000] {dagbag.py:587} INFO - Filling up the DagBag from /home/airflow/.local/lib/python3.12/site-packages/airflow/example_dags/example_latest_only_with_trigger.py
[2024-09-11T13:43:51.090+0000] {processor.py:925} INFO - DAG(s) 'latest_only_with_trigger' retrieved from /home/airflow/.local/lib/python3.12/site-packages/airflow/example_dags/example_latest_only_with_trigger.py
[2024-09-11T13:43:51.102+0000] {logging_mixin.py:190} INFO - [2024-09-11T13:43:51.102+0000] {dag.py:3229} INFO - Sync 1 DAGs
[2024-09-11T13:43:51.114+0000] {logging_mixin.py:190} INFO - [2024-09-11T13:43:51.114+0000] {dag.py:4156} INFO - Setting next_dagrun for latest_only_with_trigger to 2024-09-11 08:00:00+00:00, run_after=2024-09-11 12:00:00+00:00
[2024-09-11T13:43:51.124+0000] {processor.py:208} INFO - Processing /home/airflow/.local/lib/python3.12/site-packages/airflow/example_dags/example_latest_only_with_trigger.py took 0.044 seconds
[2024-09-11T13:44:21.261+0000] {processor.py:186} INFO - Started process (PID=512) to work on /home/airflow/.local/lib/python3.12/site-packages/airflow/example_dags/example_latest_only_with_trigger.py
[2024-09-11T13:44:21.262+0000] {processor.py:914} INFO - Processing file /home/airflow/.local/lib/python3.12/site-packages/airflow/example_dags/example_latest_only_with_trigger.py for tasks to queue
[2024-09-11T13:44:21.263+0000] {logging_mixin.py:190} INFO - [2024-09-11T13:44:21.263+0000] {dagbag.py:587} INFO - Filling up the DagBag from /home/airflow/.local/lib/python3.12/site-packages/airflow/example_dags/example_latest_only_with_trigger.py
[2024-09-11T13:44:21.268+0000] {processor.py:925} INFO - DAG(s) 'latest_only_with_trigger' retrieved from /home/airflow/.local/lib/python3.12/site-packages/airflow/example_dags/example_latest_only_with_trigger.py
[2024-09-11T13:44:21.278+0000] {logging_mixin.py:190} INFO - [2024-09-11T13:44:21.278+0000] {dag.py:3229} INFO - Sync 1 DAGs
[2024-09-11T13:44:21.290+0000] {logging_mixin.py:190} INFO - [2024-09-11T13:44:21.289+0000] {dag.py:4156} INFO - Setting next_dagrun for latest_only_with_trigger to 2024-09-11 08:00:00+00:00, run_after=2024-09-11 12:00:00+00:00
[2024-09-11T13:44:21.298+0000] {processor.py:208} INFO - Processing /home/airflow/.local/lib/python3.12/site-packages/airflow/example_dags/example_latest_only_with_trigger.py took 0.040 seconds
[2024-09-11T13:44:51.626+0000] {processor.py:186} INFO - Started process (PID=568) to work on /home/airflow/.local/lib/python3.12/site-packages/airflow/example_dags/example_latest_only_with_trigger.py
[2024-09-11T13:44:51.627+0000] {processor.py:914} INFO - Processing file /home/airflow/.local/lib/python3.12/site-packages/airflow/example_dags/example_latest_only_with_trigger.py for tasks to queue
[2024-09-11T13:44:51.628+0000] {logging_mixin.py:190} INFO - [2024-09-11T13:44:51.628+0000] {dagbag.py:587} INFO - Filling up the DagBag from /home/airflow/.local/lib/python3.12/site-packages/airflow/example_dags/example_latest_only_with_trigger.py
[2024-09-11T13:44:51.633+0000] {processor.py:925} INFO - DAG(s) 'latest_only_with_trigger' retrieved from /home/airflow/.local/lib/python3.12/site-packages/airflow/example_dags/example_latest_only_with_trigger.py
[2024-09-11T13:44:51.643+0000] {logging_mixin.py:190} INFO - [2024-09-11T13:44:51.643+0000] {dag.py:3229} INFO - Sync 1 DAGs
[2024-09-11T13:44:51.655+0000] {logging_mixin.py:190} INFO - [2024-09-11T13:44:51.654+0000] {dag.py:4156} INFO - Setting next_dagrun for latest_only_with_trigger to 2024-09-11 08:00:00+00:00, run_after=2024-09-11 12:00:00+00:00
[2024-09-11T13:44:51.663+0000] {processor.py:208} INFO - Processing /home/airflow/.local/lib/python3.12/site-packages/airflow/example_dags/example_latest_only_with_trigger.py took 0.040 seconds
[2024-09-11T13:45:21.827+0000] {processor.py:186} INFO - Started process (PID=624) to work on /home/airflow/.local/lib/python3.12/site-packages/airflow/example_dags/example_latest_only_with_trigger.py
[2024-09-11T13:45:21.827+0000] {processor.py:914} INFO - Processing file /home/airflow/.local/lib/python3.12/site-packages/airflow/example_dags/example_latest_only_with_trigger.py for tasks to queue
[2024-09-11T13:45:21.829+0000] {logging_mixin.py:190} INFO - [2024-09-11T13:45:21.829+0000] {dagbag.py:587} INFO - Filling up the DagBag from /home/airflow/.local/lib/python3.12/site-packages/airflow/example_dags/example_latest_only_with_trigger.py
[2024-09-11T13:45:21.834+0000] {processor.py:925} INFO - DAG(s) 'latest_only_with_trigger' retrieved from /home/airflow/.local/lib/python3.12/site-packages/airflow/example_dags/example_latest_only_with_trigger.py
[2024-09-11T13:45:21.844+0000] {logging_mixin.py:190} INFO - [2024-09-11T13:45:21.844+0000] {dag.py:3229} INFO - Sync 1 DAGs
[2024-09-11T13:45:21.856+0000] {logging_mixin.py:190} INFO - [2024-09-11T13:45:21.856+0000] {dag.py:4156} INFO - Setting next_dagrun for latest_only_with_trigger to 2024-09-11 08:00:00+00:00, run_after=2024-09-11 12:00:00+00:00
[2024-09-11T13:45:21.864+0000] {processor.py:208} INFO - Processing /home/airflow/.local/lib/python3.12/site-packages/airflow/example_dags/example_latest_only_with_trigger.py took 0.041 seconds
[2024-09-11T13:45:52.028+0000] {processor.py:186} INFO - Started process (PID=680) to work on /home/airflow/.local/lib/python3.12/site-packages/airflow/example_dags/example_latest_only_with_trigger.py
[2024-09-11T13:45:52.028+0000] {processor.py:914} INFO - Processing file /home/airflow/.local/lib/python3.12/site-packages/airflow/example_dags/example_latest_only_with_trigger.py for tasks to queue
[2024-09-11T13:45:52.030+0000] {logging_mixin.py:190} INFO - [2024-09-11T13:45:52.030+0000] {dagbag.py:587} INFO - Filling up the DagBag from /home/airflow/.local/lib/python3.12/site-packages/airflow/example_dags/example_latest_only_with_trigger.py
[2024-09-11T13:45:52.034+0000] {processor.py:925} INFO - DAG(s) 'latest_only_with_trigger' retrieved from /home/airflow/.local/lib/python3.12/site-packages/airflow/example_dags/example_latest_only_with_trigger.py
[2024-09-11T13:45:52.044+0000] {logging_mixin.py:190} INFO - [2024-09-11T13:45:52.044+0000] {dag.py:3229} INFO - Sync 1 DAGs
[2024-09-11T13:45:52.056+0000] {logging_mixin.py:190} INFO - [2024-09-11T13:45:52.055+0000] {dag.py:4156} INFO - Setting next_dagrun for latest_only_with_trigger to 2024-09-11 08:00:00+00:00, run_after=2024-09-11 12:00:00+00:00
[2024-09-11T13:45:52.064+0000] {processor.py:208} INFO - Processing /home/airflow/.local/lib/python3.12/site-packages/airflow/example_dags/example_latest_only_with_trigger.py took 0.040 seconds
[2024-09-11T13:46:22.143+0000] {processor.py:186} INFO - Started process (PID=736) to work on /home/airflow/.local/lib/python3.12/site-packages/airflow/example_dags/example_latest_only_with_trigger.py
[2024-09-11T13:46:22.146+0000] {processor.py:914} INFO - Processing file /home/airflow/.local/lib/python3.12/site-packages/airflow/example_dags/example_latest_only_with_trigger.py for tasks to queue
[2024-09-11T13:46:22.148+0000] {logging_mixin.py:190} INFO - [2024-09-11T13:46:22.148+0000] {dagbag.py:587} INFO - Filling up the DagBag from /home/airflow/.local/lib/python3.12/site-packages/airflow/example_dags/example_latest_only_with_trigger.py
[2024-09-11T13:46:22.153+0000] {processor.py:925} INFO - DAG(s) 'latest_only_with_trigger' retrieved from /home/airflow/.local/lib/python3.12/site-packages/airflow/example_dags/example_latest_only_with_trigger.py
[2024-09-11T13:46:22.164+0000] {logging_mixin.py:190} INFO - [2024-09-11T13:46:22.164+0000] {dag.py:3229} INFO - Sync 1 DAGs
[2024-09-11T13:46:22.176+0000] {logging_mixin.py:190} INFO - [2024-09-11T13:46:22.176+0000] {dag.py:4156} INFO - Setting next_dagrun for latest_only_with_trigger to 2024-09-11 08:00:00+00:00, run_after=2024-09-11 12:00:00+00:00
[2024-09-11T13:46:22.188+0000] {processor.py:208} INFO - Processing /home/airflow/.local/lib/python3.12/site-packages/airflow/example_dags/example_latest_only_with_trigger.py took 0.048 seconds
[2024-09-11T13:46:52.508+0000] {processor.py:186} INFO - Started process (PID=792) to work on /home/airflow/.local/lib/python3.12/site-packages/airflow/example_dags/example_latest_only_with_trigger.py
[2024-09-11T13:46:52.508+0000] {processor.py:914} INFO - Processing file /home/airflow/.local/lib/python3.12/site-packages/airflow/example_dags/example_latest_only_with_trigger.py for tasks to queue
[2024-09-11T13:46:52.510+0000] {logging_mixin.py:190} INFO - [2024-09-11T13:46:52.510+0000] {dagbag.py:587} INFO - Filling up the DagBag from /home/airflow/.local/lib/python3.12/site-packages/airflow/example_dags/example_latest_only_with_trigger.py
[2024-09-11T13:46:52.514+0000] {processor.py:925} INFO - DAG(s) 'latest_only_with_trigger' retrieved from /home/airflow/.local/lib/python3.12/site-packages/airflow/example_dags/example_latest_only_with_trigger.py
[2024-09-11T13:46:52.525+0000] {logging_mixin.py:190} INFO - [2024-09-11T13:46:52.524+0000] {dag.py:3229} INFO - Sync 1 DAGs
[2024-09-11T13:46:52.537+0000] {logging_mixin.py:190} INFO - [2024-09-11T13:46:52.537+0000] {dag.py:4156} INFO - Setting next_dagrun for latest_only_with_trigger to 2024-09-11 08:00:00+00:00, run_after=2024-09-11 12:00:00+00:00
[2024-09-11T13:46:52.545+0000] {processor.py:208} INFO - Processing /home/airflow/.local/lib/python3.12/site-packages/airflow/example_dags/example_latest_only_with_trigger.py took 0.040 seconds
[2024-09-11T13:47:22.648+0000] {processor.py:186} INFO - Started process (PID=848) to work on /home/airflow/.local/lib/python3.12/site-packages/airflow/example_dags/example_latest_only_with_trigger.py
[2024-09-11T13:47:22.649+0000] {processor.py:914} INFO - Processing file /home/airflow/.local/lib/python3.12/site-packages/airflow/example_dags/example_latest_only_with_trigger.py for tasks to queue
[2024-09-11T13:47:22.650+0000] {logging_mixin.py:190} INFO - [2024-09-11T13:47:22.650+0000] {dagbag.py:587} INFO - Filling up the DagBag from /home/airflow/.local/lib/python3.12/site-packages/airflow/example_dags/example_latest_only_with_trigger.py
[2024-09-11T13:47:22.654+0000] {processor.py:925} INFO - DAG(s) 'latest_only_with_trigger' retrieved from /home/airflow/.local/lib/python3.12/site-packages/airflow/example_dags/example_latest_only_with_trigger.py
[2024-09-11T13:47:22.664+0000] {logging_mixin.py:190} INFO - [2024-09-11T13:47:22.664+0000] {dag.py:3229} INFO - Sync 1 DAGs
[2024-09-11T13:47:22.676+0000] {logging_mixin.py:190} INFO - [2024-09-11T13:47:22.676+0000] {dag.py:4156} INFO - Setting next_dagrun for latest_only_with_trigger to 2024-09-11 08:00:00+00:00, run_after=2024-09-11 12:00:00+00:00
[2024-09-11T13:47:22.685+0000] {processor.py:208} INFO - Processing /home/airflow/.local/lib/python3.12/site-packages/airflow/example_dags/example_latest_only_with_trigger.py took 0.040 seconds
[2024-09-11T13:47:52.924+0000] {processor.py:186} INFO - Started process (PID=904) to work on /home/airflow/.local/lib/python3.12/site-packages/airflow/example_dags/example_latest_only_with_trigger.py
[2024-09-11T13:47:52.925+0000] {processor.py:914} INFO - Processing file /home/airflow/.local/lib/python3.12/site-packages/airflow/example_dags/example_latest_only_with_trigger.py for tasks to queue
[2024-09-11T13:47:52.926+0000] {logging_mixin.py:190} INFO - [2024-09-11T13:47:52.926+0000] {dagbag.py:587} INFO - Filling up the DagBag from /home/airflow/.local/lib/python3.12/site-packages/airflow/example_dags/example_latest_only_with_trigger.py
[2024-09-11T13:47:52.931+0000] {processor.py:925} INFO - DAG(s) 'latest_only_with_trigger' retrieved from /home/airflow/.local/lib/python3.12/site-packages/airflow/example_dags/example_latest_only_with_trigger.py
[2024-09-11T13:47:52.941+0000] {logging_mixin.py:190} INFO - [2024-09-11T13:47:52.941+0000] {dag.py:3229} INFO - Sync 1 DAGs
[2024-09-11T13:47:52.952+0000] {logging_mixin.py:190} INFO - [2024-09-11T13:47:52.952+0000] {dag.py:4156} INFO - Setting next_dagrun for latest_only_with_trigger to 2024-09-11 08:00:00+00:00, run_after=2024-09-11 12:00:00+00:00
[2024-09-11T13:47:52.961+0000] {processor.py:208} INFO - Processing /home/airflow/.local/lib/python3.12/site-packages/airflow/example_dags/example_latest_only_with_trigger.py took 0.039 seconds
[2024-09-11T13:48:23.192+0000] {processor.py:186} INFO - Started process (PID=960) to work on /home/airflow/.local/lib/python3.12/site-packages/airflow/example_dags/example_latest_only_with_trigger.py
[2024-09-11T13:48:23.192+0000] {processor.py:914} INFO - Processing file /home/airflow/.local/lib/python3.12/site-packages/airflow/example_dags/example_latest_only_with_trigger.py for tasks to queue
[2024-09-11T13:48:23.194+0000] {logging_mixin.py:190} INFO - [2024-09-11T13:48:23.194+0000] {dagbag.py:587} INFO - Filling up the DagBag from /home/airflow/.local/lib/python3.12/site-packages/airflow/example_dags/example_latest_only_with_trigger.py
[2024-09-11T13:48:23.198+0000] {processor.py:925} INFO - DAG(s) 'latest_only_with_trigger' retrieved from /home/airflow/.local/lib/python3.12/site-packages/airflow/example_dags/example_latest_only_with_trigger.py
[2024-09-11T13:48:23.209+0000] {logging_mixin.py:190} INFO - [2024-09-11T13:48:23.209+0000] {dag.py:3229} INFO - Sync 1 DAGs
[2024-09-11T13:48:23.221+0000] {logging_mixin.py:190} INFO - [2024-09-11T13:48:23.220+0000] {dag.py:4156} INFO - Setting next_dagrun for latest_only_with_trigger to 2024-09-11 08:00:00+00:00, run_after=2024-09-11 12:00:00+00:00
[2024-09-11T13:48:23.229+0000] {processor.py:208} INFO - Processing /home/airflow/.local/lib/python3.12/site-packages/airflow/example_dags/example_latest_only_with_trigger.py took 0.041 seconds
[2024-09-11T13:48:53.380+0000] {processor.py:186} INFO - Started process (PID=1016) to work on /home/airflow/.local/lib/python3.12/site-packages/airflow/example_dags/example_latest_only_with_trigger.py
[2024-09-11T13:48:53.380+0000] {processor.py:914} INFO - Processing file /home/airflow/.local/lib/python3.12/site-packages/airflow/example_dags/example_latest_only_with_trigger.py for tasks to queue
[2024-09-11T13:48:53.382+0000] {logging_mixin.py:190} INFO - [2024-09-11T13:48:53.381+0000] {dagbag.py:587} INFO - Filling up the DagBag from /home/airflow/.local/lib/python3.12/site-packages/airflow/example_dags/example_latest_only_with_trigger.py
[2024-09-11T13:48:53.386+0000] {processor.py:925} INFO - DAG(s) 'latest_only_with_trigger' retrieved from /home/airflow/.local/lib/python3.12/site-packages/airflow/example_dags/example_latest_only_with_trigger.py
[2024-09-11T13:48:53.396+0000] {logging_mixin.py:190} INFO - [2024-09-11T13:48:53.396+0000] {dag.py:3229} INFO - Sync 1 DAGs
[2024-09-11T13:48:53.408+0000] {logging_mixin.py:190} INFO - [2024-09-11T13:48:53.408+0000] {dag.py:4156} INFO - Setting next_dagrun for latest_only_with_trigger to 2024-09-11 08:00:00+00:00, run_after=2024-09-11 12:00:00+00:00
[2024-09-11T13:48:53.416+0000] {processor.py:208} INFO - Processing /home/airflow/.local/lib/python3.12/site-packages/airflow/example_dags/example_latest_only_with_trigger.py took 0.040 seconds
[2024-09-11T13:49:23.575+0000] {processor.py:186} INFO - Started process (PID=1072) to work on /home/airflow/.local/lib/python3.12/site-packages/airflow/example_dags/example_latest_only_with_trigger.py
[2024-09-11T13:49:23.576+0000] {processor.py:914} INFO - Processing file /home/airflow/.local/lib/python3.12/site-packages/airflow/example_dags/example_latest_only_with_trigger.py for tasks to queue
[2024-09-11T13:49:23.577+0000] {logging_mixin.py:190} INFO - [2024-09-11T13:49:23.577+0000] {dagbag.py:587} INFO - Filling up the DagBag from /home/airflow/.local/lib/python3.12/site-packages/airflow/example_dags/example_latest_only_with_trigger.py
[2024-09-11T13:49:23.581+0000] {processor.py:925} INFO - DAG(s) 'latest_only_with_trigger' retrieved from /home/airflow/.local/lib/python3.12/site-packages/airflow/example_dags/example_latest_only_with_trigger.py
[2024-09-11T13:49:23.592+0000] {logging_mixin.py:190} INFO - [2024-09-11T13:49:23.592+0000] {dag.py:3229} INFO - Sync 1 DAGs
[2024-09-11T13:49:23.604+0000] {logging_mixin.py:190} INFO - [2024-09-11T13:49:23.604+0000] {dag.py:4156} INFO - Setting next_dagrun for latest_only_with_trigger to 2024-09-11 08:00:00+00:00, run_after=2024-09-11 12:00:00+00:00
[2024-09-11T13:49:23.612+0000] {processor.py:208} INFO - Processing /home/airflow/.local/lib/python3.12/site-packages/airflow/example_dags/example_latest_only_with_trigger.py took 0.040 seconds
[2024-09-11T13:49:53.876+0000] {processor.py:186} INFO - Started process (PID=1128) to work on /home/airflow/.local/lib/python3.12/site-packages/airflow/example_dags/example_latest_only_with_trigger.py
[2024-09-11T13:49:53.877+0000] {processor.py:914} INFO - Processing file /home/airflow/.local/lib/python3.12/site-packages/airflow/example_dags/example_latest_only_with_trigger.py for tasks to queue
[2024-09-11T13:49:53.878+0000] {logging_mixin.py:190} INFO - [2024-09-11T13:49:53.878+0000] {dagbag.py:587} INFO - Filling up the DagBag from /home/airflow/.local/lib/python3.12/site-packages/airflow/example_dags/example_latest_only_with_trigger.py
[2024-09-11T13:49:53.884+0000] {processor.py:925} INFO - DAG(s) 'latest_only_with_trigger' retrieved from /home/airflow/.local/lib/python3.12/site-packages/airflow/example_dags/example_latest_only_with_trigger.py
[2024-09-11T13:49:53.897+0000] {logging_mixin.py:190} INFO - [2024-09-11T13:49:53.897+0000] {dag.py:3229} INFO - Sync 1 DAGs
[2024-09-11T13:49:53.918+0000] {logging_mixin.py:190} INFO - [2024-09-11T13:49:53.917+0000] {dag.py:4156} INFO - Setting next_dagrun for latest_only_with_trigger to 2024-09-11 08:00:00+00:00, run_after=2024-09-11 12:00:00+00:00
[2024-09-11T13:49:53.928+0000] {processor.py:208} INFO - Processing /home/airflow/.local/lib/python3.12/site-packages/airflow/example_dags/example_latest_only_with_trigger.py took 0.057 seconds
[2024-09-11T13:50:24.184+0000] {processor.py:186} INFO - Started process (PID=1184) to work on /home/airflow/.local/lib/python3.12/site-packages/airflow/example_dags/example_latest_only_with_trigger.py
[2024-09-11T13:50:24.185+0000] {processor.py:914} INFO - Processing file /home/airflow/.local/lib/python3.12/site-packages/airflow/example_dags/example_latest_only_with_trigger.py for tasks to queue
[2024-09-11T13:50:24.186+0000] {logging_mixin.py:190} INFO - [2024-09-11T13:50:24.186+0000] {dagbag.py:587} INFO - Filling up the DagBag from /home/airflow/.local/lib/python3.12/site-packages/airflow/example_dags/example_latest_only_with_trigger.py
[2024-09-11T13:50:24.191+0000] {processor.py:925} INFO - DAG(s) 'latest_only_with_trigger' retrieved from /home/airflow/.local/lib/python3.12/site-packages/airflow/example_dags/example_latest_only_with_trigger.py
[2024-09-11T13:50:24.201+0000] {logging_mixin.py:190} INFO - [2024-09-11T13:50:24.201+0000] {dag.py:3229} INFO - Sync 1 DAGs
[2024-09-11T13:50:24.212+0000] {logging_mixin.py:190} INFO - [2024-09-11T13:50:24.212+0000] {dag.py:4156} INFO - Setting next_dagrun for latest_only_with_trigger to 2024-09-11 08:00:00+00:00, run_after=2024-09-11 12:00:00+00:00
[2024-09-11T13:50:24.221+0000] {processor.py:208} INFO - Processing /home/airflow/.local/lib/python3.12/site-packages/airflow/example_dags/example_latest_only_with_trigger.py took 0.039 seconds
[2024-09-11T13:50:54.450+0000] {processor.py:186} INFO - Started process (PID=1240) to work on /home/airflow/.local/lib/python3.12/site-packages/airflow/example_dags/example_latest_only_with_trigger.py
[2024-09-11T13:50:54.450+0000] {processor.py:914} INFO - Processing file /home/airflow/.local/lib/python3.12/site-packages/airflow/example_dags/example_latest_only_with_trigger.py for tasks to queue
[2024-09-11T13:50:54.452+0000] {logging_mixin.py:190} INFO - [2024-09-11T13:50:54.451+0000] {dagbag.py:587} INFO - Filling up the DagBag from /home/airflow/.local/lib/python3.12/site-packages/airflow/example_dags/example_latest_only_with_trigger.py
[2024-09-11T13:50:54.456+0000] {processor.py:925} INFO - DAG(s) 'latest_only_with_trigger' retrieved from /home/airflow/.local/lib/python3.12/site-packages/airflow/example_dags/example_latest_only_with_trigger.py
[2024-09-11T13:50:54.467+0000] {logging_mixin.py:190} INFO - [2024-09-11T13:50:54.467+0000] {dag.py:3229} INFO - Sync 1 DAGs
[2024-09-11T13:50:54.478+0000] {logging_mixin.py:190} INFO - [2024-09-11T13:50:54.478+0000] {dag.py:4156} INFO - Setting next_dagrun for latest_only_with_trigger to 2024-09-11 08:00:00+00:00, run_after=2024-09-11 12:00:00+00:00
[2024-09-11T13:50:54.487+0000] {processor.py:208} INFO - Processing /home/airflow/.local/lib/python3.12/site-packages/airflow/example_dags/example_latest_only_with_trigger.py took 0.040 seconds
[2024-09-11T13:51:24.640+0000] {processor.py:186} INFO - Started process (PID=1296) to work on /home/airflow/.local/lib/python3.12/site-packages/airflow/example_dags/example_latest_only_with_trigger.py
[2024-09-11T13:51:24.641+0000] {processor.py:914} INFO - Processing file /home/airflow/.local/lib/python3.12/site-packages/airflow/example_dags/example_latest_only_with_trigger.py for tasks to queue
[2024-09-11T13:51:24.642+0000] {logging_mixin.py:190} INFO - [2024-09-11T13:51:24.642+0000] {dagbag.py:587} INFO - Filling up the DagBag from /home/airflow/.local/lib/python3.12/site-packages/airflow/example_dags/example_latest_only_with_trigger.py
[2024-09-11T13:51:24.646+0000] {processor.py:925} INFO - DAG(s) 'latest_only_with_trigger' retrieved from /home/airflow/.local/lib/python3.12/site-packages/airflow/example_dags/example_latest_only_with_trigger.py
[2024-09-11T13:51:24.657+0000] {logging_mixin.py:190} INFO - [2024-09-11T13:51:24.657+0000] {dag.py:3229} INFO - Sync 1 DAGs
[2024-09-11T13:51:24.668+0000] {logging_mixin.py:190} INFO - [2024-09-11T13:51:24.668+0000] {dag.py:4156} INFO - Setting next_dagrun for latest_only_with_trigger to 2024-09-11 08:00:00+00:00, run_after=2024-09-11 12:00:00+00:00
[2024-09-11T13:51:24.676+0000] {processor.py:208} INFO - Processing /home/airflow/.local/lib/python3.12/site-packages/airflow/example_dags/example_latest_only_with_trigger.py took 0.039 seconds
[2024-09-11T13:51:54.825+0000] {processor.py:186} INFO - Started process (PID=1352) to work on /home/airflow/.local/lib/python3.12/site-packages/airflow/example_dags/example_latest_only_with_trigger.py
[2024-09-11T13:51:54.826+0000] {processor.py:914} INFO - Processing file /home/airflow/.local/lib/python3.12/site-packages/airflow/example_dags/example_latest_only_with_trigger.py for tasks to queue
[2024-09-11T13:51:54.827+0000] {logging_mixin.py:190} INFO - [2024-09-11T13:51:54.827+0000] {dagbag.py:587} INFO - Filling up the DagBag from /home/airflow/.local/lib/python3.12/site-packages/airflow/example_dags/example_latest_only_with_trigger.py
[2024-09-11T13:51:54.832+0000] {processor.py:925} INFO - DAG(s) 'latest_only_with_trigger' retrieved from /home/airflow/.local/lib/python3.12/site-packages/airflow/example_dags/example_latest_only_with_trigger.py
[2024-09-11T13:51:54.843+0000] {logging_mixin.py:190} INFO - [2024-09-11T13:51:54.843+0000] {dag.py:3229} INFO - Sync 1 DAGs
[2024-09-11T13:51:54.858+0000] {logging_mixin.py:190} INFO - [2024-09-11T13:51:54.858+0000] {dag.py:4156} INFO - Setting next_dagrun for latest_only_with_trigger to 2024-09-11 08:00:00+00:00, run_after=2024-09-11 12:00:00+00:00
[2024-09-11T13:51:54.867+0000] {processor.py:208} INFO - Processing /home/airflow/.local/lib/python3.12/site-packages/airflow/example_dags/example_latest_only_with_trigger.py took 0.045 seconds
[2024-09-11T13:52:24.984+0000] {processor.py:186} INFO - Started process (PID=1407) to work on /home/airflow/.local/lib/python3.12/site-packages/airflow/example_dags/example_latest_only_with_trigger.py
[2024-09-11T13:52:24.984+0000] {processor.py:914} INFO - Processing file /home/airflow/.local/lib/python3.12/site-packages/airflow/example_dags/example_latest_only_with_trigger.py for tasks to queue
[2024-09-11T13:52:24.986+0000] {logging_mixin.py:190} INFO - [2024-09-11T13:52:24.985+0000] {dagbag.py:587} INFO - Filling up the DagBag from /home/airflow/.local/lib/python3.12/site-packages/airflow/example_dags/example_latest_only_with_trigger.py
[2024-09-11T13:52:24.990+0000] {processor.py:925} INFO - DAG(s) 'latest_only_with_trigger' retrieved from /home/airflow/.local/lib/python3.12/site-packages/airflow/example_dags/example_latest_only_with_trigger.py
[2024-09-11T13:52:25.001+0000] {logging_mixin.py:190} INFO - [2024-09-11T13:52:25.001+0000] {dag.py:3229} INFO - Sync 1 DAGs
[2024-09-11T13:52:25.012+0000] {logging_mixin.py:190} INFO - [2024-09-11T13:52:25.012+0000] {dag.py:4156} INFO - Setting next_dagrun for latest_only_with_trigger to 2024-09-11 08:00:00+00:00, run_after=2024-09-11 12:00:00+00:00
[2024-09-11T13:52:25.021+0000] {processor.py:208} INFO - Processing /home/airflow/.local/lib/python3.12/site-packages/airflow/example_dags/example_latest_only_with_trigger.py took 0.040 seconds
[2024-09-11T13:52:55.808+0000] {processor.py:186} INFO - Started process (PID=1463) to work on /home/airflow/.local/lib/python3.12/site-packages/airflow/example_dags/example_latest_only_with_trigger.py
[2024-09-11T13:52:55.809+0000] {processor.py:914} INFO - Processing file /home/airflow/.local/lib/python3.12/site-packages/airflow/example_dags/example_latest_only_with_trigger.py for tasks to queue
[2024-09-11T13:52:55.810+0000] {logging_mixin.py:190} INFO - [2024-09-11T13:52:55.810+0000] {dagbag.py:587} INFO - Filling up the DagBag from /home/airflow/.local/lib/python3.12/site-packages/airflow/example_dags/example_latest_only_with_trigger.py
[2024-09-11T13:52:55.815+0000] {processor.py:925} INFO - DAG(s) 'latest_only_with_trigger' retrieved from /home/airflow/.local/lib/python3.12/site-packages/airflow/example_dags/example_latest_only_with_trigger.py
[2024-09-11T13:52:55.825+0000] {logging_mixin.py:190} INFO - [2024-09-11T13:52:55.825+0000] {dag.py:3229} INFO - Sync 1 DAGs
[2024-09-11T13:52:55.837+0000] {logging_mixin.py:190} INFO - [2024-09-11T13:52:55.837+0000] {dag.py:4156} INFO - Setting next_dagrun for latest_only_with_trigger to 2024-09-11 08:00:00+00:00, run_after=2024-09-11 12:00:00+00:00
[2024-09-11T13:52:55.845+0000] {processor.py:208} INFO - Processing /home/airflow/.local/lib/python3.12/site-packages/airflow/example_dags/example_latest_only_with_trigger.py took 0.040 seconds
[2024-09-11T13:53:26.252+0000] {processor.py:186} INFO - Started process (PID=1519) to work on /home/airflow/.local/lib/python3.12/site-packages/airflow/example_dags/example_latest_only_with_trigger.py
[2024-09-11T13:53:26.252+0000] {processor.py:914} INFO - Processing file /home/airflow/.local/lib/python3.12/site-packages/airflow/example_dags/example_latest_only_with_trigger.py for tasks to queue
[2024-09-11T13:53:26.254+0000] {logging_mixin.py:190} INFO - [2024-09-11T13:53:26.254+0000] {dagbag.py:587} INFO - Filling up the DagBag from /home/airflow/.local/lib/python3.12/site-packages/airflow/example_dags/example_latest_only_with_trigger.py
[2024-09-11T13:53:26.259+0000] {processor.py:925} INFO - DAG(s) 'latest_only_with_trigger' retrieved from /home/airflow/.local/lib/python3.12/site-packages/airflow/example_dags/example_latest_only_with_trigger.py
[2024-09-11T13:53:26.269+0000] {logging_mixin.py:190} INFO - [2024-09-11T13:53:26.269+0000] {dag.py:3229} INFO - Sync 1 DAGs
[2024-09-11T13:53:26.281+0000] {logging_mixin.py:190} INFO - [2024-09-11T13:53:26.280+0000] {dag.py:4156} INFO - Setting next_dagrun for latest_only_with_trigger to 2024-09-11 08:00:00+00:00, run_after=2024-09-11 12:00:00+00:00
[2024-09-11T13:53:26.290+0000] {processor.py:208} INFO - Processing /home/airflow/.local/lib/python3.12/site-packages/airflow/example_dags/example_latest_only_with_trigger.py took 0.041 seconds
[2024-09-11T13:53:56.946+0000] {processor.py:186} INFO - Started process (PID=1575) to work on /home/airflow/.local/lib/python3.12/site-packages/airflow/example_dags/example_latest_only_with_trigger.py
[2024-09-11T13:53:56.947+0000] {processor.py:914} INFO - Processing file /home/airflow/.local/lib/python3.12/site-packages/airflow/example_dags/example_latest_only_with_trigger.py for tasks to queue
[2024-09-11T13:53:56.948+0000] {logging_mixin.py:190} INFO - [2024-09-11T13:53:56.948+0000] {dagbag.py:587} INFO - Filling up the DagBag from /home/airflow/.local/lib/python3.12/site-packages/airflow/example_dags/example_latest_only_with_trigger.py
[2024-09-11T13:53:56.953+0000] {processor.py:925} INFO - DAG(s) 'latest_only_with_trigger' retrieved from /home/airflow/.local/lib/python3.12/site-packages/airflow/example_dags/example_latest_only_with_trigger.py
[2024-09-11T13:53:56.963+0000] {logging_mixin.py:190} INFO - [2024-09-11T13:53:56.963+0000] {dag.py:3229} INFO - Sync 1 DAGs
[2024-09-11T13:53:56.975+0000] {logging_mixin.py:190} INFO - [2024-09-11T13:53:56.975+0000] {dag.py:4156} INFO - Setting next_dagrun for latest_only_with_trigger to 2024-09-11 08:00:00+00:00, run_after=2024-09-11 12:00:00+00:00
[2024-09-11T13:53:56.983+0000] {processor.py:208} INFO - Processing /home/airflow/.local/lib/python3.12/site-packages/airflow/example_dags/example_latest_only_with_trigger.py took 0.040 seconds
[2024-09-11T13:54:27.288+0000] {processor.py:186} INFO - Started process (PID=1631) to work on /home/airflow/.local/lib/python3.12/site-packages/airflow/example_dags/example_latest_only_with_trigger.py
[2024-09-11T13:54:27.293+0000] {processor.py:914} INFO - Processing file /home/airflow/.local/lib/python3.12/site-packages/airflow/example_dags/example_latest_only_with_trigger.py for tasks to queue
[2024-09-11T13:54:27.298+0000] {logging_mixin.py:190} INFO - [2024-09-11T13:54:27.298+0000] {dagbag.py:587} INFO - Filling up the DagBag from /home/airflow/.local/lib/python3.12/site-packages/airflow/example_dags/example_latest_only_with_trigger.py
[2024-09-11T13:54:27.303+0000] {processor.py:925} INFO - DAG(s) 'latest_only_with_trigger' retrieved from /home/airflow/.local/lib/python3.12/site-packages/airflow/example_dags/example_latest_only_with_trigger.py
[2024-09-11T13:54:27.314+0000] {logging_mixin.py:190} INFO - [2024-09-11T13:54:27.314+0000] {dag.py:3229} INFO - Sync 1 DAGs
[2024-09-11T13:54:27.326+0000] {logging_mixin.py:190} INFO - [2024-09-11T13:54:27.326+0000] {dag.py:4156} INFO - Setting next_dagrun for latest_only_with_trigger to 2024-09-11 08:00:00+00:00, run_after=2024-09-11 12:00:00+00:00
[2024-09-11T13:54:27.334+0000] {processor.py:208} INFO - Processing /home/airflow/.local/lib/python3.12/site-packages/airflow/example_dags/example_latest_only_with_trigger.py took 0.050 seconds
[2024-09-11T13:54:57.643+0000] {processor.py:186} INFO - Started process (PID=1687) to work on /home/airflow/.local/lib/python3.12/site-packages/airflow/example_dags/example_latest_only_with_trigger.py
[2024-09-11T13:54:57.644+0000] {processor.py:914} INFO - Processing file /home/airflow/.local/lib/python3.12/site-packages/airflow/example_dags/example_latest_only_with_trigger.py for tasks to queue
[2024-09-11T13:54:57.645+0000] {logging_mixin.py:190} INFO - [2024-09-11T13:54:57.645+0000] {dagbag.py:587} INFO - Filling up the DagBag from /home/airflow/.local/lib/python3.12/site-packages/airflow/example_dags/example_latest_only_with_trigger.py
[2024-09-11T13:54:57.651+0000] {processor.py:925} INFO - DAG(s) 'latest_only_with_trigger' retrieved from /home/airflow/.local/lib/python3.12/site-packages/airflow/example_dags/example_latest_only_with_trigger.py
[2024-09-11T13:54:57.665+0000] {logging_mixin.py:190} INFO - [2024-09-11T13:54:57.664+0000] {dag.py:3229} INFO - Sync 1 DAGs
[2024-09-11T13:54:57.677+0000] {logging_mixin.py:190} INFO - [2024-09-11T13:54:57.676+0000] {dag.py:4156} INFO - Setting next_dagrun for latest_only_with_trigger to 2024-09-11 08:00:00+00:00, run_after=2024-09-11 12:00:00+00:00
[2024-09-11T13:54:57.685+0000] {processor.py:208} INFO - Processing /home/airflow/.local/lib/python3.12/site-packages/airflow/example_dags/example_latest_only_with_trigger.py took 0.045 seconds
[2024-09-11T13:55:27.993+0000] {processor.py:186} INFO - Started process (PID=1743) to work on /home/airflow/.local/lib/python3.12/site-packages/airflow/example_dags/example_latest_only_with_trigger.py
[2024-09-11T13:55:27.994+0000] {processor.py:914} INFO - Processing file /home/airflow/.local/lib/python3.12/site-packages/airflow/example_dags/example_latest_only_with_trigger.py for tasks to queue
[2024-09-11T13:55:27.995+0000] {logging_mixin.py:190} INFO - [2024-09-11T13:55:27.995+0000] {dagbag.py:587} INFO - Filling up the DagBag from /home/airflow/.local/lib/python3.12/site-packages/airflow/example_dags/example_latest_only_with_trigger.py
[2024-09-11T13:55:28.000+0000] {processor.py:925} INFO - DAG(s) 'latest_only_with_trigger' retrieved from /home/airflow/.local/lib/python3.12/site-packages/airflow/example_dags/example_latest_only_with_trigger.py
[2024-09-11T13:55:28.011+0000] {logging_mixin.py:190} INFO - [2024-09-11T13:55:28.011+0000] {dag.py:3229} INFO - Sync 1 DAGs
[2024-09-11T13:55:28.022+0000] {logging_mixin.py:190} INFO - [2024-09-11T13:55:28.022+0000] {dag.py:4156} INFO - Setting next_dagrun for latest_only_with_trigger to 2024-09-11 08:00:00+00:00, run_after=2024-09-11 12:00:00+00:00
[2024-09-11T13:55:28.032+0000] {processor.py:208} INFO - Processing /home/airflow/.local/lib/python3.12/site-packages/airflow/example_dags/example_latest_only_with_trigger.py took 0.041 seconds
[2024-09-11T13:55:58.374+0000] {processor.py:186} INFO - Started process (PID=1799) to work on /home/airflow/.local/lib/python3.12/site-packages/airflow/example_dags/example_latest_only_with_trigger.py
[2024-09-11T13:55:58.374+0000] {processor.py:914} INFO - Processing file /home/airflow/.local/lib/python3.12/site-packages/airflow/example_dags/example_latest_only_with_trigger.py for tasks to queue
[2024-09-11T13:55:58.376+0000] {logging_mixin.py:190} INFO - [2024-09-11T13:55:58.376+0000] {dagbag.py:587} INFO - Filling up the DagBag from /home/airflow/.local/lib/python3.12/site-packages/airflow/example_dags/example_latest_only_with_trigger.py
[2024-09-11T13:55:58.380+0000] {processor.py:925} INFO - DAG(s) 'latest_only_with_trigger' retrieved from /home/airflow/.local/lib/python3.12/site-packages/airflow/example_dags/example_latest_only_with_trigger.py
[2024-09-11T13:55:58.391+0000] {logging_mixin.py:190} INFO - [2024-09-11T13:55:58.390+0000] {dag.py:3229} INFO - Sync 1 DAGs
[2024-09-11T13:55:58.403+0000] {logging_mixin.py:190} INFO - [2024-09-11T13:55:58.402+0000] {dag.py:4156} INFO - Setting next_dagrun for latest_only_with_trigger to 2024-09-11 08:00:00+00:00, run_after=2024-09-11 12:00:00+00:00
[2024-09-11T13:55:58.412+0000] {processor.py:208} INFO - Processing /home/airflow/.local/lib/python3.12/site-packages/airflow/example_dags/example_latest_only_with_trigger.py took 0.042 seconds
[2024-09-11T13:56:28.689+0000] {processor.py:186} INFO - Started process (PID=1855) to work on /home/airflow/.local/lib/python3.12/site-packages/airflow/example_dags/example_latest_only_with_trigger.py
[2024-09-11T13:56:28.690+0000] {processor.py:914} INFO - Processing file /home/airflow/.local/lib/python3.12/site-packages/airflow/example_dags/example_latest_only_with_trigger.py for tasks to queue
[2024-09-11T13:56:28.691+0000] {logging_mixin.py:190} INFO - [2024-09-11T13:56:28.691+0000] {dagbag.py:587} INFO - Filling up the DagBag from /home/airflow/.local/lib/python3.12/site-packages/airflow/example_dags/example_latest_only_with_trigger.py
[2024-09-11T13:56:28.695+0000] {processor.py:925} INFO - DAG(s) 'latest_only_with_trigger' retrieved from /home/airflow/.local/lib/python3.12/site-packages/airflow/example_dags/example_latest_only_with_trigger.py
[2024-09-11T13:56:28.706+0000] {logging_mixin.py:190} INFO - [2024-09-11T13:56:28.706+0000] {dag.py:3229} INFO - Sync 1 DAGs
[2024-09-11T13:56:28.717+0000] {logging_mixin.py:190} INFO - [2024-09-11T13:56:28.717+0000] {dag.py:4156} INFO - Setting next_dagrun for latest_only_with_trigger to 2024-09-11 08:00:00+00:00, run_after=2024-09-11 12:00:00+00:00
[2024-09-11T13:56:28.727+0000] {processor.py:208} INFO - Processing /home/airflow/.local/lib/python3.12/site-packages/airflow/example_dags/example_latest_only_with_trigger.py took 0.041 seconds
[2024-09-11T13:56:58.999+0000] {processor.py:186} INFO - Started process (PID=1911) to work on /home/airflow/.local/lib/python3.12/site-packages/airflow/example_dags/example_latest_only_with_trigger.py
[2024-09-11T13:56:59.000+0000] {processor.py:914} INFO - Processing file /home/airflow/.local/lib/python3.12/site-packages/airflow/example_dags/example_latest_only_with_trigger.py for tasks to queue
[2024-09-11T13:56:59.001+0000] {logging_mixin.py:190} INFO - [2024-09-11T13:56:59.001+0000] {dagbag.py:587} INFO - Filling up the DagBag from /home/airflow/.local/lib/python3.12/site-packages/airflow/example_dags/example_latest_only_with_trigger.py
[2024-09-11T13:56:59.006+0000] {processor.py:925} INFO - DAG(s) 'latest_only_with_trigger' retrieved from /home/airflow/.local/lib/python3.12/site-packages/airflow/example_dags/example_latest_only_with_trigger.py
[2024-09-11T13:56:59.016+0000] {logging_mixin.py:190} INFO - [2024-09-11T13:56:59.016+0000] {dag.py:3229} INFO - Sync 1 DAGs
[2024-09-11T13:56:59.027+0000] {logging_mixin.py:190} INFO - [2024-09-11T13:56:59.027+0000] {dag.py:4156} INFO - Setting next_dagrun for latest_only_with_trigger to 2024-09-11 08:00:00+00:00, run_after=2024-09-11 12:00:00+00:00
[2024-09-11T13:56:59.036+0000] {processor.py:208} INFO - Processing /home/airflow/.local/lib/python3.12/site-packages/airflow/example_dags/example_latest_only_with_trigger.py took 0.039 seconds
[2024-09-11T13:57:29.399+0000] {processor.py:186} INFO - Started process (PID=1967) to work on /home/airflow/.local/lib/python3.12/site-packages/airflow/example_dags/example_latest_only_with_trigger.py
[2024-09-11T13:57:29.400+0000] {processor.py:914} INFO - Processing file /home/airflow/.local/lib/python3.12/site-packages/airflow/example_dags/example_latest_only_with_trigger.py for tasks to queue
[2024-09-11T13:57:29.402+0000] {logging_mixin.py:190} INFO - [2024-09-11T13:57:29.402+0000] {dagbag.py:587} INFO - Filling up the DagBag from /home/airflow/.local/lib/python3.12/site-packages/airflow/example_dags/example_latest_only_with_trigger.py
[2024-09-11T13:57:29.407+0000] {processor.py:925} INFO - DAG(s) 'latest_only_with_trigger' retrieved from /home/airflow/.local/lib/python3.12/site-packages/airflow/example_dags/example_latest_only_with_trigger.py
[2024-09-11T13:57:29.418+0000] {logging_mixin.py:190} INFO - [2024-09-11T13:57:29.418+0000] {dag.py:3229} INFO - Sync 1 DAGs
[2024-09-11T13:57:29.429+0000] {logging_mixin.py:190} INFO - [2024-09-11T13:57:29.429+0000] {dag.py:4156} INFO - Setting next_dagrun for latest_only_with_trigger to 2024-09-11 08:00:00+00:00, run_after=2024-09-11 12:00:00+00:00
[2024-09-11T13:57:29.438+0000] {processor.py:208} INFO - Processing /home/airflow/.local/lib/python3.12/site-packages/airflow/example_dags/example_latest_only_with_trigger.py took 0.042 seconds
[2024-09-11T13:57:59.824+0000] {processor.py:186} INFO - Started process (PID=2023) to work on /home/airflow/.local/lib/python3.12/site-packages/airflow/example_dags/example_latest_only_with_trigger.py
[2024-09-11T13:57:59.824+0000] {processor.py:914} INFO - Processing file /home/airflow/.local/lib/python3.12/site-packages/airflow/example_dags/example_latest_only_with_trigger.py for tasks to queue
[2024-09-11T13:57:59.826+0000] {logging_mixin.py:190} INFO - [2024-09-11T13:57:59.826+0000] {dagbag.py:587} INFO - Filling up the DagBag from /home/airflow/.local/lib/python3.12/site-packages/airflow/example_dags/example_latest_only_with_trigger.py
[2024-09-11T13:57:59.831+0000] {processor.py:925} INFO - DAG(s) 'latest_only_with_trigger' retrieved from /home/airflow/.local/lib/python3.12/site-packages/airflow/example_dags/example_latest_only_with_trigger.py
[2024-09-11T13:57:59.842+0000] {logging_mixin.py:190} INFO - [2024-09-11T13:57:59.841+0000] {dag.py:3229} INFO - Sync 1 DAGs
[2024-09-11T13:57:59.853+0000] {logging_mixin.py:190} INFO - [2024-09-11T13:57:59.853+0000] {dag.py:4156} INFO - Setting next_dagrun for latest_only_with_trigger to 2024-09-11 08:00:00+00:00, run_after=2024-09-11 12:00:00+00:00
[2024-09-11T13:57:59.861+0000] {processor.py:208} INFO - Processing /home/airflow/.local/lib/python3.12/site-packages/airflow/example_dags/example_latest_only_with_trigger.py took 0.041 seconds
[2024-09-11T13:58:30.761+0000] {processor.py:186} INFO - Started process (PID=2079) to work on /home/airflow/.local/lib/python3.12/site-packages/airflow/example_dags/example_latest_only_with_trigger.py
[2024-09-11T13:58:30.763+0000] {processor.py:914} INFO - Processing file /home/airflow/.local/lib/python3.12/site-packages/airflow/example_dags/example_latest_only_with_trigger.py for tasks to queue
[2024-09-11T13:58:30.766+0000] {logging_mixin.py:190} INFO - [2024-09-11T13:58:30.766+0000] {dagbag.py:587} INFO - Filling up the DagBag from /home/airflow/.local/lib/python3.12/site-packages/airflow/example_dags/example_latest_only_with_trigger.py
[2024-09-11T13:58:30.779+0000] {processor.py:925} INFO - DAG(s) 'latest_only_with_trigger' retrieved from /home/airflow/.local/lib/python3.12/site-packages/airflow/example_dags/example_latest_only_with_trigger.py
[2024-09-11T13:58:30.819+0000] {logging_mixin.py:190} INFO - [2024-09-11T13:58:30.818+0000] {dag.py:3229} INFO - Sync 1 DAGs
[2024-09-11T13:58:30.843+0000] {logging_mixin.py:190} INFO - [2024-09-11T13:58:30.843+0000] {dag.py:4156} INFO - Setting next_dagrun for latest_only_with_trigger to 2024-09-11 08:00:00+00:00, run_after=2024-09-11 12:00:00+00:00
[2024-09-11T13:58:30.886+0000] {processor.py:208} INFO - Processing /home/airflow/.local/lib/python3.12/site-packages/airflow/example_dags/example_latest_only_with_trigger.py took 0.140 seconds
