[2024-09-11T13:40:16.142+0000] {processor.py:186} INFO - Started process (PID=54) to work on /home/airflow/.local/lib/python3.12/site-packages/airflow/example_dags/example_sensor_decorator.py
[2024-09-11T13:40:16.145+0000] {processor.py:914} INFO - Processing file /home/airflow/.local/lib/python3.12/site-packages/airflow/example_dags/example_sensor_decorator.py for tasks to queue
[2024-09-11T13:40:16.150+0000] {logging_mixin.py:190} INFO - [2024-09-11T13:40:16.149+0000] {dagbag.py:587} INFO - Filling up the DagBag from /home/airflow/.local/lib/python3.12/site-packages/airflow/example_dags/example_sensor_decorator.py
[2024-09-11T13:40:16.164+0000] {processor.py:925} INFO - DAG(s) 'example_sensor_decorator' retrieved from /home/airflow/.local/lib/python3.12/site-packages/airflow/example_dags/example_sensor_decorator.py
[2024-09-11T13:40:16.318+0000] {logging_mixin.py:190} INFO - [2024-09-11T13:40:16.318+0000] {override.py:1900} INFO - Created Permission View: can read on DAG:example_sensor_decorator
[2024-09-11T13:40:16.326+0000] {logging_mixin.py:190} INFO - [2024-09-11T13:40:16.326+0000] {override.py:1900} INFO - Created Permission View: can delete on DAG:example_sensor_decorator
[2024-09-11T13:40:16.330+0000] {logging_mixin.py:190} INFO - [2024-09-11T13:40:16.330+0000] {override.py:1900} INFO - Created Permission View: can edit on DAG:example_sensor_decorator
[2024-09-11T13:40:16.335+0000] {logging_mixin.py:190} INFO - [2024-09-11T13:40:16.334+0000] {override.py:1900} INFO - Created Permission View: can read on DAG Run:example_sensor_decorator
[2024-09-11T13:40:16.340+0000] {logging_mixin.py:190} INFO - [2024-09-11T13:40:16.339+0000] {override.py:1900} INFO - Created Permission View: can create on DAG Run:example_sensor_decorator
[2024-09-11T13:40:16.343+0000] {logging_mixin.py:190} INFO - [2024-09-11T13:40:16.343+0000] {override.py:1900} INFO - Created Permission View: menu access on DAG Run:example_sensor_decorator
[2024-09-11T13:40:16.347+0000] {logging_mixin.py:190} INFO - [2024-09-11T13:40:16.347+0000] {override.py:1900} INFO - Created Permission View: can delete on DAG Run:example_sensor_decorator
[2024-09-11T13:40:16.348+0000] {logging_mixin.py:190} INFO - [2024-09-11T13:40:16.348+0000] {dag.py:3229} INFO - Sync 1 DAGs
[2024-09-11T13:40:16.355+0000] {logging_mixin.py:190} INFO - [2024-09-11T13:40:16.355+0000] {dag.py:3252} INFO - Creating ORM DAG for example_sensor_decorator
[2024-09-11T13:40:16.356+0000] {logging_mixin.py:190} INFO - [2024-09-11T13:40:16.356+0000] {dag.py:4156} INFO - Setting next_dagrun for example_sensor_decorator to None, run_after=None
[2024-09-11T13:40:16.365+0000] {processor.py:208} INFO - Processing /home/airflow/.local/lib/python3.12/site-packages/airflow/example_dags/example_sensor_decorator.py took 0.236 seconds
[2024-09-11T13:40:46.553+0000] {processor.py:186} INFO - Started process (PID=110) to work on /home/airflow/.local/lib/python3.12/site-packages/airflow/example_dags/example_sensor_decorator.py
[2024-09-11T13:40:46.554+0000] {processor.py:914} INFO - Processing file /home/airflow/.local/lib/python3.12/site-packages/airflow/example_dags/example_sensor_decorator.py for tasks to queue
[2024-09-11T13:40:46.556+0000] {logging_mixin.py:190} INFO - [2024-09-11T13:40:46.555+0000] {dagbag.py:587} INFO - Filling up the DagBag from /home/airflow/.local/lib/python3.12/site-packages/airflow/example_dags/example_sensor_decorator.py
[2024-09-11T13:40:46.569+0000] {processor.py:925} INFO - DAG(s) 'example_sensor_decorator' retrieved from /home/airflow/.local/lib/python3.12/site-packages/airflow/example_dags/example_sensor_decorator.py
[2024-09-11T13:40:46.601+0000] {logging_mixin.py:190} INFO - [2024-09-11T13:40:46.601+0000] {dag.py:3229} INFO - Sync 1 DAGs
[2024-09-11T13:40:46.617+0000] {logging_mixin.py:190} INFO - [2024-09-11T13:40:46.616+0000] {dag.py:4156} INFO - Setting next_dagrun for example_sensor_decorator to None, run_after=None
[2024-09-11T13:40:46.630+0000] {processor.py:208} INFO - Processing /home/airflow/.local/lib/python3.12/site-packages/airflow/example_dags/example_sensor_decorator.py took 0.084 seconds
[2024-09-11T13:41:17.231+0000] {processor.py:186} INFO - Started process (PID=166) to work on /home/airflow/.local/lib/python3.12/site-packages/airflow/example_dags/example_sensor_decorator.py
[2024-09-11T13:41:17.232+0000] {processor.py:914} INFO - Processing file /home/airflow/.local/lib/python3.12/site-packages/airflow/example_dags/example_sensor_decorator.py for tasks to queue
[2024-09-11T13:41:17.233+0000] {logging_mixin.py:190} INFO - [2024-09-11T13:41:17.233+0000] {dagbag.py:587} INFO - Filling up the DagBag from /home/airflow/.local/lib/python3.12/site-packages/airflow/example_dags/example_sensor_decorator.py
[2024-09-11T13:41:17.239+0000] {processor.py:925} INFO - DAG(s) 'example_sensor_decorator' retrieved from /home/airflow/.local/lib/python3.12/site-packages/airflow/example_dags/example_sensor_decorator.py
[2024-09-11T13:41:17.251+0000] {logging_mixin.py:190} INFO - [2024-09-11T13:41:17.251+0000] {dag.py:3229} INFO - Sync 1 DAGs
[2024-09-11T13:41:17.259+0000] {logging_mixin.py:190} INFO - [2024-09-11T13:41:17.259+0000] {dag.py:4156} INFO - Setting next_dagrun for example_sensor_decorator to None, run_after=None
[2024-09-11T13:41:17.271+0000] {processor.py:208} INFO - Processing /home/airflow/.local/lib/python3.12/site-packages/airflow/example_dags/example_sensor_decorator.py took 0.044 seconds
[2024-09-11T13:41:47.511+0000] {processor.py:186} INFO - Started process (PID=222) to work on /home/airflow/.local/lib/python3.12/site-packages/airflow/example_dags/example_sensor_decorator.py
[2024-09-11T13:41:47.513+0000] {processor.py:914} INFO - Processing file /home/airflow/.local/lib/python3.12/site-packages/airflow/example_dags/example_sensor_decorator.py for tasks to queue
[2024-09-11T13:41:47.515+0000] {logging_mixin.py:190} INFO - [2024-09-11T13:41:47.514+0000] {dagbag.py:587} INFO - Filling up the DagBag from /home/airflow/.local/lib/python3.12/site-packages/airflow/example_dags/example_sensor_decorator.py
[2024-09-11T13:41:47.521+0000] {processor.py:925} INFO - DAG(s) 'example_sensor_decorator' retrieved from /home/airflow/.local/lib/python3.12/site-packages/airflow/example_dags/example_sensor_decorator.py
[2024-09-11T13:41:47.541+0000] {logging_mixin.py:190} INFO - [2024-09-11T13:41:47.541+0000] {dag.py:3229} INFO - Sync 1 DAGs
[2024-09-11T13:41:47.551+0000] {logging_mixin.py:190} INFO - [2024-09-11T13:41:47.551+0000] {dag.py:4156} INFO - Setting next_dagrun for example_sensor_decorator to None, run_after=None
[2024-09-11T13:41:47.562+0000] {processor.py:208} INFO - Processing /home/airflow/.local/lib/python3.12/site-packages/airflow/example_dags/example_sensor_decorator.py took 0.055 seconds
[2024-09-11T13:42:18.076+0000] {processor.py:186} INFO - Started process (PID=278) to work on /home/airflow/.local/lib/python3.12/site-packages/airflow/example_dags/example_sensor_decorator.py
[2024-09-11T13:42:18.077+0000] {processor.py:914} INFO - Processing file /home/airflow/.local/lib/python3.12/site-packages/airflow/example_dags/example_sensor_decorator.py for tasks to queue
[2024-09-11T13:42:18.078+0000] {logging_mixin.py:190} INFO - [2024-09-11T13:42:18.078+0000] {dagbag.py:587} INFO - Filling up the DagBag from /home/airflow/.local/lib/python3.12/site-packages/airflow/example_dags/example_sensor_decorator.py
[2024-09-11T13:42:18.083+0000] {processor.py:925} INFO - DAG(s) 'example_sensor_decorator' retrieved from /home/airflow/.local/lib/python3.12/site-packages/airflow/example_dags/example_sensor_decorator.py
[2024-09-11T13:42:18.093+0000] {logging_mixin.py:190} INFO - [2024-09-11T13:42:18.093+0000] {dag.py:3229} INFO - Sync 1 DAGs
[2024-09-11T13:42:18.100+0000] {logging_mixin.py:190} INFO - [2024-09-11T13:42:18.100+0000] {dag.py:4156} INFO - Setting next_dagrun for example_sensor_decorator to None, run_after=None
[2024-09-11T13:42:18.108+0000] {processor.py:208} INFO - Processing /home/airflow/.local/lib/python3.12/site-packages/airflow/example_dags/example_sensor_decorator.py took 0.035 seconds
[2024-09-11T13:42:48.188+0000] {processor.py:186} INFO - Started process (PID=334) to work on /home/airflow/.local/lib/python3.12/site-packages/airflow/example_dags/example_sensor_decorator.py
[2024-09-11T13:42:48.188+0000] {processor.py:914} INFO - Processing file /home/airflow/.local/lib/python3.12/site-packages/airflow/example_dags/example_sensor_decorator.py for tasks to queue
[2024-09-11T13:42:48.190+0000] {logging_mixin.py:190} INFO - [2024-09-11T13:42:48.190+0000] {dagbag.py:587} INFO - Filling up the DagBag from /home/airflow/.local/lib/python3.12/site-packages/airflow/example_dags/example_sensor_decorator.py
[2024-09-11T13:42:48.194+0000] {processor.py:925} INFO - DAG(s) 'example_sensor_decorator' retrieved from /home/airflow/.local/lib/python3.12/site-packages/airflow/example_dags/example_sensor_decorator.py
[2024-09-11T13:42:48.204+0000] {logging_mixin.py:190} INFO - [2024-09-11T13:42:48.204+0000] {dag.py:3229} INFO - Sync 1 DAGs
[2024-09-11T13:42:48.211+0000] {logging_mixin.py:190} INFO - [2024-09-11T13:42:48.211+0000] {dag.py:4156} INFO - Setting next_dagrun for example_sensor_decorator to None, run_after=None
[2024-09-11T13:42:48.220+0000] {processor.py:208} INFO - Processing /home/airflow/.local/lib/python3.12/site-packages/airflow/example_dags/example_sensor_decorator.py took 0.035 seconds
[2024-09-11T13:43:18.476+0000] {processor.py:186} INFO - Started process (PID=390) to work on /home/airflow/.local/lib/python3.12/site-packages/airflow/example_dags/example_sensor_decorator.py
[2024-09-11T13:43:18.477+0000] {processor.py:914} INFO - Processing file /home/airflow/.local/lib/python3.12/site-packages/airflow/example_dags/example_sensor_decorator.py for tasks to queue
[2024-09-11T13:43:18.478+0000] {logging_mixin.py:190} INFO - [2024-09-11T13:43:18.478+0000] {dagbag.py:587} INFO - Filling up the DagBag from /home/airflow/.local/lib/python3.12/site-packages/airflow/example_dags/example_sensor_decorator.py
[2024-09-11T13:43:18.482+0000] {processor.py:925} INFO - DAG(s) 'example_sensor_decorator' retrieved from /home/airflow/.local/lib/python3.12/site-packages/airflow/example_dags/example_sensor_decorator.py
[2024-09-11T13:43:18.492+0000] {logging_mixin.py:190} INFO - [2024-09-11T13:43:18.492+0000] {dag.py:3229} INFO - Sync 1 DAGs
[2024-09-11T13:43:18.498+0000] {logging_mixin.py:190} INFO - [2024-09-11T13:43:18.498+0000] {dag.py:4156} INFO - Setting next_dagrun for example_sensor_decorator to None, run_after=None
[2024-09-11T13:43:18.507+0000] {processor.py:208} INFO - Processing /home/airflow/.local/lib/python3.12/site-packages/airflow/example_dags/example_sensor_decorator.py took 0.034 seconds
[2024-09-11T13:43:48.646+0000] {processor.py:186} INFO - Started process (PID=446) to work on /home/airflow/.local/lib/python3.12/site-packages/airflow/example_dags/example_sensor_decorator.py
[2024-09-11T13:43:48.646+0000] {processor.py:914} INFO - Processing file /home/airflow/.local/lib/python3.12/site-packages/airflow/example_dags/example_sensor_decorator.py for tasks to queue
[2024-09-11T13:43:48.648+0000] {logging_mixin.py:190} INFO - [2024-09-11T13:43:48.647+0000] {dagbag.py:587} INFO - Filling up the DagBag from /home/airflow/.local/lib/python3.12/site-packages/airflow/example_dags/example_sensor_decorator.py
[2024-09-11T13:43:48.651+0000] {processor.py:925} INFO - DAG(s) 'example_sensor_decorator' retrieved from /home/airflow/.local/lib/python3.12/site-packages/airflow/example_dags/example_sensor_decorator.py
[2024-09-11T13:43:48.661+0000] {logging_mixin.py:190} INFO - [2024-09-11T13:43:48.661+0000] {dag.py:3229} INFO - Sync 1 DAGs
[2024-09-11T13:43:48.668+0000] {logging_mixin.py:190} INFO - [2024-09-11T13:43:48.668+0000] {dag.py:4156} INFO - Setting next_dagrun for example_sensor_decorator to None, run_after=None
[2024-09-11T13:43:48.677+0000] {processor.py:208} INFO - Processing /home/airflow/.local/lib/python3.12/site-packages/airflow/example_dags/example_sensor_decorator.py took 0.034 seconds
[2024-09-11T13:44:18.918+0000] {processor.py:186} INFO - Started process (PID=502) to work on /home/airflow/.local/lib/python3.12/site-packages/airflow/example_dags/example_sensor_decorator.py
[2024-09-11T13:44:18.919+0000] {processor.py:914} INFO - Processing file /home/airflow/.local/lib/python3.12/site-packages/airflow/example_dags/example_sensor_decorator.py for tasks to queue
[2024-09-11T13:44:18.920+0000] {logging_mixin.py:190} INFO - [2024-09-11T13:44:18.920+0000] {dagbag.py:587} INFO - Filling up the DagBag from /home/airflow/.local/lib/python3.12/site-packages/airflow/example_dags/example_sensor_decorator.py
[2024-09-11T13:44:18.924+0000] {processor.py:925} INFO - DAG(s) 'example_sensor_decorator' retrieved from /home/airflow/.local/lib/python3.12/site-packages/airflow/example_dags/example_sensor_decorator.py
[2024-09-11T13:44:18.934+0000] {logging_mixin.py:190} INFO - [2024-09-11T13:44:18.934+0000] {dag.py:3229} INFO - Sync 1 DAGs
[2024-09-11T13:44:18.940+0000] {logging_mixin.py:190} INFO - [2024-09-11T13:44:18.940+0000] {dag.py:4156} INFO - Setting next_dagrun for example_sensor_decorator to None, run_after=None
[2024-09-11T13:44:18.949+0000] {processor.py:208} INFO - Processing /home/airflow/.local/lib/python3.12/site-packages/airflow/example_dags/example_sensor_decorator.py took 0.034 seconds
[2024-09-11T13:44:49.274+0000] {processor.py:186} INFO - Started process (PID=558) to work on /home/airflow/.local/lib/python3.12/site-packages/airflow/example_dags/example_sensor_decorator.py
[2024-09-11T13:44:49.275+0000] {processor.py:914} INFO - Processing file /home/airflow/.local/lib/python3.12/site-packages/airflow/example_dags/example_sensor_decorator.py for tasks to queue
[2024-09-11T13:44:49.277+0000] {logging_mixin.py:190} INFO - [2024-09-11T13:44:49.276+0000] {dagbag.py:587} INFO - Filling up the DagBag from /home/airflow/.local/lib/python3.12/site-packages/airflow/example_dags/example_sensor_decorator.py
[2024-09-11T13:44:49.281+0000] {processor.py:925} INFO - DAG(s) 'example_sensor_decorator' retrieved from /home/airflow/.local/lib/python3.12/site-packages/airflow/example_dags/example_sensor_decorator.py
[2024-09-11T13:44:49.295+0000] {logging_mixin.py:190} INFO - [2024-09-11T13:44:49.294+0000] {dag.py:3229} INFO - Sync 1 DAGs
[2024-09-11T13:44:49.302+0000] {logging_mixin.py:190} INFO - [2024-09-11T13:44:49.302+0000] {dag.py:4156} INFO - Setting next_dagrun for example_sensor_decorator to None, run_after=None
[2024-09-11T13:44:49.312+0000] {processor.py:208} INFO - Processing /home/airflow/.local/lib/python3.12/site-packages/airflow/example_dags/example_sensor_decorator.py took 0.041 seconds
[2024-09-11T13:45:19.466+0000] {processor.py:186} INFO - Started process (PID=614) to work on /home/airflow/.local/lib/python3.12/site-packages/airflow/example_dags/example_sensor_decorator.py
[2024-09-11T13:45:19.467+0000] {processor.py:914} INFO - Processing file /home/airflow/.local/lib/python3.12/site-packages/airflow/example_dags/example_sensor_decorator.py for tasks to queue
[2024-09-11T13:45:19.468+0000] {logging_mixin.py:190} INFO - [2024-09-11T13:45:19.468+0000] {dagbag.py:587} INFO - Filling up the DagBag from /home/airflow/.local/lib/python3.12/site-packages/airflow/example_dags/example_sensor_decorator.py
[2024-09-11T13:45:19.473+0000] {processor.py:925} INFO - DAG(s) 'example_sensor_decorator' retrieved from /home/airflow/.local/lib/python3.12/site-packages/airflow/example_dags/example_sensor_decorator.py
[2024-09-11T13:45:19.482+0000] {logging_mixin.py:190} INFO - [2024-09-11T13:45:19.482+0000] {dag.py:3229} INFO - Sync 1 DAGs
[2024-09-11T13:45:19.489+0000] {logging_mixin.py:190} INFO - [2024-09-11T13:45:19.489+0000] {dag.py:4156} INFO - Setting next_dagrun for example_sensor_decorator to None, run_after=None
[2024-09-11T13:45:19.498+0000] {processor.py:208} INFO - Processing /home/airflow/.local/lib/python3.12/site-packages/airflow/example_dags/example_sensor_decorator.py took 0.035 seconds
[2024-09-11T13:45:49.608+0000] {processor.py:186} INFO - Started process (PID=670) to work on /home/airflow/.local/lib/python3.12/site-packages/airflow/example_dags/example_sensor_decorator.py
[2024-09-11T13:45:49.608+0000] {processor.py:914} INFO - Processing file /home/airflow/.local/lib/python3.12/site-packages/airflow/example_dags/example_sensor_decorator.py for tasks to queue
[2024-09-11T13:45:49.610+0000] {logging_mixin.py:190} INFO - [2024-09-11T13:45:49.609+0000] {dagbag.py:587} INFO - Filling up the DagBag from /home/airflow/.local/lib/python3.12/site-packages/airflow/example_dags/example_sensor_decorator.py
[2024-09-11T13:45:49.614+0000] {processor.py:925} INFO - DAG(s) 'example_sensor_decorator' retrieved from /home/airflow/.local/lib/python3.12/site-packages/airflow/example_dags/example_sensor_decorator.py
[2024-09-11T13:45:49.624+0000] {logging_mixin.py:190} INFO - [2024-09-11T13:45:49.624+0000] {dag.py:3229} INFO - Sync 1 DAGs
[2024-09-11T13:45:49.631+0000] {logging_mixin.py:190} INFO - [2024-09-11T13:45:49.631+0000] {dag.py:4156} INFO - Setting next_dagrun for example_sensor_decorator to None, run_after=None
[2024-09-11T13:45:49.639+0000] {processor.py:208} INFO - Processing /home/airflow/.local/lib/python3.12/site-packages/airflow/example_dags/example_sensor_decorator.py took 0.034 seconds
[2024-09-11T13:46:19.790+0000] {processor.py:186} INFO - Started process (PID=726) to work on /home/airflow/.local/lib/python3.12/site-packages/airflow/example_dags/example_sensor_decorator.py
[2024-09-11T13:46:19.791+0000] {processor.py:914} INFO - Processing file /home/airflow/.local/lib/python3.12/site-packages/airflow/example_dags/example_sensor_decorator.py for tasks to queue
[2024-09-11T13:46:19.792+0000] {logging_mixin.py:190} INFO - [2024-09-11T13:46:19.792+0000] {dagbag.py:587} INFO - Filling up the DagBag from /home/airflow/.local/lib/python3.12/site-packages/airflow/example_dags/example_sensor_decorator.py
[2024-09-11T13:46:19.796+0000] {processor.py:925} INFO - DAG(s) 'example_sensor_decorator' retrieved from /home/airflow/.local/lib/python3.12/site-packages/airflow/example_dags/example_sensor_decorator.py
[2024-09-11T13:46:19.806+0000] {logging_mixin.py:190} INFO - [2024-09-11T13:46:19.806+0000] {dag.py:3229} INFO - Sync 1 DAGs
[2024-09-11T13:46:19.813+0000] {logging_mixin.py:190} INFO - [2024-09-11T13:46:19.813+0000] {dag.py:4156} INFO - Setting next_dagrun for example_sensor_decorator to None, run_after=None
[2024-09-11T13:46:19.822+0000] {processor.py:208} INFO - Processing /home/airflow/.local/lib/python3.12/site-packages/airflow/example_dags/example_sensor_decorator.py took 0.035 seconds
[2024-09-11T13:46:50.142+0000] {processor.py:186} INFO - Started process (PID=782) to work on /home/airflow/.local/lib/python3.12/site-packages/airflow/example_dags/example_sensor_decorator.py
[2024-09-11T13:46:50.143+0000] {processor.py:914} INFO - Processing file /home/airflow/.local/lib/python3.12/site-packages/airflow/example_dags/example_sensor_decorator.py for tasks to queue
[2024-09-11T13:46:50.144+0000] {logging_mixin.py:190} INFO - [2024-09-11T13:46:50.144+0000] {dagbag.py:587} INFO - Filling up the DagBag from /home/airflow/.local/lib/python3.12/site-packages/airflow/example_dags/example_sensor_decorator.py
[2024-09-11T13:46:50.148+0000] {processor.py:925} INFO - DAG(s) 'example_sensor_decorator' retrieved from /home/airflow/.local/lib/python3.12/site-packages/airflow/example_dags/example_sensor_decorator.py
[2024-09-11T13:46:50.158+0000] {logging_mixin.py:190} INFO - [2024-09-11T13:46:50.158+0000] {dag.py:3229} INFO - Sync 1 DAGs
[2024-09-11T13:46:50.165+0000] {logging_mixin.py:190} INFO - [2024-09-11T13:46:50.165+0000] {dag.py:4156} INFO - Setting next_dagrun for example_sensor_decorator to None, run_after=None
[2024-09-11T13:46:50.174+0000] {processor.py:208} INFO - Processing /home/airflow/.local/lib/python3.12/site-packages/airflow/example_dags/example_sensor_decorator.py took 0.035 seconds
[2024-09-11T13:47:20.242+0000] {processor.py:186} INFO - Started process (PID=837) to work on /home/airflow/.local/lib/python3.12/site-packages/airflow/example_dags/example_sensor_decorator.py
[2024-09-11T13:47:20.242+0000] {processor.py:914} INFO - Processing file /home/airflow/.local/lib/python3.12/site-packages/airflow/example_dags/example_sensor_decorator.py for tasks to queue
[2024-09-11T13:47:20.243+0000] {logging_mixin.py:190} INFO - [2024-09-11T13:47:20.243+0000] {dagbag.py:587} INFO - Filling up the DagBag from /home/airflow/.local/lib/python3.12/site-packages/airflow/example_dags/example_sensor_decorator.py
[2024-09-11T13:47:20.248+0000] {processor.py:925} INFO - DAG(s) 'example_sensor_decorator' retrieved from /home/airflow/.local/lib/python3.12/site-packages/airflow/example_dags/example_sensor_decorator.py
[2024-09-11T13:47:20.258+0000] {logging_mixin.py:190} INFO - [2024-09-11T13:47:20.258+0000] {dag.py:3229} INFO - Sync 1 DAGs
[2024-09-11T13:47:20.264+0000] {logging_mixin.py:190} INFO - [2024-09-11T13:47:20.264+0000] {dag.py:4156} INFO - Setting next_dagrun for example_sensor_decorator to None, run_after=None
[2024-09-11T13:47:20.273+0000] {processor.py:208} INFO - Processing /home/airflow/.local/lib/python3.12/site-packages/airflow/example_dags/example_sensor_decorator.py took 0.034 seconds
[2024-09-11T13:47:50.566+0000] {processor.py:186} INFO - Started process (PID=894) to work on /home/airflow/.local/lib/python3.12/site-packages/airflow/example_dags/example_sensor_decorator.py
[2024-09-11T13:47:50.566+0000] {processor.py:914} INFO - Processing file /home/airflow/.local/lib/python3.12/site-packages/airflow/example_dags/example_sensor_decorator.py for tasks to queue
[2024-09-11T13:47:50.568+0000] {logging_mixin.py:190} INFO - [2024-09-11T13:47:50.567+0000] {dagbag.py:587} INFO - Filling up the DagBag from /home/airflow/.local/lib/python3.12/site-packages/airflow/example_dags/example_sensor_decorator.py
[2024-09-11T13:47:50.572+0000] {processor.py:925} INFO - DAG(s) 'example_sensor_decorator' retrieved from /home/airflow/.local/lib/python3.12/site-packages/airflow/example_dags/example_sensor_decorator.py
[2024-09-11T13:47:50.582+0000] {logging_mixin.py:190} INFO - [2024-09-11T13:47:50.582+0000] {dag.py:3229} INFO - Sync 1 DAGs
[2024-09-11T13:47:50.589+0000] {logging_mixin.py:190} INFO - [2024-09-11T13:47:50.589+0000] {dag.py:4156} INFO - Setting next_dagrun for example_sensor_decorator to None, run_after=None
[2024-09-11T13:47:50.597+0000] {processor.py:208} INFO - Processing /home/airflow/.local/lib/python3.12/site-packages/airflow/example_dags/example_sensor_decorator.py took 0.035 seconds
[2024-09-11T13:48:20.793+0000] {processor.py:186} INFO - Started process (PID=950) to work on /home/airflow/.local/lib/python3.12/site-packages/airflow/example_dags/example_sensor_decorator.py
[2024-09-11T13:48:20.794+0000] {processor.py:914} INFO - Processing file /home/airflow/.local/lib/python3.12/site-packages/airflow/example_dags/example_sensor_decorator.py for tasks to queue
[2024-09-11T13:48:20.795+0000] {logging_mixin.py:190} INFO - [2024-09-11T13:48:20.795+0000] {dagbag.py:587} INFO - Filling up the DagBag from /home/airflow/.local/lib/python3.12/site-packages/airflow/example_dags/example_sensor_decorator.py
[2024-09-11T13:48:20.800+0000] {processor.py:925} INFO - DAG(s) 'example_sensor_decorator' retrieved from /home/airflow/.local/lib/python3.12/site-packages/airflow/example_dags/example_sensor_decorator.py
[2024-09-11T13:48:20.809+0000] {logging_mixin.py:190} INFO - [2024-09-11T13:48:20.809+0000] {dag.py:3229} INFO - Sync 1 DAGs
[2024-09-11T13:48:20.817+0000] {logging_mixin.py:190} INFO - [2024-09-11T13:48:20.816+0000] {dag.py:4156} INFO - Setting next_dagrun for example_sensor_decorator to None, run_after=None
[2024-09-11T13:48:20.825+0000] {processor.py:208} INFO - Processing /home/airflow/.local/lib/python3.12/site-packages/airflow/example_dags/example_sensor_decorator.py took 0.035 seconds
[2024-09-11T13:48:51.025+0000] {processor.py:186} INFO - Started process (PID=1006) to work on /home/airflow/.local/lib/python3.12/site-packages/airflow/example_dags/example_sensor_decorator.py
[2024-09-11T13:48:51.026+0000] {processor.py:914} INFO - Processing file /home/airflow/.local/lib/python3.12/site-packages/airflow/example_dags/example_sensor_decorator.py for tasks to queue
[2024-09-11T13:48:51.027+0000] {logging_mixin.py:190} INFO - [2024-09-11T13:48:51.027+0000] {dagbag.py:587} INFO - Filling up the DagBag from /home/airflow/.local/lib/python3.12/site-packages/airflow/example_dags/example_sensor_decorator.py
[2024-09-11T13:48:51.031+0000] {processor.py:925} INFO - DAG(s) 'example_sensor_decorator' retrieved from /home/airflow/.local/lib/python3.12/site-packages/airflow/example_dags/example_sensor_decorator.py
[2024-09-11T13:48:51.040+0000] {logging_mixin.py:190} INFO - [2024-09-11T13:48:51.040+0000] {dag.py:3229} INFO - Sync 1 DAGs
[2024-09-11T13:48:51.047+0000] {logging_mixin.py:190} INFO - [2024-09-11T13:48:51.046+0000] {dag.py:4156} INFO - Setting next_dagrun for example_sensor_decorator to None, run_after=None
[2024-09-11T13:48:51.054+0000] {processor.py:208} INFO - Processing /home/airflow/.local/lib/python3.12/site-packages/airflow/example_dags/example_sensor_decorator.py took 0.032 seconds
[2024-09-11T13:49:21.223+0000] {processor.py:186} INFO - Started process (PID=1062) to work on /home/airflow/.local/lib/python3.12/site-packages/airflow/example_dags/example_sensor_decorator.py
[2024-09-11T13:49:21.224+0000] {processor.py:914} INFO - Processing file /home/airflow/.local/lib/python3.12/site-packages/airflow/example_dags/example_sensor_decorator.py for tasks to queue
[2024-09-11T13:49:21.225+0000] {logging_mixin.py:190} INFO - [2024-09-11T13:49:21.225+0000] {dagbag.py:587} INFO - Filling up the DagBag from /home/airflow/.local/lib/python3.12/site-packages/airflow/example_dags/example_sensor_decorator.py
[2024-09-11T13:49:21.230+0000] {processor.py:925} INFO - DAG(s) 'example_sensor_decorator' retrieved from /home/airflow/.local/lib/python3.12/site-packages/airflow/example_dags/example_sensor_decorator.py
[2024-09-11T13:49:21.240+0000] {logging_mixin.py:190} INFO - [2024-09-11T13:49:21.240+0000] {dag.py:3229} INFO - Sync 1 DAGs
[2024-09-11T13:49:21.250+0000] {logging_mixin.py:190} INFO - [2024-09-11T13:49:21.249+0000] {dag.py:4156} INFO - Setting next_dagrun for example_sensor_decorator to None, run_after=None
[2024-09-11T13:49:21.258+0000] {processor.py:208} INFO - Processing /home/airflow/.local/lib/python3.12/site-packages/airflow/example_dags/example_sensor_decorator.py took 0.038 seconds
[2024-09-11T13:49:51.498+0000] {processor.py:186} INFO - Started process (PID=1118) to work on /home/airflow/.local/lib/python3.12/site-packages/airflow/example_dags/example_sensor_decorator.py
[2024-09-11T13:49:51.498+0000] {processor.py:914} INFO - Processing file /home/airflow/.local/lib/python3.12/site-packages/airflow/example_dags/example_sensor_decorator.py for tasks to queue
[2024-09-11T13:49:51.500+0000] {logging_mixin.py:190} INFO - [2024-09-11T13:49:51.500+0000] {dagbag.py:587} INFO - Filling up the DagBag from /home/airflow/.local/lib/python3.12/site-packages/airflow/example_dags/example_sensor_decorator.py
[2024-09-11T13:49:51.504+0000] {processor.py:925} INFO - DAG(s) 'example_sensor_decorator' retrieved from /home/airflow/.local/lib/python3.12/site-packages/airflow/example_dags/example_sensor_decorator.py
[2024-09-11T13:49:51.514+0000] {logging_mixin.py:190} INFO - [2024-09-11T13:49:51.514+0000] {dag.py:3229} INFO - Sync 1 DAGs
[2024-09-11T13:49:51.521+0000] {logging_mixin.py:190} INFO - [2024-09-11T13:49:51.521+0000] {dag.py:4156} INFO - Setting next_dagrun for example_sensor_decorator to None, run_after=None
[2024-09-11T13:49:51.530+0000] {processor.py:208} INFO - Processing /home/airflow/.local/lib/python3.12/site-packages/airflow/example_dags/example_sensor_decorator.py took 0.035 seconds
[2024-09-11T13:50:21.822+0000] {processor.py:186} INFO - Started process (PID=1174) to work on /home/airflow/.local/lib/python3.12/site-packages/airflow/example_dags/example_sensor_decorator.py
[2024-09-11T13:50:21.823+0000] {processor.py:914} INFO - Processing file /home/airflow/.local/lib/python3.12/site-packages/airflow/example_dags/example_sensor_decorator.py for tasks to queue
[2024-09-11T13:50:21.828+0000] {logging_mixin.py:190} INFO - [2024-09-11T13:50:21.827+0000] {dagbag.py:587} INFO - Filling up the DagBag from /home/airflow/.local/lib/python3.12/site-packages/airflow/example_dags/example_sensor_decorator.py
[2024-09-11T13:50:21.832+0000] {processor.py:925} INFO - DAG(s) 'example_sensor_decorator' retrieved from /home/airflow/.local/lib/python3.12/site-packages/airflow/example_dags/example_sensor_decorator.py
[2024-09-11T13:50:21.843+0000] {logging_mixin.py:190} INFO - [2024-09-11T13:50:21.843+0000] {dag.py:3229} INFO - Sync 1 DAGs
[2024-09-11T13:50:21.850+0000] {logging_mixin.py:190} INFO - [2024-09-11T13:50:21.850+0000] {dag.py:4156} INFO - Setting next_dagrun for example_sensor_decorator to None, run_after=None
[2024-09-11T13:50:21.858+0000] {processor.py:208} INFO - Processing /home/airflow/.local/lib/python3.12/site-packages/airflow/example_dags/example_sensor_decorator.py took 0.039 seconds
[2024-09-11T13:50:52.116+0000] {processor.py:186} INFO - Started process (PID=1230) to work on /home/airflow/.local/lib/python3.12/site-packages/airflow/example_dags/example_sensor_decorator.py
[2024-09-11T13:50:52.117+0000] {processor.py:914} INFO - Processing file /home/airflow/.local/lib/python3.12/site-packages/airflow/example_dags/example_sensor_decorator.py for tasks to queue
[2024-09-11T13:50:52.118+0000] {logging_mixin.py:190} INFO - [2024-09-11T13:50:52.118+0000] {dagbag.py:587} INFO - Filling up the DagBag from /home/airflow/.local/lib/python3.12/site-packages/airflow/example_dags/example_sensor_decorator.py
[2024-09-11T13:50:52.123+0000] {processor.py:925} INFO - DAG(s) 'example_sensor_decorator' retrieved from /home/airflow/.local/lib/python3.12/site-packages/airflow/example_dags/example_sensor_decorator.py
[2024-09-11T13:50:52.133+0000] {logging_mixin.py:190} INFO - [2024-09-11T13:50:52.132+0000] {dag.py:3229} INFO - Sync 1 DAGs
[2024-09-11T13:50:52.140+0000] {logging_mixin.py:190} INFO - [2024-09-11T13:50:52.140+0000] {dag.py:4156} INFO - Setting next_dagrun for example_sensor_decorator to None, run_after=None
[2024-09-11T13:50:52.148+0000] {processor.py:208} INFO - Processing /home/airflow/.local/lib/python3.12/site-packages/airflow/example_dags/example_sensor_decorator.py took 0.035 seconds
[2024-09-11T13:51:22.245+0000] {processor.py:186} INFO - Started process (PID=1286) to work on /home/airflow/.local/lib/python3.12/site-packages/airflow/example_dags/example_sensor_decorator.py
[2024-09-11T13:51:22.246+0000] {processor.py:914} INFO - Processing file /home/airflow/.local/lib/python3.12/site-packages/airflow/example_dags/example_sensor_decorator.py for tasks to queue
[2024-09-11T13:51:22.247+0000] {logging_mixin.py:190} INFO - [2024-09-11T13:51:22.247+0000] {dagbag.py:587} INFO - Filling up the DagBag from /home/airflow/.local/lib/python3.12/site-packages/airflow/example_dags/example_sensor_decorator.py
[2024-09-11T13:51:22.251+0000] {processor.py:925} INFO - DAG(s) 'example_sensor_decorator' retrieved from /home/airflow/.local/lib/python3.12/site-packages/airflow/example_dags/example_sensor_decorator.py
[2024-09-11T13:51:22.260+0000] {logging_mixin.py:190} INFO - [2024-09-11T13:51:22.260+0000] {dag.py:3229} INFO - Sync 1 DAGs
[2024-09-11T13:51:22.267+0000] {logging_mixin.py:190} INFO - [2024-09-11T13:51:22.266+0000] {dag.py:4156} INFO - Setting next_dagrun for example_sensor_decorator to None, run_after=None
[2024-09-11T13:51:22.274+0000] {processor.py:208} INFO - Processing /home/airflow/.local/lib/python3.12/site-packages/airflow/example_dags/example_sensor_decorator.py took 0.032 seconds
[2024-09-11T13:51:52.464+0000] {processor.py:186} INFO - Started process (PID=1342) to work on /home/airflow/.local/lib/python3.12/site-packages/airflow/example_dags/example_sensor_decorator.py
[2024-09-11T13:51:52.464+0000] {processor.py:914} INFO - Processing file /home/airflow/.local/lib/python3.12/site-packages/airflow/example_dags/example_sensor_decorator.py for tasks to queue
[2024-09-11T13:51:52.466+0000] {logging_mixin.py:190} INFO - [2024-09-11T13:51:52.466+0000] {dagbag.py:587} INFO - Filling up the DagBag from /home/airflow/.local/lib/python3.12/site-packages/airflow/example_dags/example_sensor_decorator.py
[2024-09-11T13:51:52.470+0000] {processor.py:925} INFO - DAG(s) 'example_sensor_decorator' retrieved from /home/airflow/.local/lib/python3.12/site-packages/airflow/example_dags/example_sensor_decorator.py
[2024-09-11T13:51:52.480+0000] {logging_mixin.py:190} INFO - [2024-09-11T13:51:52.480+0000] {dag.py:3229} INFO - Sync 1 DAGs
[2024-09-11T13:51:52.487+0000] {logging_mixin.py:190} INFO - [2024-09-11T13:51:52.487+0000] {dag.py:4156} INFO - Setting next_dagrun for example_sensor_decorator to None, run_after=None
[2024-09-11T13:51:52.496+0000] {processor.py:208} INFO - Processing /home/airflow/.local/lib/python3.12/site-packages/airflow/example_dags/example_sensor_decorator.py took 0.035 seconds
[2024-09-11T13:52:22.680+0000] {processor.py:186} INFO - Started process (PID=1398) to work on /home/airflow/.local/lib/python3.12/site-packages/airflow/example_dags/example_sensor_decorator.py
[2024-09-11T13:52:22.681+0000] {processor.py:914} INFO - Processing file /home/airflow/.local/lib/python3.12/site-packages/airflow/example_dags/example_sensor_decorator.py for tasks to queue
[2024-09-11T13:52:22.682+0000] {logging_mixin.py:190} INFO - [2024-09-11T13:52:22.682+0000] {dagbag.py:587} INFO - Filling up the DagBag from /home/airflow/.local/lib/python3.12/site-packages/airflow/example_dags/example_sensor_decorator.py
[2024-09-11T13:52:22.687+0000] {processor.py:925} INFO - DAG(s) 'example_sensor_decorator' retrieved from /home/airflow/.local/lib/python3.12/site-packages/airflow/example_dags/example_sensor_decorator.py
[2024-09-11T13:52:22.697+0000] {logging_mixin.py:190} INFO - [2024-09-11T13:52:22.696+0000] {dag.py:3229} INFO - Sync 1 DAGs
[2024-09-11T13:52:22.704+0000] {logging_mixin.py:190} INFO - [2024-09-11T13:52:22.704+0000] {dag.py:4156} INFO - Setting next_dagrun for example_sensor_decorator to None, run_after=None
[2024-09-11T13:52:22.713+0000] {processor.py:208} INFO - Processing /home/airflow/.local/lib/python3.12/site-packages/airflow/example_dags/example_sensor_decorator.py took 0.036 seconds
[2024-09-11T13:52:53.507+0000] {processor.py:186} INFO - Started process (PID=1454) to work on /home/airflow/.local/lib/python3.12/site-packages/airflow/example_dags/example_sensor_decorator.py
[2024-09-11T13:52:53.508+0000] {processor.py:914} INFO - Processing file /home/airflow/.local/lib/python3.12/site-packages/airflow/example_dags/example_sensor_decorator.py for tasks to queue
[2024-09-11T13:52:53.510+0000] {logging_mixin.py:190} INFO - [2024-09-11T13:52:53.509+0000] {dagbag.py:587} INFO - Filling up the DagBag from /home/airflow/.local/lib/python3.12/site-packages/airflow/example_dags/example_sensor_decorator.py
[2024-09-11T13:52:53.514+0000] {processor.py:925} INFO - DAG(s) 'example_sensor_decorator' retrieved from /home/airflow/.local/lib/python3.12/site-packages/airflow/example_dags/example_sensor_decorator.py
[2024-09-11T13:52:53.524+0000] {logging_mixin.py:190} INFO - [2024-09-11T13:52:53.524+0000] {dag.py:3229} INFO - Sync 1 DAGs
[2024-09-11T13:52:53.531+0000] {logging_mixin.py:190} INFO - [2024-09-11T13:52:53.531+0000] {dag.py:4156} INFO - Setting next_dagrun for example_sensor_decorator to None, run_after=None
[2024-09-11T13:52:53.540+0000] {processor.py:208} INFO - Processing /home/airflow/.local/lib/python3.12/site-packages/airflow/example_dags/example_sensor_decorator.py took 0.037 seconds
[2024-09-11T13:53:23.975+0000] {processor.py:186} INFO - Started process (PID=1510) to work on /home/airflow/.local/lib/python3.12/site-packages/airflow/example_dags/example_sensor_decorator.py
[2024-09-11T13:53:23.978+0000] {processor.py:914} INFO - Processing file /home/airflow/.local/lib/python3.12/site-packages/airflow/example_dags/example_sensor_decorator.py for tasks to queue
[2024-09-11T13:53:23.979+0000] {logging_mixin.py:190} INFO - [2024-09-11T13:53:23.979+0000] {dagbag.py:587} INFO - Filling up the DagBag from /home/airflow/.local/lib/python3.12/site-packages/airflow/example_dags/example_sensor_decorator.py
[2024-09-11T13:53:23.983+0000] {processor.py:925} INFO - DAG(s) 'example_sensor_decorator' retrieved from /home/airflow/.local/lib/python3.12/site-packages/airflow/example_dags/example_sensor_decorator.py
[2024-09-11T13:53:23.993+0000] {logging_mixin.py:190} INFO - [2024-09-11T13:53:23.993+0000] {dag.py:3229} INFO - Sync 1 DAGs
[2024-09-11T13:53:24.003+0000] {logging_mixin.py:190} INFO - [2024-09-11T13:53:24.003+0000] {dag.py:4156} INFO - Setting next_dagrun for example_sensor_decorator to None, run_after=None
[2024-09-11T13:53:24.012+0000] {processor.py:208} INFO - Processing /home/airflow/.local/lib/python3.12/site-packages/airflow/example_dags/example_sensor_decorator.py took 0.040 seconds
[2024-09-11T13:53:54.517+0000] {processor.py:186} INFO - Started process (PID=1566) to work on /home/airflow/.local/lib/python3.12/site-packages/airflow/example_dags/example_sensor_decorator.py
[2024-09-11T13:53:54.518+0000] {processor.py:914} INFO - Processing file /home/airflow/.local/lib/python3.12/site-packages/airflow/example_dags/example_sensor_decorator.py for tasks to queue
[2024-09-11T13:53:54.519+0000] {logging_mixin.py:190} INFO - [2024-09-11T13:53:54.519+0000] {dagbag.py:587} INFO - Filling up the DagBag from /home/airflow/.local/lib/python3.12/site-packages/airflow/example_dags/example_sensor_decorator.py
[2024-09-11T13:53:54.526+0000] {processor.py:925} INFO - DAG(s) 'example_sensor_decorator' retrieved from /home/airflow/.local/lib/python3.12/site-packages/airflow/example_dags/example_sensor_decorator.py
[2024-09-11T13:53:54.538+0000] {logging_mixin.py:190} INFO - [2024-09-11T13:53:54.538+0000] {dag.py:3229} INFO - Sync 1 DAGs
[2024-09-11T13:53:54.547+0000] {logging_mixin.py:190} INFO - [2024-09-11T13:53:54.547+0000] {dag.py:4156} INFO - Setting next_dagrun for example_sensor_decorator to None, run_after=None
[2024-09-11T13:53:54.558+0000] {processor.py:208} INFO - Processing /home/airflow/.local/lib/python3.12/site-packages/airflow/example_dags/example_sensor_decorator.py took 0.045 seconds
[2024-09-11T13:54:24.942+0000] {processor.py:186} INFO - Started process (PID=1621) to work on /home/airflow/.local/lib/python3.12/site-packages/airflow/example_dags/example_sensor_decorator.py
[2024-09-11T13:54:24.942+0000] {processor.py:914} INFO - Processing file /home/airflow/.local/lib/python3.12/site-packages/airflow/example_dags/example_sensor_decorator.py for tasks to queue
[2024-09-11T13:54:24.944+0000] {logging_mixin.py:190} INFO - [2024-09-11T13:54:24.944+0000] {dagbag.py:587} INFO - Filling up the DagBag from /home/airflow/.local/lib/python3.12/site-packages/airflow/example_dags/example_sensor_decorator.py
[2024-09-11T13:54:24.948+0000] {processor.py:925} INFO - DAG(s) 'example_sensor_decorator' retrieved from /home/airflow/.local/lib/python3.12/site-packages/airflow/example_dags/example_sensor_decorator.py
[2024-09-11T13:54:24.958+0000] {logging_mixin.py:190} INFO - [2024-09-11T13:54:24.958+0000] {dag.py:3229} INFO - Sync 1 DAGs
[2024-09-11T13:54:24.965+0000] {logging_mixin.py:190} INFO - [2024-09-11T13:54:24.965+0000] {dag.py:4156} INFO - Setting next_dagrun for example_sensor_decorator to None, run_after=None
[2024-09-11T13:54:24.973+0000] {processor.py:208} INFO - Processing /home/airflow/.local/lib/python3.12/site-packages/airflow/example_dags/example_sensor_decorator.py took 0.034 seconds
[2024-09-11T13:54:55.285+0000] {processor.py:186} INFO - Started process (PID=1678) to work on /home/airflow/.local/lib/python3.12/site-packages/airflow/example_dags/example_sensor_decorator.py
[2024-09-11T13:54:55.285+0000] {processor.py:914} INFO - Processing file /home/airflow/.local/lib/python3.12/site-packages/airflow/example_dags/example_sensor_decorator.py for tasks to queue
[2024-09-11T13:54:55.287+0000] {logging_mixin.py:190} INFO - [2024-09-11T13:54:55.287+0000] {dagbag.py:587} INFO - Filling up the DagBag from /home/airflow/.local/lib/python3.12/site-packages/airflow/example_dags/example_sensor_decorator.py
[2024-09-11T13:54:55.291+0000] {processor.py:925} INFO - DAG(s) 'example_sensor_decorator' retrieved from /home/airflow/.local/lib/python3.12/site-packages/airflow/example_dags/example_sensor_decorator.py
[2024-09-11T13:54:55.302+0000] {logging_mixin.py:190} INFO - [2024-09-11T13:54:55.302+0000] {dag.py:3229} INFO - Sync 1 DAGs
[2024-09-11T13:54:55.309+0000] {logging_mixin.py:190} INFO - [2024-09-11T13:54:55.309+0000] {dag.py:4156} INFO - Setting next_dagrun for example_sensor_decorator to None, run_after=None
[2024-09-11T13:54:55.318+0000] {processor.py:208} INFO - Processing /home/airflow/.local/lib/python3.12/site-packages/airflow/example_dags/example_sensor_decorator.py took 0.037 seconds
[2024-09-11T13:55:25.651+0000] {processor.py:186} INFO - Started process (PID=1733) to work on /home/airflow/.local/lib/python3.12/site-packages/airflow/example_dags/example_sensor_decorator.py
[2024-09-11T13:55:25.651+0000] {processor.py:914} INFO - Processing file /home/airflow/.local/lib/python3.12/site-packages/airflow/example_dags/example_sensor_decorator.py for tasks to queue
[2024-09-11T13:55:25.653+0000] {logging_mixin.py:190} INFO - [2024-09-11T13:55:25.652+0000] {dagbag.py:587} INFO - Filling up the DagBag from /home/airflow/.local/lib/python3.12/site-packages/airflow/example_dags/example_sensor_decorator.py
[2024-09-11T13:55:25.656+0000] {processor.py:925} INFO - DAG(s) 'example_sensor_decorator' retrieved from /home/airflow/.local/lib/python3.12/site-packages/airflow/example_dags/example_sensor_decorator.py
[2024-09-11T13:55:25.665+0000] {logging_mixin.py:190} INFO - [2024-09-11T13:55:25.665+0000] {dag.py:3229} INFO - Sync 1 DAGs
[2024-09-11T13:55:25.672+0000] {logging_mixin.py:190} INFO - [2024-09-11T13:55:25.672+0000] {dag.py:4156} INFO - Setting next_dagrun for example_sensor_decorator to None, run_after=None
[2024-09-11T13:55:25.681+0000] {processor.py:208} INFO - Processing /home/airflow/.local/lib/python3.12/site-packages/airflow/example_dags/example_sensor_decorator.py took 0.033 seconds
[2024-09-11T13:55:55.992+0000] {processor.py:186} INFO - Started process (PID=1789) to work on /home/airflow/.local/lib/python3.12/site-packages/airflow/example_dags/example_sensor_decorator.py
[2024-09-11T13:55:55.992+0000] {processor.py:914} INFO - Processing file /home/airflow/.local/lib/python3.12/site-packages/airflow/example_dags/example_sensor_decorator.py for tasks to queue
[2024-09-11T13:55:55.994+0000] {logging_mixin.py:190} INFO - [2024-09-11T13:55:55.994+0000] {dagbag.py:587} INFO - Filling up the DagBag from /home/airflow/.local/lib/python3.12/site-packages/airflow/example_dags/example_sensor_decorator.py
[2024-09-11T13:55:55.998+0000] {processor.py:925} INFO - DAG(s) 'example_sensor_decorator' retrieved from /home/airflow/.local/lib/python3.12/site-packages/airflow/example_dags/example_sensor_decorator.py
[2024-09-11T13:55:56.008+0000] {logging_mixin.py:190} INFO - [2024-09-11T13:55:56.008+0000] {dag.py:3229} INFO - Sync 1 DAGs
[2024-09-11T13:55:56.015+0000] {logging_mixin.py:190} INFO - [2024-09-11T13:55:56.015+0000] {dag.py:4156} INFO - Setting next_dagrun for example_sensor_decorator to None, run_after=None
[2024-09-11T13:55:56.024+0000] {processor.py:208} INFO - Processing /home/airflow/.local/lib/python3.12/site-packages/airflow/example_dags/example_sensor_decorator.py took 0.035 seconds
[2024-09-11T13:56:26.333+0000] {processor.py:186} INFO - Started process (PID=1845) to work on /home/airflow/.local/lib/python3.12/site-packages/airflow/example_dags/example_sensor_decorator.py
[2024-09-11T13:56:26.333+0000] {processor.py:914} INFO - Processing file /home/airflow/.local/lib/python3.12/site-packages/airflow/example_dags/example_sensor_decorator.py for tasks to queue
[2024-09-11T13:56:26.335+0000] {logging_mixin.py:190} INFO - [2024-09-11T13:56:26.334+0000] {dagbag.py:587} INFO - Filling up the DagBag from /home/airflow/.local/lib/python3.12/site-packages/airflow/example_dags/example_sensor_decorator.py
[2024-09-11T13:56:26.338+0000] {processor.py:925} INFO - DAG(s) 'example_sensor_decorator' retrieved from /home/airflow/.local/lib/python3.12/site-packages/airflow/example_dags/example_sensor_decorator.py
[2024-09-11T13:56:26.347+0000] {logging_mixin.py:190} INFO - [2024-09-11T13:56:26.347+0000] {dag.py:3229} INFO - Sync 1 DAGs
[2024-09-11T13:56:26.354+0000] {logging_mixin.py:190} INFO - [2024-09-11T13:56:26.354+0000] {dag.py:4156} INFO - Setting next_dagrun for example_sensor_decorator to None, run_after=None
[2024-09-11T13:56:26.363+0000] {processor.py:208} INFO - Processing /home/airflow/.local/lib/python3.12/site-packages/airflow/example_dags/example_sensor_decorator.py took 0.033 seconds
[2024-09-11T13:56:56.740+0000] {processor.py:186} INFO - Started process (PID=1901) to work on /home/airflow/.local/lib/python3.12/site-packages/airflow/example_dags/example_sensor_decorator.py
[2024-09-11T13:56:56.741+0000] {processor.py:914} INFO - Processing file /home/airflow/.local/lib/python3.12/site-packages/airflow/example_dags/example_sensor_decorator.py for tasks to queue
[2024-09-11T13:56:56.742+0000] {logging_mixin.py:190} INFO - [2024-09-11T13:56:56.742+0000] {dagbag.py:587} INFO - Filling up the DagBag from /home/airflow/.local/lib/python3.12/site-packages/airflow/example_dags/example_sensor_decorator.py
[2024-09-11T13:56:56.747+0000] {processor.py:925} INFO - DAG(s) 'example_sensor_decorator' retrieved from /home/airflow/.local/lib/python3.12/site-packages/airflow/example_dags/example_sensor_decorator.py
[2024-09-11T13:56:56.757+0000] {logging_mixin.py:190} INFO - [2024-09-11T13:56:56.757+0000] {dag.py:3229} INFO - Sync 1 DAGs
[2024-09-11T13:56:56.763+0000] {logging_mixin.py:190} INFO - [2024-09-11T13:56:56.763+0000] {dag.py:4156} INFO - Setting next_dagrun for example_sensor_decorator to None, run_after=None
[2024-09-11T13:56:56.772+0000] {processor.py:208} INFO - Processing /home/airflow/.local/lib/python3.12/site-packages/airflow/example_dags/example_sensor_decorator.py took 0.035 seconds
[2024-09-11T13:57:27.061+0000] {processor.py:186} INFO - Started process (PID=1957) to work on /home/airflow/.local/lib/python3.12/site-packages/airflow/example_dags/example_sensor_decorator.py
[2024-09-11T13:57:27.062+0000] {processor.py:914} INFO - Processing file /home/airflow/.local/lib/python3.12/site-packages/airflow/example_dags/example_sensor_decorator.py for tasks to queue
[2024-09-11T13:57:27.063+0000] {logging_mixin.py:190} INFO - [2024-09-11T13:57:27.063+0000] {dagbag.py:587} INFO - Filling up the DagBag from /home/airflow/.local/lib/python3.12/site-packages/airflow/example_dags/example_sensor_decorator.py
[2024-09-11T13:57:27.067+0000] {processor.py:925} INFO - DAG(s) 'example_sensor_decorator' retrieved from /home/airflow/.local/lib/python3.12/site-packages/airflow/example_dags/example_sensor_decorator.py
[2024-09-11T13:57:27.077+0000] {logging_mixin.py:190} INFO - [2024-09-11T13:57:27.077+0000] {dag.py:3229} INFO - Sync 1 DAGs
[2024-09-11T13:57:27.084+0000] {logging_mixin.py:190} INFO - [2024-09-11T13:57:27.084+0000] {dag.py:4156} INFO - Setting next_dagrun for example_sensor_decorator to None, run_after=None
[2024-09-11T13:57:27.092+0000] {processor.py:208} INFO - Processing /home/airflow/.local/lib/python3.12/site-packages/airflow/example_dags/example_sensor_decorator.py took 0.034 seconds
[2024-09-11T13:57:57.498+0000] {processor.py:186} INFO - Started process (PID=2013) to work on /home/airflow/.local/lib/python3.12/site-packages/airflow/example_dags/example_sensor_decorator.py
[2024-09-11T13:57:57.499+0000] {processor.py:914} INFO - Processing file /home/airflow/.local/lib/python3.12/site-packages/airflow/example_dags/example_sensor_decorator.py for tasks to queue
[2024-09-11T13:57:57.500+0000] {logging_mixin.py:190} INFO - [2024-09-11T13:57:57.500+0000] {dagbag.py:587} INFO - Filling up the DagBag from /home/airflow/.local/lib/python3.12/site-packages/airflow/example_dags/example_sensor_decorator.py
[2024-09-11T13:57:57.504+0000] {processor.py:925} INFO - DAG(s) 'example_sensor_decorator' retrieved from /home/airflow/.local/lib/python3.12/site-packages/airflow/example_dags/example_sensor_decorator.py
[2024-09-11T13:57:57.514+0000] {logging_mixin.py:190} INFO - [2024-09-11T13:57:57.514+0000] {dag.py:3229} INFO - Sync 1 DAGs
[2024-09-11T13:57:57.522+0000] {logging_mixin.py:190} INFO - [2024-09-11T13:57:57.521+0000] {dag.py:4156} INFO - Setting next_dagrun for example_sensor_decorator to None, run_after=None
[2024-09-11T13:57:57.530+0000] {processor.py:208} INFO - Processing /home/airflow/.local/lib/python3.12/site-packages/airflow/example_dags/example_sensor_decorator.py took 0.035 seconds
[2024-09-11T13:58:28.076+0000] {processor.py:186} INFO - Started process (PID=2069) to work on /home/airflow/.local/lib/python3.12/site-packages/airflow/example_dags/example_sensor_decorator.py
[2024-09-11T13:58:28.077+0000] {processor.py:914} INFO - Processing file /home/airflow/.local/lib/python3.12/site-packages/airflow/example_dags/example_sensor_decorator.py for tasks to queue
[2024-09-11T13:58:28.079+0000] {logging_mixin.py:190} INFO - [2024-09-11T13:58:28.078+0000] {dagbag.py:587} INFO - Filling up the DagBag from /home/airflow/.local/lib/python3.12/site-packages/airflow/example_dags/example_sensor_decorator.py
[2024-09-11T13:58:28.083+0000] {processor.py:925} INFO - DAG(s) 'example_sensor_decorator' retrieved from /home/airflow/.local/lib/python3.12/site-packages/airflow/example_dags/example_sensor_decorator.py
[2024-09-11T13:58:28.093+0000] {logging_mixin.py:190} INFO - [2024-09-11T13:58:28.093+0000] {dag.py:3229} INFO - Sync 1 DAGs
[2024-09-11T13:58:28.101+0000] {logging_mixin.py:190} INFO - [2024-09-11T13:58:28.101+0000] {dag.py:4156} INFO - Setting next_dagrun for example_sensor_decorator to None, run_after=None
[2024-09-11T13:58:28.110+0000] {processor.py:208} INFO - Processing /home/airflow/.local/lib/python3.12/site-packages/airflow/example_dags/example_sensor_decorator.py took 0.038 seconds
