[2024-09-11T13:40:20.010+0000] {processor.py:186} INFO - Started process (PID=72) to work on /home/airflow/.local/lib/python3.12/site-packages/airflow/example_dags/example_external_task_marker_dag.py
[2024-09-11T13:40:20.013+0000] {processor.py:914} INFO - Processing file /home/airflow/.local/lib/python3.12/site-packages/airflow/example_dags/example_external_task_marker_dag.py for tasks to queue
[2024-09-11T13:40:20.016+0000] {logging_mixin.py:190} INFO - [2024-09-11T13:40:20.016+0000] {dagbag.py:587} INFO - Filling up the DagBag from /home/airflow/.local/lib/python3.12/site-packages/airflow/example_dags/example_external_task_marker_dag.py
[2024-09-11T13:40:20.025+0000] {processor.py:925} INFO - DAG(s) 'example_external_task_marker_parent', 'example_external_task_marker_child' retrieved from /home/airflow/.local/lib/python3.12/site-packages/airflow/example_dags/example_external_task_marker_dag.py
[2024-09-11T13:40:20.135+0000] {logging_mixin.py:190} INFO - [2024-09-11T13:40:20.134+0000] {override.py:1900} INFO - Created Permission View: can read on DAG:example_external_task_marker_parent
[2024-09-11T13:40:20.142+0000] {logging_mixin.py:190} INFO - [2024-09-11T13:40:20.142+0000] {override.py:1900} INFO - Created Permission View: can delete on DAG:example_external_task_marker_parent
[2024-09-11T13:40:20.146+0000] {logging_mixin.py:190} INFO - [2024-09-11T13:40:20.145+0000] {override.py:1900} INFO - Created Permission View: can edit on DAG:example_external_task_marker_parent
[2024-09-11T13:40:20.150+0000] {logging_mixin.py:190} INFO - [2024-09-11T13:40:20.150+0000] {override.py:1900} INFO - Created Permission View: can read on DAG Run:example_external_task_marker_parent
[2024-09-11T13:40:20.153+0000] {logging_mixin.py:190} INFO - [2024-09-11T13:40:20.153+0000] {override.py:1900} INFO - Created Permission View: can create on DAG Run:example_external_task_marker_parent
[2024-09-11T13:40:20.160+0000] {logging_mixin.py:190} INFO - [2024-09-11T13:40:20.160+0000] {override.py:1900} INFO - Created Permission View: menu access on DAG Run:example_external_task_marker_parent
[2024-09-11T13:40:20.163+0000] {logging_mixin.py:190} INFO - [2024-09-11T13:40:20.163+0000] {override.py:1900} INFO - Created Permission View: can delete on DAG Run:example_external_task_marker_parent
[2024-09-11T13:40:20.172+0000] {logging_mixin.py:190} INFO - [2024-09-11T13:40:20.172+0000] {override.py:1900} INFO - Created Permission View: can read on DAG:example_external_task_marker_child
[2024-09-11T13:40:20.176+0000] {logging_mixin.py:190} INFO - [2024-09-11T13:40:20.176+0000] {override.py:1900} INFO - Created Permission View: can delete on DAG:example_external_task_marker_child
[2024-09-11T13:40:20.180+0000] {logging_mixin.py:190} INFO - [2024-09-11T13:40:20.180+0000] {override.py:1900} INFO - Created Permission View: can edit on DAG:example_external_task_marker_child
[2024-09-11T13:40:20.185+0000] {logging_mixin.py:190} INFO - [2024-09-11T13:40:20.185+0000] {override.py:1900} INFO - Created Permission View: can read on DAG Run:example_external_task_marker_child
[2024-09-11T13:40:20.189+0000] {logging_mixin.py:190} INFO - [2024-09-11T13:40:20.189+0000] {override.py:1900} INFO - Created Permission View: can create on DAG Run:example_external_task_marker_child
[2024-09-11T13:40:20.196+0000] {logging_mixin.py:190} INFO - [2024-09-11T13:40:20.196+0000] {override.py:1900} INFO - Created Permission View: menu access on DAG Run:example_external_task_marker_child
[2024-09-11T13:40:20.206+0000] {logging_mixin.py:190} INFO - [2024-09-11T13:40:20.206+0000] {override.py:1900} INFO - Created Permission View: can delete on DAG Run:example_external_task_marker_child
[2024-09-11T13:40:20.207+0000] {logging_mixin.py:190} INFO - [2024-09-11T13:40:20.207+0000] {dag.py:3229} INFO - Sync 2 DAGs
[2024-09-11T13:40:20.219+0000] {logging_mixin.py:190} INFO - [2024-09-11T13:40:20.219+0000] {dag.py:3252} INFO - Creating ORM DAG for example_external_task_marker_parent
[2024-09-11T13:40:20.219+0000] {logging_mixin.py:190} INFO - [2024-09-11T13:40:20.219+0000] {dag.py:3252} INFO - Creating ORM DAG for example_external_task_marker_child
[2024-09-11T13:40:20.220+0000] {logging_mixin.py:190} INFO - [2024-09-11T13:40:20.220+0000] {dag.py:4156} INFO - Setting next_dagrun for example_external_task_marker_child to None, run_after=None
[2024-09-11T13:40:20.221+0000] {logging_mixin.py:190} INFO - [2024-09-11T13:40:20.221+0000] {dag.py:4156} INFO - Setting next_dagrun for example_external_task_marker_parent to None, run_after=None
[2024-09-11T13:40:20.232+0000] {processor.py:208} INFO - Processing /home/airflow/.local/lib/python3.12/site-packages/airflow/example_dags/example_external_task_marker_dag.py took 0.228 seconds
[2024-09-11T13:40:51.016+0000] {processor.py:186} INFO - Started process (PID=128) to work on /home/airflow/.local/lib/python3.12/site-packages/airflow/example_dags/example_external_task_marker_dag.py
[2024-09-11T13:40:51.017+0000] {processor.py:914} INFO - Processing file /home/airflow/.local/lib/python3.12/site-packages/airflow/example_dags/example_external_task_marker_dag.py for tasks to queue
[2024-09-11T13:40:51.020+0000] {logging_mixin.py:190} INFO - [2024-09-11T13:40:51.019+0000] {dagbag.py:587} INFO - Filling up the DagBag from /home/airflow/.local/lib/python3.12/site-packages/airflow/example_dags/example_external_task_marker_dag.py
[2024-09-11T13:40:51.034+0000] {processor.py:925} INFO - DAG(s) 'example_external_task_marker_child', 'example_external_task_marker_parent' retrieved from /home/airflow/.local/lib/python3.12/site-packages/airflow/example_dags/example_external_task_marker_dag.py
[2024-09-11T13:40:51.059+0000] {logging_mixin.py:190} INFO - [2024-09-11T13:40:51.059+0000] {dag.py:3229} INFO - Sync 2 DAGs
[2024-09-11T13:40:51.068+0000] {logging_mixin.py:190} INFO - [2024-09-11T13:40:51.068+0000] {dag.py:4156} INFO - Setting next_dagrun for example_external_task_marker_child to None, run_after=None
[2024-09-11T13:40:51.071+0000] {logging_mixin.py:190} INFO - [2024-09-11T13:40:51.071+0000] {dag.py:4156} INFO - Setting next_dagrun for example_external_task_marker_parent to None, run_after=None
[2024-09-11T13:40:51.082+0000] {processor.py:208} INFO - Processing /home/airflow/.local/lib/python3.12/site-packages/airflow/example_dags/example_external_task_marker_dag.py took 0.068 seconds
[2024-09-11T13:41:21.948+0000] {processor.py:186} INFO - Started process (PID=184) to work on /home/airflow/.local/lib/python3.12/site-packages/airflow/example_dags/example_external_task_marker_dag.py
[2024-09-11T13:41:21.949+0000] {processor.py:914} INFO - Processing file /home/airflow/.local/lib/python3.12/site-packages/airflow/example_dags/example_external_task_marker_dag.py for tasks to queue
[2024-09-11T13:41:21.950+0000] {logging_mixin.py:190} INFO - [2024-09-11T13:41:21.950+0000] {dagbag.py:587} INFO - Filling up the DagBag from /home/airflow/.local/lib/python3.12/site-packages/airflow/example_dags/example_external_task_marker_dag.py
[2024-09-11T13:41:21.955+0000] {processor.py:925} INFO - DAG(s) 'example_external_task_marker_child', 'example_external_task_marker_parent' retrieved from /home/airflow/.local/lib/python3.12/site-packages/airflow/example_dags/example_external_task_marker_dag.py
[2024-09-11T13:41:21.966+0000] {logging_mixin.py:190} INFO - [2024-09-11T13:41:21.966+0000] {dag.py:3229} INFO - Sync 2 DAGs
[2024-09-11T13:41:21.973+0000] {logging_mixin.py:190} INFO - [2024-09-11T13:41:21.973+0000] {dag.py:4156} INFO - Setting next_dagrun for example_external_task_marker_child to None, run_after=None
[2024-09-11T13:41:21.975+0000] {logging_mixin.py:190} INFO - [2024-09-11T13:41:21.975+0000] {dag.py:4156} INFO - Setting next_dagrun for example_external_task_marker_parent to None, run_after=None
[2024-09-11T13:41:21.982+0000] {processor.py:208} INFO - Processing /home/airflow/.local/lib/python3.12/site-packages/airflow/example_dags/example_external_task_marker_dag.py took 0.038 seconds
[2024-09-11T13:41:52.206+0000] {processor.py:186} INFO - Started process (PID=240) to work on /home/airflow/.local/lib/python3.12/site-packages/airflow/example_dags/example_external_task_marker_dag.py
[2024-09-11T13:41:52.206+0000] {processor.py:914} INFO - Processing file /home/airflow/.local/lib/python3.12/site-packages/airflow/example_dags/example_external_task_marker_dag.py for tasks to queue
[2024-09-11T13:41:52.208+0000] {logging_mixin.py:190} INFO - [2024-09-11T13:41:52.208+0000] {dagbag.py:587} INFO - Filling up the DagBag from /home/airflow/.local/lib/python3.12/site-packages/airflow/example_dags/example_external_task_marker_dag.py
[2024-09-11T13:41:52.212+0000] {processor.py:925} INFO - DAG(s) 'example_external_task_marker_parent', 'example_external_task_marker_child' retrieved from /home/airflow/.local/lib/python3.12/site-packages/airflow/example_dags/example_external_task_marker_dag.py
[2024-09-11T13:41:52.223+0000] {logging_mixin.py:190} INFO - [2024-09-11T13:41:52.223+0000] {dag.py:3229} INFO - Sync 2 DAGs
[2024-09-11T13:41:52.230+0000] {logging_mixin.py:190} INFO - [2024-09-11T13:41:52.230+0000] {dag.py:4156} INFO - Setting next_dagrun for example_external_task_marker_child to None, run_after=None
[2024-09-11T13:41:52.232+0000] {logging_mixin.py:190} INFO - [2024-09-11T13:41:52.232+0000] {dag.py:4156} INFO - Setting next_dagrun for example_external_task_marker_parent to None, run_after=None
[2024-09-11T13:41:52.243+0000] {processor.py:208} INFO - Processing /home/airflow/.local/lib/python3.12/site-packages/airflow/example_dags/example_external_task_marker_dag.py took 0.041 seconds
[2024-09-11T13:42:22.690+0000] {processor.py:186} INFO - Started process (PID=296) to work on /home/airflow/.local/lib/python3.12/site-packages/airflow/example_dags/example_external_task_marker_dag.py
[2024-09-11T13:42:22.690+0000] {processor.py:914} INFO - Processing file /home/airflow/.local/lib/python3.12/site-packages/airflow/example_dags/example_external_task_marker_dag.py for tasks to queue
[2024-09-11T13:42:22.692+0000] {logging_mixin.py:190} INFO - [2024-09-11T13:42:22.692+0000] {dagbag.py:587} INFO - Filling up the DagBag from /home/airflow/.local/lib/python3.12/site-packages/airflow/example_dags/example_external_task_marker_dag.py
[2024-09-11T13:42:22.696+0000] {processor.py:925} INFO - DAG(s) 'example_external_task_marker_parent', 'example_external_task_marker_child' retrieved from /home/airflow/.local/lib/python3.12/site-packages/airflow/example_dags/example_external_task_marker_dag.py
[2024-09-11T13:42:22.708+0000] {logging_mixin.py:190} INFO - [2024-09-11T13:42:22.708+0000] {dag.py:3229} INFO - Sync 2 DAGs
[2024-09-11T13:42:22.716+0000] {logging_mixin.py:190} INFO - [2024-09-11T13:42:22.716+0000] {dag.py:4156} INFO - Setting next_dagrun for example_external_task_marker_child to None, run_after=None
[2024-09-11T13:42:22.718+0000] {logging_mixin.py:190} INFO - [2024-09-11T13:42:22.718+0000] {dag.py:4156} INFO - Setting next_dagrun for example_external_task_marker_parent to None, run_after=None
[2024-09-11T13:42:22.725+0000] {processor.py:208} INFO - Processing /home/airflow/.local/lib/python3.12/site-packages/airflow/example_dags/example_external_task_marker_dag.py took 0.038 seconds
[2024-09-11T13:42:52.925+0000] {processor.py:186} INFO - Started process (PID=352) to work on /home/airflow/.local/lib/python3.12/site-packages/airflow/example_dags/example_external_task_marker_dag.py
[2024-09-11T13:42:52.926+0000] {processor.py:914} INFO - Processing file /home/airflow/.local/lib/python3.12/site-packages/airflow/example_dags/example_external_task_marker_dag.py for tasks to queue
[2024-09-11T13:42:52.927+0000] {logging_mixin.py:190} INFO - [2024-09-11T13:42:52.927+0000] {dagbag.py:587} INFO - Filling up the DagBag from /home/airflow/.local/lib/python3.12/site-packages/airflow/example_dags/example_external_task_marker_dag.py
[2024-09-11T13:42:52.931+0000] {processor.py:925} INFO - DAG(s) 'example_external_task_marker_child', 'example_external_task_marker_parent' retrieved from /home/airflow/.local/lib/python3.12/site-packages/airflow/example_dags/example_external_task_marker_dag.py
[2024-09-11T13:42:52.944+0000] {logging_mixin.py:190} INFO - [2024-09-11T13:42:52.944+0000] {dag.py:3229} INFO - Sync 2 DAGs
[2024-09-11T13:42:52.951+0000] {logging_mixin.py:190} INFO - [2024-09-11T13:42:52.950+0000] {dag.py:4156} INFO - Setting next_dagrun for example_external_task_marker_child to None, run_after=None
[2024-09-11T13:42:52.952+0000] {logging_mixin.py:190} INFO - [2024-09-11T13:42:52.952+0000] {dag.py:4156} INFO - Setting next_dagrun for example_external_task_marker_parent to None, run_after=None
[2024-09-11T13:42:52.959+0000] {processor.py:208} INFO - Processing /home/airflow/.local/lib/python3.12/site-packages/airflow/example_dags/example_external_task_marker_dag.py took 0.036 seconds
[2024-09-11T13:43:23.104+0000] {processor.py:186} INFO - Started process (PID=408) to work on /home/airflow/.local/lib/python3.12/site-packages/airflow/example_dags/example_external_task_marker_dag.py
[2024-09-11T13:43:23.104+0000] {processor.py:914} INFO - Processing file /home/airflow/.local/lib/python3.12/site-packages/airflow/example_dags/example_external_task_marker_dag.py for tasks to queue
[2024-09-11T13:43:23.106+0000] {logging_mixin.py:190} INFO - [2024-09-11T13:43:23.106+0000] {dagbag.py:587} INFO - Filling up the DagBag from /home/airflow/.local/lib/python3.12/site-packages/airflow/example_dags/example_external_task_marker_dag.py
[2024-09-11T13:43:23.111+0000] {processor.py:925} INFO - DAG(s) 'example_external_task_marker_child', 'example_external_task_marker_parent' retrieved from /home/airflow/.local/lib/python3.12/site-packages/airflow/example_dags/example_external_task_marker_dag.py
[2024-09-11T13:43:23.126+0000] {logging_mixin.py:190} INFO - [2024-09-11T13:43:23.125+0000] {dag.py:3229} INFO - Sync 2 DAGs
[2024-09-11T13:43:23.134+0000] {logging_mixin.py:190} INFO - [2024-09-11T13:43:23.134+0000] {dag.py:4156} INFO - Setting next_dagrun for example_external_task_marker_child to None, run_after=None
[2024-09-11T13:43:23.137+0000] {logging_mixin.py:190} INFO - [2024-09-11T13:43:23.136+0000] {dag.py:4156} INFO - Setting next_dagrun for example_external_task_marker_parent to None, run_after=None
[2024-09-11T13:43:23.144+0000] {processor.py:208} INFO - Processing /home/airflow/.local/lib/python3.12/site-packages/airflow/example_dags/example_external_task_marker_dag.py took 0.043 seconds
[2024-09-11T13:43:53.354+0000] {processor.py:186} INFO - Started process (PID=464) to work on /home/airflow/.local/lib/python3.12/site-packages/airflow/example_dags/example_external_task_marker_dag.py
[2024-09-11T13:43:53.354+0000] {processor.py:914} INFO - Processing file /home/airflow/.local/lib/python3.12/site-packages/airflow/example_dags/example_external_task_marker_dag.py for tasks to queue
[2024-09-11T13:43:53.355+0000] {logging_mixin.py:190} INFO - [2024-09-11T13:43:53.355+0000] {dagbag.py:587} INFO - Filling up the DagBag from /home/airflow/.local/lib/python3.12/site-packages/airflow/example_dags/example_external_task_marker_dag.py
[2024-09-11T13:43:53.360+0000] {processor.py:925} INFO - DAG(s) 'example_external_task_marker_parent', 'example_external_task_marker_child' retrieved from /home/airflow/.local/lib/python3.12/site-packages/airflow/example_dags/example_external_task_marker_dag.py
[2024-09-11T13:43:53.379+0000] {logging_mixin.py:190} INFO - [2024-09-11T13:43:53.379+0000] {dag.py:3229} INFO - Sync 2 DAGs
[2024-09-11T13:43:53.388+0000] {logging_mixin.py:190} INFO - [2024-09-11T13:43:53.388+0000] {dag.py:4156} INFO - Setting next_dagrun for example_external_task_marker_child to None, run_after=None
[2024-09-11T13:43:53.392+0000] {logging_mixin.py:190} INFO - [2024-09-11T13:43:53.391+0000] {dag.py:4156} INFO - Setting next_dagrun for example_external_task_marker_parent to None, run_after=None
[2024-09-11T13:43:53.399+0000] {processor.py:208} INFO - Processing /home/airflow/.local/lib/python3.12/site-packages/airflow/example_dags/example_external_task_marker_dag.py took 0.048 seconds
[2024-09-11T13:44:23.566+0000] {processor.py:186} INFO - Started process (PID=520) to work on /home/airflow/.local/lib/python3.12/site-packages/airflow/example_dags/example_external_task_marker_dag.py
[2024-09-11T13:44:23.567+0000] {processor.py:914} INFO - Processing file /home/airflow/.local/lib/python3.12/site-packages/airflow/example_dags/example_external_task_marker_dag.py for tasks to queue
[2024-09-11T13:44:23.568+0000] {logging_mixin.py:190} INFO - [2024-09-11T13:44:23.568+0000] {dagbag.py:587} INFO - Filling up the DagBag from /home/airflow/.local/lib/python3.12/site-packages/airflow/example_dags/example_external_task_marker_dag.py
[2024-09-11T13:44:23.573+0000] {processor.py:925} INFO - DAG(s) 'example_external_task_marker_parent', 'example_external_task_marker_child' retrieved from /home/airflow/.local/lib/python3.12/site-packages/airflow/example_dags/example_external_task_marker_dag.py
[2024-09-11T13:44:23.584+0000] {logging_mixin.py:190} INFO - [2024-09-11T13:44:23.584+0000] {dag.py:3229} INFO - Sync 2 DAGs
[2024-09-11T13:44:23.593+0000] {logging_mixin.py:190} INFO - [2024-09-11T13:44:23.592+0000] {dag.py:4156} INFO - Setting next_dagrun for example_external_task_marker_child to None, run_after=None
[2024-09-11T13:44:23.595+0000] {logging_mixin.py:190} INFO - [2024-09-11T13:44:23.595+0000] {dag.py:4156} INFO - Setting next_dagrun for example_external_task_marker_parent to None, run_after=None
[2024-09-11T13:44:23.602+0000] {processor.py:208} INFO - Processing /home/airflow/.local/lib/python3.12/site-packages/airflow/example_dags/example_external_task_marker_dag.py took 0.040 seconds
[2024-09-11T13:44:53.883+0000] {processor.py:186} INFO - Started process (PID=576) to work on /home/airflow/.local/lib/python3.12/site-packages/airflow/example_dags/example_external_task_marker_dag.py
[2024-09-11T13:44:53.883+0000] {processor.py:914} INFO - Processing file /home/airflow/.local/lib/python3.12/site-packages/airflow/example_dags/example_external_task_marker_dag.py for tasks to queue
[2024-09-11T13:44:53.885+0000] {logging_mixin.py:190} INFO - [2024-09-11T13:44:53.885+0000] {dagbag.py:587} INFO - Filling up the DagBag from /home/airflow/.local/lib/python3.12/site-packages/airflow/example_dags/example_external_task_marker_dag.py
[2024-09-11T13:44:53.889+0000] {processor.py:925} INFO - DAG(s) 'example_external_task_marker_parent', 'example_external_task_marker_child' retrieved from /home/airflow/.local/lib/python3.12/site-packages/airflow/example_dags/example_external_task_marker_dag.py
[2024-09-11T13:44:53.905+0000] {logging_mixin.py:190} INFO - [2024-09-11T13:44:53.905+0000] {dag.py:3229} INFO - Sync 2 DAGs
[2024-09-11T13:44:53.912+0000] {logging_mixin.py:190} INFO - [2024-09-11T13:44:53.911+0000] {dag.py:4156} INFO - Setting next_dagrun for example_external_task_marker_child to None, run_after=None
[2024-09-11T13:44:53.913+0000] {logging_mixin.py:190} INFO - [2024-09-11T13:44:53.913+0000] {dag.py:4156} INFO - Setting next_dagrun for example_external_task_marker_parent to None, run_after=None
[2024-09-11T13:44:53.921+0000] {processor.py:208} INFO - Processing /home/airflow/.local/lib/python3.12/site-packages/airflow/example_dags/example_external_task_marker_dag.py took 0.042 seconds
[2024-09-11T13:45:24.145+0000] {processor.py:186} INFO - Started process (PID=632) to work on /home/airflow/.local/lib/python3.12/site-packages/airflow/example_dags/example_external_task_marker_dag.py
[2024-09-11T13:45:24.148+0000] {processor.py:914} INFO - Processing file /home/airflow/.local/lib/python3.12/site-packages/airflow/example_dags/example_external_task_marker_dag.py for tasks to queue
[2024-09-11T13:45:24.150+0000] {logging_mixin.py:190} INFO - [2024-09-11T13:45:24.150+0000] {dagbag.py:587} INFO - Filling up the DagBag from /home/airflow/.local/lib/python3.12/site-packages/airflow/example_dags/example_external_task_marker_dag.py
[2024-09-11T13:45:24.155+0000] {processor.py:925} INFO - DAG(s) 'example_external_task_marker_parent', 'example_external_task_marker_child' retrieved from /home/airflow/.local/lib/python3.12/site-packages/airflow/example_dags/example_external_task_marker_dag.py
[2024-09-11T13:45:24.168+0000] {logging_mixin.py:190} INFO - [2024-09-11T13:45:24.168+0000] {dag.py:3229} INFO - Sync 2 DAGs
[2024-09-11T13:45:24.176+0000] {logging_mixin.py:190} INFO - [2024-09-11T13:45:24.176+0000] {dag.py:4156} INFO - Setting next_dagrun for example_external_task_marker_child to None, run_after=None
[2024-09-11T13:45:24.178+0000] {logging_mixin.py:190} INFO - [2024-09-11T13:45:24.178+0000] {dag.py:4156} INFO - Setting next_dagrun for example_external_task_marker_parent to None, run_after=None
[2024-09-11T13:45:24.186+0000] {processor.py:208} INFO - Processing /home/airflow/.local/lib/python3.12/site-packages/airflow/example_dags/example_external_task_marker_dag.py took 0.045 seconds
[2024-09-11T13:45:54.325+0000] {processor.py:186} INFO - Started process (PID=688) to work on /home/airflow/.local/lib/python3.12/site-packages/airflow/example_dags/example_external_task_marker_dag.py
[2024-09-11T13:45:54.326+0000] {processor.py:914} INFO - Processing file /home/airflow/.local/lib/python3.12/site-packages/airflow/example_dags/example_external_task_marker_dag.py for tasks to queue
[2024-09-11T13:45:54.327+0000] {logging_mixin.py:190} INFO - [2024-09-11T13:45:54.327+0000] {dagbag.py:587} INFO - Filling up the DagBag from /home/airflow/.local/lib/python3.12/site-packages/airflow/example_dags/example_external_task_marker_dag.py
[2024-09-11T13:45:54.331+0000] {processor.py:925} INFO - DAG(s) 'example_external_task_marker_child', 'example_external_task_marker_parent' retrieved from /home/airflow/.local/lib/python3.12/site-packages/airflow/example_dags/example_external_task_marker_dag.py
[2024-09-11T13:45:54.342+0000] {logging_mixin.py:190} INFO - [2024-09-11T13:45:54.342+0000] {dag.py:3229} INFO - Sync 2 DAGs
[2024-09-11T13:45:54.348+0000] {logging_mixin.py:190} INFO - [2024-09-11T13:45:54.348+0000] {dag.py:4156} INFO - Setting next_dagrun for example_external_task_marker_child to None, run_after=None
[2024-09-11T13:45:54.350+0000] {logging_mixin.py:190} INFO - [2024-09-11T13:45:54.350+0000] {dag.py:4156} INFO - Setting next_dagrun for example_external_task_marker_parent to None, run_after=None
[2024-09-11T13:45:54.357+0000] {processor.py:208} INFO - Processing /home/airflow/.local/lib/python3.12/site-packages/airflow/example_dags/example_external_task_marker_dag.py took 0.034 seconds
[2024-09-11T13:46:24.447+0000] {processor.py:186} INFO - Started process (PID=744) to work on /home/airflow/.local/lib/python3.12/site-packages/airflow/example_dags/example_external_task_marker_dag.py
[2024-09-11T13:46:24.448+0000] {processor.py:914} INFO - Processing file /home/airflow/.local/lib/python3.12/site-packages/airflow/example_dags/example_external_task_marker_dag.py for tasks to queue
[2024-09-11T13:46:24.449+0000] {logging_mixin.py:190} INFO - [2024-09-11T13:46:24.449+0000] {dagbag.py:587} INFO - Filling up the DagBag from /home/airflow/.local/lib/python3.12/site-packages/airflow/example_dags/example_external_task_marker_dag.py
[2024-09-11T13:46:24.454+0000] {processor.py:925} INFO - DAG(s) 'example_external_task_marker_parent', 'example_external_task_marker_child' retrieved from /home/airflow/.local/lib/python3.12/site-packages/airflow/example_dags/example_external_task_marker_dag.py
[2024-09-11T13:46:24.467+0000] {logging_mixin.py:190} INFO - [2024-09-11T13:46:24.466+0000] {dag.py:3229} INFO - Sync 2 DAGs
[2024-09-11T13:46:24.475+0000] {logging_mixin.py:190} INFO - [2024-09-11T13:46:24.475+0000] {dag.py:4156} INFO - Setting next_dagrun for example_external_task_marker_child to None, run_after=None
[2024-09-11T13:46:24.478+0000] {logging_mixin.py:190} INFO - [2024-09-11T13:46:24.478+0000] {dag.py:4156} INFO - Setting next_dagrun for example_external_task_marker_parent to None, run_after=None
[2024-09-11T13:46:24.488+0000] {processor.py:208} INFO - Processing /home/airflow/.local/lib/python3.12/site-packages/airflow/example_dags/example_external_task_marker_dag.py took 0.045 seconds
[2024-09-11T13:46:54.814+0000] {processor.py:186} INFO - Started process (PID=800) to work on /home/airflow/.local/lib/python3.12/site-packages/airflow/example_dags/example_external_task_marker_dag.py
[2024-09-11T13:46:54.814+0000] {processor.py:914} INFO - Processing file /home/airflow/.local/lib/python3.12/site-packages/airflow/example_dags/example_external_task_marker_dag.py for tasks to queue
[2024-09-11T13:46:54.815+0000] {logging_mixin.py:190} INFO - [2024-09-11T13:46:54.815+0000] {dagbag.py:587} INFO - Filling up the DagBag from /home/airflow/.local/lib/python3.12/site-packages/airflow/example_dags/example_external_task_marker_dag.py
[2024-09-11T13:46:54.820+0000] {processor.py:925} INFO - DAG(s) 'example_external_task_marker_child', 'example_external_task_marker_parent' retrieved from /home/airflow/.local/lib/python3.12/site-packages/airflow/example_dags/example_external_task_marker_dag.py
[2024-09-11T13:46:54.830+0000] {logging_mixin.py:190} INFO - [2024-09-11T13:46:54.830+0000] {dag.py:3229} INFO - Sync 2 DAGs
[2024-09-11T13:46:54.837+0000] {logging_mixin.py:190} INFO - [2024-09-11T13:46:54.837+0000] {dag.py:4156} INFO - Setting next_dagrun for example_external_task_marker_child to None, run_after=None
[2024-09-11T13:46:54.839+0000] {logging_mixin.py:190} INFO - [2024-09-11T13:46:54.839+0000] {dag.py:4156} INFO - Setting next_dagrun for example_external_task_marker_parent to None, run_after=None
[2024-09-11T13:46:54.845+0000] {processor.py:208} INFO - Processing /home/airflow/.local/lib/python3.12/site-packages/airflow/example_dags/example_external_task_marker_dag.py took 0.034 seconds
[2024-09-11T13:47:24.970+0000] {processor.py:186} INFO - Started process (PID=856) to work on /home/airflow/.local/lib/python3.12/site-packages/airflow/example_dags/example_external_task_marker_dag.py
[2024-09-11T13:47:24.970+0000] {processor.py:914} INFO - Processing file /home/airflow/.local/lib/python3.12/site-packages/airflow/example_dags/example_external_task_marker_dag.py for tasks to queue
[2024-09-11T13:47:24.972+0000] {logging_mixin.py:190} INFO - [2024-09-11T13:47:24.971+0000] {dagbag.py:587} INFO - Filling up the DagBag from /home/airflow/.local/lib/python3.12/site-packages/airflow/example_dags/example_external_task_marker_dag.py
[2024-09-11T13:47:24.976+0000] {processor.py:925} INFO - DAG(s) 'example_external_task_marker_child', 'example_external_task_marker_parent' retrieved from /home/airflow/.local/lib/python3.12/site-packages/airflow/example_dags/example_external_task_marker_dag.py
[2024-09-11T13:47:24.987+0000] {logging_mixin.py:190} INFO - [2024-09-11T13:47:24.987+0000] {dag.py:3229} INFO - Sync 2 DAGs
[2024-09-11T13:47:24.994+0000] {logging_mixin.py:190} INFO - [2024-09-11T13:47:24.993+0000] {dag.py:4156} INFO - Setting next_dagrun for example_external_task_marker_child to None, run_after=None
[2024-09-11T13:47:24.995+0000] {logging_mixin.py:190} INFO - [2024-09-11T13:47:24.995+0000] {dag.py:4156} INFO - Setting next_dagrun for example_external_task_marker_parent to None, run_after=None
[2024-09-11T13:47:25.002+0000] {processor.py:208} INFO - Processing /home/airflow/.local/lib/python3.12/site-packages/airflow/example_dags/example_external_task_marker_dag.py took 0.035 seconds
[2024-09-11T13:47:55.226+0000] {processor.py:186} INFO - Started process (PID=912) to work on /home/airflow/.local/lib/python3.12/site-packages/airflow/example_dags/example_external_task_marker_dag.py
[2024-09-11T13:47:55.227+0000] {processor.py:914} INFO - Processing file /home/airflow/.local/lib/python3.12/site-packages/airflow/example_dags/example_external_task_marker_dag.py for tasks to queue
[2024-09-11T13:47:55.228+0000] {logging_mixin.py:190} INFO - [2024-09-11T13:47:55.228+0000] {dagbag.py:587} INFO - Filling up the DagBag from /home/airflow/.local/lib/python3.12/site-packages/airflow/example_dags/example_external_task_marker_dag.py
[2024-09-11T13:47:55.232+0000] {processor.py:925} INFO - DAG(s) 'example_external_task_marker_child', 'example_external_task_marker_parent' retrieved from /home/airflow/.local/lib/python3.12/site-packages/airflow/example_dags/example_external_task_marker_dag.py
[2024-09-11T13:47:55.242+0000] {logging_mixin.py:190} INFO - [2024-09-11T13:47:55.242+0000] {dag.py:3229} INFO - Sync 2 DAGs
[2024-09-11T13:47:55.249+0000] {logging_mixin.py:190} INFO - [2024-09-11T13:47:55.249+0000] {dag.py:4156} INFO - Setting next_dagrun for example_external_task_marker_child to None, run_after=None
[2024-09-11T13:47:55.251+0000] {logging_mixin.py:190} INFO - [2024-09-11T13:47:55.251+0000] {dag.py:4156} INFO - Setting next_dagrun for example_external_task_marker_parent to None, run_after=None
[2024-09-11T13:47:55.257+0000] {processor.py:208} INFO - Processing /home/airflow/.local/lib/python3.12/site-packages/airflow/example_dags/example_external_task_marker_dag.py took 0.034 seconds
[2024-09-11T13:48:25.495+0000] {processor.py:186} INFO - Started process (PID=968) to work on /home/airflow/.local/lib/python3.12/site-packages/airflow/example_dags/example_external_task_marker_dag.py
[2024-09-11T13:48:25.496+0000] {processor.py:914} INFO - Processing file /home/airflow/.local/lib/python3.12/site-packages/airflow/example_dags/example_external_task_marker_dag.py for tasks to queue
[2024-09-11T13:48:25.497+0000] {logging_mixin.py:190} INFO - [2024-09-11T13:48:25.497+0000] {dagbag.py:587} INFO - Filling up the DagBag from /home/airflow/.local/lib/python3.12/site-packages/airflow/example_dags/example_external_task_marker_dag.py
[2024-09-11T13:48:25.501+0000] {processor.py:925} INFO - DAG(s) 'example_external_task_marker_child', 'example_external_task_marker_parent' retrieved from /home/airflow/.local/lib/python3.12/site-packages/airflow/example_dags/example_external_task_marker_dag.py
[2024-09-11T13:48:25.512+0000] {logging_mixin.py:190} INFO - [2024-09-11T13:48:25.512+0000] {dag.py:3229} INFO - Sync 2 DAGs
[2024-09-11T13:48:25.519+0000] {logging_mixin.py:190} INFO - [2024-09-11T13:48:25.519+0000] {dag.py:4156} INFO - Setting next_dagrun for example_external_task_marker_child to None, run_after=None
[2024-09-11T13:48:25.521+0000] {logging_mixin.py:190} INFO - [2024-09-11T13:48:25.520+0000] {dag.py:4156} INFO - Setting next_dagrun for example_external_task_marker_parent to None, run_after=None
[2024-09-11T13:48:25.529+0000] {processor.py:208} INFO - Processing /home/airflow/.local/lib/python3.12/site-packages/airflow/example_dags/example_external_task_marker_dag.py took 0.037 seconds
[2024-09-11T13:48:55.685+0000] {processor.py:186} INFO - Started process (PID=1024) to work on /home/airflow/.local/lib/python3.12/site-packages/airflow/example_dags/example_external_task_marker_dag.py
[2024-09-11T13:48:55.686+0000] {processor.py:914} INFO - Processing file /home/airflow/.local/lib/python3.12/site-packages/airflow/example_dags/example_external_task_marker_dag.py for tasks to queue
[2024-09-11T13:48:55.687+0000] {logging_mixin.py:190} INFO - [2024-09-11T13:48:55.687+0000] {dagbag.py:587} INFO - Filling up the DagBag from /home/airflow/.local/lib/python3.12/site-packages/airflow/example_dags/example_external_task_marker_dag.py
[2024-09-11T13:48:55.691+0000] {processor.py:925} INFO - DAG(s) 'example_external_task_marker_parent', 'example_external_task_marker_child' retrieved from /home/airflow/.local/lib/python3.12/site-packages/airflow/example_dags/example_external_task_marker_dag.py
[2024-09-11T13:48:55.702+0000] {logging_mixin.py:190} INFO - [2024-09-11T13:48:55.702+0000] {dag.py:3229} INFO - Sync 2 DAGs
[2024-09-11T13:48:55.709+0000] {logging_mixin.py:190} INFO - [2024-09-11T13:48:55.709+0000] {dag.py:4156} INFO - Setting next_dagrun for example_external_task_marker_child to None, run_after=None
[2024-09-11T13:48:55.711+0000] {logging_mixin.py:190} INFO - [2024-09-11T13:48:55.711+0000] {dag.py:4156} INFO - Setting next_dagrun for example_external_task_marker_parent to None, run_after=None
[2024-09-11T13:48:55.718+0000] {processor.py:208} INFO - Processing /home/airflow/.local/lib/python3.12/site-packages/airflow/example_dags/example_external_task_marker_dag.py took 0.035 seconds
[2024-09-11T13:49:25.892+0000] {processor.py:186} INFO - Started process (PID=1080) to work on /home/airflow/.local/lib/python3.12/site-packages/airflow/example_dags/example_external_task_marker_dag.py
[2024-09-11T13:49:25.892+0000] {processor.py:914} INFO - Processing file /home/airflow/.local/lib/python3.12/site-packages/airflow/example_dags/example_external_task_marker_dag.py for tasks to queue
[2024-09-11T13:49:25.894+0000] {logging_mixin.py:190} INFO - [2024-09-11T13:49:25.894+0000] {dagbag.py:587} INFO - Filling up the DagBag from /home/airflow/.local/lib/python3.12/site-packages/airflow/example_dags/example_external_task_marker_dag.py
[2024-09-11T13:49:25.899+0000] {processor.py:925} INFO - DAG(s) 'example_external_task_marker_parent', 'example_external_task_marker_child' retrieved from /home/airflow/.local/lib/python3.12/site-packages/airflow/example_dags/example_external_task_marker_dag.py
[2024-09-11T13:49:25.911+0000] {logging_mixin.py:190} INFO - [2024-09-11T13:49:25.911+0000] {dag.py:3229} INFO - Sync 2 DAGs
[2024-09-11T13:49:25.917+0000] {logging_mixin.py:190} INFO - [2024-09-11T13:49:25.917+0000] {dag.py:4156} INFO - Setting next_dagrun for example_external_task_marker_child to None, run_after=None
[2024-09-11T13:49:25.919+0000] {logging_mixin.py:190} INFO - [2024-09-11T13:49:25.919+0000] {dag.py:4156} INFO - Setting next_dagrun for example_external_task_marker_parent to None, run_after=None
[2024-09-11T13:49:25.926+0000] {processor.py:208} INFO - Processing /home/airflow/.local/lib/python3.12/site-packages/airflow/example_dags/example_external_task_marker_dag.py took 0.037 seconds
[2024-09-11T13:49:56.182+0000] {processor.py:186} INFO - Started process (PID=1136) to work on /home/airflow/.local/lib/python3.12/site-packages/airflow/example_dags/example_external_task_marker_dag.py
[2024-09-11T13:49:56.182+0000] {processor.py:914} INFO - Processing file /home/airflow/.local/lib/python3.12/site-packages/airflow/example_dags/example_external_task_marker_dag.py for tasks to queue
[2024-09-11T13:49:56.184+0000] {logging_mixin.py:190} INFO - [2024-09-11T13:49:56.183+0000] {dagbag.py:587} INFO - Filling up the DagBag from /home/airflow/.local/lib/python3.12/site-packages/airflow/example_dags/example_external_task_marker_dag.py
[2024-09-11T13:49:56.188+0000] {processor.py:925} INFO - DAG(s) 'example_external_task_marker_parent', 'example_external_task_marker_child' retrieved from /home/airflow/.local/lib/python3.12/site-packages/airflow/example_dags/example_external_task_marker_dag.py
[2024-09-11T13:49:56.199+0000] {logging_mixin.py:190} INFO - [2024-09-11T13:49:56.199+0000] {dag.py:3229} INFO - Sync 2 DAGs
[2024-09-11T13:49:56.206+0000] {logging_mixin.py:190} INFO - [2024-09-11T13:49:56.206+0000] {dag.py:4156} INFO - Setting next_dagrun for example_external_task_marker_child to None, run_after=None
[2024-09-11T13:49:56.209+0000] {logging_mixin.py:190} INFO - [2024-09-11T13:49:56.208+0000] {dag.py:4156} INFO - Setting next_dagrun for example_external_task_marker_parent to None, run_after=None
[2024-09-11T13:49:56.216+0000] {processor.py:208} INFO - Processing /home/airflow/.local/lib/python3.12/site-packages/airflow/example_dags/example_external_task_marker_dag.py took 0.037 seconds
[2024-09-11T13:50:26.456+0000] {processor.py:186} INFO - Started process (PID=1192) to work on /home/airflow/.local/lib/python3.12/site-packages/airflow/example_dags/example_external_task_marker_dag.py
[2024-09-11T13:50:26.457+0000] {processor.py:914} INFO - Processing file /home/airflow/.local/lib/python3.12/site-packages/airflow/example_dags/example_external_task_marker_dag.py for tasks to queue
[2024-09-11T13:50:26.458+0000] {logging_mixin.py:190} INFO - [2024-09-11T13:50:26.458+0000] {dagbag.py:587} INFO - Filling up the DagBag from /home/airflow/.local/lib/python3.12/site-packages/airflow/example_dags/example_external_task_marker_dag.py
[2024-09-11T13:50:26.463+0000] {processor.py:925} INFO - DAG(s) 'example_external_task_marker_child', 'example_external_task_marker_parent' retrieved from /home/airflow/.local/lib/python3.12/site-packages/airflow/example_dags/example_external_task_marker_dag.py
[2024-09-11T13:50:26.474+0000] {logging_mixin.py:190} INFO - [2024-09-11T13:50:26.474+0000] {dag.py:3229} INFO - Sync 2 DAGs
[2024-09-11T13:50:26.481+0000] {logging_mixin.py:190} INFO - [2024-09-11T13:50:26.480+0000] {dag.py:4156} INFO - Setting next_dagrun for example_external_task_marker_child to None, run_after=None
[2024-09-11T13:50:26.482+0000] {logging_mixin.py:190} INFO - [2024-09-11T13:50:26.482+0000] {dag.py:4156} INFO - Setting next_dagrun for example_external_task_marker_parent to None, run_after=None
[2024-09-11T13:50:26.489+0000] {processor.py:208} INFO - Processing /home/airflow/.local/lib/python3.12/site-packages/airflow/example_dags/example_external_task_marker_dag.py took 0.036 seconds
[2024-09-11T13:50:56.709+0000] {processor.py:186} INFO - Started process (PID=1248) to work on /home/airflow/.local/lib/python3.12/site-packages/airflow/example_dags/example_external_task_marker_dag.py
[2024-09-11T13:50:56.710+0000] {processor.py:914} INFO - Processing file /home/airflow/.local/lib/python3.12/site-packages/airflow/example_dags/example_external_task_marker_dag.py for tasks to queue
[2024-09-11T13:50:56.711+0000] {logging_mixin.py:190} INFO - [2024-09-11T13:50:56.711+0000] {dagbag.py:587} INFO - Filling up the DagBag from /home/airflow/.local/lib/python3.12/site-packages/airflow/example_dags/example_external_task_marker_dag.py
[2024-09-11T13:50:56.715+0000] {processor.py:925} INFO - DAG(s) 'example_external_task_marker_parent', 'example_external_task_marker_child' retrieved from /home/airflow/.local/lib/python3.12/site-packages/airflow/example_dags/example_external_task_marker_dag.py
[2024-09-11T13:50:56.727+0000] {logging_mixin.py:190} INFO - [2024-09-11T13:50:56.727+0000] {dag.py:3229} INFO - Sync 2 DAGs
[2024-09-11T13:50:56.734+0000] {logging_mixin.py:190} INFO - [2024-09-11T13:50:56.734+0000] {dag.py:4156} INFO - Setting next_dagrun for example_external_task_marker_child to None, run_after=None
[2024-09-11T13:50:56.736+0000] {logging_mixin.py:190} INFO - [2024-09-11T13:50:56.735+0000] {dag.py:4156} INFO - Setting next_dagrun for example_external_task_marker_parent to None, run_after=None
[2024-09-11T13:50:56.745+0000] {processor.py:208} INFO - Processing /home/airflow/.local/lib/python3.12/site-packages/airflow/example_dags/example_external_task_marker_dag.py took 0.039 seconds
[2024-09-11T13:51:26.946+0000] {processor.py:186} INFO - Started process (PID=1304) to work on /home/airflow/.local/lib/python3.12/site-packages/airflow/example_dags/example_external_task_marker_dag.py
[2024-09-11T13:51:26.947+0000] {processor.py:914} INFO - Processing file /home/airflow/.local/lib/python3.12/site-packages/airflow/example_dags/example_external_task_marker_dag.py for tasks to queue
[2024-09-11T13:51:26.949+0000] {logging_mixin.py:190} INFO - [2024-09-11T13:51:26.949+0000] {dagbag.py:587} INFO - Filling up the DagBag from /home/airflow/.local/lib/python3.12/site-packages/airflow/example_dags/example_external_task_marker_dag.py
[2024-09-11T13:51:26.955+0000] {processor.py:925} INFO - DAG(s) 'example_external_task_marker_parent', 'example_external_task_marker_child' retrieved from /home/airflow/.local/lib/python3.12/site-packages/airflow/example_dags/example_external_task_marker_dag.py
[2024-09-11T13:51:26.973+0000] {logging_mixin.py:190} INFO - [2024-09-11T13:51:26.973+0000] {dag.py:3229} INFO - Sync 2 DAGs
[2024-09-11T13:51:26.980+0000] {logging_mixin.py:190} INFO - [2024-09-11T13:51:26.980+0000] {dag.py:4156} INFO - Setting next_dagrun for example_external_task_marker_child to None, run_after=None
[2024-09-11T13:51:26.982+0000] {logging_mixin.py:190} INFO - [2024-09-11T13:51:26.982+0000] {dag.py:4156} INFO - Setting next_dagrun for example_external_task_marker_parent to None, run_after=None
[2024-09-11T13:51:26.990+0000] {processor.py:208} INFO - Processing /home/airflow/.local/lib/python3.12/site-packages/airflow/example_dags/example_external_task_marker_dag.py took 0.049 seconds
[2024-09-11T13:51:57.288+0000] {processor.py:186} INFO - Started process (PID=1360) to work on /home/airflow/.local/lib/python3.12/site-packages/airflow/example_dags/example_external_task_marker_dag.py
[2024-09-11T13:51:57.289+0000] {processor.py:914} INFO - Processing file /home/airflow/.local/lib/python3.12/site-packages/airflow/example_dags/example_external_task_marker_dag.py for tasks to queue
[2024-09-11T13:51:57.290+0000] {logging_mixin.py:190} INFO - [2024-09-11T13:51:57.290+0000] {dagbag.py:587} INFO - Filling up the DagBag from /home/airflow/.local/lib/python3.12/site-packages/airflow/example_dags/example_external_task_marker_dag.py
[2024-09-11T13:51:57.294+0000] {processor.py:925} INFO - DAG(s) 'example_external_task_marker_child', 'example_external_task_marker_parent' retrieved from /home/airflow/.local/lib/python3.12/site-packages/airflow/example_dags/example_external_task_marker_dag.py
[2024-09-11T13:51:57.305+0000] {logging_mixin.py:190} INFO - [2024-09-11T13:51:57.305+0000] {dag.py:3229} INFO - Sync 2 DAGs
[2024-09-11T13:51:57.311+0000] {logging_mixin.py:190} INFO - [2024-09-11T13:51:57.311+0000] {dag.py:4156} INFO - Setting next_dagrun for example_external_task_marker_child to None, run_after=None
[2024-09-11T13:51:57.314+0000] {logging_mixin.py:190} INFO - [2024-09-11T13:51:57.314+0000] {dag.py:4156} INFO - Setting next_dagrun for example_external_task_marker_parent to None, run_after=None
[2024-09-11T13:51:57.322+0000] {processor.py:208} INFO - Processing /home/airflow/.local/lib/python3.12/site-packages/airflow/example_dags/example_external_task_marker_dag.py took 0.036 seconds
[2024-09-11T13:52:27.434+0000] {processor.py:186} INFO - Started process (PID=1416) to work on /home/airflow/.local/lib/python3.12/site-packages/airflow/example_dags/example_external_task_marker_dag.py
[2024-09-11T13:52:27.434+0000] {processor.py:914} INFO - Processing file /home/airflow/.local/lib/python3.12/site-packages/airflow/example_dags/example_external_task_marker_dag.py for tasks to queue
[2024-09-11T13:52:27.435+0000] {logging_mixin.py:190} INFO - [2024-09-11T13:52:27.435+0000] {dagbag.py:587} INFO - Filling up the DagBag from /home/airflow/.local/lib/python3.12/site-packages/airflow/example_dags/example_external_task_marker_dag.py
[2024-09-11T13:52:27.439+0000] {processor.py:925} INFO - DAG(s) 'example_external_task_marker_child', 'example_external_task_marker_parent' retrieved from /home/airflow/.local/lib/python3.12/site-packages/airflow/example_dags/example_external_task_marker_dag.py
[2024-09-11T13:52:27.455+0000] {logging_mixin.py:190} INFO - [2024-09-11T13:52:27.455+0000] {dag.py:3229} INFO - Sync 2 DAGs
[2024-09-11T13:52:27.462+0000] {logging_mixin.py:190} INFO - [2024-09-11T13:52:27.462+0000] {dag.py:4156} INFO - Setting next_dagrun for example_external_task_marker_child to None, run_after=None
[2024-09-11T13:52:27.464+0000] {logging_mixin.py:190} INFO - [2024-09-11T13:52:27.464+0000] {dag.py:4156} INFO - Setting next_dagrun for example_external_task_marker_parent to None, run_after=None
[2024-09-11T13:52:27.472+0000] {processor.py:208} INFO - Processing /home/airflow/.local/lib/python3.12/site-packages/airflow/example_dags/example_external_task_marker_dag.py took 0.042 seconds
[2024-09-11T13:52:58.154+0000] {processor.py:186} INFO - Started process (PID=1472) to work on /home/airflow/.local/lib/python3.12/site-packages/airflow/example_dags/example_external_task_marker_dag.py
[2024-09-11T13:52:58.155+0000] {processor.py:914} INFO - Processing file /home/airflow/.local/lib/python3.12/site-packages/airflow/example_dags/example_external_task_marker_dag.py for tasks to queue
[2024-09-11T13:52:58.157+0000] {logging_mixin.py:190} INFO - [2024-09-11T13:52:58.157+0000] {dagbag.py:587} INFO - Filling up the DagBag from /home/airflow/.local/lib/python3.12/site-packages/airflow/example_dags/example_external_task_marker_dag.py
[2024-09-11T13:52:58.163+0000] {processor.py:925} INFO - DAG(s) 'example_external_task_marker_parent', 'example_external_task_marker_child' retrieved from /home/airflow/.local/lib/python3.12/site-packages/airflow/example_dags/example_external_task_marker_dag.py
[2024-09-11T13:52:58.181+0000] {logging_mixin.py:190} INFO - [2024-09-11T13:52:58.181+0000] {dag.py:3229} INFO - Sync 2 DAGs
[2024-09-11T13:52:58.189+0000] {logging_mixin.py:190} INFO - [2024-09-11T13:52:58.189+0000] {dag.py:4156} INFO - Setting next_dagrun for example_external_task_marker_child to None, run_after=None
[2024-09-11T13:52:58.192+0000] {logging_mixin.py:190} INFO - [2024-09-11T13:52:58.191+0000] {dag.py:4156} INFO - Setting next_dagrun for example_external_task_marker_parent to None, run_after=None
[2024-09-11T13:52:58.199+0000] {processor.py:208} INFO - Processing /home/airflow/.local/lib/python3.12/site-packages/airflow/example_dags/example_external_task_marker_dag.py took 0.048 seconds
[2024-09-11T13:53:28.644+0000] {processor.py:186} INFO - Started process (PID=1528) to work on /home/airflow/.local/lib/python3.12/site-packages/airflow/example_dags/example_external_task_marker_dag.py
[2024-09-11T13:53:28.645+0000] {processor.py:914} INFO - Processing file /home/airflow/.local/lib/python3.12/site-packages/airflow/example_dags/example_external_task_marker_dag.py for tasks to queue
[2024-09-11T13:53:28.646+0000] {logging_mixin.py:190} INFO - [2024-09-11T13:53:28.646+0000] {dagbag.py:587} INFO - Filling up the DagBag from /home/airflow/.local/lib/python3.12/site-packages/airflow/example_dags/example_external_task_marker_dag.py
[2024-09-11T13:53:28.651+0000] {processor.py:925} INFO - DAG(s) 'example_external_task_marker_child', 'example_external_task_marker_parent' retrieved from /home/airflow/.local/lib/python3.12/site-packages/airflow/example_dags/example_external_task_marker_dag.py
[2024-09-11T13:53:28.664+0000] {logging_mixin.py:190} INFO - [2024-09-11T13:53:28.664+0000] {dag.py:3229} INFO - Sync 2 DAGs
[2024-09-11T13:53:28.671+0000] {logging_mixin.py:190} INFO - [2024-09-11T13:53:28.671+0000] {dag.py:4156} INFO - Setting next_dagrun for example_external_task_marker_child to None, run_after=None
[2024-09-11T13:53:28.673+0000] {logging_mixin.py:190} INFO - [2024-09-11T13:53:28.673+0000] {dag.py:4156} INFO - Setting next_dagrun for example_external_task_marker_parent to None, run_after=None
[2024-09-11T13:53:28.680+0000] {processor.py:208} INFO - Processing /home/airflow/.local/lib/python3.12/site-packages/airflow/example_dags/example_external_task_marker_dag.py took 0.039 seconds
[2024-09-11T13:53:59.308+0000] {processor.py:186} INFO - Started process (PID=1584) to work on /home/airflow/.local/lib/python3.12/site-packages/airflow/example_dags/example_external_task_marker_dag.py
[2024-09-11T13:53:59.308+0000] {processor.py:914} INFO - Processing file /home/airflow/.local/lib/python3.12/site-packages/airflow/example_dags/example_external_task_marker_dag.py for tasks to queue
[2024-09-11T13:53:59.309+0000] {logging_mixin.py:190} INFO - [2024-09-11T13:53:59.309+0000] {dagbag.py:587} INFO - Filling up the DagBag from /home/airflow/.local/lib/python3.12/site-packages/airflow/example_dags/example_external_task_marker_dag.py
[2024-09-11T13:53:59.314+0000] {processor.py:925} INFO - DAG(s) 'example_external_task_marker_parent', 'example_external_task_marker_child' retrieved from /home/airflow/.local/lib/python3.12/site-packages/airflow/example_dags/example_external_task_marker_dag.py
[2024-09-11T13:53:59.324+0000] {logging_mixin.py:190} INFO - [2024-09-11T13:53:59.324+0000] {dag.py:3229} INFO - Sync 2 DAGs
[2024-09-11T13:53:59.331+0000] {logging_mixin.py:190} INFO - [2024-09-11T13:53:59.331+0000] {dag.py:4156} INFO - Setting next_dagrun for example_external_task_marker_child to None, run_after=None
[2024-09-11T13:53:59.333+0000] {logging_mixin.py:190} INFO - [2024-09-11T13:53:59.332+0000] {dag.py:4156} INFO - Setting next_dagrun for example_external_task_marker_parent to None, run_after=None
[2024-09-11T13:53:59.339+0000] {processor.py:208} INFO - Processing /home/airflow/.local/lib/python3.12/site-packages/airflow/example_dags/example_external_task_marker_dag.py took 0.034 seconds
[2024-09-11T13:54:29.692+0000] {processor.py:186} INFO - Started process (PID=1640) to work on /home/airflow/.local/lib/python3.12/site-packages/airflow/example_dags/example_external_task_marker_dag.py
[2024-09-11T13:54:29.693+0000] {processor.py:914} INFO - Processing file /home/airflow/.local/lib/python3.12/site-packages/airflow/example_dags/example_external_task_marker_dag.py for tasks to queue
[2024-09-11T13:54:29.694+0000] {logging_mixin.py:190} INFO - [2024-09-11T13:54:29.694+0000] {dagbag.py:587} INFO - Filling up the DagBag from /home/airflow/.local/lib/python3.12/site-packages/airflow/example_dags/example_external_task_marker_dag.py
[2024-09-11T13:54:29.699+0000] {processor.py:925} INFO - DAG(s) 'example_external_task_marker_child', 'example_external_task_marker_parent' retrieved from /home/airflow/.local/lib/python3.12/site-packages/airflow/example_dags/example_external_task_marker_dag.py
[2024-09-11T13:54:29.712+0000] {logging_mixin.py:190} INFO - [2024-09-11T13:54:29.712+0000] {dag.py:3229} INFO - Sync 2 DAGs
[2024-09-11T13:54:29.719+0000] {logging_mixin.py:190} INFO - [2024-09-11T13:54:29.719+0000] {dag.py:4156} INFO - Setting next_dagrun for example_external_task_marker_child to None, run_after=None
[2024-09-11T13:54:29.721+0000] {logging_mixin.py:190} INFO - [2024-09-11T13:54:29.721+0000] {dag.py:4156} INFO - Setting next_dagrun for example_external_task_marker_parent to None, run_after=None
[2024-09-11T13:54:29.728+0000] {processor.py:208} INFO - Processing /home/airflow/.local/lib/python3.12/site-packages/airflow/example_dags/example_external_task_marker_dag.py took 0.039 seconds
[2024-09-11T13:55:00.020+0000] {processor.py:186} INFO - Started process (PID=1696) to work on /home/airflow/.local/lib/python3.12/site-packages/airflow/example_dags/example_external_task_marker_dag.py
[2024-09-11T13:55:00.021+0000] {processor.py:914} INFO - Processing file /home/airflow/.local/lib/python3.12/site-packages/airflow/example_dags/example_external_task_marker_dag.py for tasks to queue
[2024-09-11T13:55:00.022+0000] {logging_mixin.py:190} INFO - [2024-09-11T13:55:00.022+0000] {dagbag.py:587} INFO - Filling up the DagBag from /home/airflow/.local/lib/python3.12/site-packages/airflow/example_dags/example_external_task_marker_dag.py
[2024-09-11T13:55:00.026+0000] {processor.py:925} INFO - DAG(s) 'example_external_task_marker_parent', 'example_external_task_marker_child' retrieved from /home/airflow/.local/lib/python3.12/site-packages/airflow/example_dags/example_external_task_marker_dag.py
[2024-09-11T13:55:00.039+0000] {logging_mixin.py:190} INFO - [2024-09-11T13:55:00.039+0000] {dag.py:3229} INFO - Sync 2 DAGs
[2024-09-11T13:55:00.046+0000] {logging_mixin.py:190} INFO - [2024-09-11T13:55:00.046+0000] {dag.py:4156} INFO - Setting next_dagrun for example_external_task_marker_child to None, run_after=None
[2024-09-11T13:55:00.048+0000] {logging_mixin.py:190} INFO - [2024-09-11T13:55:00.047+0000] {dag.py:4156} INFO - Setting next_dagrun for example_external_task_marker_parent to None, run_after=None
[2024-09-11T13:55:00.055+0000] {processor.py:208} INFO - Processing /home/airflow/.local/lib/python3.12/site-packages/airflow/example_dags/example_external_task_marker_dag.py took 0.038 seconds
[2024-09-11T13:55:30.336+0000] {processor.py:186} INFO - Started process (PID=1752) to work on /home/airflow/.local/lib/python3.12/site-packages/airflow/example_dags/example_external_task_marker_dag.py
[2024-09-11T13:55:30.337+0000] {processor.py:914} INFO - Processing file /home/airflow/.local/lib/python3.12/site-packages/airflow/example_dags/example_external_task_marker_dag.py for tasks to queue
[2024-09-11T13:55:30.338+0000] {logging_mixin.py:190} INFO - [2024-09-11T13:55:30.338+0000] {dagbag.py:587} INFO - Filling up the DagBag from /home/airflow/.local/lib/python3.12/site-packages/airflow/example_dags/example_external_task_marker_dag.py
[2024-09-11T13:55:30.342+0000] {processor.py:925} INFO - DAG(s) 'example_external_task_marker_parent', 'example_external_task_marker_child' retrieved from /home/airflow/.local/lib/python3.12/site-packages/airflow/example_dags/example_external_task_marker_dag.py
[2024-09-11T13:55:30.353+0000] {logging_mixin.py:190} INFO - [2024-09-11T13:55:30.352+0000] {dag.py:3229} INFO - Sync 2 DAGs
[2024-09-11T13:55:30.359+0000] {logging_mixin.py:190} INFO - [2024-09-11T13:55:30.359+0000] {dag.py:4156} INFO - Setting next_dagrun for example_external_task_marker_child to None, run_after=None
[2024-09-11T13:55:30.361+0000] {logging_mixin.py:190} INFO - [2024-09-11T13:55:30.361+0000] {dag.py:4156} INFO - Setting next_dagrun for example_external_task_marker_parent to None, run_after=None
[2024-09-11T13:55:30.368+0000] {processor.py:208} INFO - Processing /home/airflow/.local/lib/python3.12/site-packages/airflow/example_dags/example_external_task_marker_dag.py took 0.035 seconds
[2024-09-11T13:56:00.715+0000] {processor.py:186} INFO - Started process (PID=1808) to work on /home/airflow/.local/lib/python3.12/site-packages/airflow/example_dags/example_external_task_marker_dag.py
[2024-09-11T13:56:00.715+0000] {processor.py:914} INFO - Processing file /home/airflow/.local/lib/python3.12/site-packages/airflow/example_dags/example_external_task_marker_dag.py for tasks to queue
[2024-09-11T13:56:00.717+0000] {logging_mixin.py:190} INFO - [2024-09-11T13:56:00.717+0000] {dagbag.py:587} INFO - Filling up the DagBag from /home/airflow/.local/lib/python3.12/site-packages/airflow/example_dags/example_external_task_marker_dag.py
[2024-09-11T13:56:00.721+0000] {processor.py:925} INFO - DAG(s) 'example_external_task_marker_child', 'example_external_task_marker_parent' retrieved from /home/airflow/.local/lib/python3.12/site-packages/airflow/example_dags/example_external_task_marker_dag.py
[2024-09-11T13:56:00.732+0000] {logging_mixin.py:190} INFO - [2024-09-11T13:56:00.732+0000] {dag.py:3229} INFO - Sync 2 DAGs
[2024-09-11T13:56:00.739+0000] {logging_mixin.py:190} INFO - [2024-09-11T13:56:00.739+0000] {dag.py:4156} INFO - Setting next_dagrun for example_external_task_marker_child to None, run_after=None
[2024-09-11T13:56:00.741+0000] {logging_mixin.py:190} INFO - [2024-09-11T13:56:00.741+0000] {dag.py:4156} INFO - Setting next_dagrun for example_external_task_marker_parent to None, run_after=None
[2024-09-11T13:56:00.748+0000] {processor.py:208} INFO - Processing /home/airflow/.local/lib/python3.12/site-packages/airflow/example_dags/example_external_task_marker_dag.py took 0.037 seconds
[2024-09-11T13:56:31.078+0000] {processor.py:186} INFO - Started process (PID=1864) to work on /home/airflow/.local/lib/python3.12/site-packages/airflow/example_dags/example_external_task_marker_dag.py
[2024-09-11T13:56:31.078+0000] {processor.py:914} INFO - Processing file /home/airflow/.local/lib/python3.12/site-packages/airflow/example_dags/example_external_task_marker_dag.py for tasks to queue
[2024-09-11T13:56:31.079+0000] {logging_mixin.py:190} INFO - [2024-09-11T13:56:31.079+0000] {dagbag.py:587} INFO - Filling up the DagBag from /home/airflow/.local/lib/python3.12/site-packages/airflow/example_dags/example_external_task_marker_dag.py
[2024-09-11T13:56:31.084+0000] {processor.py:925} INFO - DAG(s) 'example_external_task_marker_parent', 'example_external_task_marker_child' retrieved from /home/airflow/.local/lib/python3.12/site-packages/airflow/example_dags/example_external_task_marker_dag.py
[2024-09-11T13:56:31.094+0000] {logging_mixin.py:190} INFO - [2024-09-11T13:56:31.094+0000] {dag.py:3229} INFO - Sync 2 DAGs
[2024-09-11T13:56:31.100+0000] {logging_mixin.py:190} INFO - [2024-09-11T13:56:31.100+0000] {dag.py:4156} INFO - Setting next_dagrun for example_external_task_marker_child to None, run_after=None
[2024-09-11T13:56:31.102+0000] {logging_mixin.py:190} INFO - [2024-09-11T13:56:31.102+0000] {dag.py:4156} INFO - Setting next_dagrun for example_external_task_marker_parent to None, run_after=None
[2024-09-11T13:56:31.109+0000] {processor.py:208} INFO - Processing /home/airflow/.local/lib/python3.12/site-packages/airflow/example_dags/example_external_task_marker_dag.py took 0.034 seconds
[2024-09-11T13:57:01.390+0000] {processor.py:186} INFO - Started process (PID=1920) to work on /home/airflow/.local/lib/python3.12/site-packages/airflow/example_dags/example_external_task_marker_dag.py
[2024-09-11T13:57:01.391+0000] {processor.py:914} INFO - Processing file /home/airflow/.local/lib/python3.12/site-packages/airflow/example_dags/example_external_task_marker_dag.py for tasks to queue
[2024-09-11T13:57:01.392+0000] {logging_mixin.py:190} INFO - [2024-09-11T13:57:01.392+0000] {dagbag.py:587} INFO - Filling up the DagBag from /home/airflow/.local/lib/python3.12/site-packages/airflow/example_dags/example_external_task_marker_dag.py
[2024-09-11T13:57:01.396+0000] {processor.py:925} INFO - DAG(s) 'example_external_task_marker_parent', 'example_external_task_marker_child' retrieved from /home/airflow/.local/lib/python3.12/site-packages/airflow/example_dags/example_external_task_marker_dag.py
[2024-09-11T13:57:01.407+0000] {logging_mixin.py:190} INFO - [2024-09-11T13:57:01.407+0000] {dag.py:3229} INFO - Sync 2 DAGs
[2024-09-11T13:57:01.414+0000] {logging_mixin.py:190} INFO - [2024-09-11T13:57:01.413+0000] {dag.py:4156} INFO - Setting next_dagrun for example_external_task_marker_child to None, run_after=None
[2024-09-11T13:57:01.415+0000] {logging_mixin.py:190} INFO - [2024-09-11T13:57:01.415+0000] {dag.py:4156} INFO - Setting next_dagrun for example_external_task_marker_parent to None, run_after=None
[2024-09-11T13:57:01.422+0000] {processor.py:208} INFO - Processing /home/airflow/.local/lib/python3.12/site-packages/airflow/example_dags/example_external_task_marker_dag.py took 0.034 seconds
[2024-09-11T13:57:31.748+0000] {processor.py:186} INFO - Started process (PID=1976) to work on /home/airflow/.local/lib/python3.12/site-packages/airflow/example_dags/example_external_task_marker_dag.py
[2024-09-11T13:57:31.749+0000] {processor.py:914} INFO - Processing file /home/airflow/.local/lib/python3.12/site-packages/airflow/example_dags/example_external_task_marker_dag.py for tasks to queue
[2024-09-11T13:57:31.750+0000] {logging_mixin.py:190} INFO - [2024-09-11T13:57:31.750+0000] {dagbag.py:587} INFO - Filling up the DagBag from /home/airflow/.local/lib/python3.12/site-packages/airflow/example_dags/example_external_task_marker_dag.py
[2024-09-11T13:57:31.754+0000] {processor.py:925} INFO - DAG(s) 'example_external_task_marker_parent', 'example_external_task_marker_child' retrieved from /home/airflow/.local/lib/python3.12/site-packages/airflow/example_dags/example_external_task_marker_dag.py
[2024-09-11T13:57:31.765+0000] {logging_mixin.py:190} INFO - [2024-09-11T13:57:31.764+0000] {dag.py:3229} INFO - Sync 2 DAGs
[2024-09-11T13:57:31.771+0000] {logging_mixin.py:190} INFO - [2024-09-11T13:57:31.771+0000] {dag.py:4156} INFO - Setting next_dagrun for example_external_task_marker_child to None, run_after=None
[2024-09-11T13:57:31.773+0000] {logging_mixin.py:190} INFO - [2024-09-11T13:57:31.773+0000] {dag.py:4156} INFO - Setting next_dagrun for example_external_task_marker_parent to None, run_after=None
[2024-09-11T13:57:31.779+0000] {processor.py:208} INFO - Processing /home/airflow/.local/lib/python3.12/site-packages/airflow/example_dags/example_external_task_marker_dag.py took 0.034 seconds
[2024-09-11T13:58:02.197+0000] {processor.py:186} INFO - Started process (PID=2032) to work on /home/airflow/.local/lib/python3.12/site-packages/airflow/example_dags/example_external_task_marker_dag.py
[2024-09-11T13:58:02.198+0000] {processor.py:914} INFO - Processing file /home/airflow/.local/lib/python3.12/site-packages/airflow/example_dags/example_external_task_marker_dag.py for tasks to queue
[2024-09-11T13:58:02.199+0000] {logging_mixin.py:190} INFO - [2024-09-11T13:58:02.199+0000] {dagbag.py:587} INFO - Filling up the DagBag from /home/airflow/.local/lib/python3.12/site-packages/airflow/example_dags/example_external_task_marker_dag.py
[2024-09-11T13:58:02.204+0000] {processor.py:925} INFO - DAG(s) 'example_external_task_marker_child', 'example_external_task_marker_parent' retrieved from /home/airflow/.local/lib/python3.12/site-packages/airflow/example_dags/example_external_task_marker_dag.py
[2024-09-11T13:58:02.217+0000] {logging_mixin.py:190} INFO - [2024-09-11T13:58:02.216+0000] {dag.py:3229} INFO - Sync 2 DAGs
[2024-09-11T13:58:02.223+0000] {logging_mixin.py:190} INFO - [2024-09-11T13:58:02.223+0000] {dag.py:4156} INFO - Setting next_dagrun for example_external_task_marker_child to None, run_after=None
[2024-09-11T13:58:02.225+0000] {logging_mixin.py:190} INFO - [2024-09-11T13:58:02.225+0000] {dag.py:4156} INFO - Setting next_dagrun for example_external_task_marker_parent to None, run_after=None
[2024-09-11T13:58:02.231+0000] {processor.py:208} INFO - Processing /home/airflow/.local/lib/python3.12/site-packages/airflow/example_dags/example_external_task_marker_dag.py took 0.037 seconds
