[2024-09-11T13:40:21.516+0000] {processor.py:186} INFO - Started process (PID=76) to work on /home/airflow/.local/lib/python3.12/site-packages/airflow/example_dags/example_setup_teardown.py
[2024-09-11T13:40:21.519+0000] {processor.py:914} INFO - Processing file /home/airflow/.local/lib/python3.12/site-packages/airflow/example_dags/example_setup_teardown.py for tasks to queue
[2024-09-11T13:40:21.526+0000] {logging_mixin.py:190} INFO - [2024-09-11T13:40:21.526+0000] {dagbag.py:587} INFO - Filling up the DagBag from /home/airflow/.local/lib/python3.12/site-packages/airflow/example_dags/example_setup_teardown.py
[2024-09-11T13:40:21.537+0000] {processor.py:925} INFO - DAG(s) 'example_setup_teardown' retrieved from /home/airflow/.local/lib/python3.12/site-packages/airflow/example_dags/example_setup_teardown.py
[2024-09-11T13:40:21.646+0000] {logging_mixin.py:190} INFO - [2024-09-11T13:40:21.644+0000] {override.py:1900} INFO - Created Permission View: can read on DAG:example_setup_teardown
[2024-09-11T13:40:21.661+0000] {logging_mixin.py:190} INFO - [2024-09-11T13:40:21.660+0000] {override.py:1900} INFO - Created Permission View: can delete on DAG:example_setup_teardown
[2024-09-11T13:40:21.683+0000] {logging_mixin.py:190} INFO - [2024-09-11T13:40:21.683+0000] {override.py:1900} INFO - Created Permission View: can edit on DAG:example_setup_teardown
[2024-09-11T13:40:21.699+0000] {logging_mixin.py:190} INFO - [2024-09-11T13:40:21.698+0000] {override.py:1900} INFO - Created Permission View: can read on DAG Run:example_setup_teardown
[2024-09-11T13:40:21.711+0000] {logging_mixin.py:190} INFO - [2024-09-11T13:40:21.711+0000] {override.py:1900} INFO - Created Permission View: can create on DAG Run:example_setup_teardown
[2024-09-11T13:40:21.777+0000] {logging_mixin.py:190} INFO - [2024-09-11T13:40:21.775+0000] {override.py:1900} INFO - Created Permission View: menu access on DAG Run:example_setup_teardown
[2024-09-11T13:40:21.793+0000] {logging_mixin.py:190} INFO - [2024-09-11T13:40:21.792+0000] {override.py:1900} INFO - Created Permission View: can delete on DAG Run:example_setup_teardown
[2024-09-11T13:40:21.795+0000] {logging_mixin.py:190} INFO - [2024-09-11T13:40:21.795+0000] {dag.py:3229} INFO - Sync 1 DAGs
[2024-09-11T13:40:21.812+0000] {logging_mixin.py:190} INFO - [2024-09-11T13:40:21.811+0000] {dag.py:3252} INFO - Creating ORM DAG for example_setup_teardown
[2024-09-11T13:40:21.813+0000] {logging_mixin.py:190} INFO - [2024-09-11T13:40:21.813+0000] {dag.py:4156} INFO - Setting next_dagrun for example_setup_teardown to None, run_after=None
[2024-09-11T13:40:21.860+0000] {processor.py:208} INFO - Processing /home/airflow/.local/lib/python3.12/site-packages/airflow/example_dags/example_setup_teardown.py took 0.354 seconds
[2024-09-11T13:40:52.191+0000] {processor.py:186} INFO - Started process (PID=132) to work on /home/airflow/.local/lib/python3.12/site-packages/airflow/example_dags/example_setup_teardown.py
[2024-09-11T13:40:52.200+0000] {processor.py:914} INFO - Processing file /home/airflow/.local/lib/python3.12/site-packages/airflow/example_dags/example_setup_teardown.py for tasks to queue
[2024-09-11T13:40:52.212+0000] {logging_mixin.py:190} INFO - [2024-09-11T13:40:52.211+0000] {dagbag.py:587} INFO - Filling up the DagBag from /home/airflow/.local/lib/python3.12/site-packages/airflow/example_dags/example_setup_teardown.py
[2024-09-11T13:40:52.235+0000] {processor.py:925} INFO - DAG(s) 'example_setup_teardown' retrieved from /home/airflow/.local/lib/python3.12/site-packages/airflow/example_dags/example_setup_teardown.py
[2024-09-11T13:40:52.267+0000] {logging_mixin.py:190} INFO - [2024-09-11T13:40:52.267+0000] {dag.py:3229} INFO - Sync 1 DAGs
[2024-09-11T13:40:52.290+0000] {logging_mixin.py:190} INFO - [2024-09-11T13:40:52.290+0000] {dag.py:4156} INFO - Setting next_dagrun for example_setup_teardown to None, run_after=None
[2024-09-11T13:40:52.313+0000] {processor.py:208} INFO - Processing /home/airflow/.local/lib/python3.12/site-packages/airflow/example_dags/example_setup_teardown.py took 0.148 seconds
[2024-09-11T13:41:23.018+0000] {processor.py:186} INFO - Started process (PID=188) to work on /home/airflow/.local/lib/python3.12/site-packages/airflow/example_dags/example_setup_teardown.py
[2024-09-11T13:41:23.019+0000] {processor.py:914} INFO - Processing file /home/airflow/.local/lib/python3.12/site-packages/airflow/example_dags/example_setup_teardown.py for tasks to queue
[2024-09-11T13:41:23.020+0000] {logging_mixin.py:190} INFO - [2024-09-11T13:41:23.020+0000] {dagbag.py:587} INFO - Filling up the DagBag from /home/airflow/.local/lib/python3.12/site-packages/airflow/example_dags/example_setup_teardown.py
[2024-09-11T13:41:23.027+0000] {processor.py:925} INFO - DAG(s) 'example_setup_teardown' retrieved from /home/airflow/.local/lib/python3.12/site-packages/airflow/example_dags/example_setup_teardown.py
[2024-09-11T13:41:23.043+0000] {logging_mixin.py:190} INFO - [2024-09-11T13:41:23.043+0000] {dag.py:3229} INFO - Sync 1 DAGs
[2024-09-11T13:41:23.056+0000] {logging_mixin.py:190} INFO - [2024-09-11T13:41:23.056+0000] {dag.py:4156} INFO - Setting next_dagrun for example_setup_teardown to None, run_after=None
[2024-09-11T13:41:23.073+0000] {processor.py:208} INFO - Processing /home/airflow/.local/lib/python3.12/site-packages/airflow/example_dags/example_setup_teardown.py took 0.060 seconds
[2024-09-11T13:41:53.272+0000] {processor.py:186} INFO - Started process (PID=244) to work on /home/airflow/.local/lib/python3.12/site-packages/airflow/example_dags/example_setup_teardown.py
[2024-09-11T13:41:53.272+0000] {processor.py:914} INFO - Processing file /home/airflow/.local/lib/python3.12/site-packages/airflow/example_dags/example_setup_teardown.py for tasks to queue
[2024-09-11T13:41:53.274+0000] {logging_mixin.py:190} INFO - [2024-09-11T13:41:53.274+0000] {dagbag.py:587} INFO - Filling up the DagBag from /home/airflow/.local/lib/python3.12/site-packages/airflow/example_dags/example_setup_teardown.py
[2024-09-11T13:41:53.279+0000] {processor.py:925} INFO - DAG(s) 'example_setup_teardown' retrieved from /home/airflow/.local/lib/python3.12/site-packages/airflow/example_dags/example_setup_teardown.py
[2024-09-11T13:41:53.291+0000] {logging_mixin.py:190} INFO - [2024-09-11T13:41:53.291+0000] {dag.py:3229} INFO - Sync 1 DAGs
[2024-09-11T13:41:53.298+0000] {logging_mixin.py:190} INFO - [2024-09-11T13:41:53.298+0000] {dag.py:4156} INFO - Setting next_dagrun for example_setup_teardown to None, run_after=None
[2024-09-11T13:41:53.306+0000] {processor.py:208} INFO - Processing /home/airflow/.local/lib/python3.12/site-packages/airflow/example_dags/example_setup_teardown.py took 0.039 seconds
[2024-09-11T13:42:23.761+0000] {processor.py:186} INFO - Started process (PID=300) to work on /home/airflow/.local/lib/python3.12/site-packages/airflow/example_dags/example_setup_teardown.py
[2024-09-11T13:42:23.762+0000] {processor.py:914} INFO - Processing file /home/airflow/.local/lib/python3.12/site-packages/airflow/example_dags/example_setup_teardown.py for tasks to queue
[2024-09-11T13:42:23.764+0000] {logging_mixin.py:190} INFO - [2024-09-11T13:42:23.764+0000] {dagbag.py:587} INFO - Filling up the DagBag from /home/airflow/.local/lib/python3.12/site-packages/airflow/example_dags/example_setup_teardown.py
[2024-09-11T13:42:23.771+0000] {processor.py:925} INFO - DAG(s) 'example_setup_teardown' retrieved from /home/airflow/.local/lib/python3.12/site-packages/airflow/example_dags/example_setup_teardown.py
[2024-09-11T13:42:23.786+0000] {logging_mixin.py:190} INFO - [2024-09-11T13:42:23.786+0000] {dag.py:3229} INFO - Sync 1 DAGs
[2024-09-11T13:42:23.794+0000] {logging_mixin.py:190} INFO - [2024-09-11T13:42:23.794+0000] {dag.py:4156} INFO - Setting next_dagrun for example_setup_teardown to None, run_after=None
[2024-09-11T13:42:23.803+0000] {processor.py:208} INFO - Processing /home/airflow/.local/lib/python3.12/site-packages/airflow/example_dags/example_setup_teardown.py took 0.048 seconds
[2024-09-11T13:42:54.037+0000] {processor.py:186} INFO - Started process (PID=356) to work on /home/airflow/.local/lib/python3.12/site-packages/airflow/example_dags/example_setup_teardown.py
[2024-09-11T13:42:54.038+0000] {processor.py:914} INFO - Processing file /home/airflow/.local/lib/python3.12/site-packages/airflow/example_dags/example_setup_teardown.py for tasks to queue
[2024-09-11T13:42:54.040+0000] {logging_mixin.py:190} INFO - [2024-09-11T13:42:54.040+0000] {dagbag.py:587} INFO - Filling up the DagBag from /home/airflow/.local/lib/python3.12/site-packages/airflow/example_dags/example_setup_teardown.py
[2024-09-11T13:42:54.046+0000] {processor.py:925} INFO - DAG(s) 'example_setup_teardown' retrieved from /home/airflow/.local/lib/python3.12/site-packages/airflow/example_dags/example_setup_teardown.py
[2024-09-11T13:42:54.060+0000] {logging_mixin.py:190} INFO - [2024-09-11T13:42:54.060+0000] {dag.py:3229} INFO - Sync 1 DAGs
[2024-09-11T13:42:54.068+0000] {logging_mixin.py:190} INFO - [2024-09-11T13:42:54.068+0000] {dag.py:4156} INFO - Setting next_dagrun for example_setup_teardown to None, run_after=None
[2024-09-11T13:42:54.077+0000] {processor.py:208} INFO - Processing /home/airflow/.local/lib/python3.12/site-packages/airflow/example_dags/example_setup_teardown.py took 0.045 seconds
[2024-09-11T13:43:24.203+0000] {processor.py:186} INFO - Started process (PID=412) to work on /home/airflow/.local/lib/python3.12/site-packages/airflow/example_dags/example_setup_teardown.py
[2024-09-11T13:43:24.204+0000] {processor.py:914} INFO - Processing file /home/airflow/.local/lib/python3.12/site-packages/airflow/example_dags/example_setup_teardown.py for tasks to queue
[2024-09-11T13:43:24.207+0000] {logging_mixin.py:190} INFO - [2024-09-11T13:43:24.206+0000] {dagbag.py:587} INFO - Filling up the DagBag from /home/airflow/.local/lib/python3.12/site-packages/airflow/example_dags/example_setup_teardown.py
[2024-09-11T13:43:24.213+0000] {processor.py:925} INFO - DAG(s) 'example_setup_teardown' retrieved from /home/airflow/.local/lib/python3.12/site-packages/airflow/example_dags/example_setup_teardown.py
[2024-09-11T13:43:24.229+0000] {logging_mixin.py:190} INFO - [2024-09-11T13:43:24.229+0000] {dag.py:3229} INFO - Sync 1 DAGs
[2024-09-11T13:43:24.237+0000] {logging_mixin.py:190} INFO - [2024-09-11T13:43:24.237+0000] {dag.py:4156} INFO - Setting next_dagrun for example_setup_teardown to None, run_after=None
[2024-09-11T13:43:24.247+0000] {processor.py:208} INFO - Processing /home/airflow/.local/lib/python3.12/site-packages/airflow/example_dags/example_setup_teardown.py took 0.051 seconds
[2024-09-11T13:43:54.449+0000] {processor.py:186} INFO - Started process (PID=468) to work on /home/airflow/.local/lib/python3.12/site-packages/airflow/example_dags/example_setup_teardown.py
[2024-09-11T13:43:54.450+0000] {processor.py:914} INFO - Processing file /home/airflow/.local/lib/python3.12/site-packages/airflow/example_dags/example_setup_teardown.py for tasks to queue
[2024-09-11T13:43:54.453+0000] {logging_mixin.py:190} INFO - [2024-09-11T13:43:54.453+0000] {dagbag.py:587} INFO - Filling up the DagBag from /home/airflow/.local/lib/python3.12/site-packages/airflow/example_dags/example_setup_teardown.py
[2024-09-11T13:43:54.463+0000] {processor.py:925} INFO - DAG(s) 'example_setup_teardown' retrieved from /home/airflow/.local/lib/python3.12/site-packages/airflow/example_dags/example_setup_teardown.py
[2024-09-11T13:43:54.480+0000] {logging_mixin.py:190} INFO - [2024-09-11T13:43:54.479+0000] {dag.py:3229} INFO - Sync 1 DAGs
[2024-09-11T13:43:54.489+0000] {logging_mixin.py:190} INFO - [2024-09-11T13:43:54.489+0000] {dag.py:4156} INFO - Setting next_dagrun for example_setup_teardown to None, run_after=None
[2024-09-11T13:43:54.499+0000] {processor.py:208} INFO - Processing /home/airflow/.local/lib/python3.12/site-packages/airflow/example_dags/example_setup_teardown.py took 0.057 seconds
[2024-09-11T13:44:24.646+0000] {processor.py:186} INFO - Started process (PID=524) to work on /home/airflow/.local/lib/python3.12/site-packages/airflow/example_dags/example_setup_teardown.py
[2024-09-11T13:44:24.647+0000] {processor.py:914} INFO - Processing file /home/airflow/.local/lib/python3.12/site-packages/airflow/example_dags/example_setup_teardown.py for tasks to queue
[2024-09-11T13:44:24.648+0000] {logging_mixin.py:190} INFO - [2024-09-11T13:44:24.648+0000] {dagbag.py:587} INFO - Filling up the DagBag from /home/airflow/.local/lib/python3.12/site-packages/airflow/example_dags/example_setup_teardown.py
[2024-09-11T13:44:24.652+0000] {processor.py:925} INFO - DAG(s) 'example_setup_teardown' retrieved from /home/airflow/.local/lib/python3.12/site-packages/airflow/example_dags/example_setup_teardown.py
[2024-09-11T13:44:24.663+0000] {logging_mixin.py:190} INFO - [2024-09-11T13:44:24.663+0000] {dag.py:3229} INFO - Sync 1 DAGs
[2024-09-11T13:44:24.670+0000] {logging_mixin.py:190} INFO - [2024-09-11T13:44:24.670+0000] {dag.py:4156} INFO - Setting next_dagrun for example_setup_teardown to None, run_after=None
[2024-09-11T13:44:24.678+0000] {processor.py:208} INFO - Processing /home/airflow/.local/lib/python3.12/site-packages/airflow/example_dags/example_setup_teardown.py took 0.036 seconds
[2024-09-11T13:44:54.982+0000] {processor.py:186} INFO - Started process (PID=580) to work on /home/airflow/.local/lib/python3.12/site-packages/airflow/example_dags/example_setup_teardown.py
[2024-09-11T13:44:54.983+0000] {processor.py:914} INFO - Processing file /home/airflow/.local/lib/python3.12/site-packages/airflow/example_dags/example_setup_teardown.py for tasks to queue
[2024-09-11T13:44:54.986+0000] {logging_mixin.py:190} INFO - [2024-09-11T13:44:54.985+0000] {dagbag.py:587} INFO - Filling up the DagBag from /home/airflow/.local/lib/python3.12/site-packages/airflow/example_dags/example_setup_teardown.py
[2024-09-11T13:44:54.993+0000] {processor.py:925} INFO - DAG(s) 'example_setup_teardown' retrieved from /home/airflow/.local/lib/python3.12/site-packages/airflow/example_dags/example_setup_teardown.py
[2024-09-11T13:44:55.008+0000] {logging_mixin.py:190} INFO - [2024-09-11T13:44:55.008+0000] {dag.py:3229} INFO - Sync 1 DAGs
[2024-09-11T13:44:55.016+0000] {logging_mixin.py:190} INFO - [2024-09-11T13:44:55.016+0000] {dag.py:4156} INFO - Setting next_dagrun for example_setup_teardown to None, run_after=None
[2024-09-11T13:44:55.026+0000] {processor.py:208} INFO - Processing /home/airflow/.local/lib/python3.12/site-packages/airflow/example_dags/example_setup_teardown.py took 0.049 seconds
[2024-09-11T13:45:25.230+0000] {processor.py:186} INFO - Started process (PID=636) to work on /home/airflow/.local/lib/python3.12/site-packages/airflow/example_dags/example_setup_teardown.py
[2024-09-11T13:45:25.231+0000] {processor.py:914} INFO - Processing file /home/airflow/.local/lib/python3.12/site-packages/airflow/example_dags/example_setup_teardown.py for tasks to queue
[2024-09-11T13:45:25.233+0000] {logging_mixin.py:190} INFO - [2024-09-11T13:45:25.233+0000] {dagbag.py:587} INFO - Filling up the DagBag from /home/airflow/.local/lib/python3.12/site-packages/airflow/example_dags/example_setup_teardown.py
[2024-09-11T13:45:25.241+0000] {processor.py:925} INFO - DAG(s) 'example_setup_teardown' retrieved from /home/airflow/.local/lib/python3.12/site-packages/airflow/example_dags/example_setup_teardown.py
[2024-09-11T13:45:25.259+0000] {logging_mixin.py:190} INFO - [2024-09-11T13:45:25.258+0000] {dag.py:3229} INFO - Sync 1 DAGs
[2024-09-11T13:45:25.269+0000] {logging_mixin.py:190} INFO - [2024-09-11T13:45:25.269+0000] {dag.py:4156} INFO - Setting next_dagrun for example_setup_teardown to None, run_after=None
[2024-09-11T13:45:25.280+0000] {processor.py:208} INFO - Processing /home/airflow/.local/lib/python3.12/site-packages/airflow/example_dags/example_setup_teardown.py took 0.056 seconds
[2024-09-11T13:45:55.452+0000] {processor.py:186} INFO - Started process (PID=692) to work on /home/airflow/.local/lib/python3.12/site-packages/airflow/example_dags/example_setup_teardown.py
[2024-09-11T13:45:55.454+0000] {processor.py:914} INFO - Processing file /home/airflow/.local/lib/python3.12/site-packages/airflow/example_dags/example_setup_teardown.py for tasks to queue
[2024-09-11T13:45:55.456+0000] {logging_mixin.py:190} INFO - [2024-09-11T13:45:55.456+0000] {dagbag.py:587} INFO - Filling up the DagBag from /home/airflow/.local/lib/python3.12/site-packages/airflow/example_dags/example_setup_teardown.py
[2024-09-11T13:45:55.464+0000] {processor.py:925} INFO - DAG(s) 'example_setup_teardown' retrieved from /home/airflow/.local/lib/python3.12/site-packages/airflow/example_dags/example_setup_teardown.py
[2024-09-11T13:45:55.480+0000] {logging_mixin.py:190} INFO - [2024-09-11T13:45:55.480+0000] {dag.py:3229} INFO - Sync 1 DAGs
[2024-09-11T13:45:55.489+0000] {logging_mixin.py:190} INFO - [2024-09-11T13:45:55.489+0000] {dag.py:4156} INFO - Setting next_dagrun for example_setup_teardown to None, run_after=None
[2024-09-11T13:45:55.499+0000] {processor.py:208} INFO - Processing /home/airflow/.local/lib/python3.12/site-packages/airflow/example_dags/example_setup_teardown.py took 0.053 seconds
[2024-09-11T13:46:25.549+0000] {processor.py:186} INFO - Started process (PID=748) to work on /home/airflow/.local/lib/python3.12/site-packages/airflow/example_dags/example_setup_teardown.py
[2024-09-11T13:46:25.550+0000] {processor.py:914} INFO - Processing file /home/airflow/.local/lib/python3.12/site-packages/airflow/example_dags/example_setup_teardown.py for tasks to queue
[2024-09-11T13:46:25.553+0000] {logging_mixin.py:190} INFO - [2024-09-11T13:46:25.552+0000] {dagbag.py:587} INFO - Filling up the DagBag from /home/airflow/.local/lib/python3.12/site-packages/airflow/example_dags/example_setup_teardown.py
[2024-09-11T13:46:25.562+0000] {processor.py:925} INFO - DAG(s) 'example_setup_teardown' retrieved from /home/airflow/.local/lib/python3.12/site-packages/airflow/example_dags/example_setup_teardown.py
[2024-09-11T13:46:25.581+0000] {logging_mixin.py:190} INFO - [2024-09-11T13:46:25.581+0000] {dag.py:3229} INFO - Sync 1 DAGs
[2024-09-11T13:46:25.590+0000] {logging_mixin.py:190} INFO - [2024-09-11T13:46:25.590+0000] {dag.py:4156} INFO - Setting next_dagrun for example_setup_teardown to None, run_after=None
[2024-09-11T13:46:25.600+0000] {processor.py:208} INFO - Processing /home/airflow/.local/lib/python3.12/site-packages/airflow/example_dags/example_setup_teardown.py took 0.059 seconds
[2024-09-11T13:46:55.896+0000] {processor.py:186} INFO - Started process (PID=804) to work on /home/airflow/.local/lib/python3.12/site-packages/airflow/example_dags/example_setup_teardown.py
[2024-09-11T13:46:55.897+0000] {processor.py:914} INFO - Processing file /home/airflow/.local/lib/python3.12/site-packages/airflow/example_dags/example_setup_teardown.py for tasks to queue
[2024-09-11T13:46:55.899+0000] {logging_mixin.py:190} INFO - [2024-09-11T13:46:55.899+0000] {dagbag.py:587} INFO - Filling up the DagBag from /home/airflow/.local/lib/python3.12/site-packages/airflow/example_dags/example_setup_teardown.py
[2024-09-11T13:46:55.909+0000] {processor.py:925} INFO - DAG(s) 'example_setup_teardown' retrieved from /home/airflow/.local/lib/python3.12/site-packages/airflow/example_dags/example_setup_teardown.py
[2024-09-11T13:46:55.924+0000] {logging_mixin.py:190} INFO - [2024-09-11T13:46:55.924+0000] {dag.py:3229} INFO - Sync 1 DAGs
[2024-09-11T13:46:55.933+0000] {logging_mixin.py:190} INFO - [2024-09-11T13:46:55.933+0000] {dag.py:4156} INFO - Setting next_dagrun for example_setup_teardown to None, run_after=None
[2024-09-11T13:46:55.943+0000] {processor.py:208} INFO - Processing /home/airflow/.local/lib/python3.12/site-packages/airflow/example_dags/example_setup_teardown.py took 0.053 seconds
[2024-09-11T13:47:26.063+0000] {processor.py:186} INFO - Started process (PID=860) to work on /home/airflow/.local/lib/python3.12/site-packages/airflow/example_dags/example_setup_teardown.py
[2024-09-11T13:47:26.064+0000] {processor.py:914} INFO - Processing file /home/airflow/.local/lib/python3.12/site-packages/airflow/example_dags/example_setup_teardown.py for tasks to queue
[2024-09-11T13:47:26.066+0000] {logging_mixin.py:190} INFO - [2024-09-11T13:47:26.066+0000] {dagbag.py:587} INFO - Filling up the DagBag from /home/airflow/.local/lib/python3.12/site-packages/airflow/example_dags/example_setup_teardown.py
[2024-09-11T13:47:26.074+0000] {processor.py:925} INFO - DAG(s) 'example_setup_teardown' retrieved from /home/airflow/.local/lib/python3.12/site-packages/airflow/example_dags/example_setup_teardown.py
[2024-09-11T13:47:26.089+0000] {logging_mixin.py:190} INFO - [2024-09-11T13:47:26.089+0000] {dag.py:3229} INFO - Sync 1 DAGs
[2024-09-11T13:47:26.098+0000] {logging_mixin.py:190} INFO - [2024-09-11T13:47:26.098+0000] {dag.py:4156} INFO - Setting next_dagrun for example_setup_teardown to None, run_after=None
[2024-09-11T13:47:26.108+0000] {processor.py:208} INFO - Processing /home/airflow/.local/lib/python3.12/site-packages/airflow/example_dags/example_setup_teardown.py took 0.051 seconds
[2024-09-11T13:47:56.316+0000] {processor.py:186} INFO - Started process (PID=916) to work on /home/airflow/.local/lib/python3.12/site-packages/airflow/example_dags/example_setup_teardown.py
[2024-09-11T13:47:56.317+0000] {processor.py:914} INFO - Processing file /home/airflow/.local/lib/python3.12/site-packages/airflow/example_dags/example_setup_teardown.py for tasks to queue
[2024-09-11T13:47:56.319+0000] {logging_mixin.py:190} INFO - [2024-09-11T13:47:56.319+0000] {dagbag.py:587} INFO - Filling up the DagBag from /home/airflow/.local/lib/python3.12/site-packages/airflow/example_dags/example_setup_teardown.py
[2024-09-11T13:47:56.327+0000] {processor.py:925} INFO - DAG(s) 'example_setup_teardown' retrieved from /home/airflow/.local/lib/python3.12/site-packages/airflow/example_dags/example_setup_teardown.py
[2024-09-11T13:47:56.343+0000] {logging_mixin.py:190} INFO - [2024-09-11T13:47:56.343+0000] {dag.py:3229} INFO - Sync 1 DAGs
[2024-09-11T13:47:56.351+0000] {logging_mixin.py:190} INFO - [2024-09-11T13:47:56.351+0000] {dag.py:4156} INFO - Setting next_dagrun for example_setup_teardown to None, run_after=None
[2024-09-11T13:47:56.361+0000] {processor.py:208} INFO - Processing /home/airflow/.local/lib/python3.12/site-packages/airflow/example_dags/example_setup_teardown.py took 0.052 seconds
[2024-09-11T13:48:26.589+0000] {processor.py:186} INFO - Started process (PID=972) to work on /home/airflow/.local/lib/python3.12/site-packages/airflow/example_dags/example_setup_teardown.py
[2024-09-11T13:48:26.590+0000] {processor.py:914} INFO - Processing file /home/airflow/.local/lib/python3.12/site-packages/airflow/example_dags/example_setup_teardown.py for tasks to queue
[2024-09-11T13:48:26.593+0000] {logging_mixin.py:190} INFO - [2024-09-11T13:48:26.593+0000] {dagbag.py:587} INFO - Filling up the DagBag from /home/airflow/.local/lib/python3.12/site-packages/airflow/example_dags/example_setup_teardown.py
[2024-09-11T13:48:26.600+0000] {processor.py:925} INFO - DAG(s) 'example_setup_teardown' retrieved from /home/airflow/.local/lib/python3.12/site-packages/airflow/example_dags/example_setup_teardown.py
[2024-09-11T13:48:26.615+0000] {logging_mixin.py:190} INFO - [2024-09-11T13:48:26.615+0000] {dag.py:3229} INFO - Sync 1 DAGs
[2024-09-11T13:48:26.624+0000] {logging_mixin.py:190} INFO - [2024-09-11T13:48:26.624+0000] {dag.py:4156} INFO - Setting next_dagrun for example_setup_teardown to None, run_after=None
[2024-09-11T13:48:26.634+0000] {processor.py:208} INFO - Processing /home/airflow/.local/lib/python3.12/site-packages/airflow/example_dags/example_setup_teardown.py took 0.051 seconds
[2024-09-11T13:48:56.754+0000] {processor.py:186} INFO - Started process (PID=1028) to work on /home/airflow/.local/lib/python3.12/site-packages/airflow/example_dags/example_setup_teardown.py
[2024-09-11T13:48:56.755+0000] {processor.py:914} INFO - Processing file /home/airflow/.local/lib/python3.12/site-packages/airflow/example_dags/example_setup_teardown.py for tasks to queue
[2024-09-11T13:48:56.757+0000] {logging_mixin.py:190} INFO - [2024-09-11T13:48:56.756+0000] {dagbag.py:587} INFO - Filling up the DagBag from /home/airflow/.local/lib/python3.12/site-packages/airflow/example_dags/example_setup_teardown.py
[2024-09-11T13:48:56.763+0000] {processor.py:925} INFO - DAG(s) 'example_setup_teardown' retrieved from /home/airflow/.local/lib/python3.12/site-packages/airflow/example_dags/example_setup_teardown.py
[2024-09-11T13:48:56.777+0000] {logging_mixin.py:190} INFO - [2024-09-11T13:48:56.777+0000] {dag.py:3229} INFO - Sync 1 DAGs
[2024-09-11T13:48:56.785+0000] {logging_mixin.py:190} INFO - [2024-09-11T13:48:56.785+0000] {dag.py:4156} INFO - Setting next_dagrun for example_setup_teardown to None, run_after=None
[2024-09-11T13:48:56.795+0000] {processor.py:208} INFO - Processing /home/airflow/.local/lib/python3.12/site-packages/airflow/example_dags/example_setup_teardown.py took 0.046 seconds
[2024-09-11T13:49:26.968+0000] {processor.py:186} INFO - Started process (PID=1084) to work on /home/airflow/.local/lib/python3.12/site-packages/airflow/example_dags/example_setup_teardown.py
[2024-09-11T13:49:26.970+0000] {processor.py:914} INFO - Processing file /home/airflow/.local/lib/python3.12/site-packages/airflow/example_dags/example_setup_teardown.py for tasks to queue
[2024-09-11T13:49:26.973+0000] {logging_mixin.py:190} INFO - [2024-09-11T13:49:26.972+0000] {dagbag.py:587} INFO - Filling up the DagBag from /home/airflow/.local/lib/python3.12/site-packages/airflow/example_dags/example_setup_teardown.py
[2024-09-11T13:49:26.981+0000] {processor.py:925} INFO - DAG(s) 'example_setup_teardown' retrieved from /home/airflow/.local/lib/python3.12/site-packages/airflow/example_dags/example_setup_teardown.py
[2024-09-11T13:49:26.999+0000] {logging_mixin.py:190} INFO - [2024-09-11T13:49:26.999+0000] {dag.py:3229} INFO - Sync 1 DAGs
[2024-09-11T13:49:27.008+0000] {logging_mixin.py:190} INFO - [2024-09-11T13:49:27.008+0000] {dag.py:4156} INFO - Setting next_dagrun for example_setup_teardown to None, run_after=None
[2024-09-11T13:49:27.018+0000] {processor.py:208} INFO - Processing /home/airflow/.local/lib/python3.12/site-packages/airflow/example_dags/example_setup_teardown.py took 0.056 seconds
[2024-09-11T13:49:57.267+0000] {processor.py:186} INFO - Started process (PID=1140) to work on /home/airflow/.local/lib/python3.12/site-packages/airflow/example_dags/example_setup_teardown.py
[2024-09-11T13:49:57.269+0000] {processor.py:914} INFO - Processing file /home/airflow/.local/lib/python3.12/site-packages/airflow/example_dags/example_setup_teardown.py for tasks to queue
[2024-09-11T13:49:57.271+0000] {logging_mixin.py:190} INFO - [2024-09-11T13:49:57.270+0000] {dagbag.py:587} INFO - Filling up the DagBag from /home/airflow/.local/lib/python3.12/site-packages/airflow/example_dags/example_setup_teardown.py
[2024-09-11T13:49:57.279+0000] {processor.py:925} INFO - DAG(s) 'example_setup_teardown' retrieved from /home/airflow/.local/lib/python3.12/site-packages/airflow/example_dags/example_setup_teardown.py
[2024-09-11T13:49:57.294+0000] {logging_mixin.py:190} INFO - [2024-09-11T13:49:57.294+0000] {dag.py:3229} INFO - Sync 1 DAGs
[2024-09-11T13:49:57.304+0000] {logging_mixin.py:190} INFO - [2024-09-11T13:49:57.304+0000] {dag.py:4156} INFO - Setting next_dagrun for example_setup_teardown to None, run_after=None
[2024-09-11T13:49:57.317+0000] {processor.py:208} INFO - Processing /home/airflow/.local/lib/python3.12/site-packages/airflow/example_dags/example_setup_teardown.py took 0.054 seconds
[2024-09-11T13:50:27.539+0000] {processor.py:186} INFO - Started process (PID=1196) to work on /home/airflow/.local/lib/python3.12/site-packages/airflow/example_dags/example_setup_teardown.py
[2024-09-11T13:50:27.540+0000] {processor.py:914} INFO - Processing file /home/airflow/.local/lib/python3.12/site-packages/airflow/example_dags/example_setup_teardown.py for tasks to queue
[2024-09-11T13:50:27.543+0000] {logging_mixin.py:190} INFO - [2024-09-11T13:50:27.542+0000] {dagbag.py:587} INFO - Filling up the DagBag from /home/airflow/.local/lib/python3.12/site-packages/airflow/example_dags/example_setup_teardown.py
[2024-09-11T13:50:27.550+0000] {processor.py:925} INFO - DAG(s) 'example_setup_teardown' retrieved from /home/airflow/.local/lib/python3.12/site-packages/airflow/example_dags/example_setup_teardown.py
[2024-09-11T13:50:27.567+0000] {logging_mixin.py:190} INFO - [2024-09-11T13:50:27.567+0000] {dag.py:3229} INFO - Sync 1 DAGs
[2024-09-11T13:50:27.577+0000] {logging_mixin.py:190} INFO - [2024-09-11T13:50:27.576+0000] {dag.py:4156} INFO - Setting next_dagrun for example_setup_teardown to None, run_after=None
[2024-09-11T13:50:27.589+0000] {processor.py:208} INFO - Processing /home/airflow/.local/lib/python3.12/site-packages/airflow/example_dags/example_setup_teardown.py took 0.058 seconds
[2024-09-11T13:50:57.784+0000] {processor.py:186} INFO - Started process (PID=1252) to work on /home/airflow/.local/lib/python3.12/site-packages/airflow/example_dags/example_setup_teardown.py
[2024-09-11T13:50:57.784+0000] {processor.py:914} INFO - Processing file /home/airflow/.local/lib/python3.12/site-packages/airflow/example_dags/example_setup_teardown.py for tasks to queue
[2024-09-11T13:50:57.787+0000] {logging_mixin.py:190} INFO - [2024-09-11T13:50:57.786+0000] {dagbag.py:587} INFO - Filling up the DagBag from /home/airflow/.local/lib/python3.12/site-packages/airflow/example_dags/example_setup_teardown.py
[2024-09-11T13:50:57.793+0000] {processor.py:925} INFO - DAG(s) 'example_setup_teardown' retrieved from /home/airflow/.local/lib/python3.12/site-packages/airflow/example_dags/example_setup_teardown.py
[2024-09-11T13:50:57.808+0000] {logging_mixin.py:190} INFO - [2024-09-11T13:50:57.807+0000] {dag.py:3229} INFO - Sync 1 DAGs
[2024-09-11T13:50:57.816+0000] {logging_mixin.py:190} INFO - [2024-09-11T13:50:57.815+0000] {dag.py:4156} INFO - Setting next_dagrun for example_setup_teardown to None, run_after=None
[2024-09-11T13:50:57.825+0000] {processor.py:208} INFO - Processing /home/airflow/.local/lib/python3.12/site-packages/airflow/example_dags/example_setup_teardown.py took 0.047 seconds
[2024-09-11T13:51:28.079+0000] {processor.py:186} INFO - Started process (PID=1308) to work on /home/airflow/.local/lib/python3.12/site-packages/airflow/example_dags/example_setup_teardown.py
[2024-09-11T13:51:28.080+0000] {processor.py:914} INFO - Processing file /home/airflow/.local/lib/python3.12/site-packages/airflow/example_dags/example_setup_teardown.py for tasks to queue
[2024-09-11T13:51:28.082+0000] {logging_mixin.py:190} INFO - [2024-09-11T13:51:28.081+0000] {dagbag.py:587} INFO - Filling up the DagBag from /home/airflow/.local/lib/python3.12/site-packages/airflow/example_dags/example_setup_teardown.py
[2024-09-11T13:51:28.086+0000] {processor.py:925} INFO - DAG(s) 'example_setup_teardown' retrieved from /home/airflow/.local/lib/python3.12/site-packages/airflow/example_dags/example_setup_teardown.py
[2024-09-11T13:51:28.100+0000] {logging_mixin.py:190} INFO - [2024-09-11T13:51:28.099+0000] {dag.py:3229} INFO - Sync 1 DAGs
[2024-09-11T13:51:28.108+0000] {logging_mixin.py:190} INFO - [2024-09-11T13:51:28.107+0000] {dag.py:4156} INFO - Setting next_dagrun for example_setup_teardown to None, run_after=None
[2024-09-11T13:51:28.118+0000] {processor.py:208} INFO - Processing /home/airflow/.local/lib/python3.12/site-packages/airflow/example_dags/example_setup_teardown.py took 0.043 seconds
[2024-09-11T13:51:58.364+0000] {processor.py:186} INFO - Started process (PID=1364) to work on /home/airflow/.local/lib/python3.12/site-packages/airflow/example_dags/example_setup_teardown.py
[2024-09-11T13:51:58.365+0000] {processor.py:914} INFO - Processing file /home/airflow/.local/lib/python3.12/site-packages/airflow/example_dags/example_setup_teardown.py for tasks to queue
[2024-09-11T13:51:58.367+0000] {logging_mixin.py:190} INFO - [2024-09-11T13:51:58.367+0000] {dagbag.py:587} INFO - Filling up the DagBag from /home/airflow/.local/lib/python3.12/site-packages/airflow/example_dags/example_setup_teardown.py
[2024-09-11T13:51:58.374+0000] {processor.py:925} INFO - DAG(s) 'example_setup_teardown' retrieved from /home/airflow/.local/lib/python3.12/site-packages/airflow/example_dags/example_setup_teardown.py
[2024-09-11T13:51:58.394+0000] {logging_mixin.py:190} INFO - [2024-09-11T13:51:58.393+0000] {dag.py:3229} INFO - Sync 1 DAGs
[2024-09-11T13:51:58.405+0000] {logging_mixin.py:190} INFO - [2024-09-11T13:51:58.405+0000] {dag.py:4156} INFO - Setting next_dagrun for example_setup_teardown to None, run_after=None
[2024-09-11T13:51:58.422+0000] {processor.py:208} INFO - Processing /home/airflow/.local/lib/python3.12/site-packages/airflow/example_dags/example_setup_teardown.py took 0.062 seconds
[2024-09-11T13:52:28.531+0000] {processor.py:186} INFO - Started process (PID=1420) to work on /home/airflow/.local/lib/python3.12/site-packages/airflow/example_dags/example_setup_teardown.py
[2024-09-11T13:52:28.532+0000] {processor.py:914} INFO - Processing file /home/airflow/.local/lib/python3.12/site-packages/airflow/example_dags/example_setup_teardown.py for tasks to queue
[2024-09-11T13:52:28.535+0000] {logging_mixin.py:190} INFO - [2024-09-11T13:52:28.535+0000] {dagbag.py:587} INFO - Filling up the DagBag from /home/airflow/.local/lib/python3.12/site-packages/airflow/example_dags/example_setup_teardown.py
[2024-09-11T13:52:28.544+0000] {processor.py:925} INFO - DAG(s) 'example_setup_teardown' retrieved from /home/airflow/.local/lib/python3.12/site-packages/airflow/example_dags/example_setup_teardown.py
[2024-09-11T13:52:28.564+0000] {logging_mixin.py:190} INFO - [2024-09-11T13:52:28.564+0000] {dag.py:3229} INFO - Sync 1 DAGs
[2024-09-11T13:52:28.576+0000] {logging_mixin.py:190} INFO - [2024-09-11T13:52:28.576+0000] {dag.py:4156} INFO - Setting next_dagrun for example_setup_teardown to None, run_after=None
[2024-09-11T13:52:28.586+0000] {processor.py:208} INFO - Processing /home/airflow/.local/lib/python3.12/site-packages/airflow/example_dags/example_setup_teardown.py took 0.061 seconds
[2024-09-11T13:52:59.257+0000] {processor.py:186} INFO - Started process (PID=1476) to work on /home/airflow/.local/lib/python3.12/site-packages/airflow/example_dags/example_setup_teardown.py
[2024-09-11T13:52:59.259+0000] {processor.py:914} INFO - Processing file /home/airflow/.local/lib/python3.12/site-packages/airflow/example_dags/example_setup_teardown.py for tasks to queue
[2024-09-11T13:52:59.261+0000] {logging_mixin.py:190} INFO - [2024-09-11T13:52:59.261+0000] {dagbag.py:587} INFO - Filling up the DagBag from /home/airflow/.local/lib/python3.12/site-packages/airflow/example_dags/example_setup_teardown.py
[2024-09-11T13:52:59.271+0000] {processor.py:925} INFO - DAG(s) 'example_setup_teardown' retrieved from /home/airflow/.local/lib/python3.12/site-packages/airflow/example_dags/example_setup_teardown.py
[2024-09-11T13:52:59.288+0000] {logging_mixin.py:190} INFO - [2024-09-11T13:52:59.288+0000] {dag.py:3229} INFO - Sync 1 DAGs
[2024-09-11T13:52:59.297+0000] {logging_mixin.py:190} INFO - [2024-09-11T13:52:59.297+0000] {dag.py:4156} INFO - Setting next_dagrun for example_setup_teardown to None, run_after=None
[2024-09-11T13:52:59.307+0000] {processor.py:208} INFO - Processing /home/airflow/.local/lib/python3.12/site-packages/airflow/example_dags/example_setup_teardown.py took 0.057 seconds
[2024-09-11T13:53:29.732+0000] {processor.py:186} INFO - Started process (PID=1532) to work on /home/airflow/.local/lib/python3.12/site-packages/airflow/example_dags/example_setup_teardown.py
[2024-09-11T13:53:29.734+0000] {processor.py:914} INFO - Processing file /home/airflow/.local/lib/python3.12/site-packages/airflow/example_dags/example_setup_teardown.py for tasks to queue
[2024-09-11T13:53:29.736+0000] {logging_mixin.py:190} INFO - [2024-09-11T13:53:29.736+0000] {dagbag.py:587} INFO - Filling up the DagBag from /home/airflow/.local/lib/python3.12/site-packages/airflow/example_dags/example_setup_teardown.py
[2024-09-11T13:53:29.744+0000] {processor.py:925} INFO - DAG(s) 'example_setup_teardown' retrieved from /home/airflow/.local/lib/python3.12/site-packages/airflow/example_dags/example_setup_teardown.py
[2024-09-11T13:53:29.767+0000] {logging_mixin.py:190} INFO - [2024-09-11T13:53:29.766+0000] {dag.py:3229} INFO - Sync 1 DAGs
[2024-09-11T13:53:29.777+0000] {logging_mixin.py:190} INFO - [2024-09-11T13:53:29.777+0000] {dag.py:4156} INFO - Setting next_dagrun for example_setup_teardown to None, run_after=None
[2024-09-11T13:53:29.789+0000] {processor.py:208} INFO - Processing /home/airflow/.local/lib/python3.12/site-packages/airflow/example_dags/example_setup_teardown.py took 0.063 seconds
[2024-09-11T13:54:00.382+0000] {processor.py:186} INFO - Started process (PID=1588) to work on /home/airflow/.local/lib/python3.12/site-packages/airflow/example_dags/example_setup_teardown.py
[2024-09-11T13:54:00.383+0000] {processor.py:914} INFO - Processing file /home/airflow/.local/lib/python3.12/site-packages/airflow/example_dags/example_setup_teardown.py for tasks to queue
[2024-09-11T13:54:00.385+0000] {logging_mixin.py:190} INFO - [2024-09-11T13:54:00.385+0000] {dagbag.py:587} INFO - Filling up the DagBag from /home/airflow/.local/lib/python3.12/site-packages/airflow/example_dags/example_setup_teardown.py
[2024-09-11T13:54:00.392+0000] {processor.py:925} INFO - DAG(s) 'example_setup_teardown' retrieved from /home/airflow/.local/lib/python3.12/site-packages/airflow/example_dags/example_setup_teardown.py
[2024-09-11T13:54:00.411+0000] {logging_mixin.py:190} INFO - [2024-09-11T13:54:00.411+0000] {dag.py:3229} INFO - Sync 1 DAGs
[2024-09-11T13:54:00.421+0000] {logging_mixin.py:190} INFO - [2024-09-11T13:54:00.421+0000] {dag.py:4156} INFO - Setting next_dagrun for example_setup_teardown to None, run_after=None
[2024-09-11T13:54:00.440+0000] {processor.py:208} INFO - Processing /home/airflow/.local/lib/python3.12/site-packages/airflow/example_dags/example_setup_teardown.py took 0.063 seconds
[2024-09-11T13:54:30.781+0000] {processor.py:186} INFO - Started process (PID=1644) to work on /home/airflow/.local/lib/python3.12/site-packages/airflow/example_dags/example_setup_teardown.py
[2024-09-11T13:54:30.782+0000] {processor.py:914} INFO - Processing file /home/airflow/.local/lib/python3.12/site-packages/airflow/example_dags/example_setup_teardown.py for tasks to queue
[2024-09-11T13:54:30.785+0000] {logging_mixin.py:190} INFO - [2024-09-11T13:54:30.784+0000] {dagbag.py:587} INFO - Filling up the DagBag from /home/airflow/.local/lib/python3.12/site-packages/airflow/example_dags/example_setup_teardown.py
[2024-09-11T13:54:30.792+0000] {processor.py:925} INFO - DAG(s) 'example_setup_teardown' retrieved from /home/airflow/.local/lib/python3.12/site-packages/airflow/example_dags/example_setup_teardown.py
[2024-09-11T13:54:30.809+0000] {logging_mixin.py:190} INFO - [2024-09-11T13:54:30.808+0000] {dag.py:3229} INFO - Sync 1 DAGs
[2024-09-11T13:54:30.817+0000] {logging_mixin.py:190} INFO - [2024-09-11T13:54:30.817+0000] {dag.py:4156} INFO - Setting next_dagrun for example_setup_teardown to None, run_after=None
[2024-09-11T13:54:30.827+0000] {processor.py:208} INFO - Processing /home/airflow/.local/lib/python3.12/site-packages/airflow/example_dags/example_setup_teardown.py took 0.053 seconds
[2024-09-11T13:55:01.116+0000] {processor.py:186} INFO - Started process (PID=1700) to work on /home/airflow/.local/lib/python3.12/site-packages/airflow/example_dags/example_setup_teardown.py
[2024-09-11T13:55:01.118+0000] {processor.py:914} INFO - Processing file /home/airflow/.local/lib/python3.12/site-packages/airflow/example_dags/example_setup_teardown.py for tasks to queue
[2024-09-11T13:55:01.121+0000] {logging_mixin.py:190} INFO - [2024-09-11T13:55:01.120+0000] {dagbag.py:587} INFO - Filling up the DagBag from /home/airflow/.local/lib/python3.12/site-packages/airflow/example_dags/example_setup_teardown.py
[2024-09-11T13:55:01.127+0000] {processor.py:925} INFO - DAG(s) 'example_setup_teardown' retrieved from /home/airflow/.local/lib/python3.12/site-packages/airflow/example_dags/example_setup_teardown.py
[2024-09-11T13:55:01.141+0000] {logging_mixin.py:190} INFO - [2024-09-11T13:55:01.141+0000] {dag.py:3229} INFO - Sync 1 DAGs
[2024-09-11T13:55:01.153+0000] {logging_mixin.py:190} INFO - [2024-09-11T13:55:01.153+0000] {dag.py:4156} INFO - Setting next_dagrun for example_setup_teardown to None, run_after=None
[2024-09-11T13:55:01.164+0000] {processor.py:208} INFO - Processing /home/airflow/.local/lib/python3.12/site-packages/airflow/example_dags/example_setup_teardown.py took 0.054 seconds
[2024-09-11T13:55:31.422+0000] {processor.py:186} INFO - Started process (PID=1756) to work on /home/airflow/.local/lib/python3.12/site-packages/airflow/example_dags/example_setup_teardown.py
[2024-09-11T13:55:31.423+0000] {processor.py:914} INFO - Processing file /home/airflow/.local/lib/python3.12/site-packages/airflow/example_dags/example_setup_teardown.py for tasks to queue
[2024-09-11T13:55:31.426+0000] {logging_mixin.py:190} INFO - [2024-09-11T13:55:31.426+0000] {dagbag.py:587} INFO - Filling up the DagBag from /home/airflow/.local/lib/python3.12/site-packages/airflow/example_dags/example_setup_teardown.py
[2024-09-11T13:55:31.433+0000] {processor.py:925} INFO - DAG(s) 'example_setup_teardown' retrieved from /home/airflow/.local/lib/python3.12/site-packages/airflow/example_dags/example_setup_teardown.py
[2024-09-11T13:55:31.447+0000] {logging_mixin.py:190} INFO - [2024-09-11T13:55:31.447+0000] {dag.py:3229} INFO - Sync 1 DAGs
[2024-09-11T13:55:31.456+0000] {logging_mixin.py:190} INFO - [2024-09-11T13:55:31.455+0000] {dag.py:4156} INFO - Setting next_dagrun for example_setup_teardown to None, run_after=None
[2024-09-11T13:55:31.468+0000] {processor.py:208} INFO - Processing /home/airflow/.local/lib/python3.12/site-packages/airflow/example_dags/example_setup_teardown.py took 0.052 seconds
[2024-09-11T13:56:01.790+0000] {processor.py:186} INFO - Started process (PID=1812) to work on /home/airflow/.local/lib/python3.12/site-packages/airflow/example_dags/example_setup_teardown.py
[2024-09-11T13:56:01.790+0000] {processor.py:914} INFO - Processing file /home/airflow/.local/lib/python3.12/site-packages/airflow/example_dags/example_setup_teardown.py for tasks to queue
[2024-09-11T13:56:01.793+0000] {logging_mixin.py:190} INFO - [2024-09-11T13:56:01.792+0000] {dagbag.py:587} INFO - Filling up the DagBag from /home/airflow/.local/lib/python3.12/site-packages/airflow/example_dags/example_setup_teardown.py
[2024-09-11T13:56:01.799+0000] {processor.py:925} INFO - DAG(s) 'example_setup_teardown' retrieved from /home/airflow/.local/lib/python3.12/site-packages/airflow/example_dags/example_setup_teardown.py
[2024-09-11T13:56:01.815+0000] {logging_mixin.py:190} INFO - [2024-09-11T13:56:01.814+0000] {dag.py:3229} INFO - Sync 1 DAGs
[2024-09-11T13:56:01.823+0000] {logging_mixin.py:190} INFO - [2024-09-11T13:56:01.823+0000] {dag.py:4156} INFO - Setting next_dagrun for example_setup_teardown to None, run_after=None
[2024-09-11T13:56:01.834+0000] {processor.py:208} INFO - Processing /home/airflow/.local/lib/python3.12/site-packages/airflow/example_dags/example_setup_teardown.py took 0.050 seconds
[2024-09-11T13:56:32.165+0000] {processor.py:186} INFO - Started process (PID=1868) to work on /home/airflow/.local/lib/python3.12/site-packages/airflow/example_dags/example_setup_teardown.py
[2024-09-11T13:56:32.167+0000] {processor.py:914} INFO - Processing file /home/airflow/.local/lib/python3.12/site-packages/airflow/example_dags/example_setup_teardown.py for tasks to queue
[2024-09-11T13:56:32.170+0000] {logging_mixin.py:190} INFO - [2024-09-11T13:56:32.169+0000] {dagbag.py:587} INFO - Filling up the DagBag from /home/airflow/.local/lib/python3.12/site-packages/airflow/example_dags/example_setup_teardown.py
[2024-09-11T13:56:32.177+0000] {processor.py:925} INFO - DAG(s) 'example_setup_teardown' retrieved from /home/airflow/.local/lib/python3.12/site-packages/airflow/example_dags/example_setup_teardown.py
[2024-09-11T13:56:32.192+0000] {logging_mixin.py:190} INFO - [2024-09-11T13:56:32.192+0000] {dag.py:3229} INFO - Sync 1 DAGs
[2024-09-11T13:56:32.204+0000] {logging_mixin.py:190} INFO - [2024-09-11T13:56:32.204+0000] {dag.py:4156} INFO - Setting next_dagrun for example_setup_teardown to None, run_after=None
[2024-09-11T13:56:32.214+0000] {processor.py:208} INFO - Processing /home/airflow/.local/lib/python3.12/site-packages/airflow/example_dags/example_setup_teardown.py took 0.056 seconds
[2024-09-11T13:57:02.481+0000] {processor.py:186} INFO - Started process (PID=1924) to work on /home/airflow/.local/lib/python3.12/site-packages/airflow/example_dags/example_setup_teardown.py
[2024-09-11T13:57:02.482+0000] {processor.py:914} INFO - Processing file /home/airflow/.local/lib/python3.12/site-packages/airflow/example_dags/example_setup_teardown.py for tasks to queue
[2024-09-11T13:57:02.485+0000] {logging_mixin.py:190} INFO - [2024-09-11T13:57:02.485+0000] {dagbag.py:587} INFO - Filling up the DagBag from /home/airflow/.local/lib/python3.12/site-packages/airflow/example_dags/example_setup_teardown.py
[2024-09-11T13:57:02.492+0000] {processor.py:925} INFO - DAG(s) 'example_setup_teardown' retrieved from /home/airflow/.local/lib/python3.12/site-packages/airflow/example_dags/example_setup_teardown.py
[2024-09-11T13:57:02.508+0000] {logging_mixin.py:190} INFO - [2024-09-11T13:57:02.508+0000] {dag.py:3229} INFO - Sync 1 DAGs
[2024-09-11T13:57:02.516+0000] {logging_mixin.py:190} INFO - [2024-09-11T13:57:02.516+0000] {dag.py:4156} INFO - Setting next_dagrun for example_setup_teardown to None, run_after=None
[2024-09-11T13:57:02.526+0000] {processor.py:208} INFO - Processing /home/airflow/.local/lib/python3.12/site-packages/airflow/example_dags/example_setup_teardown.py took 0.051 seconds
[2024-09-11T13:57:32.837+0000] {processor.py:186} INFO - Started process (PID=1980) to work on /home/airflow/.local/lib/python3.12/site-packages/airflow/example_dags/example_setup_teardown.py
[2024-09-11T13:57:32.838+0000] {processor.py:914} INFO - Processing file /home/airflow/.local/lib/python3.12/site-packages/airflow/example_dags/example_setup_teardown.py for tasks to queue
[2024-09-11T13:57:32.842+0000] {logging_mixin.py:190} INFO - [2024-09-11T13:57:32.841+0000] {dagbag.py:587} INFO - Filling up the DagBag from /home/airflow/.local/lib/python3.12/site-packages/airflow/example_dags/example_setup_teardown.py
[2024-09-11T13:57:32.851+0000] {processor.py:925} INFO - DAG(s) 'example_setup_teardown' retrieved from /home/airflow/.local/lib/python3.12/site-packages/airflow/example_dags/example_setup_teardown.py
[2024-09-11T13:57:32.868+0000] {logging_mixin.py:190} INFO - [2024-09-11T13:57:32.868+0000] {dag.py:3229} INFO - Sync 1 DAGs
[2024-09-11T13:57:32.877+0000] {logging_mixin.py:190} INFO - [2024-09-11T13:57:32.877+0000] {dag.py:4156} INFO - Setting next_dagrun for example_setup_teardown to None, run_after=None
[2024-09-11T13:57:32.887+0000] {processor.py:208} INFO - Processing /home/airflow/.local/lib/python3.12/site-packages/airflow/example_dags/example_setup_teardown.py took 0.058 seconds
[2024-09-11T13:58:03.280+0000] {processor.py:186} INFO - Started process (PID=2036) to work on /home/airflow/.local/lib/python3.12/site-packages/airflow/example_dags/example_setup_teardown.py
[2024-09-11T13:58:03.281+0000] {processor.py:914} INFO - Processing file /home/airflow/.local/lib/python3.12/site-packages/airflow/example_dags/example_setup_teardown.py for tasks to queue
[2024-09-11T13:58:03.283+0000] {logging_mixin.py:190} INFO - [2024-09-11T13:58:03.283+0000] {dagbag.py:587} INFO - Filling up the DagBag from /home/airflow/.local/lib/python3.12/site-packages/airflow/example_dags/example_setup_teardown.py
[2024-09-11T13:58:03.292+0000] {processor.py:925} INFO - DAG(s) 'example_setup_teardown' retrieved from /home/airflow/.local/lib/python3.12/site-packages/airflow/example_dags/example_setup_teardown.py
[2024-09-11T13:58:03.315+0000] {logging_mixin.py:190} INFO - [2024-09-11T13:58:03.314+0000] {dag.py:3229} INFO - Sync 1 DAGs
[2024-09-11T13:58:03.329+0000] {logging_mixin.py:190} INFO - [2024-09-11T13:58:03.329+0000] {dag.py:4156} INFO - Setting next_dagrun for example_setup_teardown to None, run_after=None
[2024-09-11T13:58:03.355+0000] {processor.py:208} INFO - Processing /home/airflow/.local/lib/python3.12/site-packages/airflow/example_dags/example_setup_teardown.py took 0.082 seconds
