[2024-09-11T13:40:16.444+0000] {processor.py:186} INFO - Started process (PID=57) to work on /home/airflow/.local/lib/python3.12/site-packages/airflow/example_dags/example_branch_labels.py
[2024-09-11T13:40:16.446+0000] {processor.py:914} INFO - Processing file /home/airflow/.local/lib/python3.12/site-packages/airflow/example_dags/example_branch_labels.py for tasks to queue
[2024-09-11T13:40:16.451+0000] {logging_mixin.py:190} INFO - [2024-09-11T13:40:16.450+0000] {dagbag.py:587} INFO - Filling up the DagBag from /home/airflow/.local/lib/python3.12/site-packages/airflow/example_dags/example_branch_labels.py
[2024-09-11T13:40:16.469+0000] {processor.py:925} INFO - DAG(s) 'example_branch_labels' retrieved from /home/airflow/.local/lib/python3.12/site-packages/airflow/example_dags/example_branch_labels.py
[2024-09-11T13:40:16.588+0000] {logging_mixin.py:190} INFO - [2024-09-11T13:40:16.588+0000] {override.py:1900} INFO - Created Permission View: can read on DAG:example_branch_labels
[2024-09-11T13:40:16.596+0000] {logging_mixin.py:190} INFO - [2024-09-11T13:40:16.596+0000] {override.py:1900} INFO - Created Permission View: can delete on DAG:example_branch_labels
[2024-09-11T13:40:16.611+0000] {logging_mixin.py:190} INFO - [2024-09-11T13:40:16.610+0000] {override.py:1900} INFO - Created Permission View: can edit on DAG:example_branch_labels
[2024-09-11T13:40:16.630+0000] {logging_mixin.py:190} INFO - [2024-09-11T13:40:16.629+0000] {override.py:1900} INFO - Created Permission View: can read on DAG Run:example_branch_labels
[2024-09-11T13:40:16.636+0000] {logging_mixin.py:190} INFO - [2024-09-11T13:40:16.635+0000] {override.py:1900} INFO - Created Permission View: can create on DAG Run:example_branch_labels
[2024-09-11T13:40:16.643+0000] {logging_mixin.py:190} INFO - [2024-09-11T13:40:16.643+0000] {override.py:1900} INFO - Created Permission View: menu access on DAG Run:example_branch_labels
[2024-09-11T13:40:16.655+0000] {logging_mixin.py:190} INFO - [2024-09-11T13:40:16.655+0000] {override.py:1900} INFO - Created Permission View: can delete on DAG Run:example_branch_labels
[2024-09-11T13:40:16.656+0000] {logging_mixin.py:190} INFO - [2024-09-11T13:40:16.656+0000] {dag.py:3229} INFO - Sync 1 DAGs
[2024-09-11T13:40:16.672+0000] {logging_mixin.py:190} INFO - [2024-09-11T13:40:16.672+0000] {dag.py:3252} INFO - Creating ORM DAG for example_branch_labels
[2024-09-11T13:40:16.684+0000] {logging_mixin.py:190} INFO - [2024-09-11T13:40:16.682+0000] {dag.py:4156} INFO - Setting next_dagrun for example_branch_labels to 2024-09-10 00:00:00+00:00, run_after=2024-09-11 00:00:00+00:00
[2024-09-11T13:40:16.729+0000] {processor.py:208} INFO - Processing /home/airflow/.local/lib/python3.12/site-packages/airflow/example_dags/example_branch_labels.py took 0.293 seconds
[2024-09-11T13:40:47.594+0000] {processor.py:186} INFO - Started process (PID=113) to work on /home/airflow/.local/lib/python3.12/site-packages/airflow/example_dags/example_branch_labels.py
[2024-09-11T13:40:47.598+0000] {processor.py:914} INFO - Processing file /home/airflow/.local/lib/python3.12/site-packages/airflow/example_dags/example_branch_labels.py for tasks to queue
[2024-09-11T13:40:47.606+0000] {logging_mixin.py:190} INFO - [2024-09-11T13:40:47.605+0000] {dagbag.py:587} INFO - Filling up the DagBag from /home/airflow/.local/lib/python3.12/site-packages/airflow/example_dags/example_branch_labels.py
[2024-09-11T13:40:47.625+0000] {processor.py:925} INFO - DAG(s) 'example_branch_labels' retrieved from /home/airflow/.local/lib/python3.12/site-packages/airflow/example_dags/example_branch_labels.py
[2024-09-11T13:40:47.647+0000] {logging_mixin.py:190} INFO - [2024-09-11T13:40:47.647+0000] {dag.py:3229} INFO - Sync 1 DAGs
[2024-09-11T13:40:47.666+0000] {logging_mixin.py:190} INFO - [2024-09-11T13:40:47.666+0000] {dag.py:4156} INFO - Setting next_dagrun for example_branch_labels to 2024-09-10 00:00:00+00:00, run_after=2024-09-11 00:00:00+00:00
[2024-09-11T13:40:47.684+0000] {processor.py:208} INFO - Processing /home/airflow/.local/lib/python3.12/site-packages/airflow/example_dags/example_branch_labels.py took 0.108 seconds
[2024-09-11T13:41:18.301+0000] {processor.py:186} INFO - Started process (PID=169) to work on /home/airflow/.local/lib/python3.12/site-packages/airflow/example_dags/example_branch_labels.py
[2024-09-11T13:41:18.303+0000] {processor.py:914} INFO - Processing file /home/airflow/.local/lib/python3.12/site-packages/airflow/example_dags/example_branch_labels.py for tasks to queue
[2024-09-11T13:41:18.305+0000] {logging_mixin.py:190} INFO - [2024-09-11T13:41:18.305+0000] {dagbag.py:587} INFO - Filling up the DagBag from /home/airflow/.local/lib/python3.12/site-packages/airflow/example_dags/example_branch_labels.py
[2024-09-11T13:41:18.311+0000] {processor.py:925} INFO - DAG(s) 'example_branch_labels' retrieved from /home/airflow/.local/lib/python3.12/site-packages/airflow/example_dags/example_branch_labels.py
[2024-09-11T13:41:18.323+0000] {logging_mixin.py:190} INFO - [2024-09-11T13:41:18.323+0000] {dag.py:3229} INFO - Sync 1 DAGs
[2024-09-11T13:41:18.339+0000] {logging_mixin.py:190} INFO - [2024-09-11T13:41:18.339+0000] {dag.py:4156} INFO - Setting next_dagrun for example_branch_labels to 2024-09-10 00:00:00+00:00, run_after=2024-09-11 00:00:00+00:00
[2024-09-11T13:41:18.353+0000] {processor.py:208} INFO - Processing /home/airflow/.local/lib/python3.12/site-packages/airflow/example_dags/example_branch_labels.py took 0.056 seconds
[2024-09-11T13:41:48.629+0000] {processor.py:186} INFO - Started process (PID=225) to work on /home/airflow/.local/lib/python3.12/site-packages/airflow/example_dags/example_branch_labels.py
[2024-09-11T13:41:48.630+0000] {processor.py:914} INFO - Processing file /home/airflow/.local/lib/python3.12/site-packages/airflow/example_dags/example_branch_labels.py for tasks to queue
[2024-09-11T13:41:48.631+0000] {logging_mixin.py:190} INFO - [2024-09-11T13:41:48.631+0000] {dagbag.py:587} INFO - Filling up the DagBag from /home/airflow/.local/lib/python3.12/site-packages/airflow/example_dags/example_branch_labels.py
[2024-09-11T13:41:48.637+0000] {processor.py:925} INFO - DAG(s) 'example_branch_labels' retrieved from /home/airflow/.local/lib/python3.12/site-packages/airflow/example_dags/example_branch_labels.py
[2024-09-11T13:41:48.649+0000] {logging_mixin.py:190} INFO - [2024-09-11T13:41:48.649+0000] {dag.py:3229} INFO - Sync 1 DAGs
[2024-09-11T13:41:48.664+0000] {logging_mixin.py:190} INFO - [2024-09-11T13:41:48.664+0000] {dag.py:4156} INFO - Setting next_dagrun for example_branch_labels to 2024-09-10 00:00:00+00:00, run_after=2024-09-11 00:00:00+00:00
[2024-09-11T13:41:48.674+0000] {processor.py:208} INFO - Processing /home/airflow/.local/lib/python3.12/site-packages/airflow/example_dags/example_branch_labels.py took 0.050 seconds
[2024-09-11T13:42:19.162+0000] {processor.py:186} INFO - Started process (PID=281) to work on /home/airflow/.local/lib/python3.12/site-packages/airflow/example_dags/example_branch_labels.py
[2024-09-11T13:42:19.163+0000] {processor.py:914} INFO - Processing file /home/airflow/.local/lib/python3.12/site-packages/airflow/example_dags/example_branch_labels.py for tasks to queue
[2024-09-11T13:42:19.166+0000] {logging_mixin.py:190} INFO - [2024-09-11T13:42:19.166+0000] {dagbag.py:587} INFO - Filling up the DagBag from /home/airflow/.local/lib/python3.12/site-packages/airflow/example_dags/example_branch_labels.py
[2024-09-11T13:42:19.174+0000] {processor.py:925} INFO - DAG(s) 'example_branch_labels' retrieved from /home/airflow/.local/lib/python3.12/site-packages/airflow/example_dags/example_branch_labels.py
[2024-09-11T13:42:19.189+0000] {logging_mixin.py:190} INFO - [2024-09-11T13:42:19.189+0000] {dag.py:3229} INFO - Sync 1 DAGs
[2024-09-11T13:42:19.203+0000] {logging_mixin.py:190} INFO - [2024-09-11T13:42:19.203+0000] {dag.py:4156} INFO - Setting next_dagrun for example_branch_labels to 2024-09-10 00:00:00+00:00, run_after=2024-09-11 00:00:00+00:00
[2024-09-11T13:42:19.212+0000] {processor.py:208} INFO - Processing /home/airflow/.local/lib/python3.12/site-packages/airflow/example_dags/example_branch_labels.py took 0.057 seconds
[2024-09-11T13:42:49.266+0000] {processor.py:186} INFO - Started process (PID=337) to work on /home/airflow/.local/lib/python3.12/site-packages/airflow/example_dags/example_branch_labels.py
[2024-09-11T13:42:49.267+0000] {processor.py:914} INFO - Processing file /home/airflow/.local/lib/python3.12/site-packages/airflow/example_dags/example_branch_labels.py for tasks to queue
[2024-09-11T13:42:49.268+0000] {logging_mixin.py:190} INFO - [2024-09-11T13:42:49.268+0000] {dagbag.py:587} INFO - Filling up the DagBag from /home/airflow/.local/lib/python3.12/site-packages/airflow/example_dags/example_branch_labels.py
[2024-09-11T13:42:49.273+0000] {processor.py:925} INFO - DAG(s) 'example_branch_labels' retrieved from /home/airflow/.local/lib/python3.12/site-packages/airflow/example_dags/example_branch_labels.py
[2024-09-11T13:42:49.285+0000] {logging_mixin.py:190} INFO - [2024-09-11T13:42:49.284+0000] {dag.py:3229} INFO - Sync 1 DAGs
[2024-09-11T13:42:49.297+0000] {logging_mixin.py:190} INFO - [2024-09-11T13:42:49.297+0000] {dag.py:4156} INFO - Setting next_dagrun for example_branch_labels to 2024-09-10 00:00:00+00:00, run_after=2024-09-11 00:00:00+00:00
[2024-09-11T13:42:49.305+0000] {processor.py:208} INFO - Processing /home/airflow/.local/lib/python3.12/site-packages/airflow/example_dags/example_branch_labels.py took 0.043 seconds
[2024-09-11T13:43:19.530+0000] {processor.py:186} INFO - Started process (PID=393) to work on /home/airflow/.local/lib/python3.12/site-packages/airflow/example_dags/example_branch_labels.py
[2024-09-11T13:43:19.531+0000] {processor.py:914} INFO - Processing file /home/airflow/.local/lib/python3.12/site-packages/airflow/example_dags/example_branch_labels.py for tasks to queue
[2024-09-11T13:43:19.532+0000] {logging_mixin.py:190} INFO - [2024-09-11T13:43:19.532+0000] {dagbag.py:587} INFO - Filling up the DagBag from /home/airflow/.local/lib/python3.12/site-packages/airflow/example_dags/example_branch_labels.py
[2024-09-11T13:43:19.537+0000] {processor.py:925} INFO - DAG(s) 'example_branch_labels' retrieved from /home/airflow/.local/lib/python3.12/site-packages/airflow/example_dags/example_branch_labels.py
[2024-09-11T13:43:19.548+0000] {logging_mixin.py:190} INFO - [2024-09-11T13:43:19.548+0000] {dag.py:3229} INFO - Sync 1 DAGs
[2024-09-11T13:43:19.559+0000] {logging_mixin.py:190} INFO - [2024-09-11T13:43:19.559+0000] {dag.py:4156} INFO - Setting next_dagrun for example_branch_labels to 2024-09-10 00:00:00+00:00, run_after=2024-09-11 00:00:00+00:00
[2024-09-11T13:43:19.567+0000] {processor.py:208} INFO - Processing /home/airflow/.local/lib/python3.12/site-packages/airflow/example_dags/example_branch_labels.py took 0.040 seconds
[2024-09-11T13:43:49.754+0000] {processor.py:186} INFO - Started process (PID=449) to work on /home/airflow/.local/lib/python3.12/site-packages/airflow/example_dags/example_branch_labels.py
[2024-09-11T13:43:49.755+0000] {processor.py:914} INFO - Processing file /home/airflow/.local/lib/python3.12/site-packages/airflow/example_dags/example_branch_labels.py for tasks to queue
[2024-09-11T13:43:49.757+0000] {logging_mixin.py:190} INFO - [2024-09-11T13:43:49.757+0000] {dagbag.py:587} INFO - Filling up the DagBag from /home/airflow/.local/lib/python3.12/site-packages/airflow/example_dags/example_branch_labels.py
[2024-09-11T13:43:49.764+0000] {processor.py:925} INFO - DAG(s) 'example_branch_labels' retrieved from /home/airflow/.local/lib/python3.12/site-packages/airflow/example_dags/example_branch_labels.py
[2024-09-11T13:43:49.778+0000] {logging_mixin.py:190} INFO - [2024-09-11T13:43:49.778+0000] {dag.py:3229} INFO - Sync 1 DAGs
[2024-09-11T13:43:49.790+0000] {logging_mixin.py:190} INFO - [2024-09-11T13:43:49.790+0000] {dag.py:4156} INFO - Setting next_dagrun for example_branch_labels to 2024-09-10 00:00:00+00:00, run_after=2024-09-11 00:00:00+00:00
[2024-09-11T13:43:49.799+0000] {processor.py:208} INFO - Processing /home/airflow/.local/lib/python3.12/site-packages/airflow/example_dags/example_branch_labels.py took 0.050 seconds
[2024-09-11T13:44:19.993+0000] {processor.py:186} INFO - Started process (PID=505) to work on /home/airflow/.local/lib/python3.12/site-packages/airflow/example_dags/example_branch_labels.py
[2024-09-11T13:44:19.994+0000] {processor.py:914} INFO - Processing file /home/airflow/.local/lib/python3.12/site-packages/airflow/example_dags/example_branch_labels.py for tasks to queue
[2024-09-11T13:44:19.996+0000] {logging_mixin.py:190} INFO - [2024-09-11T13:44:19.996+0000] {dagbag.py:587} INFO - Filling up the DagBag from /home/airflow/.local/lib/python3.12/site-packages/airflow/example_dags/example_branch_labels.py
[2024-09-11T13:44:20.002+0000] {processor.py:925} INFO - DAG(s) 'example_branch_labels' retrieved from /home/airflow/.local/lib/python3.12/site-packages/airflow/example_dags/example_branch_labels.py
[2024-09-11T13:44:20.013+0000] {logging_mixin.py:190} INFO - [2024-09-11T13:44:20.013+0000] {dag.py:3229} INFO - Sync 1 DAGs
[2024-09-11T13:44:20.025+0000] {logging_mixin.py:190} INFO - [2024-09-11T13:44:20.025+0000] {dag.py:4156} INFO - Setting next_dagrun for example_branch_labels to 2024-09-10 00:00:00+00:00, run_after=2024-09-11 00:00:00+00:00
[2024-09-11T13:44:20.033+0000] {processor.py:208} INFO - Processing /home/airflow/.local/lib/python3.12/site-packages/airflow/example_dags/example_branch_labels.py took 0.044 seconds
[2024-09-11T13:44:50.354+0000] {processor.py:186} INFO - Started process (PID=561) to work on /home/airflow/.local/lib/python3.12/site-packages/airflow/example_dags/example_branch_labels.py
[2024-09-11T13:44:50.355+0000] {processor.py:914} INFO - Processing file /home/airflow/.local/lib/python3.12/site-packages/airflow/example_dags/example_branch_labels.py for tasks to queue
[2024-09-11T13:44:50.357+0000] {logging_mixin.py:190} INFO - [2024-09-11T13:44:50.357+0000] {dagbag.py:587} INFO - Filling up the DagBag from /home/airflow/.local/lib/python3.12/site-packages/airflow/example_dags/example_branch_labels.py
[2024-09-11T13:44:50.365+0000] {processor.py:925} INFO - DAG(s) 'example_branch_labels' retrieved from /home/airflow/.local/lib/python3.12/site-packages/airflow/example_dags/example_branch_labels.py
[2024-09-11T13:44:50.379+0000] {logging_mixin.py:190} INFO - [2024-09-11T13:44:50.379+0000] {dag.py:3229} INFO - Sync 1 DAGs
[2024-09-11T13:44:50.392+0000] {logging_mixin.py:190} INFO - [2024-09-11T13:44:50.392+0000] {dag.py:4156} INFO - Setting next_dagrun for example_branch_labels to 2024-09-10 00:00:00+00:00, run_after=2024-09-11 00:00:00+00:00
[2024-09-11T13:44:50.400+0000] {processor.py:208} INFO - Processing /home/airflow/.local/lib/python3.12/site-packages/airflow/example_dags/example_branch_labels.py took 0.052 seconds
[2024-09-11T13:45:20.551+0000] {processor.py:186} INFO - Started process (PID=617) to work on /home/airflow/.local/lib/python3.12/site-packages/airflow/example_dags/example_branch_labels.py
[2024-09-11T13:45:20.552+0000] {processor.py:914} INFO - Processing file /home/airflow/.local/lib/python3.12/site-packages/airflow/example_dags/example_branch_labels.py for tasks to queue
[2024-09-11T13:45:20.554+0000] {logging_mixin.py:190} INFO - [2024-09-11T13:45:20.554+0000] {dagbag.py:587} INFO - Filling up the DagBag from /home/airflow/.local/lib/python3.12/site-packages/airflow/example_dags/example_branch_labels.py
[2024-09-11T13:45:20.563+0000] {processor.py:925} INFO - DAG(s) 'example_branch_labels' retrieved from /home/airflow/.local/lib/python3.12/site-packages/airflow/example_dags/example_branch_labels.py
[2024-09-11T13:45:20.577+0000] {logging_mixin.py:190} INFO - [2024-09-11T13:45:20.577+0000] {dag.py:3229} INFO - Sync 1 DAGs
[2024-09-11T13:45:20.591+0000] {logging_mixin.py:190} INFO - [2024-09-11T13:45:20.591+0000] {dag.py:4156} INFO - Setting next_dagrun for example_branch_labels to 2024-09-10 00:00:00+00:00, run_after=2024-09-11 00:00:00+00:00
[2024-09-11T13:45:20.600+0000] {processor.py:208} INFO - Processing /home/airflow/.local/lib/python3.12/site-packages/airflow/example_dags/example_branch_labels.py took 0.056 seconds
[2024-09-11T13:45:50.706+0000] {processor.py:186} INFO - Started process (PID=673) to work on /home/airflow/.local/lib/python3.12/site-packages/airflow/example_dags/example_branch_labels.py
[2024-09-11T13:45:50.707+0000] {processor.py:914} INFO - Processing file /home/airflow/.local/lib/python3.12/site-packages/airflow/example_dags/example_branch_labels.py for tasks to queue
[2024-09-11T13:45:50.712+0000] {logging_mixin.py:190} INFO - [2024-09-11T13:45:50.712+0000] {dagbag.py:587} INFO - Filling up the DagBag from /home/airflow/.local/lib/python3.12/site-packages/airflow/example_dags/example_branch_labels.py
[2024-09-11T13:45:50.721+0000] {processor.py:925} INFO - DAG(s) 'example_branch_labels' retrieved from /home/airflow/.local/lib/python3.12/site-packages/airflow/example_dags/example_branch_labels.py
[2024-09-11T13:45:50.735+0000] {logging_mixin.py:190} INFO - [2024-09-11T13:45:50.735+0000] {dag.py:3229} INFO - Sync 1 DAGs
[2024-09-11T13:45:50.749+0000] {logging_mixin.py:190} INFO - [2024-09-11T13:45:50.749+0000] {dag.py:4156} INFO - Setting next_dagrun for example_branch_labels to 2024-09-10 00:00:00+00:00, run_after=2024-09-11 00:00:00+00:00
[2024-09-11T13:45:50.758+0000] {processor.py:208} INFO - Processing /home/airflow/.local/lib/python3.12/site-packages/airflow/example_dags/example_branch_labels.py took 0.058 seconds
[2024-09-11T13:46:20.894+0000] {processor.py:186} INFO - Started process (PID=729) to work on /home/airflow/.local/lib/python3.12/site-packages/airflow/example_dags/example_branch_labels.py
[2024-09-11T13:46:20.895+0000] {processor.py:914} INFO - Processing file /home/airflow/.local/lib/python3.12/site-packages/airflow/example_dags/example_branch_labels.py for tasks to queue
[2024-09-11T13:46:20.897+0000] {logging_mixin.py:190} INFO - [2024-09-11T13:46:20.896+0000] {dagbag.py:587} INFO - Filling up the DagBag from /home/airflow/.local/lib/python3.12/site-packages/airflow/example_dags/example_branch_labels.py
[2024-09-11T13:46:20.903+0000] {processor.py:925} INFO - DAG(s) 'example_branch_labels' retrieved from /home/airflow/.local/lib/python3.12/site-packages/airflow/example_dags/example_branch_labels.py
[2024-09-11T13:46:20.917+0000] {logging_mixin.py:190} INFO - [2024-09-11T13:46:20.917+0000] {dag.py:3229} INFO - Sync 1 DAGs
[2024-09-11T13:46:20.932+0000] {logging_mixin.py:190} INFO - [2024-09-11T13:46:20.931+0000] {dag.py:4156} INFO - Setting next_dagrun for example_branch_labels to 2024-09-10 00:00:00+00:00, run_after=2024-09-11 00:00:00+00:00
[2024-09-11T13:46:20.942+0000] {processor.py:208} INFO - Processing /home/airflow/.local/lib/python3.12/site-packages/airflow/example_dags/example_branch_labels.py took 0.053 seconds
[2024-09-11T13:46:51.272+0000] {processor.py:186} INFO - Started process (PID=785) to work on /home/airflow/.local/lib/python3.12/site-packages/airflow/example_dags/example_branch_labels.py
[2024-09-11T13:46:51.273+0000] {processor.py:914} INFO - Processing file /home/airflow/.local/lib/python3.12/site-packages/airflow/example_dags/example_branch_labels.py for tasks to queue
[2024-09-11T13:46:51.276+0000] {logging_mixin.py:190} INFO - [2024-09-11T13:46:51.275+0000] {dagbag.py:587} INFO - Filling up the DagBag from /home/airflow/.local/lib/python3.12/site-packages/airflow/example_dags/example_branch_labels.py
[2024-09-11T13:46:51.285+0000] {processor.py:925} INFO - DAG(s) 'example_branch_labels' retrieved from /home/airflow/.local/lib/python3.12/site-packages/airflow/example_dags/example_branch_labels.py
[2024-09-11T13:46:51.299+0000] {logging_mixin.py:190} INFO - [2024-09-11T13:46:51.299+0000] {dag.py:3229} INFO - Sync 1 DAGs
[2024-09-11T13:46:51.314+0000] {logging_mixin.py:190} INFO - [2024-09-11T13:46:51.314+0000] {dag.py:4156} INFO - Setting next_dagrun for example_branch_labels to 2024-09-10 00:00:00+00:00, run_after=2024-09-11 00:00:00+00:00
[2024-09-11T13:46:51.323+0000] {processor.py:208} INFO - Processing /home/airflow/.local/lib/python3.12/site-packages/airflow/example_dags/example_branch_labels.py took 0.058 seconds
[2024-09-11T13:47:21.370+0000] {processor.py:186} INFO - Started process (PID=841) to work on /home/airflow/.local/lib/python3.12/site-packages/airflow/example_dags/example_branch_labels.py
[2024-09-11T13:47:21.371+0000] {processor.py:914} INFO - Processing file /home/airflow/.local/lib/python3.12/site-packages/airflow/example_dags/example_branch_labels.py for tasks to queue
[2024-09-11T13:47:21.374+0000] {logging_mixin.py:190} INFO - [2024-09-11T13:47:21.373+0000] {dagbag.py:587} INFO - Filling up the DagBag from /home/airflow/.local/lib/python3.12/site-packages/airflow/example_dags/example_branch_labels.py
[2024-09-11T13:47:21.383+0000] {processor.py:925} INFO - DAG(s) 'example_branch_labels' retrieved from /home/airflow/.local/lib/python3.12/site-packages/airflow/example_dags/example_branch_labels.py
[2024-09-11T13:47:21.399+0000] {logging_mixin.py:190} INFO - [2024-09-11T13:47:21.398+0000] {dag.py:3229} INFO - Sync 1 DAGs
[2024-09-11T13:47:21.414+0000] {logging_mixin.py:190} INFO - [2024-09-11T13:47:21.414+0000] {dag.py:4156} INFO - Setting next_dagrun for example_branch_labels to 2024-09-10 00:00:00+00:00, run_after=2024-09-11 00:00:00+00:00
[2024-09-11T13:47:21.424+0000] {processor.py:208} INFO - Processing /home/airflow/.local/lib/python3.12/site-packages/airflow/example_dags/example_branch_labels.py took 0.061 seconds
[2024-09-11T13:47:51.653+0000] {processor.py:186} INFO - Started process (PID=897) to work on /home/airflow/.local/lib/python3.12/site-packages/airflow/example_dags/example_branch_labels.py
[2024-09-11T13:47:51.656+0000] {processor.py:914} INFO - Processing file /home/airflow/.local/lib/python3.12/site-packages/airflow/example_dags/example_branch_labels.py for tasks to queue
[2024-09-11T13:47:51.658+0000] {logging_mixin.py:190} INFO - [2024-09-11T13:47:51.657+0000] {dagbag.py:587} INFO - Filling up the DagBag from /home/airflow/.local/lib/python3.12/site-packages/airflow/example_dags/example_branch_labels.py
[2024-09-11T13:47:51.666+0000] {processor.py:925} INFO - DAG(s) 'example_branch_labels' retrieved from /home/airflow/.local/lib/python3.12/site-packages/airflow/example_dags/example_branch_labels.py
[2024-09-11T13:47:51.680+0000] {logging_mixin.py:190} INFO - [2024-09-11T13:47:51.680+0000] {dag.py:3229} INFO - Sync 1 DAGs
[2024-09-11T13:47:51.694+0000] {logging_mixin.py:190} INFO - [2024-09-11T13:47:51.694+0000] {dag.py:4156} INFO - Setting next_dagrun for example_branch_labels to 2024-09-10 00:00:00+00:00, run_after=2024-09-11 00:00:00+00:00
[2024-09-11T13:47:51.702+0000] {processor.py:208} INFO - Processing /home/airflow/.local/lib/python3.12/site-packages/airflow/example_dags/example_branch_labels.py took 0.055 seconds
[2024-09-11T13:48:21.871+0000] {processor.py:186} INFO - Started process (PID=953) to work on /home/airflow/.local/lib/python3.12/site-packages/airflow/example_dags/example_branch_labels.py
[2024-09-11T13:48:21.872+0000] {processor.py:914} INFO - Processing file /home/airflow/.local/lib/python3.12/site-packages/airflow/example_dags/example_branch_labels.py for tasks to queue
[2024-09-11T13:48:21.874+0000] {logging_mixin.py:190} INFO - [2024-09-11T13:48:21.874+0000] {dagbag.py:587} INFO - Filling up the DagBag from /home/airflow/.local/lib/python3.12/site-packages/airflow/example_dags/example_branch_labels.py
[2024-09-11T13:48:21.882+0000] {processor.py:925} INFO - DAG(s) 'example_branch_labels' retrieved from /home/airflow/.local/lib/python3.12/site-packages/airflow/example_dags/example_branch_labels.py
[2024-09-11T13:48:21.898+0000] {logging_mixin.py:190} INFO - [2024-09-11T13:48:21.897+0000] {dag.py:3229} INFO - Sync 1 DAGs
[2024-09-11T13:48:21.915+0000] {logging_mixin.py:190} INFO - [2024-09-11T13:48:21.915+0000] {dag.py:4156} INFO - Setting next_dagrun for example_branch_labels to 2024-09-10 00:00:00+00:00, run_after=2024-09-11 00:00:00+00:00
[2024-09-11T13:48:21.924+0000] {processor.py:208} INFO - Processing /home/airflow/.local/lib/python3.12/site-packages/airflow/example_dags/example_branch_labels.py took 0.059 seconds
[2024-09-11T13:48:52.103+0000] {processor.py:186} INFO - Started process (PID=1009) to work on /home/airflow/.local/lib/python3.12/site-packages/airflow/example_dags/example_branch_labels.py
[2024-09-11T13:48:52.104+0000] {processor.py:914} INFO - Processing file /home/airflow/.local/lib/python3.12/site-packages/airflow/example_dags/example_branch_labels.py for tasks to queue
[2024-09-11T13:48:52.107+0000] {logging_mixin.py:190} INFO - [2024-09-11T13:48:52.107+0000] {dagbag.py:587} INFO - Filling up the DagBag from /home/airflow/.local/lib/python3.12/site-packages/airflow/example_dags/example_branch_labels.py
[2024-09-11T13:48:52.116+0000] {processor.py:925} INFO - DAG(s) 'example_branch_labels' retrieved from /home/airflow/.local/lib/python3.12/site-packages/airflow/example_dags/example_branch_labels.py
[2024-09-11T13:48:52.131+0000] {logging_mixin.py:190} INFO - [2024-09-11T13:48:52.131+0000] {dag.py:3229} INFO - Sync 1 DAGs
[2024-09-11T13:48:52.146+0000] {logging_mixin.py:190} INFO - [2024-09-11T13:48:52.146+0000] {dag.py:4156} INFO - Setting next_dagrun for example_branch_labels to 2024-09-10 00:00:00+00:00, run_after=2024-09-11 00:00:00+00:00
[2024-09-11T13:48:52.154+0000] {processor.py:208} INFO - Processing /home/airflow/.local/lib/python3.12/site-packages/airflow/example_dags/example_branch_labels.py took 0.059 seconds
[2024-09-11T13:49:22.300+0000] {processor.py:186} INFO - Started process (PID=1065) to work on /home/airflow/.local/lib/python3.12/site-packages/airflow/example_dags/example_branch_labels.py
[2024-09-11T13:49:22.301+0000] {processor.py:914} INFO - Processing file /home/airflow/.local/lib/python3.12/site-packages/airflow/example_dags/example_branch_labels.py for tasks to queue
[2024-09-11T13:49:22.303+0000] {logging_mixin.py:190} INFO - [2024-09-11T13:49:22.303+0000] {dagbag.py:587} INFO - Filling up the DagBag from /home/airflow/.local/lib/python3.12/site-packages/airflow/example_dags/example_branch_labels.py
[2024-09-11T13:49:22.310+0000] {processor.py:925} INFO - DAG(s) 'example_branch_labels' retrieved from /home/airflow/.local/lib/python3.12/site-packages/airflow/example_dags/example_branch_labels.py
[2024-09-11T13:49:22.325+0000] {logging_mixin.py:190} INFO - [2024-09-11T13:49:22.325+0000] {dag.py:3229} INFO - Sync 1 DAGs
[2024-09-11T13:49:22.338+0000] {logging_mixin.py:190} INFO - [2024-09-11T13:49:22.338+0000] {dag.py:4156} INFO - Setting next_dagrun for example_branch_labels to 2024-09-10 00:00:00+00:00, run_after=2024-09-11 00:00:00+00:00
[2024-09-11T13:49:22.347+0000] {processor.py:208} INFO - Processing /home/airflow/.local/lib/python3.12/site-packages/airflow/example_dags/example_branch_labels.py took 0.053 seconds
[2024-09-11T13:49:52.581+0000] {processor.py:186} INFO - Started process (PID=1121) to work on /home/airflow/.local/lib/python3.12/site-packages/airflow/example_dags/example_branch_labels.py
[2024-09-11T13:49:52.582+0000] {processor.py:914} INFO - Processing file /home/airflow/.local/lib/python3.12/site-packages/airflow/example_dags/example_branch_labels.py for tasks to queue
[2024-09-11T13:49:52.585+0000] {logging_mixin.py:190} INFO - [2024-09-11T13:49:52.584+0000] {dagbag.py:587} INFO - Filling up the DagBag from /home/airflow/.local/lib/python3.12/site-packages/airflow/example_dags/example_branch_labels.py
[2024-09-11T13:49:52.593+0000] {processor.py:925} INFO - DAG(s) 'example_branch_labels' retrieved from /home/airflow/.local/lib/python3.12/site-packages/airflow/example_dags/example_branch_labels.py
[2024-09-11T13:49:52.609+0000] {logging_mixin.py:190} INFO - [2024-09-11T13:49:52.608+0000] {dag.py:3229} INFO - Sync 1 DAGs
[2024-09-11T13:49:52.622+0000] {logging_mixin.py:190} INFO - [2024-09-11T13:49:52.622+0000] {dag.py:4156} INFO - Setting next_dagrun for example_branch_labels to 2024-09-10 00:00:00+00:00, run_after=2024-09-11 00:00:00+00:00
[2024-09-11T13:49:52.631+0000] {processor.py:208} INFO - Processing /home/airflow/.local/lib/python3.12/site-packages/airflow/example_dags/example_branch_labels.py took 0.059 seconds
[2024-09-11T13:50:22.908+0000] {processor.py:186} INFO - Started process (PID=1177) to work on /home/airflow/.local/lib/python3.12/site-packages/airflow/example_dags/example_branch_labels.py
[2024-09-11T13:50:22.909+0000] {processor.py:914} INFO - Processing file /home/airflow/.local/lib/python3.12/site-packages/airflow/example_dags/example_branch_labels.py for tasks to queue
[2024-09-11T13:50:22.912+0000] {logging_mixin.py:190} INFO - [2024-09-11T13:50:22.911+0000] {dagbag.py:587} INFO - Filling up the DagBag from /home/airflow/.local/lib/python3.12/site-packages/airflow/example_dags/example_branch_labels.py
[2024-09-11T13:50:22.921+0000] {processor.py:925} INFO - DAG(s) 'example_branch_labels' retrieved from /home/airflow/.local/lib/python3.12/site-packages/airflow/example_dags/example_branch_labels.py
[2024-09-11T13:50:22.936+0000] {logging_mixin.py:190} INFO - [2024-09-11T13:50:22.936+0000] {dag.py:3229} INFO - Sync 1 DAGs
[2024-09-11T13:50:22.951+0000] {logging_mixin.py:190} INFO - [2024-09-11T13:50:22.950+0000] {dag.py:4156} INFO - Setting next_dagrun for example_branch_labels to 2024-09-10 00:00:00+00:00, run_after=2024-09-11 00:00:00+00:00
[2024-09-11T13:50:22.959+0000] {processor.py:208} INFO - Processing /home/airflow/.local/lib/python3.12/site-packages/airflow/example_dags/example_branch_labels.py took 0.058 seconds
[2024-09-11T13:50:53.179+0000] {processor.py:186} INFO - Started process (PID=1233) to work on /home/airflow/.local/lib/python3.12/site-packages/airflow/example_dags/example_branch_labels.py
[2024-09-11T13:50:53.180+0000] {processor.py:914} INFO - Processing file /home/airflow/.local/lib/python3.12/site-packages/airflow/example_dags/example_branch_labels.py for tasks to queue
[2024-09-11T13:50:53.182+0000] {logging_mixin.py:190} INFO - [2024-09-11T13:50:53.182+0000] {dagbag.py:587} INFO - Filling up the DagBag from /home/airflow/.local/lib/python3.12/site-packages/airflow/example_dags/example_branch_labels.py
[2024-09-11T13:50:53.189+0000] {processor.py:925} INFO - DAG(s) 'example_branch_labels' retrieved from /home/airflow/.local/lib/python3.12/site-packages/airflow/example_dags/example_branch_labels.py
[2024-09-11T13:50:53.201+0000] {logging_mixin.py:190} INFO - [2024-09-11T13:50:53.201+0000] {dag.py:3229} INFO - Sync 1 DAGs
[2024-09-11T13:50:53.213+0000] {logging_mixin.py:190} INFO - [2024-09-11T13:50:53.213+0000] {dag.py:4156} INFO - Setting next_dagrun for example_branch_labels to 2024-09-10 00:00:00+00:00, run_after=2024-09-11 00:00:00+00:00
[2024-09-11T13:50:53.221+0000] {processor.py:208} INFO - Processing /home/airflow/.local/lib/python3.12/site-packages/airflow/example_dags/example_branch_labels.py took 0.047 seconds
[2024-09-11T13:51:23.306+0000] {processor.py:186} INFO - Started process (PID=1289) to work on /home/airflow/.local/lib/python3.12/site-packages/airflow/example_dags/example_branch_labels.py
[2024-09-11T13:51:23.307+0000] {processor.py:914} INFO - Processing file /home/airflow/.local/lib/python3.12/site-packages/airflow/example_dags/example_branch_labels.py for tasks to queue
[2024-09-11T13:51:23.308+0000] {logging_mixin.py:190} INFO - [2024-09-11T13:51:23.308+0000] {dagbag.py:587} INFO - Filling up the DagBag from /home/airflow/.local/lib/python3.12/site-packages/airflow/example_dags/example_branch_labels.py
[2024-09-11T13:51:23.315+0000] {processor.py:925} INFO - DAG(s) 'example_branch_labels' retrieved from /home/airflow/.local/lib/python3.12/site-packages/airflow/example_dags/example_branch_labels.py
[2024-09-11T13:51:23.327+0000] {logging_mixin.py:190} INFO - [2024-09-11T13:51:23.327+0000] {dag.py:3229} INFO - Sync 1 DAGs
[2024-09-11T13:51:23.340+0000] {logging_mixin.py:190} INFO - [2024-09-11T13:51:23.339+0000] {dag.py:4156} INFO - Setting next_dagrun for example_branch_labels to 2024-09-10 00:00:00+00:00, run_after=2024-09-11 00:00:00+00:00
[2024-09-11T13:51:23.348+0000] {processor.py:208} INFO - Processing /home/airflow/.local/lib/python3.12/site-packages/airflow/example_dags/example_branch_labels.py took 0.047 seconds
[2024-09-11T13:51:53.549+0000] {processor.py:186} INFO - Started process (PID=1345) to work on /home/airflow/.local/lib/python3.12/site-packages/airflow/example_dags/example_branch_labels.py
[2024-09-11T13:51:53.553+0000] {processor.py:914} INFO - Processing file /home/airflow/.local/lib/python3.12/site-packages/airflow/example_dags/example_branch_labels.py for tasks to queue
[2024-09-11T13:51:53.555+0000] {logging_mixin.py:190} INFO - [2024-09-11T13:51:53.555+0000] {dagbag.py:587} INFO - Filling up the DagBag from /home/airflow/.local/lib/python3.12/site-packages/airflow/example_dags/example_branch_labels.py
[2024-09-11T13:51:53.563+0000] {processor.py:925} INFO - DAG(s) 'example_branch_labels' retrieved from /home/airflow/.local/lib/python3.12/site-packages/airflow/example_dags/example_branch_labels.py
[2024-09-11T13:51:53.577+0000] {logging_mixin.py:190} INFO - [2024-09-11T13:51:53.577+0000] {dag.py:3229} INFO - Sync 1 DAGs
[2024-09-11T13:51:53.590+0000] {logging_mixin.py:190} INFO - [2024-09-11T13:51:53.590+0000] {dag.py:4156} INFO - Setting next_dagrun for example_branch_labels to 2024-09-10 00:00:00+00:00, run_after=2024-09-11 00:00:00+00:00
[2024-09-11T13:51:53.599+0000] {processor.py:208} INFO - Processing /home/airflow/.local/lib/python3.12/site-packages/airflow/example_dags/example_branch_labels.py took 0.056 seconds
[2024-09-11T13:52:23.753+0000] {processor.py:186} INFO - Started process (PID=1401) to work on /home/airflow/.local/lib/python3.12/site-packages/airflow/example_dags/example_branch_labels.py
[2024-09-11T13:52:23.754+0000] {processor.py:914} INFO - Processing file /home/airflow/.local/lib/python3.12/site-packages/airflow/example_dags/example_branch_labels.py for tasks to queue
[2024-09-11T13:52:23.757+0000] {logging_mixin.py:190} INFO - [2024-09-11T13:52:23.756+0000] {dagbag.py:587} INFO - Filling up the DagBag from /home/airflow/.local/lib/python3.12/site-packages/airflow/example_dags/example_branch_labels.py
[2024-09-11T13:52:23.766+0000] {processor.py:925} INFO - DAG(s) 'example_branch_labels' retrieved from /home/airflow/.local/lib/python3.12/site-packages/airflow/example_dags/example_branch_labels.py
[2024-09-11T13:52:23.797+0000] {logging_mixin.py:190} INFO - [2024-09-11T13:52:23.796+0000] {dag.py:3229} INFO - Sync 1 DAGs
[2024-09-11T13:52:23.809+0000] {logging_mixin.py:190} INFO - [2024-09-11T13:52:23.808+0000] {dag.py:4156} INFO - Setting next_dagrun for example_branch_labels to 2024-09-10 00:00:00+00:00, run_after=2024-09-11 00:00:00+00:00
[2024-09-11T13:52:23.817+0000] {processor.py:208} INFO - Processing /home/airflow/.local/lib/python3.12/site-packages/airflow/example_dags/example_branch_labels.py took 0.072 seconds
[2024-09-11T13:52:54.590+0000] {processor.py:186} INFO - Started process (PID=1457) to work on /home/airflow/.local/lib/python3.12/site-packages/airflow/example_dags/example_branch_labels.py
[2024-09-11T13:52:54.592+0000] {processor.py:914} INFO - Processing file /home/airflow/.local/lib/python3.12/site-packages/airflow/example_dags/example_branch_labels.py for tasks to queue
[2024-09-11T13:52:54.595+0000] {logging_mixin.py:190} INFO - [2024-09-11T13:52:54.594+0000] {dagbag.py:587} INFO - Filling up the DagBag from /home/airflow/.local/lib/python3.12/site-packages/airflow/example_dags/example_branch_labels.py
[2024-09-11T13:52:54.604+0000] {processor.py:925} INFO - DAG(s) 'example_branch_labels' retrieved from /home/airflow/.local/lib/python3.12/site-packages/airflow/example_dags/example_branch_labels.py
[2024-09-11T13:52:54.620+0000] {logging_mixin.py:190} INFO - [2024-09-11T13:52:54.620+0000] {dag.py:3229} INFO - Sync 1 DAGs
[2024-09-11T13:52:54.635+0000] {logging_mixin.py:190} INFO - [2024-09-11T13:52:54.635+0000] {dag.py:4156} INFO - Setting next_dagrun for example_branch_labels to 2024-09-10 00:00:00+00:00, run_after=2024-09-11 00:00:00+00:00
[2024-09-11T13:52:54.644+0000] {processor.py:208} INFO - Processing /home/airflow/.local/lib/python3.12/site-packages/airflow/example_dags/example_branch_labels.py took 0.060 seconds
[2024-09-11T13:53:25.058+0000] {processor.py:186} INFO - Started process (PID=1513) to work on /home/airflow/.local/lib/python3.12/site-packages/airflow/example_dags/example_branch_labels.py
[2024-09-11T13:53:25.059+0000] {processor.py:914} INFO - Processing file /home/airflow/.local/lib/python3.12/site-packages/airflow/example_dags/example_branch_labels.py for tasks to queue
[2024-09-11T13:53:25.062+0000] {logging_mixin.py:190} INFO - [2024-09-11T13:53:25.062+0000] {dagbag.py:587} INFO - Filling up the DagBag from /home/airflow/.local/lib/python3.12/site-packages/airflow/example_dags/example_branch_labels.py
[2024-09-11T13:53:25.072+0000] {processor.py:925} INFO - DAG(s) 'example_branch_labels' retrieved from /home/airflow/.local/lib/python3.12/site-packages/airflow/example_dags/example_branch_labels.py
[2024-09-11T13:53:25.087+0000] {logging_mixin.py:190} INFO - [2024-09-11T13:53:25.086+0000] {dag.py:3229} INFO - Sync 1 DAGs
[2024-09-11T13:53:25.102+0000] {logging_mixin.py:190} INFO - [2024-09-11T13:53:25.101+0000] {dag.py:4156} INFO - Setting next_dagrun for example_branch_labels to 2024-09-10 00:00:00+00:00, run_after=2024-09-11 00:00:00+00:00
[2024-09-11T13:53:25.111+0000] {processor.py:208} INFO - Processing /home/airflow/.local/lib/python3.12/site-packages/airflow/example_dags/example_branch_labels.py took 0.060 seconds
[2024-09-11T13:53:55.730+0000] {processor.py:186} INFO - Started process (PID=1569) to work on /home/airflow/.local/lib/python3.12/site-packages/airflow/example_dags/example_branch_labels.py
[2024-09-11T13:53:55.731+0000] {processor.py:914} INFO - Processing file /home/airflow/.local/lib/python3.12/site-packages/airflow/example_dags/example_branch_labels.py for tasks to queue
[2024-09-11T13:53:55.734+0000] {logging_mixin.py:190} INFO - [2024-09-11T13:53:55.733+0000] {dagbag.py:587} INFO - Filling up the DagBag from /home/airflow/.local/lib/python3.12/site-packages/airflow/example_dags/example_branch_labels.py
[2024-09-11T13:53:55.744+0000] {processor.py:925} INFO - DAG(s) 'example_branch_labels' retrieved from /home/airflow/.local/lib/python3.12/site-packages/airflow/example_dags/example_branch_labels.py
[2024-09-11T13:53:55.760+0000] {logging_mixin.py:190} INFO - [2024-09-11T13:53:55.760+0000] {dag.py:3229} INFO - Sync 1 DAGs
[2024-09-11T13:53:55.774+0000] {logging_mixin.py:190} INFO - [2024-09-11T13:53:55.774+0000] {dag.py:4156} INFO - Setting next_dagrun for example_branch_labels to 2024-09-10 00:00:00+00:00, run_after=2024-09-11 00:00:00+00:00
[2024-09-11T13:53:55.783+0000] {processor.py:208} INFO - Processing /home/airflow/.local/lib/python3.12/site-packages/airflow/example_dags/example_branch_labels.py took 0.062 seconds
[2024-09-11T13:54:26.071+0000] {processor.py:186} INFO - Started process (PID=1625) to work on /home/airflow/.local/lib/python3.12/site-packages/airflow/example_dags/example_branch_labels.py
[2024-09-11T13:54:26.073+0000] {processor.py:914} INFO - Processing file /home/airflow/.local/lib/python3.12/site-packages/airflow/example_dags/example_branch_labels.py for tasks to queue
[2024-09-11T13:54:26.075+0000] {logging_mixin.py:190} INFO - [2024-09-11T13:54:26.075+0000] {dagbag.py:587} INFO - Filling up the DagBag from /home/airflow/.local/lib/python3.12/site-packages/airflow/example_dags/example_branch_labels.py
[2024-09-11T13:54:26.083+0000] {processor.py:925} INFO - DAG(s) 'example_branch_labels' retrieved from /home/airflow/.local/lib/python3.12/site-packages/airflow/example_dags/example_branch_labels.py
[2024-09-11T13:54:26.099+0000] {logging_mixin.py:190} INFO - [2024-09-11T13:54:26.098+0000] {dag.py:3229} INFO - Sync 1 DAGs
[2024-09-11T13:54:26.113+0000] {logging_mixin.py:190} INFO - [2024-09-11T13:54:26.112+0000] {dag.py:4156} INFO - Setting next_dagrun for example_branch_labels to 2024-09-10 00:00:00+00:00, run_after=2024-09-11 00:00:00+00:00
[2024-09-11T13:54:26.121+0000] {processor.py:208} INFO - Processing /home/airflow/.local/lib/python3.12/site-packages/airflow/example_dags/example_branch_labels.py took 0.056 seconds
[2024-09-11T13:54:56.427+0000] {processor.py:186} INFO - Started process (PID=1681) to work on /home/airflow/.local/lib/python3.12/site-packages/airflow/example_dags/example_branch_labels.py
[2024-09-11T13:54:56.428+0000] {processor.py:914} INFO - Processing file /home/airflow/.local/lib/python3.12/site-packages/airflow/example_dags/example_branch_labels.py for tasks to queue
[2024-09-11T13:54:56.431+0000] {logging_mixin.py:190} INFO - [2024-09-11T13:54:56.430+0000] {dagbag.py:587} INFO - Filling up the DagBag from /home/airflow/.local/lib/python3.12/site-packages/airflow/example_dags/example_branch_labels.py
[2024-09-11T13:54:56.439+0000] {processor.py:925} INFO - DAG(s) 'example_branch_labels' retrieved from /home/airflow/.local/lib/python3.12/site-packages/airflow/example_dags/example_branch_labels.py
[2024-09-11T13:54:56.455+0000] {logging_mixin.py:190} INFO - [2024-09-11T13:54:56.455+0000] {dag.py:3229} INFO - Sync 1 DAGs
[2024-09-11T13:54:56.471+0000] {logging_mixin.py:190} INFO - [2024-09-11T13:54:56.470+0000] {dag.py:4156} INFO - Setting next_dagrun for example_branch_labels to 2024-09-10 00:00:00+00:00, run_after=2024-09-11 00:00:00+00:00
[2024-09-11T13:54:56.480+0000] {processor.py:208} INFO - Processing /home/airflow/.local/lib/python3.12/site-packages/airflow/example_dags/example_branch_labels.py took 0.059 seconds
[2024-09-11T13:55:26.793+0000] {processor.py:186} INFO - Started process (PID=1737) to work on /home/airflow/.local/lib/python3.12/site-packages/airflow/example_dags/example_branch_labels.py
[2024-09-11T13:55:26.797+0000] {processor.py:914} INFO - Processing file /home/airflow/.local/lib/python3.12/site-packages/airflow/example_dags/example_branch_labels.py for tasks to queue
[2024-09-11T13:55:26.799+0000] {logging_mixin.py:190} INFO - [2024-09-11T13:55:26.799+0000] {dagbag.py:587} INFO - Filling up the DagBag from /home/airflow/.local/lib/python3.12/site-packages/airflow/example_dags/example_branch_labels.py
[2024-09-11T13:55:26.808+0000] {processor.py:925} INFO - DAG(s) 'example_branch_labels' retrieved from /home/airflow/.local/lib/python3.12/site-packages/airflow/example_dags/example_branch_labels.py
[2024-09-11T13:55:26.822+0000] {logging_mixin.py:190} INFO - [2024-09-11T13:55:26.822+0000] {dag.py:3229} INFO - Sync 1 DAGs
[2024-09-11T13:55:26.836+0000] {logging_mixin.py:190} INFO - [2024-09-11T13:55:26.836+0000] {dag.py:4156} INFO - Setting next_dagrun for example_branch_labels to 2024-09-10 00:00:00+00:00, run_after=2024-09-11 00:00:00+00:00
[2024-09-11T13:55:26.844+0000] {processor.py:208} INFO - Processing /home/airflow/.local/lib/python3.12/site-packages/airflow/example_dags/example_branch_labels.py took 0.058 seconds
[2024-09-11T13:55:57.120+0000] {processor.py:186} INFO - Started process (PID=1793) to work on /home/airflow/.local/lib/python3.12/site-packages/airflow/example_dags/example_branch_labels.py
[2024-09-11T13:55:57.121+0000] {processor.py:914} INFO - Processing file /home/airflow/.local/lib/python3.12/site-packages/airflow/example_dags/example_branch_labels.py for tasks to queue
[2024-09-11T13:55:57.123+0000] {logging_mixin.py:190} INFO - [2024-09-11T13:55:57.123+0000] {dagbag.py:587} INFO - Filling up the DagBag from /home/airflow/.local/lib/python3.12/site-packages/airflow/example_dags/example_branch_labels.py
[2024-09-11T13:55:57.131+0000] {processor.py:925} INFO - DAG(s) 'example_branch_labels' retrieved from /home/airflow/.local/lib/python3.12/site-packages/airflow/example_dags/example_branch_labels.py
[2024-09-11T13:55:57.146+0000] {logging_mixin.py:190} INFO - [2024-09-11T13:55:57.146+0000] {dag.py:3229} INFO - Sync 1 DAGs
[2024-09-11T13:55:57.161+0000] {logging_mixin.py:190} INFO - [2024-09-11T13:55:57.161+0000] {dag.py:4156} INFO - Setting next_dagrun for example_branch_labels to 2024-09-10 00:00:00+00:00, run_after=2024-09-11 00:00:00+00:00
[2024-09-11T13:55:57.170+0000] {processor.py:208} INFO - Processing /home/airflow/.local/lib/python3.12/site-packages/airflow/example_dags/example_branch_labels.py took 0.056 seconds
[2024-09-11T13:56:27.474+0000] {processor.py:186} INFO - Started process (PID=1849) to work on /home/airflow/.local/lib/python3.12/site-packages/airflow/example_dags/example_branch_labels.py
[2024-09-11T13:56:27.475+0000] {processor.py:914} INFO - Processing file /home/airflow/.local/lib/python3.12/site-packages/airflow/example_dags/example_branch_labels.py for tasks to queue
[2024-09-11T13:56:27.478+0000] {logging_mixin.py:190} INFO - [2024-09-11T13:56:27.477+0000] {dagbag.py:587} INFO - Filling up the DagBag from /home/airflow/.local/lib/python3.12/site-packages/airflow/example_dags/example_branch_labels.py
[2024-09-11T13:56:27.486+0000] {processor.py:925} INFO - DAG(s) 'example_branch_labels' retrieved from /home/airflow/.local/lib/python3.12/site-packages/airflow/example_dags/example_branch_labels.py
[2024-09-11T13:56:27.501+0000] {logging_mixin.py:190} INFO - [2024-09-11T13:56:27.501+0000] {dag.py:3229} INFO - Sync 1 DAGs
[2024-09-11T13:56:27.515+0000] {logging_mixin.py:190} INFO - [2024-09-11T13:56:27.515+0000] {dag.py:4156} INFO - Setting next_dagrun for example_branch_labels to 2024-09-10 00:00:00+00:00, run_after=2024-09-11 00:00:00+00:00
[2024-09-11T13:56:27.525+0000] {processor.py:208} INFO - Processing /home/airflow/.local/lib/python3.12/site-packages/airflow/example_dags/example_branch_labels.py took 0.057 seconds
[2024-09-11T13:56:57.808+0000] {processor.py:186} INFO - Started process (PID=1905) to work on /home/airflow/.local/lib/python3.12/site-packages/airflow/example_dags/example_branch_labels.py
[2024-09-11T13:56:57.809+0000] {processor.py:914} INFO - Processing file /home/airflow/.local/lib/python3.12/site-packages/airflow/example_dags/example_branch_labels.py for tasks to queue
[2024-09-11T13:56:57.811+0000] {logging_mixin.py:190} INFO - [2024-09-11T13:56:57.810+0000] {dagbag.py:587} INFO - Filling up the DagBag from /home/airflow/.local/lib/python3.12/site-packages/airflow/example_dags/example_branch_labels.py
[2024-09-11T13:56:57.818+0000] {processor.py:925} INFO - DAG(s) 'example_branch_labels' retrieved from /home/airflow/.local/lib/python3.12/site-packages/airflow/example_dags/example_branch_labels.py
[2024-09-11T13:56:57.832+0000] {logging_mixin.py:190} INFO - [2024-09-11T13:56:57.832+0000] {dag.py:3229} INFO - Sync 1 DAGs
[2024-09-11T13:56:57.845+0000] {logging_mixin.py:190} INFO - [2024-09-11T13:56:57.845+0000] {dag.py:4156} INFO - Setting next_dagrun for example_branch_labels to 2024-09-10 00:00:00+00:00, run_after=2024-09-11 00:00:00+00:00
[2024-09-11T13:56:57.854+0000] {processor.py:208} INFO - Processing /home/airflow/.local/lib/python3.12/site-packages/airflow/example_dags/example_branch_labels.py took 0.051 seconds
[2024-09-11T13:57:28.179+0000] {processor.py:186} INFO - Started process (PID=1961) to work on /home/airflow/.local/lib/python3.12/site-packages/airflow/example_dags/example_branch_labels.py
[2024-09-11T13:57:28.180+0000] {processor.py:914} INFO - Processing file /home/airflow/.local/lib/python3.12/site-packages/airflow/example_dags/example_branch_labels.py for tasks to queue
[2024-09-11T13:57:28.183+0000] {logging_mixin.py:190} INFO - [2024-09-11T13:57:28.183+0000] {dagbag.py:587} INFO - Filling up the DagBag from /home/airflow/.local/lib/python3.12/site-packages/airflow/example_dags/example_branch_labels.py
[2024-09-11T13:57:28.192+0000] {processor.py:925} INFO - DAG(s) 'example_branch_labels' retrieved from /home/airflow/.local/lib/python3.12/site-packages/airflow/example_dags/example_branch_labels.py
[2024-09-11T13:57:28.209+0000] {logging_mixin.py:190} INFO - [2024-09-11T13:57:28.209+0000] {dag.py:3229} INFO - Sync 1 DAGs
[2024-09-11T13:57:28.224+0000] {logging_mixin.py:190} INFO - [2024-09-11T13:57:28.224+0000] {dag.py:4156} INFO - Setting next_dagrun for example_branch_labels to 2024-09-10 00:00:00+00:00, run_after=2024-09-11 00:00:00+00:00
[2024-09-11T13:57:28.233+0000] {processor.py:208} INFO - Processing /home/airflow/.local/lib/python3.12/site-packages/airflow/example_dags/example_branch_labels.py took 0.059 seconds
[2024-09-11T13:57:58.621+0000] {processor.py:186} INFO - Started process (PID=2017) to work on /home/airflow/.local/lib/python3.12/site-packages/airflow/example_dags/example_branch_labels.py
[2024-09-11T13:57:58.623+0000] {processor.py:914} INFO - Processing file /home/airflow/.local/lib/python3.12/site-packages/airflow/example_dags/example_branch_labels.py for tasks to queue
[2024-09-11T13:57:58.626+0000] {logging_mixin.py:190} INFO - [2024-09-11T13:57:58.626+0000] {dagbag.py:587} INFO - Filling up the DagBag from /home/airflow/.local/lib/python3.12/site-packages/airflow/example_dags/example_branch_labels.py
[2024-09-11T13:57:58.638+0000] {processor.py:925} INFO - DAG(s) 'example_branch_labels' retrieved from /home/airflow/.local/lib/python3.12/site-packages/airflow/example_dags/example_branch_labels.py
[2024-09-11T13:57:58.655+0000] {logging_mixin.py:190} INFO - [2024-09-11T13:57:58.655+0000] {dag.py:3229} INFO - Sync 1 DAGs
[2024-09-11T13:57:58.671+0000] {logging_mixin.py:190} INFO - [2024-09-11T13:57:58.670+0000] {dag.py:4156} INFO - Setting next_dagrun for example_branch_labels to 2024-09-10 00:00:00+00:00, run_after=2024-09-11 00:00:00+00:00
[2024-09-11T13:57:58.679+0000] {processor.py:208} INFO - Processing /home/airflow/.local/lib/python3.12/site-packages/airflow/example_dags/example_branch_labels.py took 0.066 seconds
[2024-09-11T13:58:29.219+0000] {processor.py:186} INFO - Started process (PID=2073) to work on /home/airflow/.local/lib/python3.12/site-packages/airflow/example_dags/example_branch_labels.py
[2024-09-11T13:58:29.220+0000] {processor.py:914} INFO - Processing file /home/airflow/.local/lib/python3.12/site-packages/airflow/example_dags/example_branch_labels.py for tasks to queue
[2024-09-11T13:58:29.222+0000] {logging_mixin.py:190} INFO - [2024-09-11T13:58:29.222+0000] {dagbag.py:587} INFO - Filling up the DagBag from /home/airflow/.local/lib/python3.12/site-packages/airflow/example_dags/example_branch_labels.py
[2024-09-11T13:58:29.231+0000] {processor.py:925} INFO - DAG(s) 'example_branch_labels' retrieved from /home/airflow/.local/lib/python3.12/site-packages/airflow/example_dags/example_branch_labels.py
[2024-09-11T13:58:29.247+0000] {logging_mixin.py:190} INFO - [2024-09-11T13:58:29.246+0000] {dag.py:3229} INFO - Sync 1 DAGs
[2024-09-11T13:58:29.261+0000] {logging_mixin.py:190} INFO - [2024-09-11T13:58:29.261+0000] {dag.py:4156} INFO - Setting next_dagrun for example_branch_labels to 2024-09-10 00:00:00+00:00, run_after=2024-09-11 00:00:00+00:00
[2024-09-11T13:58:29.270+0000] {processor.py:208} INFO - Processing /home/airflow/.local/lib/python3.12/site-packages/airflow/example_dags/example_branch_labels.py took 0.057 seconds
