[2024-09-11T13:40:14.733+0000] {processor.py:186} INFO - Started process (PID=47) to work on /home/airflow/.local/lib/python3.12/site-packages/airflow/example_dags/example_bash_decorator.py
[2024-09-11T13:40:14.734+0000] {processor.py:914} INFO - Processing file /home/airflow/.local/lib/python3.12/site-packages/airflow/example_dags/example_bash_decorator.py for tasks to queue
[2024-09-11T13:40:14.738+0000] {logging_mixin.py:190} INFO - [2024-09-11T13:40:14.737+0000] {dagbag.py:587} INFO - Filling up the DagBag from /home/airflow/.local/lib/python3.12/site-packages/airflow/example_dags/example_bash_decorator.py
[2024-09-11T13:40:14.763+0000] {processor.py:925} INFO - DAG(s) 'example_bash_decorator' retrieved from /home/airflow/.local/lib/python3.12/site-packages/airflow/example_dags/example_bash_decorator.py
[2024-09-11T13:40:14.862+0000] {logging_mixin.py:190} INFO - [2024-09-11T13:40:14.861+0000] {override.py:1900} INFO - Created Permission View: can read on DAG:example_bash_decorator
[2024-09-11T13:40:14.868+0000] {logging_mixin.py:190} INFO - [2024-09-11T13:40:14.868+0000] {override.py:1900} INFO - Created Permission View: can delete on DAG:example_bash_decorator
[2024-09-11T13:40:14.872+0000] {logging_mixin.py:190} INFO - [2024-09-11T13:40:14.871+0000] {override.py:1900} INFO - Created Permission View: can edit on DAG:example_bash_decorator
[2024-09-11T13:40:14.877+0000] {logging_mixin.py:190} INFO - [2024-09-11T13:40:14.877+0000] {override.py:1900} INFO - Created Permission View: can read on DAG Run:example_bash_decorator
[2024-09-11T13:40:14.881+0000] {logging_mixin.py:190} INFO - [2024-09-11T13:40:14.881+0000] {override.py:1900} INFO - Created Permission View: can create on DAG Run:example_bash_decorator
[2024-09-11T13:40:14.884+0000] {logging_mixin.py:190} INFO - [2024-09-11T13:40:14.884+0000] {override.py:1900} INFO - Created Permission View: menu access on DAG Run:example_bash_decorator
[2024-09-11T13:40:14.888+0000] {logging_mixin.py:190} INFO - [2024-09-11T13:40:14.887+0000] {override.py:1900} INFO - Created Permission View: can delete on DAG Run:example_bash_decorator
[2024-09-11T13:40:14.888+0000] {logging_mixin.py:190} INFO - [2024-09-11T13:40:14.888+0000] {dag.py:3229} INFO - Sync 1 DAGs
[2024-09-11T13:40:14.898+0000] {logging_mixin.py:190} INFO - [2024-09-11T13:40:14.898+0000] {dag.py:3252} INFO - Creating ORM DAG for example_bash_decorator
[2024-09-11T13:40:14.899+0000] {logging_mixin.py:190} INFO - [2024-09-11T13:40:14.899+0000] {dag.py:4156} INFO - Setting next_dagrun for example_bash_decorator to None, run_after=None
[2024-09-11T13:40:14.919+0000] {processor.py:208} INFO - Processing /home/airflow/.local/lib/python3.12/site-packages/airflow/example_dags/example_bash_decorator.py took 0.192 seconds
[2024-09-11T13:40:45.835+0000] {processor.py:186} INFO - Started process (PID=103) to work on /home/airflow/.local/lib/python3.12/site-packages/airflow/example_dags/example_bash_decorator.py
[2024-09-11T13:40:45.841+0000] {processor.py:914} INFO - Processing file /home/airflow/.local/lib/python3.12/site-packages/airflow/example_dags/example_bash_decorator.py for tasks to queue
[2024-09-11T13:40:45.843+0000] {logging_mixin.py:190} INFO - [2024-09-11T13:40:45.843+0000] {dagbag.py:587} INFO - Filling up the DagBag from /home/airflow/.local/lib/python3.12/site-packages/airflow/example_dags/example_bash_decorator.py
[2024-09-11T13:40:45.867+0000] {processor.py:925} INFO - DAG(s) 'example_bash_decorator' retrieved from /home/airflow/.local/lib/python3.12/site-packages/airflow/example_dags/example_bash_decorator.py
[2024-09-11T13:40:45.891+0000] {logging_mixin.py:190} INFO - [2024-09-11T13:40:45.890+0000] {dag.py:3229} INFO - Sync 1 DAGs
[2024-09-11T13:40:45.908+0000] {logging_mixin.py:190} INFO - [2024-09-11T13:40:45.907+0000] {dag.py:4156} INFO - Setting next_dagrun for example_bash_decorator to None, run_after=None
[2024-09-11T13:40:45.934+0000] {processor.py:208} INFO - Processing /home/airflow/.local/lib/python3.12/site-packages/airflow/example_dags/example_bash_decorator.py took 0.109 seconds
[2024-09-11T13:41:16.822+0000] {processor.py:186} INFO - Started process (PID=159) to work on /home/airflow/.local/lib/python3.12/site-packages/airflow/example_dags/example_bash_decorator.py
[2024-09-11T13:41:16.823+0000] {processor.py:914} INFO - Processing file /home/airflow/.local/lib/python3.12/site-packages/airflow/example_dags/example_bash_decorator.py for tasks to queue
[2024-09-11T13:41:16.825+0000] {logging_mixin.py:190} INFO - [2024-09-11T13:41:16.825+0000] {dagbag.py:587} INFO - Filling up the DagBag from /home/airflow/.local/lib/python3.12/site-packages/airflow/example_dags/example_bash_decorator.py
[2024-09-11T13:41:16.836+0000] {processor.py:925} INFO - DAG(s) 'example_bash_decorator' retrieved from /home/airflow/.local/lib/python3.12/site-packages/airflow/example_dags/example_bash_decorator.py
[2024-09-11T13:41:16.859+0000] {logging_mixin.py:190} INFO - [2024-09-11T13:41:16.859+0000] {dag.py:3229} INFO - Sync 1 DAGs
[2024-09-11T13:41:16.872+0000] {logging_mixin.py:190} INFO - [2024-09-11T13:41:16.872+0000] {dag.py:4156} INFO - Setting next_dagrun for example_bash_decorator to None, run_after=None
[2024-09-11T13:41:16.884+0000] {processor.py:208} INFO - Processing /home/airflow/.local/lib/python3.12/site-packages/airflow/example_dags/example_bash_decorator.py took 0.066 seconds
[2024-09-11T13:41:47.277+0000] {processor.py:186} INFO - Started process (PID=215) to work on /home/airflow/.local/lib/python3.12/site-packages/airflow/example_dags/example_bash_decorator.py
[2024-09-11T13:41:47.278+0000] {processor.py:914} INFO - Processing file /home/airflow/.local/lib/python3.12/site-packages/airflow/example_dags/example_bash_decorator.py for tasks to queue
[2024-09-11T13:41:47.279+0000] {logging_mixin.py:190} INFO - [2024-09-11T13:41:47.279+0000] {dagbag.py:587} INFO - Filling up the DagBag from /home/airflow/.local/lib/python3.12/site-packages/airflow/example_dags/example_bash_decorator.py
[2024-09-11T13:41:47.287+0000] {processor.py:925} INFO - DAG(s) 'example_bash_decorator' retrieved from /home/airflow/.local/lib/python3.12/site-packages/airflow/example_dags/example_bash_decorator.py
[2024-09-11T13:41:47.300+0000] {logging_mixin.py:190} INFO - [2024-09-11T13:41:47.300+0000] {dag.py:3229} INFO - Sync 1 DAGs
[2024-09-11T13:41:47.309+0000] {logging_mixin.py:190} INFO - [2024-09-11T13:41:47.308+0000] {dag.py:4156} INFO - Setting next_dagrun for example_bash_decorator to None, run_after=None
[2024-09-11T13:41:47.317+0000] {processor.py:208} INFO - Processing /home/airflow/.local/lib/python3.12/site-packages/airflow/example_dags/example_bash_decorator.py took 0.044 seconds
[2024-09-11T13:42:17.772+0000] {processor.py:186} INFO - Started process (PID=271) to work on /home/airflow/.local/lib/python3.12/site-packages/airflow/example_dags/example_bash_decorator.py
[2024-09-11T13:42:17.773+0000] {processor.py:914} INFO - Processing file /home/airflow/.local/lib/python3.12/site-packages/airflow/example_dags/example_bash_decorator.py for tasks to queue
[2024-09-11T13:42:17.774+0000] {logging_mixin.py:190} INFO - [2024-09-11T13:42:17.774+0000] {dagbag.py:587} INFO - Filling up the DagBag from /home/airflow/.local/lib/python3.12/site-packages/airflow/example_dags/example_bash_decorator.py
[2024-09-11T13:42:17.781+0000] {processor.py:925} INFO - DAG(s) 'example_bash_decorator' retrieved from /home/airflow/.local/lib/python3.12/site-packages/airflow/example_dags/example_bash_decorator.py
[2024-09-11T13:42:17.793+0000] {logging_mixin.py:190} INFO - [2024-09-11T13:42:17.793+0000] {dag.py:3229} INFO - Sync 1 DAGs
[2024-09-11T13:42:17.799+0000] {logging_mixin.py:190} INFO - [2024-09-11T13:42:17.799+0000] {dag.py:4156} INFO - Setting next_dagrun for example_bash_decorator to None, run_after=None
[2024-09-11T13:42:17.807+0000] {processor.py:208} INFO - Processing /home/airflow/.local/lib/python3.12/site-packages/airflow/example_dags/example_bash_decorator.py took 0.038 seconds
[2024-09-11T13:42:47.947+0000] {processor.py:186} INFO - Started process (PID=327) to work on /home/airflow/.local/lib/python3.12/site-packages/airflow/example_dags/example_bash_decorator.py
[2024-09-11T13:42:47.948+0000] {processor.py:914} INFO - Processing file /home/airflow/.local/lib/python3.12/site-packages/airflow/example_dags/example_bash_decorator.py for tasks to queue
[2024-09-11T13:42:47.949+0000] {logging_mixin.py:190} INFO - [2024-09-11T13:42:47.949+0000] {dagbag.py:587} INFO - Filling up the DagBag from /home/airflow/.local/lib/python3.12/site-packages/airflow/example_dags/example_bash_decorator.py
[2024-09-11T13:42:47.957+0000] {processor.py:925} INFO - DAG(s) 'example_bash_decorator' retrieved from /home/airflow/.local/lib/python3.12/site-packages/airflow/example_dags/example_bash_decorator.py
[2024-09-11T13:42:47.968+0000] {logging_mixin.py:190} INFO - [2024-09-11T13:42:47.968+0000] {dag.py:3229} INFO - Sync 1 DAGs
[2024-09-11T13:42:47.975+0000] {logging_mixin.py:190} INFO - [2024-09-11T13:42:47.975+0000] {dag.py:4156} INFO - Setting next_dagrun for example_bash_decorator to None, run_after=None
[2024-09-11T13:42:47.983+0000] {processor.py:208} INFO - Processing /home/airflow/.local/lib/python3.12/site-packages/airflow/example_dags/example_bash_decorator.py took 0.039 seconds
[2024-09-11T13:43:18.237+0000] {processor.py:186} INFO - Started process (PID=383) to work on /home/airflow/.local/lib/python3.12/site-packages/airflow/example_dags/example_bash_decorator.py
[2024-09-11T13:43:18.238+0000] {processor.py:914} INFO - Processing file /home/airflow/.local/lib/python3.12/site-packages/airflow/example_dags/example_bash_decorator.py for tasks to queue
[2024-09-11T13:43:18.239+0000] {logging_mixin.py:190} INFO - [2024-09-11T13:43:18.239+0000] {dagbag.py:587} INFO - Filling up the DagBag from /home/airflow/.local/lib/python3.12/site-packages/airflow/example_dags/example_bash_decorator.py
[2024-09-11T13:43:18.247+0000] {processor.py:925} INFO - DAG(s) 'example_bash_decorator' retrieved from /home/airflow/.local/lib/python3.12/site-packages/airflow/example_dags/example_bash_decorator.py
[2024-09-11T13:43:18.257+0000] {logging_mixin.py:190} INFO - [2024-09-11T13:43:18.257+0000] {dag.py:3229} INFO - Sync 1 DAGs
[2024-09-11T13:43:18.264+0000] {logging_mixin.py:190} INFO - [2024-09-11T13:43:18.264+0000] {dag.py:4156} INFO - Setting next_dagrun for example_bash_decorator to None, run_after=None
[2024-09-11T13:43:18.274+0000] {processor.py:208} INFO - Processing /home/airflow/.local/lib/python3.12/site-packages/airflow/example_dags/example_bash_decorator.py took 0.040 seconds
[2024-09-11T13:43:48.412+0000] {processor.py:186} INFO - Started process (PID=439) to work on /home/airflow/.local/lib/python3.12/site-packages/airflow/example_dags/example_bash_decorator.py
[2024-09-11T13:43:48.413+0000] {processor.py:914} INFO - Processing file /home/airflow/.local/lib/python3.12/site-packages/airflow/example_dags/example_bash_decorator.py for tasks to queue
[2024-09-11T13:43:48.414+0000] {logging_mixin.py:190} INFO - [2024-09-11T13:43:48.414+0000] {dagbag.py:587} INFO - Filling up the DagBag from /home/airflow/.local/lib/python3.12/site-packages/airflow/example_dags/example_bash_decorator.py
[2024-09-11T13:43:48.421+0000] {processor.py:925} INFO - DAG(s) 'example_bash_decorator' retrieved from /home/airflow/.local/lib/python3.12/site-packages/airflow/example_dags/example_bash_decorator.py
[2024-09-11T13:43:48.432+0000] {logging_mixin.py:190} INFO - [2024-09-11T13:43:48.432+0000] {dag.py:3229} INFO - Sync 1 DAGs
[2024-09-11T13:43:48.439+0000] {logging_mixin.py:190} INFO - [2024-09-11T13:43:48.438+0000] {dag.py:4156} INFO - Setting next_dagrun for example_bash_decorator to None, run_after=None
[2024-09-11T13:43:48.446+0000] {processor.py:208} INFO - Processing /home/airflow/.local/lib/python3.12/site-packages/airflow/example_dags/example_bash_decorator.py took 0.037 seconds
[2024-09-11T13:44:18.678+0000] {processor.py:186} INFO - Started process (PID=495) to work on /home/airflow/.local/lib/python3.12/site-packages/airflow/example_dags/example_bash_decorator.py
[2024-09-11T13:44:18.679+0000] {processor.py:914} INFO - Processing file /home/airflow/.local/lib/python3.12/site-packages/airflow/example_dags/example_bash_decorator.py for tasks to queue
[2024-09-11T13:44:18.680+0000] {logging_mixin.py:190} INFO - [2024-09-11T13:44:18.680+0000] {dagbag.py:587} INFO - Filling up the DagBag from /home/airflow/.local/lib/python3.12/site-packages/airflow/example_dags/example_bash_decorator.py
[2024-09-11T13:44:18.688+0000] {processor.py:925} INFO - DAG(s) 'example_bash_decorator' retrieved from /home/airflow/.local/lib/python3.12/site-packages/airflow/example_dags/example_bash_decorator.py
[2024-09-11T13:44:18.699+0000] {logging_mixin.py:190} INFO - [2024-09-11T13:44:18.699+0000] {dag.py:3229} INFO - Sync 1 DAGs
[2024-09-11T13:44:18.705+0000] {logging_mixin.py:190} INFO - [2024-09-11T13:44:18.705+0000] {dag.py:4156} INFO - Setting next_dagrun for example_bash_decorator to None, run_after=None
[2024-09-11T13:44:18.713+0000] {processor.py:208} INFO - Processing /home/airflow/.local/lib/python3.12/site-packages/airflow/example_dags/example_bash_decorator.py took 0.038 seconds
[2024-09-11T13:44:48.933+0000] {processor.py:186} INFO - Started process (PID=551) to work on /home/airflow/.local/lib/python3.12/site-packages/airflow/example_dags/example_bash_decorator.py
[2024-09-11T13:44:48.934+0000] {processor.py:914} INFO - Processing file /home/airflow/.local/lib/python3.12/site-packages/airflow/example_dags/example_bash_decorator.py for tasks to queue
[2024-09-11T13:44:48.935+0000] {logging_mixin.py:190} INFO - [2024-09-11T13:44:48.935+0000] {dagbag.py:587} INFO - Filling up the DagBag from /home/airflow/.local/lib/python3.12/site-packages/airflow/example_dags/example_bash_decorator.py
[2024-09-11T13:44:48.943+0000] {processor.py:925} INFO - DAG(s) 'example_bash_decorator' retrieved from /home/airflow/.local/lib/python3.12/site-packages/airflow/example_dags/example_bash_decorator.py
[2024-09-11T13:44:48.954+0000] {logging_mixin.py:190} INFO - [2024-09-11T13:44:48.954+0000] {dag.py:3229} INFO - Sync 1 DAGs
[2024-09-11T13:44:48.960+0000] {logging_mixin.py:190} INFO - [2024-09-11T13:44:48.960+0000] {dag.py:4156} INFO - Setting next_dagrun for example_bash_decorator to None, run_after=None
[2024-09-11T13:44:48.968+0000] {processor.py:208} INFO - Processing /home/airflow/.local/lib/python3.12/site-packages/airflow/example_dags/example_bash_decorator.py took 0.038 seconds
[2024-09-11T13:45:19.220+0000] {processor.py:186} INFO - Started process (PID=607) to work on /home/airflow/.local/lib/python3.12/site-packages/airflow/example_dags/example_bash_decorator.py
[2024-09-11T13:45:19.221+0000] {processor.py:914} INFO - Processing file /home/airflow/.local/lib/python3.12/site-packages/airflow/example_dags/example_bash_decorator.py for tasks to queue
[2024-09-11T13:45:19.222+0000] {logging_mixin.py:190} INFO - [2024-09-11T13:45:19.222+0000] {dagbag.py:587} INFO - Filling up the DagBag from /home/airflow/.local/lib/python3.12/site-packages/airflow/example_dags/example_bash_decorator.py
[2024-09-11T13:45:19.231+0000] {processor.py:925} INFO - DAG(s) 'example_bash_decorator' retrieved from /home/airflow/.local/lib/python3.12/site-packages/airflow/example_dags/example_bash_decorator.py
[2024-09-11T13:45:19.244+0000] {logging_mixin.py:190} INFO - [2024-09-11T13:45:19.243+0000] {dag.py:3229} INFO - Sync 1 DAGs
[2024-09-11T13:45:19.251+0000] {logging_mixin.py:190} INFO - [2024-09-11T13:45:19.250+0000] {dag.py:4156} INFO - Setting next_dagrun for example_bash_decorator to None, run_after=None
[2024-09-11T13:45:19.260+0000] {processor.py:208} INFO - Processing /home/airflow/.local/lib/python3.12/site-packages/airflow/example_dags/example_bash_decorator.py took 0.044 seconds
[2024-09-11T13:45:49.393+0000] {processor.py:186} INFO - Started process (PID=663) to work on /home/airflow/.local/lib/python3.12/site-packages/airflow/example_dags/example_bash_decorator.py
[2024-09-11T13:45:49.393+0000] {processor.py:914} INFO - Processing file /home/airflow/.local/lib/python3.12/site-packages/airflow/example_dags/example_bash_decorator.py for tasks to queue
[2024-09-11T13:45:49.395+0000] {logging_mixin.py:190} INFO - [2024-09-11T13:45:49.395+0000] {dagbag.py:587} INFO - Filling up the DagBag from /home/airflow/.local/lib/python3.12/site-packages/airflow/example_dags/example_bash_decorator.py
[2024-09-11T13:45:49.406+0000] {processor.py:925} INFO - DAG(s) 'example_bash_decorator' retrieved from /home/airflow/.local/lib/python3.12/site-packages/airflow/example_dags/example_bash_decorator.py
[2024-09-11T13:45:49.421+0000] {logging_mixin.py:190} INFO - [2024-09-11T13:45:49.421+0000] {dag.py:3229} INFO - Sync 1 DAGs
[2024-09-11T13:45:49.428+0000] {logging_mixin.py:190} INFO - [2024-09-11T13:45:49.428+0000] {dag.py:4156} INFO - Setting next_dagrun for example_bash_decorator to None, run_after=None
[2024-09-11T13:45:49.437+0000] {processor.py:208} INFO - Processing /home/airflow/.local/lib/python3.12/site-packages/airflow/example_dags/example_bash_decorator.py took 0.049 seconds
[2024-09-11T13:46:19.540+0000] {processor.py:186} INFO - Started process (PID=719) to work on /home/airflow/.local/lib/python3.12/site-packages/airflow/example_dags/example_bash_decorator.py
[2024-09-11T13:46:19.540+0000] {processor.py:914} INFO - Processing file /home/airflow/.local/lib/python3.12/site-packages/airflow/example_dags/example_bash_decorator.py for tasks to queue
[2024-09-11T13:46:19.542+0000] {logging_mixin.py:190} INFO - [2024-09-11T13:46:19.542+0000] {dagbag.py:587} INFO - Filling up the DagBag from /home/airflow/.local/lib/python3.12/site-packages/airflow/example_dags/example_bash_decorator.py
[2024-09-11T13:46:19.549+0000] {processor.py:925} INFO - DAG(s) 'example_bash_decorator' retrieved from /home/airflow/.local/lib/python3.12/site-packages/airflow/example_dags/example_bash_decorator.py
[2024-09-11T13:46:19.561+0000] {logging_mixin.py:190} INFO - [2024-09-11T13:46:19.561+0000] {dag.py:3229} INFO - Sync 1 DAGs
[2024-09-11T13:46:19.567+0000] {logging_mixin.py:190} INFO - [2024-09-11T13:46:19.567+0000] {dag.py:4156} INFO - Setting next_dagrun for example_bash_decorator to None, run_after=None
[2024-09-11T13:46:19.575+0000] {processor.py:208} INFO - Processing /home/airflow/.local/lib/python3.12/site-packages/airflow/example_dags/example_bash_decorator.py took 0.038 seconds
[2024-09-11T13:46:49.902+0000] {processor.py:186} INFO - Started process (PID=775) to work on /home/airflow/.local/lib/python3.12/site-packages/airflow/example_dags/example_bash_decorator.py
[2024-09-11T13:46:49.902+0000] {processor.py:914} INFO - Processing file /home/airflow/.local/lib/python3.12/site-packages/airflow/example_dags/example_bash_decorator.py for tasks to queue
[2024-09-11T13:46:49.903+0000] {logging_mixin.py:190} INFO - [2024-09-11T13:46:49.903+0000] {dagbag.py:587} INFO - Filling up the DagBag from /home/airflow/.local/lib/python3.12/site-packages/airflow/example_dags/example_bash_decorator.py
[2024-09-11T13:46:49.911+0000] {processor.py:925} INFO - DAG(s) 'example_bash_decorator' retrieved from /home/airflow/.local/lib/python3.12/site-packages/airflow/example_dags/example_bash_decorator.py
[2024-09-11T13:46:49.922+0000] {logging_mixin.py:190} INFO - [2024-09-11T13:46:49.922+0000] {dag.py:3229} INFO - Sync 1 DAGs
[2024-09-11T13:46:49.929+0000] {logging_mixin.py:190} INFO - [2024-09-11T13:46:49.929+0000] {dag.py:4156} INFO - Setting next_dagrun for example_bash_decorator to None, run_after=None
[2024-09-11T13:46:49.937+0000] {processor.py:208} INFO - Processing /home/airflow/.local/lib/python3.12/site-packages/airflow/example_dags/example_bash_decorator.py took 0.038 seconds
[2024-09-11T13:47:20.074+0000] {processor.py:186} INFO - Started process (PID=831) to work on /home/airflow/.local/lib/python3.12/site-packages/airflow/example_dags/example_bash_decorator.py
[2024-09-11T13:47:20.074+0000] {processor.py:914} INFO - Processing file /home/airflow/.local/lib/python3.12/site-packages/airflow/example_dags/example_bash_decorator.py for tasks to queue
[2024-09-11T13:47:20.076+0000] {logging_mixin.py:190} INFO - [2024-09-11T13:47:20.076+0000] {dagbag.py:587} INFO - Filling up the DagBag from /home/airflow/.local/lib/python3.12/site-packages/airflow/example_dags/example_bash_decorator.py
[2024-09-11T13:47:20.083+0000] {processor.py:925} INFO - DAG(s) 'example_bash_decorator' retrieved from /home/airflow/.local/lib/python3.12/site-packages/airflow/example_dags/example_bash_decorator.py
[2024-09-11T13:47:20.097+0000] {logging_mixin.py:190} INFO - [2024-09-11T13:47:20.097+0000] {dag.py:3229} INFO - Sync 1 DAGs
[2024-09-11T13:47:20.104+0000] {logging_mixin.py:190} INFO - [2024-09-11T13:47:20.104+0000] {dag.py:4156} INFO - Setting next_dagrun for example_bash_decorator to None, run_after=None
[2024-09-11T13:47:20.113+0000] {processor.py:208} INFO - Processing /home/airflow/.local/lib/python3.12/site-packages/airflow/example_dags/example_bash_decorator.py took 0.042 seconds
[2024-09-11T13:47:50.293+0000] {processor.py:186} INFO - Started process (PID=887) to work on /home/airflow/.local/lib/python3.12/site-packages/airflow/example_dags/example_bash_decorator.py
[2024-09-11T13:47:50.294+0000] {processor.py:914} INFO - Processing file /home/airflow/.local/lib/python3.12/site-packages/airflow/example_dags/example_bash_decorator.py for tasks to queue
[2024-09-11T13:47:50.295+0000] {logging_mixin.py:190} INFO - [2024-09-11T13:47:50.295+0000] {dagbag.py:587} INFO - Filling up the DagBag from /home/airflow/.local/lib/python3.12/site-packages/airflow/example_dags/example_bash_decorator.py
[2024-09-11T13:47:50.302+0000] {processor.py:925} INFO - DAG(s) 'example_bash_decorator' retrieved from /home/airflow/.local/lib/python3.12/site-packages/airflow/example_dags/example_bash_decorator.py
[2024-09-11T13:47:50.314+0000] {logging_mixin.py:190} INFO - [2024-09-11T13:47:50.314+0000] {dag.py:3229} INFO - Sync 1 DAGs
[2024-09-11T13:47:50.322+0000] {logging_mixin.py:190} INFO - [2024-09-11T13:47:50.322+0000] {dag.py:4156} INFO - Setting next_dagrun for example_bash_decorator to None, run_after=None
[2024-09-11T13:47:50.331+0000] {processor.py:208} INFO - Processing /home/airflow/.local/lib/python3.12/site-packages/airflow/example_dags/example_bash_decorator.py took 0.041 seconds
[2024-09-11T13:48:20.452+0000] {processor.py:186} INFO - Started process (PID=943) to work on /home/airflow/.local/lib/python3.12/site-packages/airflow/example_dags/example_bash_decorator.py
[2024-09-11T13:48:20.453+0000] {processor.py:914} INFO - Processing file /home/airflow/.local/lib/python3.12/site-packages/airflow/example_dags/example_bash_decorator.py for tasks to queue
[2024-09-11T13:48:20.455+0000] {logging_mixin.py:190} INFO - [2024-09-11T13:48:20.455+0000] {dagbag.py:587} INFO - Filling up the DagBag from /home/airflow/.local/lib/python3.12/site-packages/airflow/example_dags/example_bash_decorator.py
[2024-09-11T13:48:20.464+0000] {processor.py:925} INFO - DAG(s) 'example_bash_decorator' retrieved from /home/airflow/.local/lib/python3.12/site-packages/airflow/example_dags/example_bash_decorator.py
[2024-09-11T13:48:20.478+0000] {logging_mixin.py:190} INFO - [2024-09-11T13:48:20.477+0000] {dag.py:3229} INFO - Sync 1 DAGs
[2024-09-11T13:48:20.484+0000] {logging_mixin.py:190} INFO - [2024-09-11T13:48:20.484+0000] {dag.py:4156} INFO - Setting next_dagrun for example_bash_decorator to None, run_after=None
[2024-09-11T13:48:20.494+0000] {processor.py:208} INFO - Processing /home/airflow/.local/lib/python3.12/site-packages/airflow/example_dags/example_bash_decorator.py took 0.045 seconds
[2024-09-11T13:48:50.784+0000] {processor.py:186} INFO - Started process (PID=999) to work on /home/airflow/.local/lib/python3.12/site-packages/airflow/example_dags/example_bash_decorator.py
[2024-09-11T13:48:50.785+0000] {processor.py:914} INFO - Processing file /home/airflow/.local/lib/python3.12/site-packages/airflow/example_dags/example_bash_decorator.py for tasks to queue
[2024-09-11T13:48:50.788+0000] {logging_mixin.py:190} INFO - [2024-09-11T13:48:50.787+0000] {dagbag.py:587} INFO - Filling up the DagBag from /home/airflow/.local/lib/python3.12/site-packages/airflow/example_dags/example_bash_decorator.py
[2024-09-11T13:48:50.795+0000] {processor.py:925} INFO - DAG(s) 'example_bash_decorator' retrieved from /home/airflow/.local/lib/python3.12/site-packages/airflow/example_dags/example_bash_decorator.py
[2024-09-11T13:48:50.808+0000] {logging_mixin.py:190} INFO - [2024-09-11T13:48:50.808+0000] {dag.py:3229} INFO - Sync 1 DAGs
[2024-09-11T13:48:50.816+0000] {logging_mixin.py:190} INFO - [2024-09-11T13:48:50.816+0000] {dag.py:4156} INFO - Setting next_dagrun for example_bash_decorator to None, run_after=None
[2024-09-11T13:48:50.824+0000] {processor.py:208} INFO - Processing /home/airflow/.local/lib/python3.12/site-packages/airflow/example_dags/example_bash_decorator.py took 0.044 seconds
[2024-09-11T13:49:20.915+0000] {processor.py:186} INFO - Started process (PID=1055) to work on /home/airflow/.local/lib/python3.12/site-packages/airflow/example_dags/example_bash_decorator.py
[2024-09-11T13:49:20.916+0000] {processor.py:914} INFO - Processing file /home/airflow/.local/lib/python3.12/site-packages/airflow/example_dags/example_bash_decorator.py for tasks to queue
[2024-09-11T13:49:20.917+0000] {logging_mixin.py:190} INFO - [2024-09-11T13:49:20.917+0000] {dagbag.py:587} INFO - Filling up the DagBag from /home/airflow/.local/lib/python3.12/site-packages/airflow/example_dags/example_bash_decorator.py
[2024-09-11T13:49:20.925+0000] {processor.py:925} INFO - DAG(s) 'example_bash_decorator' retrieved from /home/airflow/.local/lib/python3.12/site-packages/airflow/example_dags/example_bash_decorator.py
[2024-09-11T13:49:20.936+0000] {logging_mixin.py:190} INFO - [2024-09-11T13:49:20.936+0000] {dag.py:3229} INFO - Sync 1 DAGs
[2024-09-11T13:49:20.942+0000] {logging_mixin.py:190} INFO - [2024-09-11T13:49:20.942+0000] {dag.py:4156} INFO - Setting next_dagrun for example_bash_decorator to None, run_after=None
[2024-09-11T13:49:20.950+0000] {processor.py:208} INFO - Processing /home/airflow/.local/lib/python3.12/site-packages/airflow/example_dags/example_bash_decorator.py took 0.038 seconds
[2024-09-11T13:49:51.148+0000] {processor.py:186} INFO - Started process (PID=1111) to work on /home/airflow/.local/lib/python3.12/site-packages/airflow/example_dags/example_bash_decorator.py
[2024-09-11T13:49:51.149+0000] {processor.py:914} INFO - Processing file /home/airflow/.local/lib/python3.12/site-packages/airflow/example_dags/example_bash_decorator.py for tasks to queue
[2024-09-11T13:49:51.151+0000] {logging_mixin.py:190} INFO - [2024-09-11T13:49:51.150+0000] {dagbag.py:587} INFO - Filling up the DagBag from /home/airflow/.local/lib/python3.12/site-packages/airflow/example_dags/example_bash_decorator.py
[2024-09-11T13:49:51.159+0000] {processor.py:925} INFO - DAG(s) 'example_bash_decorator' retrieved from /home/airflow/.local/lib/python3.12/site-packages/airflow/example_dags/example_bash_decorator.py
[2024-09-11T13:49:51.170+0000] {logging_mixin.py:190} INFO - [2024-09-11T13:49:51.170+0000] {dag.py:3229} INFO - Sync 1 DAGs
[2024-09-11T13:49:51.178+0000] {logging_mixin.py:190} INFO - [2024-09-11T13:49:51.178+0000] {dag.py:4156} INFO - Setting next_dagrun for example_bash_decorator to None, run_after=None
[2024-09-11T13:49:51.187+0000] {processor.py:208} INFO - Processing /home/airflow/.local/lib/python3.12/site-packages/airflow/example_dags/example_bash_decorator.py took 0.042 seconds
[2024-09-11T13:50:21.518+0000] {processor.py:186} INFO - Started process (PID=1167) to work on /home/airflow/.local/lib/python3.12/site-packages/airflow/example_dags/example_bash_decorator.py
[2024-09-11T13:50:21.518+0000] {processor.py:914} INFO - Processing file /home/airflow/.local/lib/python3.12/site-packages/airflow/example_dags/example_bash_decorator.py for tasks to queue
[2024-09-11T13:50:21.520+0000] {logging_mixin.py:190} INFO - [2024-09-11T13:50:21.520+0000] {dagbag.py:587} INFO - Filling up the DagBag from /home/airflow/.local/lib/python3.12/site-packages/airflow/example_dags/example_bash_decorator.py
[2024-09-11T13:50:21.527+0000] {processor.py:925} INFO - DAG(s) 'example_bash_decorator' retrieved from /home/airflow/.local/lib/python3.12/site-packages/airflow/example_dags/example_bash_decorator.py
[2024-09-11T13:50:21.538+0000] {logging_mixin.py:190} INFO - [2024-09-11T13:50:21.538+0000] {dag.py:3229} INFO - Sync 1 DAGs
[2024-09-11T13:50:21.544+0000] {logging_mixin.py:190} INFO - [2024-09-11T13:50:21.544+0000] {dag.py:4156} INFO - Setting next_dagrun for example_bash_decorator to None, run_after=None
[2024-09-11T13:50:21.552+0000] {processor.py:208} INFO - Processing /home/airflow/.local/lib/python3.12/site-packages/airflow/example_dags/example_bash_decorator.py took 0.038 seconds
[2024-09-11T13:50:51.811+0000] {processor.py:186} INFO - Started process (PID=1223) to work on /home/airflow/.local/lib/python3.12/site-packages/airflow/example_dags/example_bash_decorator.py
[2024-09-11T13:50:51.812+0000] {processor.py:914} INFO - Processing file /home/airflow/.local/lib/python3.12/site-packages/airflow/example_dags/example_bash_decorator.py for tasks to queue
[2024-09-11T13:50:51.813+0000] {logging_mixin.py:190} INFO - [2024-09-11T13:50:51.813+0000] {dagbag.py:587} INFO - Filling up the DagBag from /home/airflow/.local/lib/python3.12/site-packages/airflow/example_dags/example_bash_decorator.py
[2024-09-11T13:50:51.820+0000] {processor.py:925} INFO - DAG(s) 'example_bash_decorator' retrieved from /home/airflow/.local/lib/python3.12/site-packages/airflow/example_dags/example_bash_decorator.py
[2024-09-11T13:50:51.832+0000] {logging_mixin.py:190} INFO - [2024-09-11T13:50:51.832+0000] {dag.py:3229} INFO - Sync 1 DAGs
[2024-09-11T13:50:51.839+0000] {logging_mixin.py:190} INFO - [2024-09-11T13:50:51.838+0000] {dag.py:4156} INFO - Setting next_dagrun for example_bash_decorator to None, run_after=None
[2024-09-11T13:50:51.846+0000] {processor.py:208} INFO - Processing /home/airflow/.local/lib/python3.12/site-packages/airflow/example_dags/example_bash_decorator.py took 0.038 seconds
[2024-09-11T13:51:21.932+0000] {processor.py:186} INFO - Started process (PID=1279) to work on /home/airflow/.local/lib/python3.12/site-packages/airflow/example_dags/example_bash_decorator.py
[2024-09-11T13:51:21.933+0000] {processor.py:914} INFO - Processing file /home/airflow/.local/lib/python3.12/site-packages/airflow/example_dags/example_bash_decorator.py for tasks to queue
[2024-09-11T13:51:21.934+0000] {logging_mixin.py:190} INFO - [2024-09-11T13:51:21.934+0000] {dagbag.py:587} INFO - Filling up the DagBag from /home/airflow/.local/lib/python3.12/site-packages/airflow/example_dags/example_bash_decorator.py
[2024-09-11T13:51:21.943+0000] {processor.py:925} INFO - DAG(s) 'example_bash_decorator' retrieved from /home/airflow/.local/lib/python3.12/site-packages/airflow/example_dags/example_bash_decorator.py
[2024-09-11T13:51:21.955+0000] {logging_mixin.py:190} INFO - [2024-09-11T13:51:21.955+0000] {dag.py:3229} INFO - Sync 1 DAGs
[2024-09-11T13:51:21.962+0000] {logging_mixin.py:190} INFO - [2024-09-11T13:51:21.962+0000] {dag.py:4156} INFO - Setting next_dagrun for example_bash_decorator to None, run_after=None
[2024-09-11T13:51:21.970+0000] {processor.py:208} INFO - Processing /home/airflow/.local/lib/python3.12/site-packages/airflow/example_dags/example_bash_decorator.py took 0.042 seconds
[2024-09-11T13:51:52.218+0000] {processor.py:186} INFO - Started process (PID=1335) to work on /home/airflow/.local/lib/python3.12/site-packages/airflow/example_dags/example_bash_decorator.py
[2024-09-11T13:51:52.219+0000] {processor.py:914} INFO - Processing file /home/airflow/.local/lib/python3.12/site-packages/airflow/example_dags/example_bash_decorator.py for tasks to queue
[2024-09-11T13:51:52.220+0000] {logging_mixin.py:190} INFO - [2024-09-11T13:51:52.220+0000] {dagbag.py:587} INFO - Filling up the DagBag from /home/airflow/.local/lib/python3.12/site-packages/airflow/example_dags/example_bash_decorator.py
[2024-09-11T13:51:52.227+0000] {processor.py:925} INFO - DAG(s) 'example_bash_decorator' retrieved from /home/airflow/.local/lib/python3.12/site-packages/airflow/example_dags/example_bash_decorator.py
[2024-09-11T13:51:52.238+0000] {logging_mixin.py:190} INFO - [2024-09-11T13:51:52.238+0000] {dag.py:3229} INFO - Sync 1 DAGs
[2024-09-11T13:51:52.246+0000] {logging_mixin.py:190} INFO - [2024-09-11T13:51:52.246+0000] {dag.py:4156} INFO - Setting next_dagrun for example_bash_decorator to None, run_after=None
[2024-09-11T13:51:52.255+0000] {processor.py:208} INFO - Processing /home/airflow/.local/lib/python3.12/site-packages/airflow/example_dags/example_bash_decorator.py took 0.040 seconds
[2024-09-11T13:52:22.433+0000] {processor.py:186} INFO - Started process (PID=1391) to work on /home/airflow/.local/lib/python3.12/site-packages/airflow/example_dags/example_bash_decorator.py
[2024-09-11T13:52:22.433+0000] {processor.py:914} INFO - Processing file /home/airflow/.local/lib/python3.12/site-packages/airflow/example_dags/example_bash_decorator.py for tasks to queue
[2024-09-11T13:52:22.435+0000] {logging_mixin.py:190} INFO - [2024-09-11T13:52:22.435+0000] {dagbag.py:587} INFO - Filling up the DagBag from /home/airflow/.local/lib/python3.12/site-packages/airflow/example_dags/example_bash_decorator.py
[2024-09-11T13:52:22.444+0000] {processor.py:925} INFO - DAG(s) 'example_bash_decorator' retrieved from /home/airflow/.local/lib/python3.12/site-packages/airflow/example_dags/example_bash_decorator.py
[2024-09-11T13:52:22.456+0000] {logging_mixin.py:190} INFO - [2024-09-11T13:52:22.456+0000] {dag.py:3229} INFO - Sync 1 DAGs
[2024-09-11T13:52:22.463+0000] {logging_mixin.py:190} INFO - [2024-09-11T13:52:22.463+0000] {dag.py:4156} INFO - Setting next_dagrun for example_bash_decorator to None, run_after=None
[2024-09-11T13:52:22.471+0000] {processor.py:208} INFO - Processing /home/airflow/.local/lib/python3.12/site-packages/airflow/example_dags/example_bash_decorator.py took 0.042 seconds
[2024-09-11T13:52:53.183+0000] {processor.py:186} INFO - Started process (PID=1447) to work on /home/airflow/.local/lib/python3.12/site-packages/airflow/example_dags/example_bash_decorator.py
[2024-09-11T13:52:53.184+0000] {processor.py:914} INFO - Processing file /home/airflow/.local/lib/python3.12/site-packages/airflow/example_dags/example_bash_decorator.py for tasks to queue
[2024-09-11T13:52:53.186+0000] {logging_mixin.py:190} INFO - [2024-09-11T13:52:53.185+0000] {dagbag.py:587} INFO - Filling up the DagBag from /home/airflow/.local/lib/python3.12/site-packages/airflow/example_dags/example_bash_decorator.py
[2024-09-11T13:52:53.195+0000] {processor.py:925} INFO - DAG(s) 'example_bash_decorator' retrieved from /home/airflow/.local/lib/python3.12/site-packages/airflow/example_dags/example_bash_decorator.py
[2024-09-11T13:52:53.207+0000] {logging_mixin.py:190} INFO - [2024-09-11T13:52:53.207+0000] {dag.py:3229} INFO - Sync 1 DAGs
[2024-09-11T13:52:53.216+0000] {logging_mixin.py:190} INFO - [2024-09-11T13:52:53.215+0000] {dag.py:4156} INFO - Setting next_dagrun for example_bash_decorator to None, run_after=None
[2024-09-11T13:52:53.225+0000] {processor.py:208} INFO - Processing /home/airflow/.local/lib/python3.12/site-packages/airflow/example_dags/example_bash_decorator.py took 0.045 seconds
[2024-09-11T13:53:23.651+0000] {processor.py:186} INFO - Started process (PID=1503) to work on /home/airflow/.local/lib/python3.12/site-packages/airflow/example_dags/example_bash_decorator.py
[2024-09-11T13:53:23.651+0000] {processor.py:914} INFO - Processing file /home/airflow/.local/lib/python3.12/site-packages/airflow/example_dags/example_bash_decorator.py for tasks to queue
[2024-09-11T13:53:23.653+0000] {logging_mixin.py:190} INFO - [2024-09-11T13:53:23.653+0000] {dagbag.py:587} INFO - Filling up the DagBag from /home/airflow/.local/lib/python3.12/site-packages/airflow/example_dags/example_bash_decorator.py
[2024-09-11T13:53:23.660+0000] {processor.py:925} INFO - DAG(s) 'example_bash_decorator' retrieved from /home/airflow/.local/lib/python3.12/site-packages/airflow/example_dags/example_bash_decorator.py
[2024-09-11T13:53:23.672+0000] {logging_mixin.py:190} INFO - [2024-09-11T13:53:23.672+0000] {dag.py:3229} INFO - Sync 1 DAGs
[2024-09-11T13:53:23.680+0000] {logging_mixin.py:190} INFO - [2024-09-11T13:53:23.680+0000] {dag.py:4156} INFO - Setting next_dagrun for example_bash_decorator to None, run_after=None
[2024-09-11T13:53:23.689+0000] {processor.py:208} INFO - Processing /home/airflow/.local/lib/python3.12/site-packages/airflow/example_dags/example_bash_decorator.py took 0.041 seconds
[2024-09-11T13:53:54.257+0000] {processor.py:186} INFO - Started process (PID=1559) to work on /home/airflow/.local/lib/python3.12/site-packages/airflow/example_dags/example_bash_decorator.py
[2024-09-11T13:53:54.258+0000] {processor.py:914} INFO - Processing file /home/airflow/.local/lib/python3.12/site-packages/airflow/example_dags/example_bash_decorator.py for tasks to queue
[2024-09-11T13:53:54.260+0000] {logging_mixin.py:190} INFO - [2024-09-11T13:53:54.259+0000] {dagbag.py:587} INFO - Filling up the DagBag from /home/airflow/.local/lib/python3.12/site-packages/airflow/example_dags/example_bash_decorator.py
[2024-09-11T13:53:54.267+0000] {processor.py:925} INFO - DAG(s) 'example_bash_decorator' retrieved from /home/airflow/.local/lib/python3.12/site-packages/airflow/example_dags/example_bash_decorator.py
[2024-09-11T13:53:54.278+0000] {logging_mixin.py:190} INFO - [2024-09-11T13:53:54.278+0000] {dag.py:3229} INFO - Sync 1 DAGs
[2024-09-11T13:53:54.285+0000] {logging_mixin.py:190} INFO - [2024-09-11T13:53:54.285+0000] {dag.py:4156} INFO - Setting next_dagrun for example_bash_decorator to None, run_after=None
[2024-09-11T13:53:54.294+0000] {processor.py:208} INFO - Processing /home/airflow/.local/lib/python3.12/site-packages/airflow/example_dags/example_bash_decorator.py took 0.040 seconds
[2024-09-11T13:54:24.758+0000] {processor.py:186} INFO - Started process (PID=1615) to work on /home/airflow/.local/lib/python3.12/site-packages/airflow/example_dags/example_bash_decorator.py
[2024-09-11T13:54:24.759+0000] {processor.py:914} INFO - Processing file /home/airflow/.local/lib/python3.12/site-packages/airflow/example_dags/example_bash_decorator.py for tasks to queue
[2024-09-11T13:54:24.760+0000] {logging_mixin.py:190} INFO - [2024-09-11T13:54:24.760+0000] {dagbag.py:587} INFO - Filling up the DagBag from /home/airflow/.local/lib/python3.12/site-packages/airflow/example_dags/example_bash_decorator.py
[2024-09-11T13:54:24.768+0000] {processor.py:925} INFO - DAG(s) 'example_bash_decorator' retrieved from /home/airflow/.local/lib/python3.12/site-packages/airflow/example_dags/example_bash_decorator.py
[2024-09-11T13:54:24.779+0000] {logging_mixin.py:190} INFO - [2024-09-11T13:54:24.779+0000] {dag.py:3229} INFO - Sync 1 DAGs
[2024-09-11T13:54:24.785+0000] {logging_mixin.py:190} INFO - [2024-09-11T13:54:24.785+0000] {dag.py:4156} INFO - Setting next_dagrun for example_bash_decorator to None, run_after=None
[2024-09-11T13:54:24.793+0000] {processor.py:208} INFO - Processing /home/airflow/.local/lib/python3.12/site-packages/airflow/example_dags/example_bash_decorator.py took 0.037 seconds
[2024-09-11T13:54:55.071+0000] {processor.py:186} INFO - Started process (PID=1671) to work on /home/airflow/.local/lib/python3.12/site-packages/airflow/example_dags/example_bash_decorator.py
[2024-09-11T13:54:55.072+0000] {processor.py:914} INFO - Processing file /home/airflow/.local/lib/python3.12/site-packages/airflow/example_dags/example_bash_decorator.py for tasks to queue
[2024-09-11T13:54:55.074+0000] {logging_mixin.py:190} INFO - [2024-09-11T13:54:55.074+0000] {dagbag.py:587} INFO - Filling up the DagBag from /home/airflow/.local/lib/python3.12/site-packages/airflow/example_dags/example_bash_decorator.py
[2024-09-11T13:54:55.082+0000] {processor.py:925} INFO - DAG(s) 'example_bash_decorator' retrieved from /home/airflow/.local/lib/python3.12/site-packages/airflow/example_dags/example_bash_decorator.py
[2024-09-11T13:54:55.093+0000] {logging_mixin.py:190} INFO - [2024-09-11T13:54:55.093+0000] {dag.py:3229} INFO - Sync 1 DAGs
[2024-09-11T13:54:55.100+0000] {logging_mixin.py:190} INFO - [2024-09-11T13:54:55.100+0000] {dag.py:4156} INFO - Setting next_dagrun for example_bash_decorator to None, run_after=None
[2024-09-11T13:54:55.108+0000] {processor.py:208} INFO - Processing /home/airflow/.local/lib/python3.12/site-packages/airflow/example_dags/example_bash_decorator.py took 0.040 seconds
[2024-09-11T13:55:25.468+0000] {processor.py:186} INFO - Started process (PID=1727) to work on /home/airflow/.local/lib/python3.12/site-packages/airflow/example_dags/example_bash_decorator.py
[2024-09-11T13:55:25.469+0000] {processor.py:914} INFO - Processing file /home/airflow/.local/lib/python3.12/site-packages/airflow/example_dags/example_bash_decorator.py for tasks to queue
[2024-09-11T13:55:25.470+0000] {logging_mixin.py:190} INFO - [2024-09-11T13:55:25.470+0000] {dagbag.py:587} INFO - Filling up the DagBag from /home/airflow/.local/lib/python3.12/site-packages/airflow/example_dags/example_bash_decorator.py
[2024-09-11T13:55:25.477+0000] {processor.py:925} INFO - DAG(s) 'example_bash_decorator' retrieved from /home/airflow/.local/lib/python3.12/site-packages/airflow/example_dags/example_bash_decorator.py
[2024-09-11T13:55:25.489+0000] {logging_mixin.py:190} INFO - [2024-09-11T13:55:25.488+0000] {dag.py:3229} INFO - Sync 1 DAGs
[2024-09-11T13:55:25.495+0000] {logging_mixin.py:190} INFO - [2024-09-11T13:55:25.495+0000] {dag.py:4156} INFO - Setting next_dagrun for example_bash_decorator to None, run_after=None
[2024-09-11T13:55:25.503+0000] {processor.py:208} INFO - Processing /home/airflow/.local/lib/python3.12/site-packages/airflow/example_dags/example_bash_decorator.py took 0.038 seconds
[2024-09-11T13:55:55.809+0000] {processor.py:186} INFO - Started process (PID=1783) to work on /home/airflow/.local/lib/python3.12/site-packages/airflow/example_dags/example_bash_decorator.py
[2024-09-11T13:55:55.810+0000] {processor.py:914} INFO - Processing file /home/airflow/.local/lib/python3.12/site-packages/airflow/example_dags/example_bash_decorator.py for tasks to queue
[2024-09-11T13:55:55.811+0000] {logging_mixin.py:190} INFO - [2024-09-11T13:55:55.811+0000] {dagbag.py:587} INFO - Filling up the DagBag from /home/airflow/.local/lib/python3.12/site-packages/airflow/example_dags/example_bash_decorator.py
[2024-09-11T13:55:55.818+0000] {processor.py:925} INFO - DAG(s) 'example_bash_decorator' retrieved from /home/airflow/.local/lib/python3.12/site-packages/airflow/example_dags/example_bash_decorator.py
[2024-09-11T13:55:55.830+0000] {logging_mixin.py:190} INFO - [2024-09-11T13:55:55.830+0000] {dag.py:3229} INFO - Sync 1 DAGs
[2024-09-11T13:55:55.837+0000] {logging_mixin.py:190} INFO - [2024-09-11T13:55:55.836+0000] {dag.py:4156} INFO - Setting next_dagrun for example_bash_decorator to None, run_after=None
[2024-09-11T13:55:55.845+0000] {processor.py:208} INFO - Processing /home/airflow/.local/lib/python3.12/site-packages/airflow/example_dags/example_bash_decorator.py took 0.039 seconds
[2024-09-11T13:56:26.154+0000] {processor.py:186} INFO - Started process (PID=1839) to work on /home/airflow/.local/lib/python3.12/site-packages/airflow/example_dags/example_bash_decorator.py
[2024-09-11T13:56:26.155+0000] {processor.py:914} INFO - Processing file /home/airflow/.local/lib/python3.12/site-packages/airflow/example_dags/example_bash_decorator.py for tasks to queue
[2024-09-11T13:56:26.156+0000] {logging_mixin.py:190} INFO - [2024-09-11T13:56:26.156+0000] {dagbag.py:587} INFO - Filling up the DagBag from /home/airflow/.local/lib/python3.12/site-packages/airflow/example_dags/example_bash_decorator.py
[2024-09-11T13:56:26.163+0000] {processor.py:925} INFO - DAG(s) 'example_bash_decorator' retrieved from /home/airflow/.local/lib/python3.12/site-packages/airflow/example_dags/example_bash_decorator.py
[2024-09-11T13:56:26.174+0000] {logging_mixin.py:190} INFO - [2024-09-11T13:56:26.174+0000] {dag.py:3229} INFO - Sync 1 DAGs
[2024-09-11T13:56:26.181+0000] {logging_mixin.py:190} INFO - [2024-09-11T13:56:26.180+0000] {dag.py:4156} INFO - Setting next_dagrun for example_bash_decorator to None, run_after=None
[2024-09-11T13:56:26.188+0000] {processor.py:208} INFO - Processing /home/airflow/.local/lib/python3.12/site-packages/airflow/example_dags/example_bash_decorator.py took 0.037 seconds
[2024-09-11T13:56:56.549+0000] {processor.py:186} INFO - Started process (PID=1895) to work on /home/airflow/.local/lib/python3.12/site-packages/airflow/example_dags/example_bash_decorator.py
[2024-09-11T13:56:56.550+0000] {processor.py:914} INFO - Processing file /home/airflow/.local/lib/python3.12/site-packages/airflow/example_dags/example_bash_decorator.py for tasks to queue
[2024-09-11T13:56:56.551+0000] {logging_mixin.py:190} INFO - [2024-09-11T13:56:56.551+0000] {dagbag.py:587} INFO - Filling up the DagBag from /home/airflow/.local/lib/python3.12/site-packages/airflow/example_dags/example_bash_decorator.py
[2024-09-11T13:56:56.559+0000] {processor.py:925} INFO - DAG(s) 'example_bash_decorator' retrieved from /home/airflow/.local/lib/python3.12/site-packages/airflow/example_dags/example_bash_decorator.py
[2024-09-11T13:56:56.570+0000] {logging_mixin.py:190} INFO - [2024-09-11T13:56:56.570+0000] {dag.py:3229} INFO - Sync 1 DAGs
[2024-09-11T13:56:56.577+0000] {logging_mixin.py:190} INFO - [2024-09-11T13:56:56.576+0000] {dag.py:4156} INFO - Setting next_dagrun for example_bash_decorator to None, run_after=None
[2024-09-11T13:56:56.584+0000] {processor.py:208} INFO - Processing /home/airflow/.local/lib/python3.12/site-packages/airflow/example_dags/example_bash_decorator.py took 0.039 seconds
[2024-09-11T13:57:26.906+0000] {processor.py:186} INFO - Started process (PID=1951) to work on /home/airflow/.local/lib/python3.12/site-packages/airflow/example_dags/example_bash_decorator.py
[2024-09-11T13:57:26.907+0000] {processor.py:914} INFO - Processing file /home/airflow/.local/lib/python3.12/site-packages/airflow/example_dags/example_bash_decorator.py for tasks to queue
[2024-09-11T13:57:26.908+0000] {logging_mixin.py:190} INFO - [2024-09-11T13:57:26.908+0000] {dagbag.py:587} INFO - Filling up the DagBag from /home/airflow/.local/lib/python3.12/site-packages/airflow/example_dags/example_bash_decorator.py
[2024-09-11T13:57:26.916+0000] {processor.py:925} INFO - DAG(s) 'example_bash_decorator' retrieved from /home/airflow/.local/lib/python3.12/site-packages/airflow/example_dags/example_bash_decorator.py
[2024-09-11T13:57:26.927+0000] {logging_mixin.py:190} INFO - [2024-09-11T13:57:26.927+0000] {dag.py:3229} INFO - Sync 1 DAGs
[2024-09-11T13:57:26.933+0000] {logging_mixin.py:190} INFO - [2024-09-11T13:57:26.933+0000] {dag.py:4156} INFO - Setting next_dagrun for example_bash_decorator to None, run_after=None
[2024-09-11T13:57:26.940+0000] {processor.py:208} INFO - Processing /home/airflow/.local/lib/python3.12/site-packages/airflow/example_dags/example_bash_decorator.py took 0.037 seconds
[2024-09-11T13:57:57.254+0000] {processor.py:186} INFO - Started process (PID=2007) to work on /home/airflow/.local/lib/python3.12/site-packages/airflow/example_dags/example_bash_decorator.py
[2024-09-11T13:57:57.255+0000] {processor.py:914} INFO - Processing file /home/airflow/.local/lib/python3.12/site-packages/airflow/example_dags/example_bash_decorator.py for tasks to queue
[2024-09-11T13:57:57.257+0000] {logging_mixin.py:190} INFO - [2024-09-11T13:57:57.256+0000] {dagbag.py:587} INFO - Filling up the DagBag from /home/airflow/.local/lib/python3.12/site-packages/airflow/example_dags/example_bash_decorator.py
[2024-09-11T13:57:57.265+0000] {processor.py:925} INFO - DAG(s) 'example_bash_decorator' retrieved from /home/airflow/.local/lib/python3.12/site-packages/airflow/example_dags/example_bash_decorator.py
[2024-09-11T13:57:57.278+0000] {logging_mixin.py:190} INFO - [2024-09-11T13:57:57.278+0000] {dag.py:3229} INFO - Sync 1 DAGs
[2024-09-11T13:57:57.286+0000] {logging_mixin.py:190} INFO - [2024-09-11T13:57:57.286+0000] {dag.py:4156} INFO - Setting next_dagrun for example_bash_decorator to None, run_after=None
[2024-09-11T13:57:57.297+0000] {processor.py:208} INFO - Processing /home/airflow/.local/lib/python3.12/site-packages/airflow/example_dags/example_bash_decorator.py took 0.046 seconds
[2024-09-11T13:58:27.783+0000] {processor.py:186} INFO - Started process (PID=2063) to work on /home/airflow/.local/lib/python3.12/site-packages/airflow/example_dags/example_bash_decorator.py
[2024-09-11T13:58:27.784+0000] {processor.py:914} INFO - Processing file /home/airflow/.local/lib/python3.12/site-packages/airflow/example_dags/example_bash_decorator.py for tasks to queue
[2024-09-11T13:58:27.785+0000] {logging_mixin.py:190} INFO - [2024-09-11T13:58:27.785+0000] {dagbag.py:587} INFO - Filling up the DagBag from /home/airflow/.local/lib/python3.12/site-packages/airflow/example_dags/example_bash_decorator.py
[2024-09-11T13:58:27.793+0000] {processor.py:925} INFO - DAG(s) 'example_bash_decorator' retrieved from /home/airflow/.local/lib/python3.12/site-packages/airflow/example_dags/example_bash_decorator.py
[2024-09-11T13:58:27.805+0000] {logging_mixin.py:190} INFO - [2024-09-11T13:58:27.805+0000] {dag.py:3229} INFO - Sync 1 DAGs
[2024-09-11T13:58:27.812+0000] {logging_mixin.py:190} INFO - [2024-09-11T13:58:27.812+0000] {dag.py:4156} INFO - Setting next_dagrun for example_bash_decorator to None, run_after=None
[2024-09-11T13:58:27.821+0000] {processor.py:208} INFO - Processing /home/airflow/.local/lib/python3.12/site-packages/airflow/example_dags/example_bash_decorator.py took 0.042 seconds
