[2024-09-11T13:40:16.391+0000] {processor.py:186} INFO - Started process (PID=56) to work on /home/airflow/.local/lib/python3.12/site-packages/airflow/example_dags/example_complex.py
[2024-09-11T13:40:16.393+0000] {processor.py:914} INFO - Processing file /home/airflow/.local/lib/python3.12/site-packages/airflow/example_dags/example_complex.py for tasks to queue
[2024-09-11T13:40:16.394+0000] {logging_mixin.py:190} INFO - [2024-09-11T13:40:16.394+0000] {dagbag.py:587} INFO - Filling up the DagBag from /home/airflow/.local/lib/python3.12/site-packages/airflow/example_dags/example_complex.py
[2024-09-11T13:40:16.403+0000] {processor.py:925} INFO - DAG(s) 'example_complex' retrieved from /home/airflow/.local/lib/python3.12/site-packages/airflow/example_dags/example_complex.py
[2024-09-11T13:40:16.521+0000] {logging_mixin.py:190} INFO - [2024-09-11T13:40:16.520+0000] {override.py:1900} INFO - Created Permission View: can read on DAG:example_complex
[2024-09-11T13:40:16.543+0000] {logging_mixin.py:190} INFO - [2024-09-11T13:40:16.542+0000] {override.py:1900} INFO - Created Permission View: can delete on DAG:example_complex
[2024-09-11T13:40:16.558+0000] {logging_mixin.py:190} INFO - [2024-09-11T13:40:16.557+0000] {override.py:1900} INFO - Created Permission View: can edit on DAG:example_complex
[2024-09-11T13:40:16.567+0000] {logging_mixin.py:190} INFO - [2024-09-11T13:40:16.567+0000] {override.py:1900} INFO - Created Permission View: can read on DAG Run:example_complex
[2024-09-11T13:40:16.573+0000] {logging_mixin.py:190} INFO - [2024-09-11T13:40:16.573+0000] {override.py:1900} INFO - Created Permission View: can create on DAG Run:example_complex
[2024-09-11T13:40:16.579+0000] {logging_mixin.py:190} INFO - [2024-09-11T13:40:16.579+0000] {override.py:1900} INFO - Created Permission View: menu access on DAG Run:example_complex
[2024-09-11T13:40:16.585+0000] {logging_mixin.py:190} INFO - [2024-09-11T13:40:16.585+0000] {override.py:1900} INFO - Created Permission View: can delete on DAG Run:example_complex
[2024-09-11T13:40:16.586+0000] {logging_mixin.py:190} INFO - [2024-09-11T13:40:16.586+0000] {dag.py:3229} INFO - Sync 1 DAGs
[2024-09-11T13:40:16.601+0000] {logging_mixin.py:190} INFO - [2024-09-11T13:40:16.600+0000] {dag.py:3252} INFO - Creating ORM DAG for example_complex
[2024-09-11T13:40:16.604+0000] {logging_mixin.py:190} INFO - [2024-09-11T13:40:16.604+0000] {dag.py:4156} INFO - Setting next_dagrun for example_complex to None, run_after=None
[2024-09-11T13:40:16.632+0000] {processor.py:208} INFO - Processing /home/airflow/.local/lib/python3.12/site-packages/airflow/example_dags/example_complex.py took 0.245 seconds
[2024-09-11T13:40:47.581+0000] {processor.py:186} INFO - Started process (PID=112) to work on /home/airflow/.local/lib/python3.12/site-packages/airflow/example_dags/example_complex.py
[2024-09-11T13:40:47.584+0000] {processor.py:914} INFO - Processing file /home/airflow/.local/lib/python3.12/site-packages/airflow/example_dags/example_complex.py for tasks to queue
[2024-09-11T13:40:47.591+0000] {logging_mixin.py:190} INFO - [2024-09-11T13:40:47.590+0000] {dagbag.py:587} INFO - Filling up the DagBag from /home/airflow/.local/lib/python3.12/site-packages/airflow/example_dags/example_complex.py
[2024-09-11T13:40:47.621+0000] {processor.py:925} INFO - DAG(s) 'example_complex' retrieved from /home/airflow/.local/lib/python3.12/site-packages/airflow/example_dags/example_complex.py
[2024-09-11T13:40:47.650+0000] {logging_mixin.py:190} INFO - [2024-09-11T13:40:47.649+0000] {dag.py:3229} INFO - Sync 1 DAGs
[2024-09-11T13:40:47.662+0000] {logging_mixin.py:190} INFO - [2024-09-11T13:40:47.661+0000] {dag.py:4156} INFO - Setting next_dagrun for example_complex to None, run_after=None
[2024-09-11T13:40:47.681+0000] {processor.py:208} INFO - Processing /home/airflow/.local/lib/python3.12/site-packages/airflow/example_dags/example_complex.py took 0.120 seconds
[2024-09-11T13:41:18.298+0000] {processor.py:186} INFO - Started process (PID=168) to work on /home/airflow/.local/lib/python3.12/site-packages/airflow/example_dags/example_complex.py
[2024-09-11T13:41:18.300+0000] {processor.py:914} INFO - Processing file /home/airflow/.local/lib/python3.12/site-packages/airflow/example_dags/example_complex.py for tasks to queue
[2024-09-11T13:41:18.302+0000] {logging_mixin.py:190} INFO - [2024-09-11T13:41:18.301+0000] {dagbag.py:587} INFO - Filling up the DagBag from /home/airflow/.local/lib/python3.12/site-packages/airflow/example_dags/example_complex.py
[2024-09-11T13:41:18.310+0000] {processor.py:925} INFO - DAG(s) 'example_complex' retrieved from /home/airflow/.local/lib/python3.12/site-packages/airflow/example_dags/example_complex.py
[2024-09-11T13:41:18.328+0000] {logging_mixin.py:190} INFO - [2024-09-11T13:41:18.328+0000] {dag.py:3229} INFO - Sync 1 DAGs
[2024-09-11T13:41:18.338+0000] {logging_mixin.py:190} INFO - [2024-09-11T13:41:18.338+0000] {dag.py:4156} INFO - Setting next_dagrun for example_complex to None, run_after=None
[2024-09-11T13:41:18.353+0000] {processor.py:208} INFO - Processing /home/airflow/.local/lib/python3.12/site-packages/airflow/example_dags/example_complex.py took 0.059 seconds
[2024-09-11T13:41:48.625+0000] {processor.py:186} INFO - Started process (PID=224) to work on /home/airflow/.local/lib/python3.12/site-packages/airflow/example_dags/example_complex.py
[2024-09-11T13:41:48.626+0000] {processor.py:914} INFO - Processing file /home/airflow/.local/lib/python3.12/site-packages/airflow/example_dags/example_complex.py for tasks to queue
[2024-09-11T13:41:48.628+0000] {logging_mixin.py:190} INFO - [2024-09-11T13:41:48.628+0000] {dagbag.py:587} INFO - Filling up the DagBag from /home/airflow/.local/lib/python3.12/site-packages/airflow/example_dags/example_complex.py
[2024-09-11T13:41:48.635+0000] {processor.py:925} INFO - DAG(s) 'example_complex' retrieved from /home/airflow/.local/lib/python3.12/site-packages/airflow/example_dags/example_complex.py
[2024-09-11T13:41:48.654+0000] {logging_mixin.py:190} INFO - [2024-09-11T13:41:48.654+0000] {dag.py:3229} INFO - Sync 1 DAGs
[2024-09-11T13:41:48.664+0000] {logging_mixin.py:190} INFO - [2024-09-11T13:41:48.664+0000] {dag.py:4156} INFO - Setting next_dagrun for example_complex to None, run_after=None
[2024-09-11T13:41:48.674+0000] {processor.py:208} INFO - Processing /home/airflow/.local/lib/python3.12/site-packages/airflow/example_dags/example_complex.py took 0.058 seconds
[2024-09-11T13:42:19.158+0000] {processor.py:186} INFO - Started process (PID=280) to work on /home/airflow/.local/lib/python3.12/site-packages/airflow/example_dags/example_complex.py
[2024-09-11T13:42:19.159+0000] {processor.py:914} INFO - Processing file /home/airflow/.local/lib/python3.12/site-packages/airflow/example_dags/example_complex.py for tasks to queue
[2024-09-11T13:42:19.162+0000] {logging_mixin.py:190} INFO - [2024-09-11T13:42:19.161+0000] {dagbag.py:587} INFO - Filling up the DagBag from /home/airflow/.local/lib/python3.12/site-packages/airflow/example_dags/example_complex.py
[2024-09-11T13:42:19.174+0000] {processor.py:925} INFO - DAG(s) 'example_complex' retrieved from /home/airflow/.local/lib/python3.12/site-packages/airflow/example_dags/example_complex.py
[2024-09-11T13:42:19.195+0000] {logging_mixin.py:190} INFO - [2024-09-11T13:42:19.195+0000] {dag.py:3229} INFO - Sync 1 DAGs
[2024-09-11T13:42:19.203+0000] {logging_mixin.py:190} INFO - [2024-09-11T13:42:19.203+0000] {dag.py:4156} INFO - Setting next_dagrun for example_complex to None, run_after=None
[2024-09-11T13:42:19.212+0000] {processor.py:208} INFO - Processing /home/airflow/.local/lib/python3.12/site-packages/airflow/example_dags/example_complex.py took 0.063 seconds
[2024-09-11T13:42:49.262+0000] {processor.py:186} INFO - Started process (PID=336) to work on /home/airflow/.local/lib/python3.12/site-packages/airflow/example_dags/example_complex.py
[2024-09-11T13:42:49.265+0000] {processor.py:914} INFO - Processing file /home/airflow/.local/lib/python3.12/site-packages/airflow/example_dags/example_complex.py for tasks to queue
[2024-09-11T13:42:49.267+0000] {logging_mixin.py:190} INFO - [2024-09-11T13:42:49.266+0000] {dagbag.py:587} INFO - Filling up the DagBag from /home/airflow/.local/lib/python3.12/site-packages/airflow/example_dags/example_complex.py
[2024-09-11T13:42:49.274+0000] {processor.py:925} INFO - DAG(s) 'example_complex' retrieved from /home/airflow/.local/lib/python3.12/site-packages/airflow/example_dags/example_complex.py
[2024-09-11T13:42:49.290+0000] {logging_mixin.py:190} INFO - [2024-09-11T13:42:49.289+0000] {dag.py:3229} INFO - Sync 1 DAGs
[2024-09-11T13:42:49.297+0000] {logging_mixin.py:190} INFO - [2024-09-11T13:42:49.297+0000] {dag.py:4156} INFO - Setting next_dagrun for example_complex to None, run_after=None
[2024-09-11T13:42:49.305+0000] {processor.py:208} INFO - Processing /home/airflow/.local/lib/python3.12/site-packages/airflow/example_dags/example_complex.py took 0.049 seconds
[2024-09-11T13:43:19.529+0000] {processor.py:186} INFO - Started process (PID=392) to work on /home/airflow/.local/lib/python3.12/site-packages/airflow/example_dags/example_complex.py
[2024-09-11T13:43:19.531+0000] {processor.py:914} INFO - Processing file /home/airflow/.local/lib/python3.12/site-packages/airflow/example_dags/example_complex.py for tasks to queue
[2024-09-11T13:43:19.532+0000] {logging_mixin.py:190} INFO - [2024-09-11T13:43:19.532+0000] {dagbag.py:587} INFO - Filling up the DagBag from /home/airflow/.local/lib/python3.12/site-packages/airflow/example_dags/example_complex.py
[2024-09-11T13:43:19.538+0000] {processor.py:925} INFO - DAG(s) 'example_complex' retrieved from /home/airflow/.local/lib/python3.12/site-packages/airflow/example_dags/example_complex.py
[2024-09-11T13:43:19.552+0000] {logging_mixin.py:190} INFO - [2024-09-11T13:43:19.552+0000] {dag.py:3229} INFO - Sync 1 DAGs
[2024-09-11T13:43:19.559+0000] {logging_mixin.py:190} INFO - [2024-09-11T13:43:19.559+0000] {dag.py:4156} INFO - Setting next_dagrun for example_complex to None, run_after=None
[2024-09-11T13:43:19.567+0000] {processor.py:208} INFO - Processing /home/airflow/.local/lib/python3.12/site-packages/airflow/example_dags/example_complex.py took 0.042 seconds
[2024-09-11T13:43:49.754+0000] {processor.py:186} INFO - Started process (PID=448) to work on /home/airflow/.local/lib/python3.12/site-packages/airflow/example_dags/example_complex.py
[2024-09-11T13:43:49.755+0000] {processor.py:914} INFO - Processing file /home/airflow/.local/lib/python3.12/site-packages/airflow/example_dags/example_complex.py for tasks to queue
[2024-09-11T13:43:49.757+0000] {logging_mixin.py:190} INFO - [2024-09-11T13:43:49.757+0000] {dagbag.py:587} INFO - Filling up the DagBag from /home/airflow/.local/lib/python3.12/site-packages/airflow/example_dags/example_complex.py
[2024-09-11T13:43:49.766+0000] {processor.py:925} INFO - DAG(s) 'example_complex' retrieved from /home/airflow/.local/lib/python3.12/site-packages/airflow/example_dags/example_complex.py
[2024-09-11T13:43:49.783+0000] {logging_mixin.py:190} INFO - [2024-09-11T13:43:49.783+0000] {dag.py:3229} INFO - Sync 1 DAGs
[2024-09-11T13:43:49.790+0000] {logging_mixin.py:190} INFO - [2024-09-11T13:43:49.790+0000] {dag.py:4156} INFO - Setting next_dagrun for example_complex to None, run_after=None
[2024-09-11T13:43:49.800+0000] {processor.py:208} INFO - Processing /home/airflow/.local/lib/python3.12/site-packages/airflow/example_dags/example_complex.py took 0.052 seconds
[2024-09-11T13:44:19.989+0000] {processor.py:186} INFO - Started process (PID=504) to work on /home/airflow/.local/lib/python3.12/site-packages/airflow/example_dags/example_complex.py
[2024-09-11T13:44:19.990+0000] {processor.py:914} INFO - Processing file /home/airflow/.local/lib/python3.12/site-packages/airflow/example_dags/example_complex.py for tasks to queue
[2024-09-11T13:44:19.992+0000] {logging_mixin.py:190} INFO - [2024-09-11T13:44:19.991+0000] {dagbag.py:587} INFO - Filling up the DagBag from /home/airflow/.local/lib/python3.12/site-packages/airflow/example_dags/example_complex.py
[2024-09-11T13:44:19.999+0000] {processor.py:925} INFO - DAG(s) 'example_complex' retrieved from /home/airflow/.local/lib/python3.12/site-packages/airflow/example_dags/example_complex.py
[2024-09-11T13:44:20.016+0000] {logging_mixin.py:190} INFO - [2024-09-11T13:44:20.016+0000] {dag.py:3229} INFO - Sync 1 DAGs
[2024-09-11T13:44:20.023+0000] {logging_mixin.py:190} INFO - [2024-09-11T13:44:20.023+0000] {dag.py:4156} INFO - Setting next_dagrun for example_complex to None, run_after=None
[2024-09-11T13:44:20.032+0000] {processor.py:208} INFO - Processing /home/airflow/.local/lib/python3.12/site-packages/airflow/example_dags/example_complex.py took 0.049 seconds
[2024-09-11T13:44:50.353+0000] {processor.py:186} INFO - Started process (PID=560) to work on /home/airflow/.local/lib/python3.12/site-packages/airflow/example_dags/example_complex.py
[2024-09-11T13:44:50.354+0000] {processor.py:914} INFO - Processing file /home/airflow/.local/lib/python3.12/site-packages/airflow/example_dags/example_complex.py for tasks to queue
[2024-09-11T13:44:50.357+0000] {logging_mixin.py:190} INFO - [2024-09-11T13:44:50.356+0000] {dagbag.py:587} INFO - Filling up the DagBag from /home/airflow/.local/lib/python3.12/site-packages/airflow/example_dags/example_complex.py
[2024-09-11T13:44:50.366+0000] {processor.py:925} INFO - DAG(s) 'example_complex' retrieved from /home/airflow/.local/lib/python3.12/site-packages/airflow/example_dags/example_complex.py
[2024-09-11T13:44:50.385+0000] {logging_mixin.py:190} INFO - [2024-09-11T13:44:50.385+0000] {dag.py:3229} INFO - Sync 1 DAGs
[2024-09-11T13:44:50.392+0000] {logging_mixin.py:190} INFO - [2024-09-11T13:44:50.392+0000] {dag.py:4156} INFO - Setting next_dagrun for example_complex to None, run_after=None
[2024-09-11T13:44:50.400+0000] {processor.py:208} INFO - Processing /home/airflow/.local/lib/python3.12/site-packages/airflow/example_dags/example_complex.py took 0.054 seconds
[2024-09-11T13:45:20.545+0000] {processor.py:186} INFO - Started process (PID=616) to work on /home/airflow/.local/lib/python3.12/site-packages/airflow/example_dags/example_complex.py
[2024-09-11T13:45:20.546+0000] {processor.py:914} INFO - Processing file /home/airflow/.local/lib/python3.12/site-packages/airflow/example_dags/example_complex.py for tasks to queue
[2024-09-11T13:45:20.549+0000] {logging_mixin.py:190} INFO - [2024-09-11T13:45:20.549+0000] {dagbag.py:587} INFO - Filling up the DagBag from /home/airflow/.local/lib/python3.12/site-packages/airflow/example_dags/example_complex.py
[2024-09-11T13:45:20.561+0000] {processor.py:925} INFO - DAG(s) 'example_complex' retrieved from /home/airflow/.local/lib/python3.12/site-packages/airflow/example_dags/example_complex.py
[2024-09-11T13:45:20.583+0000] {logging_mixin.py:190} INFO - [2024-09-11T13:45:20.583+0000] {dag.py:3229} INFO - Sync 1 DAGs
[2024-09-11T13:45:20.591+0000] {logging_mixin.py:190} INFO - [2024-09-11T13:45:20.591+0000] {dag.py:4156} INFO - Setting next_dagrun for example_complex to None, run_after=None
[2024-09-11T13:45:20.600+0000] {processor.py:208} INFO - Processing /home/airflow/.local/lib/python3.12/site-packages/airflow/example_dags/example_complex.py took 0.064 seconds
[2024-09-11T13:45:50.702+0000] {processor.py:186} INFO - Started process (PID=672) to work on /home/airflow/.local/lib/python3.12/site-packages/airflow/example_dags/example_complex.py
[2024-09-11T13:45:50.703+0000] {processor.py:914} INFO - Processing file /home/airflow/.local/lib/python3.12/site-packages/airflow/example_dags/example_complex.py for tasks to queue
[2024-09-11T13:45:50.706+0000] {logging_mixin.py:190} INFO - [2024-09-11T13:45:50.706+0000] {dagbag.py:587} INFO - Filling up the DagBag from /home/airflow/.local/lib/python3.12/site-packages/airflow/example_dags/example_complex.py
[2024-09-11T13:45:50.717+0000] {processor.py:925} INFO - DAG(s) 'example_complex' retrieved from /home/airflow/.local/lib/python3.12/site-packages/airflow/example_dags/example_complex.py
[2024-09-11T13:45:50.738+0000] {logging_mixin.py:190} INFO - [2024-09-11T13:45:50.738+0000] {dag.py:3229} INFO - Sync 1 DAGs
[2024-09-11T13:45:50.746+0000] {logging_mixin.py:190} INFO - [2024-09-11T13:45:50.746+0000] {dag.py:4156} INFO - Setting next_dagrun for example_complex to None, run_after=None
[2024-09-11T13:45:50.756+0000] {processor.py:208} INFO - Processing /home/airflow/.local/lib/python3.12/site-packages/airflow/example_dags/example_complex.py took 0.061 seconds
[2024-09-11T13:46:20.887+0000] {processor.py:186} INFO - Started process (PID=728) to work on /home/airflow/.local/lib/python3.12/site-packages/airflow/example_dags/example_complex.py
[2024-09-11T13:46:20.888+0000] {processor.py:914} INFO - Processing file /home/airflow/.local/lib/python3.12/site-packages/airflow/example_dags/example_complex.py for tasks to queue
[2024-09-11T13:46:20.892+0000] {logging_mixin.py:190} INFO - [2024-09-11T13:46:20.892+0000] {dagbag.py:587} INFO - Filling up the DagBag from /home/airflow/.local/lib/python3.12/site-packages/airflow/example_dags/example_complex.py
[2024-09-11T13:46:20.900+0000] {processor.py:925} INFO - DAG(s) 'example_complex' retrieved from /home/airflow/.local/lib/python3.12/site-packages/airflow/example_dags/example_complex.py
[2024-09-11T13:46:20.920+0000] {logging_mixin.py:190} INFO - [2024-09-11T13:46:20.920+0000] {dag.py:3229} INFO - Sync 1 DAGs
[2024-09-11T13:46:20.929+0000] {logging_mixin.py:190} INFO - [2024-09-11T13:46:20.929+0000] {dag.py:4156} INFO - Setting next_dagrun for example_complex to None, run_after=None
[2024-09-11T13:46:20.940+0000] {processor.py:208} INFO - Processing /home/airflow/.local/lib/python3.12/site-packages/airflow/example_dags/example_complex.py took 0.061 seconds
[2024-09-11T13:46:51.265+0000] {processor.py:186} INFO - Started process (PID=784) to work on /home/airflow/.local/lib/python3.12/site-packages/airflow/example_dags/example_complex.py
[2024-09-11T13:46:51.266+0000] {processor.py:914} INFO - Processing file /home/airflow/.local/lib/python3.12/site-packages/airflow/example_dags/example_complex.py for tasks to queue
[2024-09-11T13:46:51.269+0000] {logging_mixin.py:190} INFO - [2024-09-11T13:46:51.269+0000] {dagbag.py:587} INFO - Filling up the DagBag from /home/airflow/.local/lib/python3.12/site-packages/airflow/example_dags/example_complex.py
[2024-09-11T13:46:51.282+0000] {processor.py:925} INFO - DAG(s) 'example_complex' retrieved from /home/airflow/.local/lib/python3.12/site-packages/airflow/example_dags/example_complex.py
[2024-09-11T13:46:51.305+0000] {logging_mixin.py:190} INFO - [2024-09-11T13:46:51.305+0000] {dag.py:3229} INFO - Sync 1 DAGs
[2024-09-11T13:46:51.313+0000] {logging_mixin.py:190} INFO - [2024-09-11T13:46:51.313+0000] {dag.py:4156} INFO - Setting next_dagrun for example_complex to None, run_after=None
[2024-09-11T13:46:51.323+0000] {processor.py:208} INFO - Processing /home/airflow/.local/lib/python3.12/site-packages/airflow/example_dags/example_complex.py took 0.067 seconds
[2024-09-11T13:47:21.365+0000] {processor.py:186} INFO - Started process (PID=840) to work on /home/airflow/.local/lib/python3.12/site-packages/airflow/example_dags/example_complex.py
[2024-09-11T13:47:21.366+0000] {processor.py:914} INFO - Processing file /home/airflow/.local/lib/python3.12/site-packages/airflow/example_dags/example_complex.py for tasks to queue
[2024-09-11T13:47:21.369+0000] {logging_mixin.py:190} INFO - [2024-09-11T13:47:21.368+0000] {dagbag.py:587} INFO - Filling up the DagBag from /home/airflow/.local/lib/python3.12/site-packages/airflow/example_dags/example_complex.py
[2024-09-11T13:47:21.381+0000] {processor.py:925} INFO - DAG(s) 'example_complex' retrieved from /home/airflow/.local/lib/python3.12/site-packages/airflow/example_dags/example_complex.py
[2024-09-11T13:47:21.405+0000] {logging_mixin.py:190} INFO - [2024-09-11T13:47:21.405+0000] {dag.py:3229} INFO - Sync 1 DAGs
[2024-09-11T13:47:21.414+0000] {logging_mixin.py:190} INFO - [2024-09-11T13:47:21.414+0000] {dag.py:4156} INFO - Setting next_dagrun for example_complex to None, run_after=None
[2024-09-11T13:47:21.424+0000] {processor.py:208} INFO - Processing /home/airflow/.local/lib/python3.12/site-packages/airflow/example_dags/example_complex.py took 0.067 seconds
[2024-09-11T13:47:51.647+0000] {processor.py:186} INFO - Started process (PID=896) to work on /home/airflow/.local/lib/python3.12/site-packages/airflow/example_dags/example_complex.py
[2024-09-11T13:47:51.648+0000] {processor.py:914} INFO - Processing file /home/airflow/.local/lib/python3.12/site-packages/airflow/example_dags/example_complex.py for tasks to queue
[2024-09-11T13:47:51.651+0000] {logging_mixin.py:190} INFO - [2024-09-11T13:47:51.651+0000] {dagbag.py:587} INFO - Filling up the DagBag from /home/airflow/.local/lib/python3.12/site-packages/airflow/example_dags/example_complex.py
[2024-09-11T13:47:51.663+0000] {processor.py:925} INFO - DAG(s) 'example_complex' retrieved from /home/airflow/.local/lib/python3.12/site-packages/airflow/example_dags/example_complex.py
[2024-09-11T13:47:51.685+0000] {logging_mixin.py:190} INFO - [2024-09-11T13:47:51.685+0000] {dag.py:3229} INFO - Sync 1 DAGs
[2024-09-11T13:47:51.693+0000] {logging_mixin.py:190} INFO - [2024-09-11T13:47:51.692+0000] {dag.py:4156} INFO - Setting next_dagrun for example_complex to None, run_after=None
[2024-09-11T13:47:51.702+0000] {processor.py:208} INFO - Processing /home/airflow/.local/lib/python3.12/site-packages/airflow/example_dags/example_complex.py took 0.063 seconds
[2024-09-11T13:48:21.870+0000] {processor.py:186} INFO - Started process (PID=952) to work on /home/airflow/.local/lib/python3.12/site-packages/airflow/example_dags/example_complex.py
[2024-09-11T13:48:21.871+0000] {processor.py:914} INFO - Processing file /home/airflow/.local/lib/python3.12/site-packages/airflow/example_dags/example_complex.py for tasks to queue
[2024-09-11T13:48:21.874+0000] {logging_mixin.py:190} INFO - [2024-09-11T13:48:21.874+0000] {dagbag.py:587} INFO - Filling up the DagBag from /home/airflow/.local/lib/python3.12/site-packages/airflow/example_dags/example_complex.py
[2024-09-11T13:48:21.884+0000] {processor.py:925} INFO - DAG(s) 'example_complex' retrieved from /home/airflow/.local/lib/python3.12/site-packages/airflow/example_dags/example_complex.py
[2024-09-11T13:48:21.904+0000] {logging_mixin.py:190} INFO - [2024-09-11T13:48:21.904+0000] {dag.py:3229} INFO - Sync 1 DAGs
[2024-09-11T13:48:21.911+0000] {logging_mixin.py:190} INFO - [2024-09-11T13:48:21.911+0000] {dag.py:4156} INFO - Setting next_dagrun for example_complex to None, run_after=None
[2024-09-11T13:48:21.921+0000] {processor.py:208} INFO - Processing /home/airflow/.local/lib/python3.12/site-packages/airflow/example_dags/example_complex.py took 0.057 seconds
[2024-09-11T13:48:52.095+0000] {processor.py:186} INFO - Started process (PID=1008) to work on /home/airflow/.local/lib/python3.12/site-packages/airflow/example_dags/example_complex.py
[2024-09-11T13:48:52.097+0000] {processor.py:914} INFO - Processing file /home/airflow/.local/lib/python3.12/site-packages/airflow/example_dags/example_complex.py for tasks to queue
[2024-09-11T13:48:52.100+0000] {logging_mixin.py:190} INFO - [2024-09-11T13:48:52.099+0000] {dagbag.py:587} INFO - Filling up the DagBag from /home/airflow/.local/lib/python3.12/site-packages/airflow/example_dags/example_complex.py
[2024-09-11T13:48:52.113+0000] {processor.py:925} INFO - DAG(s) 'example_complex' retrieved from /home/airflow/.local/lib/python3.12/site-packages/airflow/example_dags/example_complex.py
[2024-09-11T13:48:52.136+0000] {logging_mixin.py:190} INFO - [2024-09-11T13:48:52.136+0000] {dag.py:3229} INFO - Sync 1 DAGs
[2024-09-11T13:48:52.145+0000] {logging_mixin.py:190} INFO - [2024-09-11T13:48:52.145+0000] {dag.py:4156} INFO - Setting next_dagrun for example_complex to None, run_after=None
[2024-09-11T13:48:52.154+0000] {processor.py:208} INFO - Processing /home/airflow/.local/lib/python3.12/site-packages/airflow/example_dags/example_complex.py took 0.066 seconds
[2024-09-11T13:49:22.296+0000] {processor.py:186} INFO - Started process (PID=1064) to work on /home/airflow/.local/lib/python3.12/site-packages/airflow/example_dags/example_complex.py
[2024-09-11T13:49:22.297+0000] {processor.py:914} INFO - Processing file /home/airflow/.local/lib/python3.12/site-packages/airflow/example_dags/example_complex.py for tasks to queue
[2024-09-11T13:49:22.300+0000] {logging_mixin.py:190} INFO - [2024-09-11T13:49:22.299+0000] {dagbag.py:587} INFO - Filling up the DagBag from /home/airflow/.local/lib/python3.12/site-packages/airflow/example_dags/example_complex.py
[2024-09-11T13:49:22.310+0000] {processor.py:925} INFO - DAG(s) 'example_complex' retrieved from /home/airflow/.local/lib/python3.12/site-packages/airflow/example_dags/example_complex.py
[2024-09-11T13:49:22.331+0000] {logging_mixin.py:190} INFO - [2024-09-11T13:49:22.330+0000] {dag.py:3229} INFO - Sync 1 DAGs
[2024-09-11T13:49:22.338+0000] {logging_mixin.py:190} INFO - [2024-09-11T13:49:22.338+0000] {dag.py:4156} INFO - Setting next_dagrun for example_complex to None, run_after=None
[2024-09-11T13:49:22.347+0000] {processor.py:208} INFO - Processing /home/airflow/.local/lib/python3.12/site-packages/airflow/example_dags/example_complex.py took 0.058 seconds
[2024-09-11T13:49:52.578+0000] {processor.py:186} INFO - Started process (PID=1120) to work on /home/airflow/.local/lib/python3.12/site-packages/airflow/example_dags/example_complex.py
[2024-09-11T13:49:52.582+0000] {processor.py:914} INFO - Processing file /home/airflow/.local/lib/python3.12/site-packages/airflow/example_dags/example_complex.py for tasks to queue
[2024-09-11T13:49:52.585+0000] {logging_mixin.py:190} INFO - [2024-09-11T13:49:52.584+0000] {dagbag.py:587} INFO - Filling up the DagBag from /home/airflow/.local/lib/python3.12/site-packages/airflow/example_dags/example_complex.py
[2024-09-11T13:49:52.595+0000] {processor.py:925} INFO - DAG(s) 'example_complex' retrieved from /home/airflow/.local/lib/python3.12/site-packages/airflow/example_dags/example_complex.py
[2024-09-11T13:49:52.615+0000] {logging_mixin.py:190} INFO - [2024-09-11T13:49:52.615+0000] {dag.py:3229} INFO - Sync 1 DAGs
[2024-09-11T13:49:52.623+0000] {logging_mixin.py:190} INFO - [2024-09-11T13:49:52.623+0000] {dag.py:4156} INFO - Setting next_dagrun for example_complex to None, run_after=None
[2024-09-11T13:49:52.631+0000] {processor.py:208} INFO - Processing /home/airflow/.local/lib/python3.12/site-packages/airflow/example_dags/example_complex.py took 0.063 seconds
[2024-09-11T13:50:22.897+0000] {processor.py:186} INFO - Started process (PID=1176) to work on /home/airflow/.local/lib/python3.12/site-packages/airflow/example_dags/example_complex.py
[2024-09-11T13:50:22.899+0000] {processor.py:914} INFO - Processing file /home/airflow/.local/lib/python3.12/site-packages/airflow/example_dags/example_complex.py for tasks to queue
[2024-09-11T13:50:22.902+0000] {logging_mixin.py:190} INFO - [2024-09-11T13:50:22.902+0000] {dagbag.py:587} INFO - Filling up the DagBag from /home/airflow/.local/lib/python3.12/site-packages/airflow/example_dags/example_complex.py
[2024-09-11T13:50:22.916+0000] {processor.py:925} INFO - DAG(s) 'example_complex' retrieved from /home/airflow/.local/lib/python3.12/site-packages/airflow/example_dags/example_complex.py
[2024-09-11T13:50:22.940+0000] {logging_mixin.py:190} INFO - [2024-09-11T13:50:22.940+0000] {dag.py:3229} INFO - Sync 1 DAGs
[2024-09-11T13:50:22.948+0000] {logging_mixin.py:190} INFO - [2024-09-11T13:50:22.948+0000] {dag.py:4156} INFO - Setting next_dagrun for example_complex to None, run_after=None
[2024-09-11T13:50:22.958+0000] {processor.py:208} INFO - Processing /home/airflow/.local/lib/python3.12/site-packages/airflow/example_dags/example_complex.py took 0.069 seconds
[2024-09-11T13:50:53.176+0000] {processor.py:186} INFO - Started process (PID=1232) to work on /home/airflow/.local/lib/python3.12/site-packages/airflow/example_dags/example_complex.py
[2024-09-11T13:50:53.177+0000] {processor.py:914} INFO - Processing file /home/airflow/.local/lib/python3.12/site-packages/airflow/example_dags/example_complex.py for tasks to queue
[2024-09-11T13:50:53.179+0000] {logging_mixin.py:190} INFO - [2024-09-11T13:50:53.179+0000] {dagbag.py:587} INFO - Filling up the DagBag from /home/airflow/.local/lib/python3.12/site-packages/airflow/example_dags/example_complex.py
[2024-09-11T13:50:53.188+0000] {processor.py:925} INFO - DAG(s) 'example_complex' retrieved from /home/airflow/.local/lib/python3.12/site-packages/airflow/example_dags/example_complex.py
[2024-09-11T13:50:53.206+0000] {logging_mixin.py:190} INFO - [2024-09-11T13:50:53.206+0000] {dag.py:3229} INFO - Sync 1 DAGs
[2024-09-11T13:50:53.213+0000] {logging_mixin.py:190} INFO - [2024-09-11T13:50:53.213+0000] {dag.py:4156} INFO - Setting next_dagrun for example_complex to None, run_after=None
[2024-09-11T13:50:53.221+0000] {processor.py:208} INFO - Processing /home/airflow/.local/lib/python3.12/site-packages/airflow/example_dags/example_complex.py took 0.051 seconds
[2024-09-11T13:51:23.303+0000] {processor.py:186} INFO - Started process (PID=1288) to work on /home/airflow/.local/lib/python3.12/site-packages/airflow/example_dags/example_complex.py
[2024-09-11T13:51:23.304+0000] {processor.py:914} INFO - Processing file /home/airflow/.local/lib/python3.12/site-packages/airflow/example_dags/example_complex.py for tasks to queue
[2024-09-11T13:51:23.306+0000] {logging_mixin.py:190} INFO - [2024-09-11T13:51:23.306+0000] {dagbag.py:587} INFO - Filling up the DagBag from /home/airflow/.local/lib/python3.12/site-packages/airflow/example_dags/example_complex.py
[2024-09-11T13:51:23.315+0000] {processor.py:925} INFO - DAG(s) 'example_complex' retrieved from /home/airflow/.local/lib/python3.12/site-packages/airflow/example_dags/example_complex.py
[2024-09-11T13:51:23.333+0000] {logging_mixin.py:190} INFO - [2024-09-11T13:51:23.332+0000] {dag.py:3229} INFO - Sync 1 DAGs
[2024-09-11T13:51:23.339+0000] {logging_mixin.py:190} INFO - [2024-09-11T13:51:23.339+0000] {dag.py:4156} INFO - Setting next_dagrun for example_complex to None, run_after=None
[2024-09-11T13:51:23.348+0000] {processor.py:208} INFO - Processing /home/airflow/.local/lib/python3.12/site-packages/airflow/example_dags/example_complex.py took 0.050 seconds
[2024-09-11T13:51:53.541+0000] {processor.py:186} INFO - Started process (PID=1344) to work on /home/airflow/.local/lib/python3.12/site-packages/airflow/example_dags/example_complex.py
[2024-09-11T13:51:53.543+0000] {processor.py:914} INFO - Processing file /home/airflow/.local/lib/python3.12/site-packages/airflow/example_dags/example_complex.py for tasks to queue
[2024-09-11T13:51:53.545+0000] {logging_mixin.py:190} INFO - [2024-09-11T13:51:53.545+0000] {dagbag.py:587} INFO - Filling up the DagBag from /home/airflow/.local/lib/python3.12/site-packages/airflow/example_dags/example_complex.py
[2024-09-11T13:51:53.557+0000] {processor.py:925} INFO - DAG(s) 'example_complex' retrieved from /home/airflow/.local/lib/python3.12/site-packages/airflow/example_dags/example_complex.py
[2024-09-11T13:51:53.579+0000] {logging_mixin.py:190} INFO - [2024-09-11T13:51:53.579+0000] {dag.py:3229} INFO - Sync 1 DAGs
[2024-09-11T13:51:53.586+0000] {logging_mixin.py:190} INFO - [2024-09-11T13:51:53.586+0000] {dag.py:4156} INFO - Setting next_dagrun for example_complex to None, run_after=None
[2024-09-11T13:51:53.596+0000] {processor.py:208} INFO - Processing /home/airflow/.local/lib/python3.12/site-packages/airflow/example_dags/example_complex.py took 0.062 seconds
[2024-09-11T13:52:23.749+0000] {processor.py:186} INFO - Started process (PID=1400) to work on /home/airflow/.local/lib/python3.12/site-packages/airflow/example_dags/example_complex.py
[2024-09-11T13:52:23.753+0000] {processor.py:914} INFO - Processing file /home/airflow/.local/lib/python3.12/site-packages/airflow/example_dags/example_complex.py for tasks to queue
[2024-09-11T13:52:23.757+0000] {logging_mixin.py:190} INFO - [2024-09-11T13:52:23.756+0000] {dagbag.py:587} INFO - Filling up the DagBag from /home/airflow/.local/lib/python3.12/site-packages/airflow/example_dags/example_complex.py
[2024-09-11T13:52:23.769+0000] {processor.py:925} INFO - DAG(s) 'example_complex' retrieved from /home/airflow/.local/lib/python3.12/site-packages/airflow/example_dags/example_complex.py
[2024-09-11T13:52:23.802+0000] {logging_mixin.py:190} INFO - [2024-09-11T13:52:23.802+0000] {dag.py:3229} INFO - Sync 1 DAGs
[2024-09-11T13:52:23.809+0000] {logging_mixin.py:190} INFO - [2024-09-11T13:52:23.809+0000] {dag.py:4156} INFO - Setting next_dagrun for example_complex to None, run_after=None
[2024-09-11T13:52:23.818+0000] {processor.py:208} INFO - Processing /home/airflow/.local/lib/python3.12/site-packages/airflow/example_dags/example_complex.py took 0.077 seconds
[2024-09-11T13:52:54.584+0000] {processor.py:186} INFO - Started process (PID=1456) to work on /home/airflow/.local/lib/python3.12/site-packages/airflow/example_dags/example_complex.py
[2024-09-11T13:52:54.585+0000] {processor.py:914} INFO - Processing file /home/airflow/.local/lib/python3.12/site-packages/airflow/example_dags/example_complex.py for tasks to queue
[2024-09-11T13:52:54.588+0000] {logging_mixin.py:190} INFO - [2024-09-11T13:52:54.588+0000] {dagbag.py:587} INFO - Filling up the DagBag from /home/airflow/.local/lib/python3.12/site-packages/airflow/example_dags/example_complex.py
[2024-09-11T13:52:54.601+0000] {processor.py:925} INFO - DAG(s) 'example_complex' retrieved from /home/airflow/.local/lib/python3.12/site-packages/airflow/example_dags/example_complex.py
[2024-09-11T13:52:54.625+0000] {logging_mixin.py:190} INFO - [2024-09-11T13:52:54.625+0000] {dag.py:3229} INFO - Sync 1 DAGs
[2024-09-11T13:52:54.634+0000] {logging_mixin.py:190} INFO - [2024-09-11T13:52:54.634+0000] {dag.py:4156} INFO - Setting next_dagrun for example_complex to None, run_after=None
[2024-09-11T13:52:54.644+0000] {processor.py:208} INFO - Processing /home/airflow/.local/lib/python3.12/site-packages/airflow/example_dags/example_complex.py took 0.069 seconds
[2024-09-11T13:53:25.050+0000] {processor.py:186} INFO - Started process (PID=1512) to work on /home/airflow/.local/lib/python3.12/site-packages/airflow/example_dags/example_complex.py
[2024-09-11T13:53:25.052+0000] {processor.py:914} INFO - Processing file /home/airflow/.local/lib/python3.12/site-packages/airflow/example_dags/example_complex.py for tasks to queue
[2024-09-11T13:53:25.056+0000] {logging_mixin.py:190} INFO - [2024-09-11T13:53:25.055+0000] {dagbag.py:587} INFO - Filling up the DagBag from /home/airflow/.local/lib/python3.12/site-packages/airflow/example_dags/example_complex.py
[2024-09-11T13:53:25.068+0000] {processor.py:925} INFO - DAG(s) 'example_complex' retrieved from /home/airflow/.local/lib/python3.12/site-packages/airflow/example_dags/example_complex.py
[2024-09-11T13:53:25.092+0000] {logging_mixin.py:190} INFO - [2024-09-11T13:53:25.092+0000] {dag.py:3229} INFO - Sync 1 DAGs
[2024-09-11T13:53:25.101+0000] {logging_mixin.py:190} INFO - [2024-09-11T13:53:25.100+0000] {dag.py:4156} INFO - Setting next_dagrun for example_complex to None, run_after=None
[2024-09-11T13:53:25.111+0000] {processor.py:208} INFO - Processing /home/airflow/.local/lib/python3.12/site-packages/airflow/example_dags/example_complex.py took 0.071 seconds
[2024-09-11T13:53:55.722+0000] {processor.py:186} INFO - Started process (PID=1568) to work on /home/airflow/.local/lib/python3.12/site-packages/airflow/example_dags/example_complex.py
[2024-09-11T13:53:55.724+0000] {processor.py:914} INFO - Processing file /home/airflow/.local/lib/python3.12/site-packages/airflow/example_dags/example_complex.py for tasks to queue
[2024-09-11T13:53:55.728+0000] {logging_mixin.py:190} INFO - [2024-09-11T13:53:55.727+0000] {dagbag.py:587} INFO - Filling up the DagBag from /home/airflow/.local/lib/python3.12/site-packages/airflow/example_dags/example_complex.py
[2024-09-11T13:53:55.742+0000] {processor.py:925} INFO - DAG(s) 'example_complex' retrieved from /home/airflow/.local/lib/python3.12/site-packages/airflow/example_dags/example_complex.py
[2024-09-11T13:53:55.766+0000] {logging_mixin.py:190} INFO - [2024-09-11T13:53:55.765+0000] {dag.py:3229} INFO - Sync 1 DAGs
[2024-09-11T13:53:55.774+0000] {logging_mixin.py:190} INFO - [2024-09-11T13:53:55.774+0000] {dag.py:4156} INFO - Setting next_dagrun for example_complex to None, run_after=None
[2024-09-11T13:53:55.783+0000] {processor.py:208} INFO - Processing /home/airflow/.local/lib/python3.12/site-packages/airflow/example_dags/example_complex.py took 0.069 seconds
[2024-09-11T13:54:26.067+0000] {processor.py:186} INFO - Started process (PID=1624) to work on /home/airflow/.local/lib/python3.12/site-packages/airflow/example_dags/example_complex.py
[2024-09-11T13:54:26.068+0000] {processor.py:914} INFO - Processing file /home/airflow/.local/lib/python3.12/site-packages/airflow/example_dags/example_complex.py for tasks to queue
[2024-09-11T13:54:26.071+0000] {logging_mixin.py:190} INFO - [2024-09-11T13:54:26.071+0000] {dagbag.py:587} INFO - Filling up the DagBag from /home/airflow/.local/lib/python3.12/site-packages/airflow/example_dags/example_complex.py
[2024-09-11T13:54:26.083+0000] {processor.py:925} INFO - DAG(s) 'example_complex' retrieved from /home/airflow/.local/lib/python3.12/site-packages/airflow/example_dags/example_complex.py
[2024-09-11T13:54:26.105+0000] {logging_mixin.py:190} INFO - [2024-09-11T13:54:26.105+0000] {dag.py:3229} INFO - Sync 1 DAGs
[2024-09-11T13:54:26.113+0000] {logging_mixin.py:190} INFO - [2024-09-11T13:54:26.113+0000] {dag.py:4156} INFO - Setting next_dagrun for example_complex to None, run_after=None
[2024-09-11T13:54:26.121+0000] {processor.py:208} INFO - Processing /home/airflow/.local/lib/python3.12/site-packages/airflow/example_dags/example_complex.py took 0.063 seconds
[2024-09-11T13:54:56.426+0000] {processor.py:186} INFO - Started process (PID=1680) to work on /home/airflow/.local/lib/python3.12/site-packages/airflow/example_dags/example_complex.py
[2024-09-11T13:54:56.428+0000] {processor.py:914} INFO - Processing file /home/airflow/.local/lib/python3.12/site-packages/airflow/example_dags/example_complex.py for tasks to queue
[2024-09-11T13:54:56.430+0000] {logging_mixin.py:190} INFO - [2024-09-11T13:54:56.430+0000] {dagbag.py:587} INFO - Filling up the DagBag from /home/airflow/.local/lib/python3.12/site-packages/airflow/example_dags/example_complex.py
[2024-09-11T13:54:56.441+0000] {processor.py:925} INFO - DAG(s) 'example_complex' retrieved from /home/airflow/.local/lib/python3.12/site-packages/airflow/example_dags/example_complex.py
[2024-09-11T13:54:56.462+0000] {logging_mixin.py:190} INFO - [2024-09-11T13:54:56.462+0000] {dag.py:3229} INFO - Sync 1 DAGs
[2024-09-11T13:54:56.471+0000] {logging_mixin.py:190} INFO - [2024-09-11T13:54:56.470+0000] {dag.py:4156} INFO - Setting next_dagrun for example_complex to None, run_after=None
[2024-09-11T13:54:56.480+0000] {processor.py:208} INFO - Processing /home/airflow/.local/lib/python3.12/site-packages/airflow/example_dags/example_complex.py took 0.061 seconds
[2024-09-11T13:55:26.786+0000] {processor.py:186} INFO - Started process (PID=1736) to work on /home/airflow/.local/lib/python3.12/site-packages/airflow/example_dags/example_complex.py
[2024-09-11T13:55:26.787+0000] {processor.py:914} INFO - Processing file /home/airflow/.local/lib/python3.12/site-packages/airflow/example_dags/example_complex.py for tasks to queue
[2024-09-11T13:55:26.790+0000] {logging_mixin.py:190} INFO - [2024-09-11T13:55:26.790+0000] {dagbag.py:587} INFO - Filling up the DagBag from /home/airflow/.local/lib/python3.12/site-packages/airflow/example_dags/example_complex.py
[2024-09-11T13:55:26.802+0000] {processor.py:925} INFO - DAG(s) 'example_complex' retrieved from /home/airflow/.local/lib/python3.12/site-packages/airflow/example_dags/example_complex.py
[2024-09-11T13:55:26.825+0000] {logging_mixin.py:190} INFO - [2024-09-11T13:55:26.824+0000] {dag.py:3229} INFO - Sync 1 DAGs
[2024-09-11T13:55:26.832+0000] {logging_mixin.py:190} INFO - [2024-09-11T13:55:26.832+0000] {dag.py:4156} INFO - Setting next_dagrun for example_complex to None, run_after=None
[2024-09-11T13:55:26.842+0000] {processor.py:208} INFO - Processing /home/airflow/.local/lib/python3.12/site-packages/airflow/example_dags/example_complex.py took 0.065 seconds
[2024-09-11T13:55:57.116+0000] {processor.py:186} INFO - Started process (PID=1792) to work on /home/airflow/.local/lib/python3.12/site-packages/airflow/example_dags/example_complex.py
[2024-09-11T13:55:57.117+0000] {processor.py:914} INFO - Processing file /home/airflow/.local/lib/python3.12/site-packages/airflow/example_dags/example_complex.py for tasks to queue
[2024-09-11T13:55:57.120+0000] {logging_mixin.py:190} INFO - [2024-09-11T13:55:57.119+0000] {dagbag.py:587} INFO - Filling up the DagBag from /home/airflow/.local/lib/python3.12/site-packages/airflow/example_dags/example_complex.py
[2024-09-11T13:55:57.131+0000] {processor.py:925} INFO - DAG(s) 'example_complex' retrieved from /home/airflow/.local/lib/python3.12/site-packages/airflow/example_dags/example_complex.py
[2024-09-11T13:55:57.152+0000] {logging_mixin.py:190} INFO - [2024-09-11T13:55:57.152+0000] {dag.py:3229} INFO - Sync 1 DAGs
[2024-09-11T13:55:57.161+0000] {logging_mixin.py:190} INFO - [2024-09-11T13:55:57.161+0000] {dag.py:4156} INFO - Setting next_dagrun for example_complex to None, run_after=None
[2024-09-11T13:55:57.170+0000] {processor.py:208} INFO - Processing /home/airflow/.local/lib/python3.12/site-packages/airflow/example_dags/example_complex.py took 0.061 seconds
[2024-09-11T13:56:27.471+0000] {processor.py:186} INFO - Started process (PID=1848) to work on /home/airflow/.local/lib/python3.12/site-packages/airflow/example_dags/example_complex.py
[2024-09-11T13:56:27.472+0000] {processor.py:914} INFO - Processing file /home/airflow/.local/lib/python3.12/site-packages/airflow/example_dags/example_complex.py for tasks to queue
[2024-09-11T13:56:27.475+0000] {logging_mixin.py:190} INFO - [2024-09-11T13:56:27.475+0000] {dagbag.py:587} INFO - Filling up the DagBag from /home/airflow/.local/lib/python3.12/site-packages/airflow/example_dags/example_complex.py
[2024-09-11T13:56:27.486+0000] {processor.py:925} INFO - DAG(s) 'example_complex' retrieved from /home/airflow/.local/lib/python3.12/site-packages/airflow/example_dags/example_complex.py
[2024-09-11T13:56:27.507+0000] {logging_mixin.py:190} INFO - [2024-09-11T13:56:27.507+0000] {dag.py:3229} INFO - Sync 1 DAGs
[2024-09-11T13:56:27.515+0000] {logging_mixin.py:190} INFO - [2024-09-11T13:56:27.515+0000] {dag.py:4156} INFO - Setting next_dagrun for example_complex to None, run_after=None
[2024-09-11T13:56:27.525+0000] {processor.py:208} INFO - Processing /home/airflow/.local/lib/python3.12/site-packages/airflow/example_dags/example_complex.py took 0.062 seconds
[2024-09-11T13:56:57.804+0000] {processor.py:186} INFO - Started process (PID=1904) to work on /home/airflow/.local/lib/python3.12/site-packages/airflow/example_dags/example_complex.py
[2024-09-11T13:56:57.805+0000] {processor.py:914} INFO - Processing file /home/airflow/.local/lib/python3.12/site-packages/airflow/example_dags/example_complex.py for tasks to queue
[2024-09-11T13:56:57.808+0000] {logging_mixin.py:190} INFO - [2024-09-11T13:56:57.807+0000] {dagbag.py:587} INFO - Filling up the DagBag from /home/airflow/.local/lib/python3.12/site-packages/airflow/example_dags/example_complex.py
[2024-09-11T13:56:57.818+0000] {processor.py:925} INFO - DAG(s) 'example_complex' retrieved from /home/airflow/.local/lib/python3.12/site-packages/airflow/example_dags/example_complex.py
[2024-09-11T13:56:57.837+0000] {logging_mixin.py:190} INFO - [2024-09-11T13:56:57.837+0000] {dag.py:3229} INFO - Sync 1 DAGs
[2024-09-11T13:56:57.845+0000] {logging_mixin.py:190} INFO - [2024-09-11T13:56:57.845+0000] {dag.py:4156} INFO - Setting next_dagrun for example_complex to None, run_after=None
[2024-09-11T13:56:57.854+0000] {processor.py:208} INFO - Processing /home/airflow/.local/lib/python3.12/site-packages/airflow/example_dags/example_complex.py took 0.056 seconds
[2024-09-11T13:57:28.174+0000] {processor.py:186} INFO - Started process (PID=1960) to work on /home/airflow/.local/lib/python3.12/site-packages/airflow/example_dags/example_complex.py
[2024-09-11T13:57:28.175+0000] {processor.py:914} INFO - Processing file /home/airflow/.local/lib/python3.12/site-packages/airflow/example_dags/example_complex.py for tasks to queue
[2024-09-11T13:57:28.177+0000] {logging_mixin.py:190} INFO - [2024-09-11T13:57:28.177+0000] {dagbag.py:587} INFO - Filling up the DagBag from /home/airflow/.local/lib/python3.12/site-packages/airflow/example_dags/example_complex.py
[2024-09-11T13:57:28.189+0000] {processor.py:925} INFO - DAG(s) 'example_complex' retrieved from /home/airflow/.local/lib/python3.12/site-packages/airflow/example_dags/example_complex.py
[2024-09-11T13:57:28.214+0000] {logging_mixin.py:190} INFO - [2024-09-11T13:57:28.214+0000] {dag.py:3229} INFO - Sync 1 DAGs
[2024-09-11T13:57:28.223+0000] {logging_mixin.py:190} INFO - [2024-09-11T13:57:28.223+0000] {dag.py:4156} INFO - Setting next_dagrun for example_complex to None, run_after=None
[2024-09-11T13:57:28.233+0000] {processor.py:208} INFO - Processing /home/airflow/.local/lib/python3.12/site-packages/airflow/example_dags/example_complex.py took 0.066 seconds
[2024-09-11T13:57:58.613+0000] {processor.py:186} INFO - Started process (PID=2016) to work on /home/airflow/.local/lib/python3.12/site-packages/airflow/example_dags/example_complex.py
[2024-09-11T13:57:58.614+0000] {processor.py:914} INFO - Processing file /home/airflow/.local/lib/python3.12/site-packages/airflow/example_dags/example_complex.py for tasks to queue
[2024-09-11T13:57:58.617+0000] {logging_mixin.py:190} INFO - [2024-09-11T13:57:58.617+0000] {dagbag.py:587} INFO - Filling up the DagBag from /home/airflow/.local/lib/python3.12/site-packages/airflow/example_dags/example_complex.py
[2024-09-11T13:57:58.633+0000] {processor.py:925} INFO - DAG(s) 'example_complex' retrieved from /home/airflow/.local/lib/python3.12/site-packages/airflow/example_dags/example_complex.py
[2024-09-11T13:57:58.659+0000] {logging_mixin.py:190} INFO - [2024-09-11T13:57:58.659+0000] {dag.py:3229} INFO - Sync 1 DAGs
[2024-09-11T13:57:58.668+0000] {logging_mixin.py:190} INFO - [2024-09-11T13:57:58.668+0000] {dag.py:4156} INFO - Setting next_dagrun for example_complex to None, run_after=None
[2024-09-11T13:57:58.679+0000] {processor.py:208} INFO - Processing /home/airflow/.local/lib/python3.12/site-packages/airflow/example_dags/example_complex.py took 0.075 seconds
[2024-09-11T13:58:29.215+0000] {processor.py:186} INFO - Started process (PID=2072) to work on /home/airflow/.local/lib/python3.12/site-packages/airflow/example_dags/example_complex.py
[2024-09-11T13:58:29.220+0000] {processor.py:914} INFO - Processing file /home/airflow/.local/lib/python3.12/site-packages/airflow/example_dags/example_complex.py for tasks to queue
[2024-09-11T13:58:29.222+0000] {logging_mixin.py:190} INFO - [2024-09-11T13:58:29.222+0000] {dagbag.py:587} INFO - Filling up the DagBag from /home/airflow/.local/lib/python3.12/site-packages/airflow/example_dags/example_complex.py
[2024-09-11T13:58:29.233+0000] {processor.py:925} INFO - DAG(s) 'example_complex' retrieved from /home/airflow/.local/lib/python3.12/site-packages/airflow/example_dags/example_complex.py
[2024-09-11T13:58:29.254+0000] {logging_mixin.py:190} INFO - [2024-09-11T13:58:29.254+0000] {dag.py:3229} INFO - Sync 1 DAGs
[2024-09-11T13:58:29.262+0000] {logging_mixin.py:190} INFO - [2024-09-11T13:58:29.261+0000] {dag.py:4156} INFO - Setting next_dagrun for example_complex to None, run_after=None
[2024-09-11T13:58:29.270+0000] {processor.py:208} INFO - Processing /home/airflow/.local/lib/python3.12/site-packages/airflow/example_dags/example_complex.py took 0.062 seconds
