[2024-09-11T13:40:23.380+0000] {processor.py:186} INFO - Started process (PID=80) to work on /home/airflow/.local/lib/python3.12/site-packages/airflow/example_dags/example_dataset_alias.py
[2024-09-11T13:40:23.383+0000] {processor.py:914} INFO - Processing file /home/airflow/.local/lib/python3.12/site-packages/airflow/example_dags/example_dataset_alias.py for tasks to queue
[2024-09-11T13:40:23.387+0000] {logging_mixin.py:190} INFO - [2024-09-11T13:40:23.387+0000] {dagbag.py:587} INFO - Filling up the DagBag from /home/airflow/.local/lib/python3.12/site-packages/airflow/example_dags/example_dataset_alias.py
[2024-09-11T13:40:23.686+0000] {processor.py:925} INFO - DAG(s) 'dataset_s3_bucket_producer', 'dataset_alias_example_alias_producer', 'dataset_s3_bucket_consumer', 'dataset_alias_example_alias_consumer' retrieved from /home/airflow/.local/lib/python3.12/site-packages/airflow/example_dags/example_dataset_alias.py
[2024-09-11T13:40:23.841+0000] {logging_mixin.py:190} INFO - [2024-09-11T13:40:23.839+0000] {override.py:1900} INFO - Created Permission View: can read on DAG:dataset_s3_bucket_producer
[2024-09-11T13:40:23.889+0000] {logging_mixin.py:190} INFO - [2024-09-11T13:40:23.889+0000] {override.py:1900} INFO - Created Permission View: can delete on DAG:dataset_s3_bucket_producer
[2024-09-11T13:40:23.905+0000] {logging_mixin.py:190} INFO - [2024-09-11T13:40:23.905+0000] {override.py:1900} INFO - Created Permission View: can edit on DAG:dataset_s3_bucket_producer
[2024-09-11T13:40:23.915+0000] {logging_mixin.py:190} INFO - [2024-09-11T13:40:23.915+0000] {override.py:1900} INFO - Created Permission View: can read on DAG Run:dataset_s3_bucket_producer
[2024-09-11T13:40:23.928+0000] {logging_mixin.py:190} INFO - [2024-09-11T13:40:23.927+0000] {override.py:1900} INFO - Created Permission View: can create on DAG Run:dataset_s3_bucket_producer
[2024-09-11T13:40:23.936+0000] {logging_mixin.py:190} INFO - [2024-09-11T13:40:23.936+0000] {override.py:1900} INFO - Created Permission View: menu access on DAG Run:dataset_s3_bucket_producer
[2024-09-11T13:40:23.950+0000] {logging_mixin.py:190} INFO - [2024-09-11T13:40:23.949+0000] {override.py:1900} INFO - Created Permission View: can delete on DAG Run:dataset_s3_bucket_producer
[2024-09-11T13:40:23.965+0000] {logging_mixin.py:190} INFO - [2024-09-11T13:40:23.965+0000] {override.py:1900} INFO - Created Permission View: can read on DAG:dataset_alias_example_alias_producer
[2024-09-11T13:40:23.973+0000] {logging_mixin.py:190} INFO - [2024-09-11T13:40:23.973+0000] {override.py:1900} INFO - Created Permission View: can delete on DAG:dataset_alias_example_alias_producer
[2024-09-11T13:40:23.979+0000] {logging_mixin.py:190} INFO - [2024-09-11T13:40:23.979+0000] {override.py:1900} INFO - Created Permission View: can edit on DAG:dataset_alias_example_alias_producer
[2024-09-11T13:40:23.989+0000] {logging_mixin.py:190} INFO - [2024-09-11T13:40:23.989+0000] {override.py:1900} INFO - Created Permission View: can read on DAG Run:dataset_alias_example_alias_producer
[2024-09-11T13:40:23.999+0000] {logging_mixin.py:190} INFO - [2024-09-11T13:40:23.999+0000] {override.py:1900} INFO - Created Permission View: can create on DAG Run:dataset_alias_example_alias_producer
[2024-09-11T13:40:24.007+0000] {logging_mixin.py:190} INFO - [2024-09-11T13:40:24.007+0000] {override.py:1900} INFO - Created Permission View: menu access on DAG Run:dataset_alias_example_alias_producer
[2024-09-11T13:40:24.016+0000] {logging_mixin.py:190} INFO - [2024-09-11T13:40:24.016+0000] {override.py:1900} INFO - Created Permission View: can delete on DAG Run:dataset_alias_example_alias_producer
[2024-09-11T13:40:24.035+0000] {logging_mixin.py:190} INFO - [2024-09-11T13:40:24.034+0000] {override.py:1900} INFO - Created Permission View: can read on DAG:dataset_s3_bucket_consumer
[2024-09-11T13:40:24.046+0000] {logging_mixin.py:190} INFO - [2024-09-11T13:40:24.045+0000] {override.py:1900} INFO - Created Permission View: can delete on DAG:dataset_s3_bucket_consumer
[2024-09-11T13:40:24.057+0000] {logging_mixin.py:190} INFO - [2024-09-11T13:40:24.056+0000] {override.py:1900} INFO - Created Permission View: can edit on DAG:dataset_s3_bucket_consumer
[2024-09-11T13:40:24.067+0000] {logging_mixin.py:190} INFO - [2024-09-11T13:40:24.066+0000] {override.py:1900} INFO - Created Permission View: can read on DAG Run:dataset_s3_bucket_consumer
[2024-09-11T13:40:24.072+0000] {logging_mixin.py:190} INFO - [2024-09-11T13:40:24.072+0000] {override.py:1900} INFO - Created Permission View: can create on DAG Run:dataset_s3_bucket_consumer
[2024-09-11T13:40:24.079+0000] {logging_mixin.py:190} INFO - [2024-09-11T13:40:24.079+0000] {override.py:1900} INFO - Created Permission View: menu access on DAG Run:dataset_s3_bucket_consumer
[2024-09-11T13:40:24.083+0000] {logging_mixin.py:190} INFO - [2024-09-11T13:40:24.083+0000] {override.py:1900} INFO - Created Permission View: can delete on DAG Run:dataset_s3_bucket_consumer
[2024-09-11T13:40:24.099+0000] {logging_mixin.py:190} INFO - [2024-09-11T13:40:24.098+0000] {override.py:1900} INFO - Created Permission View: can read on DAG:dataset_alias_example_alias_consumer
[2024-09-11T13:40:24.109+0000] {logging_mixin.py:190} INFO - [2024-09-11T13:40:24.108+0000] {override.py:1900} INFO - Created Permission View: can delete on DAG:dataset_alias_example_alias_consumer
[2024-09-11T13:40:24.123+0000] {logging_mixin.py:190} INFO - [2024-09-11T13:40:24.122+0000] {override.py:1900} INFO - Created Permission View: can edit on DAG:dataset_alias_example_alias_consumer
[2024-09-11T13:40:24.134+0000] {logging_mixin.py:190} INFO - [2024-09-11T13:40:24.134+0000] {override.py:1900} INFO - Created Permission View: can read on DAG Run:dataset_alias_example_alias_consumer
[2024-09-11T13:40:24.141+0000] {logging_mixin.py:190} INFO - [2024-09-11T13:40:24.141+0000] {override.py:1900} INFO - Created Permission View: can create on DAG Run:dataset_alias_example_alias_consumer
[2024-09-11T13:40:24.159+0000] {logging_mixin.py:190} INFO - [2024-09-11T13:40:24.158+0000] {override.py:1900} INFO - Created Permission View: menu access on DAG Run:dataset_alias_example_alias_consumer
[2024-09-11T13:40:24.169+0000] {logging_mixin.py:190} INFO - [2024-09-11T13:40:24.169+0000] {override.py:1900} INFO - Created Permission View: can delete on DAG Run:dataset_alias_example_alias_consumer
[2024-09-11T13:40:24.172+0000] {logging_mixin.py:190} INFO - [2024-09-11T13:40:24.171+0000] {dag.py:3229} INFO - Sync 4 DAGs
[2024-09-11T13:40:24.199+0000] {logging_mixin.py:190} INFO - [2024-09-11T13:40:24.198+0000] {dag.py:3252} INFO - Creating ORM DAG for dataset_s3_bucket_producer
[2024-09-11T13:40:24.202+0000] {logging_mixin.py:190} INFO - [2024-09-11T13:40:24.202+0000] {dag.py:3252} INFO - Creating ORM DAG for dataset_s3_bucket_consumer
[2024-09-11T13:40:24.205+0000] {logging_mixin.py:190} INFO - [2024-09-11T13:40:24.204+0000] {dag.py:3252} INFO - Creating ORM DAG for dataset_alias_example_alias_consumer
[2024-09-11T13:40:24.206+0000] {logging_mixin.py:190} INFO - [2024-09-11T13:40:24.206+0000] {dag.py:3252} INFO - Creating ORM DAG for dataset_alias_example_alias_producer
[2024-09-11T13:40:24.219+0000] {logging_mixin.py:190} INFO - [2024-09-11T13:40:24.219+0000] {dag.py:4156} INFO - Setting next_dagrun for dataset_alias_example_alias_consumer to None, run_after=None
[2024-09-11T13:40:24.221+0000] {logging_mixin.py:190} INFO - [2024-09-11T13:40:24.221+0000] {dag.py:4156} INFO - Setting next_dagrun for dataset_alias_example_alias_producer to None, run_after=None
[2024-09-11T13:40:24.227+0000] {logging_mixin.py:190} INFO - [2024-09-11T13:40:24.226+0000] {dag.py:4156} INFO - Setting next_dagrun for dataset_s3_bucket_consumer to None, run_after=None
[2024-09-11T13:40:24.230+0000] {logging_mixin.py:190} INFO - [2024-09-11T13:40:24.229+0000] {dag.py:4156} INFO - Setting next_dagrun for dataset_s3_bucket_producer to None, run_after=None
[2024-09-11T13:40:24.269+0000] {processor.py:208} INFO - Processing /home/airflow/.local/lib/python3.12/site-packages/airflow/example_dags/example_dataset_alias.py took 0.904 seconds
[2024-09-11T13:40:54.386+0000] {processor.py:186} INFO - Started process (PID=136) to work on /home/airflow/.local/lib/python3.12/site-packages/airflow/example_dags/example_dataset_alias.py
[2024-09-11T13:40:54.388+0000] {processor.py:914} INFO - Processing file /home/airflow/.local/lib/python3.12/site-packages/airflow/example_dags/example_dataset_alias.py for tasks to queue
[2024-09-11T13:40:54.391+0000] {logging_mixin.py:190} INFO - [2024-09-11T13:40:54.391+0000] {dagbag.py:587} INFO - Filling up the DagBag from /home/airflow/.local/lib/python3.12/site-packages/airflow/example_dags/example_dataset_alias.py
[2024-09-11T13:40:54.547+0000] {processor.py:925} INFO - DAG(s) 'dataset_alias_example_alias_consumer', 'dataset_alias_example_alias_producer', 'dataset_s3_bucket_consumer', 'dataset_s3_bucket_producer' retrieved from /home/airflow/.local/lib/python3.12/site-packages/airflow/example_dags/example_dataset_alias.py
[2024-09-11T13:40:54.578+0000] {logging_mixin.py:190} INFO - [2024-09-11T13:40:54.578+0000] {dag.py:3229} INFO - Sync 4 DAGs
[2024-09-11T13:40:54.619+0000] {logging_mixin.py:190} INFO - [2024-09-11T13:40:54.618+0000] {dag.py:4156} INFO - Setting next_dagrun for dataset_alias_example_alias_consumer to None, run_after=None
[2024-09-11T13:40:54.623+0000] {logging_mixin.py:190} INFO - [2024-09-11T13:40:54.623+0000] {dag.py:4156} INFO - Setting next_dagrun for dataset_alias_example_alias_producer to None, run_after=None
[2024-09-11T13:40:54.624+0000] {logging_mixin.py:190} INFO - [2024-09-11T13:40:54.624+0000] {dag.py:4156} INFO - Setting next_dagrun for dataset_s3_bucket_consumer to None, run_after=None
[2024-09-11T13:40:54.625+0000] {logging_mixin.py:190} INFO - [2024-09-11T13:40:54.625+0000] {dag.py:4156} INFO - Setting next_dagrun for dataset_s3_bucket_producer to None, run_after=None
[2024-09-11T13:40:54.641+0000] {processor.py:208} INFO - Processing /home/airflow/.local/lib/python3.12/site-packages/airflow/example_dags/example_dataset_alias.py took 0.265 seconds
[2024-09-11T13:41:25.262+0000] {processor.py:186} INFO - Started process (PID=192) to work on /home/airflow/.local/lib/python3.12/site-packages/airflow/example_dags/example_dataset_alias.py
[2024-09-11T13:41:25.264+0000] {processor.py:914} INFO - Processing file /home/airflow/.local/lib/python3.12/site-packages/airflow/example_dags/example_dataset_alias.py for tasks to queue
[2024-09-11T13:41:25.267+0000] {logging_mixin.py:190} INFO - [2024-09-11T13:41:25.266+0000] {dagbag.py:587} INFO - Filling up the DagBag from /home/airflow/.local/lib/python3.12/site-packages/airflow/example_dags/example_dataset_alias.py
[2024-09-11T13:41:25.399+0000] {processor.py:925} INFO - DAG(s) 'dataset_s3_bucket_consumer', 'dataset_alias_example_alias_producer', 'dataset_s3_bucket_producer', 'dataset_alias_example_alias_consumer' retrieved from /home/airflow/.local/lib/python3.12/site-packages/airflow/example_dags/example_dataset_alias.py
[2024-09-11T13:41:25.409+0000] {logging_mixin.py:190} INFO - [2024-09-11T13:41:25.409+0000] {dag.py:3229} INFO - Sync 4 DAGs
[2024-09-11T13:41:25.421+0000] {logging_mixin.py:190} INFO - [2024-09-11T13:41:25.421+0000] {dag.py:4156} INFO - Setting next_dagrun for dataset_alias_example_alias_consumer to None, run_after=None
[2024-09-11T13:41:25.424+0000] {logging_mixin.py:190} INFO - [2024-09-11T13:41:25.424+0000] {dag.py:4156} INFO - Setting next_dagrun for dataset_alias_example_alias_producer to None, run_after=None
[2024-09-11T13:41:25.424+0000] {logging_mixin.py:190} INFO - [2024-09-11T13:41:25.424+0000] {dag.py:4156} INFO - Setting next_dagrun for dataset_s3_bucket_consumer to None, run_after=None
[2024-09-11T13:41:25.425+0000] {logging_mixin.py:190} INFO - [2024-09-11T13:41:25.425+0000] {dag.py:4156} INFO - Setting next_dagrun for dataset_s3_bucket_producer to None, run_after=None
[2024-09-11T13:41:25.436+0000] {processor.py:208} INFO - Processing /home/airflow/.local/lib/python3.12/site-packages/airflow/example_dags/example_dataset_alias.py took 0.180 seconds
[2024-09-11T13:41:56.435+0000] {processor.py:186} INFO - Started process (PID=248) to work on /home/airflow/.local/lib/python3.12/site-packages/airflow/example_dags/example_dataset_alias.py
[2024-09-11T13:41:56.436+0000] {processor.py:914} INFO - Processing file /home/airflow/.local/lib/python3.12/site-packages/airflow/example_dags/example_dataset_alias.py for tasks to queue
[2024-09-11T13:41:56.437+0000] {logging_mixin.py:190} INFO - [2024-09-11T13:41:56.437+0000] {dagbag.py:587} INFO - Filling up the DagBag from /home/airflow/.local/lib/python3.12/site-packages/airflow/example_dags/example_dataset_alias.py
[2024-09-11T13:41:56.568+0000] {processor.py:925} INFO - DAG(s) 'dataset_s3_bucket_producer', 'dataset_alias_example_alias_consumer', 'dataset_s3_bucket_consumer', 'dataset_alias_example_alias_producer' retrieved from /home/airflow/.local/lib/python3.12/site-packages/airflow/example_dags/example_dataset_alias.py
[2024-09-11T13:41:56.582+0000] {logging_mixin.py:190} INFO - [2024-09-11T13:41:56.581+0000] {dag.py:3229} INFO - Sync 4 DAGs
[2024-09-11T13:41:56.619+0000] {logging_mixin.py:190} INFO - [2024-09-11T13:41:56.617+0000] {dag.py:4156} INFO - Setting next_dagrun for dataset_alias_example_alias_consumer to None, run_after=None
[2024-09-11T13:41:56.630+0000] {logging_mixin.py:190} INFO - [2024-09-11T13:41:56.629+0000] {dag.py:4156} INFO - Setting next_dagrun for dataset_alias_example_alias_producer to None, run_after=None
[2024-09-11T13:41:56.631+0000] {logging_mixin.py:190} INFO - [2024-09-11T13:41:56.631+0000] {dag.py:4156} INFO - Setting next_dagrun for dataset_s3_bucket_consumer to None, run_after=None
[2024-09-11T13:41:56.632+0000] {logging_mixin.py:190} INFO - [2024-09-11T13:41:56.632+0000] {dag.py:4156} INFO - Setting next_dagrun for dataset_s3_bucket_producer to None, run_after=None
[2024-09-11T13:41:56.647+0000] {processor.py:208} INFO - Processing /home/airflow/.local/lib/python3.12/site-packages/airflow/example_dags/example_dataset_alias.py took 0.216 seconds
[2024-09-11T13:42:26.889+0000] {processor.py:186} INFO - Started process (PID=304) to work on /home/airflow/.local/lib/python3.12/site-packages/airflow/example_dags/example_dataset_alias.py
[2024-09-11T13:42:26.890+0000] {processor.py:914} INFO - Processing file /home/airflow/.local/lib/python3.12/site-packages/airflow/example_dags/example_dataset_alias.py for tasks to queue
[2024-09-11T13:42:26.892+0000] {logging_mixin.py:190} INFO - [2024-09-11T13:42:26.892+0000] {dagbag.py:587} INFO - Filling up the DagBag from /home/airflow/.local/lib/python3.12/site-packages/airflow/example_dags/example_dataset_alias.py
[2024-09-11T13:42:26.975+0000] {processor.py:925} INFO - DAG(s) 'dataset_alias_example_alias_producer', 'dataset_s3_bucket_producer', 'dataset_s3_bucket_consumer', 'dataset_alias_example_alias_consumer' retrieved from /home/airflow/.local/lib/python3.12/site-packages/airflow/example_dags/example_dataset_alias.py
[2024-09-11T13:42:26.984+0000] {logging_mixin.py:190} INFO - [2024-09-11T13:42:26.984+0000] {dag.py:3229} INFO - Sync 4 DAGs
[2024-09-11T13:42:26.994+0000] {logging_mixin.py:190} INFO - [2024-09-11T13:42:26.994+0000] {dag.py:4156} INFO - Setting next_dagrun for dataset_alias_example_alias_consumer to None, run_after=None
[2024-09-11T13:42:26.996+0000] {logging_mixin.py:190} INFO - [2024-09-11T13:42:26.996+0000] {dag.py:4156} INFO - Setting next_dagrun for dataset_alias_example_alias_producer to None, run_after=None
[2024-09-11T13:42:26.996+0000] {logging_mixin.py:190} INFO - [2024-09-11T13:42:26.996+0000] {dag.py:4156} INFO - Setting next_dagrun for dataset_s3_bucket_consumer to None, run_after=None
[2024-09-11T13:42:26.997+0000] {logging_mixin.py:190} INFO - [2024-09-11T13:42:26.997+0000] {dag.py:4156} INFO - Setting next_dagrun for dataset_s3_bucket_producer to None, run_after=None
[2024-09-11T13:42:27.007+0000] {processor.py:208} INFO - Processing /home/airflow/.local/lib/python3.12/site-packages/airflow/example_dags/example_dataset_alias.py took 0.124 seconds
[2024-09-11T13:42:57.227+0000] {processor.py:186} INFO - Started process (PID=360) to work on /home/airflow/.local/lib/python3.12/site-packages/airflow/example_dags/example_dataset_alias.py
[2024-09-11T13:42:57.228+0000] {processor.py:914} INFO - Processing file /home/airflow/.local/lib/python3.12/site-packages/airflow/example_dags/example_dataset_alias.py for tasks to queue
[2024-09-11T13:42:57.231+0000] {logging_mixin.py:190} INFO - [2024-09-11T13:42:57.230+0000] {dagbag.py:587} INFO - Filling up the DagBag from /home/airflow/.local/lib/python3.12/site-packages/airflow/example_dags/example_dataset_alias.py
[2024-09-11T13:42:57.323+0000] {processor.py:925} INFO - DAG(s) 'dataset_s3_bucket_consumer', 'dataset_s3_bucket_producer', 'dataset_alias_example_alias_consumer', 'dataset_alias_example_alias_producer' retrieved from /home/airflow/.local/lib/python3.12/site-packages/airflow/example_dags/example_dataset_alias.py
[2024-09-11T13:42:57.332+0000] {logging_mixin.py:190} INFO - [2024-09-11T13:42:57.332+0000] {dag.py:3229} INFO - Sync 4 DAGs
[2024-09-11T13:42:57.343+0000] {logging_mixin.py:190} INFO - [2024-09-11T13:42:57.343+0000] {dag.py:4156} INFO - Setting next_dagrun for dataset_alias_example_alias_consumer to None, run_after=None
[2024-09-11T13:42:57.345+0000] {logging_mixin.py:190} INFO - [2024-09-11T13:42:57.345+0000] {dag.py:4156} INFO - Setting next_dagrun for dataset_alias_example_alias_producer to None, run_after=None
[2024-09-11T13:42:57.345+0000] {logging_mixin.py:190} INFO - [2024-09-11T13:42:57.345+0000] {dag.py:4156} INFO - Setting next_dagrun for dataset_s3_bucket_consumer to None, run_after=None
[2024-09-11T13:42:57.346+0000] {logging_mixin.py:190} INFO - [2024-09-11T13:42:57.346+0000] {dag.py:4156} INFO - Setting next_dagrun for dataset_s3_bucket_producer to None, run_after=None
[2024-09-11T13:42:57.356+0000] {processor.py:208} INFO - Processing /home/airflow/.local/lib/python3.12/site-packages/airflow/example_dags/example_dataset_alias.py took 0.135 seconds
[2024-09-11T13:43:27.402+0000] {processor.py:186} INFO - Started process (PID=415) to work on /home/airflow/.local/lib/python3.12/site-packages/airflow/example_dags/example_dataset_alias.py
[2024-09-11T13:43:27.404+0000] {processor.py:914} INFO - Processing file /home/airflow/.local/lib/python3.12/site-packages/airflow/example_dags/example_dataset_alias.py for tasks to queue
[2024-09-11T13:43:27.408+0000] {logging_mixin.py:190} INFO - [2024-09-11T13:43:27.407+0000] {dagbag.py:587} INFO - Filling up the DagBag from /home/airflow/.local/lib/python3.12/site-packages/airflow/example_dags/example_dataset_alias.py
[2024-09-11T13:43:27.508+0000] {processor.py:925} INFO - DAG(s) 'dataset_alias_example_alias_producer', 'dataset_s3_bucket_producer', 'dataset_s3_bucket_consumer', 'dataset_alias_example_alias_consumer' retrieved from /home/airflow/.local/lib/python3.12/site-packages/airflow/example_dags/example_dataset_alias.py
[2024-09-11T13:43:27.518+0000] {logging_mixin.py:190} INFO - [2024-09-11T13:43:27.517+0000] {dag.py:3229} INFO - Sync 4 DAGs
[2024-09-11T13:43:27.529+0000] {logging_mixin.py:190} INFO - [2024-09-11T13:43:27.529+0000] {dag.py:4156} INFO - Setting next_dagrun for dataset_alias_example_alias_consumer to None, run_after=None
[2024-09-11T13:43:27.530+0000] {logging_mixin.py:190} INFO - [2024-09-11T13:43:27.530+0000] {dag.py:4156} INFO - Setting next_dagrun for dataset_alias_example_alias_producer to None, run_after=None
[2024-09-11T13:43:27.531+0000] {logging_mixin.py:190} INFO - [2024-09-11T13:43:27.531+0000] {dag.py:4156} INFO - Setting next_dagrun for dataset_s3_bucket_consumer to None, run_after=None
[2024-09-11T13:43:27.531+0000] {logging_mixin.py:190} INFO - [2024-09-11T13:43:27.531+0000] {dag.py:4156} INFO - Setting next_dagrun for dataset_s3_bucket_producer to None, run_after=None
[2024-09-11T13:43:27.541+0000] {processor.py:208} INFO - Processing /home/airflow/.local/lib/python3.12/site-packages/airflow/example_dags/example_dataset_alias.py took 0.149 seconds
[2024-09-11T13:43:57.601+0000] {processor.py:186} INFO - Started process (PID=471) to work on /home/airflow/.local/lib/python3.12/site-packages/airflow/example_dags/example_dataset_alias.py
[2024-09-11T13:43:57.603+0000] {processor.py:914} INFO - Processing file /home/airflow/.local/lib/python3.12/site-packages/airflow/example_dags/example_dataset_alias.py for tasks to queue
[2024-09-11T13:43:57.605+0000] {logging_mixin.py:190} INFO - [2024-09-11T13:43:57.605+0000] {dagbag.py:587} INFO - Filling up the DagBag from /home/airflow/.local/lib/python3.12/site-packages/airflow/example_dags/example_dataset_alias.py
[2024-09-11T13:43:57.705+0000] {processor.py:925} INFO - DAG(s) 'dataset_alias_example_alias_consumer', 'dataset_s3_bucket_producer', 'dataset_s3_bucket_consumer', 'dataset_alias_example_alias_producer' retrieved from /home/airflow/.local/lib/python3.12/site-packages/airflow/example_dags/example_dataset_alias.py
[2024-09-11T13:43:57.716+0000] {logging_mixin.py:190} INFO - [2024-09-11T13:43:57.716+0000] {dag.py:3229} INFO - Sync 4 DAGs
[2024-09-11T13:43:57.730+0000] {logging_mixin.py:190} INFO - [2024-09-11T13:43:57.729+0000] {dag.py:4156} INFO - Setting next_dagrun for dataset_alias_example_alias_consumer to None, run_after=None
[2024-09-11T13:43:57.732+0000] {logging_mixin.py:190} INFO - [2024-09-11T13:43:57.732+0000] {dag.py:4156} INFO - Setting next_dagrun for dataset_alias_example_alias_producer to None, run_after=None
[2024-09-11T13:43:57.733+0000] {logging_mixin.py:190} INFO - [2024-09-11T13:43:57.733+0000] {dag.py:4156} INFO - Setting next_dagrun for dataset_s3_bucket_consumer to None, run_after=None
[2024-09-11T13:43:57.733+0000] {logging_mixin.py:190} INFO - [2024-09-11T13:43:57.733+0000] {dag.py:4156} INFO - Setting next_dagrun for dataset_s3_bucket_producer to None, run_after=None
[2024-09-11T13:43:57.744+0000] {processor.py:208} INFO - Processing /home/airflow/.local/lib/python3.12/site-packages/airflow/example_dags/example_dataset_alias.py took 0.152 seconds
[2024-09-11T13:44:27.804+0000] {processor.py:186} INFO - Started process (PID=527) to work on /home/airflow/.local/lib/python3.12/site-packages/airflow/example_dags/example_dataset_alias.py
[2024-09-11T13:44:27.806+0000] {processor.py:914} INFO - Processing file /home/airflow/.local/lib/python3.12/site-packages/airflow/example_dags/example_dataset_alias.py for tasks to queue
[2024-09-11T13:44:27.810+0000] {logging_mixin.py:190} INFO - [2024-09-11T13:44:27.810+0000] {dagbag.py:587} INFO - Filling up the DagBag from /home/airflow/.local/lib/python3.12/site-packages/airflow/example_dags/example_dataset_alias.py
[2024-09-11T13:44:27.903+0000] {processor.py:925} INFO - DAG(s) 'dataset_alias_example_alias_producer', 'dataset_s3_bucket_producer', 'dataset_alias_example_alias_consumer', 'dataset_s3_bucket_consumer' retrieved from /home/airflow/.local/lib/python3.12/site-packages/airflow/example_dags/example_dataset_alias.py
[2024-09-11T13:44:27.912+0000] {logging_mixin.py:190} INFO - [2024-09-11T13:44:27.911+0000] {dag.py:3229} INFO - Sync 4 DAGs
[2024-09-11T13:44:27.921+0000] {logging_mixin.py:190} INFO - [2024-09-11T13:44:27.921+0000] {dag.py:4156} INFO - Setting next_dagrun for dataset_alias_example_alias_consumer to None, run_after=None
[2024-09-11T13:44:27.922+0000] {logging_mixin.py:190} INFO - [2024-09-11T13:44:27.922+0000] {dag.py:4156} INFO - Setting next_dagrun for dataset_alias_example_alias_producer to None, run_after=None
[2024-09-11T13:44:27.923+0000] {logging_mixin.py:190} INFO - [2024-09-11T13:44:27.923+0000] {dag.py:4156} INFO - Setting next_dagrun for dataset_s3_bucket_consumer to None, run_after=None
[2024-09-11T13:44:27.923+0000] {logging_mixin.py:190} INFO - [2024-09-11T13:44:27.923+0000] {dag.py:4156} INFO - Setting next_dagrun for dataset_s3_bucket_producer to None, run_after=None
[2024-09-11T13:44:27.932+0000] {processor.py:208} INFO - Processing /home/airflow/.local/lib/python3.12/site-packages/airflow/example_dags/example_dataset_alias.py took 0.136 seconds
[2024-09-11T13:44:58.180+0000] {processor.py:186} INFO - Started process (PID=584) to work on /home/airflow/.local/lib/python3.12/site-packages/airflow/example_dags/example_dataset_alias.py
[2024-09-11T13:44:58.181+0000] {processor.py:914} INFO - Processing file /home/airflow/.local/lib/python3.12/site-packages/airflow/example_dags/example_dataset_alias.py for tasks to queue
[2024-09-11T13:44:58.183+0000] {logging_mixin.py:190} INFO - [2024-09-11T13:44:58.183+0000] {dagbag.py:587} INFO - Filling up the DagBag from /home/airflow/.local/lib/python3.12/site-packages/airflow/example_dags/example_dataset_alias.py
[2024-09-11T13:44:58.269+0000] {processor.py:925} INFO - DAG(s) 'dataset_alias_example_alias_producer', 'dataset_s3_bucket_consumer', 'dataset_s3_bucket_producer', 'dataset_alias_example_alias_consumer' retrieved from /home/airflow/.local/lib/python3.12/site-packages/airflow/example_dags/example_dataset_alias.py
[2024-09-11T13:44:58.279+0000] {logging_mixin.py:190} INFO - [2024-09-11T13:44:58.278+0000] {dag.py:3229} INFO - Sync 4 DAGs
[2024-09-11T13:44:58.289+0000] {logging_mixin.py:190} INFO - [2024-09-11T13:44:58.289+0000] {dag.py:4156} INFO - Setting next_dagrun for dataset_alias_example_alias_consumer to None, run_after=None
[2024-09-11T13:44:58.290+0000] {logging_mixin.py:190} INFO - [2024-09-11T13:44:58.290+0000] {dag.py:4156} INFO - Setting next_dagrun for dataset_alias_example_alias_producer to None, run_after=None
[2024-09-11T13:44:58.291+0000] {logging_mixin.py:190} INFO - [2024-09-11T13:44:58.291+0000] {dag.py:4156} INFO - Setting next_dagrun for dataset_s3_bucket_consumer to None, run_after=None
[2024-09-11T13:44:58.292+0000] {logging_mixin.py:190} INFO - [2024-09-11T13:44:58.292+0000] {dag.py:4156} INFO - Setting next_dagrun for dataset_s3_bucket_producer to None, run_after=None
[2024-09-11T13:44:58.303+0000] {processor.py:208} INFO - Processing /home/airflow/.local/lib/python3.12/site-packages/airflow/example_dags/example_dataset_alias.py took 0.128 seconds
[2024-09-11T13:45:28.383+0000] {processor.py:186} INFO - Started process (PID=640) to work on /home/airflow/.local/lib/python3.12/site-packages/airflow/example_dags/example_dataset_alias.py
[2024-09-11T13:45:28.384+0000] {processor.py:914} INFO - Processing file /home/airflow/.local/lib/python3.12/site-packages/airflow/example_dags/example_dataset_alias.py for tasks to queue
[2024-09-11T13:45:28.386+0000] {logging_mixin.py:190} INFO - [2024-09-11T13:45:28.386+0000] {dagbag.py:587} INFO - Filling up the DagBag from /home/airflow/.local/lib/python3.12/site-packages/airflow/example_dags/example_dataset_alias.py
[2024-09-11T13:45:28.467+0000] {processor.py:925} INFO - DAG(s) 'dataset_alias_example_alias_producer', 'dataset_s3_bucket_consumer', 'dataset_s3_bucket_producer', 'dataset_alias_example_alias_consumer' retrieved from /home/airflow/.local/lib/python3.12/site-packages/airflow/example_dags/example_dataset_alias.py
[2024-09-11T13:45:28.476+0000] {logging_mixin.py:190} INFO - [2024-09-11T13:45:28.475+0000] {dag.py:3229} INFO - Sync 4 DAGs
[2024-09-11T13:45:28.486+0000] {logging_mixin.py:190} INFO - [2024-09-11T13:45:28.486+0000] {dag.py:4156} INFO - Setting next_dagrun for dataset_alias_example_alias_consumer to None, run_after=None
[2024-09-11T13:45:28.487+0000] {logging_mixin.py:190} INFO - [2024-09-11T13:45:28.487+0000] {dag.py:4156} INFO - Setting next_dagrun for dataset_alias_example_alias_producer to None, run_after=None
[2024-09-11T13:45:28.488+0000] {logging_mixin.py:190} INFO - [2024-09-11T13:45:28.488+0000] {dag.py:4156} INFO - Setting next_dagrun for dataset_s3_bucket_consumer to None, run_after=None
[2024-09-11T13:45:28.489+0000] {logging_mixin.py:190} INFO - [2024-09-11T13:45:28.488+0000] {dag.py:4156} INFO - Setting next_dagrun for dataset_s3_bucket_producer to None, run_after=None
[2024-09-11T13:45:28.499+0000] {processor.py:208} INFO - Processing /home/airflow/.local/lib/python3.12/site-packages/airflow/example_dags/example_dataset_alias.py took 0.120 seconds
[2024-09-11T13:45:58.566+0000] {processor.py:186} INFO - Started process (PID=696) to work on /home/airflow/.local/lib/python3.12/site-packages/airflow/example_dags/example_dataset_alias.py
[2024-09-11T13:45:58.568+0000] {processor.py:914} INFO - Processing file /home/airflow/.local/lib/python3.12/site-packages/airflow/example_dags/example_dataset_alias.py for tasks to queue
[2024-09-11T13:45:58.570+0000] {logging_mixin.py:190} INFO - [2024-09-11T13:45:58.569+0000] {dagbag.py:587} INFO - Filling up the DagBag from /home/airflow/.local/lib/python3.12/site-packages/airflow/example_dags/example_dataset_alias.py
[2024-09-11T13:45:58.650+0000] {processor.py:925} INFO - DAG(s) 'dataset_s3_bucket_consumer', 'dataset_s3_bucket_producer', 'dataset_alias_example_alias_consumer', 'dataset_alias_example_alias_producer' retrieved from /home/airflow/.local/lib/python3.12/site-packages/airflow/example_dags/example_dataset_alias.py
[2024-09-11T13:45:58.660+0000] {logging_mixin.py:190} INFO - [2024-09-11T13:45:58.660+0000] {dag.py:3229} INFO - Sync 4 DAGs
[2024-09-11T13:45:58.671+0000] {logging_mixin.py:190} INFO - [2024-09-11T13:45:58.670+0000] {dag.py:4156} INFO - Setting next_dagrun for dataset_alias_example_alias_consumer to None, run_after=None
[2024-09-11T13:45:58.673+0000] {logging_mixin.py:190} INFO - [2024-09-11T13:45:58.673+0000] {dag.py:4156} INFO - Setting next_dagrun for dataset_alias_example_alias_producer to None, run_after=None
[2024-09-11T13:45:58.674+0000] {logging_mixin.py:190} INFO - [2024-09-11T13:45:58.674+0000] {dag.py:4156} INFO - Setting next_dagrun for dataset_s3_bucket_consumer to None, run_after=None
[2024-09-11T13:45:58.674+0000] {logging_mixin.py:190} INFO - [2024-09-11T13:45:58.674+0000] {dag.py:4156} INFO - Setting next_dagrun for dataset_s3_bucket_producer to None, run_after=None
[2024-09-11T13:45:58.684+0000] {processor.py:208} INFO - Processing /home/airflow/.local/lib/python3.12/site-packages/airflow/example_dags/example_dataset_alias.py took 0.123 seconds
[2024-09-11T13:46:28.713+0000] {processor.py:186} INFO - Started process (PID=751) to work on /home/airflow/.local/lib/python3.12/site-packages/airflow/example_dags/example_dataset_alias.py
[2024-09-11T13:46:28.714+0000] {processor.py:914} INFO - Processing file /home/airflow/.local/lib/python3.12/site-packages/airflow/example_dags/example_dataset_alias.py for tasks to queue
[2024-09-11T13:46:28.717+0000] {logging_mixin.py:190} INFO - [2024-09-11T13:46:28.717+0000] {dagbag.py:587} INFO - Filling up the DagBag from /home/airflow/.local/lib/python3.12/site-packages/airflow/example_dags/example_dataset_alias.py
[2024-09-11T13:46:28.806+0000] {processor.py:925} INFO - DAG(s) 'dataset_alias_example_alias_producer', 'dataset_alias_example_alias_consumer', 'dataset_s3_bucket_consumer', 'dataset_s3_bucket_producer' retrieved from /home/airflow/.local/lib/python3.12/site-packages/airflow/example_dags/example_dataset_alias.py
[2024-09-11T13:46:28.815+0000] {logging_mixin.py:190} INFO - [2024-09-11T13:46:28.815+0000] {dag.py:3229} INFO - Sync 4 DAGs
[2024-09-11T13:46:28.826+0000] {logging_mixin.py:190} INFO - [2024-09-11T13:46:28.826+0000] {dag.py:4156} INFO - Setting next_dagrun for dataset_alias_example_alias_consumer to None, run_after=None
[2024-09-11T13:46:28.828+0000] {logging_mixin.py:190} INFO - [2024-09-11T13:46:28.828+0000] {dag.py:4156} INFO - Setting next_dagrun for dataset_alias_example_alias_producer to None, run_after=None
[2024-09-11T13:46:28.828+0000] {logging_mixin.py:190} INFO - [2024-09-11T13:46:28.828+0000] {dag.py:4156} INFO - Setting next_dagrun for dataset_s3_bucket_consumer to None, run_after=None
[2024-09-11T13:46:28.829+0000] {logging_mixin.py:190} INFO - [2024-09-11T13:46:28.829+0000] {dag.py:4156} INFO - Setting next_dagrun for dataset_s3_bucket_producer to None, run_after=None
[2024-09-11T13:46:28.838+0000] {processor.py:208} INFO - Processing /home/airflow/.local/lib/python3.12/site-packages/airflow/example_dags/example_dataset_alias.py took 0.130 seconds
[2024-09-11T13:46:59.101+0000] {processor.py:186} INFO - Started process (PID=807) to work on /home/airflow/.local/lib/python3.12/site-packages/airflow/example_dags/example_dataset_alias.py
[2024-09-11T13:46:59.102+0000] {processor.py:914} INFO - Processing file /home/airflow/.local/lib/python3.12/site-packages/airflow/example_dags/example_dataset_alias.py for tasks to queue
[2024-09-11T13:46:59.105+0000] {logging_mixin.py:190} INFO - [2024-09-11T13:46:59.105+0000] {dagbag.py:587} INFO - Filling up the DagBag from /home/airflow/.local/lib/python3.12/site-packages/airflow/example_dags/example_dataset_alias.py
[2024-09-11T13:46:59.201+0000] {processor.py:925} INFO - DAG(s) 'dataset_alias_example_alias_consumer', 'dataset_alias_example_alias_producer', 'dataset_s3_bucket_consumer', 'dataset_s3_bucket_producer' retrieved from /home/airflow/.local/lib/python3.12/site-packages/airflow/example_dags/example_dataset_alias.py
[2024-09-11T13:46:59.210+0000] {logging_mixin.py:190} INFO - [2024-09-11T13:46:59.210+0000] {dag.py:3229} INFO - Sync 4 DAGs
[2024-09-11T13:46:59.222+0000] {logging_mixin.py:190} INFO - [2024-09-11T13:46:59.222+0000] {dag.py:4156} INFO - Setting next_dagrun for dataset_alias_example_alias_consumer to None, run_after=None
[2024-09-11T13:46:59.224+0000] {logging_mixin.py:190} INFO - [2024-09-11T13:46:59.224+0000] {dag.py:4156} INFO - Setting next_dagrun for dataset_alias_example_alias_producer to None, run_after=None
[2024-09-11T13:46:59.225+0000] {logging_mixin.py:190} INFO - [2024-09-11T13:46:59.225+0000] {dag.py:4156} INFO - Setting next_dagrun for dataset_s3_bucket_consumer to None, run_after=None
[2024-09-11T13:46:59.225+0000] {logging_mixin.py:190} INFO - [2024-09-11T13:46:59.225+0000] {dag.py:4156} INFO - Setting next_dagrun for dataset_s3_bucket_producer to None, run_after=None
[2024-09-11T13:46:59.234+0000] {processor.py:208} INFO - Processing /home/airflow/.local/lib/python3.12/site-packages/airflow/example_dags/example_dataset_alias.py took 0.141 seconds
[2024-09-11T13:47:29.320+0000] {processor.py:186} INFO - Started process (PID=865) to work on /home/airflow/.local/lib/python3.12/site-packages/airflow/example_dags/example_dataset_alias.py
[2024-09-11T13:47:29.321+0000] {processor.py:914} INFO - Processing file /home/airflow/.local/lib/python3.12/site-packages/airflow/example_dags/example_dataset_alias.py for tasks to queue
[2024-09-11T13:47:29.323+0000] {logging_mixin.py:190} INFO - [2024-09-11T13:47:29.322+0000] {dagbag.py:587} INFO - Filling up the DagBag from /home/airflow/.local/lib/python3.12/site-packages/airflow/example_dags/example_dataset_alias.py
[2024-09-11T13:47:29.404+0000] {processor.py:925} INFO - DAG(s) 'dataset_alias_example_alias_producer', 'dataset_alias_example_alias_consumer', 'dataset_s3_bucket_producer', 'dataset_s3_bucket_consumer' retrieved from /home/airflow/.local/lib/python3.12/site-packages/airflow/example_dags/example_dataset_alias.py
[2024-09-11T13:47:29.414+0000] {logging_mixin.py:190} INFO - [2024-09-11T13:47:29.414+0000] {dag.py:3229} INFO - Sync 4 DAGs
[2024-09-11T13:47:29.425+0000] {logging_mixin.py:190} INFO - [2024-09-11T13:47:29.425+0000] {dag.py:4156} INFO - Setting next_dagrun for dataset_alias_example_alias_consumer to None, run_after=None
[2024-09-11T13:47:29.426+0000] {logging_mixin.py:190} INFO - [2024-09-11T13:47:29.426+0000] {dag.py:4156} INFO - Setting next_dagrun for dataset_alias_example_alias_producer to None, run_after=None
[2024-09-11T13:47:29.427+0000] {logging_mixin.py:190} INFO - [2024-09-11T13:47:29.427+0000] {dag.py:4156} INFO - Setting next_dagrun for dataset_s3_bucket_consumer to None, run_after=None
[2024-09-11T13:47:29.427+0000] {logging_mixin.py:190} INFO - [2024-09-11T13:47:29.427+0000] {dag.py:4156} INFO - Setting next_dagrun for dataset_s3_bucket_producer to None, run_after=None
[2024-09-11T13:47:29.436+0000] {processor.py:208} INFO - Processing /home/airflow/.local/lib/python3.12/site-packages/airflow/example_dags/example_dataset_alias.py took 0.118 seconds
[2024-09-11T13:47:59.537+0000] {processor.py:186} INFO - Started process (PID=923) to work on /home/airflow/.local/lib/python3.12/site-packages/airflow/example_dags/example_dataset_alias.py
[2024-09-11T13:47:59.538+0000] {processor.py:914} INFO - Processing file /home/airflow/.local/lib/python3.12/site-packages/airflow/example_dags/example_dataset_alias.py for tasks to queue
[2024-09-11T13:47:59.540+0000] {logging_mixin.py:190} INFO - [2024-09-11T13:47:59.539+0000] {dagbag.py:587} INFO - Filling up the DagBag from /home/airflow/.local/lib/python3.12/site-packages/airflow/example_dags/example_dataset_alias.py
[2024-09-11T13:47:59.626+0000] {processor.py:925} INFO - DAG(s) 'dataset_s3_bucket_consumer', 'dataset_alias_example_alias_consumer', 'dataset_s3_bucket_producer', 'dataset_alias_example_alias_producer' retrieved from /home/airflow/.local/lib/python3.12/site-packages/airflow/example_dags/example_dataset_alias.py
[2024-09-11T13:47:59.636+0000] {logging_mixin.py:190} INFO - [2024-09-11T13:47:59.636+0000] {dag.py:3229} INFO - Sync 4 DAGs
[2024-09-11T13:47:59.648+0000] {logging_mixin.py:190} INFO - [2024-09-11T13:47:59.648+0000] {dag.py:4156} INFO - Setting next_dagrun for dataset_alias_example_alias_consumer to None, run_after=None
[2024-09-11T13:47:59.649+0000] {logging_mixin.py:190} INFO - [2024-09-11T13:47:59.649+0000] {dag.py:4156} INFO - Setting next_dagrun for dataset_alias_example_alias_producer to None, run_after=None
[2024-09-11T13:47:59.650+0000] {logging_mixin.py:190} INFO - [2024-09-11T13:47:59.650+0000] {dag.py:4156} INFO - Setting next_dagrun for dataset_s3_bucket_consumer to None, run_after=None
[2024-09-11T13:47:59.651+0000] {logging_mixin.py:190} INFO - [2024-09-11T13:47:59.651+0000] {dag.py:4156} INFO - Setting next_dagrun for dataset_s3_bucket_producer to None, run_after=None
[2024-09-11T13:47:59.660+0000] {processor.py:208} INFO - Processing /home/airflow/.local/lib/python3.12/site-packages/airflow/example_dags/example_dataset_alias.py took 0.126 seconds
[2024-09-11T13:48:29.726+0000] {processor.py:186} INFO - Started process (PID=975) to work on /home/airflow/.local/lib/python3.12/site-packages/airflow/example_dags/example_dataset_alias.py
[2024-09-11T13:48:29.728+0000] {processor.py:914} INFO - Processing file /home/airflow/.local/lib/python3.12/site-packages/airflow/example_dags/example_dataset_alias.py for tasks to queue
[2024-09-11T13:48:29.730+0000] {logging_mixin.py:190} INFO - [2024-09-11T13:48:29.730+0000] {dagbag.py:587} INFO - Filling up the DagBag from /home/airflow/.local/lib/python3.12/site-packages/airflow/example_dags/example_dataset_alias.py
[2024-09-11T13:48:29.830+0000] {processor.py:925} INFO - DAG(s) 'dataset_s3_bucket_consumer', 'dataset_alias_example_alias_producer', 'dataset_alias_example_alias_consumer', 'dataset_s3_bucket_producer' retrieved from /home/airflow/.local/lib/python3.12/site-packages/airflow/example_dags/example_dataset_alias.py
[2024-09-11T13:48:29.841+0000] {logging_mixin.py:190} INFO - [2024-09-11T13:48:29.841+0000] {dag.py:3229} INFO - Sync 4 DAGs
[2024-09-11T13:48:29.853+0000] {logging_mixin.py:190} INFO - [2024-09-11T13:48:29.853+0000] {dag.py:4156} INFO - Setting next_dagrun for dataset_alias_example_alias_consumer to None, run_after=None
[2024-09-11T13:48:29.854+0000] {logging_mixin.py:190} INFO - [2024-09-11T13:48:29.854+0000] {dag.py:4156} INFO - Setting next_dagrun for dataset_alias_example_alias_producer to None, run_after=None
[2024-09-11T13:48:29.855+0000] {logging_mixin.py:190} INFO - [2024-09-11T13:48:29.855+0000] {dag.py:4156} INFO - Setting next_dagrun for dataset_s3_bucket_consumer to None, run_after=None
[2024-09-11T13:48:29.856+0000] {logging_mixin.py:190} INFO - [2024-09-11T13:48:29.856+0000] {dag.py:4156} INFO - Setting next_dagrun for dataset_s3_bucket_producer to None, run_after=None
[2024-09-11T13:48:29.865+0000] {processor.py:208} INFO - Processing /home/airflow/.local/lib/python3.12/site-packages/airflow/example_dags/example_dataset_alias.py took 0.148 seconds
[2024-09-11T13:48:59.896+0000] {processor.py:186} INFO - Started process (PID=1031) to work on /home/airflow/.local/lib/python3.12/site-packages/airflow/example_dags/example_dataset_alias.py
[2024-09-11T13:48:59.898+0000] {processor.py:914} INFO - Processing file /home/airflow/.local/lib/python3.12/site-packages/airflow/example_dags/example_dataset_alias.py for tasks to queue
[2024-09-11T13:48:59.901+0000] {logging_mixin.py:190} INFO - [2024-09-11T13:48:59.900+0000] {dagbag.py:587} INFO - Filling up the DagBag from /home/airflow/.local/lib/python3.12/site-packages/airflow/example_dags/example_dataset_alias.py
[2024-09-11T13:48:59.996+0000] {processor.py:925} INFO - DAG(s) 'dataset_s3_bucket_consumer', 'dataset_alias_example_alias_consumer', 'dataset_s3_bucket_producer', 'dataset_alias_example_alias_producer' retrieved from /home/airflow/.local/lib/python3.12/site-packages/airflow/example_dags/example_dataset_alias.py
[2024-09-11T13:49:00.006+0000] {logging_mixin.py:190} INFO - [2024-09-11T13:49:00.006+0000] {dag.py:3229} INFO - Sync 4 DAGs
[2024-09-11T13:49:00.018+0000] {logging_mixin.py:190} INFO - [2024-09-11T13:49:00.018+0000] {dag.py:4156} INFO - Setting next_dagrun for dataset_alias_example_alias_consumer to None, run_after=None
[2024-09-11T13:49:00.020+0000] {logging_mixin.py:190} INFO - [2024-09-11T13:49:00.020+0000] {dag.py:4156} INFO - Setting next_dagrun for dataset_alias_example_alias_producer to None, run_after=None
[2024-09-11T13:49:00.021+0000] {logging_mixin.py:190} INFO - [2024-09-11T13:49:00.021+0000] {dag.py:4156} INFO - Setting next_dagrun for dataset_s3_bucket_consumer to None, run_after=None
[2024-09-11T13:49:00.021+0000] {logging_mixin.py:190} INFO - [2024-09-11T13:49:00.021+0000] {dag.py:4156} INFO - Setting next_dagrun for dataset_s3_bucket_producer to None, run_after=None
[2024-09-11T13:49:00.031+0000] {processor.py:208} INFO - Processing /home/airflow/.local/lib/python3.12/site-packages/airflow/example_dags/example_dataset_alias.py took 0.142 seconds
[2024-09-11T13:49:30.170+0000] {processor.py:186} INFO - Started process (PID=1087) to work on /home/airflow/.local/lib/python3.12/site-packages/airflow/example_dags/example_dataset_alias.py
[2024-09-11T13:49:30.172+0000] {processor.py:914} INFO - Processing file /home/airflow/.local/lib/python3.12/site-packages/airflow/example_dags/example_dataset_alias.py for tasks to queue
[2024-09-11T13:49:30.175+0000] {logging_mixin.py:190} INFO - [2024-09-11T13:49:30.175+0000] {dagbag.py:587} INFO - Filling up the DagBag from /home/airflow/.local/lib/python3.12/site-packages/airflow/example_dags/example_dataset_alias.py
[2024-09-11T13:49:30.276+0000] {processor.py:925} INFO - DAG(s) 'dataset_alias_example_alias_consumer', 'dataset_s3_bucket_producer', 'dataset_s3_bucket_consumer', 'dataset_alias_example_alias_producer' retrieved from /home/airflow/.local/lib/python3.12/site-packages/airflow/example_dags/example_dataset_alias.py
[2024-09-11T13:49:30.285+0000] {logging_mixin.py:190} INFO - [2024-09-11T13:49:30.285+0000] {dag.py:3229} INFO - Sync 4 DAGs
[2024-09-11T13:49:30.297+0000] {logging_mixin.py:190} INFO - [2024-09-11T13:49:30.297+0000] {dag.py:4156} INFO - Setting next_dagrun for dataset_alias_example_alias_consumer to None, run_after=None
[2024-09-11T13:49:30.299+0000] {logging_mixin.py:190} INFO - [2024-09-11T13:49:30.299+0000] {dag.py:4156} INFO - Setting next_dagrun for dataset_alias_example_alias_producer to None, run_after=None
[2024-09-11T13:49:30.299+0000] {logging_mixin.py:190} INFO - [2024-09-11T13:49:30.299+0000] {dag.py:4156} INFO - Setting next_dagrun for dataset_s3_bucket_consumer to None, run_after=None
[2024-09-11T13:49:30.300+0000] {logging_mixin.py:190} INFO - [2024-09-11T13:49:30.300+0000] {dag.py:4156} INFO - Setting next_dagrun for dataset_s3_bucket_producer to None, run_after=None
[2024-09-11T13:49:30.309+0000] {processor.py:208} INFO - Processing /home/airflow/.local/lib/python3.12/site-packages/airflow/example_dags/example_dataset_alias.py took 0.147 seconds
[2024-09-11T13:50:00.463+0000] {processor.py:186} INFO - Started process (PID=1143) to work on /home/airflow/.local/lib/python3.12/site-packages/airflow/example_dags/example_dataset_alias.py
[2024-09-11T13:50:00.463+0000] {processor.py:914} INFO - Processing file /home/airflow/.local/lib/python3.12/site-packages/airflow/example_dags/example_dataset_alias.py for tasks to queue
[2024-09-11T13:50:00.466+0000] {logging_mixin.py:190} INFO - [2024-09-11T13:50:00.465+0000] {dagbag.py:587} INFO - Filling up the DagBag from /home/airflow/.local/lib/python3.12/site-packages/airflow/example_dags/example_dataset_alias.py
[2024-09-11T13:50:00.571+0000] {processor.py:925} INFO - DAG(s) 'dataset_s3_bucket_producer', 'dataset_s3_bucket_consumer', 'dataset_alias_example_alias_consumer', 'dataset_alias_example_alias_producer' retrieved from /home/airflow/.local/lib/python3.12/site-packages/airflow/example_dags/example_dataset_alias.py
[2024-09-11T13:50:00.589+0000] {logging_mixin.py:190} INFO - [2024-09-11T13:50:00.588+0000] {dag.py:3229} INFO - Sync 4 DAGs
[2024-09-11T13:50:00.603+0000] {logging_mixin.py:190} INFO - [2024-09-11T13:50:00.603+0000] {dag.py:4156} INFO - Setting next_dagrun for dataset_alias_example_alias_consumer to None, run_after=None
[2024-09-11T13:50:00.604+0000] {logging_mixin.py:190} INFO - [2024-09-11T13:50:00.604+0000] {dag.py:4156} INFO - Setting next_dagrun for dataset_alias_example_alias_producer to None, run_after=None
[2024-09-11T13:50:00.605+0000] {logging_mixin.py:190} INFO - [2024-09-11T13:50:00.605+0000] {dag.py:4156} INFO - Setting next_dagrun for dataset_s3_bucket_consumer to None, run_after=None
[2024-09-11T13:50:00.606+0000] {logging_mixin.py:190} INFO - [2024-09-11T13:50:00.606+0000] {dag.py:4156} INFO - Setting next_dagrun for dataset_s3_bucket_producer to None, run_after=None
[2024-09-11T13:50:00.617+0000] {processor.py:208} INFO - Processing /home/airflow/.local/lib/python3.12/site-packages/airflow/example_dags/example_dataset_alias.py took 0.163 seconds
[2024-09-11T13:50:30.752+0000] {processor.py:186} INFO - Started process (PID=1199) to work on /home/airflow/.local/lib/python3.12/site-packages/airflow/example_dags/example_dataset_alias.py
[2024-09-11T13:50:30.753+0000] {processor.py:914} INFO - Processing file /home/airflow/.local/lib/python3.12/site-packages/airflow/example_dags/example_dataset_alias.py for tasks to queue
[2024-09-11T13:50:30.756+0000] {logging_mixin.py:190} INFO - [2024-09-11T13:50:30.756+0000] {dagbag.py:587} INFO - Filling up the DagBag from /home/airflow/.local/lib/python3.12/site-packages/airflow/example_dags/example_dataset_alias.py
[2024-09-11T13:50:30.854+0000] {processor.py:925} INFO - DAG(s) 'dataset_alias_example_alias_consumer', 'dataset_s3_bucket_producer', 'dataset_alias_example_alias_producer', 'dataset_s3_bucket_consumer' retrieved from /home/airflow/.local/lib/python3.12/site-packages/airflow/example_dags/example_dataset_alias.py
[2024-09-11T13:50:30.865+0000] {logging_mixin.py:190} INFO - [2024-09-11T13:50:30.864+0000] {dag.py:3229} INFO - Sync 4 DAGs
[2024-09-11T13:50:30.876+0000] {logging_mixin.py:190} INFO - [2024-09-11T13:50:30.875+0000] {dag.py:4156} INFO - Setting next_dagrun for dataset_alias_example_alias_consumer to None, run_after=None
[2024-09-11T13:50:30.877+0000] {logging_mixin.py:190} INFO - [2024-09-11T13:50:30.877+0000] {dag.py:4156} INFO - Setting next_dagrun for dataset_alias_example_alias_producer to None, run_after=None
[2024-09-11T13:50:30.878+0000] {logging_mixin.py:190} INFO - [2024-09-11T13:50:30.877+0000] {dag.py:4156} INFO - Setting next_dagrun for dataset_s3_bucket_consumer to None, run_after=None
[2024-09-11T13:50:30.878+0000] {logging_mixin.py:190} INFO - [2024-09-11T13:50:30.878+0000] {dag.py:4156} INFO - Setting next_dagrun for dataset_s3_bucket_producer to None, run_after=None
[2024-09-11T13:50:30.888+0000] {processor.py:208} INFO - Processing /home/airflow/.local/lib/python3.12/site-packages/airflow/example_dags/example_dataset_alias.py took 0.145 seconds
[2024-09-11T13:51:00.946+0000] {processor.py:186} INFO - Started process (PID=1257) to work on /home/airflow/.local/lib/python3.12/site-packages/airflow/example_dags/example_dataset_alias.py
[2024-09-11T13:51:00.947+0000] {processor.py:914} INFO - Processing file /home/airflow/.local/lib/python3.12/site-packages/airflow/example_dags/example_dataset_alias.py for tasks to queue
[2024-09-11T13:51:00.949+0000] {logging_mixin.py:190} INFO - [2024-09-11T13:51:00.949+0000] {dagbag.py:587} INFO - Filling up the DagBag from /home/airflow/.local/lib/python3.12/site-packages/airflow/example_dags/example_dataset_alias.py
[2024-09-11T13:51:01.037+0000] {processor.py:925} INFO - DAG(s) 'dataset_s3_bucket_consumer', 'dataset_alias_example_alias_consumer', 'dataset_alias_example_alias_producer', 'dataset_s3_bucket_producer' retrieved from /home/airflow/.local/lib/python3.12/site-packages/airflow/example_dags/example_dataset_alias.py
[2024-09-11T13:51:01.048+0000] {logging_mixin.py:190} INFO - [2024-09-11T13:51:01.048+0000] {dag.py:3229} INFO - Sync 4 DAGs
[2024-09-11T13:51:01.060+0000] {logging_mixin.py:190} INFO - [2024-09-11T13:51:01.060+0000] {dag.py:4156} INFO - Setting next_dagrun for dataset_alias_example_alias_consumer to None, run_after=None
[2024-09-11T13:51:01.061+0000] {logging_mixin.py:190} INFO - [2024-09-11T13:51:01.061+0000] {dag.py:4156} INFO - Setting next_dagrun for dataset_alias_example_alias_producer to None, run_after=None
[2024-09-11T13:51:01.062+0000] {logging_mixin.py:190} INFO - [2024-09-11T13:51:01.062+0000] {dag.py:4156} INFO - Setting next_dagrun for dataset_s3_bucket_consumer to None, run_after=None
[2024-09-11T13:51:01.063+0000] {logging_mixin.py:190} INFO - [2024-09-11T13:51:01.062+0000] {dag.py:4156} INFO - Setting next_dagrun for dataset_s3_bucket_producer to None, run_after=None
[2024-09-11T13:51:01.073+0000] {processor.py:208} INFO - Processing /home/airflow/.local/lib/python3.12/site-packages/airflow/example_dags/example_dataset_alias.py took 0.130 seconds
[2024-09-11T13:51:31.252+0000] {processor.py:186} INFO - Started process (PID=1311) to work on /home/airflow/.local/lib/python3.12/site-packages/airflow/example_dags/example_dataset_alias.py
[2024-09-11T13:51:31.253+0000] {processor.py:914} INFO - Processing file /home/airflow/.local/lib/python3.12/site-packages/airflow/example_dags/example_dataset_alias.py for tasks to queue
[2024-09-11T13:51:31.255+0000] {logging_mixin.py:190} INFO - [2024-09-11T13:51:31.255+0000] {dagbag.py:587} INFO - Filling up the DagBag from /home/airflow/.local/lib/python3.12/site-packages/airflow/example_dags/example_dataset_alias.py
[2024-09-11T13:51:31.344+0000] {processor.py:925} INFO - DAG(s) 'dataset_alias_example_alias_consumer', 'dataset_s3_bucket_consumer', 'dataset_alias_example_alias_producer', 'dataset_s3_bucket_producer' retrieved from /home/airflow/.local/lib/python3.12/site-packages/airflow/example_dags/example_dataset_alias.py
[2024-09-11T13:51:31.355+0000] {logging_mixin.py:190} INFO - [2024-09-11T13:51:31.355+0000] {dag.py:3229} INFO - Sync 4 DAGs
[2024-09-11T13:51:31.366+0000] {logging_mixin.py:190} INFO - [2024-09-11T13:51:31.366+0000] {dag.py:4156} INFO - Setting next_dagrun for dataset_alias_example_alias_consumer to None, run_after=None
[2024-09-11T13:51:31.367+0000] {logging_mixin.py:190} INFO - [2024-09-11T13:51:31.367+0000] {dag.py:4156} INFO - Setting next_dagrun for dataset_alias_example_alias_producer to None, run_after=None
[2024-09-11T13:51:31.368+0000] {logging_mixin.py:190} INFO - [2024-09-11T13:51:31.368+0000] {dag.py:4156} INFO - Setting next_dagrun for dataset_s3_bucket_consumer to None, run_after=None
[2024-09-11T13:51:31.368+0000] {logging_mixin.py:190} INFO - [2024-09-11T13:51:31.368+0000] {dag.py:4156} INFO - Setting next_dagrun for dataset_s3_bucket_producer to None, run_after=None
[2024-09-11T13:51:31.378+0000] {processor.py:208} INFO - Processing /home/airflow/.local/lib/python3.12/site-packages/airflow/example_dags/example_dataset_alias.py took 0.132 seconds
[2024-09-11T13:52:01.496+0000] {processor.py:186} INFO - Started process (PID=1367) to work on /home/airflow/.local/lib/python3.12/site-packages/airflow/example_dags/example_dataset_alias.py
[2024-09-11T13:52:01.498+0000] {processor.py:914} INFO - Processing file /home/airflow/.local/lib/python3.12/site-packages/airflow/example_dags/example_dataset_alias.py for tasks to queue
[2024-09-11T13:52:01.500+0000] {logging_mixin.py:190} INFO - [2024-09-11T13:52:01.500+0000] {dagbag.py:587} INFO - Filling up the DagBag from /home/airflow/.local/lib/python3.12/site-packages/airflow/example_dags/example_dataset_alias.py
[2024-09-11T13:52:01.592+0000] {processor.py:925} INFO - DAG(s) 'dataset_s3_bucket_producer', 'dataset_alias_example_alias_consumer', 'dataset_alias_example_alias_producer', 'dataset_s3_bucket_consumer' retrieved from /home/airflow/.local/lib/python3.12/site-packages/airflow/example_dags/example_dataset_alias.py
[2024-09-11T13:52:01.602+0000] {logging_mixin.py:190} INFO - [2024-09-11T13:52:01.601+0000] {dag.py:3229} INFO - Sync 4 DAGs
[2024-09-11T13:52:01.614+0000] {logging_mixin.py:190} INFO - [2024-09-11T13:52:01.614+0000] {dag.py:4156} INFO - Setting next_dagrun for dataset_alias_example_alias_consumer to None, run_after=None
[2024-09-11T13:52:01.618+0000] {logging_mixin.py:190} INFO - [2024-09-11T13:52:01.618+0000] {dag.py:4156} INFO - Setting next_dagrun for dataset_alias_example_alias_producer to None, run_after=None
[2024-09-11T13:52:01.619+0000] {logging_mixin.py:190} INFO - [2024-09-11T13:52:01.619+0000] {dag.py:4156} INFO - Setting next_dagrun for dataset_s3_bucket_consumer to None, run_after=None
[2024-09-11T13:52:01.620+0000] {logging_mixin.py:190} INFO - [2024-09-11T13:52:01.620+0000] {dag.py:4156} INFO - Setting next_dagrun for dataset_s3_bucket_producer to None, run_after=None
[2024-09-11T13:52:01.629+0000] {processor.py:208} INFO - Processing /home/airflow/.local/lib/python3.12/site-packages/airflow/example_dags/example_dataset_alias.py took 0.139 seconds
[2024-09-11T13:52:31.710+0000] {processor.py:186} INFO - Started process (PID=1423) to work on /home/airflow/.local/lib/python3.12/site-packages/airflow/example_dags/example_dataset_alias.py
[2024-09-11T13:52:31.712+0000] {processor.py:914} INFO - Processing file /home/airflow/.local/lib/python3.12/site-packages/airflow/example_dags/example_dataset_alias.py for tasks to queue
[2024-09-11T13:52:31.714+0000] {logging_mixin.py:190} INFO - [2024-09-11T13:52:31.714+0000] {dagbag.py:587} INFO - Filling up the DagBag from /home/airflow/.local/lib/python3.12/site-packages/airflow/example_dags/example_dataset_alias.py
[2024-09-11T13:52:31.815+0000] {processor.py:925} INFO - DAG(s) 'dataset_s3_bucket_consumer', 'dataset_alias_example_alias_consumer', 'dataset_alias_example_alias_producer', 'dataset_s3_bucket_producer' retrieved from /home/airflow/.local/lib/python3.12/site-packages/airflow/example_dags/example_dataset_alias.py
[2024-09-11T13:52:31.826+0000] {logging_mixin.py:190} INFO - [2024-09-11T13:52:31.826+0000] {dag.py:3229} INFO - Sync 4 DAGs
[2024-09-11T13:52:31.839+0000] {logging_mixin.py:190} INFO - [2024-09-11T13:52:31.839+0000] {dag.py:4156} INFO - Setting next_dagrun for dataset_alias_example_alias_consumer to None, run_after=None
[2024-09-11T13:52:31.959+0000] {logging_mixin.py:190} INFO - [2024-09-11T13:52:31.959+0000] {dag.py:4156} INFO - Setting next_dagrun for dataset_alias_example_alias_producer to None, run_after=None
[2024-09-11T13:52:31.960+0000] {logging_mixin.py:190} INFO - [2024-09-11T13:52:31.960+0000] {dag.py:4156} INFO - Setting next_dagrun for dataset_s3_bucket_consumer to None, run_after=None
[2024-09-11T13:52:31.961+0000] {logging_mixin.py:190} INFO - [2024-09-11T13:52:31.961+0000] {dag.py:4156} INFO - Setting next_dagrun for dataset_s3_bucket_producer to None, run_after=None
[2024-09-11T13:52:31.972+0000] {processor.py:208} INFO - Processing /home/airflow/.local/lib/python3.12/site-packages/airflow/example_dags/example_dataset_alias.py took 0.269 seconds
[2024-09-11T13:53:02.392+0000] {processor.py:186} INFO - Started process (PID=1480) to work on /home/airflow/.local/lib/python3.12/site-packages/airflow/example_dags/example_dataset_alias.py
[2024-09-11T13:53:02.393+0000] {processor.py:914} INFO - Processing file /home/airflow/.local/lib/python3.12/site-packages/airflow/example_dags/example_dataset_alias.py for tasks to queue
[2024-09-11T13:53:02.395+0000] {logging_mixin.py:190} INFO - [2024-09-11T13:53:02.395+0000] {dagbag.py:587} INFO - Filling up the DagBag from /home/airflow/.local/lib/python3.12/site-packages/airflow/example_dags/example_dataset_alias.py
[2024-09-11T13:53:02.483+0000] {processor.py:925} INFO - DAG(s) 'dataset_s3_bucket_consumer', 'dataset_alias_example_alias_producer', 'dataset_s3_bucket_producer', 'dataset_alias_example_alias_consumer' retrieved from /home/airflow/.local/lib/python3.12/site-packages/airflow/example_dags/example_dataset_alias.py
[2024-09-11T13:53:02.494+0000] {logging_mixin.py:190} INFO - [2024-09-11T13:53:02.493+0000] {dag.py:3229} INFO - Sync 4 DAGs
[2024-09-11T13:53:02.506+0000] {logging_mixin.py:190} INFO - [2024-09-11T13:53:02.506+0000] {dag.py:4156} INFO - Setting next_dagrun for dataset_alias_example_alias_consumer to None, run_after=None
[2024-09-11T13:53:02.509+0000] {logging_mixin.py:190} INFO - [2024-09-11T13:53:02.508+0000] {dag.py:4156} INFO - Setting next_dagrun for dataset_alias_example_alias_producer to None, run_after=None
[2024-09-11T13:53:02.509+0000] {logging_mixin.py:190} INFO - [2024-09-11T13:53:02.509+0000] {dag.py:4156} INFO - Setting next_dagrun for dataset_s3_bucket_consumer to None, run_after=None
[2024-09-11T13:53:02.510+0000] {logging_mixin.py:190} INFO - [2024-09-11T13:53:02.510+0000] {dag.py:4156} INFO - Setting next_dagrun for dataset_s3_bucket_producer to None, run_after=None
[2024-09-11T13:53:02.716+0000] {processor.py:208} INFO - Processing /home/airflow/.local/lib/python3.12/site-packages/airflow/example_dags/example_dataset_alias.py took 0.329 seconds
[2024-09-11T13:53:32.992+0000] {processor.py:186} INFO - Started process (PID=1536) to work on /home/airflow/.local/lib/python3.12/site-packages/airflow/example_dags/example_dataset_alias.py
[2024-09-11T13:53:32.993+0000] {processor.py:914} INFO - Processing file /home/airflow/.local/lib/python3.12/site-packages/airflow/example_dags/example_dataset_alias.py for tasks to queue
[2024-09-11T13:53:32.994+0000] {logging_mixin.py:190} INFO - [2024-09-11T13:53:32.994+0000] {dagbag.py:587} INFO - Filling up the DagBag from /home/airflow/.local/lib/python3.12/site-packages/airflow/example_dags/example_dataset_alias.py
[2024-09-11T13:53:33.116+0000] {processor.py:925} INFO - DAG(s) 'dataset_s3_bucket_producer', 'dataset_alias_example_alias_producer', 'dataset_s3_bucket_consumer', 'dataset_alias_example_alias_consumer' retrieved from /home/airflow/.local/lib/python3.12/site-packages/airflow/example_dags/example_dataset_alias.py
[2024-09-11T13:53:33.126+0000] {logging_mixin.py:190} INFO - [2024-09-11T13:53:33.126+0000] {dag.py:3229} INFO - Sync 4 DAGs
[2024-09-11T13:53:33.141+0000] {logging_mixin.py:190} INFO - [2024-09-11T13:53:33.141+0000] {dag.py:4156} INFO - Setting next_dagrun for dataset_alias_example_alias_consumer to None, run_after=None
[2024-09-11T13:53:33.143+0000] {logging_mixin.py:190} INFO - [2024-09-11T13:53:33.142+0000] {dag.py:4156} INFO - Setting next_dagrun for dataset_alias_example_alias_producer to None, run_after=None
[2024-09-11T13:53:33.144+0000] {logging_mixin.py:190} INFO - [2024-09-11T13:53:33.144+0000] {dag.py:4156} INFO - Setting next_dagrun for dataset_s3_bucket_consumer to None, run_after=None
[2024-09-11T13:53:33.144+0000] {logging_mixin.py:190} INFO - [2024-09-11T13:53:33.144+0000] {dag.py:4156} INFO - Setting next_dagrun for dataset_s3_bucket_producer to None, run_after=None
[2024-09-11T13:53:33.157+0000] {processor.py:208} INFO - Processing /home/airflow/.local/lib/python3.12/site-packages/airflow/example_dags/example_dataset_alias.py took 0.170 seconds
[2024-09-11T13:54:03.648+0000] {processor.py:186} INFO - Started process (PID=1592) to work on /home/airflow/.local/lib/python3.12/site-packages/airflow/example_dags/example_dataset_alias.py
[2024-09-11T13:54:03.649+0000] {processor.py:914} INFO - Processing file /home/airflow/.local/lib/python3.12/site-packages/airflow/example_dags/example_dataset_alias.py for tasks to queue
[2024-09-11T13:54:03.651+0000] {logging_mixin.py:190} INFO - [2024-09-11T13:54:03.651+0000] {dagbag.py:587} INFO - Filling up the DagBag from /home/airflow/.local/lib/python3.12/site-packages/airflow/example_dags/example_dataset_alias.py
[2024-09-11T13:54:03.762+0000] {processor.py:925} INFO - DAG(s) 'dataset_alias_example_alias_consumer', 'dataset_alias_example_alias_producer', 'dataset_s3_bucket_producer', 'dataset_s3_bucket_consumer' retrieved from /home/airflow/.local/lib/python3.12/site-packages/airflow/example_dags/example_dataset_alias.py
[2024-09-11T13:54:03.773+0000] {logging_mixin.py:190} INFO - [2024-09-11T13:54:03.773+0000] {dag.py:3229} INFO - Sync 4 DAGs
[2024-09-11T13:54:03.784+0000] {logging_mixin.py:190} INFO - [2024-09-11T13:54:03.784+0000] {dag.py:4156} INFO - Setting next_dagrun for dataset_alias_example_alias_consumer to None, run_after=None
[2024-09-11T13:54:03.786+0000] {logging_mixin.py:190} INFO - [2024-09-11T13:54:03.786+0000] {dag.py:4156} INFO - Setting next_dagrun for dataset_alias_example_alias_producer to None, run_after=None
[2024-09-11T13:54:03.787+0000] {logging_mixin.py:190} INFO - [2024-09-11T13:54:03.786+0000] {dag.py:4156} INFO - Setting next_dagrun for dataset_s3_bucket_consumer to None, run_after=None
[2024-09-11T13:54:03.787+0000] {logging_mixin.py:190} INFO - [2024-09-11T13:54:03.787+0000] {dag.py:4156} INFO - Setting next_dagrun for dataset_s3_bucket_producer to None, run_after=None
[2024-09-11T13:54:03.797+0000] {processor.py:208} INFO - Processing /home/airflow/.local/lib/python3.12/site-packages/airflow/example_dags/example_dataset_alias.py took 0.154 seconds
[2024-09-11T13:54:33.921+0000] {processor.py:186} INFO - Started process (PID=1648) to work on /home/airflow/.local/lib/python3.12/site-packages/airflow/example_dags/example_dataset_alias.py
[2024-09-11T13:54:33.922+0000] {processor.py:914} INFO - Processing file /home/airflow/.local/lib/python3.12/site-packages/airflow/example_dags/example_dataset_alias.py for tasks to queue
[2024-09-11T13:54:33.924+0000] {logging_mixin.py:190} INFO - [2024-09-11T13:54:33.924+0000] {dagbag.py:587} INFO - Filling up the DagBag from /home/airflow/.local/lib/python3.12/site-packages/airflow/example_dags/example_dataset_alias.py
[2024-09-11T13:54:34.014+0000] {processor.py:925} INFO - DAG(s) 'dataset_alias_example_alias_producer', 'dataset_s3_bucket_producer', 'dataset_s3_bucket_consumer', 'dataset_alias_example_alias_consumer' retrieved from /home/airflow/.local/lib/python3.12/site-packages/airflow/example_dags/example_dataset_alias.py
[2024-09-11T13:54:34.138+0000] {logging_mixin.py:190} INFO - [2024-09-11T13:54:34.138+0000] {dag.py:3229} INFO - Sync 4 DAGs
[2024-09-11T13:54:34.148+0000] {logging_mixin.py:190} INFO - [2024-09-11T13:54:34.148+0000] {dag.py:4156} INFO - Setting next_dagrun for dataset_alias_example_alias_consumer to None, run_after=None
[2024-09-11T13:54:34.149+0000] {logging_mixin.py:190} INFO - [2024-09-11T13:54:34.149+0000] {dag.py:4156} INFO - Setting next_dagrun for dataset_alias_example_alias_producer to None, run_after=None
[2024-09-11T13:54:34.150+0000] {logging_mixin.py:190} INFO - [2024-09-11T13:54:34.150+0000] {dag.py:4156} INFO - Setting next_dagrun for dataset_s3_bucket_consumer to None, run_after=None
[2024-09-11T13:54:34.151+0000] {logging_mixin.py:190} INFO - [2024-09-11T13:54:34.151+0000] {dag.py:4156} INFO - Setting next_dagrun for dataset_s3_bucket_producer to None, run_after=None
[2024-09-11T13:54:34.160+0000] {processor.py:208} INFO - Processing /home/airflow/.local/lib/python3.12/site-packages/airflow/example_dags/example_dataset_alias.py took 0.246 seconds
[2024-09-11T13:55:04.205+0000] {processor.py:186} INFO - Started process (PID=1704) to work on /home/airflow/.local/lib/python3.12/site-packages/airflow/example_dags/example_dataset_alias.py
[2024-09-11T13:55:04.206+0000] {processor.py:914} INFO - Processing file /home/airflow/.local/lib/python3.12/site-packages/airflow/example_dags/example_dataset_alias.py for tasks to queue
[2024-09-11T13:55:04.207+0000] {logging_mixin.py:190} INFO - [2024-09-11T13:55:04.207+0000] {dagbag.py:587} INFO - Filling up the DagBag from /home/airflow/.local/lib/python3.12/site-packages/airflow/example_dags/example_dataset_alias.py
[2024-09-11T13:55:04.287+0000] {processor.py:925} INFO - DAG(s) 'dataset_s3_bucket_consumer', 'dataset_s3_bucket_producer', 'dataset_alias_example_alias_producer', 'dataset_alias_example_alias_consumer' retrieved from /home/airflow/.local/lib/python3.12/site-packages/airflow/example_dags/example_dataset_alias.py
[2024-09-11T13:55:04.296+0000] {logging_mixin.py:190} INFO - [2024-09-11T13:55:04.296+0000] {dag.py:3229} INFO - Sync 4 DAGs
[2024-09-11T13:55:04.452+0000] {logging_mixin.py:190} INFO - [2024-09-11T13:55:04.452+0000] {dag.py:4156} INFO - Setting next_dagrun for dataset_alias_example_alias_consumer to None, run_after=None
[2024-09-11T13:55:04.454+0000] {logging_mixin.py:190} INFO - [2024-09-11T13:55:04.454+0000] {dag.py:4156} INFO - Setting next_dagrun for dataset_alias_example_alias_producer to None, run_after=None
[2024-09-11T13:55:04.455+0000] {logging_mixin.py:190} INFO - [2024-09-11T13:55:04.455+0000] {dag.py:4156} INFO - Setting next_dagrun for dataset_s3_bucket_consumer to None, run_after=None
[2024-09-11T13:55:04.456+0000] {logging_mixin.py:190} INFO - [2024-09-11T13:55:04.455+0000] {dag.py:4156} INFO - Setting next_dagrun for dataset_s3_bucket_producer to None, run_after=None
[2024-09-11T13:55:04.465+0000] {processor.py:208} INFO - Processing /home/airflow/.local/lib/python3.12/site-packages/airflow/example_dags/example_dataset_alias.py took 0.264 seconds
[2024-09-11T13:55:34.634+0000] {processor.py:186} INFO - Started process (PID=1760) to work on /home/airflow/.local/lib/python3.12/site-packages/airflow/example_dags/example_dataset_alias.py
[2024-09-11T13:55:34.635+0000] {processor.py:914} INFO - Processing file /home/airflow/.local/lib/python3.12/site-packages/airflow/example_dags/example_dataset_alias.py for tasks to queue
[2024-09-11T13:55:34.637+0000] {logging_mixin.py:190} INFO - [2024-09-11T13:55:34.637+0000] {dagbag.py:587} INFO - Filling up the DagBag from /home/airflow/.local/lib/python3.12/site-packages/airflow/example_dags/example_dataset_alias.py
[2024-09-11T13:55:34.726+0000] {processor.py:925} INFO - DAG(s) 'dataset_alias_example_alias_producer', 'dataset_alias_example_alias_consumer', 'dataset_s3_bucket_producer', 'dataset_s3_bucket_consumer' retrieved from /home/airflow/.local/lib/python3.12/site-packages/airflow/example_dags/example_dataset_alias.py
[2024-09-11T13:55:34.735+0000] {logging_mixin.py:190} INFO - [2024-09-11T13:55:34.735+0000] {dag.py:3229} INFO - Sync 4 DAGs
[2024-09-11T13:55:34.854+0000] {logging_mixin.py:190} INFO - [2024-09-11T13:55:34.854+0000] {dag.py:4156} INFO - Setting next_dagrun for dataset_alias_example_alias_consumer to None, run_after=None
[2024-09-11T13:55:34.855+0000] {logging_mixin.py:190} INFO - [2024-09-11T13:55:34.855+0000] {dag.py:4156} INFO - Setting next_dagrun for dataset_alias_example_alias_producer to None, run_after=None
[2024-09-11T13:55:34.856+0000] {logging_mixin.py:190} INFO - [2024-09-11T13:55:34.856+0000] {dag.py:4156} INFO - Setting next_dagrun for dataset_s3_bucket_consumer to None, run_after=None
[2024-09-11T13:55:34.857+0000] {logging_mixin.py:190} INFO - [2024-09-11T13:55:34.857+0000] {dag.py:4156} INFO - Setting next_dagrun for dataset_s3_bucket_producer to None, run_after=None
[2024-09-11T13:55:34.866+0000] {processor.py:208} INFO - Processing /home/airflow/.local/lib/python3.12/site-packages/airflow/example_dags/example_dataset_alias.py took 0.239 seconds
[2024-09-11T13:56:05.009+0000] {processor.py:186} INFO - Started process (PID=1816) to work on /home/airflow/.local/lib/python3.12/site-packages/airflow/example_dags/example_dataset_alias.py
[2024-09-11T13:56:05.010+0000] {processor.py:914} INFO - Processing file /home/airflow/.local/lib/python3.12/site-packages/airflow/example_dags/example_dataset_alias.py for tasks to queue
[2024-09-11T13:56:05.012+0000] {logging_mixin.py:190} INFO - [2024-09-11T13:56:05.012+0000] {dagbag.py:587} INFO - Filling up the DagBag from /home/airflow/.local/lib/python3.12/site-packages/airflow/example_dags/example_dataset_alias.py
[2024-09-11T13:56:05.105+0000] {processor.py:925} INFO - DAG(s) 'dataset_alias_example_alias_consumer', 'dataset_s3_bucket_consumer', 'dataset_alias_example_alias_producer', 'dataset_s3_bucket_producer' retrieved from /home/airflow/.local/lib/python3.12/site-packages/airflow/example_dags/example_dataset_alias.py
[2024-09-11T13:56:05.114+0000] {logging_mixin.py:190} INFO - [2024-09-11T13:56:05.114+0000] {dag.py:3229} INFO - Sync 4 DAGs
[2024-09-11T13:56:05.125+0000] {logging_mixin.py:190} INFO - [2024-09-11T13:56:05.125+0000] {dag.py:4156} INFO - Setting next_dagrun for dataset_alias_example_alias_consumer to None, run_after=None
[2024-09-11T13:56:05.234+0000] {logging_mixin.py:190} INFO - [2024-09-11T13:56:05.233+0000] {dag.py:4156} INFO - Setting next_dagrun for dataset_alias_example_alias_producer to None, run_after=None
[2024-09-11T13:56:05.234+0000] {logging_mixin.py:190} INFO - [2024-09-11T13:56:05.234+0000] {dag.py:4156} INFO - Setting next_dagrun for dataset_s3_bucket_consumer to None, run_after=None
[2024-09-11T13:56:05.235+0000] {logging_mixin.py:190} INFO - [2024-09-11T13:56:05.235+0000] {dag.py:4156} INFO - Setting next_dagrun for dataset_s3_bucket_producer to None, run_after=None
[2024-09-11T13:56:05.245+0000] {processor.py:208} INFO - Processing /home/airflow/.local/lib/python3.12/site-packages/airflow/example_dags/example_dataset_alias.py took 0.243 seconds
[2024-09-11T13:56:35.379+0000] {processor.py:186} INFO - Started process (PID=1872) to work on /home/airflow/.local/lib/python3.12/site-packages/airflow/example_dags/example_dataset_alias.py
[2024-09-11T13:56:35.380+0000] {processor.py:914} INFO - Processing file /home/airflow/.local/lib/python3.12/site-packages/airflow/example_dags/example_dataset_alias.py for tasks to queue
[2024-09-11T13:56:35.382+0000] {logging_mixin.py:190} INFO - [2024-09-11T13:56:35.382+0000] {dagbag.py:587} INFO - Filling up the DagBag from /home/airflow/.local/lib/python3.12/site-packages/airflow/example_dags/example_dataset_alias.py
[2024-09-11T13:56:35.471+0000] {processor.py:925} INFO - DAG(s) 'dataset_alias_example_alias_producer', 'dataset_alias_example_alias_consumer', 'dataset_s3_bucket_producer', 'dataset_s3_bucket_consumer' retrieved from /home/airflow/.local/lib/python3.12/site-packages/airflow/example_dags/example_dataset_alias.py
[2024-09-11T13:56:35.480+0000] {logging_mixin.py:190} INFO - [2024-09-11T13:56:35.480+0000] {dag.py:3229} INFO - Sync 4 DAGs
[2024-09-11T13:56:35.490+0000] {logging_mixin.py:190} INFO - [2024-09-11T13:56:35.490+0000] {dag.py:4156} INFO - Setting next_dagrun for dataset_alias_example_alias_consumer to None, run_after=None
[2024-09-11T13:56:35.491+0000] {logging_mixin.py:190} INFO - [2024-09-11T13:56:35.491+0000] {dag.py:4156} INFO - Setting next_dagrun for dataset_alias_example_alias_producer to None, run_after=None
[2024-09-11T13:56:35.492+0000] {logging_mixin.py:190} INFO - [2024-09-11T13:56:35.492+0000] {dag.py:4156} INFO - Setting next_dagrun for dataset_s3_bucket_consumer to None, run_after=None
[2024-09-11T13:56:35.493+0000] {logging_mixin.py:190} INFO - [2024-09-11T13:56:35.492+0000] {dag.py:4156} INFO - Setting next_dagrun for dataset_s3_bucket_producer to None, run_after=None
[2024-09-11T13:56:35.502+0000] {processor.py:208} INFO - Processing /home/airflow/.local/lib/python3.12/site-packages/airflow/example_dags/example_dataset_alias.py took 0.129 seconds
[2024-09-11T13:57:05.694+0000] {processor.py:186} INFO - Started process (PID=1928) to work on /home/airflow/.local/lib/python3.12/site-packages/airflow/example_dags/example_dataset_alias.py
[2024-09-11T13:57:05.695+0000] {processor.py:914} INFO - Processing file /home/airflow/.local/lib/python3.12/site-packages/airflow/example_dags/example_dataset_alias.py for tasks to queue
[2024-09-11T13:57:05.698+0000] {logging_mixin.py:190} INFO - [2024-09-11T13:57:05.698+0000] {dagbag.py:587} INFO - Filling up the DagBag from /home/airflow/.local/lib/python3.12/site-packages/airflow/example_dags/example_dataset_alias.py
[2024-09-11T13:57:05.901+0000] {processor.py:925} INFO - DAG(s) 'dataset_alias_example_alias_producer', 'dataset_alias_example_alias_consumer', 'dataset_s3_bucket_consumer', 'dataset_s3_bucket_producer' retrieved from /home/airflow/.local/lib/python3.12/site-packages/airflow/example_dags/example_dataset_alias.py
[2024-09-11T13:57:05.910+0000] {logging_mixin.py:190} INFO - [2024-09-11T13:57:05.910+0000] {dag.py:3229} INFO - Sync 4 DAGs
[2024-09-11T13:57:05.920+0000] {logging_mixin.py:190} INFO - [2024-09-11T13:57:05.920+0000] {dag.py:4156} INFO - Setting next_dagrun for dataset_alias_example_alias_consumer to None, run_after=None
[2024-09-11T13:57:05.921+0000] {logging_mixin.py:190} INFO - [2024-09-11T13:57:05.921+0000] {dag.py:4156} INFO - Setting next_dagrun for dataset_alias_example_alias_producer to None, run_after=None
[2024-09-11T13:57:05.922+0000] {logging_mixin.py:190} INFO - [2024-09-11T13:57:05.922+0000] {dag.py:4156} INFO - Setting next_dagrun for dataset_s3_bucket_consumer to None, run_after=None
[2024-09-11T13:57:05.922+0000] {logging_mixin.py:190} INFO - [2024-09-11T13:57:05.922+0000] {dag.py:4156} INFO - Setting next_dagrun for dataset_s3_bucket_producer to None, run_after=None
[2024-09-11T13:57:05.931+0000] {processor.py:208} INFO - Processing /home/airflow/.local/lib/python3.12/site-packages/airflow/example_dags/example_dataset_alias.py took 0.245 seconds
[2024-09-11T13:57:36.040+0000] {processor.py:186} INFO - Started process (PID=1984) to work on /home/airflow/.local/lib/python3.12/site-packages/airflow/example_dags/example_dataset_alias.py
[2024-09-11T13:57:36.041+0000] {processor.py:914} INFO - Processing file /home/airflow/.local/lib/python3.12/site-packages/airflow/example_dags/example_dataset_alias.py for tasks to queue
[2024-09-11T13:57:36.043+0000] {logging_mixin.py:190} INFO - [2024-09-11T13:57:36.043+0000] {dagbag.py:587} INFO - Filling up the DagBag from /home/airflow/.local/lib/python3.12/site-packages/airflow/example_dags/example_dataset_alias.py
[2024-09-11T13:57:36.132+0000] {processor.py:925} INFO - DAG(s) 'dataset_alias_example_alias_consumer', 'dataset_s3_bucket_producer', 'dataset_alias_example_alias_producer', 'dataset_s3_bucket_consumer' retrieved from /home/airflow/.local/lib/python3.12/site-packages/airflow/example_dags/example_dataset_alias.py
[2024-09-11T13:57:36.255+0000] {logging_mixin.py:190} INFO - [2024-09-11T13:57:36.255+0000] {dag.py:3229} INFO - Sync 4 DAGs
[2024-09-11T13:57:36.265+0000] {logging_mixin.py:190} INFO - [2024-09-11T13:57:36.265+0000] {dag.py:4156} INFO - Setting next_dagrun for dataset_alias_example_alias_consumer to None, run_after=None
[2024-09-11T13:57:36.267+0000] {logging_mixin.py:190} INFO - [2024-09-11T13:57:36.266+0000] {dag.py:4156} INFO - Setting next_dagrun for dataset_alias_example_alias_producer to None, run_after=None
[2024-09-11T13:57:36.267+0000] {logging_mixin.py:190} INFO - [2024-09-11T13:57:36.267+0000] {dag.py:4156} INFO - Setting next_dagrun for dataset_s3_bucket_consumer to None, run_after=None
[2024-09-11T13:57:36.268+0000] {logging_mixin.py:190} INFO - [2024-09-11T13:57:36.268+0000] {dag.py:4156} INFO - Setting next_dagrun for dataset_s3_bucket_producer to None, run_after=None
[2024-09-11T13:57:36.277+0000] {processor.py:208} INFO - Processing /home/airflow/.local/lib/python3.12/site-packages/airflow/example_dags/example_dataset_alias.py took 0.244 seconds
[2024-09-11T13:58:06.468+0000] {processor.py:186} INFO - Started process (PID=2040) to work on /home/airflow/.local/lib/python3.12/site-packages/airflow/example_dags/example_dataset_alias.py
[2024-09-11T13:58:06.470+0000] {processor.py:914} INFO - Processing file /home/airflow/.local/lib/python3.12/site-packages/airflow/example_dags/example_dataset_alias.py for tasks to queue
[2024-09-11T13:58:06.473+0000] {logging_mixin.py:190} INFO - [2024-09-11T13:58:06.473+0000] {dagbag.py:587} INFO - Filling up the DagBag from /home/airflow/.local/lib/python3.12/site-packages/airflow/example_dags/example_dataset_alias.py
[2024-09-11T13:58:06.741+0000] {processor.py:925} INFO - DAG(s) 'dataset_s3_bucket_producer', 'dataset_alias_example_alias_consumer', 'dataset_alias_example_alias_producer', 'dataset_s3_bucket_consumer' retrieved from /home/airflow/.local/lib/python3.12/site-packages/airflow/example_dags/example_dataset_alias.py
[2024-09-11T13:58:06.752+0000] {logging_mixin.py:190} INFO - [2024-09-11T13:58:06.752+0000] {dag.py:3229} INFO - Sync 4 DAGs
[2024-09-11T13:58:06.763+0000] {logging_mixin.py:190} INFO - [2024-09-11T13:58:06.763+0000] {dag.py:4156} INFO - Setting next_dagrun for dataset_alias_example_alias_consumer to None, run_after=None
[2024-09-11T13:58:06.765+0000] {logging_mixin.py:190} INFO - [2024-09-11T13:58:06.765+0000] {dag.py:4156} INFO - Setting next_dagrun for dataset_alias_example_alias_producer to None, run_after=None
[2024-09-11T13:58:06.765+0000] {logging_mixin.py:190} INFO - [2024-09-11T13:58:06.765+0000] {dag.py:4156} INFO - Setting next_dagrun for dataset_s3_bucket_consumer to None, run_after=None
[2024-09-11T13:58:06.766+0000] {logging_mixin.py:190} INFO - [2024-09-11T13:58:06.766+0000] {dag.py:4156} INFO - Setting next_dagrun for dataset_s3_bucket_producer to None, run_after=None
[2024-09-11T13:58:06.776+0000] {processor.py:208} INFO - Processing /home/airflow/.local/lib/python3.12/site-packages/airflow/example_dags/example_dataset_alias.py took 0.316 seconds
