[2024-09-11T13:40:10.452+0000] {processor.py:186} INFO - Started process (PID=36) to work on /home/airflow/.local/lib/python3.12/site-packages/airflow/example_dags/example_inlet_event_extra.py
[2024-09-11T13:40:10.464+0000] {processor.py:914} INFO - Processing file /home/airflow/.local/lib/python3.12/site-packages/airflow/example_dags/example_inlet_event_extra.py for tasks to queue
[2024-09-11T13:40:10.469+0000] {logging_mixin.py:190} INFO - [2024-09-11T13:40:10.469+0000] {dagbag.py:587} INFO - Filling up the DagBag from /home/airflow/.local/lib/python3.12/site-packages/airflow/example_dags/example_inlet_event_extra.py
[2024-09-11T13:40:11.554+0000] {processor.py:925} INFO - DAG(s) 'read_dataset_event_from_classic', 'read_dataset_event' retrieved from /home/airflow/.local/lib/python3.12/site-packages/airflow/example_dags/example_inlet_event_extra.py
[2024-09-11T13:40:11.682+0000] {logging_mixin.py:190} INFO - [2024-09-11T13:40:11.681+0000] {override.py:1900} INFO - Created Permission View: can read on DAG:read_dataset_event_from_classic
[2024-09-11T13:40:11.697+0000] {logging_mixin.py:190} INFO - [2024-09-11T13:40:11.697+0000] {override.py:1900} INFO - Created Permission View: can delete on DAG:read_dataset_event_from_classic
[2024-09-11T13:40:11.722+0000] {logging_mixin.py:190} INFO - [2024-09-11T13:40:11.720+0000] {override.py:1900} INFO - Created Permission View: can edit on DAG:read_dataset_event_from_classic
[2024-09-11T13:40:11.735+0000] {logging_mixin.py:190} INFO - [2024-09-11T13:40:11.734+0000] {override.py:1900} INFO - Created Permission View: can read on DAG Run:read_dataset_event_from_classic
[2024-09-11T13:40:11.757+0000] {logging_mixin.py:190} INFO - [2024-09-11T13:40:11.756+0000] {override.py:1900} INFO - Created Permission View: can create on DAG Run:read_dataset_event_from_classic
[2024-09-11T13:40:11.892+0000] {logging_mixin.py:190} INFO - [2024-09-11T13:40:11.892+0000] {override.py:1900} INFO - Created Permission View: menu access on DAG Run:read_dataset_event_from_classic
[2024-09-11T13:40:11.918+0000] {logging_mixin.py:190} INFO - [2024-09-11T13:40:11.917+0000] {override.py:1900} INFO - Created Permission View: can delete on DAG Run:read_dataset_event_from_classic
[2024-09-11T13:40:11.957+0000] {logging_mixin.py:190} INFO - [2024-09-11T13:40:11.957+0000] {override.py:1900} INFO - Created Permission View: can read on DAG:read_dataset_event
[2024-09-11T13:40:11.968+0000] {logging_mixin.py:190} INFO - [2024-09-11T13:40:11.967+0000] {override.py:1900} INFO - Created Permission View: can delete on DAG:read_dataset_event
[2024-09-11T13:40:11.979+0000] {logging_mixin.py:190} INFO - [2024-09-11T13:40:11.978+0000] {override.py:1900} INFO - Created Permission View: can edit on DAG:read_dataset_event
[2024-09-11T13:40:11.990+0000] {logging_mixin.py:190} INFO - [2024-09-11T13:40:11.990+0000] {override.py:1900} INFO - Created Permission View: can read on DAG Run:read_dataset_event
[2024-09-11T13:40:11.996+0000] {logging_mixin.py:190} INFO - [2024-09-11T13:40:11.996+0000] {override.py:1900} INFO - Created Permission View: can create on DAG Run:read_dataset_event
[2024-09-11T13:40:12.005+0000] {logging_mixin.py:190} INFO - [2024-09-11T13:40:12.005+0000] {override.py:1900} INFO - Created Permission View: menu access on DAG Run:read_dataset_event
[2024-09-11T13:40:12.010+0000] {logging_mixin.py:190} INFO - [2024-09-11T13:40:12.010+0000] {override.py:1900} INFO - Created Permission View: can delete on DAG Run:read_dataset_event
[2024-09-11T13:40:12.011+0000] {logging_mixin.py:190} INFO - [2024-09-11T13:40:12.011+0000] {dag.py:3229} INFO - Sync 2 DAGs
[2024-09-11T13:40:12.023+0000] {logging_mixin.py:190} INFO - [2024-09-11T13:40:12.023+0000] {dag.py:3252} INFO - Creating ORM DAG for read_dataset_event
[2024-09-11T13:40:12.025+0000] {logging_mixin.py:190} INFO - [2024-09-11T13:40:12.025+0000] {dag.py:3252} INFO - Creating ORM DAG for read_dataset_event_from_classic
[2024-09-11T13:40:12.050+0000] {logging_mixin.py:190} INFO - [2024-09-11T13:40:12.050+0000] {dag.py:4156} INFO - Setting next_dagrun for read_dataset_event to 2024-09-10 00:00:00+00:00, run_after=2024-09-11 00:00:00+00:00
[2024-09-11T13:40:12.057+0000] {logging_mixin.py:190} INFO - [2024-09-11T13:40:12.057+0000] {dag.py:4156} INFO - Setting next_dagrun for read_dataset_event_from_classic to 2024-09-10 00:00:00+00:00, run_after=2024-09-11 00:00:00+00:00
[2024-09-11T13:40:12.086+0000] {processor.py:208} INFO - Processing /home/airflow/.local/lib/python3.12/site-packages/airflow/example_dags/example_inlet_event_extra.py took 1.648 seconds
[2024-09-11T13:40:42.893+0000] {processor.py:186} INFO - Started process (PID=93) to work on /home/airflow/.local/lib/python3.12/site-packages/airflow/example_dags/example_inlet_event_extra.py
[2024-09-11T13:40:42.895+0000] {processor.py:914} INFO - Processing file /home/airflow/.local/lib/python3.12/site-packages/airflow/example_dags/example_inlet_event_extra.py for tasks to queue
[2024-09-11T13:40:42.903+0000] {logging_mixin.py:190} INFO - [2024-09-11T13:40:42.902+0000] {dagbag.py:587} INFO - Filling up the DagBag from /home/airflow/.local/lib/python3.12/site-packages/airflow/example_dags/example_inlet_event_extra.py
[2024-09-11T13:40:43.081+0000] {processor.py:925} INFO - DAG(s) 'read_dataset_event', 'read_dataset_event_from_classic' retrieved from /home/airflow/.local/lib/python3.12/site-packages/airflow/example_dags/example_inlet_event_extra.py
[2024-09-11T13:40:43.110+0000] {logging_mixin.py:190} INFO - [2024-09-11T13:40:43.109+0000] {dag.py:3229} INFO - Sync 2 DAGs
[2024-09-11T13:40:43.137+0000] {logging_mixin.py:190} INFO - [2024-09-11T13:40:43.137+0000] {dag.py:4156} INFO - Setting next_dagrun for read_dataset_event to 2024-09-10 00:00:00+00:00, run_after=2024-09-11 00:00:00+00:00
[2024-09-11T13:40:43.142+0000] {logging_mixin.py:190} INFO - [2024-09-11T13:40:43.142+0000] {dag.py:4156} INFO - Setting next_dagrun for read_dataset_event_from_classic to 2024-09-10 00:00:00+00:00, run_after=2024-09-11 00:00:00+00:00
[2024-09-11T13:40:43.158+0000] {processor.py:208} INFO - Processing /home/airflow/.local/lib/python3.12/site-packages/airflow/example_dags/example_inlet_event_extra.py took 0.273 seconds
[2024-09-11T13:41:14.046+0000] {processor.py:186} INFO - Started process (PID=150) to work on /home/airflow/.local/lib/python3.12/site-packages/airflow/example_dags/example_inlet_event_extra.py
[2024-09-11T13:41:14.047+0000] {processor.py:914} INFO - Processing file /home/airflow/.local/lib/python3.12/site-packages/airflow/example_dags/example_inlet_event_extra.py for tasks to queue
[2024-09-11T13:41:14.048+0000] {logging_mixin.py:190} INFO - [2024-09-11T13:41:14.048+0000] {dagbag.py:587} INFO - Filling up the DagBag from /home/airflow/.local/lib/python3.12/site-packages/airflow/example_dags/example_inlet_event_extra.py
[2024-09-11T13:41:14.257+0000] {processor.py:925} INFO - DAG(s) 'read_dataset_event_from_classic', 'read_dataset_event' retrieved from /home/airflow/.local/lib/python3.12/site-packages/airflow/example_dags/example_inlet_event_extra.py
[2024-09-11T13:41:14.275+0000] {logging_mixin.py:190} INFO - [2024-09-11T13:41:14.274+0000] {dag.py:3229} INFO - Sync 2 DAGs
[2024-09-11T13:41:14.298+0000] {logging_mixin.py:190} INFO - [2024-09-11T13:41:14.298+0000] {dag.py:4156} INFO - Setting next_dagrun for read_dataset_event to 2024-09-10 00:00:00+00:00, run_after=2024-09-11 00:00:00+00:00
[2024-09-11T13:41:14.304+0000] {logging_mixin.py:190} INFO - [2024-09-11T13:41:14.303+0000] {dag.py:4156} INFO - Setting next_dagrun for read_dataset_event_from_classic to 2024-09-10 00:00:00+00:00, run_after=2024-09-11 00:00:00+00:00
[2024-09-11T13:41:14.322+0000] {processor.py:208} INFO - Processing /home/airflow/.local/lib/python3.12/site-packages/airflow/example_dags/example_inlet_event_extra.py took 0.280 seconds
[2024-09-11T13:41:44.983+0000] {processor.py:186} INFO - Started process (PID=206) to work on /home/airflow/.local/lib/python3.12/site-packages/airflow/example_dags/example_inlet_event_extra.py
[2024-09-11T13:41:44.983+0000] {processor.py:914} INFO - Processing file /home/airflow/.local/lib/python3.12/site-packages/airflow/example_dags/example_inlet_event_extra.py for tasks to queue
[2024-09-11T13:41:44.985+0000] {logging_mixin.py:190} INFO - [2024-09-11T13:41:44.985+0000] {dagbag.py:587} INFO - Filling up the DagBag from /home/airflow/.local/lib/python3.12/site-packages/airflow/example_dags/example_inlet_event_extra.py
[2024-09-11T13:41:45.060+0000] {processor.py:925} INFO - DAG(s) 'read_dataset_event_from_classic', 'read_dataset_event' retrieved from /home/airflow/.local/lib/python3.12/site-packages/airflow/example_dags/example_inlet_event_extra.py
[2024-09-11T13:41:45.071+0000] {logging_mixin.py:190} INFO - [2024-09-11T13:41:45.071+0000] {dag.py:3229} INFO - Sync 2 DAGs
[2024-09-11T13:41:45.083+0000] {logging_mixin.py:190} INFO - [2024-09-11T13:41:45.082+0000] {dag.py:4156} INFO - Setting next_dagrun for read_dataset_event to 2024-09-10 00:00:00+00:00, run_after=2024-09-11 00:00:00+00:00
[2024-09-11T13:41:45.086+0000] {logging_mixin.py:190} INFO - [2024-09-11T13:41:45.086+0000] {dag.py:4156} INFO - Setting next_dagrun for read_dataset_event_from_classic to 2024-09-10 00:00:00+00:00, run_after=2024-09-11 00:00:00+00:00
[2024-09-11T13:41:45.094+0000] {processor.py:208} INFO - Processing /home/airflow/.local/lib/python3.12/site-packages/airflow/example_dags/example_inlet_event_extra.py took 0.115 seconds
[2024-09-11T13:42:15.443+0000] {processor.py:186} INFO - Started process (PID=262) to work on /home/airflow/.local/lib/python3.12/site-packages/airflow/example_dags/example_inlet_event_extra.py
[2024-09-11T13:42:15.444+0000] {processor.py:914} INFO - Processing file /home/airflow/.local/lib/python3.12/site-packages/airflow/example_dags/example_inlet_event_extra.py for tasks to queue
[2024-09-11T13:42:15.446+0000] {logging_mixin.py:190} INFO - [2024-09-11T13:42:15.446+0000] {dagbag.py:587} INFO - Filling up the DagBag from /home/airflow/.local/lib/python3.12/site-packages/airflow/example_dags/example_inlet_event_extra.py
[2024-09-11T13:42:15.536+0000] {processor.py:925} INFO - DAG(s) 'read_dataset_event_from_classic', 'read_dataset_event' retrieved from /home/airflow/.local/lib/python3.12/site-packages/airflow/example_dags/example_inlet_event_extra.py
[2024-09-11T13:42:15.546+0000] {logging_mixin.py:190} INFO - [2024-09-11T13:42:15.546+0000] {dag.py:3229} INFO - Sync 2 DAGs
[2024-09-11T13:42:15.557+0000] {logging_mixin.py:190} INFO - [2024-09-11T13:42:15.557+0000] {dag.py:4156} INFO - Setting next_dagrun for read_dataset_event to 2024-09-10 00:00:00+00:00, run_after=2024-09-11 00:00:00+00:00
[2024-09-11T13:42:15.560+0000] {logging_mixin.py:190} INFO - [2024-09-11T13:42:15.560+0000] {dag.py:4156} INFO - Setting next_dagrun for read_dataset_event_from_classic to 2024-09-10 00:00:00+00:00, run_after=2024-09-11 00:00:00+00:00
[2024-09-11T13:42:15.568+0000] {processor.py:208} INFO - Processing /home/airflow/.local/lib/python3.12/site-packages/airflow/example_dags/example_inlet_event_extra.py took 0.134 seconds
[2024-09-11T13:42:45.663+0000] {processor.py:186} INFO - Started process (PID=320) to work on /home/airflow/.local/lib/python3.12/site-packages/airflow/example_dags/example_inlet_event_extra.py
[2024-09-11T13:42:45.664+0000] {processor.py:914} INFO - Processing file /home/airflow/.local/lib/python3.12/site-packages/airflow/example_dags/example_inlet_event_extra.py for tasks to queue
[2024-09-11T13:42:45.665+0000] {logging_mixin.py:190} INFO - [2024-09-11T13:42:45.665+0000] {dagbag.py:587} INFO - Filling up the DagBag from /home/airflow/.local/lib/python3.12/site-packages/airflow/example_dags/example_inlet_event_extra.py
[2024-09-11T13:42:45.731+0000] {processor.py:925} INFO - DAG(s) 'read_dataset_event_from_classic', 'read_dataset_event' retrieved from /home/airflow/.local/lib/python3.12/site-packages/airflow/example_dags/example_inlet_event_extra.py
[2024-09-11T13:42:45.741+0000] {logging_mixin.py:190} INFO - [2024-09-11T13:42:45.741+0000] {dag.py:3229} INFO - Sync 2 DAGs
[2024-09-11T13:42:45.751+0000] {logging_mixin.py:190} INFO - [2024-09-11T13:42:45.751+0000] {dag.py:4156} INFO - Setting next_dagrun for read_dataset_event to 2024-09-10 00:00:00+00:00, run_after=2024-09-11 00:00:00+00:00
[2024-09-11T13:42:45.753+0000] {logging_mixin.py:190} INFO - [2024-09-11T13:42:45.753+0000] {dag.py:4156} INFO - Setting next_dagrun for read_dataset_event_from_classic to 2024-09-10 00:00:00+00:00, run_after=2024-09-11 00:00:00+00:00
[2024-09-11T13:42:45.759+0000] {processor.py:208} INFO - Processing /home/airflow/.local/lib/python3.12/site-packages/airflow/example_dags/example_inlet_event_extra.py took 0.099 seconds
[2024-09-11T13:43:15.926+0000] {processor.py:186} INFO - Started process (PID=374) to work on /home/airflow/.local/lib/python3.12/site-packages/airflow/example_dags/example_inlet_event_extra.py
[2024-09-11T13:43:15.927+0000] {processor.py:914} INFO - Processing file /home/airflow/.local/lib/python3.12/site-packages/airflow/example_dags/example_inlet_event_extra.py for tasks to queue
[2024-09-11T13:43:15.930+0000] {logging_mixin.py:190} INFO - [2024-09-11T13:43:15.929+0000] {dagbag.py:587} INFO - Filling up the DagBag from /home/airflow/.local/lib/python3.12/site-packages/airflow/example_dags/example_inlet_event_extra.py
[2024-09-11T13:43:16.019+0000] {processor.py:925} INFO - DAG(s) 'read_dataset_event', 'read_dataset_event_from_classic' retrieved from /home/airflow/.local/lib/python3.12/site-packages/airflow/example_dags/example_inlet_event_extra.py
[2024-09-11T13:43:16.030+0000] {logging_mixin.py:190} INFO - [2024-09-11T13:43:16.029+0000] {dag.py:3229} INFO - Sync 2 DAGs
[2024-09-11T13:43:16.041+0000] {logging_mixin.py:190} INFO - [2024-09-11T13:43:16.041+0000] {dag.py:4156} INFO - Setting next_dagrun for read_dataset_event to 2024-09-10 00:00:00+00:00, run_after=2024-09-11 00:00:00+00:00
[2024-09-11T13:43:16.043+0000] {logging_mixin.py:190} INFO - [2024-09-11T13:43:16.043+0000] {dag.py:4156} INFO - Setting next_dagrun for read_dataset_event_from_classic to 2024-09-10 00:00:00+00:00, run_after=2024-09-11 00:00:00+00:00
[2024-09-11T13:43:16.051+0000] {processor.py:208} INFO - Processing /home/airflow/.local/lib/python3.12/site-packages/airflow/example_dags/example_inlet_event_extra.py took 0.134 seconds
[2024-09-11T13:43:46.088+0000] {processor.py:186} INFO - Started process (PID=430) to work on /home/airflow/.local/lib/python3.12/site-packages/airflow/example_dags/example_inlet_event_extra.py
[2024-09-11T13:43:46.089+0000] {processor.py:914} INFO - Processing file /home/airflow/.local/lib/python3.12/site-packages/airflow/example_dags/example_inlet_event_extra.py for tasks to queue
[2024-09-11T13:43:46.092+0000] {logging_mixin.py:190} INFO - [2024-09-11T13:43:46.092+0000] {dagbag.py:587} INFO - Filling up the DagBag from /home/airflow/.local/lib/python3.12/site-packages/airflow/example_dags/example_inlet_event_extra.py
[2024-09-11T13:43:46.182+0000] {processor.py:925} INFO - DAG(s) 'read_dataset_event', 'read_dataset_event_from_classic' retrieved from /home/airflow/.local/lib/python3.12/site-packages/airflow/example_dags/example_inlet_event_extra.py
[2024-09-11T13:43:46.193+0000] {logging_mixin.py:190} INFO - [2024-09-11T13:43:46.193+0000] {dag.py:3229} INFO - Sync 2 DAGs
[2024-09-11T13:43:46.205+0000] {logging_mixin.py:190} INFO - [2024-09-11T13:43:46.204+0000] {dag.py:4156} INFO - Setting next_dagrun for read_dataset_event to 2024-09-10 00:00:00+00:00, run_after=2024-09-11 00:00:00+00:00
[2024-09-11T13:43:46.207+0000] {logging_mixin.py:190} INFO - [2024-09-11T13:43:46.207+0000] {dag.py:4156} INFO - Setting next_dagrun for read_dataset_event_from_classic to 2024-09-10 00:00:00+00:00, run_after=2024-09-11 00:00:00+00:00
[2024-09-11T13:43:46.214+0000] {processor.py:208} INFO - Processing /home/airflow/.local/lib/python3.12/site-packages/airflow/example_dags/example_inlet_event_extra.py took 0.135 seconds
[2024-09-11T13:44:16.334+0000] {processor.py:186} INFO - Started process (PID=486) to work on /home/airflow/.local/lib/python3.12/site-packages/airflow/example_dags/example_inlet_event_extra.py
[2024-09-11T13:44:16.335+0000] {processor.py:914} INFO - Processing file /home/airflow/.local/lib/python3.12/site-packages/airflow/example_dags/example_inlet_event_extra.py for tasks to queue
[2024-09-11T13:44:16.338+0000] {logging_mixin.py:190} INFO - [2024-09-11T13:44:16.338+0000] {dagbag.py:587} INFO - Filling up the DagBag from /home/airflow/.local/lib/python3.12/site-packages/airflow/example_dags/example_inlet_event_extra.py
[2024-09-11T13:44:16.434+0000] {processor.py:925} INFO - DAG(s) 'read_dataset_event_from_classic', 'read_dataset_event' retrieved from /home/airflow/.local/lib/python3.12/site-packages/airflow/example_dags/example_inlet_event_extra.py
[2024-09-11T13:44:16.444+0000] {logging_mixin.py:190} INFO - [2024-09-11T13:44:16.444+0000] {dag.py:3229} INFO - Sync 2 DAGs
[2024-09-11T13:44:16.456+0000] {logging_mixin.py:190} INFO - [2024-09-11T13:44:16.456+0000] {dag.py:4156} INFO - Setting next_dagrun for read_dataset_event to 2024-09-10 00:00:00+00:00, run_after=2024-09-11 00:00:00+00:00
[2024-09-11T13:44:16.459+0000] {logging_mixin.py:190} INFO - [2024-09-11T13:44:16.459+0000] {dag.py:4156} INFO - Setting next_dagrun for read_dataset_event_from_classic to 2024-09-10 00:00:00+00:00, run_after=2024-09-11 00:00:00+00:00
[2024-09-11T13:44:16.466+0000] {processor.py:208} INFO - Processing /home/airflow/.local/lib/python3.12/site-packages/airflow/example_dags/example_inlet_event_extra.py took 0.139 seconds
[2024-09-11T13:44:46.604+0000] {processor.py:186} INFO - Started process (PID=542) to work on /home/airflow/.local/lib/python3.12/site-packages/airflow/example_dags/example_inlet_event_extra.py
[2024-09-11T13:44:46.605+0000] {processor.py:914} INFO - Processing file /home/airflow/.local/lib/python3.12/site-packages/airflow/example_dags/example_inlet_event_extra.py for tasks to queue
[2024-09-11T13:44:46.608+0000] {logging_mixin.py:190} INFO - [2024-09-11T13:44:46.607+0000] {dagbag.py:587} INFO - Filling up the DagBag from /home/airflow/.local/lib/python3.12/site-packages/airflow/example_dags/example_inlet_event_extra.py
[2024-09-11T13:44:46.696+0000] {processor.py:925} INFO - DAG(s) 'read_dataset_event', 'read_dataset_event_from_classic' retrieved from /home/airflow/.local/lib/python3.12/site-packages/airflow/example_dags/example_inlet_event_extra.py
[2024-09-11T13:44:46.706+0000] {logging_mixin.py:190} INFO - [2024-09-11T13:44:46.706+0000] {dag.py:3229} INFO - Sync 2 DAGs
[2024-09-11T13:44:46.717+0000] {logging_mixin.py:190} INFO - [2024-09-11T13:44:46.717+0000] {dag.py:4156} INFO - Setting next_dagrun for read_dataset_event to 2024-09-10 00:00:00+00:00, run_after=2024-09-11 00:00:00+00:00
[2024-09-11T13:44:46.721+0000] {logging_mixin.py:190} INFO - [2024-09-11T13:44:46.721+0000] {dag.py:4156} INFO - Setting next_dagrun for read_dataset_event_from_classic to 2024-09-10 00:00:00+00:00, run_after=2024-09-11 00:00:00+00:00
[2024-09-11T13:44:46.732+0000] {processor.py:208} INFO - Processing /home/airflow/.local/lib/python3.12/site-packages/airflow/example_dags/example_inlet_event_extra.py took 0.136 seconds
[2024-09-11T13:45:16.893+0000] {processor.py:186} INFO - Started process (PID=598) to work on /home/airflow/.local/lib/python3.12/site-packages/airflow/example_dags/example_inlet_event_extra.py
[2024-09-11T13:45:16.894+0000] {processor.py:914} INFO - Processing file /home/airflow/.local/lib/python3.12/site-packages/airflow/example_dags/example_inlet_event_extra.py for tasks to queue
[2024-09-11T13:45:16.897+0000] {logging_mixin.py:190} INFO - [2024-09-11T13:45:16.896+0000] {dagbag.py:587} INFO - Filling up the DagBag from /home/airflow/.local/lib/python3.12/site-packages/airflow/example_dags/example_inlet_event_extra.py
[2024-09-11T13:45:16.982+0000] {processor.py:925} INFO - DAG(s) 'read_dataset_event_from_classic', 'read_dataset_event' retrieved from /home/airflow/.local/lib/python3.12/site-packages/airflow/example_dags/example_inlet_event_extra.py
[2024-09-11T13:45:16.992+0000] {logging_mixin.py:190} INFO - [2024-09-11T13:45:16.992+0000] {dag.py:3229} INFO - Sync 2 DAGs
[2024-09-11T13:45:17.003+0000] {logging_mixin.py:190} INFO - [2024-09-11T13:45:17.002+0000] {dag.py:4156} INFO - Setting next_dagrun for read_dataset_event to 2024-09-10 00:00:00+00:00, run_after=2024-09-11 00:00:00+00:00
[2024-09-11T13:45:17.005+0000] {logging_mixin.py:190} INFO - [2024-09-11T13:45:17.005+0000] {dag.py:4156} INFO - Setting next_dagrun for read_dataset_event_from_classic to 2024-09-10 00:00:00+00:00, run_after=2024-09-11 00:00:00+00:00
[2024-09-11T13:45:17.012+0000] {processor.py:208} INFO - Processing /home/airflow/.local/lib/python3.12/site-packages/airflow/example_dags/example_inlet_event_extra.py took 0.125 seconds
[2024-09-11T13:45:47.064+0000] {processor.py:186} INFO - Started process (PID=654) to work on /home/airflow/.local/lib/python3.12/site-packages/airflow/example_dags/example_inlet_event_extra.py
[2024-09-11T13:45:47.066+0000] {processor.py:914} INFO - Processing file /home/airflow/.local/lib/python3.12/site-packages/airflow/example_dags/example_inlet_event_extra.py for tasks to queue
[2024-09-11T13:45:47.069+0000] {logging_mixin.py:190} INFO - [2024-09-11T13:45:47.068+0000] {dagbag.py:587} INFO - Filling up the DagBag from /home/airflow/.local/lib/python3.12/site-packages/airflow/example_dags/example_inlet_event_extra.py
[2024-09-11T13:45:47.155+0000] {processor.py:925} INFO - DAG(s) 'read_dataset_event', 'read_dataset_event_from_classic' retrieved from /home/airflow/.local/lib/python3.12/site-packages/airflow/example_dags/example_inlet_event_extra.py
[2024-09-11T13:45:47.166+0000] {logging_mixin.py:190} INFO - [2024-09-11T13:45:47.166+0000] {dag.py:3229} INFO - Sync 2 DAGs
[2024-09-11T13:45:47.177+0000] {logging_mixin.py:190} INFO - [2024-09-11T13:45:47.177+0000] {dag.py:4156} INFO - Setting next_dagrun for read_dataset_event to 2024-09-10 00:00:00+00:00, run_after=2024-09-11 00:00:00+00:00
[2024-09-11T13:45:47.180+0000] {logging_mixin.py:190} INFO - [2024-09-11T13:45:47.180+0000] {dag.py:4156} INFO - Setting next_dagrun for read_dataset_event_from_classic to 2024-09-10 00:00:00+00:00, run_after=2024-09-11 00:00:00+00:00
[2024-09-11T13:45:47.187+0000] {processor.py:208} INFO - Processing /home/airflow/.local/lib/python3.12/site-packages/airflow/example_dags/example_inlet_event_extra.py took 0.135 seconds
[2024-09-11T13:46:17.286+0000] {processor.py:186} INFO - Started process (PID=712) to work on /home/airflow/.local/lib/python3.12/site-packages/airflow/example_dags/example_inlet_event_extra.py
[2024-09-11T13:46:17.286+0000] {processor.py:914} INFO - Processing file /home/airflow/.local/lib/python3.12/site-packages/airflow/example_dags/example_inlet_event_extra.py for tasks to queue
[2024-09-11T13:46:17.288+0000] {logging_mixin.py:190} INFO - [2024-09-11T13:46:17.288+0000] {dagbag.py:587} INFO - Filling up the DagBag from /home/airflow/.local/lib/python3.12/site-packages/airflow/example_dags/example_inlet_event_extra.py
[2024-09-11T13:46:17.361+0000] {processor.py:925} INFO - DAG(s) 'read_dataset_event_from_classic', 'read_dataset_event' retrieved from /home/airflow/.local/lib/python3.12/site-packages/airflow/example_dags/example_inlet_event_extra.py
[2024-09-11T13:46:17.372+0000] {logging_mixin.py:190} INFO - [2024-09-11T13:46:17.371+0000] {dag.py:3229} INFO - Sync 2 DAGs
[2024-09-11T13:46:17.384+0000] {logging_mixin.py:190} INFO - [2024-09-11T13:46:17.384+0000] {dag.py:4156} INFO - Setting next_dagrun for read_dataset_event to 2024-09-10 00:00:00+00:00, run_after=2024-09-11 00:00:00+00:00
[2024-09-11T13:46:17.386+0000] {logging_mixin.py:190} INFO - [2024-09-11T13:46:17.386+0000] {dag.py:4156} INFO - Setting next_dagrun for read_dataset_event_from_classic to 2024-09-10 00:00:00+00:00, run_after=2024-09-11 00:00:00+00:00
[2024-09-11T13:46:17.394+0000] {processor.py:208} INFO - Processing /home/airflow/.local/lib/python3.12/site-packages/airflow/example_dags/example_inlet_event_extra.py took 0.112 seconds
[2024-09-11T13:46:47.567+0000] {processor.py:186} INFO - Started process (PID=766) to work on /home/airflow/.local/lib/python3.12/site-packages/airflow/example_dags/example_inlet_event_extra.py
[2024-09-11T13:46:47.568+0000] {processor.py:914} INFO - Processing file /home/airflow/.local/lib/python3.12/site-packages/airflow/example_dags/example_inlet_event_extra.py for tasks to queue
[2024-09-11T13:46:47.571+0000] {logging_mixin.py:190} INFO - [2024-09-11T13:46:47.571+0000] {dagbag.py:587} INFO - Filling up the DagBag from /home/airflow/.local/lib/python3.12/site-packages/airflow/example_dags/example_inlet_event_extra.py
[2024-09-11T13:46:47.675+0000] {processor.py:925} INFO - DAG(s) 'read_dataset_event', 'read_dataset_event_from_classic' retrieved from /home/airflow/.local/lib/python3.12/site-packages/airflow/example_dags/example_inlet_event_extra.py
[2024-09-11T13:46:47.686+0000] {logging_mixin.py:190} INFO - [2024-09-11T13:46:47.686+0000] {dag.py:3229} INFO - Sync 2 DAGs
[2024-09-11T13:46:47.698+0000] {logging_mixin.py:190} INFO - [2024-09-11T13:46:47.697+0000] {dag.py:4156} INFO - Setting next_dagrun for read_dataset_event to 2024-09-10 00:00:00+00:00, run_after=2024-09-11 00:00:00+00:00
[2024-09-11T13:46:47.700+0000] {logging_mixin.py:190} INFO - [2024-09-11T13:46:47.700+0000] {dag.py:4156} INFO - Setting next_dagrun for read_dataset_event_from_classic to 2024-09-10 00:00:00+00:00, run_after=2024-09-11 00:00:00+00:00
[2024-09-11T13:46:47.708+0000] {processor.py:208} INFO - Processing /home/airflow/.local/lib/python3.12/site-packages/airflow/example_dags/example_inlet_event_extra.py took 0.149 seconds
[2024-09-11T13:47:17.761+0000] {processor.py:186} INFO - Started process (PID=822) to work on /home/airflow/.local/lib/python3.12/site-packages/airflow/example_dags/example_inlet_event_extra.py
[2024-09-11T13:47:17.762+0000] {processor.py:914} INFO - Processing file /home/airflow/.local/lib/python3.12/site-packages/airflow/example_dags/example_inlet_event_extra.py for tasks to queue
[2024-09-11T13:47:17.764+0000] {logging_mixin.py:190} INFO - [2024-09-11T13:47:17.763+0000] {dagbag.py:587} INFO - Filling up the DagBag from /home/airflow/.local/lib/python3.12/site-packages/airflow/example_dags/example_inlet_event_extra.py
[2024-09-11T13:47:17.840+0000] {processor.py:925} INFO - DAG(s) 'read_dataset_event', 'read_dataset_event_from_classic' retrieved from /home/airflow/.local/lib/python3.12/site-packages/airflow/example_dags/example_inlet_event_extra.py
[2024-09-11T13:47:17.850+0000] {logging_mixin.py:190} INFO - [2024-09-11T13:47:17.850+0000] {dag.py:3229} INFO - Sync 2 DAGs
[2024-09-11T13:47:17.863+0000] {logging_mixin.py:190} INFO - [2024-09-11T13:47:17.863+0000] {dag.py:4156} INFO - Setting next_dagrun for read_dataset_event to 2024-09-10 00:00:00+00:00, run_after=2024-09-11 00:00:00+00:00
[2024-09-11T13:47:17.866+0000] {logging_mixin.py:190} INFO - [2024-09-11T13:47:17.866+0000] {dag.py:4156} INFO - Setting next_dagrun for read_dataset_event_from_classic to 2024-09-10 00:00:00+00:00, run_after=2024-09-11 00:00:00+00:00
[2024-09-11T13:47:17.873+0000] {processor.py:208} INFO - Processing /home/airflow/.local/lib/python3.12/site-packages/airflow/example_dags/example_inlet_event_extra.py took 0.116 seconds
[2024-09-11T13:47:47.967+0000] {processor.py:186} INFO - Started process (PID=878) to work on /home/airflow/.local/lib/python3.12/site-packages/airflow/example_dags/example_inlet_event_extra.py
[2024-09-11T13:47:47.968+0000] {processor.py:914} INFO - Processing file /home/airflow/.local/lib/python3.12/site-packages/airflow/example_dags/example_inlet_event_extra.py for tasks to queue
[2024-09-11T13:47:47.971+0000] {logging_mixin.py:190} INFO - [2024-09-11T13:47:47.971+0000] {dagbag.py:587} INFO - Filling up the DagBag from /home/airflow/.local/lib/python3.12/site-packages/airflow/example_dags/example_inlet_event_extra.py
[2024-09-11T13:47:48.060+0000] {processor.py:925} INFO - DAG(s) 'read_dataset_event_from_classic', 'read_dataset_event' retrieved from /home/airflow/.local/lib/python3.12/site-packages/airflow/example_dags/example_inlet_event_extra.py
[2024-09-11T13:47:48.071+0000] {logging_mixin.py:190} INFO - [2024-09-11T13:47:48.071+0000] {dag.py:3229} INFO - Sync 2 DAGs
[2024-09-11T13:47:48.087+0000] {logging_mixin.py:190} INFO - [2024-09-11T13:47:48.087+0000] {dag.py:4156} INFO - Setting next_dagrun for read_dataset_event to 2024-09-10 00:00:00+00:00, run_after=2024-09-11 00:00:00+00:00
[2024-09-11T13:47:48.091+0000] {logging_mixin.py:190} INFO - [2024-09-11T13:47:48.091+0000] {dag.py:4156} INFO - Setting next_dagrun for read_dataset_event_from_classic to 2024-09-10 00:00:00+00:00, run_after=2024-09-11 00:00:00+00:00
[2024-09-11T13:47:48.099+0000] {processor.py:208} INFO - Processing /home/airflow/.local/lib/python3.12/site-packages/airflow/example_dags/example_inlet_event_extra.py took 0.140 seconds
[2024-09-11T13:48:18.151+0000] {processor.py:186} INFO - Started process (PID=935) to work on /home/airflow/.local/lib/python3.12/site-packages/airflow/example_dags/example_inlet_event_extra.py
[2024-09-11T13:48:18.152+0000] {processor.py:914} INFO - Processing file /home/airflow/.local/lib/python3.12/site-packages/airflow/example_dags/example_inlet_event_extra.py for tasks to queue
[2024-09-11T13:48:18.153+0000] {logging_mixin.py:190} INFO - [2024-09-11T13:48:18.153+0000] {dagbag.py:587} INFO - Filling up the DagBag from /home/airflow/.local/lib/python3.12/site-packages/airflow/example_dags/example_inlet_event_extra.py
[2024-09-11T13:48:18.238+0000] {processor.py:925} INFO - DAG(s) 'read_dataset_event_from_classic', 'read_dataset_event' retrieved from /home/airflow/.local/lib/python3.12/site-packages/airflow/example_dags/example_inlet_event_extra.py
[2024-09-11T13:48:18.251+0000] {logging_mixin.py:190} INFO - [2024-09-11T13:48:18.251+0000] {dag.py:3229} INFO - Sync 2 DAGs
[2024-09-11T13:48:18.264+0000] {logging_mixin.py:190} INFO - [2024-09-11T13:48:18.264+0000] {dag.py:4156} INFO - Setting next_dagrun for read_dataset_event to 2024-09-10 00:00:00+00:00, run_after=2024-09-11 00:00:00+00:00
[2024-09-11T13:48:18.268+0000] {logging_mixin.py:190} INFO - [2024-09-11T13:48:18.268+0000] {dag.py:4156} INFO - Setting next_dagrun for read_dataset_event_from_classic to 2024-09-10 00:00:00+00:00, run_after=2024-09-11 00:00:00+00:00
[2024-09-11T13:48:18.278+0000] {processor.py:208} INFO - Processing /home/airflow/.local/lib/python3.12/site-packages/airflow/example_dags/example_inlet_event_extra.py took 0.132 seconds
[2024-09-11T13:48:48.443+0000] {processor.py:186} INFO - Started process (PID=990) to work on /home/airflow/.local/lib/python3.12/site-packages/airflow/example_dags/example_inlet_event_extra.py
[2024-09-11T13:48:48.444+0000] {processor.py:914} INFO - Processing file /home/airflow/.local/lib/python3.12/site-packages/airflow/example_dags/example_inlet_event_extra.py for tasks to queue
[2024-09-11T13:48:48.447+0000] {logging_mixin.py:190} INFO - [2024-09-11T13:48:48.447+0000] {dagbag.py:587} INFO - Filling up the DagBag from /home/airflow/.local/lib/python3.12/site-packages/airflow/example_dags/example_inlet_event_extra.py
[2024-09-11T13:48:48.539+0000] {processor.py:925} INFO - DAG(s) 'read_dataset_event_from_classic', 'read_dataset_event' retrieved from /home/airflow/.local/lib/python3.12/site-packages/airflow/example_dags/example_inlet_event_extra.py
[2024-09-11T13:48:48.549+0000] {logging_mixin.py:190} INFO - [2024-09-11T13:48:48.549+0000] {dag.py:3229} INFO - Sync 2 DAGs
[2024-09-11T13:48:48.561+0000] {logging_mixin.py:190} INFO - [2024-09-11T13:48:48.561+0000] {dag.py:4156} INFO - Setting next_dagrun for read_dataset_event to 2024-09-10 00:00:00+00:00, run_after=2024-09-11 00:00:00+00:00
[2024-09-11T13:48:48.563+0000] {logging_mixin.py:190} INFO - [2024-09-11T13:48:48.563+0000] {dag.py:4156} INFO - Setting next_dagrun for read_dataset_event_from_classic to 2024-09-10 00:00:00+00:00, run_after=2024-09-11 00:00:00+00:00
[2024-09-11T13:48:48.571+0000] {processor.py:208} INFO - Processing /home/airflow/.local/lib/python3.12/site-packages/airflow/example_dags/example_inlet_event_extra.py took 0.138 seconds
[2024-09-11T13:49:18.603+0000] {processor.py:186} INFO - Started process (PID=1047) to work on /home/airflow/.local/lib/python3.12/site-packages/airflow/example_dags/example_inlet_event_extra.py
[2024-09-11T13:49:18.604+0000] {processor.py:914} INFO - Processing file /home/airflow/.local/lib/python3.12/site-packages/airflow/example_dags/example_inlet_event_extra.py for tasks to queue
[2024-09-11T13:49:18.606+0000] {logging_mixin.py:190} INFO - [2024-09-11T13:49:18.606+0000] {dagbag.py:587} INFO - Filling up the DagBag from /home/airflow/.local/lib/python3.12/site-packages/airflow/example_dags/example_inlet_event_extra.py
[2024-09-11T13:49:18.691+0000] {processor.py:925} INFO - DAG(s) 'read_dataset_event_from_classic', 'read_dataset_event' retrieved from /home/airflow/.local/lib/python3.12/site-packages/airflow/example_dags/example_inlet_event_extra.py
[2024-09-11T13:49:18.702+0000] {logging_mixin.py:190} INFO - [2024-09-11T13:49:18.702+0000] {dag.py:3229} INFO - Sync 2 DAGs
[2024-09-11T13:49:18.715+0000] {logging_mixin.py:190} INFO - [2024-09-11T13:49:18.715+0000] {dag.py:4156} INFO - Setting next_dagrun for read_dataset_event to 2024-09-10 00:00:00+00:00, run_after=2024-09-11 00:00:00+00:00
[2024-09-11T13:49:18.719+0000] {logging_mixin.py:190} INFO - [2024-09-11T13:49:18.719+0000] {dag.py:4156} INFO - Setting next_dagrun for read_dataset_event_from_classic to 2024-09-10 00:00:00+00:00, run_after=2024-09-11 00:00:00+00:00
[2024-09-11T13:49:18.727+0000] {processor.py:208} INFO - Processing /home/airflow/.local/lib/python3.12/site-packages/airflow/example_dags/example_inlet_event_extra.py took 0.131 seconds
[2024-09-11T13:49:48.834+0000] {processor.py:186} INFO - Started process (PID=1102) to work on /home/airflow/.local/lib/python3.12/site-packages/airflow/example_dags/example_inlet_event_extra.py
[2024-09-11T13:49:48.835+0000] {processor.py:914} INFO - Processing file /home/airflow/.local/lib/python3.12/site-packages/airflow/example_dags/example_inlet_event_extra.py for tasks to queue
[2024-09-11T13:49:48.836+0000] {logging_mixin.py:190} INFO - [2024-09-11T13:49:48.836+0000] {dagbag.py:587} INFO - Filling up the DagBag from /home/airflow/.local/lib/python3.12/site-packages/airflow/example_dags/example_inlet_event_extra.py
[2024-09-11T13:49:48.918+0000] {processor.py:925} INFO - DAG(s) 'read_dataset_event', 'read_dataset_event_from_classic' retrieved from /home/airflow/.local/lib/python3.12/site-packages/airflow/example_dags/example_inlet_event_extra.py
[2024-09-11T13:49:48.930+0000] {logging_mixin.py:190} INFO - [2024-09-11T13:49:48.930+0000] {dag.py:3229} INFO - Sync 2 DAGs
[2024-09-11T13:49:48.943+0000] {logging_mixin.py:190} INFO - [2024-09-11T13:49:48.943+0000] {dag.py:4156} INFO - Setting next_dagrun for read_dataset_event to 2024-09-10 00:00:00+00:00, run_after=2024-09-11 00:00:00+00:00
[2024-09-11T13:49:48.946+0000] {logging_mixin.py:190} INFO - [2024-09-11T13:49:48.946+0000] {dag.py:4156} INFO - Setting next_dagrun for read_dataset_event_from_classic to 2024-09-10 00:00:00+00:00, run_after=2024-09-11 00:00:00+00:00
[2024-09-11T13:49:48.956+0000] {processor.py:208} INFO - Processing /home/airflow/.local/lib/python3.12/site-packages/airflow/example_dags/example_inlet_event_extra.py took 0.130 seconds
[2024-09-11T13:50:19.181+0000] {processor.py:186} INFO - Started process (PID=1158) to work on /home/airflow/.local/lib/python3.12/site-packages/airflow/example_dags/example_inlet_event_extra.py
[2024-09-11T13:50:19.183+0000] {processor.py:914} INFO - Processing file /home/airflow/.local/lib/python3.12/site-packages/airflow/example_dags/example_inlet_event_extra.py for tasks to queue
[2024-09-11T13:50:19.185+0000] {logging_mixin.py:190} INFO - [2024-09-11T13:50:19.185+0000] {dagbag.py:587} INFO - Filling up the DagBag from /home/airflow/.local/lib/python3.12/site-packages/airflow/example_dags/example_inlet_event_extra.py
[2024-09-11T13:50:19.280+0000] {processor.py:925} INFO - DAG(s) 'read_dataset_event_from_classic', 'read_dataset_event' retrieved from /home/airflow/.local/lib/python3.12/site-packages/airflow/example_dags/example_inlet_event_extra.py
[2024-09-11T13:50:19.290+0000] {logging_mixin.py:190} INFO - [2024-09-11T13:50:19.290+0000] {dag.py:3229} INFO - Sync 2 DAGs
[2024-09-11T13:50:19.303+0000] {logging_mixin.py:190} INFO - [2024-09-11T13:50:19.303+0000] {dag.py:4156} INFO - Setting next_dagrun for read_dataset_event to 2024-09-10 00:00:00+00:00, run_after=2024-09-11 00:00:00+00:00
[2024-09-11T13:50:19.308+0000] {logging_mixin.py:190} INFO - [2024-09-11T13:50:19.308+0000] {dag.py:4156} INFO - Setting next_dagrun for read_dataset_event_from_classic to 2024-09-10 00:00:00+00:00, run_after=2024-09-11 00:00:00+00:00
[2024-09-11T13:50:19.315+0000] {processor.py:208} INFO - Processing /home/airflow/.local/lib/python3.12/site-packages/airflow/example_dags/example_inlet_event_extra.py took 0.143 seconds
[2024-09-11T13:50:49.383+0000] {processor.py:186} INFO - Started process (PID=1214) to work on /home/airflow/.local/lib/python3.12/site-packages/airflow/example_dags/example_inlet_event_extra.py
[2024-09-11T13:50:49.384+0000] {processor.py:914} INFO - Processing file /home/airflow/.local/lib/python3.12/site-packages/airflow/example_dags/example_inlet_event_extra.py for tasks to queue
[2024-09-11T13:50:49.386+0000] {logging_mixin.py:190} INFO - [2024-09-11T13:50:49.385+0000] {dagbag.py:587} INFO - Filling up the DagBag from /home/airflow/.local/lib/python3.12/site-packages/airflow/example_dags/example_inlet_event_extra.py
[2024-09-11T13:50:49.475+0000] {processor.py:925} INFO - DAG(s) 'read_dataset_event_from_classic', 'read_dataset_event' retrieved from /home/airflow/.local/lib/python3.12/site-packages/airflow/example_dags/example_inlet_event_extra.py
[2024-09-11T13:50:49.485+0000] {logging_mixin.py:190} INFO - [2024-09-11T13:50:49.485+0000] {dag.py:3229} INFO - Sync 2 DAGs
[2024-09-11T13:50:49.498+0000] {logging_mixin.py:190} INFO - [2024-09-11T13:50:49.497+0000] {dag.py:4156} INFO - Setting next_dagrun for read_dataset_event to 2024-09-10 00:00:00+00:00, run_after=2024-09-11 00:00:00+00:00
[2024-09-11T13:50:49.501+0000] {logging_mixin.py:190} INFO - [2024-09-11T13:50:49.501+0000] {dag.py:4156} INFO - Setting next_dagrun for read_dataset_event_from_classic to 2024-09-10 00:00:00+00:00, run_after=2024-09-11 00:00:00+00:00
[2024-09-11T13:50:49.508+0000] {processor.py:208} INFO - Processing /home/airflow/.local/lib/python3.12/site-packages/airflow/example_dags/example_inlet_event_extra.py took 0.131 seconds
[2024-09-11T13:51:19.575+0000] {processor.py:186} INFO - Started process (PID=1271) to work on /home/airflow/.local/lib/python3.12/site-packages/airflow/example_dags/example_inlet_event_extra.py
[2024-09-11T13:51:19.576+0000] {processor.py:914} INFO - Processing file /home/airflow/.local/lib/python3.12/site-packages/airflow/example_dags/example_inlet_event_extra.py for tasks to queue
[2024-09-11T13:51:19.578+0000] {logging_mixin.py:190} INFO - [2024-09-11T13:51:19.577+0000] {dagbag.py:587} INFO - Filling up the DagBag from /home/airflow/.local/lib/python3.12/site-packages/airflow/example_dags/example_inlet_event_extra.py
[2024-09-11T13:51:19.682+0000] {processor.py:925} INFO - DAG(s) 'read_dataset_event_from_classic', 'read_dataset_event' retrieved from /home/airflow/.local/lib/python3.12/site-packages/airflow/example_dags/example_inlet_event_extra.py
[2024-09-11T13:51:19.696+0000] {logging_mixin.py:190} INFO - [2024-09-11T13:51:19.696+0000] {dag.py:3229} INFO - Sync 2 DAGs
[2024-09-11T13:51:19.709+0000] {logging_mixin.py:190} INFO - [2024-09-11T13:51:19.709+0000] {dag.py:4156} INFO - Setting next_dagrun for read_dataset_event to 2024-09-10 00:00:00+00:00, run_after=2024-09-11 00:00:00+00:00
[2024-09-11T13:51:19.712+0000] {logging_mixin.py:190} INFO - [2024-09-11T13:51:19.712+0000] {dag.py:4156} INFO - Setting next_dagrun for read_dataset_event_from_classic to 2024-09-10 00:00:00+00:00, run_after=2024-09-11 00:00:00+00:00
[2024-09-11T13:51:19.720+0000] {processor.py:208} INFO - Processing /home/airflow/.local/lib/python3.12/site-packages/airflow/example_dags/example_inlet_event_extra.py took 0.150 seconds
[2024-09-11T13:51:49.866+0000] {processor.py:186} INFO - Started process (PID=1326) to work on /home/airflow/.local/lib/python3.12/site-packages/airflow/example_dags/example_inlet_event_extra.py
[2024-09-11T13:51:49.868+0000] {processor.py:914} INFO - Processing file /home/airflow/.local/lib/python3.12/site-packages/airflow/example_dags/example_inlet_event_extra.py for tasks to queue
[2024-09-11T13:51:49.871+0000] {logging_mixin.py:190} INFO - [2024-09-11T13:51:49.870+0000] {dagbag.py:587} INFO - Filling up the DagBag from /home/airflow/.local/lib/python3.12/site-packages/airflow/example_dags/example_inlet_event_extra.py
[2024-09-11T13:51:49.970+0000] {processor.py:925} INFO - DAG(s) 'read_dataset_event', 'read_dataset_event_from_classic' retrieved from /home/airflow/.local/lib/python3.12/site-packages/airflow/example_dags/example_inlet_event_extra.py
[2024-09-11T13:51:49.981+0000] {logging_mixin.py:190} INFO - [2024-09-11T13:51:49.981+0000] {dag.py:3229} INFO - Sync 2 DAGs
[2024-09-11T13:51:49.994+0000] {logging_mixin.py:190} INFO - [2024-09-11T13:51:49.994+0000] {dag.py:4156} INFO - Setting next_dagrun for read_dataset_event to 2024-09-10 00:00:00+00:00, run_after=2024-09-11 00:00:00+00:00
[2024-09-11T13:51:49.996+0000] {logging_mixin.py:190} INFO - [2024-09-11T13:51:49.996+0000] {dag.py:4156} INFO - Setting next_dagrun for read_dataset_event_from_classic to 2024-09-10 00:00:00+00:00, run_after=2024-09-11 00:00:00+00:00
[2024-09-11T13:51:50.004+0000] {processor.py:208} INFO - Processing /home/airflow/.local/lib/python3.12/site-packages/airflow/example_dags/example_inlet_event_extra.py took 0.146 seconds
[2024-09-11T13:52:20.087+0000] {processor.py:186} INFO - Started process (PID=1382) to work on /home/airflow/.local/lib/python3.12/site-packages/airflow/example_dags/example_inlet_event_extra.py
[2024-09-11T13:52:20.088+0000] {processor.py:914} INFO - Processing file /home/airflow/.local/lib/python3.12/site-packages/airflow/example_dags/example_inlet_event_extra.py for tasks to queue
[2024-09-11T13:52:20.092+0000] {logging_mixin.py:190} INFO - [2024-09-11T13:52:20.091+0000] {dagbag.py:587} INFO - Filling up the DagBag from /home/airflow/.local/lib/python3.12/site-packages/airflow/example_dags/example_inlet_event_extra.py
[2024-09-11T13:52:20.187+0000] {processor.py:925} INFO - DAG(s) 'read_dataset_event', 'read_dataset_event_from_classic' retrieved from /home/airflow/.local/lib/python3.12/site-packages/airflow/example_dags/example_inlet_event_extra.py
[2024-09-11T13:52:20.198+0000] {logging_mixin.py:190} INFO - [2024-09-11T13:52:20.198+0000] {dag.py:3229} INFO - Sync 2 DAGs
[2024-09-11T13:52:20.209+0000] {logging_mixin.py:190} INFO - [2024-09-11T13:52:20.209+0000] {dag.py:4156} INFO - Setting next_dagrun for read_dataset_event to 2024-09-10 00:00:00+00:00, run_after=2024-09-11 00:00:00+00:00
[2024-09-11T13:52:20.212+0000] {logging_mixin.py:190} INFO - [2024-09-11T13:52:20.211+0000] {dag.py:4156} INFO - Setting next_dagrun for read_dataset_event_from_classic to 2024-09-10 00:00:00+00:00, run_after=2024-09-11 00:00:00+00:00
[2024-09-11T13:52:20.219+0000] {processor.py:208} INFO - Processing /home/airflow/.local/lib/python3.12/site-packages/airflow/example_dags/example_inlet_event_extra.py took 0.138 seconds
[2024-09-11T13:52:50.587+0000] {processor.py:186} INFO - Started process (PID=1438) to work on /home/airflow/.local/lib/python3.12/site-packages/airflow/example_dags/example_inlet_event_extra.py
[2024-09-11T13:52:50.589+0000] {processor.py:914} INFO - Processing file /home/airflow/.local/lib/python3.12/site-packages/airflow/example_dags/example_inlet_event_extra.py for tasks to queue
[2024-09-11T13:52:50.592+0000] {logging_mixin.py:190} INFO - [2024-09-11T13:52:50.592+0000] {dagbag.py:587} INFO - Filling up the DagBag from /home/airflow/.local/lib/python3.12/site-packages/airflow/example_dags/example_inlet_event_extra.py
[2024-09-11T13:52:50.867+0000] {processor.py:925} INFO - DAG(s) 'read_dataset_event', 'read_dataset_event_from_classic' retrieved from /home/airflow/.local/lib/python3.12/site-packages/airflow/example_dags/example_inlet_event_extra.py
[2024-09-11T13:52:50.901+0000] {logging_mixin.py:190} INFO - [2024-09-11T13:52:50.900+0000] {dag.py:3229} INFO - Sync 2 DAGs
[2024-09-11T13:52:50.932+0000] {logging_mixin.py:190} INFO - [2024-09-11T13:52:50.931+0000] {dag.py:4156} INFO - Setting next_dagrun for read_dataset_event to 2024-09-10 00:00:00+00:00, run_after=2024-09-11 00:00:00+00:00
[2024-09-11T13:52:50.936+0000] {logging_mixin.py:190} INFO - [2024-09-11T13:52:50.936+0000] {dag.py:4156} INFO - Setting next_dagrun for read_dataset_event_from_classic to 2024-09-10 00:00:00+00:00, run_after=2024-09-11 00:00:00+00:00
[2024-09-11T13:52:50.957+0000] {processor.py:208} INFO - Processing /home/airflow/.local/lib/python3.12/site-packages/airflow/example_dags/example_inlet_event_extra.py took 0.378 seconds
[2024-09-11T13:53:21.291+0000] {processor.py:186} INFO - Started process (PID=1494) to work on /home/airflow/.local/lib/python3.12/site-packages/airflow/example_dags/example_inlet_event_extra.py
[2024-09-11T13:53:21.292+0000] {processor.py:914} INFO - Processing file /home/airflow/.local/lib/python3.12/site-packages/airflow/example_dags/example_inlet_event_extra.py for tasks to queue
[2024-09-11T13:53:21.294+0000] {logging_mixin.py:190} INFO - [2024-09-11T13:53:21.294+0000] {dagbag.py:587} INFO - Filling up the DagBag from /home/airflow/.local/lib/python3.12/site-packages/airflow/example_dags/example_inlet_event_extra.py
[2024-09-11T13:53:21.404+0000] {processor.py:925} INFO - DAG(s) 'read_dataset_event_from_classic', 'read_dataset_event' retrieved from /home/airflow/.local/lib/python3.12/site-packages/airflow/example_dags/example_inlet_event_extra.py
[2024-09-11T13:53:21.424+0000] {logging_mixin.py:190} INFO - [2024-09-11T13:53:21.423+0000] {dag.py:3229} INFO - Sync 2 DAGs
[2024-09-11T13:53:21.438+0000] {logging_mixin.py:190} INFO - [2024-09-11T13:53:21.438+0000] {dag.py:4156} INFO - Setting next_dagrun for read_dataset_event to 2024-09-10 00:00:00+00:00, run_after=2024-09-11 00:00:00+00:00
[2024-09-11T13:53:21.442+0000] {logging_mixin.py:190} INFO - [2024-09-11T13:53:21.442+0000] {dag.py:4156} INFO - Setting next_dagrun for read_dataset_event_from_classic to 2024-09-10 00:00:00+00:00, run_after=2024-09-11 00:00:00+00:00
[2024-09-11T13:53:21.449+0000] {processor.py:208} INFO - Processing /home/airflow/.local/lib/python3.12/site-packages/airflow/example_dags/example_inlet_event_extra.py took 0.165 seconds
[2024-09-11T13:53:51.845+0000] {processor.py:186} INFO - Started process (PID=1550) to work on /home/airflow/.local/lib/python3.12/site-packages/airflow/example_dags/example_inlet_event_extra.py
[2024-09-11T13:53:51.846+0000] {processor.py:914} INFO - Processing file /home/airflow/.local/lib/python3.12/site-packages/airflow/example_dags/example_inlet_event_extra.py for tasks to queue
[2024-09-11T13:53:51.849+0000] {logging_mixin.py:190} INFO - [2024-09-11T13:53:51.848+0000] {dagbag.py:587} INFO - Filling up the DagBag from /home/airflow/.local/lib/python3.12/site-packages/airflow/example_dags/example_inlet_event_extra.py
[2024-09-11T13:53:51.945+0000] {processor.py:925} INFO - DAG(s) 'read_dataset_event_from_classic', 'read_dataset_event' retrieved from /home/airflow/.local/lib/python3.12/site-packages/airflow/example_dags/example_inlet_event_extra.py
[2024-09-11T13:53:51.956+0000] {logging_mixin.py:190} INFO - [2024-09-11T13:53:51.956+0000] {dag.py:3229} INFO - Sync 2 DAGs
[2024-09-11T13:53:51.967+0000] {logging_mixin.py:190} INFO - [2024-09-11T13:53:51.967+0000] {dag.py:4156} INFO - Setting next_dagrun for read_dataset_event to 2024-09-10 00:00:00+00:00, run_after=2024-09-11 00:00:00+00:00
[2024-09-11T13:53:51.971+0000] {logging_mixin.py:190} INFO - [2024-09-11T13:53:51.971+0000] {dag.py:4156} INFO - Setting next_dagrun for read_dataset_event_from_classic to 2024-09-10 00:00:00+00:00, run_after=2024-09-11 00:00:00+00:00
[2024-09-11T13:53:52.101+0000] {processor.py:208} INFO - Processing /home/airflow/.local/lib/python3.12/site-packages/airflow/example_dags/example_inlet_event_extra.py took 0.264 seconds
[2024-09-11T13:54:22.394+0000] {processor.py:186} INFO - Started process (PID=1606) to work on /home/airflow/.local/lib/python3.12/site-packages/airflow/example_dags/example_inlet_event_extra.py
[2024-09-11T13:54:22.396+0000] {processor.py:914} INFO - Processing file /home/airflow/.local/lib/python3.12/site-packages/airflow/example_dags/example_inlet_event_extra.py for tasks to queue
[2024-09-11T13:54:22.399+0000] {logging_mixin.py:190} INFO - [2024-09-11T13:54:22.398+0000] {dagbag.py:587} INFO - Filling up the DagBag from /home/airflow/.local/lib/python3.12/site-packages/airflow/example_dags/example_inlet_event_extra.py
[2024-09-11T13:54:22.503+0000] {processor.py:925} INFO - DAG(s) 'read_dataset_event', 'read_dataset_event_from_classic' retrieved from /home/airflow/.local/lib/python3.12/site-packages/airflow/example_dags/example_inlet_event_extra.py
[2024-09-11T13:54:22.515+0000] {logging_mixin.py:190} INFO - [2024-09-11T13:54:22.514+0000] {dag.py:3229} INFO - Sync 2 DAGs
[2024-09-11T13:54:22.528+0000] {logging_mixin.py:190} INFO - [2024-09-11T13:54:22.527+0000] {dag.py:4156} INFO - Setting next_dagrun for read_dataset_event to 2024-09-10 00:00:00+00:00, run_after=2024-09-11 00:00:00+00:00
[2024-09-11T13:54:22.531+0000] {logging_mixin.py:190} INFO - [2024-09-11T13:54:22.530+0000] {dag.py:4156} INFO - Setting next_dagrun for read_dataset_event_from_classic to 2024-09-10 00:00:00+00:00, run_after=2024-09-11 00:00:00+00:00
[2024-09-11T13:54:22.541+0000] {processor.py:208} INFO - Processing /home/airflow/.local/lib/python3.12/site-packages/airflow/example_dags/example_inlet_event_extra.py took 0.157 seconds
[2024-09-11T13:54:52.709+0000] {processor.py:186} INFO - Started process (PID=1662) to work on /home/airflow/.local/lib/python3.12/site-packages/airflow/example_dags/example_inlet_event_extra.py
[2024-09-11T13:54:52.710+0000] {processor.py:914} INFO - Processing file /home/airflow/.local/lib/python3.12/site-packages/airflow/example_dags/example_inlet_event_extra.py for tasks to queue
[2024-09-11T13:54:52.714+0000] {logging_mixin.py:190} INFO - [2024-09-11T13:54:52.714+0000] {dagbag.py:587} INFO - Filling up the DagBag from /home/airflow/.local/lib/python3.12/site-packages/airflow/example_dags/example_inlet_event_extra.py
[2024-09-11T13:54:52.807+0000] {processor.py:925} INFO - DAG(s) 'read_dataset_event', 'read_dataset_event_from_classic' retrieved from /home/airflow/.local/lib/python3.12/site-packages/airflow/example_dags/example_inlet_event_extra.py
[2024-09-11T13:54:52.820+0000] {logging_mixin.py:190} INFO - [2024-09-11T13:54:52.820+0000] {dag.py:3229} INFO - Sync 2 DAGs
[2024-09-11T13:54:52.834+0000] {logging_mixin.py:190} INFO - [2024-09-11T13:54:52.834+0000] {dag.py:4156} INFO - Setting next_dagrun for read_dataset_event to 2024-09-10 00:00:00+00:00, run_after=2024-09-11 00:00:00+00:00
[2024-09-11T13:54:52.836+0000] {logging_mixin.py:190} INFO - [2024-09-11T13:54:52.836+0000] {dag.py:4156} INFO - Setting next_dagrun for read_dataset_event_from_classic to 2024-09-10 00:00:00+00:00, run_after=2024-09-11 00:00:00+00:00
[2024-09-11T13:54:52.844+0000] {processor.py:208} INFO - Processing /home/airflow/.local/lib/python3.12/site-packages/airflow/example_dags/example_inlet_event_extra.py took 0.144 seconds
[2024-09-11T13:55:23.058+0000] {processor.py:186} INFO - Started process (PID=1718) to work on /home/airflow/.local/lib/python3.12/site-packages/airflow/example_dags/example_inlet_event_extra.py
[2024-09-11T13:55:23.060+0000] {processor.py:914} INFO - Processing file /home/airflow/.local/lib/python3.12/site-packages/airflow/example_dags/example_inlet_event_extra.py for tasks to queue
[2024-09-11T13:55:23.063+0000] {logging_mixin.py:190} INFO - [2024-09-11T13:55:23.062+0000] {dagbag.py:587} INFO - Filling up the DagBag from /home/airflow/.local/lib/python3.12/site-packages/airflow/example_dags/example_inlet_event_extra.py
[2024-09-11T13:55:23.157+0000] {processor.py:925} INFO - DAG(s) 'read_dataset_event_from_classic', 'read_dataset_event' retrieved from /home/airflow/.local/lib/python3.12/site-packages/airflow/example_dags/example_inlet_event_extra.py
[2024-09-11T13:55:23.284+0000] {logging_mixin.py:190} INFO - [2024-09-11T13:55:23.284+0000] {dag.py:3229} INFO - Sync 2 DAGs
[2024-09-11T13:55:23.294+0000] {logging_mixin.py:190} INFO - [2024-09-11T13:55:23.294+0000] {dag.py:4156} INFO - Setting next_dagrun for read_dataset_event to 2024-09-10 00:00:00+00:00, run_after=2024-09-11 00:00:00+00:00
[2024-09-11T13:55:23.296+0000] {logging_mixin.py:190} INFO - [2024-09-11T13:55:23.296+0000] {dag.py:4156} INFO - Setting next_dagrun for read_dataset_event_from_classic to 2024-09-10 00:00:00+00:00, run_after=2024-09-11 00:00:00+00:00
[2024-09-11T13:55:23.303+0000] {processor.py:208} INFO - Processing /home/airflow/.local/lib/python3.12/site-packages/airflow/example_dags/example_inlet_event_extra.py took 0.254 seconds
[2024-09-11T13:55:53.419+0000] {processor.py:186} INFO - Started process (PID=1774) to work on /home/airflow/.local/lib/python3.12/site-packages/airflow/example_dags/example_inlet_event_extra.py
[2024-09-11T13:55:53.420+0000] {processor.py:914} INFO - Processing file /home/airflow/.local/lib/python3.12/site-packages/airflow/example_dags/example_inlet_event_extra.py for tasks to queue
[2024-09-11T13:55:53.423+0000] {logging_mixin.py:190} INFO - [2024-09-11T13:55:53.423+0000] {dagbag.py:587} INFO - Filling up the DagBag from /home/airflow/.local/lib/python3.12/site-packages/airflow/example_dags/example_inlet_event_extra.py
[2024-09-11T13:55:53.505+0000] {processor.py:925} INFO - DAG(s) 'read_dataset_event_from_classic', 'read_dataset_event' retrieved from /home/airflow/.local/lib/python3.12/site-packages/airflow/example_dags/example_inlet_event_extra.py
[2024-09-11T13:55:53.517+0000] {logging_mixin.py:190} INFO - [2024-09-11T13:55:53.517+0000] {dag.py:3229} INFO - Sync 2 DAGs
[2024-09-11T13:55:53.634+0000] {logging_mixin.py:190} INFO - [2024-09-11T13:55:53.634+0000] {dag.py:4156} INFO - Setting next_dagrun for read_dataset_event to 2024-09-10 00:00:00+00:00, run_after=2024-09-11 00:00:00+00:00
[2024-09-11T13:55:53.636+0000] {logging_mixin.py:190} INFO - [2024-09-11T13:55:53.636+0000] {dag.py:4156} INFO - Setting next_dagrun for read_dataset_event_from_classic to 2024-09-10 00:00:00+00:00, run_after=2024-09-11 00:00:00+00:00
[2024-09-11T13:55:53.643+0000] {processor.py:208} INFO - Processing /home/airflow/.local/lib/python3.12/site-packages/airflow/example_dags/example_inlet_event_extra.py took 0.231 seconds
[2024-09-11T13:56:23.761+0000] {processor.py:186} INFO - Started process (PID=1830) to work on /home/airflow/.local/lib/python3.12/site-packages/airflow/example_dags/example_inlet_event_extra.py
[2024-09-11T13:56:23.765+0000] {processor.py:914} INFO - Processing file /home/airflow/.local/lib/python3.12/site-packages/airflow/example_dags/example_inlet_event_extra.py for tasks to queue
[2024-09-11T13:56:23.768+0000] {logging_mixin.py:190} INFO - [2024-09-11T13:56:23.768+0000] {dagbag.py:587} INFO - Filling up the DagBag from /home/airflow/.local/lib/python3.12/site-packages/airflow/example_dags/example_inlet_event_extra.py
[2024-09-11T13:56:23.855+0000] {processor.py:925} INFO - DAG(s) 'read_dataset_event', 'read_dataset_event_from_classic' retrieved from /home/airflow/.local/lib/python3.12/site-packages/airflow/example_dags/example_inlet_event_extra.py
[2024-09-11T13:56:23.868+0000] {logging_mixin.py:190} INFO - [2024-09-11T13:56:23.868+0000] {dag.py:3229} INFO - Sync 2 DAGs
[2024-09-11T13:56:23.986+0000] {logging_mixin.py:190} INFO - [2024-09-11T13:56:23.985+0000] {dag.py:4156} INFO - Setting next_dagrun for read_dataset_event to 2024-09-10 00:00:00+00:00, run_after=2024-09-11 00:00:00+00:00
[2024-09-11T13:56:23.988+0000] {logging_mixin.py:190} INFO - [2024-09-11T13:56:23.988+0000] {dag.py:4156} INFO - Setting next_dagrun for read_dataset_event_from_classic to 2024-09-10 00:00:00+00:00, run_after=2024-09-11 00:00:00+00:00
[2024-09-11T13:56:23.995+0000] {processor.py:208} INFO - Processing /home/airflow/.local/lib/python3.12/site-packages/airflow/example_dags/example_inlet_event_extra.py took 0.242 seconds
[2024-09-11T13:56:54.124+0000] {processor.py:186} INFO - Started process (PID=1886) to work on /home/airflow/.local/lib/python3.12/site-packages/airflow/example_dags/example_inlet_event_extra.py
[2024-09-11T13:56:54.126+0000] {processor.py:914} INFO - Processing file /home/airflow/.local/lib/python3.12/site-packages/airflow/example_dags/example_inlet_event_extra.py for tasks to queue
[2024-09-11T13:56:54.131+0000] {logging_mixin.py:190} INFO - [2024-09-11T13:56:54.130+0000] {dagbag.py:587} INFO - Filling up the DagBag from /home/airflow/.local/lib/python3.12/site-packages/airflow/example_dags/example_inlet_event_extra.py
[2024-09-11T13:56:54.240+0000] {processor.py:925} INFO - DAG(s) 'read_dataset_event_from_classic', 'read_dataset_event' retrieved from /home/airflow/.local/lib/python3.12/site-packages/airflow/example_dags/example_inlet_event_extra.py
[2024-09-11T13:56:54.252+0000] {logging_mixin.py:190} INFO - [2024-09-11T13:56:54.251+0000] {dag.py:3229} INFO - Sync 2 DAGs
[2024-09-11T13:56:54.265+0000] {logging_mixin.py:190} INFO - [2024-09-11T13:56:54.265+0000] {dag.py:4156} INFO - Setting next_dagrun for read_dataset_event to 2024-09-10 00:00:00+00:00, run_after=2024-09-11 00:00:00+00:00
[2024-09-11T13:56:54.269+0000] {logging_mixin.py:190} INFO - [2024-09-11T13:56:54.268+0000] {dag.py:4156} INFO - Setting next_dagrun for read_dataset_event_from_classic to 2024-09-10 00:00:00+00:00, run_after=2024-09-11 00:00:00+00:00
[2024-09-11T13:56:54.390+0000] {processor.py:208} INFO - Processing /home/airflow/.local/lib/python3.12/site-packages/airflow/example_dags/example_inlet_event_extra.py took 0.277 seconds
[2024-09-11T13:57:24.504+0000] {processor.py:186} INFO - Started process (PID=1942) to work on /home/airflow/.local/lib/python3.12/site-packages/airflow/example_dags/example_inlet_event_extra.py
[2024-09-11T13:57:24.505+0000] {processor.py:914} INFO - Processing file /home/airflow/.local/lib/python3.12/site-packages/airflow/example_dags/example_inlet_event_extra.py for tasks to queue
[2024-09-11T13:57:24.508+0000] {logging_mixin.py:190} INFO - [2024-09-11T13:57:24.507+0000] {dagbag.py:587} INFO - Filling up the DagBag from /home/airflow/.local/lib/python3.12/site-packages/airflow/example_dags/example_inlet_event_extra.py
[2024-09-11T13:57:24.741+0000] {processor.py:925} INFO - DAG(s) 'read_dataset_event', 'read_dataset_event_from_classic' retrieved from /home/airflow/.local/lib/python3.12/site-packages/airflow/example_dags/example_inlet_event_extra.py
[2024-09-11T13:57:24.750+0000] {logging_mixin.py:190} INFO - [2024-09-11T13:57:24.749+0000] {dag.py:3229} INFO - Sync 2 DAGs
[2024-09-11T13:57:24.760+0000] {logging_mixin.py:190} INFO - [2024-09-11T13:57:24.760+0000] {dag.py:4156} INFO - Setting next_dagrun for read_dataset_event to 2024-09-10 00:00:00+00:00, run_after=2024-09-11 00:00:00+00:00
[2024-09-11T13:57:24.762+0000] {logging_mixin.py:190} INFO - [2024-09-11T13:57:24.762+0000] {dag.py:4156} INFO - Setting next_dagrun for read_dataset_event_from_classic to 2024-09-10 00:00:00+00:00, run_after=2024-09-11 00:00:00+00:00
[2024-09-11T13:57:24.769+0000] {processor.py:208} INFO - Processing /home/airflow/.local/lib/python3.12/site-packages/airflow/example_dags/example_inlet_event_extra.py took 0.273 seconds
[2024-09-11T13:57:54.833+0000] {processor.py:186} INFO - Started process (PID=1998) to work on /home/airflow/.local/lib/python3.12/site-packages/airflow/example_dags/example_inlet_event_extra.py
[2024-09-11T13:57:54.835+0000] {processor.py:914} INFO - Processing file /home/airflow/.local/lib/python3.12/site-packages/airflow/example_dags/example_inlet_event_extra.py for tasks to queue
[2024-09-11T13:57:54.837+0000] {logging_mixin.py:190} INFO - [2024-09-11T13:57:54.837+0000] {dagbag.py:587} INFO - Filling up the DagBag from /home/airflow/.local/lib/python3.12/site-packages/airflow/example_dags/example_inlet_event_extra.py
[2024-09-11T13:57:55.051+0000] {processor.py:925} INFO - DAG(s) 'read_dataset_event', 'read_dataset_event_from_classic' retrieved from /home/airflow/.local/lib/python3.12/site-packages/airflow/example_dags/example_inlet_event_extra.py
[2024-09-11T13:57:55.059+0000] {logging_mixin.py:190} INFO - [2024-09-11T13:57:55.059+0000] {dag.py:3229} INFO - Sync 2 DAGs
[2024-09-11T13:57:55.070+0000] {logging_mixin.py:190} INFO - [2024-09-11T13:57:55.069+0000] {dag.py:4156} INFO - Setting next_dagrun for read_dataset_event to 2024-09-10 00:00:00+00:00, run_after=2024-09-11 00:00:00+00:00
[2024-09-11T13:57:55.072+0000] {logging_mixin.py:190} INFO - [2024-09-11T13:57:55.072+0000] {dag.py:4156} INFO - Setting next_dagrun for read_dataset_event_from_classic to 2024-09-10 00:00:00+00:00, run_after=2024-09-11 00:00:00+00:00
[2024-09-11T13:57:55.079+0000] {processor.py:208} INFO - Processing /home/airflow/.local/lib/python3.12/site-packages/airflow/example_dags/example_inlet_event_extra.py took 0.252 seconds
[2024-09-11T13:58:25.365+0000] {processor.py:186} INFO - Started process (PID=2054) to work on /home/airflow/.local/lib/python3.12/site-packages/airflow/example_dags/example_inlet_event_extra.py
[2024-09-11T13:58:25.367+0000] {processor.py:914} INFO - Processing file /home/airflow/.local/lib/python3.12/site-packages/airflow/example_dags/example_inlet_event_extra.py for tasks to queue
[2024-09-11T13:58:25.370+0000] {logging_mixin.py:190} INFO - [2024-09-11T13:58:25.370+0000] {dagbag.py:587} INFO - Filling up the DagBag from /home/airflow/.local/lib/python3.12/site-packages/airflow/example_dags/example_inlet_event_extra.py
[2024-09-11T13:58:25.459+0000] {processor.py:925} INFO - DAG(s) 'read_dataset_event', 'read_dataset_event_from_classic' retrieved from /home/airflow/.local/lib/python3.12/site-packages/airflow/example_dags/example_inlet_event_extra.py
[2024-09-11T13:58:25.583+0000] {logging_mixin.py:190} INFO - [2024-09-11T13:58:25.583+0000] {dag.py:3229} INFO - Sync 2 DAGs
[2024-09-11T13:58:25.593+0000] {logging_mixin.py:190} INFO - [2024-09-11T13:58:25.593+0000] {dag.py:4156} INFO - Setting next_dagrun for read_dataset_event to 2024-09-10 00:00:00+00:00, run_after=2024-09-11 00:00:00+00:00
[2024-09-11T13:58:25.595+0000] {logging_mixin.py:190} INFO - [2024-09-11T13:58:25.595+0000] {dag.py:4156} INFO - Setting next_dagrun for read_dataset_event_from_classic to 2024-09-10 00:00:00+00:00, run_after=2024-09-11 00:00:00+00:00
[2024-09-11T13:58:25.604+0000] {processor.py:208} INFO - Processing /home/airflow/.local/lib/python3.12/site-packages/airflow/example_dags/example_inlet_event_extra.py took 0.250 seconds
