[2024-09-11T13:40:22.766+0000] {processor.py:186} INFO - Started process (PID=79) to work on /home/airflow/.local/lib/python3.12/site-packages/airflow/example_dags/tutorial.py
[2024-09-11T13:40:22.768+0000] {processor.py:914} INFO - Processing file /home/airflow/.local/lib/python3.12/site-packages/airflow/example_dags/tutorial.py for tasks to queue
[2024-09-11T13:40:22.772+0000] {logging_mixin.py:190} INFO - [2024-09-11T13:40:22.772+0000] {dagbag.py:587} INFO - Filling up the DagBag from /home/airflow/.local/lib/python3.12/site-packages/airflow/example_dags/tutorial.py
[2024-09-11T13:40:22.790+0000] {processor.py:925} INFO - DAG(s) 'tutorial' retrieved from /home/airflow/.local/lib/python3.12/site-packages/airflow/example_dags/tutorial.py
[2024-09-11T13:40:22.923+0000] {logging_mixin.py:190} INFO - [2024-09-11T13:40:22.923+0000] {override.py:1900} INFO - Created Permission View: can read on DAG:tutorial
[2024-09-11T13:40:22.943+0000] {logging_mixin.py:190} INFO - [2024-09-11T13:40:22.942+0000] {override.py:1900} INFO - Created Permission View: can delete on DAG:tutorial
[2024-09-11T13:40:22.999+0000] {logging_mixin.py:190} INFO - [2024-09-11T13:40:22.998+0000] {override.py:1900} INFO - Created Permission View: can edit on DAG:tutorial
[2024-09-11T13:40:23.167+0000] {logging_mixin.py:190} INFO - [2024-09-11T13:40:23.165+0000] {override.py:1900} INFO - Created Permission View: can read on DAG Run:tutorial
[2024-09-11T13:40:23.186+0000] {logging_mixin.py:190} INFO - [2024-09-11T13:40:23.186+0000] {override.py:1900} INFO - Created Permission View: can create on DAG Run:tutorial
[2024-09-11T13:40:23.210+0000] {logging_mixin.py:190} INFO - [2024-09-11T13:40:23.210+0000] {override.py:1900} INFO - Created Permission View: menu access on DAG Run:tutorial
[2024-09-11T13:40:23.237+0000] {logging_mixin.py:190} INFO - [2024-09-11T13:40:23.236+0000] {override.py:1900} INFO - Created Permission View: can delete on DAG Run:tutorial
[2024-09-11T13:40:23.239+0000] {logging_mixin.py:190} INFO - [2024-09-11T13:40:23.239+0000] {dag.py:3229} INFO - Sync 1 DAGs
[2024-09-11T13:40:23.265+0000] {logging_mixin.py:190} INFO - [2024-09-11T13:40:23.265+0000] {dag.py:3252} INFO - Creating ORM DAG for tutorial
[2024-09-11T13:40:23.277+0000] {logging_mixin.py:190} INFO - [2024-09-11T13:40:23.276+0000] {dag.py:4156} INFO - Setting next_dagrun for tutorial to 2024-09-10 00:00:00+00:00, run_after=2024-09-11 00:00:00+00:00
[2024-09-11T13:40:23.307+0000] {processor.py:208} INFO - Processing /home/airflow/.local/lib/python3.12/site-packages/airflow/example_dags/tutorial.py took 0.546 seconds
[2024-09-11T13:40:53.348+0000] {processor.py:186} INFO - Started process (PID=134) to work on /home/airflow/.local/lib/python3.12/site-packages/airflow/example_dags/tutorial.py
[2024-09-11T13:40:53.351+0000] {processor.py:914} INFO - Processing file /home/airflow/.local/lib/python3.12/site-packages/airflow/example_dags/tutorial.py for tasks to queue
[2024-09-11T13:40:53.354+0000] {logging_mixin.py:190} INFO - [2024-09-11T13:40:53.354+0000] {dagbag.py:587} INFO - Filling up the DagBag from /home/airflow/.local/lib/python3.12/site-packages/airflow/example_dags/tutorial.py
[2024-09-11T13:40:53.364+0000] {processor.py:925} INFO - DAG(s) 'tutorial' retrieved from /home/airflow/.local/lib/python3.12/site-packages/airflow/example_dags/tutorial.py
[2024-09-11T13:40:53.402+0000] {logging_mixin.py:190} INFO - [2024-09-11T13:40:53.402+0000] {dag.py:3229} INFO - Sync 1 DAGs
[2024-09-11T13:40:53.429+0000] {logging_mixin.py:190} INFO - [2024-09-11T13:40:53.429+0000] {dag.py:4156} INFO - Setting next_dagrun for tutorial to 2024-09-10 00:00:00+00:00, run_after=2024-09-11 00:00:00+00:00
[2024-09-11T13:40:53.448+0000] {processor.py:208} INFO - Processing /home/airflow/.local/lib/python3.12/site-packages/airflow/example_dags/tutorial.py took 0.104 seconds
[2024-09-11T13:41:24.116+0000] {processor.py:186} INFO - Started process (PID=190) to work on /home/airflow/.local/lib/python3.12/site-packages/airflow/example_dags/tutorial.py
[2024-09-11T13:41:24.118+0000] {processor.py:914} INFO - Processing file /home/airflow/.local/lib/python3.12/site-packages/airflow/example_dags/tutorial.py for tasks to queue
[2024-09-11T13:41:24.120+0000] {logging_mixin.py:190} INFO - [2024-09-11T13:41:24.120+0000] {dagbag.py:587} INFO - Filling up the DagBag from /home/airflow/.local/lib/python3.12/site-packages/airflow/example_dags/tutorial.py
[2024-09-11T13:41:24.127+0000] {processor.py:925} INFO - DAG(s) 'tutorial' retrieved from /home/airflow/.local/lib/python3.12/site-packages/airflow/example_dags/tutorial.py
[2024-09-11T13:41:24.157+0000] {logging_mixin.py:190} INFO - [2024-09-11T13:41:24.157+0000] {dag.py:3229} INFO - Sync 1 DAGs
[2024-09-11T13:41:24.185+0000] {logging_mixin.py:190} INFO - [2024-09-11T13:41:24.185+0000] {dag.py:4156} INFO - Setting next_dagrun for tutorial to 2024-09-10 00:00:00+00:00, run_after=2024-09-11 00:00:00+00:00
[2024-09-11T13:41:24.212+0000] {processor.py:208} INFO - Processing /home/airflow/.local/lib/python3.12/site-packages/airflow/example_dags/tutorial.py took 0.106 seconds
[2024-09-11T13:41:54.344+0000] {processor.py:186} INFO - Started process (PID=246) to work on /home/airflow/.local/lib/python3.12/site-packages/airflow/example_dags/tutorial.py
[2024-09-11T13:41:54.345+0000] {processor.py:914} INFO - Processing file /home/airflow/.local/lib/python3.12/site-packages/airflow/example_dags/tutorial.py for tasks to queue
[2024-09-11T13:41:54.348+0000] {logging_mixin.py:190} INFO - [2024-09-11T13:41:54.347+0000] {dagbag.py:587} INFO - Filling up the DagBag from /home/airflow/.local/lib/python3.12/site-packages/airflow/example_dags/tutorial.py
[2024-09-11T13:41:54.354+0000] {processor.py:925} INFO - DAG(s) 'tutorial' retrieved from /home/airflow/.local/lib/python3.12/site-packages/airflow/example_dags/tutorial.py
[2024-09-11T13:41:54.369+0000] {logging_mixin.py:190} INFO - [2024-09-11T13:41:54.368+0000] {dag.py:3229} INFO - Sync 1 DAGs
[2024-09-11T13:41:54.382+0000] {logging_mixin.py:190} INFO - [2024-09-11T13:41:54.382+0000] {dag.py:4156} INFO - Setting next_dagrun for tutorial to 2024-09-10 00:00:00+00:00, run_after=2024-09-11 00:00:00+00:00
[2024-09-11T13:41:54.391+0000] {processor.py:208} INFO - Processing /home/airflow/.local/lib/python3.12/site-packages/airflow/example_dags/tutorial.py took 0.054 seconds
[2024-09-11T13:42:24.852+0000] {processor.py:186} INFO - Started process (PID=302) to work on /home/airflow/.local/lib/python3.12/site-packages/airflow/example_dags/tutorial.py
[2024-09-11T13:42:24.853+0000] {processor.py:914} INFO - Processing file /home/airflow/.local/lib/python3.12/site-packages/airflow/example_dags/tutorial.py for tasks to queue
[2024-09-11T13:42:24.856+0000] {logging_mixin.py:190} INFO - [2024-09-11T13:42:24.855+0000] {dagbag.py:587} INFO - Filling up the DagBag from /home/airflow/.local/lib/python3.12/site-packages/airflow/example_dags/tutorial.py
[2024-09-11T13:42:24.863+0000] {processor.py:925} INFO - DAG(s) 'tutorial' retrieved from /home/airflow/.local/lib/python3.12/site-packages/airflow/example_dags/tutorial.py
[2024-09-11T13:42:24.878+0000] {logging_mixin.py:190} INFO - [2024-09-11T13:42:24.878+0000] {dag.py:3229} INFO - Sync 1 DAGs
[2024-09-11T13:42:24.893+0000] {logging_mixin.py:190} INFO - [2024-09-11T13:42:24.893+0000] {dag.py:4156} INFO - Setting next_dagrun for tutorial to 2024-09-10 00:00:00+00:00, run_after=2024-09-11 00:00:00+00:00
[2024-09-11T13:42:24.903+0000] {processor.py:208} INFO - Processing /home/airflow/.local/lib/python3.12/site-packages/airflow/example_dags/tutorial.py took 0.059 seconds
[2024-09-11T13:42:55.125+0000] {processor.py:186} INFO - Started process (PID=358) to work on /home/airflow/.local/lib/python3.12/site-packages/airflow/example_dags/tutorial.py
[2024-09-11T13:42:55.127+0000] {processor.py:914} INFO - Processing file /home/airflow/.local/lib/python3.12/site-packages/airflow/example_dags/tutorial.py for tasks to queue
[2024-09-11T13:42:55.129+0000] {logging_mixin.py:190} INFO - [2024-09-11T13:42:55.129+0000] {dagbag.py:587} INFO - Filling up the DagBag from /home/airflow/.local/lib/python3.12/site-packages/airflow/example_dags/tutorial.py
[2024-09-11T13:42:55.136+0000] {processor.py:925} INFO - DAG(s) 'tutorial' retrieved from /home/airflow/.local/lib/python3.12/site-packages/airflow/example_dags/tutorial.py
[2024-09-11T13:42:55.151+0000] {logging_mixin.py:190} INFO - [2024-09-11T13:42:55.151+0000] {dag.py:3229} INFO - Sync 1 DAGs
[2024-09-11T13:42:55.165+0000] {logging_mixin.py:190} INFO - [2024-09-11T13:42:55.165+0000] {dag.py:4156} INFO - Setting next_dagrun for tutorial to 2024-09-10 00:00:00+00:00, run_after=2024-09-11 00:00:00+00:00
[2024-09-11T13:42:55.174+0000] {processor.py:208} INFO - Processing /home/airflow/.local/lib/python3.12/site-packages/airflow/example_dags/tutorial.py took 0.056 seconds
[2024-09-11T13:43:25.295+0000] {processor.py:186} INFO - Started process (PID=414) to work on /home/airflow/.local/lib/python3.12/site-packages/airflow/example_dags/tutorial.py
[2024-09-11T13:43:25.296+0000] {processor.py:914} INFO - Processing file /home/airflow/.local/lib/python3.12/site-packages/airflow/example_dags/tutorial.py for tasks to queue
[2024-09-11T13:43:25.298+0000] {logging_mixin.py:190} INFO - [2024-09-11T13:43:25.298+0000] {dagbag.py:587} INFO - Filling up the DagBag from /home/airflow/.local/lib/python3.12/site-packages/airflow/example_dags/tutorial.py
[2024-09-11T13:43:25.306+0000] {processor.py:925} INFO - DAG(s) 'tutorial' retrieved from /home/airflow/.local/lib/python3.12/site-packages/airflow/example_dags/tutorial.py
[2024-09-11T13:43:25.321+0000] {logging_mixin.py:190} INFO - [2024-09-11T13:43:25.321+0000] {dag.py:3229} INFO - Sync 1 DAGs
[2024-09-11T13:43:25.335+0000] {logging_mixin.py:190} INFO - [2024-09-11T13:43:25.335+0000] {dag.py:4156} INFO - Setting next_dagrun for tutorial to 2024-09-10 00:00:00+00:00, run_after=2024-09-11 00:00:00+00:00
[2024-09-11T13:43:25.344+0000] {processor.py:208} INFO - Processing /home/airflow/.local/lib/python3.12/site-packages/airflow/example_dags/tutorial.py took 0.056 seconds
[2024-09-11T13:43:55.548+0000] {processor.py:186} INFO - Started process (PID=470) to work on /home/airflow/.local/lib/python3.12/site-packages/airflow/example_dags/tutorial.py
[2024-09-11T13:43:55.550+0000] {processor.py:914} INFO - Processing file /home/airflow/.local/lib/python3.12/site-packages/airflow/example_dags/tutorial.py for tasks to queue
[2024-09-11T13:43:55.552+0000] {logging_mixin.py:190} INFO - [2024-09-11T13:43:55.552+0000] {dagbag.py:587} INFO - Filling up the DagBag from /home/airflow/.local/lib/python3.12/site-packages/airflow/example_dags/tutorial.py
[2024-09-11T13:43:55.561+0000] {processor.py:925} INFO - DAG(s) 'tutorial' retrieved from /home/airflow/.local/lib/python3.12/site-packages/airflow/example_dags/tutorial.py
[2024-09-11T13:43:55.578+0000] {logging_mixin.py:190} INFO - [2024-09-11T13:43:55.578+0000] {dag.py:3229} INFO - Sync 1 DAGs
[2024-09-11T13:43:55.592+0000] {logging_mixin.py:190} INFO - [2024-09-11T13:43:55.592+0000] {dag.py:4156} INFO - Setting next_dagrun for tutorial to 2024-09-10 00:00:00+00:00, run_after=2024-09-11 00:00:00+00:00
[2024-09-11T13:43:55.602+0000] {processor.py:208} INFO - Processing /home/airflow/.local/lib/python3.12/site-packages/airflow/example_dags/tutorial.py took 0.061 seconds
[2024-09-11T13:44:25.723+0000] {processor.py:186} INFO - Started process (PID=526) to work on /home/airflow/.local/lib/python3.12/site-packages/airflow/example_dags/tutorial.py
[2024-09-11T13:44:25.724+0000] {processor.py:914} INFO - Processing file /home/airflow/.local/lib/python3.12/site-packages/airflow/example_dags/tutorial.py for tasks to queue
[2024-09-11T13:44:25.726+0000] {logging_mixin.py:190} INFO - [2024-09-11T13:44:25.726+0000] {dagbag.py:587} INFO - Filling up the DagBag from /home/airflow/.local/lib/python3.12/site-packages/airflow/example_dags/tutorial.py
[2024-09-11T13:44:25.730+0000] {processor.py:925} INFO - DAG(s) 'tutorial' retrieved from /home/airflow/.local/lib/python3.12/site-packages/airflow/example_dags/tutorial.py
[2024-09-11T13:44:25.740+0000] {logging_mixin.py:190} INFO - [2024-09-11T13:44:25.740+0000] {dag.py:3229} INFO - Sync 1 DAGs
[2024-09-11T13:44:25.752+0000] {logging_mixin.py:190} INFO - [2024-09-11T13:44:25.752+0000] {dag.py:4156} INFO - Setting next_dagrun for tutorial to 2024-09-10 00:00:00+00:00, run_after=2024-09-11 00:00:00+00:00
[2024-09-11T13:44:25.760+0000] {processor.py:208} INFO - Processing /home/airflow/.local/lib/python3.12/site-packages/airflow/example_dags/tutorial.py took 0.041 seconds
[2024-09-11T13:44:56.077+0000] {processor.py:186} INFO - Started process (PID=582) to work on /home/airflow/.local/lib/python3.12/site-packages/airflow/example_dags/tutorial.py
[2024-09-11T13:44:56.078+0000] {processor.py:914} INFO - Processing file /home/airflow/.local/lib/python3.12/site-packages/airflow/example_dags/tutorial.py for tasks to queue
[2024-09-11T13:44:56.082+0000] {logging_mixin.py:190} INFO - [2024-09-11T13:44:56.082+0000] {dagbag.py:587} INFO - Filling up the DagBag from /home/airflow/.local/lib/python3.12/site-packages/airflow/example_dags/tutorial.py
[2024-09-11T13:44:56.091+0000] {processor.py:925} INFO - DAG(s) 'tutorial' retrieved from /home/airflow/.local/lib/python3.12/site-packages/airflow/example_dags/tutorial.py
[2024-09-11T13:44:56.106+0000] {logging_mixin.py:190} INFO - [2024-09-11T13:44:56.106+0000] {dag.py:3229} INFO - Sync 1 DAGs
[2024-09-11T13:44:56.121+0000] {logging_mixin.py:190} INFO - [2024-09-11T13:44:56.121+0000] {dag.py:4156} INFO - Setting next_dagrun for tutorial to 2024-09-10 00:00:00+00:00, run_after=2024-09-11 00:00:00+00:00
[2024-09-11T13:44:56.130+0000] {processor.py:208} INFO - Processing /home/airflow/.local/lib/python3.12/site-packages/airflow/example_dags/tutorial.py took 0.061 seconds
[2024-09-11T13:45:26.304+0000] {processor.py:186} INFO - Started process (PID=638) to work on /home/airflow/.local/lib/python3.12/site-packages/airflow/example_dags/tutorial.py
[2024-09-11T13:45:26.304+0000] {processor.py:914} INFO - Processing file /home/airflow/.local/lib/python3.12/site-packages/airflow/example_dags/tutorial.py for tasks to queue
[2024-09-11T13:45:26.305+0000] {logging_mixin.py:190} INFO - [2024-09-11T13:45:26.305+0000] {dagbag.py:587} INFO - Filling up the DagBag from /home/airflow/.local/lib/python3.12/site-packages/airflow/example_dags/tutorial.py
[2024-09-11T13:45:26.310+0000] {processor.py:925} INFO - DAG(s) 'tutorial' retrieved from /home/airflow/.local/lib/python3.12/site-packages/airflow/example_dags/tutorial.py
[2024-09-11T13:45:26.321+0000] {logging_mixin.py:190} INFO - [2024-09-11T13:45:26.321+0000] {dag.py:3229} INFO - Sync 1 DAGs
[2024-09-11T13:45:26.333+0000] {logging_mixin.py:190} INFO - [2024-09-11T13:45:26.333+0000] {dag.py:4156} INFO - Setting next_dagrun for tutorial to 2024-09-10 00:00:00+00:00, run_after=2024-09-11 00:00:00+00:00
[2024-09-11T13:45:26.342+0000] {processor.py:208} INFO - Processing /home/airflow/.local/lib/python3.12/site-packages/airflow/example_dags/tutorial.py took 0.042 seconds
[2024-09-11T13:45:56.522+0000] {processor.py:186} INFO - Started process (PID=694) to work on /home/airflow/.local/lib/python3.12/site-packages/airflow/example_dags/tutorial.py
[2024-09-11T13:45:56.523+0000] {processor.py:914} INFO - Processing file /home/airflow/.local/lib/python3.12/site-packages/airflow/example_dags/tutorial.py for tasks to queue
[2024-09-11T13:45:56.524+0000] {logging_mixin.py:190} INFO - [2024-09-11T13:45:56.524+0000] {dagbag.py:587} INFO - Filling up the DagBag from /home/airflow/.local/lib/python3.12/site-packages/airflow/example_dags/tutorial.py
[2024-09-11T13:45:56.528+0000] {processor.py:925} INFO - DAG(s) 'tutorial' retrieved from /home/airflow/.local/lib/python3.12/site-packages/airflow/example_dags/tutorial.py
[2024-09-11T13:45:56.538+0000] {logging_mixin.py:190} INFO - [2024-09-11T13:45:56.538+0000] {dag.py:3229} INFO - Sync 1 DAGs
[2024-09-11T13:45:56.549+0000] {logging_mixin.py:190} INFO - [2024-09-11T13:45:56.549+0000] {dag.py:4156} INFO - Setting next_dagrun for tutorial to 2024-09-10 00:00:00+00:00, run_after=2024-09-11 00:00:00+00:00
[2024-09-11T13:45:56.557+0000] {processor.py:208} INFO - Processing /home/airflow/.local/lib/python3.12/site-packages/airflow/example_dags/tutorial.py took 0.039 seconds
[2024-09-11T13:46:26.635+0000] {processor.py:186} INFO - Started process (PID=750) to work on /home/airflow/.local/lib/python3.12/site-packages/airflow/example_dags/tutorial.py
[2024-09-11T13:46:26.635+0000] {processor.py:914} INFO - Processing file /home/airflow/.local/lib/python3.12/site-packages/airflow/example_dags/tutorial.py for tasks to queue
[2024-09-11T13:46:26.637+0000] {logging_mixin.py:190} INFO - [2024-09-11T13:46:26.637+0000] {dagbag.py:587} INFO - Filling up the DagBag from /home/airflow/.local/lib/python3.12/site-packages/airflow/example_dags/tutorial.py
[2024-09-11T13:46:26.644+0000] {processor.py:925} INFO - DAG(s) 'tutorial' retrieved from /home/airflow/.local/lib/python3.12/site-packages/airflow/example_dags/tutorial.py
[2024-09-11T13:46:26.658+0000] {logging_mixin.py:190} INFO - [2024-09-11T13:46:26.657+0000] {dag.py:3229} INFO - Sync 1 DAGs
[2024-09-11T13:46:26.670+0000] {logging_mixin.py:190} INFO - [2024-09-11T13:46:26.669+0000] {dag.py:4156} INFO - Setting next_dagrun for tutorial to 2024-09-10 00:00:00+00:00, run_after=2024-09-11 00:00:00+00:00
[2024-09-11T13:46:26.678+0000] {processor.py:208} INFO - Processing /home/airflow/.local/lib/python3.12/site-packages/airflow/example_dags/tutorial.py took 0.049 seconds
[2024-09-11T13:46:56.990+0000] {processor.py:186} INFO - Started process (PID=806) to work on /home/airflow/.local/lib/python3.12/site-packages/airflow/example_dags/tutorial.py
[2024-09-11T13:46:56.991+0000] {processor.py:914} INFO - Processing file /home/airflow/.local/lib/python3.12/site-packages/airflow/example_dags/tutorial.py for tasks to queue
[2024-09-11T13:46:56.994+0000] {logging_mixin.py:190} INFO - [2024-09-11T13:46:56.993+0000] {dagbag.py:587} INFO - Filling up the DagBag from /home/airflow/.local/lib/python3.12/site-packages/airflow/example_dags/tutorial.py
[2024-09-11T13:46:57.001+0000] {processor.py:925} INFO - DAG(s) 'tutorial' retrieved from /home/airflow/.local/lib/python3.12/site-packages/airflow/example_dags/tutorial.py
[2024-09-11T13:46:57.017+0000] {logging_mixin.py:190} INFO - [2024-09-11T13:46:57.016+0000] {dag.py:3229} INFO - Sync 1 DAGs
[2024-09-11T13:46:57.031+0000] {logging_mixin.py:190} INFO - [2024-09-11T13:46:57.031+0000] {dag.py:4156} INFO - Setting next_dagrun for tutorial to 2024-09-10 00:00:00+00:00, run_after=2024-09-11 00:00:00+00:00
[2024-09-11T13:46:57.040+0000] {processor.py:208} INFO - Processing /home/airflow/.local/lib/python3.12/site-packages/airflow/example_dags/tutorial.py took 0.057 seconds
[2024-09-11T13:47:27.161+0000] {processor.py:186} INFO - Started process (PID=862) to work on /home/airflow/.local/lib/python3.12/site-packages/airflow/example_dags/tutorial.py
[2024-09-11T13:47:27.162+0000] {processor.py:914} INFO - Processing file /home/airflow/.local/lib/python3.12/site-packages/airflow/example_dags/tutorial.py for tasks to queue
[2024-09-11T13:47:27.164+0000] {logging_mixin.py:190} INFO - [2024-09-11T13:47:27.164+0000] {dagbag.py:587} INFO - Filling up the DagBag from /home/airflow/.local/lib/python3.12/site-packages/airflow/example_dags/tutorial.py
[2024-09-11T13:47:27.172+0000] {processor.py:925} INFO - DAG(s) 'tutorial' retrieved from /home/airflow/.local/lib/python3.12/site-packages/airflow/example_dags/tutorial.py
[2024-09-11T13:47:27.187+0000] {logging_mixin.py:190} INFO - [2024-09-11T13:47:27.187+0000] {dag.py:3229} INFO - Sync 1 DAGs
[2024-09-11T13:47:27.201+0000] {logging_mixin.py:190} INFO - [2024-09-11T13:47:27.201+0000] {dag.py:4156} INFO - Setting next_dagrun for tutorial to 2024-09-10 00:00:00+00:00, run_after=2024-09-11 00:00:00+00:00
[2024-09-11T13:47:27.210+0000] {processor.py:208} INFO - Processing /home/airflow/.local/lib/python3.12/site-packages/airflow/example_dags/tutorial.py took 0.056 seconds
[2024-09-11T13:47:57.402+0000] {processor.py:186} INFO - Started process (PID=918) to work on /home/airflow/.local/lib/python3.12/site-packages/airflow/example_dags/tutorial.py
[2024-09-11T13:47:57.403+0000] {processor.py:914} INFO - Processing file /home/airflow/.local/lib/python3.12/site-packages/airflow/example_dags/tutorial.py for tasks to queue
[2024-09-11T13:47:57.406+0000] {logging_mixin.py:190} INFO - [2024-09-11T13:47:57.406+0000] {dagbag.py:587} INFO - Filling up the DagBag from /home/airflow/.local/lib/python3.12/site-packages/airflow/example_dags/tutorial.py
[2024-09-11T13:47:57.412+0000] {processor.py:925} INFO - DAG(s) 'tutorial' retrieved from /home/airflow/.local/lib/python3.12/site-packages/airflow/example_dags/tutorial.py
[2024-09-11T13:47:57.427+0000] {logging_mixin.py:190} INFO - [2024-09-11T13:47:57.427+0000] {dag.py:3229} INFO - Sync 1 DAGs
[2024-09-11T13:47:57.441+0000] {logging_mixin.py:190} INFO - [2024-09-11T13:47:57.440+0000] {dag.py:4156} INFO - Setting next_dagrun for tutorial to 2024-09-10 00:00:00+00:00, run_after=2024-09-11 00:00:00+00:00
[2024-09-11T13:47:57.451+0000] {processor.py:208} INFO - Processing /home/airflow/.local/lib/python3.12/site-packages/airflow/example_dags/tutorial.py took 0.056 seconds
[2024-09-11T13:48:27.685+0000] {processor.py:186} INFO - Started process (PID=974) to work on /home/airflow/.local/lib/python3.12/site-packages/airflow/example_dags/tutorial.py
[2024-09-11T13:48:27.686+0000] {processor.py:914} INFO - Processing file /home/airflow/.local/lib/python3.12/site-packages/airflow/example_dags/tutorial.py for tasks to queue
[2024-09-11T13:48:27.689+0000] {logging_mixin.py:190} INFO - [2024-09-11T13:48:27.688+0000] {dagbag.py:587} INFO - Filling up the DagBag from /home/airflow/.local/lib/python3.12/site-packages/airflow/example_dags/tutorial.py
[2024-09-11T13:48:27.696+0000] {processor.py:925} INFO - DAG(s) 'tutorial' retrieved from /home/airflow/.local/lib/python3.12/site-packages/airflow/example_dags/tutorial.py
[2024-09-11T13:48:27.713+0000] {logging_mixin.py:190} INFO - [2024-09-11T13:48:27.712+0000] {dag.py:3229} INFO - Sync 1 DAGs
[2024-09-11T13:48:27.728+0000] {logging_mixin.py:190} INFO - [2024-09-11T13:48:27.728+0000] {dag.py:4156} INFO - Setting next_dagrun for tutorial to 2024-09-10 00:00:00+00:00, run_after=2024-09-11 00:00:00+00:00
[2024-09-11T13:48:27.739+0000] {processor.py:208} INFO - Processing /home/airflow/.local/lib/python3.12/site-packages/airflow/example_dags/tutorial.py took 0.060 seconds
[2024-09-11T13:48:57.853+0000] {processor.py:186} INFO - Started process (PID=1030) to work on /home/airflow/.local/lib/python3.12/site-packages/airflow/example_dags/tutorial.py
[2024-09-11T13:48:57.854+0000] {processor.py:914} INFO - Processing file /home/airflow/.local/lib/python3.12/site-packages/airflow/example_dags/tutorial.py for tasks to queue
[2024-09-11T13:48:57.857+0000] {logging_mixin.py:190} INFO - [2024-09-11T13:48:57.857+0000] {dagbag.py:587} INFO - Filling up the DagBag from /home/airflow/.local/lib/python3.12/site-packages/airflow/example_dags/tutorial.py
[2024-09-11T13:48:57.868+0000] {processor.py:925} INFO - DAG(s) 'tutorial' retrieved from /home/airflow/.local/lib/python3.12/site-packages/airflow/example_dags/tutorial.py
[2024-09-11T13:48:57.886+0000] {logging_mixin.py:190} INFO - [2024-09-11T13:48:57.886+0000] {dag.py:3229} INFO - Sync 1 DAGs
[2024-09-11T13:48:57.901+0000] {logging_mixin.py:190} INFO - [2024-09-11T13:48:57.901+0000] {dag.py:4156} INFO - Setting next_dagrun for tutorial to 2024-09-10 00:00:00+00:00, run_after=2024-09-11 00:00:00+00:00
[2024-09-11T13:48:57.911+0000] {processor.py:208} INFO - Processing /home/airflow/.local/lib/python3.12/site-packages/airflow/example_dags/tutorial.py took 0.068 seconds
[2024-09-11T13:49:28.068+0000] {processor.py:186} INFO - Started process (PID=1086) to work on /home/airflow/.local/lib/python3.12/site-packages/airflow/example_dags/tutorial.py
[2024-09-11T13:49:28.073+0000] {processor.py:914} INFO - Processing file /home/airflow/.local/lib/python3.12/site-packages/airflow/example_dags/tutorial.py for tasks to queue
[2024-09-11T13:49:28.078+0000] {logging_mixin.py:190} INFO - [2024-09-11T13:49:28.078+0000] {dagbag.py:587} INFO - Filling up the DagBag from /home/airflow/.local/lib/python3.12/site-packages/airflow/example_dags/tutorial.py
[2024-09-11T13:49:28.085+0000] {processor.py:925} INFO - DAG(s) 'tutorial' retrieved from /home/airflow/.local/lib/python3.12/site-packages/airflow/example_dags/tutorial.py
[2024-09-11T13:49:28.102+0000] {logging_mixin.py:190} INFO - [2024-09-11T13:49:28.101+0000] {dag.py:3229} INFO - Sync 1 DAGs
[2024-09-11T13:49:28.115+0000] {logging_mixin.py:190} INFO - [2024-09-11T13:49:28.115+0000] {dag.py:4156} INFO - Setting next_dagrun for tutorial to 2024-09-10 00:00:00+00:00, run_after=2024-09-11 00:00:00+00:00
[2024-09-11T13:49:28.125+0000] {processor.py:208} INFO - Processing /home/airflow/.local/lib/python3.12/site-packages/airflow/example_dags/tutorial.py took 0.064 seconds
[2024-09-11T13:49:58.364+0000] {processor.py:186} INFO - Started process (PID=1142) to work on /home/airflow/.local/lib/python3.12/site-packages/airflow/example_dags/tutorial.py
[2024-09-11T13:49:58.365+0000] {processor.py:914} INFO - Processing file /home/airflow/.local/lib/python3.12/site-packages/airflow/example_dags/tutorial.py for tasks to queue
[2024-09-11T13:49:58.367+0000] {logging_mixin.py:190} INFO - [2024-09-11T13:49:58.367+0000] {dagbag.py:587} INFO - Filling up the DagBag from /home/airflow/.local/lib/python3.12/site-packages/airflow/example_dags/tutorial.py
[2024-09-11T13:49:58.376+0000] {processor.py:925} INFO - DAG(s) 'tutorial' retrieved from /home/airflow/.local/lib/python3.12/site-packages/airflow/example_dags/tutorial.py
[2024-09-11T13:49:58.393+0000] {logging_mixin.py:190} INFO - [2024-09-11T13:49:58.393+0000] {dag.py:3229} INFO - Sync 1 DAGs
[2024-09-11T13:49:58.407+0000] {logging_mixin.py:190} INFO - [2024-09-11T13:49:58.407+0000] {dag.py:4156} INFO - Setting next_dagrun for tutorial to 2024-09-10 00:00:00+00:00, run_after=2024-09-11 00:00:00+00:00
[2024-09-11T13:49:58.417+0000] {processor.py:208} INFO - Processing /home/airflow/.local/lib/python3.12/site-packages/airflow/example_dags/tutorial.py took 0.060 seconds
[2024-09-11T13:50:28.637+0000] {processor.py:186} INFO - Started process (PID=1198) to work on /home/airflow/.local/lib/python3.12/site-packages/airflow/example_dags/tutorial.py
[2024-09-11T13:50:28.638+0000] {processor.py:914} INFO - Processing file /home/airflow/.local/lib/python3.12/site-packages/airflow/example_dags/tutorial.py for tasks to queue
[2024-09-11T13:50:28.641+0000] {logging_mixin.py:190} INFO - [2024-09-11T13:50:28.641+0000] {dagbag.py:587} INFO - Filling up the DagBag from /home/airflow/.local/lib/python3.12/site-packages/airflow/example_dags/tutorial.py
[2024-09-11T13:50:28.649+0000] {processor.py:925} INFO - DAG(s) 'tutorial' retrieved from /home/airflow/.local/lib/python3.12/site-packages/airflow/example_dags/tutorial.py
[2024-09-11T13:50:28.667+0000] {logging_mixin.py:190} INFO - [2024-09-11T13:50:28.666+0000] {dag.py:3229} INFO - Sync 1 DAGs
[2024-09-11T13:50:28.681+0000] {logging_mixin.py:190} INFO - [2024-09-11T13:50:28.681+0000] {dag.py:4156} INFO - Setting next_dagrun for tutorial to 2024-09-10 00:00:00+00:00, run_after=2024-09-11 00:00:00+00:00
[2024-09-11T13:50:28.691+0000] {processor.py:208} INFO - Processing /home/airflow/.local/lib/python3.12/site-packages/airflow/example_dags/tutorial.py took 0.062 seconds
[2024-09-11T13:50:58.865+0000] {processor.py:186} INFO - Started process (PID=1254) to work on /home/airflow/.local/lib/python3.12/site-packages/airflow/example_dags/tutorial.py
[2024-09-11T13:50:58.866+0000] {processor.py:914} INFO - Processing file /home/airflow/.local/lib/python3.12/site-packages/airflow/example_dags/tutorial.py for tasks to queue
[2024-09-11T13:50:58.868+0000] {logging_mixin.py:190} INFO - [2024-09-11T13:50:58.868+0000] {dagbag.py:587} INFO - Filling up the DagBag from /home/airflow/.local/lib/python3.12/site-packages/airflow/example_dags/tutorial.py
[2024-09-11T13:50:58.875+0000] {processor.py:925} INFO - DAG(s) 'tutorial' retrieved from /home/airflow/.local/lib/python3.12/site-packages/airflow/example_dags/tutorial.py
[2024-09-11T13:50:58.889+0000] {logging_mixin.py:190} INFO - [2024-09-11T13:50:58.889+0000] {dag.py:3229} INFO - Sync 1 DAGs
[2024-09-11T13:50:58.903+0000] {logging_mixin.py:190} INFO - [2024-09-11T13:50:58.903+0000] {dag.py:4156} INFO - Setting next_dagrun for tutorial to 2024-09-10 00:00:00+00:00, run_after=2024-09-11 00:00:00+00:00
[2024-09-11T13:50:58.913+0000] {processor.py:208} INFO - Processing /home/airflow/.local/lib/python3.12/site-packages/airflow/example_dags/tutorial.py took 0.054 seconds
[2024-09-11T13:51:29.160+0000] {processor.py:186} INFO - Started process (PID=1310) to work on /home/airflow/.local/lib/python3.12/site-packages/airflow/example_dags/tutorial.py
[2024-09-11T13:51:29.161+0000] {processor.py:914} INFO - Processing file /home/airflow/.local/lib/python3.12/site-packages/airflow/example_dags/tutorial.py for tasks to queue
[2024-09-11T13:51:29.163+0000] {logging_mixin.py:190} INFO - [2024-09-11T13:51:29.163+0000] {dagbag.py:587} INFO - Filling up the DagBag from /home/airflow/.local/lib/python3.12/site-packages/airflow/example_dags/tutorial.py
[2024-09-11T13:51:29.171+0000] {processor.py:925} INFO - DAG(s) 'tutorial' retrieved from /home/airflow/.local/lib/python3.12/site-packages/airflow/example_dags/tutorial.py
[2024-09-11T13:51:29.187+0000] {logging_mixin.py:190} INFO - [2024-09-11T13:51:29.187+0000] {dag.py:3229} INFO - Sync 1 DAGs
[2024-09-11T13:51:29.200+0000] {logging_mixin.py:190} INFO - [2024-09-11T13:51:29.200+0000] {dag.py:4156} INFO - Setting next_dagrun for tutorial to 2024-09-10 00:00:00+00:00, run_after=2024-09-11 00:00:00+00:00
[2024-09-11T13:51:29.210+0000] {processor.py:208} INFO - Processing /home/airflow/.local/lib/python3.12/site-packages/airflow/example_dags/tutorial.py took 0.058 seconds
[2024-09-11T13:51:59.466+0000] {processor.py:186} INFO - Started process (PID=1366) to work on /home/airflow/.local/lib/python3.12/site-packages/airflow/example_dags/tutorial.py
[2024-09-11T13:51:59.469+0000] {processor.py:914} INFO - Processing file /home/airflow/.local/lib/python3.12/site-packages/airflow/example_dags/tutorial.py for tasks to queue
[2024-09-11T13:51:59.471+0000] {logging_mixin.py:190} INFO - [2024-09-11T13:51:59.471+0000] {dagbag.py:587} INFO - Filling up the DagBag from /home/airflow/.local/lib/python3.12/site-packages/airflow/example_dags/tutorial.py
[2024-09-11T13:51:59.477+0000] {processor.py:925} INFO - DAG(s) 'tutorial' retrieved from /home/airflow/.local/lib/python3.12/site-packages/airflow/example_dags/tutorial.py
[2024-09-11T13:51:59.491+0000] {logging_mixin.py:190} INFO - [2024-09-11T13:51:59.491+0000] {dag.py:3229} INFO - Sync 1 DAGs
[2024-09-11T13:51:59.504+0000] {logging_mixin.py:190} INFO - [2024-09-11T13:51:59.504+0000] {dag.py:4156} INFO - Setting next_dagrun for tutorial to 2024-09-10 00:00:00+00:00, run_after=2024-09-11 00:00:00+00:00
[2024-09-11T13:51:59.515+0000] {processor.py:208} INFO - Processing /home/airflow/.local/lib/python3.12/site-packages/airflow/example_dags/tutorial.py took 0.055 seconds
[2024-09-11T13:52:29.620+0000] {processor.py:186} INFO - Started process (PID=1422) to work on /home/airflow/.local/lib/python3.12/site-packages/airflow/example_dags/tutorial.py
[2024-09-11T13:52:29.621+0000] {processor.py:914} INFO - Processing file /home/airflow/.local/lib/python3.12/site-packages/airflow/example_dags/tutorial.py for tasks to queue
[2024-09-11T13:52:29.623+0000] {logging_mixin.py:190} INFO - [2024-09-11T13:52:29.623+0000] {dagbag.py:587} INFO - Filling up the DagBag from /home/airflow/.local/lib/python3.12/site-packages/airflow/example_dags/tutorial.py
[2024-09-11T13:52:29.630+0000] {processor.py:925} INFO - DAG(s) 'tutorial' retrieved from /home/airflow/.local/lib/python3.12/site-packages/airflow/example_dags/tutorial.py
[2024-09-11T13:52:29.643+0000] {logging_mixin.py:190} INFO - [2024-09-11T13:52:29.643+0000] {dag.py:3229} INFO - Sync 1 DAGs
[2024-09-11T13:52:29.656+0000] {logging_mixin.py:190} INFO - [2024-09-11T13:52:29.656+0000] {dag.py:4156} INFO - Setting next_dagrun for tutorial to 2024-09-10 00:00:00+00:00, run_after=2024-09-11 00:00:00+00:00
[2024-09-11T13:52:29.665+0000] {processor.py:208} INFO - Processing /home/airflow/.local/lib/python3.12/site-packages/airflow/example_dags/tutorial.py took 0.051 seconds
[2024-09-11T13:53:00.359+0000] {processor.py:186} INFO - Started process (PID=1478) to work on /home/airflow/.local/lib/python3.12/site-packages/airflow/example_dags/tutorial.py
[2024-09-11T13:53:00.364+0000] {processor.py:914} INFO - Processing file /home/airflow/.local/lib/python3.12/site-packages/airflow/example_dags/tutorial.py for tasks to queue
[2024-09-11T13:53:00.367+0000] {logging_mixin.py:190} INFO - [2024-09-11T13:53:00.366+0000] {dagbag.py:587} INFO - Filling up the DagBag from /home/airflow/.local/lib/python3.12/site-packages/airflow/example_dags/tutorial.py
[2024-09-11T13:53:00.375+0000] {processor.py:925} INFO - DAG(s) 'tutorial' retrieved from /home/airflow/.local/lib/python3.12/site-packages/airflow/example_dags/tutorial.py
[2024-09-11T13:53:00.390+0000] {logging_mixin.py:190} INFO - [2024-09-11T13:53:00.390+0000] {dag.py:3229} INFO - Sync 1 DAGs
[2024-09-11T13:53:00.405+0000] {logging_mixin.py:190} INFO - [2024-09-11T13:53:00.405+0000] {dag.py:4156} INFO - Setting next_dagrun for tutorial to 2024-09-10 00:00:00+00:00, run_after=2024-09-11 00:00:00+00:00
[2024-09-11T13:53:00.414+0000] {processor.py:208} INFO - Processing /home/airflow/.local/lib/python3.12/site-packages/airflow/example_dags/tutorial.py took 0.063 seconds
[2024-09-11T13:53:30.845+0000] {processor.py:186} INFO - Started process (PID=1534) to work on /home/airflow/.local/lib/python3.12/site-packages/airflow/example_dags/tutorial.py
[2024-09-11T13:53:30.849+0000] {processor.py:914} INFO - Processing file /home/airflow/.local/lib/python3.12/site-packages/airflow/example_dags/tutorial.py for tasks to queue
[2024-09-11T13:53:30.852+0000] {logging_mixin.py:190} INFO - [2024-09-11T13:53:30.852+0000] {dagbag.py:587} INFO - Filling up the DagBag from /home/airflow/.local/lib/python3.12/site-packages/airflow/example_dags/tutorial.py
[2024-09-11T13:53:30.862+0000] {processor.py:925} INFO - DAG(s) 'tutorial' retrieved from /home/airflow/.local/lib/python3.12/site-packages/airflow/example_dags/tutorial.py
[2024-09-11T13:53:30.882+0000] {logging_mixin.py:190} INFO - [2024-09-11T13:53:30.881+0000] {dag.py:3229} INFO - Sync 1 DAGs
[2024-09-11T13:53:30.900+0000] {logging_mixin.py:190} INFO - [2024-09-11T13:53:30.900+0000] {dag.py:4156} INFO - Setting next_dagrun for tutorial to 2024-09-10 00:00:00+00:00, run_after=2024-09-11 00:00:00+00:00
[2024-09-11T13:53:30.912+0000] {processor.py:208} INFO - Processing /home/airflow/.local/lib/python3.12/site-packages/airflow/example_dags/tutorial.py took 0.076 seconds
[2024-09-11T13:54:01.501+0000] {processor.py:186} INFO - Started process (PID=1590) to work on /home/airflow/.local/lib/python3.12/site-packages/airflow/example_dags/tutorial.py
[2024-09-11T13:54:01.502+0000] {processor.py:914} INFO - Processing file /home/airflow/.local/lib/python3.12/site-packages/airflow/example_dags/tutorial.py for tasks to queue
[2024-09-11T13:54:01.505+0000] {logging_mixin.py:190} INFO - [2024-09-11T13:54:01.504+0000] {dagbag.py:587} INFO - Filling up the DagBag from /home/airflow/.local/lib/python3.12/site-packages/airflow/example_dags/tutorial.py
[2024-09-11T13:54:01.513+0000] {processor.py:925} INFO - DAG(s) 'tutorial' retrieved from /home/airflow/.local/lib/python3.12/site-packages/airflow/example_dags/tutorial.py
[2024-09-11T13:54:01.528+0000] {logging_mixin.py:190} INFO - [2024-09-11T13:54:01.528+0000] {dag.py:3229} INFO - Sync 1 DAGs
[2024-09-11T13:54:01.542+0000] {logging_mixin.py:190} INFO - [2024-09-11T13:54:01.542+0000] {dag.py:4156} INFO - Setting next_dagrun for tutorial to 2024-09-10 00:00:00+00:00, run_after=2024-09-11 00:00:00+00:00
[2024-09-11T13:54:01.553+0000] {processor.py:208} INFO - Processing /home/airflow/.local/lib/python3.12/site-packages/airflow/example_dags/tutorial.py took 0.059 seconds
[2024-09-11T13:54:31.873+0000] {processor.py:186} INFO - Started process (PID=1646) to work on /home/airflow/.local/lib/python3.12/site-packages/airflow/example_dags/tutorial.py
[2024-09-11T13:54:31.874+0000] {processor.py:914} INFO - Processing file /home/airflow/.local/lib/python3.12/site-packages/airflow/example_dags/tutorial.py for tasks to queue
[2024-09-11T13:54:31.876+0000] {logging_mixin.py:190} INFO - [2024-09-11T13:54:31.876+0000] {dagbag.py:587} INFO - Filling up the DagBag from /home/airflow/.local/lib/python3.12/site-packages/airflow/example_dags/tutorial.py
[2024-09-11T13:54:31.883+0000] {processor.py:925} INFO - DAG(s) 'tutorial' retrieved from /home/airflow/.local/lib/python3.12/site-packages/airflow/example_dags/tutorial.py
[2024-09-11T13:54:31.898+0000] {logging_mixin.py:190} INFO - [2024-09-11T13:54:31.897+0000] {dag.py:3229} INFO - Sync 1 DAGs
[2024-09-11T13:54:31.913+0000] {logging_mixin.py:190} INFO - [2024-09-11T13:54:31.913+0000] {dag.py:4156} INFO - Setting next_dagrun for tutorial to 2024-09-10 00:00:00+00:00, run_after=2024-09-11 00:00:00+00:00
[2024-09-11T13:54:31.922+0000] {processor.py:208} INFO - Processing /home/airflow/.local/lib/python3.12/site-packages/airflow/example_dags/tutorial.py took 0.056 seconds
[2024-09-11T13:55:02.160+0000] {processor.py:186} INFO - Started process (PID=1702) to work on /home/airflow/.local/lib/python3.12/site-packages/airflow/example_dags/tutorial.py
[2024-09-11T13:55:02.161+0000] {processor.py:914} INFO - Processing file /home/airflow/.local/lib/python3.12/site-packages/airflow/example_dags/tutorial.py for tasks to queue
[2024-09-11T13:55:02.163+0000] {logging_mixin.py:190} INFO - [2024-09-11T13:55:02.163+0000] {dagbag.py:587} INFO - Filling up the DagBag from /home/airflow/.local/lib/python3.12/site-packages/airflow/example_dags/tutorial.py
[2024-09-11T13:55:02.170+0000] {processor.py:925} INFO - DAG(s) 'tutorial' retrieved from /home/airflow/.local/lib/python3.12/site-packages/airflow/example_dags/tutorial.py
[2024-09-11T13:55:02.187+0000] {logging_mixin.py:190} INFO - [2024-09-11T13:55:02.186+0000] {dag.py:3229} INFO - Sync 1 DAGs
[2024-09-11T13:55:02.201+0000] {logging_mixin.py:190} INFO - [2024-09-11T13:55:02.201+0000] {dag.py:4156} INFO - Setting next_dagrun for tutorial to 2024-09-10 00:00:00+00:00, run_after=2024-09-11 00:00:00+00:00
[2024-09-11T13:55:02.211+0000] {processor.py:208} INFO - Processing /home/airflow/.local/lib/python3.12/site-packages/airflow/example_dags/tutorial.py took 0.058 seconds
[2024-09-11T13:55:32.520+0000] {processor.py:186} INFO - Started process (PID=1758) to work on /home/airflow/.local/lib/python3.12/site-packages/airflow/example_dags/tutorial.py
[2024-09-11T13:55:32.521+0000] {processor.py:914} INFO - Processing file /home/airflow/.local/lib/python3.12/site-packages/airflow/example_dags/tutorial.py for tasks to queue
[2024-09-11T13:55:32.524+0000] {logging_mixin.py:190} INFO - [2024-09-11T13:55:32.523+0000] {dagbag.py:587} INFO - Filling up the DagBag from /home/airflow/.local/lib/python3.12/site-packages/airflow/example_dags/tutorial.py
[2024-09-11T13:55:32.531+0000] {processor.py:925} INFO - DAG(s) 'tutorial' retrieved from /home/airflow/.local/lib/python3.12/site-packages/airflow/example_dags/tutorial.py
[2024-09-11T13:55:32.546+0000] {logging_mixin.py:190} INFO - [2024-09-11T13:55:32.546+0000] {dag.py:3229} INFO - Sync 1 DAGs
[2024-09-11T13:55:32.561+0000] {logging_mixin.py:190} INFO - [2024-09-11T13:55:32.561+0000] {dag.py:4156} INFO - Setting next_dagrun for tutorial to 2024-09-10 00:00:00+00:00, run_after=2024-09-11 00:00:00+00:00
[2024-09-11T13:55:32.571+0000] {processor.py:208} INFO - Processing /home/airflow/.local/lib/python3.12/site-packages/airflow/example_dags/tutorial.py took 0.057 seconds
[2024-09-11T13:56:02.887+0000] {processor.py:186} INFO - Started process (PID=1814) to work on /home/airflow/.local/lib/python3.12/site-packages/airflow/example_dags/tutorial.py
[2024-09-11T13:56:02.888+0000] {processor.py:914} INFO - Processing file /home/airflow/.local/lib/python3.12/site-packages/airflow/example_dags/tutorial.py for tasks to queue
[2024-09-11T13:56:02.890+0000] {logging_mixin.py:190} INFO - [2024-09-11T13:56:02.890+0000] {dagbag.py:587} INFO - Filling up the DagBag from /home/airflow/.local/lib/python3.12/site-packages/airflow/example_dags/tutorial.py
[2024-09-11T13:56:02.897+0000] {processor.py:925} INFO - DAG(s) 'tutorial' retrieved from /home/airflow/.local/lib/python3.12/site-packages/airflow/example_dags/tutorial.py
[2024-09-11T13:56:02.913+0000] {logging_mixin.py:190} INFO - [2024-09-11T13:56:02.913+0000] {dag.py:3229} INFO - Sync 1 DAGs
[2024-09-11T13:56:02.927+0000] {logging_mixin.py:190} INFO - [2024-09-11T13:56:02.927+0000] {dag.py:4156} INFO - Setting next_dagrun for tutorial to 2024-09-10 00:00:00+00:00, run_after=2024-09-11 00:00:00+00:00
[2024-09-11T13:56:02.937+0000] {processor.py:208} INFO - Processing /home/airflow/.local/lib/python3.12/site-packages/airflow/example_dags/tutorial.py took 0.057 seconds
[2024-09-11T13:56:33.264+0000] {processor.py:186} INFO - Started process (PID=1870) to work on /home/airflow/.local/lib/python3.12/site-packages/airflow/example_dags/tutorial.py
[2024-09-11T13:56:33.265+0000] {processor.py:914} INFO - Processing file /home/airflow/.local/lib/python3.12/site-packages/airflow/example_dags/tutorial.py for tasks to queue
[2024-09-11T13:56:33.267+0000] {logging_mixin.py:190} INFO - [2024-09-11T13:56:33.267+0000] {dagbag.py:587} INFO - Filling up the DagBag from /home/airflow/.local/lib/python3.12/site-packages/airflow/example_dags/tutorial.py
[2024-09-11T13:56:33.274+0000] {processor.py:925} INFO - DAG(s) 'tutorial' retrieved from /home/airflow/.local/lib/python3.12/site-packages/airflow/example_dags/tutorial.py
[2024-09-11T13:56:33.289+0000] {logging_mixin.py:190} INFO - [2024-09-11T13:56:33.289+0000] {dag.py:3229} INFO - Sync 1 DAGs
[2024-09-11T13:56:33.303+0000] {logging_mixin.py:190} INFO - [2024-09-11T13:56:33.303+0000] {dag.py:4156} INFO - Setting next_dagrun for tutorial to 2024-09-10 00:00:00+00:00, run_after=2024-09-11 00:00:00+00:00
[2024-09-11T13:56:33.313+0000] {processor.py:208} INFO - Processing /home/airflow/.local/lib/python3.12/site-packages/airflow/example_dags/tutorial.py took 0.056 seconds
[2024-09-11T13:57:03.587+0000] {processor.py:186} INFO - Started process (PID=1926) to work on /home/airflow/.local/lib/python3.12/site-packages/airflow/example_dags/tutorial.py
[2024-09-11T13:57:03.587+0000] {processor.py:914} INFO - Processing file /home/airflow/.local/lib/python3.12/site-packages/airflow/example_dags/tutorial.py for tasks to queue
[2024-09-11T13:57:03.589+0000] {logging_mixin.py:190} INFO - [2024-09-11T13:57:03.589+0000] {dagbag.py:587} INFO - Filling up the DagBag from /home/airflow/.local/lib/python3.12/site-packages/airflow/example_dags/tutorial.py
[2024-09-11T13:57:03.595+0000] {processor.py:925} INFO - DAG(s) 'tutorial' retrieved from /home/airflow/.local/lib/python3.12/site-packages/airflow/example_dags/tutorial.py
[2024-09-11T13:57:03.612+0000] {logging_mixin.py:190} INFO - [2024-09-11T13:57:03.611+0000] {dag.py:3229} INFO - Sync 1 DAGs
[2024-09-11T13:57:03.626+0000] {logging_mixin.py:190} INFO - [2024-09-11T13:57:03.626+0000] {dag.py:4156} INFO - Setting next_dagrun for tutorial to 2024-09-10 00:00:00+00:00, run_after=2024-09-11 00:00:00+00:00
[2024-09-11T13:57:03.636+0000] {processor.py:208} INFO - Processing /home/airflow/.local/lib/python3.12/site-packages/airflow/example_dags/tutorial.py took 0.055 seconds
[2024-09-11T13:57:33.927+0000] {processor.py:186} INFO - Started process (PID=1982) to work on /home/airflow/.local/lib/python3.12/site-packages/airflow/example_dags/tutorial.py
[2024-09-11T13:57:33.928+0000] {processor.py:914} INFO - Processing file /home/airflow/.local/lib/python3.12/site-packages/airflow/example_dags/tutorial.py for tasks to queue
[2024-09-11T13:57:33.931+0000] {logging_mixin.py:190} INFO - [2024-09-11T13:57:33.930+0000] {dagbag.py:587} INFO - Filling up the DagBag from /home/airflow/.local/lib/python3.12/site-packages/airflow/example_dags/tutorial.py
[2024-09-11T13:57:33.938+0000] {processor.py:925} INFO - DAG(s) 'tutorial' retrieved from /home/airflow/.local/lib/python3.12/site-packages/airflow/example_dags/tutorial.py
[2024-09-11T13:57:33.952+0000] {logging_mixin.py:190} INFO - [2024-09-11T13:57:33.952+0000] {dag.py:3229} INFO - Sync 1 DAGs
[2024-09-11T13:57:33.966+0000] {logging_mixin.py:190} INFO - [2024-09-11T13:57:33.966+0000] {dag.py:4156} INFO - Setting next_dagrun for tutorial to 2024-09-10 00:00:00+00:00, run_after=2024-09-11 00:00:00+00:00
[2024-09-11T13:57:33.975+0000] {processor.py:208} INFO - Processing /home/airflow/.local/lib/python3.12/site-packages/airflow/example_dags/tutorial.py took 0.055 seconds
[2024-09-11T13:58:04.417+0000] {processor.py:186} INFO - Started process (PID=2038) to work on /home/airflow/.local/lib/python3.12/site-packages/airflow/example_dags/tutorial.py
[2024-09-11T13:58:04.421+0000] {processor.py:914} INFO - Processing file /home/airflow/.local/lib/python3.12/site-packages/airflow/example_dags/tutorial.py for tasks to queue
[2024-09-11T13:58:04.426+0000] {logging_mixin.py:190} INFO - [2024-09-11T13:58:04.425+0000] {dagbag.py:587} INFO - Filling up the DagBag from /home/airflow/.local/lib/python3.12/site-packages/airflow/example_dags/tutorial.py
[2024-09-11T13:58:04.438+0000] {processor.py:925} INFO - DAG(s) 'tutorial' retrieved from /home/airflow/.local/lib/python3.12/site-packages/airflow/example_dags/tutorial.py
[2024-09-11T13:58:04.462+0000] {logging_mixin.py:190} INFO - [2024-09-11T13:58:04.462+0000] {dag.py:3229} INFO - Sync 1 DAGs
[2024-09-11T13:58:04.490+0000] {logging_mixin.py:190} INFO - [2024-09-11T13:58:04.490+0000] {dag.py:4156} INFO - Setting next_dagrun for tutorial to 2024-09-10 00:00:00+00:00, run_after=2024-09-11 00:00:00+00:00
[2024-09-11T13:58:04.502+0000] {processor.py:208} INFO - Processing /home/airflow/.local/lib/python3.12/site-packages/airflow/example_dags/tutorial.py took 0.092 seconds
