[2024-09-11T13:40:16.237+0000] {processor.py:186} INFO - Started process (PID=55) to work on /home/airflow/.local/lib/python3.12/site-packages/airflow/example_dags/tutorial_dag.py
[2024-09-11T13:40:16.238+0000] {processor.py:914} INFO - Processing file /home/airflow/.local/lib/python3.12/site-packages/airflow/example_dags/tutorial_dag.py for tasks to queue
[2024-09-11T13:40:16.241+0000] {logging_mixin.py:190} INFO - [2024-09-11T13:40:16.241+0000] {dagbag.py:587} INFO - Filling up the DagBag from /home/airflow/.local/lib/python3.12/site-packages/airflow/example_dags/tutorial_dag.py
[2024-09-11T13:40:16.249+0000] {processor.py:925} INFO - DAG(s) 'tutorial_dag' retrieved from /home/airflow/.local/lib/python3.12/site-packages/airflow/example_dags/tutorial_dag.py
[2024-09-11T13:40:16.350+0000] {logging_mixin.py:190} INFO - [2024-09-11T13:40:16.349+0000] {override.py:1900} INFO - Created Permission View: can read on DAG:tutorial_dag
[2024-09-11T13:40:16.356+0000] {logging_mixin.py:190} INFO - [2024-09-11T13:40:16.356+0000] {override.py:1900} INFO - Created Permission View: can delete on DAG:tutorial_dag
[2024-09-11T13:40:16.361+0000] {logging_mixin.py:190} INFO - [2024-09-11T13:40:16.361+0000] {override.py:1900} INFO - Created Permission View: can edit on DAG:tutorial_dag
[2024-09-11T13:40:16.372+0000] {logging_mixin.py:190} INFO - [2024-09-11T13:40:16.371+0000] {override.py:1900} INFO - Created Permission View: can read on DAG Run:tutorial_dag
[2024-09-11T13:40:16.378+0000] {logging_mixin.py:190} INFO - [2024-09-11T13:40:16.378+0000] {override.py:1900} INFO - Created Permission View: can create on DAG Run:tutorial_dag
[2024-09-11T13:40:16.385+0000] {logging_mixin.py:190} INFO - [2024-09-11T13:40:16.385+0000] {override.py:1900} INFO - Created Permission View: menu access on DAG Run:tutorial_dag
[2024-09-11T13:40:16.393+0000] {logging_mixin.py:190} INFO - [2024-09-11T13:40:16.393+0000] {override.py:1900} INFO - Created Permission View: can delete on DAG Run:tutorial_dag
[2024-09-11T13:40:16.394+0000] {logging_mixin.py:190} INFO - [2024-09-11T13:40:16.394+0000] {dag.py:3229} INFO - Sync 1 DAGs
[2024-09-11T13:40:16.402+0000] {logging_mixin.py:190} INFO - [2024-09-11T13:40:16.402+0000] {dag.py:3252} INFO - Creating ORM DAG for tutorial_dag
[2024-09-11T13:40:16.403+0000] {logging_mixin.py:190} INFO - [2024-09-11T13:40:16.403+0000] {dag.py:4156} INFO - Setting next_dagrun for tutorial_dag to None, run_after=None
[2024-09-11T13:40:16.415+0000] {processor.py:208} INFO - Processing /home/airflow/.local/lib/python3.12/site-packages/airflow/example_dags/tutorial_dag.py took 0.186 seconds
[2024-09-11T13:40:46.554+0000] {processor.py:186} INFO - Started process (PID=111) to work on /home/airflow/.local/lib/python3.12/site-packages/airflow/example_dags/tutorial_dag.py
[2024-09-11T13:40:46.555+0000] {processor.py:914} INFO - Processing file /home/airflow/.local/lib/python3.12/site-packages/airflow/example_dags/tutorial_dag.py for tasks to queue
[2024-09-11T13:40:46.556+0000] {logging_mixin.py:190} INFO - [2024-09-11T13:40:46.556+0000] {dagbag.py:587} INFO - Filling up the DagBag from /home/airflow/.local/lib/python3.12/site-packages/airflow/example_dags/tutorial_dag.py
[2024-09-11T13:40:46.570+0000] {processor.py:925} INFO - DAG(s) 'tutorial_dag' retrieved from /home/airflow/.local/lib/python3.12/site-packages/airflow/example_dags/tutorial_dag.py
[2024-09-11T13:40:46.603+0000] {logging_mixin.py:190} INFO - [2024-09-11T13:40:46.602+0000] {dag.py:3229} INFO - Sync 1 DAGs
[2024-09-11T13:40:46.617+0000] {logging_mixin.py:190} INFO - [2024-09-11T13:40:46.617+0000] {dag.py:4156} INFO - Setting next_dagrun for tutorial_dag to None, run_after=None
[2024-09-11T13:40:46.630+0000] {processor.py:208} INFO - Processing /home/airflow/.local/lib/python3.12/site-packages/airflow/example_dags/tutorial_dag.py took 0.081 seconds
[2024-09-11T13:41:17.243+0000] {processor.py:186} INFO - Started process (PID=167) to work on /home/airflow/.local/lib/python3.12/site-packages/airflow/example_dags/tutorial_dag.py
[2024-09-11T13:41:17.244+0000] {processor.py:914} INFO - Processing file /home/airflow/.local/lib/python3.12/site-packages/airflow/example_dags/tutorial_dag.py for tasks to queue
[2024-09-11T13:41:17.246+0000] {logging_mixin.py:190} INFO - [2024-09-11T13:41:17.246+0000] {dagbag.py:587} INFO - Filling up the DagBag from /home/airflow/.local/lib/python3.12/site-packages/airflow/example_dags/tutorial_dag.py
[2024-09-11T13:41:17.250+0000] {processor.py:925} INFO - DAG(s) 'tutorial_dag' retrieved from /home/airflow/.local/lib/python3.12/site-packages/airflow/example_dags/tutorial_dag.py
[2024-09-11T13:41:17.263+0000] {logging_mixin.py:190} INFO - [2024-09-11T13:41:17.262+0000] {dag.py:3229} INFO - Sync 1 DAGs
[2024-09-11T13:41:17.273+0000] {logging_mixin.py:190} INFO - [2024-09-11T13:41:17.272+0000] {dag.py:4156} INFO - Setting next_dagrun for tutorial_dag to None, run_after=None
[2024-09-11T13:41:17.283+0000] {processor.py:208} INFO - Processing /home/airflow/.local/lib/python3.12/site-packages/airflow/example_dags/tutorial_dag.py took 0.045 seconds
[2024-09-11T13:41:47.578+0000] {processor.py:186} INFO - Started process (PID=223) to work on /home/airflow/.local/lib/python3.12/site-packages/airflow/example_dags/tutorial_dag.py
[2024-09-11T13:41:47.579+0000] {processor.py:914} INFO - Processing file /home/airflow/.local/lib/python3.12/site-packages/airflow/example_dags/tutorial_dag.py for tasks to queue
[2024-09-11T13:41:47.580+0000] {logging_mixin.py:190} INFO - [2024-09-11T13:41:47.580+0000] {dagbag.py:587} INFO - Filling up the DagBag from /home/airflow/.local/lib/python3.12/site-packages/airflow/example_dags/tutorial_dag.py
[2024-09-11T13:41:47.585+0000] {processor.py:925} INFO - DAG(s) 'tutorial_dag' retrieved from /home/airflow/.local/lib/python3.12/site-packages/airflow/example_dags/tutorial_dag.py
[2024-09-11T13:41:47.596+0000] {logging_mixin.py:190} INFO - [2024-09-11T13:41:47.596+0000] {dag.py:3229} INFO - Sync 1 DAGs
[2024-09-11T13:41:47.603+0000] {logging_mixin.py:190} INFO - [2024-09-11T13:41:47.602+0000] {dag.py:4156} INFO - Setting next_dagrun for tutorial_dag to None, run_after=None
[2024-09-11T13:41:47.611+0000] {processor.py:208} INFO - Processing /home/airflow/.local/lib/python3.12/site-packages/airflow/example_dags/tutorial_dag.py took 0.038 seconds
[2024-09-11T13:42:18.091+0000] {processor.py:186} INFO - Started process (PID=279) to work on /home/airflow/.local/lib/python3.12/site-packages/airflow/example_dags/tutorial_dag.py
[2024-09-11T13:42:18.092+0000] {processor.py:914} INFO - Processing file /home/airflow/.local/lib/python3.12/site-packages/airflow/example_dags/tutorial_dag.py for tasks to queue
[2024-09-11T13:42:18.093+0000] {logging_mixin.py:190} INFO - [2024-09-11T13:42:18.093+0000] {dagbag.py:587} INFO - Filling up the DagBag from /home/airflow/.local/lib/python3.12/site-packages/airflow/example_dags/tutorial_dag.py
[2024-09-11T13:42:18.097+0000] {processor.py:925} INFO - DAG(s) 'tutorial_dag' retrieved from /home/airflow/.local/lib/python3.12/site-packages/airflow/example_dags/tutorial_dag.py
[2024-09-11T13:42:18.107+0000] {logging_mixin.py:190} INFO - [2024-09-11T13:42:18.107+0000] {dag.py:3229} INFO - Sync 1 DAGs
[2024-09-11T13:42:18.114+0000] {logging_mixin.py:190} INFO - [2024-09-11T13:42:18.114+0000] {dag.py:4156} INFO - Setting next_dagrun for tutorial_dag to None, run_after=None
[2024-09-11T13:42:18.121+0000] {processor.py:208} INFO - Processing /home/airflow/.local/lib/python3.12/site-packages/airflow/example_dags/tutorial_dag.py took 0.033 seconds
[2024-09-11T13:42:48.224+0000] {processor.py:186} INFO - Started process (PID=335) to work on /home/airflow/.local/lib/python3.12/site-packages/airflow/example_dags/tutorial_dag.py
[2024-09-11T13:42:48.224+0000] {processor.py:914} INFO - Processing file /home/airflow/.local/lib/python3.12/site-packages/airflow/example_dags/tutorial_dag.py for tasks to queue
[2024-09-11T13:42:48.226+0000] {logging_mixin.py:190} INFO - [2024-09-11T13:42:48.226+0000] {dagbag.py:587} INFO - Filling up the DagBag from /home/airflow/.local/lib/python3.12/site-packages/airflow/example_dags/tutorial_dag.py
[2024-09-11T13:42:48.229+0000] {processor.py:925} INFO - DAG(s) 'tutorial_dag' retrieved from /home/airflow/.local/lib/python3.12/site-packages/airflow/example_dags/tutorial_dag.py
[2024-09-11T13:42:48.238+0000] {logging_mixin.py:190} INFO - [2024-09-11T13:42:48.238+0000] {dag.py:3229} INFO - Sync 1 DAGs
[2024-09-11T13:42:48.245+0000] {logging_mixin.py:190} INFO - [2024-09-11T13:42:48.244+0000] {dag.py:4156} INFO - Setting next_dagrun for tutorial_dag to None, run_after=None
[2024-09-11T13:42:48.252+0000] {processor.py:208} INFO - Processing /home/airflow/.local/lib/python3.12/site-packages/airflow/example_dags/tutorial_dag.py took 0.032 seconds
[2024-09-11T13:43:18.512+0000] {processor.py:186} INFO - Started process (PID=391) to work on /home/airflow/.local/lib/python3.12/site-packages/airflow/example_dags/tutorial_dag.py
[2024-09-11T13:43:18.513+0000] {processor.py:914} INFO - Processing file /home/airflow/.local/lib/python3.12/site-packages/airflow/example_dags/tutorial_dag.py for tasks to queue
[2024-09-11T13:43:18.514+0000] {logging_mixin.py:190} INFO - [2024-09-11T13:43:18.514+0000] {dagbag.py:587} INFO - Filling up the DagBag from /home/airflow/.local/lib/python3.12/site-packages/airflow/example_dags/tutorial_dag.py
[2024-09-11T13:43:18.518+0000] {processor.py:925} INFO - DAG(s) 'tutorial_dag' retrieved from /home/airflow/.local/lib/python3.12/site-packages/airflow/example_dags/tutorial_dag.py
[2024-09-11T13:43:18.527+0000] {logging_mixin.py:190} INFO - [2024-09-11T13:43:18.526+0000] {dag.py:3229} INFO - Sync 1 DAGs
[2024-09-11T13:43:18.533+0000] {logging_mixin.py:190} INFO - [2024-09-11T13:43:18.533+0000] {dag.py:4156} INFO - Setting next_dagrun for tutorial_dag to None, run_after=None
[2024-09-11T13:43:18.541+0000] {processor.py:208} INFO - Processing /home/airflow/.local/lib/python3.12/site-packages/airflow/example_dags/tutorial_dag.py took 0.032 seconds
[2024-09-11T13:43:48.691+0000] {processor.py:186} INFO - Started process (PID=447) to work on /home/airflow/.local/lib/python3.12/site-packages/airflow/example_dags/tutorial_dag.py
[2024-09-11T13:43:48.691+0000] {processor.py:914} INFO - Processing file /home/airflow/.local/lib/python3.12/site-packages/airflow/example_dags/tutorial_dag.py for tasks to queue
[2024-09-11T13:43:48.693+0000] {logging_mixin.py:190} INFO - [2024-09-11T13:43:48.693+0000] {dagbag.py:587} INFO - Filling up the DagBag from /home/airflow/.local/lib/python3.12/site-packages/airflow/example_dags/tutorial_dag.py
[2024-09-11T13:43:48.697+0000] {processor.py:925} INFO - DAG(s) 'tutorial_dag' retrieved from /home/airflow/.local/lib/python3.12/site-packages/airflow/example_dags/tutorial_dag.py
[2024-09-11T13:43:48.706+0000] {logging_mixin.py:190} INFO - [2024-09-11T13:43:48.706+0000] {dag.py:3229} INFO - Sync 1 DAGs
[2024-09-11T13:43:48.713+0000] {logging_mixin.py:190} INFO - [2024-09-11T13:43:48.713+0000] {dag.py:4156} INFO - Setting next_dagrun for tutorial_dag to None, run_after=None
[2024-09-11T13:43:48.722+0000] {processor.py:208} INFO - Processing /home/airflow/.local/lib/python3.12/site-packages/airflow/example_dags/tutorial_dag.py took 0.034 seconds
[2024-09-11T13:44:18.955+0000] {processor.py:186} INFO - Started process (PID=503) to work on /home/airflow/.local/lib/python3.12/site-packages/airflow/example_dags/tutorial_dag.py
[2024-09-11T13:44:18.956+0000] {processor.py:914} INFO - Processing file /home/airflow/.local/lib/python3.12/site-packages/airflow/example_dags/tutorial_dag.py for tasks to queue
[2024-09-11T13:44:18.958+0000] {logging_mixin.py:190} INFO - [2024-09-11T13:44:18.958+0000] {dagbag.py:587} INFO - Filling up the DagBag from /home/airflow/.local/lib/python3.12/site-packages/airflow/example_dags/tutorial_dag.py
[2024-09-11T13:44:18.962+0000] {processor.py:925} INFO - DAG(s) 'tutorial_dag' retrieved from /home/airflow/.local/lib/python3.12/site-packages/airflow/example_dags/tutorial_dag.py
[2024-09-11T13:44:18.971+0000] {logging_mixin.py:190} INFO - [2024-09-11T13:44:18.970+0000] {dag.py:3229} INFO - Sync 1 DAGs
[2024-09-11T13:44:18.977+0000] {logging_mixin.py:190} INFO - [2024-09-11T13:44:18.977+0000] {dag.py:4156} INFO - Setting next_dagrun for tutorial_dag to None, run_after=None
[2024-09-11T13:44:18.984+0000] {processor.py:208} INFO - Processing /home/airflow/.local/lib/python3.12/site-packages/airflow/example_dags/tutorial_dag.py took 0.033 seconds
[2024-09-11T13:44:49.290+0000] {processor.py:186} INFO - Started process (PID=559) to work on /home/airflow/.local/lib/python3.12/site-packages/airflow/example_dags/tutorial_dag.py
[2024-09-11T13:44:49.291+0000] {processor.py:914} INFO - Processing file /home/airflow/.local/lib/python3.12/site-packages/airflow/example_dags/tutorial_dag.py for tasks to queue
[2024-09-11T13:44:49.292+0000] {logging_mixin.py:190} INFO - [2024-09-11T13:44:49.292+0000] {dagbag.py:587} INFO - Filling up the DagBag from /home/airflow/.local/lib/python3.12/site-packages/airflow/example_dags/tutorial_dag.py
[2024-09-11T13:44:49.296+0000] {processor.py:925} INFO - DAG(s) 'tutorial_dag' retrieved from /home/airflow/.local/lib/python3.12/site-packages/airflow/example_dags/tutorial_dag.py
[2024-09-11T13:44:49.307+0000] {logging_mixin.py:190} INFO - [2024-09-11T13:44:49.307+0000] {dag.py:3229} INFO - Sync 1 DAGs
[2024-09-11T13:44:49.314+0000] {logging_mixin.py:190} INFO - [2024-09-11T13:44:49.314+0000] {dag.py:4156} INFO - Setting next_dagrun for tutorial_dag to None, run_after=None
[2024-09-11T13:44:49.323+0000] {processor.py:208} INFO - Processing /home/airflow/.local/lib/python3.12/site-packages/airflow/example_dags/tutorial_dag.py took 0.037 seconds
[2024-09-11T13:45:19.473+0000] {processor.py:186} INFO - Started process (PID=615) to work on /home/airflow/.local/lib/python3.12/site-packages/airflow/example_dags/tutorial_dag.py
[2024-09-11T13:45:19.473+0000] {processor.py:914} INFO - Processing file /home/airflow/.local/lib/python3.12/site-packages/airflow/example_dags/tutorial_dag.py for tasks to queue
[2024-09-11T13:45:19.475+0000] {logging_mixin.py:190} INFO - [2024-09-11T13:45:19.474+0000] {dagbag.py:587} INFO - Filling up the DagBag from /home/airflow/.local/lib/python3.12/site-packages/airflow/example_dags/tutorial_dag.py
[2024-09-11T13:45:19.479+0000] {processor.py:925} INFO - DAG(s) 'tutorial_dag' retrieved from /home/airflow/.local/lib/python3.12/site-packages/airflow/example_dags/tutorial_dag.py
[2024-09-11T13:45:19.489+0000] {logging_mixin.py:190} INFO - [2024-09-11T13:45:19.489+0000] {dag.py:3229} INFO - Sync 1 DAGs
[2024-09-11T13:45:19.496+0000] {logging_mixin.py:190} INFO - [2024-09-11T13:45:19.496+0000] {dag.py:4156} INFO - Setting next_dagrun for tutorial_dag to None, run_after=None
[2024-09-11T13:45:19.504+0000] {processor.py:208} INFO - Processing /home/airflow/.local/lib/python3.12/site-packages/airflow/example_dags/tutorial_dag.py took 0.035 seconds
[2024-09-11T13:45:49.652+0000] {processor.py:186} INFO - Started process (PID=671) to work on /home/airflow/.local/lib/python3.12/site-packages/airflow/example_dags/tutorial_dag.py
[2024-09-11T13:45:49.653+0000] {processor.py:914} INFO - Processing file /home/airflow/.local/lib/python3.12/site-packages/airflow/example_dags/tutorial_dag.py for tasks to queue
[2024-09-11T13:45:49.654+0000] {logging_mixin.py:190} INFO - [2024-09-11T13:45:49.654+0000] {dagbag.py:587} INFO - Filling up the DagBag from /home/airflow/.local/lib/python3.12/site-packages/airflow/example_dags/tutorial_dag.py
[2024-09-11T13:45:49.658+0000] {processor.py:925} INFO - DAG(s) 'tutorial_dag' retrieved from /home/airflow/.local/lib/python3.12/site-packages/airflow/example_dags/tutorial_dag.py
[2024-09-11T13:45:49.668+0000] {logging_mixin.py:190} INFO - [2024-09-11T13:45:49.668+0000] {dag.py:3229} INFO - Sync 1 DAGs
[2024-09-11T13:45:49.674+0000] {logging_mixin.py:190} INFO - [2024-09-11T13:45:49.674+0000] {dag.py:4156} INFO - Setting next_dagrun for tutorial_dag to None, run_after=None
[2024-09-11T13:45:49.682+0000] {processor.py:208} INFO - Processing /home/airflow/.local/lib/python3.12/site-packages/airflow/example_dags/tutorial_dag.py took 0.033 seconds
[2024-09-11T13:46:19.836+0000] {processor.py:186} INFO - Started process (PID=727) to work on /home/airflow/.local/lib/python3.12/site-packages/airflow/example_dags/tutorial_dag.py
[2024-09-11T13:46:19.837+0000] {processor.py:914} INFO - Processing file /home/airflow/.local/lib/python3.12/site-packages/airflow/example_dags/tutorial_dag.py for tasks to queue
[2024-09-11T13:46:19.839+0000] {logging_mixin.py:190} INFO - [2024-09-11T13:46:19.839+0000] {dagbag.py:587} INFO - Filling up the DagBag from /home/airflow/.local/lib/python3.12/site-packages/airflow/example_dags/tutorial_dag.py
[2024-09-11T13:46:19.843+0000] {processor.py:925} INFO - DAG(s) 'tutorial_dag' retrieved from /home/airflow/.local/lib/python3.12/site-packages/airflow/example_dags/tutorial_dag.py
[2024-09-11T13:46:19.853+0000] {logging_mixin.py:190} INFO - [2024-09-11T13:46:19.853+0000] {dag.py:3229} INFO - Sync 1 DAGs
[2024-09-11T13:46:19.860+0000] {logging_mixin.py:190} INFO - [2024-09-11T13:46:19.860+0000] {dag.py:4156} INFO - Setting next_dagrun for tutorial_dag to None, run_after=None
[2024-09-11T13:46:19.868+0000] {processor.py:208} INFO - Processing /home/airflow/.local/lib/python3.12/site-packages/airflow/example_dags/tutorial_dag.py took 0.035 seconds
[2024-09-11T13:46:50.188+0000] {processor.py:186} INFO - Started process (PID=783) to work on /home/airflow/.local/lib/python3.12/site-packages/airflow/example_dags/tutorial_dag.py
[2024-09-11T13:46:50.189+0000] {processor.py:914} INFO - Processing file /home/airflow/.local/lib/python3.12/site-packages/airflow/example_dags/tutorial_dag.py for tasks to queue
[2024-09-11T13:46:50.190+0000] {logging_mixin.py:190} INFO - [2024-09-11T13:46:50.190+0000] {dagbag.py:587} INFO - Filling up the DagBag from /home/airflow/.local/lib/python3.12/site-packages/airflow/example_dags/tutorial_dag.py
[2024-09-11T13:46:50.195+0000] {processor.py:925} INFO - DAG(s) 'tutorial_dag' retrieved from /home/airflow/.local/lib/python3.12/site-packages/airflow/example_dags/tutorial_dag.py
[2024-09-11T13:46:50.207+0000] {logging_mixin.py:190} INFO - [2024-09-11T13:46:50.207+0000] {dag.py:3229} INFO - Sync 1 DAGs
[2024-09-11T13:46:50.214+0000] {logging_mixin.py:190} INFO - [2024-09-11T13:46:50.214+0000] {dag.py:4156} INFO - Setting next_dagrun for tutorial_dag to None, run_after=None
[2024-09-11T13:46:50.224+0000] {processor.py:208} INFO - Processing /home/airflow/.local/lib/python3.12/site-packages/airflow/example_dags/tutorial_dag.py took 0.039 seconds
[2024-09-11T13:47:20.288+0000] {processor.py:186} INFO - Started process (PID=839) to work on /home/airflow/.local/lib/python3.12/site-packages/airflow/example_dags/tutorial_dag.py
[2024-09-11T13:47:20.288+0000] {processor.py:914} INFO - Processing file /home/airflow/.local/lib/python3.12/site-packages/airflow/example_dags/tutorial_dag.py for tasks to queue
[2024-09-11T13:47:20.289+0000] {logging_mixin.py:190} INFO - [2024-09-11T13:47:20.289+0000] {dagbag.py:587} INFO - Filling up the DagBag from /home/airflow/.local/lib/python3.12/site-packages/airflow/example_dags/tutorial_dag.py
[2024-09-11T13:47:20.293+0000] {processor.py:925} INFO - DAG(s) 'tutorial_dag' retrieved from /home/airflow/.local/lib/python3.12/site-packages/airflow/example_dags/tutorial_dag.py
[2024-09-11T13:47:20.304+0000] {logging_mixin.py:190} INFO - [2024-09-11T13:47:20.303+0000] {dag.py:3229} INFO - Sync 1 DAGs
[2024-09-11T13:47:20.310+0000] {logging_mixin.py:190} INFO - [2024-09-11T13:47:20.310+0000] {dag.py:4156} INFO - Setting next_dagrun for tutorial_dag to None, run_after=None
[2024-09-11T13:47:20.319+0000] {processor.py:208} INFO - Processing /home/airflow/.local/lib/python3.12/site-packages/airflow/example_dags/tutorial_dag.py took 0.034 seconds
[2024-09-11T13:47:50.595+0000] {processor.py:186} INFO - Started process (PID=895) to work on /home/airflow/.local/lib/python3.12/site-packages/airflow/example_dags/tutorial_dag.py
[2024-09-11T13:47:50.595+0000] {processor.py:914} INFO - Processing file /home/airflow/.local/lib/python3.12/site-packages/airflow/example_dags/tutorial_dag.py for tasks to queue
[2024-09-11T13:47:50.597+0000] {logging_mixin.py:190} INFO - [2024-09-11T13:47:50.596+0000] {dagbag.py:587} INFO - Filling up the DagBag from /home/airflow/.local/lib/python3.12/site-packages/airflow/example_dags/tutorial_dag.py
[2024-09-11T13:47:50.601+0000] {processor.py:925} INFO - DAG(s) 'tutorial_dag' retrieved from /home/airflow/.local/lib/python3.12/site-packages/airflow/example_dags/tutorial_dag.py
[2024-09-11T13:47:50.610+0000] {logging_mixin.py:190} INFO - [2024-09-11T13:47:50.610+0000] {dag.py:3229} INFO - Sync 1 DAGs
[2024-09-11T13:47:50.616+0000] {logging_mixin.py:190} INFO - [2024-09-11T13:47:50.616+0000] {dag.py:4156} INFO - Setting next_dagrun for tutorial_dag to None, run_after=None
[2024-09-11T13:47:50.624+0000] {processor.py:208} INFO - Processing /home/airflow/.local/lib/python3.12/site-packages/airflow/example_dags/tutorial_dag.py took 0.032 seconds
[2024-09-11T13:48:20.817+0000] {processor.py:186} INFO - Started process (PID=951) to work on /home/airflow/.local/lib/python3.12/site-packages/airflow/example_dags/tutorial_dag.py
[2024-09-11T13:48:20.818+0000] {processor.py:914} INFO - Processing file /home/airflow/.local/lib/python3.12/site-packages/airflow/example_dags/tutorial_dag.py for tasks to queue
[2024-09-11T13:48:20.819+0000] {logging_mixin.py:190} INFO - [2024-09-11T13:48:20.819+0000] {dagbag.py:587} INFO - Filling up the DagBag from /home/airflow/.local/lib/python3.12/site-packages/airflow/example_dags/tutorial_dag.py
[2024-09-11T13:48:20.823+0000] {processor.py:925} INFO - DAG(s) 'tutorial_dag' retrieved from /home/airflow/.local/lib/python3.12/site-packages/airflow/example_dags/tutorial_dag.py
[2024-09-11T13:48:20.833+0000] {logging_mixin.py:190} INFO - [2024-09-11T13:48:20.833+0000] {dag.py:3229} INFO - Sync 1 DAGs
[2024-09-11T13:48:20.839+0000] {logging_mixin.py:190} INFO - [2024-09-11T13:48:20.839+0000] {dag.py:4156} INFO - Setting next_dagrun for tutorial_dag to None, run_after=None
[2024-09-11T13:48:20.847+0000] {processor.py:208} INFO - Processing /home/airflow/.local/lib/python3.12/site-packages/airflow/example_dags/tutorial_dag.py took 0.033 seconds
[2024-09-11T13:48:51.066+0000] {processor.py:186} INFO - Started process (PID=1007) to work on /home/airflow/.local/lib/python3.12/site-packages/airflow/example_dags/tutorial_dag.py
[2024-09-11T13:48:51.067+0000] {processor.py:914} INFO - Processing file /home/airflow/.local/lib/python3.12/site-packages/airflow/example_dags/tutorial_dag.py for tasks to queue
[2024-09-11T13:48:51.068+0000] {logging_mixin.py:190} INFO - [2024-09-11T13:48:51.068+0000] {dagbag.py:587} INFO - Filling up the DagBag from /home/airflow/.local/lib/python3.12/site-packages/airflow/example_dags/tutorial_dag.py
[2024-09-11T13:48:51.072+0000] {processor.py:925} INFO - DAG(s) 'tutorial_dag' retrieved from /home/airflow/.local/lib/python3.12/site-packages/airflow/example_dags/tutorial_dag.py
[2024-09-11T13:48:51.081+0000] {logging_mixin.py:190} INFO - [2024-09-11T13:48:51.081+0000] {dag.py:3229} INFO - Sync 1 DAGs
[2024-09-11T13:48:51.087+0000] {logging_mixin.py:190} INFO - [2024-09-11T13:48:51.087+0000] {dag.py:4156} INFO - Setting next_dagrun for tutorial_dag to None, run_after=None
[2024-09-11T13:48:51.095+0000] {processor.py:208} INFO - Processing /home/airflow/.local/lib/python3.12/site-packages/airflow/example_dags/tutorial_dag.py took 0.032 seconds
[2024-09-11T13:49:21.238+0000] {processor.py:186} INFO - Started process (PID=1063) to work on /home/airflow/.local/lib/python3.12/site-packages/airflow/example_dags/tutorial_dag.py
[2024-09-11T13:49:21.239+0000] {processor.py:914} INFO - Processing file /home/airflow/.local/lib/python3.12/site-packages/airflow/example_dags/tutorial_dag.py for tasks to queue
[2024-09-11T13:49:21.240+0000] {logging_mixin.py:190} INFO - [2024-09-11T13:49:21.240+0000] {dagbag.py:587} INFO - Filling up the DagBag from /home/airflow/.local/lib/python3.12/site-packages/airflow/example_dags/tutorial_dag.py
[2024-09-11T13:49:21.244+0000] {processor.py:925} INFO - DAG(s) 'tutorial_dag' retrieved from /home/airflow/.local/lib/python3.12/site-packages/airflow/example_dags/tutorial_dag.py
[2024-09-11T13:49:21.257+0000] {logging_mixin.py:190} INFO - [2024-09-11T13:49:21.257+0000] {dag.py:3229} INFO - Sync 1 DAGs
[2024-09-11T13:49:21.265+0000] {logging_mixin.py:190} INFO - [2024-09-11T13:49:21.265+0000] {dag.py:4156} INFO - Setting next_dagrun for tutorial_dag to None, run_after=None
[2024-09-11T13:49:21.274+0000] {processor.py:208} INFO - Processing /home/airflow/.local/lib/python3.12/site-packages/airflow/example_dags/tutorial_dag.py took 0.039 seconds
[2024-09-11T13:49:51.513+0000] {processor.py:186} INFO - Started process (PID=1119) to work on /home/airflow/.local/lib/python3.12/site-packages/airflow/example_dags/tutorial_dag.py
[2024-09-11T13:49:51.514+0000] {processor.py:914} INFO - Processing file /home/airflow/.local/lib/python3.12/site-packages/airflow/example_dags/tutorial_dag.py for tasks to queue
[2024-09-11T13:49:51.515+0000] {logging_mixin.py:190} INFO - [2024-09-11T13:49:51.515+0000] {dagbag.py:587} INFO - Filling up the DagBag from /home/airflow/.local/lib/python3.12/site-packages/airflow/example_dags/tutorial_dag.py
[2024-09-11T13:49:51.519+0000] {processor.py:925} INFO - DAG(s) 'tutorial_dag' retrieved from /home/airflow/.local/lib/python3.12/site-packages/airflow/example_dags/tutorial_dag.py
[2024-09-11T13:49:51.529+0000] {logging_mixin.py:190} INFO - [2024-09-11T13:49:51.529+0000] {dag.py:3229} INFO - Sync 1 DAGs
[2024-09-11T13:49:51.536+0000] {logging_mixin.py:190} INFO - [2024-09-11T13:49:51.536+0000] {dag.py:4156} INFO - Setting next_dagrun for tutorial_dag to None, run_after=None
[2024-09-11T13:49:51.544+0000] {processor.py:208} INFO - Processing /home/airflow/.local/lib/python3.12/site-packages/airflow/example_dags/tutorial_dag.py took 0.034 seconds
[2024-09-11T13:50:21.839+0000] {processor.py:186} INFO - Started process (PID=1175) to work on /home/airflow/.local/lib/python3.12/site-packages/airflow/example_dags/tutorial_dag.py
[2024-09-11T13:50:21.840+0000] {processor.py:914} INFO - Processing file /home/airflow/.local/lib/python3.12/site-packages/airflow/example_dags/tutorial_dag.py for tasks to queue
[2024-09-11T13:50:21.841+0000] {logging_mixin.py:190} INFO - [2024-09-11T13:50:21.841+0000] {dagbag.py:587} INFO - Filling up the DagBag from /home/airflow/.local/lib/python3.12/site-packages/airflow/example_dags/tutorial_dag.py
[2024-09-11T13:50:21.845+0000] {processor.py:925} INFO - DAG(s) 'tutorial_dag' retrieved from /home/airflow/.local/lib/python3.12/site-packages/airflow/example_dags/tutorial_dag.py
[2024-09-11T13:50:21.855+0000] {logging_mixin.py:190} INFO - [2024-09-11T13:50:21.855+0000] {dag.py:3229} INFO - Sync 1 DAGs
[2024-09-11T13:50:21.862+0000] {logging_mixin.py:190} INFO - [2024-09-11T13:50:21.862+0000] {dag.py:4156} INFO - Setting next_dagrun for tutorial_dag to None, run_after=None
[2024-09-11T13:50:21.869+0000] {processor.py:208} INFO - Processing /home/airflow/.local/lib/python3.12/site-packages/airflow/example_dags/tutorial_dag.py took 0.034 seconds
[2024-09-11T13:50:52.132+0000] {processor.py:186} INFO - Started process (PID=1231) to work on /home/airflow/.local/lib/python3.12/site-packages/airflow/example_dags/tutorial_dag.py
[2024-09-11T13:50:52.132+0000] {processor.py:914} INFO - Processing file /home/airflow/.local/lib/python3.12/site-packages/airflow/example_dags/tutorial_dag.py for tasks to queue
[2024-09-11T13:50:52.134+0000] {logging_mixin.py:190} INFO - [2024-09-11T13:50:52.134+0000] {dagbag.py:587} INFO - Filling up the DagBag from /home/airflow/.local/lib/python3.12/site-packages/airflow/example_dags/tutorial_dag.py
[2024-09-11T13:50:52.138+0000] {processor.py:925} INFO - DAG(s) 'tutorial_dag' retrieved from /home/airflow/.local/lib/python3.12/site-packages/airflow/example_dags/tutorial_dag.py
[2024-09-11T13:50:52.148+0000] {logging_mixin.py:190} INFO - [2024-09-11T13:50:52.147+0000] {dag.py:3229} INFO - Sync 1 DAGs
[2024-09-11T13:50:52.155+0000] {logging_mixin.py:190} INFO - [2024-09-11T13:50:52.155+0000] {dag.py:4156} INFO - Setting next_dagrun for tutorial_dag to None, run_after=None
[2024-09-11T13:50:52.162+0000] {processor.py:208} INFO - Processing /home/airflow/.local/lib/python3.12/site-packages/airflow/example_dags/tutorial_dag.py took 0.033 seconds
[2024-09-11T13:51:22.286+0000] {processor.py:186} INFO - Started process (PID=1287) to work on /home/airflow/.local/lib/python3.12/site-packages/airflow/example_dags/tutorial_dag.py
[2024-09-11T13:51:22.287+0000] {processor.py:914} INFO - Processing file /home/airflow/.local/lib/python3.12/site-packages/airflow/example_dags/tutorial_dag.py for tasks to queue
[2024-09-11T13:51:22.288+0000] {logging_mixin.py:190} INFO - [2024-09-11T13:51:22.288+0000] {dagbag.py:587} INFO - Filling up the DagBag from /home/airflow/.local/lib/python3.12/site-packages/airflow/example_dags/tutorial_dag.py
[2024-09-11T13:51:22.292+0000] {processor.py:925} INFO - DAG(s) 'tutorial_dag' retrieved from /home/airflow/.local/lib/python3.12/site-packages/airflow/example_dags/tutorial_dag.py
[2024-09-11T13:51:22.301+0000] {logging_mixin.py:190} INFO - [2024-09-11T13:51:22.301+0000] {dag.py:3229} INFO - Sync 1 DAGs
[2024-09-11T13:51:22.307+0000] {logging_mixin.py:190} INFO - [2024-09-11T13:51:22.307+0000] {dag.py:4156} INFO - Setting next_dagrun for tutorial_dag to None, run_after=None
[2024-09-11T13:51:22.316+0000] {processor.py:208} INFO - Processing /home/airflow/.local/lib/python3.12/site-packages/airflow/example_dags/tutorial_dag.py took 0.032 seconds
[2024-09-11T13:51:52.474+0000] {processor.py:186} INFO - Started process (PID=1343) to work on /home/airflow/.local/lib/python3.12/site-packages/airflow/example_dags/tutorial_dag.py
[2024-09-11T13:51:52.475+0000] {processor.py:914} INFO - Processing file /home/airflow/.local/lib/python3.12/site-packages/airflow/example_dags/tutorial_dag.py for tasks to queue
[2024-09-11T13:51:52.476+0000] {logging_mixin.py:190} INFO - [2024-09-11T13:51:52.476+0000] {dagbag.py:587} INFO - Filling up the DagBag from /home/airflow/.local/lib/python3.12/site-packages/airflow/example_dags/tutorial_dag.py
[2024-09-11T13:51:52.480+0000] {processor.py:925} INFO - DAG(s) 'tutorial_dag' retrieved from /home/airflow/.local/lib/python3.12/site-packages/airflow/example_dags/tutorial_dag.py
[2024-09-11T13:51:52.490+0000] {logging_mixin.py:190} INFO - [2024-09-11T13:51:52.490+0000] {dag.py:3229} INFO - Sync 1 DAGs
[2024-09-11T13:51:52.497+0000] {logging_mixin.py:190} INFO - [2024-09-11T13:51:52.497+0000] {dag.py:4156} INFO - Setting next_dagrun for tutorial_dag to None, run_after=None
[2024-09-11T13:51:52.505+0000] {processor.py:208} INFO - Processing /home/airflow/.local/lib/python3.12/site-packages/airflow/example_dags/tutorial_dag.py took 0.034 seconds
[2024-09-11T13:52:22.708+0000] {processor.py:186} INFO - Started process (PID=1399) to work on /home/airflow/.local/lib/python3.12/site-packages/airflow/example_dags/tutorial_dag.py
[2024-09-11T13:52:22.709+0000] {processor.py:914} INFO - Processing file /home/airflow/.local/lib/python3.12/site-packages/airflow/example_dags/tutorial_dag.py for tasks to queue
[2024-09-11T13:52:22.710+0000] {logging_mixin.py:190} INFO - [2024-09-11T13:52:22.710+0000] {dagbag.py:587} INFO - Filling up the DagBag from /home/airflow/.local/lib/python3.12/site-packages/airflow/example_dags/tutorial_dag.py
[2024-09-11T13:52:22.715+0000] {processor.py:925} INFO - DAG(s) 'tutorial_dag' retrieved from /home/airflow/.local/lib/python3.12/site-packages/airflow/example_dags/tutorial_dag.py
[2024-09-11T13:52:22.724+0000] {logging_mixin.py:190} INFO - [2024-09-11T13:52:22.724+0000] {dag.py:3229} INFO - Sync 1 DAGs
[2024-09-11T13:52:22.731+0000] {logging_mixin.py:190} INFO - [2024-09-11T13:52:22.731+0000] {dag.py:4156} INFO - Setting next_dagrun for tutorial_dag to None, run_after=None
[2024-09-11T13:52:22.738+0000] {processor.py:208} INFO - Processing /home/airflow/.local/lib/python3.12/site-packages/airflow/example_dags/tutorial_dag.py took 0.033 seconds
[2024-09-11T13:52:53.522+0000] {processor.py:186} INFO - Started process (PID=1455) to work on /home/airflow/.local/lib/python3.12/site-packages/airflow/example_dags/tutorial_dag.py
[2024-09-11T13:52:53.523+0000] {processor.py:914} INFO - Processing file /home/airflow/.local/lib/python3.12/site-packages/airflow/example_dags/tutorial_dag.py for tasks to queue
[2024-09-11T13:52:53.524+0000] {logging_mixin.py:190} INFO - [2024-09-11T13:52:53.524+0000] {dagbag.py:587} INFO - Filling up the DagBag from /home/airflow/.local/lib/python3.12/site-packages/airflow/example_dags/tutorial_dag.py
[2024-09-11T13:52:53.528+0000] {processor.py:925} INFO - DAG(s) 'tutorial_dag' retrieved from /home/airflow/.local/lib/python3.12/site-packages/airflow/example_dags/tutorial_dag.py
[2024-09-11T13:52:53.538+0000] {logging_mixin.py:190} INFO - [2024-09-11T13:52:53.538+0000] {dag.py:3229} INFO - Sync 1 DAGs
[2024-09-11T13:52:53.545+0000] {logging_mixin.py:190} INFO - [2024-09-11T13:52:53.545+0000] {dag.py:4156} INFO - Setting next_dagrun for tutorial_dag to None, run_after=None
[2024-09-11T13:52:53.552+0000] {processor.py:208} INFO - Processing /home/airflow/.local/lib/python3.12/site-packages/airflow/example_dags/tutorial_dag.py took 0.033 seconds
[2024-09-11T13:53:23.977+0000] {processor.py:186} INFO - Started process (PID=1511) to work on /home/airflow/.local/lib/python3.12/site-packages/airflow/example_dags/tutorial_dag.py
[2024-09-11T13:53:23.978+0000] {processor.py:914} INFO - Processing file /home/airflow/.local/lib/python3.12/site-packages/airflow/example_dags/tutorial_dag.py for tasks to queue
[2024-09-11T13:53:23.979+0000] {logging_mixin.py:190} INFO - [2024-09-11T13:53:23.979+0000] {dagbag.py:587} INFO - Filling up the DagBag from /home/airflow/.local/lib/python3.12/site-packages/airflow/example_dags/tutorial_dag.py
[2024-09-11T13:53:23.983+0000] {processor.py:925} INFO - DAG(s) 'tutorial_dag' retrieved from /home/airflow/.local/lib/python3.12/site-packages/airflow/example_dags/tutorial_dag.py
[2024-09-11T13:53:23.993+0000] {logging_mixin.py:190} INFO - [2024-09-11T13:53:23.993+0000] {dag.py:3229} INFO - Sync 1 DAGs
[2024-09-11T13:53:23.999+0000] {logging_mixin.py:190} INFO - [2024-09-11T13:53:23.999+0000] {dag.py:4156} INFO - Setting next_dagrun for tutorial_dag to None, run_after=None
[2024-09-11T13:53:24.008+0000] {processor.py:208} INFO - Processing /home/airflow/.local/lib/python3.12/site-packages/airflow/example_dags/tutorial_dag.py took 0.033 seconds
[2024-09-11T13:53:54.653+0000] {processor.py:186} INFO - Started process (PID=1567) to work on /home/airflow/.local/lib/python3.12/site-packages/airflow/example_dags/tutorial_dag.py
[2024-09-11T13:53:54.654+0000] {processor.py:914} INFO - Processing file /home/airflow/.local/lib/python3.12/site-packages/airflow/example_dags/tutorial_dag.py for tasks to queue
[2024-09-11T13:53:54.659+0000] {logging_mixin.py:190} INFO - [2024-09-11T13:53:54.658+0000] {dagbag.py:587} INFO - Filling up the DagBag from /home/airflow/.local/lib/python3.12/site-packages/airflow/example_dags/tutorial_dag.py
[2024-09-11T13:53:54.667+0000] {processor.py:925} INFO - DAG(s) 'tutorial_dag' retrieved from /home/airflow/.local/lib/python3.12/site-packages/airflow/example_dags/tutorial_dag.py
[2024-09-11T13:53:54.677+0000] {logging_mixin.py:190} INFO - [2024-09-11T13:53:54.677+0000] {dag.py:3229} INFO - Sync 1 DAGs
[2024-09-11T13:53:54.684+0000] {logging_mixin.py:190} INFO - [2024-09-11T13:53:54.684+0000] {dag.py:4156} INFO - Setting next_dagrun for tutorial_dag to None, run_after=None
[2024-09-11T13:53:54.692+0000] {processor.py:208} INFO - Processing /home/airflow/.local/lib/python3.12/site-packages/airflow/example_dags/tutorial_dag.py took 0.050 seconds
[2024-09-11T13:54:24.987+0000] {processor.py:186} INFO - Started process (PID=1623) to work on /home/airflow/.local/lib/python3.12/site-packages/airflow/example_dags/tutorial_dag.py
[2024-09-11T13:54:24.987+0000] {processor.py:914} INFO - Processing file /home/airflow/.local/lib/python3.12/site-packages/airflow/example_dags/tutorial_dag.py for tasks to queue
[2024-09-11T13:54:24.989+0000] {logging_mixin.py:190} INFO - [2024-09-11T13:54:24.989+0000] {dagbag.py:587} INFO - Filling up the DagBag from /home/airflow/.local/lib/python3.12/site-packages/airflow/example_dags/tutorial_dag.py
[2024-09-11T13:54:24.993+0000] {processor.py:925} INFO - DAG(s) 'tutorial_dag' retrieved from /home/airflow/.local/lib/python3.12/site-packages/airflow/example_dags/tutorial_dag.py
[2024-09-11T13:54:25.002+0000] {logging_mixin.py:190} INFO - [2024-09-11T13:54:25.002+0000] {dag.py:3229} INFO - Sync 1 DAGs
[2024-09-11T13:54:25.009+0000] {logging_mixin.py:190} INFO - [2024-09-11T13:54:25.009+0000] {dag.py:4156} INFO - Setting next_dagrun for tutorial_dag to None, run_after=None
[2024-09-11T13:54:25.017+0000] {processor.py:208} INFO - Processing /home/airflow/.local/lib/python3.12/site-packages/airflow/example_dags/tutorial_dag.py took 0.033 seconds
[2024-09-11T13:54:55.332+0000] {processor.py:186} INFO - Started process (PID=1679) to work on /home/airflow/.local/lib/python3.12/site-packages/airflow/example_dags/tutorial_dag.py
[2024-09-11T13:54:55.333+0000] {processor.py:914} INFO - Processing file /home/airflow/.local/lib/python3.12/site-packages/airflow/example_dags/tutorial_dag.py for tasks to queue
[2024-09-11T13:54:55.335+0000] {logging_mixin.py:190} INFO - [2024-09-11T13:54:55.335+0000] {dagbag.py:587} INFO - Filling up the DagBag from /home/airflow/.local/lib/python3.12/site-packages/airflow/example_dags/tutorial_dag.py
[2024-09-11T13:54:55.339+0000] {processor.py:925} INFO - DAG(s) 'tutorial_dag' retrieved from /home/airflow/.local/lib/python3.12/site-packages/airflow/example_dags/tutorial_dag.py
[2024-09-11T13:54:55.350+0000] {logging_mixin.py:190} INFO - [2024-09-11T13:54:55.350+0000] {dag.py:3229} INFO - Sync 1 DAGs
[2024-09-11T13:54:55.361+0000] {logging_mixin.py:190} INFO - [2024-09-11T13:54:55.361+0000] {dag.py:4156} INFO - Setting next_dagrun for tutorial_dag to None, run_after=None
[2024-09-11T13:54:55.375+0000] {processor.py:208} INFO - Processing /home/airflow/.local/lib/python3.12/site-packages/airflow/example_dags/tutorial_dag.py took 0.045 seconds
[2024-09-11T13:55:25.706+0000] {processor.py:186} INFO - Started process (PID=1735) to work on /home/airflow/.local/lib/python3.12/site-packages/airflow/example_dags/tutorial_dag.py
[2024-09-11T13:55:25.707+0000] {processor.py:914} INFO - Processing file /home/airflow/.local/lib/python3.12/site-packages/airflow/example_dags/tutorial_dag.py for tasks to queue
[2024-09-11T13:55:25.708+0000] {logging_mixin.py:190} INFO - [2024-09-11T13:55:25.708+0000] {dagbag.py:587} INFO - Filling up the DagBag from /home/airflow/.local/lib/python3.12/site-packages/airflow/example_dags/tutorial_dag.py
[2024-09-11T13:55:25.712+0000] {processor.py:925} INFO - DAG(s) 'tutorial_dag' retrieved from /home/airflow/.local/lib/python3.12/site-packages/airflow/example_dags/tutorial_dag.py
[2024-09-11T13:55:25.723+0000] {logging_mixin.py:190} INFO - [2024-09-11T13:55:25.722+0000] {dag.py:3229} INFO - Sync 1 DAGs
[2024-09-11T13:55:25.730+0000] {logging_mixin.py:190} INFO - [2024-09-11T13:55:25.730+0000] {dag.py:4156} INFO - Setting next_dagrun for tutorial_dag to None, run_after=None
[2024-09-11T13:55:25.739+0000] {processor.py:208} INFO - Processing /home/airflow/.local/lib/python3.12/site-packages/airflow/example_dags/tutorial_dag.py took 0.036 seconds
[2024-09-11T13:55:56.038+0000] {processor.py:186} INFO - Started process (PID=1791) to work on /home/airflow/.local/lib/python3.12/site-packages/airflow/example_dags/tutorial_dag.py
[2024-09-11T13:55:56.038+0000] {processor.py:914} INFO - Processing file /home/airflow/.local/lib/python3.12/site-packages/airflow/example_dags/tutorial_dag.py for tasks to queue
[2024-09-11T13:55:56.040+0000] {logging_mixin.py:190} INFO - [2024-09-11T13:55:56.040+0000] {dagbag.py:587} INFO - Filling up the DagBag from /home/airflow/.local/lib/python3.12/site-packages/airflow/example_dags/tutorial_dag.py
[2024-09-11T13:55:56.043+0000] {processor.py:925} INFO - DAG(s) 'tutorial_dag' retrieved from /home/airflow/.local/lib/python3.12/site-packages/airflow/example_dags/tutorial_dag.py
[2024-09-11T13:55:56.053+0000] {logging_mixin.py:190} INFO - [2024-09-11T13:55:56.053+0000] {dag.py:3229} INFO - Sync 1 DAGs
[2024-09-11T13:55:56.060+0000] {logging_mixin.py:190} INFO - [2024-09-11T13:55:56.060+0000] {dag.py:4156} INFO - Setting next_dagrun for tutorial_dag to None, run_after=None
[2024-09-11T13:55:56.068+0000] {processor.py:208} INFO - Processing /home/airflow/.local/lib/python3.12/site-packages/airflow/example_dags/tutorial_dag.py took 0.034 seconds
[2024-09-11T13:56:26.386+0000] {processor.py:186} INFO - Started process (PID=1847) to work on /home/airflow/.local/lib/python3.12/site-packages/airflow/example_dags/tutorial_dag.py
[2024-09-11T13:56:26.387+0000] {processor.py:914} INFO - Processing file /home/airflow/.local/lib/python3.12/site-packages/airflow/example_dags/tutorial_dag.py for tasks to queue
[2024-09-11T13:56:26.388+0000] {logging_mixin.py:190} INFO - [2024-09-11T13:56:26.388+0000] {dagbag.py:587} INFO - Filling up the DagBag from /home/airflow/.local/lib/python3.12/site-packages/airflow/example_dags/tutorial_dag.py
[2024-09-11T13:56:26.392+0000] {processor.py:925} INFO - DAG(s) 'tutorial_dag' retrieved from /home/airflow/.local/lib/python3.12/site-packages/airflow/example_dags/tutorial_dag.py
[2024-09-11T13:56:26.402+0000] {logging_mixin.py:190} INFO - [2024-09-11T13:56:26.402+0000] {dag.py:3229} INFO - Sync 1 DAGs
[2024-09-11T13:56:26.408+0000] {logging_mixin.py:190} INFO - [2024-09-11T13:56:26.408+0000] {dag.py:4156} INFO - Setting next_dagrun for tutorial_dag to None, run_after=None
[2024-09-11T13:56:26.417+0000] {processor.py:208} INFO - Processing /home/airflow/.local/lib/python3.12/site-packages/airflow/example_dags/tutorial_dag.py took 0.033 seconds
[2024-09-11T13:56:56.743+0000] {processor.py:186} INFO - Started process (PID=1902) to work on /home/airflow/.local/lib/python3.12/site-packages/airflow/example_dags/tutorial_dag.py
[2024-09-11T13:56:56.744+0000] {processor.py:914} INFO - Processing file /home/airflow/.local/lib/python3.12/site-packages/airflow/example_dags/tutorial_dag.py for tasks to queue
[2024-09-11T13:56:56.745+0000] {logging_mixin.py:190} INFO - [2024-09-11T13:56:56.745+0000] {dagbag.py:587} INFO - Filling up the DagBag from /home/airflow/.local/lib/python3.12/site-packages/airflow/example_dags/tutorial_dag.py
[2024-09-11T13:56:56.749+0000] {processor.py:925} INFO - DAG(s) 'tutorial_dag' retrieved from /home/airflow/.local/lib/python3.12/site-packages/airflow/example_dags/tutorial_dag.py
[2024-09-11T13:56:56.758+0000] {logging_mixin.py:190} INFO - [2024-09-11T13:56:56.757+0000] {dag.py:3229} INFO - Sync 1 DAGs
[2024-09-11T13:56:56.767+0000] {logging_mixin.py:190} INFO - [2024-09-11T13:56:56.767+0000] {dag.py:4156} INFO - Setting next_dagrun for tutorial_dag to None, run_after=None
[2024-09-11T13:56:56.775+0000] {processor.py:208} INFO - Processing /home/airflow/.local/lib/python3.12/site-packages/airflow/example_dags/tutorial_dag.py took 0.035 seconds
[2024-09-11T13:57:27.103+0000] {processor.py:186} INFO - Started process (PID=1958) to work on /home/airflow/.local/lib/python3.12/site-packages/airflow/example_dags/tutorial_dag.py
[2024-09-11T13:57:27.103+0000] {processor.py:914} INFO - Processing file /home/airflow/.local/lib/python3.12/site-packages/airflow/example_dags/tutorial_dag.py for tasks to queue
[2024-09-11T13:57:27.104+0000] {logging_mixin.py:190} INFO - [2024-09-11T13:57:27.104+0000] {dagbag.py:587} INFO - Filling up the DagBag from /home/airflow/.local/lib/python3.12/site-packages/airflow/example_dags/tutorial_dag.py
[2024-09-11T13:57:27.108+0000] {processor.py:925} INFO - DAG(s) 'tutorial_dag' retrieved from /home/airflow/.local/lib/python3.12/site-packages/airflow/example_dags/tutorial_dag.py
[2024-09-11T13:57:27.117+0000] {logging_mixin.py:190} INFO - [2024-09-11T13:57:27.117+0000] {dag.py:3229} INFO - Sync 1 DAGs
[2024-09-11T13:57:27.123+0000] {logging_mixin.py:190} INFO - [2024-09-11T13:57:27.123+0000] {dag.py:4156} INFO - Setting next_dagrun for tutorial_dag to None, run_after=None
[2024-09-11T13:57:27.131+0000] {processor.py:208} INFO - Processing /home/airflow/.local/lib/python3.12/site-packages/airflow/example_dags/tutorial_dag.py took 0.031 seconds
[2024-09-11T13:57:57.544+0000] {processor.py:186} INFO - Started process (PID=2014) to work on /home/airflow/.local/lib/python3.12/site-packages/airflow/example_dags/tutorial_dag.py
[2024-09-11T13:57:57.544+0000] {processor.py:914} INFO - Processing file /home/airflow/.local/lib/python3.12/site-packages/airflow/example_dags/tutorial_dag.py for tasks to queue
[2024-09-11T13:57:57.545+0000] {logging_mixin.py:190} INFO - [2024-09-11T13:57:57.545+0000] {dagbag.py:587} INFO - Filling up the DagBag from /home/airflow/.local/lib/python3.12/site-packages/airflow/example_dags/tutorial_dag.py
[2024-09-11T13:57:57.549+0000] {processor.py:925} INFO - DAG(s) 'tutorial_dag' retrieved from /home/airflow/.local/lib/python3.12/site-packages/airflow/example_dags/tutorial_dag.py
[2024-09-11T13:57:57.559+0000] {logging_mixin.py:190} INFO - [2024-09-11T13:57:57.559+0000] {dag.py:3229} INFO - Sync 1 DAGs
[2024-09-11T13:57:57.565+0000] {logging_mixin.py:190} INFO - [2024-09-11T13:57:57.565+0000] {dag.py:4156} INFO - Setting next_dagrun for tutorial_dag to None, run_after=None
[2024-09-11T13:57:57.573+0000] {processor.py:208} INFO - Processing /home/airflow/.local/lib/python3.12/site-packages/airflow/example_dags/tutorial_dag.py took 0.032 seconds
[2024-09-11T13:58:28.131+0000] {processor.py:186} INFO - Started process (PID=2070) to work on /home/airflow/.local/lib/python3.12/site-packages/airflow/example_dags/tutorial_dag.py
[2024-09-11T13:58:28.134+0000] {processor.py:914} INFO - Processing file /home/airflow/.local/lib/python3.12/site-packages/airflow/example_dags/tutorial_dag.py for tasks to queue
[2024-09-11T13:58:28.136+0000] {logging_mixin.py:190} INFO - [2024-09-11T13:58:28.136+0000] {dagbag.py:587} INFO - Filling up the DagBag from /home/airflow/.local/lib/python3.12/site-packages/airflow/example_dags/tutorial_dag.py
[2024-09-11T13:58:28.143+0000] {processor.py:925} INFO - DAG(s) 'tutorial_dag' retrieved from /home/airflow/.local/lib/python3.12/site-packages/airflow/example_dags/tutorial_dag.py
[2024-09-11T13:58:28.154+0000] {logging_mixin.py:190} INFO - [2024-09-11T13:58:28.154+0000] {dag.py:3229} INFO - Sync 1 DAGs
[2024-09-11T13:58:28.162+0000] {logging_mixin.py:190} INFO - [2024-09-11T13:58:28.162+0000] {dag.py:4156} INFO - Setting next_dagrun for tutorial_dag to None, run_after=None
[2024-09-11T13:58:28.172+0000] {processor.py:208} INFO - Processing /home/airflow/.local/lib/python3.12/site-packages/airflow/example_dags/tutorial_dag.py took 0.046 seconds
